2016-07-09 09:09:28 trace :
------------
String:
<xml><ToUserName><![CDATA[gh_0eab716966d4]]></ToUserName>
<FromUserName><![CDATA[oSoVuwHj7BNYAqppgsiSRuxRtCL0]]></FromUserName>
<CreateTime>1468026568</CreateTime>
<MsgType><![CDATA[event]]></MsgType>
<Event><![CDATA[subscribe]]></Event>
<EventKey><![CDATA[]]></EventKey>
</xml>

2016-07-09 09:09:28 params :
------------
Array:
rule : -2 ;
module :  ;
message : Array ;

2016-07-09 09:09:28 response :
------------

2016-07-09 09:09:31 trace :
------------
String:
<xml><ToUserName><![CDATA[gh_0eab716966d4]]></ToUserName>
<FromUserName><![CDATA[oSoVuwHj7BNYAqppgsiSRuxRtCL0]]></FromUserName>
<CreateTime>1468026571</CreateTime>
<MsgType><![CDATA[event]]></MsgType>
<Event><![CDATA[VIEW]]></Event>
<EventKey><![CDATA[http://www.9kpu.com/app/index.php?i=28&c=home&]]></EventKey>
<MenuId>414492131</MenuId>
</xml>

2016-07-09 09:09:31 params :
------------
Array:
rule : -2 ;
module :  ;
message : Array ;

2016-07-09 09:09:31 response :
------------

2016-07-09 09:10:43 trace :
------------
String:
<xml><ToUserName><![CDATA[gh_0eab716966d4]]></ToUserName>
<FromUserName><![CDATA[oSoVuwHj7BNYAqppgsiSRuxRtCL0]]></FromUserName>
<CreateTime>1468026643</CreateTime>
<MsgType><![CDATA[event]]></MsgType>
<Event><![CDATA[VIEW]]></Event>
<EventKey><![CDATA[http://www.9kpu.com/app/index.php?i=28&c=home&]]></EventKey>
<MenuId>414492131</MenuId>
</xml>

2016-07-09 09:10:43 params :
------------
Array:
rule : -2 ;
module :  ;
message : Array ;

2016-07-09 09:10:43 response :
------------

2016-07-09 09:11:34 trace :
------------
String:
<xml><ToUserName><![CDATA[gh_0eab716966d4]]></ToUserName>
<FromUserName><![CDATA[oSoVuwHj7BNYAqppgsiSRuxRtCL0]]></FromUserName>
<CreateTime>1468026694</CreateTime>
<MsgType><![CDATA[event]]></MsgType>
<Event><![CDATA[VIEW]]></Event>
<EventKey><![CDATA[http://www.9kpu.com/app/index.php?i=28&c=entry&eid=1]]></EventKey>
<MenuId>414492131</MenuId>
</xml>

2016-07-09 09:11:34 params :
------------
Array:
rule : -2 ;
module :  ;
message : Array ;

2016-07-09 09:11:34 response :
------------

2016-07-09 09:11:50 trace :
------------
String:
<xml><ToUserName><![CDATA[gh_0eab716966d4]]></ToUserName>
<FromUserName><![CDATA[oSoVuwAs7fdAXEHg9stQ15qGLlAg]]></FromUserName>
<CreateTime>1468026710</CreateTime>
<MsgType><![CDATA[event]]></MsgType>
<Event><![CDATA[subscribe]]></Event>
<EventKey><![CDATA[]]></EventKey>
</xml>

2016-07-09 09:11:50 params :
------------
Array:
rule : -2 ;
module :  ;
message : Array ;

2016-07-09 09:11:50 response :
------------

2016-07-09 09:11:55 trace :
------------
String:
<xml><ToUserName><![CDATA[gh_0eab716966d4]]></ToUserName>
<FromUserName><![CDATA[oSoVuwAs7fdAXEHg9stQ15qGLlAg]]></FromUserName>
<CreateTime>1468026715</CreateTime>
<MsgType><![CDATA[event]]></MsgType>
<Event><![CDATA[VIEW]]></Event>
<EventKey><![CDATA[http://www.9kpu.com/app/index.php?i=28&c=home&]]></EventKey>
<MenuId>414492131</MenuId>
</xml>

2016-07-09 09:11:55 params :
------------
Array:
rule : -2 ;
module :  ;
message : Array ;

2016-07-09 09:11:55 response :
------------

2016-07-09 09:11:56 trace :
------------
String:
<xml><ToUserName><![CDATA[gh_0eab716966d4]]></ToUserName>
<FromUserName><![CDATA[oSoVuwHj7BNYAqppgsiSRuxRtCL0]]></FromUserName>
<CreateTime>1468026716</CreateTime>
<MsgType><![CDATA[event]]></MsgType>
<Event><![CDATA[VIEW]]></Event>
<EventKey><![CDATA[http://www.9kpu.com/app/index.php?i=28&c=home&]]></EventKey>
<MenuId>414492131</MenuId>
</xml>

2016-07-09 09:11:56 params :
------------
Array:
rule : -2 ;
module :  ;
message : Array ;

2016-07-09 09:11:56 response :
------------

2016-07-09 09:17:58 trace :
------------
String:
<xml><ToUserName><![CDATA[gh_0eab716966d4]]></ToUserName>
<FromUserName><![CDATA[oSoVuwHj7BNYAqppgsiSRuxRtCL0]]></FromUserName>
<CreateTime>1468027078</CreateTime>
<MsgType><![CDATA[event]]></MsgType>
<Event><![CDATA[VIEW]]></Event>
<EventKey><![CDATA[http://www.9kpu.com/app/index.php?i=28&c=home&]]></EventKey>
<MenuId>414492131</MenuId>
</xml>

2016-07-09 09:17:58 params :
------------
Array:
rule : -2 ;
module :  ;
message : Array ;

2016-07-09 09:17:58 response :
------------

2016-07-09 09:48:06 trace :
------------
String:
<xml><ToUserName><![CDATA[gh_0eab716966d4]]></ToUserName>
<FromUserName><![CDATA[oSoVuwE3fDXXhWxP1Cgm975v5sQs]]></FromUserName>
<CreateTime>1468028886</CreateTime>
<MsgType><![CDATA[event]]></MsgType>
<Event><![CDATA[subscribe]]></Event>
<EventKey><![CDATA[]]></EventKey>
</xml>

2016-07-09 09:48:06 params :
------------
Array:
rule : -2 ;
module :  ;
message : Array ;

2016-07-09 09:48:06 response :
------------

2016-07-09 09:48:07 trace :
------------
String:
<xml><ToUserName><![CDATA[gh_0eab716966d4]]></ToUserName>
<FromUserName><![CDATA[oSoVuwKAqZ3NpyQI2ABLtrck9Dns]]></FromUserName>
<CreateTime>1468028887</CreateTime>
<MsgType><![CDATA[event]]></MsgType>
<Event><![CDATA[subscribe]]></Event>
<EventKey><![CDATA[]]></EventKey>
</xml>

2016-07-09 09:48:07 params :
------------
Array:
rule : -2 ;
module :  ;
message : Array ;

2016-07-09 09:48:07 response :
------------

2016-07-09 09:48:08 trace :
------------
String:
<xml><ToUserName><![CDATA[gh_0eab716966d4]]></ToUserName>
<FromUserName><![CDATA[oSoVuwHvTzfikJPbSEpB1vHK2FJA]]></FromUserName>
<CreateTime>1468028888</CreateTime>
<MsgType><![CDATA[event]]></MsgType>
<Event><![CDATA[subscribe]]></Event>
<EventKey><![CDATA[]]></EventKey>
</xml>

2016-07-09 09:48:08 params :
------------
Array:
rule : -2 ;
module :  ;
message : Array ;

2016-07-09 09:48:08 response :
------------

2016-07-09 09:48:10 trace :
------------
String:
<xml><ToUserName><![CDATA[gh_0eab716966d4]]></ToUserName>
<FromUserName><![CDATA[oSoVuwMINXCofPsQVDolhx_HseWs]]></FromUserName>
<CreateTime>1468028890</CreateTime>
<MsgType><![CDATA[event]]></MsgType>
<Event><![CDATA[subscribe]]></Event>
<EventKey><![CDATA[]]></EventKey>
</xml>

2016-07-09 09:48:10 params :
------------
Array:
rule : -2 ;
module :  ;
message : Array ;

2016-07-09 09:48:10 response :
------------

2016-07-09 09:48:17 trace :
------------
String:
<xml><ToUserName><![CDATA[gh_0eab716966d4]]></ToUserName>
<FromUserName><![CDATA[oSoVuwDW25BWZgiiXq6L1HGtcU9E]]></FromUserName>
<CreateTime>1468028897</CreateTime>
<MsgType><![CDATA[event]]></MsgType>
<Event><![CDATA[subscribe]]></Event>
<EventKey><![CDATA[]]></EventKey>
</xml>

2016-07-09 09:48:17 params :
------------
Array:
rule : -2 ;
module :  ;
message : Array ;

2016-07-09 09:48:17 response :
------------

2016-07-09 09:48:37 trace :
------------
String:
<xml><ToUserName><![CDATA[gh_0eab716966d4]]></ToUserName>
<FromUserName><![CDATA[oSoVuwHj7BNYAqppgsiSRuxRtCL0]]></FromUserName>
<CreateTime>1468028917</CreateTime>
<MsgType><![CDATA[event]]></MsgType>
<Event><![CDATA[VIEW]]></Event>
<EventKey><![CDATA[http://www.9kpu.com/app/index.php?i=28&c=home&]]></EventKey>
<MenuId>414492131</MenuId>
</xml>

2016-07-09 09:48:37 params :
------------
Array:
rule : -2 ;
module :  ;
message : Array ;

2016-07-09 09:48:37 response :
------------

2016-07-09 09:48:42 trace :
------------
String:
<xml><ToUserName><![CDATA[gh_0eab716966d4]]></ToUserName>
<FromUserName><![CDATA[oSoVuwE3fDXXhWxP1Cgm975v5sQs]]></FromUserName>
<CreateTime>1468028922</CreateTime>
<MsgType><![CDATA[event]]></MsgType>
<Event><![CDATA[VIEW]]></Event>
<EventKey><![CDATA[http://www.9kpu.com/app/index.php?i=28&c=home&]]></EventKey>
<MenuId>414492131</MenuId>
</xml>

2016-07-09 09:48:42 params :
------------
Array:
rule : -2 ;
module :  ;
message : Array ;

2016-07-09 09:48:42 response :
------------

2016-07-09 09:48:55 trace :
------------
String:
<xml><ToUserName><![CDATA[gh_0eab716966d4]]></ToUserName>
<FromUserName><![CDATA[oSoVuwDW25BWZgiiXq6L1HGtcU9E]]></FromUserName>
<CreateTime>1468028935</CreateTime>
<MsgType><![CDATA[event]]></MsgType>
<Event><![CDATA[VIEW]]></Event>
<EventKey><![CDATA[http://www.9kpu.com/app/index.php?i=28&c=entry&eid=1]]></EventKey>
<MenuId>414492131</MenuId>
</xml>

2016-07-09 09:48:55 params :
------------
Array:
rule : -2 ;
module :  ;
message : Array ;

2016-07-09 09:48:55 response :
------------

2016-07-09 09:49:09 trace :
------------
String:
<xml><ToUserName><![CDATA[gh_0eab716966d4]]></ToUserName>
<FromUserName><![CDATA[oSoVuwHvTzfikJPbSEpB1vHK2FJA]]></FromUserName>
<CreateTime>1468028949</CreateTime>
<MsgType><![CDATA[event]]></MsgType>
<Event><![CDATA[VIEW]]></Event>
<EventKey><![CDATA[http://www.9kpu.com/app/index.php?i=28&c=home&]]></EventKey>
<MenuId>414492131</MenuId>
</xml>

2016-07-09 09:49:09 params :
------------
Array:
rule : -2 ;
module :  ;
message : Array ;

2016-07-09 09:49:09 response :
------------

2016-07-09 09:49:14 trace :
------------
String:
<xml><ToUserName><![CDATA[gh_0eab716966d4]]></ToUserName>
<FromUserName><![CDATA[oSoVuwHvTzfikJPbSEpB1vHK2FJA]]></FromUserName>
<CreateTime>1468028954</CreateTime>
<MsgType><![CDATA[event]]></MsgType>
<Event><![CDATA[VIEW]]></Event>
<EventKey><![CDATA[http://www.9kpu.com/app/index.php?i=28&c=entry&eid=1]]></EventKey>
<MenuId>414492131</MenuId>
</xml>

2016-07-09 09:49:14 params :
------------
Array:
rule : -2 ;
module :  ;
message : Array ;

2016-07-09 09:49:14 response :
------------

2016-07-09 09:49:20 trace :
------------
String:
<xml><ToUserName><![CDATA[gh_0eab716966d4]]></ToUserName>
<FromUserName><![CDATA[oSoVuwDW25BWZgiiXq6L1HGtcU9E]]></FromUserName>
<CreateTime>1468028960</CreateTime>
<MsgType><![CDATA[event]]></MsgType>
<Event><![CDATA[VIEW]]></Event>
<EventKey><![CDATA[http://www.9kpu.com/app/index.php?i=28&c=entry&eid=1]]></EventKey>
<MenuId>414492131</MenuId>
</xml>

2016-07-09 09:49:20 params :
------------
Array:
rule : -2 ;
module :  ;
message : Array ;

2016-07-09 09:49:20 response :
------------

2016-07-09 09:49:21 trace :
------------
String:
<xml><ToUserName><![CDATA[gh_0eab716966d4]]></ToUserName>
<FromUserName><![CDATA[oSoVuwMINXCofPsQVDolhx_HseWs]]></FromUserName>
<CreateTime>1468028961</CreateTime>
<MsgType><![CDATA[event]]></MsgType>
<Event><![CDATA[VIEW]]></Event>
<EventKey><![CDATA[http://www.9kpu.com/app/index.php?i=28&c=entry&eid=1]]></EventKey>
<MenuId>414492131</MenuId>
</xml>

2016-07-09 09:49:21 params :
------------
Array:
rule : -2 ;
module :  ;
message : Array ;

2016-07-09 09:49:21 response :
------------

2016-07-09 09:49:26 trace :
------------
String:
<xml><ToUserName><![CDATA[gh_0eab716966d4]]></ToUserName>
<FromUserName><![CDATA[oSoVuwHvTzfikJPbSEpB1vHK2FJA]]></FromUserName>
<CreateTime>1468028966</CreateTime>
<MsgType><![CDATA[event]]></MsgType>
<Event><![CDATA[VIEW]]></Event>
<EventKey><![CDATA[http://www.9kpu.com/app/index.php?i=28&c=entry&eid=2]]></EventKey>
<MenuId>414492131</MenuId>
</xml>

2016-07-09 09:49:26 params :
------------
Array:
rule : -2 ;
module :  ;
message : Array ;

2016-07-09 09:49:26 response :
------------

2016-07-09 09:49:30 trace :
------------
String:
<xml><ToUserName><![CDATA[gh_0eab716966d4]]></ToUserName>
<FromUserName><![CDATA[oSoVuwHj7BNYAqppgsiSRuxRtCL0]]></FromUserName>
<CreateTime>1468028970</CreateTime>
<MsgType><![CDATA[event]]></MsgType>
<Event><![CDATA[VIEW]]></Event>
<EventKey><![CDATA[http://www.9kpu.com/app/index.php?i=28&c=entry&eid=1]]></EventKey>
<MenuId>414492131</MenuId>
</xml>

2016-07-09 09:49:30 params :
------------
Array:
rule : -2 ;
module :  ;
message : Array ;

2016-07-09 09:49:30 response :
------------

2016-07-09 09:49:36 trace :
------------
String:
<xml><ToUserName><![CDATA[gh_0eab716966d4]]></ToUserName>
<FromUserName><![CDATA[oSoVuwMINXCofPsQVDolhx_HseWs]]></FromUserName>
<CreateTime>1468028976</CreateTime>
<MsgType><![CDATA[event]]></MsgType>
<Event><![CDATA[VIEW]]></Event>
<EventKey><![CDATA[http://www.9kpu.com/app/index.php?i=28&c=entry&eid=2]]></EventKey>
<MenuId>414492131</MenuId>
</xml>

2016-07-09 09:49:36 params :
------------
Array:
rule : -2 ;
module :  ;
message : Array ;

2016-07-09 09:49:36 response :
------------

2016-07-09 09:49:44 trace :
------------
String:
<xml><ToUserName><![CDATA[gh_0eab716966d4]]></ToUserName>
<FromUserName><![CDATA[oSoVuwEpjAGPQpkobZZaKa2Qpj94]]></FromUserName>
<CreateTime>1468028983</CreateTime>
<MsgType><![CDATA[event]]></MsgType>
<Event><![CDATA[subscribe]]></Event>
<EventKey><![CDATA[]]></EventKey>
</xml>

2016-07-09 09:49:44 params :
------------
Array:
rule : -2 ;
module :  ;
message : Array ;

2016-07-09 09:49:44 response :
------------

2016-07-09 09:49:46 trace :
------------
String:
<xml><ToUserName><![CDATA[gh_0eab716966d4]]></ToUserName>
<FromUserName><![CDATA[oSoVuwEpjAGPQpkobZZaKa2Qpj94]]></FromUserName>
<CreateTime>1468028986</CreateTime>
<MsgType><![CDATA[event]]></MsgType>
<Event><![CDATA[VIEW]]></Event>
<EventKey><![CDATA[http://www.9kpu.com/app/index.php?i=28&c=home&]]></EventKey>
<MenuId>414492131</MenuId>
</xml>

2016-07-09 09:49:46 params :
------------
Array:
rule : -2 ;
module :  ;
message : Array ;

2016-07-09 09:49:46 response :
------------

2016-07-09 09:49:49 trace :
------------
String:
<xml><ToUserName><![CDATA[gh_0eab716966d4]]></ToUserName>
<FromUserName><![CDATA[oSoVuwEpjAGPQpkobZZaKa2Qpj94]]></FromUserName>
<CreateTime>1468028989</CreateTime>
<MsgType><![CDATA[event]]></MsgType>
<Event><![CDATA[VIEW]]></Event>
<EventKey><![CDATA[http://www.9kpu.com/app/index.php?i=28&c=entry&eid=1]]></EventKey>
<MenuId>414492131</MenuId>
</xml>

2016-07-09 09:49:49 params :
------------
Array:
rule : -2 ;
module :  ;
message : Array ;

2016-07-09 09:49:49 response :
------------

2016-07-09 09:49:50 trace :
------------
String:
<xml><ToUserName><![CDATA[gh_0eab716966d4]]></ToUserName>
<FromUserName><![CDATA[oSoVuwMINXCofPsQVDolhx_HseWs]]></FromUserName>
<CreateTime>1468028989</CreateTime>
<MsgType><![CDATA[event]]></MsgType>
<Event><![CDATA[VIEW]]></Event>
<EventKey><![CDATA[http://www.9kpu.com/app/index.php?i=28&c=entry&eid=2]]></EventKey>
<MenuId>414492131</MenuId>
</xml>

2016-07-09 09:49:50 params :
------------
Array:
rule : -2 ;
module :  ;
message : Array ;

2016-07-09 09:49:50 response :
------------

2016-07-09 09:49:57 trace :
------------
String:
<xml><ToUserName><![CDATA[gh_0eab716966d4]]></ToUserName>
<FromUserName><![CDATA[oSoVuwEpjAGPQpkobZZaKa2Qpj94]]></FromUserName>
<CreateTime>1468028997</CreateTime>
<MsgType><![CDATA[event]]></MsgType>
<Event><![CDATA[VIEW]]></Event>
<EventKey><![CDATA[http://www.9kpu.com/app/index.php?i=28&c=entry&eid=2]]></EventKey>
<MenuId>414492131</MenuId>
</xml>

2016-07-09 09:49:57 params :
------------
Array:
rule : -2 ;
module :  ;
message : Array ;

2016-07-09 09:49:57 response :
------------

2016-07-09 09:50:11 trace :
------------
String:
<xml><ToUserName><![CDATA[gh_0eab716966d4]]></ToUserName>
<FromUserName><![CDATA[oSoVuwHj7BNYAqppgsiSRuxRtCL0]]></FromUserName>
<CreateTime>1468029011</CreateTime>
<MsgType><![CDATA[event]]></MsgType>
<Event><![CDATA[VIEW]]></Event>
<EventKey><![CDATA[http://www.9kpu.com/app/index.php?i=28&c=home&]]></EventKey>
<MenuId>414492131</MenuId>
</xml>

2016-07-09 09:50:11 params :
------------
Array:
rule : -2 ;
module :  ;
message : Array ;

2016-07-09 09:50:11 response :
------------

2016-07-09 09:50:19 trace :
------------
String:
<xml><ToUserName><![CDATA[gh_0eab716966d4]]></ToUserName>
<FromUserName><![CDATA[oSoVuwEpjAGPQpkobZZaKa2Qpj94]]></FromUserName>
<CreateTime>1468029019</CreateTime>
<MsgType><![CDATA[event]]></MsgType>
<Event><![CDATA[VIEW]]></Event>
<EventKey><![CDATA[http://www.9kpu.com/app/index.php?i=28&c=home&]]></EventKey>
<MenuId>414492131</MenuId>
</xml>

2016-07-09 09:50:19 params :
------------
Array:
rule : -2 ;
module :  ;
message : Array ;

2016-07-09 09:50:19 response :
------------

2016-07-09 09:50:22 trace :
------------
String:
<xml><ToUserName><![CDATA[gh_0eab716966d4]]></ToUserName>
<FromUserName><![CDATA[oSoVuwKAqZ3NpyQI2ABLtrck9Dns]]></FromUserName>
<CreateTime>1468029022</CreateTime>
<MsgType><![CDATA[event]]></MsgType>
<Event><![CDATA[VIEW]]></Event>
<EventKey><![CDATA[http://www.9kpu.com/app/index.php?i=28&c=entry&eid=1]]></EventKey>
<MenuId>414492131</MenuId>
</xml>

2016-07-09 09:50:22 params :
------------
Array:
rule : -2 ;
module :  ;
message : Array ;

2016-07-09 09:50:22 response :
------------

2016-07-09 09:50:53 trace :
------------
String:
<xml><ToUserName><![CDATA[gh_0eab716966d4]]></ToUserName>
<FromUserName><![CDATA[oSoVuwNbqh-dfL7nG8IlP8bEgOlc]]></FromUserName>
<CreateTime>1468029053</CreateTime>
<MsgType><![CDATA[event]]></MsgType>
<Event><![CDATA[subscribe]]></Event>
<EventKey><![CDATA[]]></EventKey>
</xml>

2016-07-09 09:50:53 params :
------------
Array:
rule : -2 ;
module :  ;
message : Array ;

2016-07-09 09:50:53 response :
------------

2016-07-09 09:51:02 trace :
------------
String:
<xml><ToUserName><![CDATA[gh_0eab716966d4]]></ToUserName>
<FromUserName><![CDATA[oSoVuwAeP6dIh5zNMo1pSvmj8RVs]]></FromUserName>
<CreateTime>1468029061</CreateTime>
<MsgType><![CDATA[event]]></MsgType>
<Event><![CDATA[subscribe]]></Event>
<EventKey><![CDATA[]]></EventKey>
</xml>

2016-07-09 09:51:02 params :
------------
Array:
rule : -2 ;
module :  ;
message : Array ;

2016-07-09 09:51:02 response :
------------

2016-07-09 09:51:03 trace :
------------
String:
<xml><ToUserName><![CDATA[gh_0eab716966d4]]></ToUserName>
<FromUserName><![CDATA[oSoVuwNbqh-dfL7nG8IlP8bEgOlc]]></FromUserName>
<CreateTime>1468029063</CreateTime>
<MsgType><![CDATA[event]]></MsgType>
<Event><![CDATA[VIEW]]></Event>
<EventKey><![CDATA[http://www.9kpu.com/app/index.php?i=28&c=entry&eid=1]]></EventKey>
<MenuId>414492131</MenuId>
</xml>

2016-07-09 09:51:03 params :
------------
Array:
rule : -2 ;
module :  ;
message : Array ;

2016-07-09 09:51:03 response :
------------

2016-07-09 09:51:09 trace :
------------
String:
<xml><ToUserName><![CDATA[gh_0eab716966d4]]></ToUserName>
<FromUserName><![CDATA[oSoVuwH0uLfPO2V_Ti_fN-GpHE-s]]></FromUserName>
<CreateTime>1468029068</CreateTime>
<MsgType><![CDATA[event]]></MsgType>
<Event><![CDATA[subscribe]]></Event>
<EventKey><![CDATA[]]></EventKey>
</xml>

2016-07-09 09:51:09 params :
------------
Array:
rule : -2 ;
module :  ;
message : Array ;

2016-07-09 09:51:09 response :
------------

2016-07-09 09:51:18 trace :
------------
String:
<xml><ToUserName><![CDATA[gh_0eab716966d4]]></ToUserName>
<FromUserName><![CDATA[oSoVuwH0uLfPO2V_Ti_fN-GpHE-s]]></FromUserName>
<CreateTime>1468029077</CreateTime>
<MsgType><![CDATA[event]]></MsgType>
<Event><![CDATA[VIEW]]></Event>
<EventKey><![CDATA[http://www.9kpu.com/app/index.php?i=28&c=entry&eid=1]]></EventKey>
<MenuId>414492131</MenuId>
</xml>

2016-07-09 09:51:18 params :
------------
Array:
rule : -2 ;
module :  ;
message : Array ;

2016-07-09 09:51:18 response :
------------

2016-07-09 09:51:27 trace :
------------
String:
<xml><ToUserName><![CDATA[gh_0eab716966d4]]></ToUserName>
<FromUserName><![CDATA[oSoVuwE3fDXXhWxP1Cgm975v5sQs]]></FromUserName>
<CreateTime>1468029087</CreateTime>
<MsgType><![CDATA[event]]></MsgType>
<Event><![CDATA[VIEW]]></Event>
<EventKey><![CDATA[http://www.9kpu.com/app/index.php?i=28&c=home&]]></EventKey>
<MenuId>414492131</MenuId>
</xml>

2016-07-09 09:51:27 params :
------------
Array:
rule : -2 ;
module :  ;
message : Array ;

2016-07-09 09:51:27 response :
------------

2016-07-09 09:51:38 trace :
------------
String:
<xml><ToUserName><![CDATA[gh_0eab716966d4]]></ToUserName>
<FromUserName><![CDATA[oSoVuwE3fDXXhWxP1Cgm975v5sQs]]></FromUserName>
<CreateTime>1468029098</CreateTime>
<MsgType><![CDATA[event]]></MsgType>
<Event><![CDATA[VIEW]]></Event>
<EventKey><![CDATA[http://www.9kpu.com/app/index.php?i=28&c=entry&eid=2]]></EventKey>
<MenuId>414492131</MenuId>
</xml>

2016-07-09 09:51:38 params :
------------
Array:
rule : -2 ;
module :  ;
message : Array ;

2016-07-09 09:51:38 response :
------------

2016-07-09 09:52:00 trace :
------------
String:
<xml><ToUserName><![CDATA[gh_0eab716966d4]]></ToUserName>
<FromUserName><![CDATA[oSoVuwE3fDXXhWxP1Cgm975v5sQs]]></FromUserName>
<CreateTime>1468029120</CreateTime>
<MsgType><![CDATA[event]]></MsgType>
<Event><![CDATA[VIEW]]></Event>
<EventKey><![CDATA[http://www.9kpu.com/app/index.php?i=28&c=entry&eid=1]]></EventKey>
<MenuId>414492131</MenuId>
</xml>

2016-07-09 09:52:00 params :
------------
Array:
rule : -2 ;
module :  ;
message : Array ;

2016-07-09 09:52:00 response :
------------

2016-07-09 09:52:10 trace :
------------
String:
<xml><ToUserName><![CDATA[gh_0eab716966d4]]></ToUserName>
<FromUserName><![CDATA[oSoVuwNbqh-dfL7nG8IlP8bEgOlc]]></FromUserName>
<CreateTime>1468029130</CreateTime>
<MsgType><![CDATA[event]]></MsgType>
<Event><![CDATA[VIEW]]></Event>
<EventKey><![CDATA[http://www.9kpu.com/app/index.php?i=28&c=entry&eid=1]]></EventKey>
<MenuId>414492131</MenuId>
</xml>

2016-07-09 09:52:10 params :
------------
Array:
rule : -2 ;
module :  ;
message : Array ;

2016-07-09 09:52:10 response :
------------

2016-07-09 09:52:17 trace :
------------
String:
<xml><ToUserName><![CDATA[gh_0eab716966d4]]></ToUserName>
<FromUserName><![CDATA[oSoVuwNbqh-dfL7nG8IlP8bEgOlc]]></FromUserName>
<CreateTime>1468029136</CreateTime>
<MsgType><![CDATA[event]]></MsgType>
<Event><![CDATA[VIEW]]></Event>
<EventKey><![CDATA[http://www.9kpu.com/app/index.php?i=28&c=entry&eid=2]]></EventKey>
<MenuId>414492131</MenuId>
</xml>

2016-07-09 09:52:17 params :
------------
Array:
rule : -2 ;
module :  ;
message : Array ;

2016-07-09 09:52:17 response :
------------

2016-07-09 09:52:36 trace :
------------
String:
<xml><ToUserName><![CDATA[gh_0eab716966d4]]></ToUserName>
<FromUserName><![CDATA[oSoVuwHKiFjY27nDqOxf_eGtzOLQ]]></FromUserName>
<CreateTime>1468029156</CreateTime>
<MsgType><![CDATA[event]]></MsgType>
<Event><![CDATA[subscribe]]></Event>
<EventKey><![CDATA[]]></EventKey>
</xml>

2016-07-09 09:52:36 params :
------------
Array:
rule : -2 ;
module :  ;
message : Array ;

2016-07-09 09:52:36 response :
------------

2016-07-09 09:53:15 trace :
------------
String:
<xml><ToUserName><![CDATA[gh_0eab716966d4]]></ToUserName>
<FromUserName><![CDATA[oSoVuwHKiFjY27nDqOxf_eGtzOLQ]]></FromUserName>
<CreateTime>1468029195</CreateTime>
<MsgType><![CDATA[event]]></MsgType>
<Event><![CDATA[VIEW]]></Event>
<EventKey><![CDATA[http://www.9kpu.com/app/index.php?i=28&c=entry&eid=2]]></EventKey>
<MenuId>414492131</MenuId>
</xml>

2016-07-09 09:53:15 params :
------------
Array:
rule : -2 ;
module :  ;
message : Array ;

2016-07-09 09:53:15 response :
------------

2016-07-09 10:02:31 trace :
------------
String:
<xml><ToUserName><![CDATA[gh_4e0c181b7380]]></ToUserName>
<FromUserName><![CDATA[oxtWnv8dKzKM6w_0eFzZG_TYcDDE]]></FromUserName>
<CreateTime>1468029751</CreateTime>
<MsgType><![CDATA[event]]></MsgType>
<Event><![CDATA[VIEW]]></Event>
<EventKey><![CDATA[http://www.9kpu.com/app/index.php?i=27&c=entry&eid=1]]></EventKey>
<MenuId>431040045</MenuId>
</xml>

2016-07-09 10:02:31 params :
------------
Array:
message : Array ;
module : default ;
rule : -1 ;

2016-07-09 10:02:31 response :
------------
Array:
params : Array ;

2016-07-09 10:04:28 trace :
------------
String:
<xml><ToUserName><![CDATA[gh_0eab716966d4]]></ToUserName>
<FromUserName><![CDATA[oSoVuwAeP6dIh5zNMo1pSvmj8RVs]]></FromUserName>
<CreateTime>1468029868</CreateTime>
<MsgType><![CDATA[event]]></MsgType>
<Event><![CDATA[VIEW]]></Event>
<EventKey><![CDATA[http://www.9kpu.com/app/index.php?i=28&c=entry&eid=2]]></EventKey>
<MenuId>414492131</MenuId>
</xml>

2016-07-09 10:04:28 params :
------------
Array:
rule : -2 ;
module :  ;
message : Array ;

2016-07-09 10:04:28 response :
------------

2016-07-09 10:04:36 trace :
------------
String:
<xml><ToUserName><![CDATA[gh_0eab716966d4]]></ToUserName>
<FromUserName><![CDATA[oSoVuwAeP6dIh5zNMo1pSvmj8RVs]]></FromUserName>
<CreateTime>1468029876</CreateTime>
<MsgType><![CDATA[event]]></MsgType>
<Event><![CDATA[VIEW]]></Event>
<EventKey><![CDATA[http://www.9kpu.com/app/index.php?i=28&c=home&]]></EventKey>
<MenuId>414492131</MenuId>
</xml>

2016-07-09 10:04:36 params :
------------
Array:
rule : -2 ;
module :  ;
message : Array ;

2016-07-09 10:04:36 response :
------------

2016-07-09 10:06:02 trace :
------------
String:
<xml><ToUserName><![CDATA[gh_0eab716966d4]]></ToUserName>
<FromUserName><![CDATA[oSoVuwDW25BWZgiiXq6L1HGtcU9E]]></FromUserName>
<CreateTime>1468029962</CreateTime>
<MsgType><![CDATA[event]]></MsgType>
<Event><![CDATA[VIEW]]></Event>
<EventKey><![CDATA[http://www.9kpu.com/app/index.php?i=28&c=entry&eid=2]]></EventKey>
<MenuId>414492131</MenuId>
</xml>

2016-07-09 10:06:02 params :
------------
Array:
rule : -2 ;
module :  ;
message : Array ;

2016-07-09 10:06:02 response :
------------

2016-07-09 10:11:32 trace :
------------
String:
<xml><ToUserName><![CDATA[gh_0eab716966d4]]></ToUserName>
<FromUserName><![CDATA[oSoVuwEpjAGPQpkobZZaKa2Qpj94]]></FromUserName>
<CreateTime>1468030292</CreateTime>
<MsgType><![CDATA[event]]></MsgType>
<Event><![CDATA[VIEW]]></Event>
<EventKey><![CDATA[http://www.9kpu.com/app/index.php?i=28&c=entry&eid=2]]></EventKey>
<MenuId>414492131</MenuId>
</xml>

2016-07-09 10:11:32 params :
------------
Array:
rule : -2 ;
module :  ;
message : Array ;

2016-07-09 10:11:32 response :
------------

2016-07-09 10:11:37 trace :
------------
String:
<xml><ToUserName><![CDATA[gh_0eab716966d4]]></ToUserName>
<FromUserName><![CDATA[oSoVuwEpjAGPQpkobZZaKa2Qpj94]]></FromUserName>
<CreateTime>1468030297</CreateTime>
<MsgType><![CDATA[event]]></MsgType>
<Event><![CDATA[VIEW]]></Event>
<EventKey><![CDATA[http://www.9kpu.com/app/index.php?i=28&c=entry&eid=1]]></EventKey>
<MenuId>414492131</MenuId>
</xml>

2016-07-09 10:11:37 params :
------------
Array:
rule : -2 ;
module :  ;
message : Array ;

2016-07-09 10:11:37 response :
------------

2016-07-09 10:11:40 trace :
------------
String:
<xml><ToUserName><![CDATA[gh_0eab716966d4]]></ToUserName>
<FromUserName><![CDATA[oSoVuwEpjAGPQpkobZZaKa2Qpj94]]></FromUserName>
<CreateTime>1468030300</CreateTime>
<MsgType><![CDATA[event]]></MsgType>
<Event><![CDATA[VIEW]]></Event>
<EventKey><![CDATA[http://www.9kpu.com/app/index.php?i=28&c=home&]]></EventKey>
<MenuId>414492131</MenuId>
</xml>

2016-07-09 10:11:40 params :
------------
Array:
rule : -2 ;
module :  ;
message : Array ;

2016-07-09 10:11:40 response :
------------

2016-07-09 10:24:58 trace :
------------
String:
<xml><ToUserName><![CDATA[gh_0eab716966d4]]></ToUserName>
<FromUserName><![CDATA[oSoVuwDW25BWZgiiXq6L1HGtcU9E]]></FromUserName>
<CreateTime>1468031098</CreateTime>
<MsgType><![CDATA[event]]></MsgType>
<Event><![CDATA[VIEW]]></Event>
<EventKey><![CDATA[http://www.9kpu.com/app/index.php?i=28&c=home&]]></EventKey>
<MenuId>414492131</MenuId>
</xml>

2016-07-09 10:24:58 params :
------------
Array:
rule : -2 ;
module :  ;
message : Array ;

2016-07-09 10:24:58 response :
------------

2016-07-09 11:09:25 trace :
------------
String:
<xml><ToUserName><![CDATA[gh_0eab716966d4]]></ToUserName>
<FromUserName><![CDATA[oSoVuwAeP6dIh5zNMo1pSvmj8RVs]]></FromUserName>
<CreateTime>1468033765</CreateTime>
<MsgType><![CDATA[event]]></MsgType>
<Event><![CDATA[VIEW]]></Event>
<EventKey><![CDATA[http://www.9kpu.com/app/index.php?i=28&c=entry&eid=1]]></EventKey>
<MenuId>414492131</MenuId>
</xml>

2016-07-09 11:09:25 params :
------------
Array:
rule : -2 ;
module :  ;
message : Array ;

2016-07-09 11:09:25 response :
------------

2016-07-09 13:25:49 trace :
------------
String:
<xml><ToUserName><![CDATA[gh_2a16c32dff4b]]></ToUserName>
<FromUserName><![CDATA[oZF73wBVTPDC8FNt_8FsODv4L7T0]]></FromUserName>
<CreateTime>1468041949</CreateTime>
<MsgType><![CDATA[event]]></MsgType>
<Event><![CDATA[VIEW]]></Event>
<EventKey><![CDATA[http://www.9kpu.com/app/index.php?i=26&c=home&]]></EventKey>
<MenuId>442484815</MenuId>
</xml>

2016-07-09 13:25:49 params :
------------
Array:
rule : -2 ;
module :  ;
message : Array ;

2016-07-09 13:25:49 response :
------------

2016-07-09 13:27:12 trace :
------------
String:
<xml><ToUserName><![CDATA[gh_2a16c32dff4b]]></ToUserName>
<FromUserName><![CDATA[oZF73wBVTPDC8FNt_8FsODv4L7T0]]></FromUserName>
<CreateTime>1468042032</CreateTime>
<MsgType><![CDATA[event]]></MsgType>
<Event><![CDATA[VIEW]]></Event>
<EventKey><![CDATA[http://www.9kpu.com/app/index.php?i=26&c=home&t=37]]></EventKey>
<MenuId>442484815</MenuId>
</xml>

2016-07-09 13:27:12 params :
------------
Array:
rule : -2 ;
module :  ;
message : Array ;

2016-07-09 13:27:12 response :
------------

2016-07-09 13:27:22 trace :
------------
String:
<xml><ToUserName><![CDATA[gh_2a16c32dff4b]]></ToUserName>
<FromUserName><![CDATA[oZF73wBVTPDC8FNt_8FsODv4L7T0]]></FromUserName>
<CreateTime>1468042042</CreateTime>
<MsgType><![CDATA[event]]></MsgType>
<Event><![CDATA[VIEW]]></Event>
<EventKey><![CDATA[http://www.9kpu.com/app/index.php?i=26&c=home&]]></EventKey>
<MenuId>442484815</MenuId>
</xml>

2016-07-09 13:27:22 params :
------------
Array:
rule : -2 ;
module :  ;
message : Array ;

2016-07-09 13:27:22 response :
------------

2016-07-09 13:27:26 trace :
------------
String:
<xml><ToUserName><![CDATA[gh_2a16c32dff4b]]></ToUserName>
<FromUserName><![CDATA[oZF73wBVTPDC8FNt_8FsODv4L7T0]]></FromUserName>
<CreateTime>1468042046</CreateTime>
<MsgType><![CDATA[event]]></MsgType>
<Event><![CDATA[VIEW]]></Event>
<EventKey><![CDATA[http://www.9kpu.com/app/index.php?i=26&c=entry&do=bangding&m=lianhu_school]]></EventKey>
<MenuId>442484815</MenuId>
</xml>

2016-07-09 13:27:26 params :
------------
Array:
rule : -2 ;
module :  ;
message : Array ;

2016-07-09 13:27:26 response :
------------

2016-07-09 13:27:30 trace :
------------
String:
<xml><ToUserName><![CDATA[gh_2a16c32dff4b]]></ToUserName>
<FromUserName><![CDATA[oZF73wBVTPDC8FNt_8FsODv4L7T0]]></FromUserName>
<CreateTime>1468042050</CreateTime>
<MsgType><![CDATA[event]]></MsgType>
<Event><![CDATA[VIEW]]></Event>
<EventKey><![CDATA[http://www.9kpu.com/app/index.php?i=26&c=entry&do=teaIn&m=lianhu_school]]></EventKey>
<MenuId>442484815</MenuId>
</xml>

2016-07-09 13:27:30 params :
------------
Array:
rule : -2 ;
module :  ;
message : Array ;

2016-07-09 13:27:30 response :
------------

2016-07-09 13:27:34 trace :
------------
String:
<xml><ToUserName><![CDATA[gh_2a16c32dff4b]]></ToUserName>
<FromUserName><![CDATA[oZF73wBVTPDC8FNt_8FsODv4L7T0]]></FromUserName>
<CreateTime>1468042054</CreateTime>
<MsgType><![CDATA[event]]></MsgType>
<Event><![CDATA[VIEW]]></Event>
<EventKey><![CDATA[http://www.9kpu.com/app/index.php?i=26&c=entry&do=bangding&m=lianhu_school]]></EventKey>
<MenuId>442484815</MenuId>
</xml>

2016-07-09 13:27:34 params :
------------
Array:
rule : -2 ;
module :  ;
message : Array ;

2016-07-09 13:27:34 response :
------------

2016-07-09 13:36:48 trace :
------------
String:
<xml><ToUserName><![CDATA[gh_0eab716966d4]]></ToUserName>
<FromUserName><![CDATA[oSoVuwKAqZ3NpyQI2ABLtrck9Dns]]></FromUserName>
<CreateTime>1468042608</CreateTime>
<MsgType><![CDATA[event]]></MsgType>
<Event><![CDATA[VIEW]]></Event>
<EventKey><![CDATA[http://www.9kpu.com/app/index.php?i=28&c=home&]]></EventKey>
<MenuId>414492131</MenuId>
</xml>

2016-07-09 13:36:48 params :
------------
Array:
rule : -2 ;
module :  ;
message : Array ;

2016-07-09 13:36:48 response :
------------

2016-07-09 13:37:18 trace :
------------
String:
<xml><ToUserName><![CDATA[gh_0eab716966d4]]></ToUserName>
<FromUserName><![CDATA[oSoVuwKAqZ3NpyQI2ABLtrck9Dns]]></FromUserName>
<CreateTime>1468042638</CreateTime>
<MsgType><![CDATA[event]]></MsgType>
<Event><![CDATA[VIEW]]></Event>
<EventKey><![CDATA[http://www.9kpu.com/app/index.php?i=28&c=home&]]></EventKey>
<MenuId>414492131</MenuId>
</xml>

2016-07-09 13:37:18 params :
------------
Array:
rule : -2 ;
module :  ;
message : Array ;

2016-07-09 13:37:18 response :
------------

2016-07-09 15:24:43 trace :
------------
String:
<xml><ToUserName><![CDATA[gh_081ee8610e82]]></ToUserName>
<FromUserName><![CDATA[ohNDtvt_GTETaYwoTsI9JkUOkwZU]]></FromUserName>
<CreateTime>1468049083</CreateTime>
<MsgType><![CDATA[event]]></MsgType>
<Event><![CDATA[VIEW]]></Event>
<EventKey><![CDATA[http://official.weixiao100.cn/custom/v3/index.html?schoolCode=zscy001&cropId=wx29a48dfc48fb3877&t=1461379426737]]></EventKey>
<MenuId>404202786</MenuId>
</xml>

2016-07-09 15:24:43 params :
------------
Array:
message : Array ;
module : basic ;
rule : 13 ;
priority : 0 ;
keyword : Array ;

2016-07-09 15:24:43 response :
------------
Array:
FromUserName : gh_081ee8610e82 ;
ToUserName : ohNDtvt_GTETaYwoTsI9JkUOkwZU ;
MsgType : text ;
Content : 等你好久了，智慧微校欢迎您。如果您是来逛逛的，请点开微官网查看我们学校的介绍信息。如果您是家长，请点开学生中心，用您家孩子姓名与学号绑定，就可尽情使用微校功能。如果您是老师，请点开微办公，用系统分配的账号与密码完成绑定，使用微校完成家校互动。 ;

2016-07-09 15:25:02 trace :
------------
String:
<xml><ToUserName><![CDATA[gh_081ee8610e82]]></ToUserName>
<FromUserName><![CDATA[ohNDtvt_GTETaYwoTsI9JkUOkwZU]]></FromUserName>
<CreateTime>1468049101</CreateTime>
<MsgType><![CDATA[event]]></MsgType>
<Event><![CDATA[VIEW]]></Event>
<EventKey><![CDATA[http://www.9kpu.com/app/index.php?i=4&c=entry&eid=1]]></EventKey>
<MenuId>404202786</MenuId>
</xml>

2016-07-09 15:25:02 params :
------------
Array:
message : Array ;
module : basic ;
rule : 13 ;
priority : 0 ;
keyword : Array ;

2016-07-09 15:25:02 response :
------------
Array:
FromUserName : gh_081ee8610e82 ;
ToUserName : ohNDtvt_GTETaYwoTsI9JkUOkwZU ;
MsgType : text ;
Content : 等你好久了，智慧微校欢迎您。如果您是来逛逛的，请点开微官网查看我们学校的介绍信息。如果您是家长，请点开学生中心，用您家孩子姓名与学号绑定，就可尽情使用微校功能。如果您是老师，请点开微办公，用系统分配的账号与密码完成绑定，使用微校完成家校互动。 ;

2016-07-09 17:45:09 trace :
------------
String:
<xml><ToUserName><![CDATA[gh_2a16c32dff4b]]></ToUserName>
<FromUserName><![CDATA[oZF73wIfqPsAeDWf2ZhgepeCSZlU]]></FromUserName>
<CreateTime>1468057509</CreateTime>
<MsgType><![CDATA[event]]></MsgType>
<Event><![CDATA[subscribe]]></Event>
<EventKey><![CDATA[]]></EventKey>
</xml>

2016-07-09 17:45:09 params :
------------
Array:
rule : -2 ;
module :  ;
message : Array ;

2016-07-09 17:45:09 response :
------------

2016-07-09 17:45:13 trace :
------------
String:
<xml><ToUserName><![CDATA[gh_2a16c32dff4b]]></ToUserName>
<FromUserName><![CDATA[oZF73wIfqPsAeDWf2ZhgepeCSZlU]]></FromUserName>
<CreateTime>1468057513</CreateTime>
<MsgType><![CDATA[event]]></MsgType>
<Event><![CDATA[VIEW]]></Event>
<EventKey><![CDATA[http://www.9kpu.com/app/index.php?i=26&c=home&]]></EventKey>
<MenuId>442484815</MenuId>
</xml>

2016-07-09 17:45:13 params :
------------
Array:
rule : -2 ;
module :  ;
message : Array ;

2016-07-09 17:45:13 response :
------------

2016-07-09 17:45:28 trace :
------------
String:
<xml><ToUserName><![CDATA[gh_2a16c32dff4b]]></ToUserName>
<FromUserName><![CDATA[oZF73wIfqPsAeDWf2ZhgepeCSZlU]]></FromUserName>
<CreateTime>1468057528</CreateTime>
<MsgType><![CDATA[event]]></MsgType>
<Event><![CDATA[VIEW]]></Event>
<EventKey><![CDATA[http://www.9kpu.com/app/index.php?i=26&c=entry&do=bangding&m=lianhu_school]]></EventKey>
<MenuId>442484815</MenuId>
</xml>

2016-07-09 17:45:28 params :
------------
Array:
rule : -2 ;
module :  ;
message : Array ;

2016-07-09 17:45:28 response :
------------

2016-07-09 17:45:32 trace :
------------
String:
<xml><ToUserName><![CDATA[gh_2a16c32dff4b]]></ToUserName>
<FromUserName><![CDATA[oZF73wIfqPsAeDWf2ZhgepeCSZlU]]></FromUserName>
<CreateTime>1468057532</CreateTime>
<MsgType><![CDATA[event]]></MsgType>
<Event><![CDATA[VIEW]]></Event>
<EventKey><![CDATA[http://www.9kpu.com/app/index.php?i=26&c=home&t=37]]></EventKey>
<MenuId>442484815</MenuId>
</xml>

2016-07-09 17:45:32 params :
------------
Array:
rule : -2 ;
module :  ;
message : Array ;

2016-07-09 17:45:32 response :
------------

2016-07-09 17:45:44 trace :
------------
String:
<xml><ToUserName><![CDATA[gh_2a16c32dff4b]]></ToUserName>
<FromUserName><![CDATA[oZF73wIfqPsAeDWf2ZhgepeCSZlU]]></FromUserName>
<CreateTime>1468057544</CreateTime>
<MsgType><![CDATA[event]]></MsgType>
<Event><![CDATA[VIEW]]></Event>
<EventKey><![CDATA[http://www.9kpu.com/app/index.php?i=26&c=home&]]></EventKey>
<MenuId>442484815</MenuId>
</xml>

2016-07-09 17:45:44 params :
------------
Array:
rule : -2 ;
module :  ;
message : Array ;

2016-07-09 17:45:44 response :
------------

2016-07-09 17:53:38 trace :
------------
String:
<xml><ToUserName><![CDATA[gh_2a16c32dff4b]]></ToUserName>
<FromUserName><![CDATA[oZF73wIfqPsAeDWf2ZhgepeCSZlU]]></FromUserName>
<CreateTime>1468058017</CreateTime>
<MsgType><![CDATA[event]]></MsgType>
<Event><![CDATA[unsubscribe]]></Event>
<EventKey><![CDATA[]]></EventKey>
</xml>

