2016-07-10 09:35:40 trace :
------------
String:
<xml><ToUserName><![CDATA[gh_081ee8610e82]]></ToUserName>
<FromUserName><![CDATA[ohNDtviXDsKyoZbZN1nGBCPrREyc]]></FromUserName>
<CreateTime>1468114540</CreateTime>
<MsgType><![CDATA[event]]></MsgType>
<Event><![CDATA[VIEW]]></Event>
<EventKey><![CDATA[http://www.9kpu.com/app/index.php?i=4&c=entry&eid=1]]></EventKey>
<MenuId>404202786</MenuId>
</xml>

2016-07-10 09:35:40 params :
------------
Array:
message : Array ;
module : basic ;
rule : 13 ;
priority : 0 ;
keyword : Array ;

2016-07-10 09:35:40 response :
------------
Array:
FromUserName : gh_081ee8610e82 ;
ToUserName : ohNDtviXDsKyoZbZN1nGBCPrREyc ;
MsgType : text ;
Content : 等你好久了，智慧微校欢迎您。如果您是来逛逛的，请点开微官网查看我们学校的介绍信息。如果您是家长，请点开学生中心，用您家孩子姓名与学号绑定，就可尽情使用微校功能。如果您是老师，请点开微办公，用系统分配的账号与密码完成绑定，使用微校完成家校互动。 ;

2016-07-10 09:35:46 trace :
------------
String:
<xml><ToUserName><![CDATA[gh_081ee8610e82]]></ToUserName>
<FromUserName><![CDATA[ohNDtviXDsKyoZbZN1nGBCPrREyc]]></FromUserName>
<CreateTime>1468114546</CreateTime>
<MsgType><![CDATA[event]]></MsgType>
<Event><![CDATA[VIEW]]></Event>
<EventKey><![CDATA[http://www.9kpu.com/app/index.php?i=4&c=entry&eid=2]]></EventKey>
<MenuId>404202786</MenuId>
</xml>

2016-07-10 09:35:46 params :
------------
Array:
message : Array ;
module : basic ;
rule : 13 ;
priority : 0 ;
keyword : Array ;

2016-07-10 09:35:46 response :
------------
Array:
FromUserName : gh_081ee8610e82 ;
ToUserName : ohNDtviXDsKyoZbZN1nGBCPrREyc ;
MsgType : text ;
Content : 等你好久了，智慧微校欢迎您。如果您是来逛逛的，请点开微官网查看我们学校的介绍信息。如果您是家长，请点开学生中心，用您家孩子姓名与学号绑定，就可尽情使用微校功能。如果您是老师，请点开微办公，用系统分配的账号与密码完成绑定，使用微校完成家校互动。 ;

2016-07-10 09:35:52 trace :
------------
String:
<xml><ToUserName><![CDATA[gh_081ee8610e82]]></ToUserName>
<FromUserName><![CDATA[ohNDtviXDsKyoZbZN1nGBCPrREyc]]></FromUserName>
<CreateTime>1468114552</CreateTime>
<MsgType><![CDATA[event]]></MsgType>
<Event><![CDATA[VIEW]]></Event>
<EventKey><![CDATA[http://official.weixiao100.cn/custom/v3/index.html?schoolCode=zscy001&cropId=wx29a48dfc48fb3877&t=1461379426737]]></EventKey>
<MenuId>404202786</MenuId>
</xml>

2016-07-10 09:35:52 params :
------------
Array:
message : Array ;
module : basic ;
rule : 13 ;
priority : 0 ;
keyword : Array ;

2016-07-10 09:35:52 response :
------------
Array:
FromUserName : gh_081ee8610e82 ;
ToUserName : ohNDtviXDsKyoZbZN1nGBCPrREyc ;
MsgType : text ;
Content : 等你好久了，智慧微校欢迎您。如果您是来逛逛的，请点开微官网查看我们学校的介绍信息。如果您是家长，请点开学生中心，用您家孩子姓名与学号绑定，就可尽情使用微校功能。如果您是老师，请点开微办公，用系统分配的账号与密码完成绑定，使用微校完成家校互动。 ;

2016-07-10 10:05:18 trace :
------------
String:
<xml><ToUserName><![CDATA[gh_0eab716966d4]]></ToUserName>
<FromUserName><![CDATA[oSoVuwE3fDXXhWxP1Cgm975v5sQs]]></FromUserName>
<CreateTime>1468116318</CreateTime>
<MsgType><![CDATA[event]]></MsgType>
<Event><![CDATA[VIEW]]></Event>
<EventKey><![CDATA[http://www.9kpu.com/app/index.php?i=28&c=home&]]></EventKey>
<MenuId>414492131</MenuId>
</xml>

2016-07-10 10:05:18 params :
------------
Array:
rule : -2 ;
module :  ;
message : Array ;

2016-07-10 10:05:18 response :
------------

2016-07-10 11:12:46 trace :
------------
String:
<xml><ToUserName><![CDATA[gh_2a16c32dff4b]]></ToUserName>
<FromUserName><![CDATA[oZF73wLnK7hlHwt5lZGGxUr7kQV0]]></FromUserName>
<CreateTime>1468120366</CreateTime>
<MsgType><![CDATA[event]]></MsgType>
<Event><![CDATA[MASSSENDJOBFINISH]]></Event>
<MsgID>1000000003</MsgID>
<Status><![CDATA[send success]]></Status>
<TotalCount>23</TotalCount>
<FilterCount>23</FilterCount>
<SentCount>23</SentCount>
<ErrorCount>0</ErrorCount>
</xml>

2016-07-10 11:12:46 params :
------------
Array:
rule : -2 ;
module :  ;
message : Array ;

2016-07-10 11:12:46 response :
------------

2016-07-10 11:13:48 trace :
------------
String:
<xml><ToUserName><![CDATA[gh_2a16c32dff4b]]></ToUserName>
<FromUserName><![CDATA[oZF73wGlZ_tPIl4VjPfJfK5A1YEw]]></FromUserName>
<CreateTime>1468120428</CreateTime>
<MsgType><![CDATA[event]]></MsgType>
<Event><![CDATA[VIEW]]></Event>
<EventKey><![CDATA[http://www.9kpu.com/app/index.php?i=26&c=home&]]></EventKey>
<MenuId>442484815</MenuId>
</xml>

2016-07-10 11:13:48 params :
------------
Array:
rule : -2 ;
module :  ;
message : Array ;

2016-07-10 11:13:48 response :
------------

2016-07-10 11:14:18 trace :
------------
String:
<xml><ToUserName><![CDATA[gh_2a16c32dff4b]]></ToUserName>
<FromUserName><![CDATA[oZF73wBqgimKaTg5e5fPDtmAuKVM]]></FromUserName>
<CreateTime>1468120458</CreateTime>
<MsgType><![CDATA[event]]></MsgType>
<Event><![CDATA[VIEW]]></Event>
<EventKey><![CDATA[http://www.9kpu.com/app/index.php?i=26&c=home&t=37]]></EventKey>
<MenuId>442484815</MenuId>
</xml>

2016-07-10 11:14:18 params :
------------
Array:
rule : -2 ;
module :  ;
message : Array ;

2016-07-10 11:14:18 response :
------------

2016-07-10 13:26:44 trace :
------------
String:
<xml><ToUserName><![CDATA[gh_2a16c32dff4b]]></ToUserName>
<FromUserName><![CDATA[oZF73wAKimMU1XufzSoWnPXuf02w]]></FromUserName>
<CreateTime>1468128404</CreateTime>
<MsgType><![CDATA[event]]></MsgType>
<Event><![CDATA[VIEW]]></Event>
<EventKey><![CDATA[http://www.9kpu.com/app/index.php?i=26&c=home&t=37]]></EventKey>
<MenuId>442484815</MenuId>
</xml>

2016-07-10 13:26:44 params :
------------
Array:
rule : -2 ;
module :  ;
message : Array ;

2016-07-10 13:26:44 response :
------------

2016-07-10 13:26:54 trace :
------------
String:
<xml><ToUserName><![CDATA[gh_2a16c32dff4b]]></ToUserName>
<FromUserName><![CDATA[oZF73wAKimMU1XufzSoWnPXuf02w]]></FromUserName>
<CreateTime>1468128414</CreateTime>
<MsgType><![CDATA[event]]></MsgType>
<Event><![CDATA[VIEW]]></Event>
<EventKey><![CDATA[http://www.9kpu.com/app/index.php?i=26&c=home&]]></EventKey>
<MenuId>442484815</MenuId>
</xml>

2016-07-10 13:26:54 params :
------------
Array:
rule : -2 ;
module :  ;
message : Array ;

2016-07-10 13:26:54 response :
------------

2016-07-10 13:27:18 trace :
------------
String:
<xml><ToUserName><![CDATA[gh_2a16c32dff4b]]></ToUserName>
<FromUserName><![CDATA[oZF73wAKimMU1XufzSoWnPXuf02w]]></FromUserName>
<CreateTime>1468128437</CreateTime>
<MsgType><![CDATA[event]]></MsgType>
<Event><![CDATA[VIEW]]></Event>
<EventKey><![CDATA[http://www.9kpu.com/app/index.php?i=26&c=entry&do=teaIn&m=lianhu_school]]></EventKey>
<MenuId>442484815</MenuId>
</xml>

2016-07-10 13:27:18 params :
------------
Array:
rule : -2 ;
module :  ;
message : Array ;

2016-07-10 13:27:18 response :
------------

2016-07-10 13:27:27 trace :
------------
String:
<xml><ToUserName><![CDATA[gh_2a16c32dff4b]]></ToUserName>
<FromUserName><![CDATA[oZF73wAKimMU1XufzSoWnPXuf02w]]></FromUserName>
<CreateTime>1468128447</CreateTime>
<MsgType><![CDATA[event]]></MsgType>
<Event><![CDATA[VIEW]]></Event>
<EventKey><![CDATA[http://www.9kpu.com/app/index.php?i=26&c=entry&do=bangding&m=lianhu_school]]></EventKey>
<MenuId>442484815</MenuId>
</xml>

2016-07-10 13:27:27 params :
------------
Array:
rule : -2 ;
module :  ;
message : Array ;

2016-07-10 13:27:27 response :
------------

2016-07-10 15:54:09 trace :
------------
String:
<xml><ToUserName><![CDATA[gh_0eab716966d4]]></ToUserName>
<FromUserName><![CDATA[oSoVuwA1SC6AJWOBskgOLOT_ua8Q]]></FromUserName>
<CreateTime>1468137249</CreateTime>
<MsgType><![CDATA[event]]></MsgType>
<Event><![CDATA[subscribe]]></Event>
<EventKey><![CDATA[]]></EventKey>
</xml>

2016-07-10 15:54:09 params :
------------
Array:
rule : -2 ;
module :  ;
message : Array ;

2016-07-10 15:54:09 response :
------------

2016-07-10 15:55:43 trace :
------------
String:
<xml><ToUserName><![CDATA[gh_0eab716966d4]]></ToUserName>
<FromUserName><![CDATA[oSoVuwA1SC6AJWOBskgOLOT_ua8Q]]></FromUserName>
<CreateTime>1468137343</CreateTime>
<MsgType><![CDATA[event]]></MsgType>
<Event><![CDATA[VIEW]]></Event>
<EventKey><![CDATA[http://www.9kpu.com/app/index.php?i=28&c=entry&eid=1]]></EventKey>
<MenuId>414492131</MenuId>
</xml>

2016-07-10 15:55:43 params :
------------
Array:
rule : -2 ;
module :  ;
message : Array ;

2016-07-10 15:55:43 response :
------------

2016-07-10 15:56:20 trace :
------------
String:
<xml><ToUserName><![CDATA[gh_0eab716966d4]]></ToUserName>
<FromUserName><![CDATA[oSoVuwA1SC6AJWOBskgOLOT_ua8Q]]></FromUserName>
<CreateTime>1468137380</CreateTime>
<MsgType><![CDATA[event]]></MsgType>
<Event><![CDATA[VIEW]]></Event>
<EventKey><![CDATA[http://www.9kpu.com/app/index.php?i=28&c=entry&eid=2]]></EventKey>
<MenuId>414492131</MenuId>
</xml>

2016-07-10 15:56:20 params :
------------
Array:
rule : -2 ;
module :  ;
message : Array ;

2016-07-10 15:56:20 response :
------------

2016-07-10 15:56:24 trace :
------------
String:
<xml><ToUserName><![CDATA[gh_0eab716966d4]]></ToUserName>
<FromUserName><![CDATA[oSoVuwA1SC6AJWOBskgOLOT_ua8Q]]></FromUserName>
<CreateTime>1468137384</CreateTime>
<MsgType><![CDATA[event]]></MsgType>
<Event><![CDATA[VIEW]]></Event>
<EventKey><![CDATA[http://www.9kpu.com/app/index.php?i=28&c=home&]]></EventKey>
<MenuId>414492131</MenuId>
</xml>

2016-07-10 15:56:24 params :
------------
Array:
rule : -2 ;
module :  ;
message : Array ;

2016-07-10 15:56:24 response :
------------

2016-07-10 17:20:32 trace :
------------
String:
<xml><ToUserName><![CDATA[gh_2a16c32dff4b]]></ToUserName>
<FromUserName><![CDATA[oZF73wDhKibjcHjeAHp6nLacCh_8]]></FromUserName>
<CreateTime>1468142431</CreateTime>
<MsgType><![CDATA[event]]></MsgType>
<Event><![CDATA[subscribe]]></Event>
<EventKey><![CDATA[]]></EventKey>
</xml>

2016-07-10 17:20:32 params :
------------
Array:
rule : -2 ;
module :  ;
message : Array ;

2016-07-10 17:20:32 response :
------------

2016-07-10 17:20:36 trace :
------------
String:
<xml><ToUserName><![CDATA[gh_2a16c32dff4b]]></ToUserName>
<FromUserName><![CDATA[oZF73wDhKibjcHjeAHp6nLacCh_8]]></FromUserName>
<CreateTime>1468142436</CreateTime>
<MsgType><![CDATA[event]]></MsgType>
<Event><![CDATA[VIEW]]></Event>
<EventKey><![CDATA[http://www.9kpu.com/app/index.php?i=26&c=entry&do=bangding&m=lianhu_school]]></EventKey>
<MenuId>442484815</MenuId>
</xml>

2016-07-10 17:20:36 params :
------------
Array:
rule : -2 ;
module :  ;
message : Array ;

2016-07-10 17:20:36 response :
------------

2016-07-10 17:20:42 trace :
------------
String:
<xml><ToUserName><![CDATA[gh_2a16c32dff4b]]></ToUserName>
<FromUserName><![CDATA[oZF73wDhKibjcHjeAHp6nLacCh_8]]></FromUserName>
<CreateTime>1468142442</CreateTime>
<MsgType><![CDATA[event]]></MsgType>
<Event><![CDATA[VIEW]]></Event>
<EventKey><![CDATA[http://www.9kpu.com/app/index.php?i=26&c=home&]]></EventKey>
<MenuId>442484815</MenuId>
</xml>

2016-07-10 17:20:42 params :
------------
Array:
rule : -2 ;
module :  ;
message : Array ;

2016-07-10 17:20:42 response :
------------

2016-07-10 17:20:59 trace :
------------
String:
<xml><ToUserName><![CDATA[gh_2a16c32dff4b]]></ToUserName>
<FromUserName><![CDATA[oZF73wDhKibjcHjeAHp6nLacCh_8]]></FromUserName>
<CreateTime>1468142459</CreateTime>
<MsgType><![CDATA[event]]></MsgType>
<Event><![CDATA[VIEW]]></Event>
<EventKey><![CDATA[http://www.9kpu.com/app/index.php?i=26&c=entry&do=bangding&m=lianhu_school]]></EventKey>
<MenuId>442484815</MenuId>
</xml>

2016-07-10 17:20:59 params :
------------
Array:
rule : -2 ;
module :  ;
message : Array ;

2016-07-10 17:20:59 response :
------------

2016-07-10 17:24:59 trace :
------------
String:
<xml><ToUserName><![CDATA[gh_4e0c181b7380]]></ToUserName>
<FromUserName><![CDATA[oxtWnv7-5ujbdNqeJLLvkIkTOJjM]]></FromUserName>
<CreateTime>1468142699</CreateTime>
<MsgType><![CDATA[event]]></MsgType>
<Event><![CDATA[VIEW]]></Event>
<EventKey><![CDATA[http://www.9kpu.com/app/index.php?i=27&c=home&]]></EventKey>
<MenuId>431040045</MenuId>
</xml>

2016-07-10 17:24:59 params :
------------
Array:
message : Array ;
module : default ;
rule : -1 ;

2016-07-10 17:24:59 response :
------------
Array:
params : Array ;

2016-07-10 17:25:38 trace :
------------
String:
<xml><ToUserName><![CDATA[gh_0eab716966d4]]></ToUserName>
<FromUserName><![CDATA[oSoVuwOmKK8zD49fnb5Ru6lE7ueA]]></FromUserName>
<CreateTime>1468142738</CreateTime>
<MsgType><![CDATA[event]]></MsgType>
<Event><![CDATA[VIEW]]></Event>
<EventKey><![CDATA[http://www.9kpu.com/app/index.php?i=28&c=home&]]></EventKey>
<MenuId>414492131</MenuId>
</xml>

2016-07-10 17:25:38 params :
------------
Array:
rule : -2 ;
module :  ;
message : Array ;

2016-07-10 17:25:38 response :
------------

2016-07-10 17:25:52 trace :
------------
String:
<xml><ToUserName><![CDATA[gh_0eab716966d4]]></ToUserName>
<FromUserName><![CDATA[oSoVuwOmKK8zD49fnb5Ru6lE7ueA]]></FromUserName>
<CreateTime>1468142752</CreateTime>
<MsgType><![CDATA[event]]></MsgType>
<Event><![CDATA[VIEW]]></Event>
<EventKey><![CDATA[http://www.9kpu.com/app/index.php?i=28&c=home&]]></EventKey>
<MenuId>414492131</MenuId>
</xml>

2016-07-10 17:25:52 params :
------------
Array:
rule : -2 ;
module :  ;
message : Array ;

2016-07-10 17:25:52 response :
------------

2016-07-10 19:04:22 trace :
------------
String:
<xml><ToUserName><![CDATA[gh_0eab716966d4]]></ToUserName>
<FromUserName><![CDATA[oSoVuwHj7BNYAqppgsiSRuxRtCL0]]></FromUserName>
<CreateTime>1468148661</CreateTime>
<MsgType><![CDATA[event]]></MsgType>
<Event><![CDATA[VIEW]]></Event>
<EventKey><![CDATA[http://www.9kpu.com/app/index.php?i=28&c=entry&eid=2]]></EventKey>
<MenuId>414492131</MenuId>
</xml>

2016-07-10 19:04:22 params :
------------
Array:
rule : -2 ;
module :  ;
message : Array ;

2016-07-10 19:04:22 response :
------------

2016-07-10 20:57:50 trace :
------------
String:
<xml><ToUserName><![CDATA[gh_7d1762dac7c2]]></ToUserName>
<FromUserName><![CDATA[o8AZcwBVvWkrJBraXy8XkIPMS4N0]]></FromUserName>
<CreateTime>1468155470</CreateTime>
<MsgType><![CDATA[event]]></MsgType>
<Event><![CDATA[VIEW]]></Event>
<EventKey><![CDATA[http://www.9kpu.com/app/index.php?i=6&c=home&]]></EventKey>
<MenuId>406999612</MenuId>
</xml>

2016-07-10 20:57:50 params :
------------
Array:
rule : -2 ;
module :  ;
message : Array ;

2016-07-10 20:57:50 response :
------------

2016-07-10 20:57:57 trace :
------------
String:
<xml><ToUserName><![CDATA[gh_7d1762dac7c2]]></ToUserName>
<FromUserName><![CDATA[o8AZcwBVvWkrJBraXy8XkIPMS4N0]]></FromUserName>
<CreateTime>1468155477</CreateTime>
<MsgType><![CDATA[event]]></MsgType>
<Event><![CDATA[VIEW]]></Event>
<EventKey><![CDATA[http://www.9kpu.com/app/index.php?i=6&c=entry&eid=1]]></EventKey>
<MenuId>406999612</MenuId>
</xml>

2016-07-10 20:57:57 params :
------------
Array:
rule : -2 ;
module :  ;
message : Array ;

2016-07-10 20:57:57 response :
------------

