2016-07-15 09:23:30 trace :
------------
String:
<xml><ToUserName><![CDATA[gh_e7a0c8306261]]></ToUserName>
<FromUserName><![CDATA[oRj-Fs-PhyPTkIQtO_xnTG8cJwlQ]]></FromUserName>
<CreateTime>1468545810</CreateTime>
<MsgType><![CDATA[event]]></MsgType>
<Event><![CDATA[VIEW]]></Event>
<EventKey><![CDATA[http://www.9kpu.com/app/index.php?i=13&c=entry&eid=2]]></EventKey>
<MenuId>409075692</MenuId>
</xml>

2016-07-15 09:23:30 params :
------------
Array:
message : Array ;
module : basic ;
rule : 22 ;
priority : 0 ;
keyword : Array ;

2016-07-15 09:23:30 response :
------------
Array:
FromUserName : gh_e7a0c8306261 ;
ToUserName : oRj-Fs-PhyPTkIQtO_xnTG8cJwlQ ;
MsgType : text ;
Content : 欢迎关注同城学堂，点击微官网查看本学校介绍信息，家长点击学生天地绑定自己小孩信息使用，老师点击教师信息绑定自己账号使用 ;

2016-07-15 09:53:24 trace :
------------
String:
<xml><ToUserName><![CDATA[gh_c8e42a22d2ba]]></ToUserName>
<FromUserName><![CDATA[o7oRnw-djgy1IB9-KzwO-lnW9wVs]]></FromUserName>
<CreateTime>1468547604</CreateTime>
<MsgType><![CDATA[event]]></MsgType>
<Event><![CDATA[unsubscribe]]></Event>
<EventKey><![CDATA[]]></EventKey>
</xml>

2016-07-15 09:55:58 trace :
------------
String:
<xml><ToUserName><![CDATA[gh_c8e42a22d2ba]]></ToUserName>
<FromUserName><![CDATA[o7oRnw-djgy1IB9-KzwO-lnW9wVs]]></FromUserName>
<CreateTime>1468547758</CreateTime>
<MsgType><![CDATA[event]]></MsgType>
<Event><![CDATA[subscribe]]></Event>
<EventKey><![CDATA[]]></EventKey>
</xml>

2016-07-15 09:55:58 params :
------------
Array:
message : Array ;
module : news ;
rule : 53 ;
priority : 3 ;
keyword : Array ;

2016-07-15 09:55:58 response :
------------
Array:
FromUserName : gh_c8e42a22d2ba ;
ToUserName : o7oRnw-djgy1IB9-KzwO-lnW9wVs ;
MsgType : news ;
ArticleCount : 2 ;
Articles : Array ;

2016-07-15 10:03:02 trace :
------------
String:
<xml><ToUserName><![CDATA[gh_4e0c181b7380]]></ToUserName>
<FromUserName><![CDATA[oxtWnv5DsG5j6c07VOhsWKudhsHQ]]></FromUserName>
<CreateTime>1468548182</CreateTime>
<MsgType><![CDATA[event]]></MsgType>
<Event><![CDATA[subscribe]]></Event>
<EventKey><![CDATA[]]></EventKey>
</xml>

2016-07-15 10:03:02 params :
------------
Array:
message : Array ;
module : default ;
rule : -1 ;

2016-07-15 10:03:02 response :
------------
Array:
params : Array ;

2016-07-15 10:03:06 trace :
------------
String:
<xml><ToUserName><![CDATA[gh_4e0c181b7380]]></ToUserName>
<FromUserName><![CDATA[oxtWnv5DsG5j6c07VOhsWKudhsHQ]]></FromUserName>
<CreateTime>1468548185</CreateTime>
<MsgType><![CDATA[event]]></MsgType>
<Event><![CDATA[VIEW]]></Event>
<EventKey><![CDATA[http://www.9kpu.com/app/index.php?i=27&c=home&]]></EventKey>
<MenuId>431040045</MenuId>
</xml>

2016-07-15 10:03:06 params :
------------
Array:
message : Array ;
module : default ;
rule : -1 ;

2016-07-15 10:03:06 response :
------------
Array:
params : Array ;

2016-07-15 10:04:14 trace :
------------
String:
<xml><ToUserName><![CDATA[gh_4e0c181b7380]]></ToUserName>
<FromUserName><![CDATA[oxtWnv5DsG5j6c07VOhsWKudhsHQ]]></FromUserName>
<CreateTime>1468548254</CreateTime>
<MsgType><![CDATA[event]]></MsgType>
<Event><![CDATA[VIEW]]></Event>
<EventKey><![CDATA[http://www.9kpu.com/app/index.php?i=27&c=home&]]></EventKey>
<MenuId>431040045</MenuId>
</xml>

2016-07-15 10:04:14 params :
------------
Array:
message : Array ;
module : default ;
rule : -1 ;

2016-07-15 10:04:14 response :
------------
Array:
params : Array ;

2016-07-15 10:05:10 trace :
------------
String:
<xml><ToUserName><![CDATA[gh_2a16c32dff4b]]></ToUserName>
<FromUserName><![CDATA[oZF73wA27rUpJ0AJwL7L_BiGU51g]]></FromUserName>
<CreateTime>1468548310</CreateTime>
<MsgType><![CDATA[event]]></MsgType>
<Event><![CDATA[subscribe]]></Event>
<EventKey><![CDATA[]]></EventKey>
</xml>

2016-07-15 10:05:10 params :
------------
Array:
rule : -2 ;
module :  ;
message : Array ;

2016-07-15 10:05:10 response :
------------

2016-07-15 10:05:10 trace :
------------
String:
<xml><ToUserName><![CDATA[gh_c8e42a22d2ba]]></ToUserName>
<FromUserName><![CDATA[o7oRnwwpD-YZU5DkgChlyntugkJQ]]></FromUserName>
<CreateTime>1468548310</CreateTime>
<MsgType><![CDATA[text]]></MsgType>
<Content><![CDATA[实训处]]></Content>
<MsgId>6307366964457040437</MsgId>
</xml>

2016-07-15 10:05:10 params :
------------
Array:
message : Array ;
module : news ;
rule : 53 ;
priority : 3 ;
keyword : Array ;

2016-07-15 10:05:10 response :
------------
Array:
FromUserName : gh_c8e42a22d2ba ;
ToUserName : o7oRnwwpD-YZU5DkgChlyntugkJQ ;
MsgType : news ;
ArticleCount : 2 ;
Articles : Array ;

2016-07-15 10:05:16 trace :
------------
String:
<xml><ToUserName><![CDATA[gh_2a16c32dff4b]]></ToUserName>
<FromUserName><![CDATA[oZF73wA27rUpJ0AJwL7L_BiGU51g]]></FromUserName>
<CreateTime>1468548316</CreateTime>
<MsgType><![CDATA[event]]></MsgType>
<Event><![CDATA[VIEW]]></Event>
<EventKey><![CDATA[http://www.9kpu.com/app/index.php?i=26&c=home&t=37]]></EventKey>
<MenuId>442583838</MenuId>
</xml>

2016-07-15 10:05:16 params :
------------
Array:
rule : -2 ;
module :  ;
message : Array ;

2016-07-15 10:05:16 response :
------------

2016-07-15 10:06:25 trace :
------------
String:
<xml><ToUserName><![CDATA[gh_c8e42a22d2ba]]></ToUserName>
<FromUserName><![CDATA[o7oRnwwpD-YZU5DkgChlyntugkJQ]]></FromUserName>
<CreateTime>1468548385</CreateTime>
<MsgType><![CDATA[event]]></MsgType>
<Event><![CDATA[VIEW]]></Event>
<EventKey><![CDATA[http://www.9kpu.com/app/index.php?i=25&c=entry&do=bangding&m=lianhu_school]]></EventKey>
<MenuId>410687554</MenuId>
</xml>

2016-07-15 10:06:25 params :
------------
Array:
message : Array ;
module : news ;
rule : 53 ;
priority : 3 ;
keyword : Array ;

2016-07-15 10:06:25 response :
------------
Array:
FromUserName : gh_c8e42a22d2ba ;
ToUserName : o7oRnwwpD-YZU5DkgChlyntugkJQ ;
MsgType : news ;
ArticleCount : 2 ;
Articles : Array ;

2016-07-15 10:11:33 trace :
------------
String:
<xml><ToUserName><![CDATA[gh_c8e42a22d2ba]]></ToUserName>
<FromUserName><![CDATA[o7oRnw2x9zRjxnSw6FqMW903J8yg]]></FromUserName>
<CreateTime>1468548693</CreateTime>
<MsgType><![CDATA[event]]></MsgType>
<Event><![CDATA[VIEW]]></Event>
<EventKey><![CDATA[http://www.9kpu.com/app/index.php?i=25&c=entry&do=bangding&m=lianhu_school]]></EventKey>
<MenuId>410687554</MenuId>
</xml>

2016-07-15 10:11:33 params :
------------
Array:
message : Array ;
module : news ;
rule : 53 ;
priority : 3 ;
keyword : Array ;

2016-07-15 10:11:33 response :
------------
Array:
FromUserName : gh_c8e42a22d2ba ;
ToUserName : o7oRnw2x9zRjxnSw6FqMW903J8yg ;
MsgType : news ;
ArticleCount : 2 ;
Articles : Array ;

2016-07-15 10:11:41 trace :
------------
String:
<xml><ToUserName><![CDATA[gh_c8e42a22d2ba]]></ToUserName>
<FromUserName><![CDATA[o7oRnw2x9zRjxnSw6FqMW903J8yg]]></FromUserName>
<CreateTime>1468548701</CreateTime>
<MsgType><![CDATA[text]]></MsgType>
<Content><![CDATA[实训处]]></Content>
<MsgId>6307368643789253312</MsgId>
</xml>

2016-07-15 10:11:41 params :
------------
Array:
message : Array ;
module : news ;
rule : 53 ;
priority : 3 ;
keyword : Array ;

2016-07-15 10:11:41 response :
------------
Array:
FromUserName : gh_c8e42a22d2ba ;
ToUserName : o7oRnw2x9zRjxnSw6FqMW903J8yg ;
MsgType : news ;
ArticleCount : 2 ;
Articles : Array ;

2016-07-15 10:11:50 trace :
------------
String:
<xml><ToUserName><![CDATA[gh_c8e42a22d2ba]]></ToUserName>
<FromUserName><![CDATA[o7oRnw5LjLcdj9FVtRuPoKN2s1lw]]></FromUserName>
<CreateTime>1468548709</CreateTime>
<MsgType><![CDATA[text]]></MsgType>
<Content><![CDATA[实训处]]></Content>
<MsgId>6307368678148991683</MsgId>
</xml>

2016-07-15 10:11:50 params :
------------
Array:
message : Array ;
module : news ;
rule : 53 ;
priority : 3 ;
keyword : Array ;

2016-07-15 10:11:50 response :
------------
Array:
FromUserName : gh_c8e42a22d2ba ;
ToUserName : o7oRnw5LjLcdj9FVtRuPoKN2s1lw ;
MsgType : news ;
ArticleCount : 2 ;
Articles : Array ;

2016-07-15 10:12:00 trace :
------------
String:
<xml><ToUserName><![CDATA[gh_c8e42a22d2ba]]></ToUserName>
<FromUserName><![CDATA[o7oRnw4L_8Cj9R8irnuzNWVTJXf0]]></FromUserName>
<CreateTime>1468548720</CreateTime>
<MsgType><![CDATA[event]]></MsgType>
<Event><![CDATA[VIEW]]></Event>
<EventKey><![CDATA[http://www.9kpu.com/app/index.php?i=25&c=home&]]></EventKey>
<MenuId>410687554</MenuId>
</xml>

2016-07-15 10:12:00 params :
------------
Array:
message : Array ;
module : news ;
rule : 53 ;
priority : 3 ;
keyword : Array ;

2016-07-15 10:12:00 response :
------------
Array:
FromUserName : gh_c8e42a22d2ba ;
ToUserName : o7oRnw4L_8Cj9R8irnuzNWVTJXf0 ;
MsgType : news ;
ArticleCount : 2 ;
Articles : Array ;

2016-07-15 10:12:35 trace :
------------
String:
<xml><ToUserName><![CDATA[gh_c8e42a22d2ba]]></ToUserName>
<FromUserName><![CDATA[o7oRnw4L_8Cj9R8irnuzNWVTJXf0]]></FromUserName>
<CreateTime>1468548755</CreateTime>
<MsgType><![CDATA[event]]></MsgType>
<Event><![CDATA[VIEW]]></Event>
<EventKey><![CDATA[http://www.9kpu.com/app/index.php?i=25&c=entry&do=bangding&m=lianhu_school]]></EventKey>
<MenuId>410687554</MenuId>
</xml>

2016-07-15 10:12:35 params :
------------
Array:
message : Array ;
module : news ;
rule : 53 ;
priority : 3 ;
keyword : Array ;

2016-07-15 10:12:35 response :
------------
Array:
FromUserName : gh_c8e42a22d2ba ;
ToUserName : o7oRnw4L_8Cj9R8irnuzNWVTJXf0 ;
MsgType : news ;
ArticleCount : 2 ;
Articles : Array ;

2016-07-15 10:12:37 trace :
------------
String:
<xml><ToUserName><![CDATA[gh_c8e42a22d2ba]]></ToUserName>
<FromUserName><![CDATA[o7oRnw4L_8Cj9R8irnuzNWVTJXf0]]></FromUserName>
<CreateTime>1468548757</CreateTime>
<MsgType><![CDATA[event]]></MsgType>
<Event><![CDATA[VIEW]]></Event>
<EventKey><![CDATA[http://www.9kpu.com/app/index.php?i=25&c=entry&do=teaIn&m=lianhu_school]]></EventKey>
<MenuId>410687554</MenuId>
</xml>

2016-07-15 10:12:37 params :
------------
Array:
message : Array ;
module : news ;
rule : 53 ;
priority : 3 ;
keyword : Array ;

2016-07-15 10:12:37 response :
------------
Array:
FromUserName : gh_c8e42a22d2ba ;
ToUserName : o7oRnw4L_8Cj9R8irnuzNWVTJXf0 ;
MsgType : news ;
ArticleCount : 2 ;
Articles : Array ;

2016-07-15 10:12:41 trace :
------------
String:
<xml><ToUserName><![CDATA[gh_c8e42a22d2ba]]></ToUserName>
<FromUserName><![CDATA[o7oRnw4L_8Cj9R8irnuzNWVTJXf0]]></FromUserName>
<CreateTime>1468548761</CreateTime>
<MsgType><![CDATA[event]]></MsgType>
<Event><![CDATA[VIEW]]></Event>
<EventKey><![CDATA[http://www.9kpu.com/app/index.php?i=25&c=home&]]></EventKey>
<MenuId>410687554</MenuId>
</xml>

2016-07-15 10:12:41 params :
------------
Array:
message : Array ;
module : news ;
rule : 53 ;
priority : 3 ;
keyword : Array ;

2016-07-15 10:12:41 response :
------------
Array:
FromUserName : gh_c8e42a22d2ba ;
ToUserName : o7oRnw4L_8Cj9R8irnuzNWVTJXf0 ;
MsgType : news ;
ArticleCount : 2 ;
Articles : Array ;

2016-07-15 10:13:20 trace :
------------
String:
<xml><ToUserName><![CDATA[gh_c8e42a22d2ba]]></ToUserName>
<FromUserName><![CDATA[o7oRnw2x9zRjxnSw6FqMW903J8yg]]></FromUserName>
<CreateTime>1468548800</CreateTime>
<MsgType><![CDATA[event]]></MsgType>
<Event><![CDATA[VIEW]]></Event>
<EventKey><![CDATA[http://www.9kpu.com/app/index.php?i=25&c=home&]]></EventKey>
<MenuId>410687554</MenuId>
</xml>

2016-07-15 10:13:20 params :
------------
Array:
message : Array ;
module : news ;
rule : 53 ;
priority : 3 ;
keyword : Array ;

2016-07-15 10:13:20 response :
------------
Array:
FromUserName : gh_c8e42a22d2ba ;
ToUserName : o7oRnw2x9zRjxnSw6FqMW903J8yg ;
MsgType : news ;
ArticleCount : 2 ;
Articles : Array ;

2016-07-15 10:13:25 trace :
------------
String:
<xml><ToUserName><![CDATA[gh_c8e42a22d2ba]]></ToUserName>
<FromUserName><![CDATA[o7oRnw2x9zRjxnSw6FqMW903J8yg]]></FromUserName>
<CreateTime>1468548805</CreateTime>
<MsgType><![CDATA[text]]></MsgType>
<Content><![CDATA[实训处]]></Content>
<MsgId>6307369090465852128</MsgId>
</xml>

2016-07-15 10:13:25 params :
------------
Array:
message : Array ;
module : news ;
rule : 53 ;
priority : 3 ;
keyword : Array ;

2016-07-15 10:13:25 response :
------------
Array:
FromUserName : gh_c8e42a22d2ba ;
ToUserName : o7oRnw2x9zRjxnSw6FqMW903J8yg ;
MsgType : news ;
ArticleCount : 2 ;
Articles : Array ;

2016-07-15 10:13:28 trace :
------------
String:
<xml><ToUserName><![CDATA[gh_c8e42a22d2ba]]></ToUserName>
<FromUserName><![CDATA[o7oRnw2x9zRjxnSw6FqMW903J8yg]]></FromUserName>
<CreateTime>1468548808</CreateTime>
<MsgType><![CDATA[event]]></MsgType>
<Event><![CDATA[VIEW]]></Event>
<EventKey><![CDATA[http://www.9kpu.com/app/index.php?i=25&c=home&]]></EventKey>
<MenuId>410687554</MenuId>
</xml>

2016-07-15 10:13:28 params :
------------
Array:
message : Array ;
module : news ;
rule : 53 ;
priority : 3 ;
keyword : Array ;

2016-07-15 10:13:28 response :
------------
Array:
FromUserName : gh_c8e42a22d2ba ;
ToUserName : o7oRnw2x9zRjxnSw6FqMW903J8yg ;
MsgType : news ;
ArticleCount : 2 ;
Articles : Array ;

2016-07-15 10:15:33 trace :
------------
String:
<xml><ToUserName><![CDATA[gh_c8e42a22d2ba]]></ToUserName>
<FromUserName><![CDATA[o7oRnw2x9zRjxnSw6FqMW903J8yg]]></FromUserName>
<CreateTime>1468548933</CreateTime>
<MsgType><![CDATA[text]]></MsgType>
<Content><![CDATA[实训处]]></Content>
<MsgId>6307369640221666061</MsgId>
</xml>

2016-07-15 10:15:33 params :
------------
Array:
message : Array ;
module : news ;
rule : 53 ;
priority : 3 ;
keyword : Array ;

2016-07-15 10:15:33 response :
------------
Array:
FromUserName : gh_c8e42a22d2ba ;
ToUserName : o7oRnw2x9zRjxnSw6FqMW903J8yg ;
MsgType : news ;
ArticleCount : 2 ;
Articles : Array ;

2016-07-15 10:18:58 trace :
------------
String:
<xml><ToUserName><![CDATA[gh_c8e42a22d2ba]]></ToUserName>
<FromUserName><![CDATA[o7oRnw5LjLcdj9FVtRuPoKN2s1lw]]></FromUserName>
<CreateTime>1468549138</CreateTime>
<MsgType><![CDATA[text]]></MsgType>
<Content><![CDATA[实训]]></Content>
<MsgId>6307370520689961834</MsgId>
</xml>

2016-07-15 10:18:58 params :
------------
Array:
message : Array ;
module : news ;
rule : 53 ;
priority : 3 ;
keyword : Array ;

2016-07-15 10:18:58 response :
------------
Array:
FromUserName : gh_c8e42a22d2ba ;
ToUserName : o7oRnw5LjLcdj9FVtRuPoKN2s1lw ;
MsgType : news ;
ArticleCount : 2 ;
Articles : Array ;

2016-07-15 10:21:05 trace :
------------
String:
<xml><ToUserName><![CDATA[gh_c8e42a22d2ba]]></ToUserName>
<FromUserName><![CDATA[o7oRnw5LjLcdj9FVtRuPoKN2s1lw]]></FromUserName>
<CreateTime>1468549264</CreateTime>
<MsgType><![CDATA[text]]></MsgType>
<Content><![CDATA[实训]]></Content>
<MsgId>6307371061855841176</MsgId>
</xml>

2016-07-15 10:21:05 params :
------------
Array:
message : Array ;
module : news ;
rule : 54 ;
priority : 255 ;
keyword : Array ;

2016-07-15 10:21:05 response :
------------
Array:
FromUserName : gh_c8e42a22d2ba ;
ToUserName : o7oRnw5LjLcdj9FVtRuPoKN2s1lw ;
MsgType : news ;
ArticleCount : 1 ;
Articles : Array ;

2016-07-15 10:21:17 trace :
------------
String:
<xml><ToUserName><![CDATA[gh_c8e42a22d2ba]]></ToUserName>
<FromUserName><![CDATA[o7oRnw5LjLcdj9FVtRuPoKN2s1lw]]></FromUserName>
<CreateTime>1468549277</CreateTime>
<MsgType><![CDATA[text]]></MsgType>
<Content><![CDATA[14实训]]></Content>
<MsgId>6307371117690416030</MsgId>
</xml>

2016-07-15 10:21:17 params :
------------
Array:
message : Array ;
module : news ;
rule : 54 ;
priority : 255 ;
keyword : Array ;

2016-07-15 10:21:17 response :
------------
Array:
FromUserName : gh_c8e42a22d2ba ;
ToUserName : o7oRnw5LjLcdj9FVtRuPoKN2s1lw ;
MsgType : news ;
ArticleCount : 1 ;
Articles : Array ;

2016-07-15 10:21:41 trace :
------------
String:
<xml><ToUserName><![CDATA[gh_c8e42a22d2ba]]></ToUserName>
<FromUserName><![CDATA[o7oRnw5LjLcdj9FVtRuPoKN2s1lw]]></FromUserName>
<CreateTime>1468549301</CreateTime>
<MsgType><![CDATA[event]]></MsgType>
<Event><![CDATA[unsubscribe]]></Event>
<EventKey><![CDATA[]]></EventKey>
</xml>

2016-07-15 10:22:02 trace :
------------
String:
<xml><ToUserName><![CDATA[gh_c8e42a22d2ba]]></ToUserName>
<FromUserName><![CDATA[o7oRnw5LjLcdj9FVtRuPoKN2s1lw]]></FromUserName>
<CreateTime>1468549322</CreateTime>
<MsgType><![CDATA[event]]></MsgType>
<Event><![CDATA[subscribe]]></Event>
<EventKey><![CDATA[]]></EventKey>
</xml>

2016-07-15 10:22:02 params :
------------
Array:
message : Array ;
module : news ;
rule : 53 ;
priority : 3 ;
keyword : Array ;

2016-07-15 10:22:02 response :
------------
Array:
FromUserName : gh_c8e42a22d2ba ;
ToUserName : o7oRnw5LjLcdj9FVtRuPoKN2s1lw ;
MsgType : news ;
ArticleCount : 2 ;
Articles : Array ;

2016-07-15 10:22:17 trace :
------------
String:
<xml><ToUserName><![CDATA[gh_c8e42a22d2ba]]></ToUserName>
<FromUserName><![CDATA[o7oRnw5LjLcdj9FVtRuPoKN2s1lw]]></FromUserName>
<CreateTime>1468549336</CreateTime>
<MsgType><![CDATA[text]]></MsgType>
<Content><![CDATA[实训]]></Content>
<MsgId>6307371371093486513</MsgId>
</xml>

2016-07-15 10:22:17 params :
------------
Array:
message : Array ;
module : news ;
rule : 54 ;
priority : 255 ;
keyword : Array ;

2016-07-15 10:22:17 response :
------------
Array:
FromUserName : gh_c8e42a22d2ba ;
ToUserName : o7oRnw5LjLcdj9FVtRuPoKN2s1lw ;
MsgType : news ;
ArticleCount : 1 ;
Articles : Array ;

2016-07-15 10:26:37 trace :
------------
String:
<xml><ToUserName><![CDATA[gh_c8e42a22d2ba]]></ToUserName>
<FromUserName><![CDATA[o7oRnwwpD-YZU5DkgChlyntugkJQ]]></FromUserName>
<CreateTime>1468549597</CreateTime>
<MsgType><![CDATA[text]]></MsgType>
<Content><![CDATA[实训]]></Content>
<MsgId>6307372492079950900</MsgId>
</xml>

2016-07-15 10:26:37 params :
------------
Array:
message : Array ;
module : news ;
rule : 54 ;
priority : 255 ;
keyword : Array ;

2016-07-15 10:26:37 response :
------------
Array:
FromUserName : gh_c8e42a22d2ba ;
ToUserName : o7oRnwwpD-YZU5DkgChlyntugkJQ ;
MsgType : news ;
ArticleCount : 1 ;
Articles : Array ;

2016-07-15 10:26:52 trace :
------------
String:
<xml><ToUserName><![CDATA[gh_c8e42a22d2ba]]></ToUserName>
<FromUserName><![CDATA[o7oRnwwpD-YZU5DkgChlyntugkJQ]]></FromUserName>
<CreateTime>1468549612</CreateTime>
<MsgType><![CDATA[event]]></MsgType>
<Event><![CDATA[VIEW]]></Event>
<EventKey><![CDATA[http://www.9kpu.com/app/index.php?i=25&c=entry&do=bangding&m=lianhu_school]]></EventKey>
<MenuId>410687554</MenuId>
</xml>

2016-07-15 10:26:52 params :
------------
Array:
message : Array ;
module : news ;
rule : 53 ;
priority : 3 ;
keyword : Array ;

2016-07-15 10:26:52 response :
------------
Array:
FromUserName : gh_c8e42a22d2ba ;
ToUserName : o7oRnwwpD-YZU5DkgChlyntugkJQ ;
MsgType : news ;
ArticleCount : 2 ;
Articles : Array ;

2016-07-15 10:29:30 trace :
------------
String:
<xml><ToUserName><![CDATA[gh_c8e42a22d2ba]]></ToUserName>
<FromUserName><![CDATA[o7oRnwwpD-YZU5DkgChlyntugkJQ]]></FromUserName>
<CreateTime>1468549770</CreateTime>
<MsgType><![CDATA[event]]></MsgType>
<Event><![CDATA[VIEW]]></Event>
<EventKey><![CDATA[http://www.9kpu.com/app/index.php?i=25&c=entry&do=teaIn&m=lianhu_school]]></EventKey>
<MenuId>410687554</MenuId>
</xml>

2016-07-15 10:29:30 params :
------------
Array:
message : Array ;
module : news ;
rule : 53 ;
priority : 3 ;
keyword : Array ;

2016-07-15 10:29:30 response :
------------
Array:
FromUserName : gh_c8e42a22d2ba ;
ToUserName : o7oRnwwpD-YZU5DkgChlyntugkJQ ;
MsgType : news ;
ArticleCount : 2 ;
Articles : Array ;

2016-07-15 11:21:23 trace :
------------
String:
<xml><ToUserName><![CDATA[gh_2ee031f2e428]]></ToUserName>
<FromUserName><![CDATA[ojDkIwjrKNRko-9wSxIIA1TYrTWs]]></FromUserName>
<CreateTime>1468552883</CreateTime>
<MsgType><![CDATA[event]]></MsgType>
<Event><![CDATA[VIEW]]></Event>
<EventKey><![CDATA[http://www.9kpu.com/app/index.php?i=20&c=home&=entry&eid=1]]></EventKey>
<MenuId>410679894</MenuId>
</xml>

2016-07-15 11:21:23 params :
------------
Array:
rule : -2 ;
module :  ;
message : Array ;

2016-07-15 11:21:23 response :
------------

2016-07-15 11:21:51 trace :
------------
String:
<xml><ToUserName><![CDATA[gh_2ee031f2e428]]></ToUserName>
<FromUserName><![CDATA[ojDkIwjrKNRko-9wSxIIA1TYrTWs]]></FromUserName>
<CreateTime>1468552911</CreateTime>
<MsgType><![CDATA[event]]></MsgType>
<Event><![CDATA[VIEW]]></Event>
<EventKey><![CDATA[http://www.9kpu.com/app/index.php?i=20&c=entry&do=teaIn&m=lianhu_school]]></EventKey>
<MenuId>410679894</MenuId>
</xml>

2016-07-15 11:21:51 params :
------------
Array:
rule : -2 ;
module :  ;
message : Array ;

2016-07-15 11:21:51 response :
------------

2016-07-15 11:21:59 trace :
------------
String:
<xml><ToUserName><![CDATA[gh_2ee031f2e428]]></ToUserName>
<FromUserName><![CDATA[ojDkIwjrKNRko-9wSxIIA1TYrTWs]]></FromUserName>
<CreateTime>1468552919</CreateTime>
<MsgType><![CDATA[event]]></MsgType>
<Event><![CDATA[VIEW]]></Event>
<EventKey><![CDATA[http://www.9kpu.com/app/index.php?i=20&c=entry&do=bangding&m=lianhu_school]]></EventKey>
<MenuId>410679894</MenuId>
</xml>

2016-07-15 11:21:59 params :
------------
Array:
rule : -2 ;
module :  ;
message : Array ;

2016-07-15 11:21:59 response :
------------

2016-07-15 11:37:43 trace :
------------
String:
<xml><ToUserName><![CDATA[gh_0eab716966d4]]></ToUserName>
<FromUserName><![CDATA[oSoVuwAs7fdAXEHg9stQ15qGLlAg]]></FromUserName>
<CreateTime>1468553863</CreateTime>
<MsgType><![CDATA[event]]></MsgType>
<Event><![CDATA[VIEW]]></Event>
<EventKey><![CDATA[http://www.9kpu.com/app/index.php?i=28&c=home&]]></EventKey>
<MenuId>414492131</MenuId>
</xml>

2016-07-15 11:37:43 params :
------------
Array:
rule : -2 ;
module :  ;
message : Array ;

2016-07-15 11:37:43 response :
------------

2016-07-15 11:38:10 trace :
------------
String:
<xml><ToUserName><![CDATA[gh_0eab716966d4]]></ToUserName>
<FromUserName><![CDATA[oSoVuwAs7fdAXEHg9stQ15qGLlAg]]></FromUserName>
<CreateTime>1468553890</CreateTime>
<MsgType><![CDATA[event]]></MsgType>
<Event><![CDATA[VIEW]]></Event>
<EventKey><![CDATA[http://www.9kpu.com/app/index.php?i=28&c=home&]]></EventKey>
<MenuId>414492131</MenuId>
</xml>

2016-07-15 11:38:10 params :
------------
Array:
rule : -2 ;
module :  ;
message : Array ;

2016-07-15 11:38:10 response :
------------

2016-07-15 11:39:11 trace :
------------
String:
<xml><ToUserName><![CDATA[gh_0eab716966d4]]></ToUserName>
<FromUserName><![CDATA[oSoVuwAs7fdAXEHg9stQ15qGLlAg]]></FromUserName>
<CreateTime>1468553951</CreateTime>
<MsgType><![CDATA[event]]></MsgType>
<Event><![CDATA[VIEW]]></Event>
<EventKey><![CDATA[http://www.9kpu.com/app/index.php?i=28&c=home&]]></EventKey>
<MenuId>414492131</MenuId>
</xml>

2016-07-15 11:39:11 params :
------------
Array:
rule : -2 ;
module :  ;
message : Array ;

2016-07-15 11:39:11 response :
------------

2016-07-15 14:17:10 trace :
------------
String:
<xml><ToUserName><![CDATA[gh_2a16c32dff4b]]></ToUserName>
<FromUserName><![CDATA[oZF73wAKimMU1XufzSoWnPXuf02w]]></FromUserName>
<CreateTime>1468563430</CreateTime>
<MsgType><![CDATA[event]]></MsgType>
<Event><![CDATA[VIEW]]></Event>
<EventKey><![CDATA[http://www.9kpu.com/app/index.php?i=26&c=entry&eid=1]]></EventKey>
<MenuId>442583838</MenuId>
</xml>

2016-07-15 14:17:10 params :
------------
Array:
rule : -2 ;
module :  ;
message : Array ;

2016-07-15 14:17:10 response :
------------

2016-07-15 14:18:41 trace :
------------
String:
<xml><ToUserName><![CDATA[gh_e7a0c8306261]]></ToUserName>
<FromUserName><![CDATA[oRj-Fs5QjtciVl9kBRfKQQiKibmI]]></FromUserName>
<CreateTime>1468563520</CreateTime>
<MsgType><![CDATA[event]]></MsgType>
<Event><![CDATA[VIEW]]></Event>
<EventKey><![CDATA[http://www.9kpu.com/app/index.php?i=13&c=entry&eid=1]]></EventKey>
<MenuId>409075692</MenuId>
</xml>

2016-07-15 14:18:41 params :
------------
Array:
message : Array ;
module : basic ;
rule : 22 ;
priority : 0 ;
keyword : Array ;

2016-07-15 14:18:41 response :
------------
Array:
FromUserName : gh_e7a0c8306261 ;
ToUserName : oRj-Fs5QjtciVl9kBRfKQQiKibmI ;
MsgType : text ;
Content : 欢迎关注同城学堂，点击微官网查看本学校介绍信息，家长点击学生天地绑定自己小孩信息使用，老师点击教师信息绑定自己账号使用 ;

2016-07-15 14:20:38 trace :
------------
String:
<xml><ToUserName><![CDATA[gh_e7a0c8306261]]></ToUserName>
<FromUserName><![CDATA[oRj-Fs5QjtciVl9kBRfKQQiKibmI]]></FromUserName>
<CreateTime>1468563638</CreateTime>
<MsgType><![CDATA[event]]></MsgType>
<Event><![CDATA[VIEW]]></Event>
<EventKey><![CDATA[http://www.9kpu.com/app/index.php?i=13&c=entry&eid=2]]></EventKey>
<MenuId>409075692</MenuId>
</xml>

2016-07-15 14:20:38 params :
------------
Array:
message : Array ;
module : basic ;
rule : 22 ;
priority : 0 ;
keyword : Array ;

2016-07-15 14:20:38 response :
------------
Array:
FromUserName : gh_e7a0c8306261 ;
ToUserName : oRj-Fs5QjtciVl9kBRfKQQiKibmI ;
MsgType : text ;
Content : 欢迎关注同城学堂，点击微官网查看本学校介绍信息，家长点击学生天地绑定自己小孩信息使用，老师点击教师信息绑定自己账号使用 ;

2016-07-15 14:20:45 trace :
------------
String:
<xml><ToUserName><![CDATA[gh_e7a0c8306261]]></ToUserName>
<FromUserName><![CDATA[oRj-Fs5QjtciVl9kBRfKQQiKibmI]]></FromUserName>
<CreateTime>1468563645</CreateTime>
<MsgType><![CDATA[event]]></MsgType>
<Event><![CDATA[VIEW]]></Event>
<EventKey><![CDATA[http://www.9kpu.com/app/index.php?i=13&c=entry&eid=2]]></EventKey>
<MenuId>409075692</MenuId>
</xml>

2016-07-15 14:20:45 params :
------------
Array:
message : Array ;
module : basic ;
rule : 22 ;
priority : 0 ;
keyword : Array ;

2016-07-15 14:20:45 response :
------------
Array:
FromUserName : gh_e7a0c8306261 ;
ToUserName : oRj-Fs5QjtciVl9kBRfKQQiKibmI ;
MsgType : text ;
Content : 欢迎关注同城学堂，点击微官网查看本学校介绍信息，家长点击学生天地绑定自己小孩信息使用，老师点击教师信息绑定自己账号使用 ;

2016-07-15 14:24:59 trace :
------------
String:
<xml><ToUserName><![CDATA[gh_2a16c32dff4b]]></ToUserName>
<FromUserName><![CDATA[oZF73wBkXJ6u0LGlU0dqK0C_enLo]]></FromUserName>
<CreateTime>1468563899</CreateTime>
<MsgType><![CDATA[event]]></MsgType>
<Event><![CDATA[VIEW]]></Event>
<EventKey><![CDATA[http://www.9kpu.com/app/index.php?i=26&c=entry&do=teaIn&m=lianhu_school]]></EventKey>
<MenuId>442583838</MenuId>
</xml>

2016-07-15 14:24:59 params :
------------
Array:
rule : -2 ;
module :  ;
message : Array ;

2016-07-15 14:24:59 response :
------------

2016-07-15 14:25:14 trace :
------------
String:
<xml><ToUserName><![CDATA[gh_2a16c32dff4b]]></ToUserName>
<FromUserName><![CDATA[oZF73wBkXJ6u0LGlU0dqK0C_enLo]]></FromUserName>
<CreateTime>1468563914</CreateTime>
<MsgType><![CDATA[event]]></MsgType>
<Event><![CDATA[VIEW]]></Event>
<EventKey><![CDATA[http://www.9kpu.com/app/index.php?i=26&c=entry&eid=1]]></EventKey>
<MenuId>442583838</MenuId>
</xml>

2016-07-15 14:25:14 params :
------------
Array:
rule : -2 ;
module :  ;
message : Array ;

2016-07-15 14:25:14 response :
------------

2016-07-15 14:26:27 trace :
------------
String:
<xml><ToUserName><![CDATA[gh_2a16c32dff4b]]></ToUserName>
<FromUserName><![CDATA[oZF73wBkXJ6u0LGlU0dqK0C_enLo]]></FromUserName>
<CreateTime>1468563987</CreateTime>
<MsgType><![CDATA[event]]></MsgType>
<Event><![CDATA[VIEW]]></Event>
<EventKey><![CDATA[http://www.9kpu.com/app/index.php?i=26&c=entry&do=teaIn&m=lianhu_school]]></EventKey>
<MenuId>442583838</MenuId>
</xml>

2016-07-15 14:26:27 params :
------------
Array:
rule : -2 ;
module :  ;
message : Array ;

2016-07-15 14:26:27 response :
------------

2016-07-15 14:29:16 trace :
------------
String:
<xml><ToUserName><![CDATA[gh_2a16c32dff4b]]></ToUserName>
<FromUserName><![CDATA[oZF73wBkXJ6u0LGlU0dqK0C_enLo]]></FromUserName>
<CreateTime>1468564156</CreateTime>
<MsgType><![CDATA[event]]></MsgType>
<Event><![CDATA[VIEW]]></Event>
<EventKey><![CDATA[http://www.9kpu.com/app/index.php?i=26&c=entry&eid=1]]></EventKey>
<MenuId>442583838</MenuId>
</xml>

2016-07-15 14:29:16 params :
------------
Array:
rule : -2 ;
module :  ;
message : Array ;

2016-07-15 14:29:16 response :
------------

2016-07-15 14:39:47 trace :
------------
String:
<xml><ToUserName><![CDATA[gh_2a16c32dff4b]]></ToUserName>
<FromUserName><![CDATA[oZF73wIXVlQR4Pr-M97VP810K6b0]]></FromUserName>
<CreateTime>1468564786</CreateTime>
<MsgType><![CDATA[event]]></MsgType>
<Event><![CDATA[subscribe]]></Event>
<EventKey><![CDATA[]]></EventKey>
</xml>

2016-07-15 14:39:47 params :
------------
Array:
rule : -2 ;
module :  ;
message : Array ;

2016-07-15 14:39:47 response :
------------

2016-07-15 14:39:52 trace :
------------
String:
<xml><ToUserName><![CDATA[gh_2a16c32dff4b]]></ToUserName>
<FromUserName><![CDATA[oZF73wIXVlQR4Pr-M97VP810K6b0]]></FromUserName>
<CreateTime>1468564792</CreateTime>
<MsgType><![CDATA[event]]></MsgType>
<Event><![CDATA[VIEW]]></Event>
<EventKey><![CDATA[http://www.9kpu.com/app/index.php?i=26&c=home&]]></EventKey>
<MenuId>442583838</MenuId>
</xml>

2016-07-15 14:39:52 params :
------------
Array:
rule : -2 ;
module :  ;
message : Array ;

2016-07-15 14:39:52 response :
------------

2016-07-15 14:40:04 trace :
------------
String:
<xml><ToUserName><![CDATA[gh_2a16c32dff4b]]></ToUserName>
<FromUserName><![CDATA[oZF73wIXVlQR4Pr-M97VP810K6b0]]></FromUserName>
<CreateTime>1468564804</CreateTime>
<MsgType><![CDATA[event]]></MsgType>
<Event><![CDATA[VIEW]]></Event>
<EventKey><![CDATA[http://www.9kpu.com/app/index.php?i=26&c=entry&eid=1]]></EventKey>
<MenuId>442583838</MenuId>
</xml>

2016-07-15 14:40:04 params :
------------
Array:
rule : -2 ;
module :  ;
message : Array ;

2016-07-15 14:40:04 response :
------------

2016-07-15 14:40:11 trace :
------------
String:
<xml><ToUserName><![CDATA[gh_2a16c32dff4b]]></ToUserName>
<FromUserName><![CDATA[oZF73wIXVlQR4Pr-M97VP810K6b0]]></FromUserName>
<CreateTime>1468564811</CreateTime>
<MsgType><![CDATA[event]]></MsgType>
<Event><![CDATA[VIEW]]></Event>
<EventKey><![CDATA[http://www.9kpu.com/app/index.php?i=26&c=entry&eid=2]]></EventKey>
<MenuId>442583838</MenuId>
</xml>

2016-07-15 14:40:11 params :
------------
Array:
rule : -2 ;
module :  ;
message : Array ;

2016-07-15 14:40:11 response :
------------

2016-07-15 14:40:14 trace :
------------
String:
<xml><ToUserName><![CDATA[gh_2a16c32dff4b]]></ToUserName>
<FromUserName><![CDATA[oZF73wIXVlQR4Pr-M97VP810K6b0]]></FromUserName>
<CreateTime>1468564814</CreateTime>
<MsgType><![CDATA[event]]></MsgType>
<Event><![CDATA[VIEW]]></Event>
<EventKey><![CDATA[http://www.9kpu.com/app/index.php?i=26&c=entry&do=teaIn&m=lianhu_school]]></EventKey>
<MenuId>442583838</MenuId>
</xml>

2016-07-15 14:40:14 params :
------------
Array:
rule : -2 ;
module :  ;
message : Array ;

2016-07-15 14:40:14 response :
------------

2016-07-15 14:40:21 trace :
------------
String:
<xml><ToUserName><![CDATA[gh_2a16c32dff4b]]></ToUserName>
<FromUserName><![CDATA[oZF73wIXVlQR4Pr-M97VP810K6b0]]></FromUserName>
<CreateTime>1468564821</CreateTime>
<MsgType><![CDATA[event]]></MsgType>
<Event><![CDATA[VIEW]]></Event>
<EventKey><![CDATA[http://www.9kpu.com/app/index.php?i=26&c=entry&eid=1]]></EventKey>
<MenuId>442583838</MenuId>
</xml>

2016-07-15 14:40:21 params :
------------
Array:
rule : -2 ;
module :  ;
message : Array ;

2016-07-15 14:40:21 response :
------------

2016-07-15 14:44:49 trace :
------------
String:
<xml><ToUserName><![CDATA[gh_2a16c32dff4b]]></ToUserName>
<FromUserName><![CDATA[oZF73wIXVlQR4Pr-M97VP810K6b0]]></FromUserName>
<CreateTime>1468565089</CreateTime>
<MsgType><![CDATA[event]]></MsgType>
<Event><![CDATA[VIEW]]></Event>
<EventKey><![CDATA[http://www.9kpu.com/app/index.php?i=26&c=entry&eid=1]]></EventKey>
<MenuId>442583838</MenuId>
</xml>

2016-07-15 14:44:49 params :
------------
Array:
rule : -2 ;
module :  ;
message : Array ;

2016-07-15 14:44:49 response :
------------

2016-07-15 14:45:29 trace :
------------
String:
<xml><ToUserName><![CDATA[gh_2a16c32dff4b]]></ToUserName>
<FromUserName><![CDATA[oZF73wIXVlQR4Pr-M97VP810K6b0]]></FromUserName>
<CreateTime>1468565129</CreateTime>
<MsgType><![CDATA[event]]></MsgType>
<Event><![CDATA[VIEW]]></Event>
<EventKey><![CDATA[http://www.9kpu.com/app/index.php?i=26&c=home&]]></EventKey>
<MenuId>442583838</MenuId>
</xml>

2016-07-15 14:45:29 params :
------------
Array:
rule : -2 ;
module :  ;
message : Array ;

2016-07-15 14:45:29 response :
------------

2016-07-15 14:45:39 trace :
------------
String:
<xml><ToUserName><![CDATA[gh_2a16c32dff4b]]></ToUserName>
<FromUserName><![CDATA[oZF73wIXVlQR4Pr-M97VP810K6b0]]></FromUserName>
<CreateTime>1468565139</CreateTime>
<MsgType><![CDATA[event]]></MsgType>
<Event><![CDATA[VIEW]]></Event>
<EventKey><![CDATA[http://www.9kpu.com/app/index.php?i=26&c=entry&eid=1]]></EventKey>
<MenuId>442583838</MenuId>
</xml>

2016-07-15 14:45:39 params :
------------
Array:
rule : -2 ;
module :  ;
message : Array ;

2016-07-15 14:45:39 response :
------------

2016-07-15 14:48:47 trace :
------------
String:
<xml><ToUserName><![CDATA[gh_2a16c32dff4b]]></ToUserName>
<FromUserName><![CDATA[oZF73wG1dMD4b1kg5ZCC0Ruai3LE]]></FromUserName>
<CreateTime>1468565327</CreateTime>
<MsgType><![CDATA[event]]></MsgType>
<Event><![CDATA[subscribe]]></Event>
<EventKey><![CDATA[]]></EventKey>
</xml>

2016-07-15 14:48:47 params :
------------
Array:
rule : -2 ;
module :  ;
message : Array ;

2016-07-15 14:48:47 response :
------------

2016-07-15 14:48:51 trace :
------------
String:
<xml><ToUserName><![CDATA[gh_2a16c32dff4b]]></ToUserName>
<FromUserName><![CDATA[oZF73wG1dMD4b1kg5ZCC0Ruai3LE]]></FromUserName>
<CreateTime>1468565331</CreateTime>
<MsgType><![CDATA[event]]></MsgType>
<Event><![CDATA[VIEW]]></Event>
<EventKey><![CDATA[http://www.9kpu.com/app/index.php?i=26&c=home&t=37]]></EventKey>
<MenuId>442583838</MenuId>
</xml>

2016-07-15 14:48:51 params :
------------
Array:
rule : -2 ;
module :  ;
message : Array ;

2016-07-15 14:48:51 response :
------------

2016-07-15 14:49:06 trace :
------------
String:
<xml><ToUserName><![CDATA[gh_2a16c32dff4b]]></ToUserName>
<FromUserName><![CDATA[oZF73wG1dMD4b1kg5ZCC0Ruai3LE]]></FromUserName>
<CreateTime>1468565346</CreateTime>
<MsgType><![CDATA[event]]></MsgType>
<Event><![CDATA[VIEW]]></Event>
<EventKey><![CDATA[http://www.9kpu.com/app/index.php?i=26&c=entry&do=teaIn&m=lianhu_school]]></EventKey>
<MenuId>442583838</MenuId>
</xml>

2016-07-15 14:49:06 params :
------------
Array:
rule : -2 ;
module :  ;
message : Array ;

2016-07-15 14:49:06 response :
------------

2016-07-15 14:51:21 trace :
------------
String:
<xml><ToUserName><![CDATA[gh_2a16c32dff4b]]></ToUserName>
<FromUserName><![CDATA[oZF73wIXVlQR4Pr-M97VP810K6b0]]></FromUserName>
<CreateTime>1468565481</CreateTime>
<MsgType><![CDATA[event]]></MsgType>
<Event><![CDATA[VIEW]]></Event>
<EventKey><![CDATA[http://www.9kpu.com/app/index.php?i=26&c=entry&eid=1]]></EventKey>
<MenuId>442583838</MenuId>
</xml>

2016-07-15 14:51:21 params :
------------
Array:
rule : -2 ;
module :  ;
message : Array ;

2016-07-15 14:51:21 response :
------------

2016-07-15 15:17:11 trace :
------------
String:
<xml><ToUserName><![CDATA[gh_2a16c32dff4b]]></ToUserName>
<FromUserName><![CDATA[oZF73wIXVlQR4Pr-M97VP810K6b0]]></FromUserName>
<CreateTime>1468567031</CreateTime>
<MsgType><![CDATA[event]]></MsgType>
<Event><![CDATA[VIEW]]></Event>
<EventKey><![CDATA[http://www.9kpu.com/app/index.php?i=26&c=entry&eid=1]]></EventKey>
<MenuId>442583838</MenuId>
</xml>

2016-07-15 15:17:11 params :
------------
Array:
rule : -2 ;
module :  ;
message : Array ;

2016-07-15 15:17:11 response :
------------

2016-07-15 15:18:14 trace :
------------
String:
<xml><ToUserName><![CDATA[gh_2a16c32dff4b]]></ToUserName>
<FromUserName><![CDATA[oZF73wIXVlQR4Pr-M97VP810K6b0]]></FromUserName>
<CreateTime>1468567094</CreateTime>
<MsgType><![CDATA[event]]></MsgType>
<Event><![CDATA[VIEW]]></Event>
<EventKey><![CDATA[http://www.9kpu.com/app/index.php?i=26&c=entry&eid=1]]></EventKey>
<MenuId>442583838</MenuId>
</xml>

2016-07-15 15:18:14 params :
------------
Array:
rule : -2 ;
module :  ;
message : Array ;

2016-07-15 15:18:14 response :
------------

2016-07-15 16:36:17 trace :
------------
String:
<xml><ToUserName><![CDATA[gh_2a16c32dff4b]]></ToUserName>
<FromUserName><![CDATA[oZF73wIXVlQR4Pr-M97VP810K6b0]]></FromUserName>
<CreateTime>1468571777</CreateTime>
<MsgType><![CDATA[event]]></MsgType>
<Event><![CDATA[VIEW]]></Event>
<EventKey><![CDATA[http://www.9kpu.com/app/index.php?i=26&c=entry&do=teaIn&m=lianhu_school]]></EventKey>
<MenuId>442583838</MenuId>
</xml>

2016-07-15 16:36:17 params :
------------
Array:
rule : -2 ;
module :  ;
message : Array ;

2016-07-15 16:36:17 response :
------------

2016-07-15 16:36:24 trace :
------------
String:
<xml><ToUserName><![CDATA[gh_2a16c32dff4b]]></ToUserName>
<FromUserName><![CDATA[oZF73wIXVlQR4Pr-M97VP810K6b0]]></FromUserName>
<CreateTime>1468571784</CreateTime>
<MsgType><![CDATA[event]]></MsgType>
<Event><![CDATA[VIEW]]></Event>
<EventKey><![CDATA[http://www.9kpu.com/app/index.php?i=26&c=home&t=37]]></EventKey>
<MenuId>442583838</MenuId>
</xml>

2016-07-15 16:36:24 params :
------------
Array:
rule : -2 ;
module :  ;
message : Array ;

2016-07-15 16:36:24 response :
------------

2016-07-15 16:36:33 trace :
------------
String:
<xml><ToUserName><![CDATA[gh_2a16c32dff4b]]></ToUserName>
<FromUserName><![CDATA[oZF73wIXVlQR4Pr-M97VP810K6b0]]></FromUserName>
<CreateTime>1468571793</CreateTime>
<MsgType><![CDATA[event]]></MsgType>
<Event><![CDATA[VIEW]]></Event>
<EventKey><![CDATA[http://www.9kpu.com/app/index.php?i=26&c=entry&eid=1]]></EventKey>
<MenuId>442583838</MenuId>
</xml>

2016-07-15 16:36:33 params :
------------
Array:
rule : -2 ;
module :  ;
message : Array ;

2016-07-15 16:36:33 response :
------------

2016-07-15 16:36:40 trace :
------------
String:
<xml><ToUserName><![CDATA[gh_2a16c32dff4b]]></ToUserName>
<FromUserName><![CDATA[oZF73wIXVlQR4Pr-M97VP810K6b0]]></FromUserName>
<CreateTime>1468571800</CreateTime>
<MsgType><![CDATA[event]]></MsgType>
<Event><![CDATA[VIEW]]></Event>
<EventKey><![CDATA[http://www.9kpu.com/app/index.php?i=26&c=entry&eid=1]]></EventKey>
<MenuId>442583838</MenuId>
</xml>

2016-07-15 16:36:40 params :
------------
Array:
rule : -2 ;
module :  ;
message : Array ;

2016-07-15 16:36:40 response :
------------

2016-07-15 16:37:59 trace :
------------
String:
<xml><ToUserName><![CDATA[gh_2a16c32dff4b]]></ToUserName>
<FromUserName><![CDATA[oZF73wIXVlQR4Pr-M97VP810K6b0]]></FromUserName>
<CreateTime>1468571879</CreateTime>
<MsgType><![CDATA[event]]></MsgType>
<Event><![CDATA[VIEW]]></Event>
<EventKey><![CDATA[http://www.9kpu.com/app/index.php?i=26&c=entry&eid=1]]></EventKey>
<MenuId>442583838</MenuId>
</xml>

2016-07-15 16:37:59 params :
------------
Array:
rule : -2 ;
module :  ;
message : Array ;

2016-07-15 16:37:59 response :
------------

2016-07-15 18:14:53 trace :
------------
String:
<xml><ToUserName><![CDATA[gh_2a16c32dff4b]]></ToUserName>
<FromUserName><![CDATA[oZF73wIXVlQR4Pr-M97VP810K6b0]]></FromUserName>
<CreateTime>1468577693</CreateTime>
<MsgType><![CDATA[event]]></MsgType>
<Event><![CDATA[VIEW]]></Event>
<EventKey><![CDATA[http://www.9kpu.com/app/index.php?i=26&c=entry&eid=1]]></EventKey>
<MenuId>442583838</MenuId>
</xml>

2016-07-15 18:14:53 params :
------------
Array:
rule : -2 ;
module :  ;
message : Array ;

2016-07-15 18:14:53 response :
------------

2016-07-15 18:48:08 trace :
------------
String:
<xml><ToUserName><![CDATA[gh_2a16c32dff4b]]></ToUserName>
<FromUserName><![CDATA[oZF73wIXVlQR4Pr-M97VP810K6b0]]></FromUserName>
<CreateTime>1468579688</CreateTime>
<MsgType><![CDATA[event]]></MsgType>
<Event><![CDATA[VIEW]]></Event>
<EventKey><![CDATA[http://www.9kpu.com/app/index.php?i=26&c=entry&eid=1]]></EventKey>
<MenuId>442583838</MenuId>
</xml>

2016-07-15 18:48:08 params :
------------
Array:
rule : -2 ;
module :  ;
message : Array ;

2016-07-15 18:48:08 response :
------------

2016-07-15 18:50:22 trace :
------------
String:
<xml><ToUserName><![CDATA[gh_2a16c32dff4b]]></ToUserName>
<FromUserName><![CDATA[oZF73wIXVlQR4Pr-M97VP810K6b0]]></FromUserName>
<CreateTime>1468579822</CreateTime>
<MsgType><![CDATA[event]]></MsgType>
<Event><![CDATA[VIEW]]></Event>
<EventKey><![CDATA[http://www.9kpu.com/app/index.php?i=26&c=home&]]></EventKey>
<MenuId>442583838</MenuId>
</xml>

2016-07-15 18:50:22 params :
------------
Array:
rule : -2 ;
module :  ;
message : Array ;

2016-07-15 18:50:22 response :
------------

2016-07-15 18:50:32 trace :
------------
String:
<xml><ToUserName><![CDATA[gh_2a16c32dff4b]]></ToUserName>
<FromUserName><![CDATA[oZF73wIXVlQR4Pr-M97VP810K6b0]]></FromUserName>
<CreateTime>1468579832</CreateTime>
<MsgType><![CDATA[event]]></MsgType>
<Event><![CDATA[VIEW]]></Event>
<EventKey><![CDATA[http://www.9kpu.com/app/index.php?i=26&c=entry&eid=1]]></EventKey>
<MenuId>442583838</MenuId>
</xml>

2016-07-15 18:50:32 params :
------------
Array:
rule : -2 ;
module :  ;
message : Array ;

2016-07-15 18:50:32 response :
------------

2016-07-15 18:50:37 trace :
------------
String:
<xml><ToUserName><![CDATA[gh_2a16c32dff4b]]></ToUserName>
<FromUserName><![CDATA[oZF73wIXVlQR4Pr-M97VP810K6b0]]></FromUserName>
<CreateTime>1468579837</CreateTime>
<MsgType><![CDATA[event]]></MsgType>
<Event><![CDATA[VIEW]]></Event>
<EventKey><![CDATA[http://www.9kpu.com/app/index.php?i=26&c=entry&eid=2]]></EventKey>
<MenuId>442583838</MenuId>
</xml>

2016-07-15 18:50:37 params :
------------
Array:
rule : -2 ;
module :  ;
message : Array ;

2016-07-15 18:50:37 response :
------------

2016-07-15 18:50:45 trace :
------------
String:
<xml><ToUserName><![CDATA[gh_2a16c32dff4b]]></ToUserName>
<FromUserName><![CDATA[oZF73wIXVlQR4Pr-M97VP810K6b0]]></FromUserName>
<CreateTime>1468579845</CreateTime>
<MsgType><![CDATA[event]]></MsgType>
<Event><![CDATA[VIEW]]></Event>
<EventKey><![CDATA[http://www.9kpu.com/app/index.php?i=26&c=entry&eid=1]]></EventKey>
<MenuId>442583838</MenuId>
</xml>

2016-07-15 18:50:45 params :
------------
Array:
rule : -2 ;
module :  ;
message : Array ;

2016-07-15 18:50:45 response :
------------

2016-07-15 18:51:54 trace :
------------
String:
<xml><ToUserName><![CDATA[gh_2a16c32dff4b]]></ToUserName>
<FromUserName><![CDATA[oZF73wIXVlQR4Pr-M97VP810K6b0]]></FromUserName>
<CreateTime>1468579913</CreateTime>
<MsgType><![CDATA[event]]></MsgType>
<Event><![CDATA[VIEW]]></Event>
<EventKey><![CDATA[http://www.9kpu.com/app/index.php?i=26&c=entry&eid=1]]></EventKey>
<MenuId>442583838</MenuId>
</xml>

2016-07-15 18:51:54 params :
------------
Array:
rule : -2 ;
module :  ;
message : Array ;

2016-07-15 18:51:54 response :
------------

2016-07-15 20:00:13 trace :
------------
String:
<xml><ToUserName><![CDATA[gh_e7a0c8306261]]></ToUserName>
<FromUserName><![CDATA[oRj-Fs0-58f1Xolgz7rNR5ZNmCik]]></FromUserName>
<CreateTime>1468584013</CreateTime>
<MsgType><![CDATA[event]]></MsgType>
<Event><![CDATA[VIEW]]></Event>
<EventKey><![CDATA[http://www.9kpu.com/app/index.php?i=13&c=home&]]></EventKey>
<MenuId>409075692</MenuId>
</xml>

2016-07-15 20:00:13 params :
------------
Array:
message : Array ;
module : basic ;
rule : 22 ;
priority : 0 ;
keyword : Array ;

2016-07-15 20:00:13 response :
------------
Array:
FromUserName : gh_e7a0c8306261 ;
ToUserName : oRj-Fs0-58f1Xolgz7rNR5ZNmCik ;
MsgType : text ;
Content : 欢迎关注同城学堂，点击微官网查看本学校介绍信息，家长点击学生天地绑定自己小孩信息使用，老师点击教师信息绑定自己账号使用 ;

2016-07-15 20:43:52 trace :
------------
String:
<xml><ToUserName><![CDATA[gh_2ee031f2e428]]></ToUserName>
<FromUserName><![CDATA[ojDkIwtZTYY5DWDDgjhkLImdFrLo]]></FromUserName>
<CreateTime>1468586632</CreateTime>
<MsgType><![CDATA[event]]></MsgType>
<Event><![CDATA[VIEW]]></Event>
<EventKey><![CDATA[http://www.9kpu.com/app/index.php?i=20&c=entry&do=teaIn&m=lianhu_school]]></EventKey>
<MenuId>410679894</MenuId>
</xml>

2016-07-15 20:43:52 params :
------------
Array:
rule : -2 ;
module :  ;
message : Array ;

2016-07-15 20:43:52 response :
------------

2016-07-15 20:44:03 trace :
------------
String:
<xml><ToUserName><![CDATA[gh_2ee031f2e428]]></ToUserName>
<FromUserName><![CDATA[ojDkIwtZTYY5DWDDgjhkLImdFrLo]]></FromUserName>
<CreateTime>1468586643</CreateTime>
<MsgType><![CDATA[event]]></MsgType>
<Event><![CDATA[VIEW]]></Event>
<EventKey><![CDATA[http://www.9kpu.com/app/index.php?i=20&c=home&=entry&eid=1]]></EventKey>
<MenuId>410679894</MenuId>
</xml>

2016-07-15 20:44:03 params :
------------
Array:
rule : -2 ;
module :  ;
message : Array ;

2016-07-15 20:44:03 response :
------------

2016-07-15 21:29:47 trace :
------------
String:
<xml><ToUserName><![CDATA[gh_4e0c181b7380]]></ToUserName>
<FromUserName><![CDATA[oxtWnv-CVluHysFeCaUiq5-o-0MQ]]></FromUserName>
<CreateTime>1468589387</CreateTime>
<MsgType><![CDATA[event]]></MsgType>
<Event><![CDATA[VIEW]]></Event>
<EventKey><![CDATA[http://www.9kpu.com/app/index.php?i=27&c=home&]]></EventKey>
<MenuId>431040045</MenuId>
</xml>

2016-07-15 21:29:47 params :
------------
Array:
message : Array ;
module : default ;
rule : -1 ;

2016-07-15 21:29:47 response :
------------
Array:
params : Array ;

2016-07-15 21:30:08 trace :
------------
String:
<xml><ToUserName><![CDATA[gh_4e0c181b7380]]></ToUserName>
<FromUserName><![CDATA[oxtWnv-CVluHysFeCaUiq5-o-0MQ]]></FromUserName>
<CreateTime>1468589408</CreateTime>
<MsgType><![CDATA[event]]></MsgType>
<Event><![CDATA[VIEW]]></Event>
<EventKey><![CDATA[http://www.9kpu.com/app/index.php?i=27&c=entry&eid=1]]></EventKey>
<MenuId>431040045</MenuId>
</xml>

2016-07-15 21:30:08 params :
------------
Array:
message : Array ;
module : default ;
rule : -1 ;

2016-07-15 21:30:08 response :
------------
Array:
params : Array ;

2016-07-15 21:30:11 trace :
------------
String:
<xml><ToUserName><![CDATA[gh_4e0c181b7380]]></ToUserName>
<FromUserName><![CDATA[oxtWnv-CVluHysFeCaUiq5-o-0MQ]]></FromUserName>
<CreateTime>1468589411</CreateTime>
<MsgType><![CDATA[event]]></MsgType>
<Event><![CDATA[VIEW]]></Event>
<EventKey><![CDATA[http://www.9kpu.com/app/index.php?i=27&c=entry&eid=1]]></EventKey>
<MenuId>431040045</MenuId>
</xml>

2016-07-15 21:30:11 params :
------------
Array:
message : Array ;
module : default ;
rule : -1 ;

2016-07-15 21:30:11 response :
------------
Array:
params : Array ;

2016-07-15 22:35:57 trace :
------------
String:
<xml><ToUserName><![CDATA[gh_e7a0c8306261]]></ToUserName>
<FromUserName><![CDATA[oRj-Fs0-58f1Xolgz7rNR5ZNmCik]]></FromUserName>
<CreateTime>1468593357</CreateTime>
<MsgType><![CDATA[event]]></MsgType>
<Event><![CDATA[VIEW]]></Event>
<EventKey><![CDATA[http://www.9kpu.com/app/index.php?i=13&c=entry&eid=1]]></EventKey>
<MenuId>409075692</MenuId>
</xml>

2016-07-15 22:35:57 params :
------------
Array:
message : Array ;
module : basic ;
rule : 22 ;
priority : 0 ;
keyword : Array ;

2016-07-15 22:35:57 response :
------------
Array:
FromUserName : gh_e7a0c8306261 ;
ToUserName : oRj-Fs0-58f1Xolgz7rNR5ZNmCik ;
MsgType : text ;
Content : 欢迎关注同城学堂，点击微官网查看本学校介绍信息，家长点击学生天地绑定自己小孩信息使用，老师点击教师信息绑定自己账号使用 ;

2016-07-15 22:50:55 trace :
------------
String:
<xml><ToUserName><![CDATA[gh_e7a0c8306261]]></ToUserName>
<FromUserName><![CDATA[oRj-Fs0-58f1Xolgz7rNR5ZNmCik]]></FromUserName>
<CreateTime>1468594255</CreateTime>
<MsgType><![CDATA[event]]></MsgType>
<Event><![CDATA[VIEW]]></Event>
<EventKey><![CDATA[http://www.9kpu.com/app/index.php?i=13&c=home&]]></EventKey>
<MenuId>409075692</MenuId>
</xml>

2016-07-15 22:50:55 params :
------------
Array:
message : Array ;
module : basic ;
rule : 22 ;
priority : 0 ;
keyword : Array ;

2016-07-15 22:50:55 response :
------------
Array:
FromUserName : gh_e7a0c8306261 ;
ToUserName : oRj-Fs0-58f1Xolgz7rNR5ZNmCik ;
MsgType : text ;
Content : 欢迎关注同城学堂，点击微官网查看本学校介绍信息，家长点击学生天地绑定自己小孩信息使用，老师点击教师信息绑定自己账号使用 ;

2016-07-15 23:08:27 trace :
------------
String:
<xml><ToUserName><![CDATA[gh_e7a0c8306261]]></ToUserName>
<FromUserName><![CDATA[oRj-Fs29jWzoOIt2R5OL_-6LWi1o]]></FromUserName>
<CreateTime>1468595307</CreateTime>
<MsgType><![CDATA[event]]></MsgType>
<Event><![CDATA[subscribe]]></Event>
<EventKey><![CDATA[]]></EventKey>
</xml>

2016-07-15 23:08:27 params :
------------
Array:
message : Array ;
module : basic ;
rule : 22 ;
priority : 0 ;
keyword : Array ;

2016-07-15 23:08:27 response :
------------
Array:
FromUserName : gh_e7a0c8306261 ;
ToUserName : oRj-Fs29jWzoOIt2R5OL_-6LWi1o ;
MsgType : text ;
Content : 欢迎关注同城学堂，点击微官网查看本学校介绍信息，家长点击学生天地绑定自己小孩信息使用，老师点击教师信息绑定自己账号使用 ;

2016-07-15 23:08:38 trace :
------------
String:
<xml><ToUserName><![CDATA[gh_e7a0c8306261]]></ToUserName>
<FromUserName><![CDATA[oRj-Fs29jWzoOIt2R5OL_-6LWi1o]]></FromUserName>
<CreateTime>1468595318</CreateTime>
<MsgType><![CDATA[event]]></MsgType>
<Event><![CDATA[VIEW]]></Event>
<EventKey><![CDATA[http://www.9kpu.com/app/index.php?i=13&c=home&]]></EventKey>
<MenuId>409075692</MenuId>
</xml>

2016-07-15 23:08:38 params :
------------
Array:
message : Array ;
module : basic ;
rule : 22 ;
priority : 0 ;
keyword : Array ;

2016-07-15 23:08:38 response :
------------
Array:
FromUserName : gh_e7a0c8306261 ;
ToUserName : oRj-Fs29jWzoOIt2R5OL_-6LWi1o ;
MsgType : text ;
Content : 欢迎关注同城学堂，点击微官网查看本学校介绍信息，家长点击学生天地绑定自己小孩信息使用，老师点击教师信息绑定自己账号使用 ;

2016-07-15 23:10:08 trace :
------------
String:
<xml><ToUserName><![CDATA[gh_e7a0c8306261]]></ToUserName>
<FromUserName><![CDATA[oRj-Fs0-58f1Xolgz7rNR5ZNmCik]]></FromUserName>
<CreateTime>1468595408</CreateTime>
<MsgType><![CDATA[event]]></MsgType>
<Event><![CDATA[VIEW]]></Event>
<EventKey><![CDATA[http://www.9kpu.com/app/index.php?i=13&c=home&]]></EventKey>
<MenuId>409075692</MenuId>
</xml>

2016-07-15 23:10:08 params :
------------
Array:
message : Array ;
module : basic ;
rule : 22 ;
priority : 0 ;
keyword : Array ;

2016-07-15 23:10:08 response :
------------
Array:
FromUserName : gh_e7a0c8306261 ;
ToUserName : oRj-Fs0-58f1Xolgz7rNR5ZNmCik ;
MsgType : text ;
Content : 欢迎关注同城学堂，点击微官网查看本学校介绍信息，家长点击学生天地绑定自己小孩信息使用，老师点击教师信息绑定自己账号使用 ;

2016-07-15 23:13:15 trace :
------------
String:
<xml><ToUserName><![CDATA[gh_4e0c181b7380]]></ToUserName>
<FromUserName><![CDATA[oxtWnv6ZTmQLu8VzgvVVagWMnCFU]]></FromUserName>
<CreateTime>1468595595</CreateTime>
<MsgType><![CDATA[event]]></MsgType>
<Event><![CDATA[subscribe]]></Event>
<EventKey><![CDATA[]]></EventKey>
</xml>

2016-07-15 23:13:15 params :
------------
Array:
message : Array ;
module : default ;
rule : -1 ;

2016-07-15 23:13:15 response :
------------
Array:
params : Array ;

2016-07-15 23:13:20 trace :
------------
String:
<xml><ToUserName><![CDATA[gh_4e0c181b7380]]></ToUserName>
<FromUserName><![CDATA[oxtWnv6ZTmQLu8VzgvVVagWMnCFU]]></FromUserName>
<CreateTime>1468595600</CreateTime>
<MsgType><![CDATA[event]]></MsgType>
<Event><![CDATA[VIEW]]></Event>
<EventKey><![CDATA[http://www.9kpu.com/app/index.php?i=27&c=home&]]></EventKey>
<MenuId>431040045</MenuId>
</xml>

2016-07-15 23:13:20 params :
------------
Array:
message : Array ;
module : default ;
rule : -1 ;

2016-07-15 23:13:20 response :
------------
Array:
params : Array ;

2016-07-15 23:13:23 trace :
------------
String:
<xml><ToUserName><![CDATA[gh_4e0c181b7380]]></ToUserName>
<FromUserName><![CDATA[oxtWnv5DsG5j6c07VOhsWKudhsHQ]]></FromUserName>
<CreateTime>1468595603</CreateTime>
<MsgType><![CDATA[event]]></MsgType>
<Event><![CDATA[VIEW]]></Event>
<EventKey><![CDATA[http://www.9kpu.com/app/index.php?i=27&c=home&]]></EventKey>
<MenuId>431040045</MenuId>
</xml>

2016-07-15 23:13:23 params :
------------
Array:
message : Array ;
module : default ;
rule : -1 ;

2016-07-15 23:13:23 response :
------------
Array:
params : Array ;

2016-07-15 23:13:38 trace :
------------
String:
<xml><ToUserName><![CDATA[gh_4e0c181b7380]]></ToUserName>
<FromUserName><![CDATA[oxtWnv5DsG5j6c07VOhsWKudhsHQ]]></FromUserName>
<CreateTime>1468595617</CreateTime>
<MsgType><![CDATA[event]]></MsgType>
<Event><![CDATA[VIEW]]></Event>
<EventKey><![CDATA[http://www.9kpu.com/app/index.php?i=27&c=entry&eid=1]]></EventKey>
<MenuId>431040045</MenuId>
</xml>

2016-07-15 23:13:38 params :
------------
Array:
message : Array ;
module : default ;
rule : -1 ;

2016-07-15 23:13:38 response :
------------
Array:
params : Array ;

2016-07-15 23:14:22 trace :
------------
String:
<xml><ToUserName><![CDATA[gh_e7a0c8306261]]></ToUserName>
<FromUserName><![CDATA[oRj-Fs-IyEuzSppx1Whp2B75yT8E]]></FromUserName>
<CreateTime>1468595662</CreateTime>
<MsgType><![CDATA[event]]></MsgType>
<Event><![CDATA[subscribe]]></Event>
<EventKey><![CDATA[]]></EventKey>
</xml>

2016-07-15 23:14:22 params :
------------
Array:
message : Array ;
module : basic ;
rule : 22 ;
priority : 0 ;
keyword : Array ;

2016-07-15 23:14:22 response :
------------
Array:
FromUserName : gh_e7a0c8306261 ;
ToUserName : oRj-Fs-IyEuzSppx1Whp2B75yT8E ;
MsgType : text ;
Content : 欢迎关注同城学堂，点击微官网查看本学校介绍信息，家长点击学生天地绑定自己小孩信息使用，老师点击教师信息绑定自己账号使用 ;

2016-07-15 23:14:29 trace :
------------
String:
<xml><ToUserName><![CDATA[gh_e7a0c8306261]]></ToUserName>
<FromUserName><![CDATA[oRj-Fs-IyEuzSppx1Whp2B75yT8E]]></FromUserName>
<CreateTime>1468595669</CreateTime>
<MsgType><![CDATA[event]]></MsgType>
<Event><![CDATA[VIEW]]></Event>
<EventKey><![CDATA[http://www.9kpu.com/app/index.php?i=13&c=home&]]></EventKey>
<MenuId>409075692</MenuId>
</xml>

2016-07-15 23:14:29 params :
------------
Array:
message : Array ;
module : basic ;
rule : 22 ;
priority : 0 ;
keyword : Array ;

2016-07-15 23:14:29 response :
------------
Array:
FromUserName : gh_e7a0c8306261 ;
ToUserName : oRj-Fs-IyEuzSppx1Whp2B75yT8E ;
MsgType : text ;
Content : 欢迎关注同城学堂，点击微官网查看本学校介绍信息，家长点击学生天地绑定自己小孩信息使用，老师点击教师信息绑定自己账号使用 ;

2016-07-15 23:15:20 trace :
------------
String:
<xml><ToUserName><![CDATA[gh_e7a0c8306261]]></ToUserName>
<FromUserName><![CDATA[oRj-Fs-IyEuzSppx1Whp2B75yT8E]]></FromUserName>
<CreateTime>1468595720</CreateTime>
<MsgType><![CDATA[event]]></MsgType>
<Event><![CDATA[VIEW]]></Event>
<EventKey><![CDATA[http://www.9kpu.com/app/index.php?i=13&c=entry&eid=2]]></EventKey>
<MenuId>409075692</MenuId>
</xml>

2016-07-15 23:15:20 params :
------------
Array:
message : Array ;
module : basic ;
rule : 22 ;
priority : 0 ;
keyword : Array ;

2016-07-15 23:15:20 response :
------------
Array:
FromUserName : gh_e7a0c8306261 ;
ToUserName : oRj-Fs-IyEuzSppx1Whp2B75yT8E ;
MsgType : text ;
Content : 欢迎关注同城学堂，点击微官网查看本学校介绍信息，家长点击学生天地绑定自己小孩信息使用，老师点击教师信息绑定自己账号使用 ;

2016-07-15 23:15:32 trace :
------------
String:
<xml><ToUserName><![CDATA[gh_e7a0c8306261]]></ToUserName>
<FromUserName><![CDATA[oRj-Fs-IyEuzSppx1Whp2B75yT8E]]></FromUserName>
<CreateTime>1468595731</CreateTime>
<MsgType><![CDATA[event]]></MsgType>
<Event><![CDATA[VIEW]]></Event>
<EventKey><![CDATA[http://www.9kpu.com/app/index.php?i=13&c=home&]]></EventKey>
<MenuId>409075692</MenuId>
</xml>

2016-07-15 23:15:32 params :
------------
Array:
message : Array ;
module : basic ;
rule : 22 ;
priority : 0 ;
keyword : Array ;

2016-07-15 23:15:32 response :
------------
Array:
FromUserName : gh_e7a0c8306261 ;
ToUserName : oRj-Fs-IyEuzSppx1Whp2B75yT8E ;
MsgType : text ;
Content : 欢迎关注同城学堂，点击微官网查看本学校介绍信息，家长点击学生天地绑定自己小孩信息使用，老师点击教师信息绑定自己账号使用 ;

2016-07-15 23:15:37 trace :
------------
String:
<xml><ToUserName><![CDATA[gh_e7a0c8306261]]></ToUserName>
<FromUserName><![CDATA[oRj-Fs29jWzoOIt2R5OL_-6LWi1o]]></FromUserName>
<CreateTime>1468595737</CreateTime>
<MsgType><![CDATA[event]]></MsgType>
<Event><![CDATA[VIEW]]></Event>
<EventKey><![CDATA[http://www.9kpu.com/app/index.php?i=13&c=home&]]></EventKey>
<MenuId>409075692</MenuId>
</xml>

2016-07-15 23:15:37 params :
------------
Array:
message : Array ;
module : basic ;
rule : 22 ;
priority : 0 ;
keyword : Array ;

2016-07-15 23:15:37 response :
------------
Array:
FromUserName : gh_e7a0c8306261 ;
ToUserName : oRj-Fs29jWzoOIt2R5OL_-6LWi1o ;
MsgType : text ;
Content : 欢迎关注同城学堂，点击微官网查看本学校介绍信息，家长点击学生天地绑定自己小孩信息使用，老师点击教师信息绑定自己账号使用 ;

2016-07-15 23:16:31 trace :
------------
String:
<xml><ToUserName><![CDATA[gh_e7a0c8306261]]></ToUserName>
<FromUserName><![CDATA[oRj-Fs29jWzoOIt2R5OL_-6LWi1o]]></FromUserName>
<CreateTime>1468595791</CreateTime>
<MsgType><![CDATA[event]]></MsgType>
<Event><![CDATA[VIEW]]></Event>
<EventKey><![CDATA[http://www.9kpu.com/app/index.php?i=13&c=home&]]></EventKey>
<MenuId>409075692</MenuId>
</xml>

2016-07-15 23:16:31 params :
------------
Array:
message : Array ;
module : basic ;
rule : 22 ;
priority : 0 ;
keyword : Array ;

2016-07-15 23:16:31 response :
------------
Array:
FromUserName : gh_e7a0c8306261 ;
ToUserName : oRj-Fs29jWzoOIt2R5OL_-6LWi1o ;
MsgType : text ;
Content : 欢迎关注同城学堂，点击微官网查看本学校介绍信息，家长点击学生天地绑定自己小孩信息使用，老师点击教师信息绑定自己账号使用 ;

2016-07-15 23:19:18 trace :
------------
String:
<xml><ToUserName><![CDATA[gh_2ee031f2e428]]></ToUserName>
<FromUserName><![CDATA[ojDkIwo8d0-ju189vSJxx7aLhRlY]]></FromUserName>
<CreateTime>1468595958</CreateTime>
<MsgType><![CDATA[event]]></MsgType>
<Event><![CDATA[VIEW]]></Event>
<EventKey><![CDATA[http://www.9kpu.com/app/index.php?i=20&c=entry&do=bangding&m=lianhu_school]]></EventKey>
<MenuId>410679894</MenuId>
</xml>

2016-07-15 23:19:18 params :
------------
Array:
rule : -2 ;
module :  ;
message : Array ;

2016-07-15 23:19:18 response :
------------

2016-07-15 23:19:32 trace :
------------
String:
<xml><ToUserName><![CDATA[gh_2ee031f2e428]]></ToUserName>
<FromUserName><![CDATA[ojDkIwo8d0-ju189vSJxx7aLhRlY]]></FromUserName>
<CreateTime>1468595972</CreateTime>
<MsgType><![CDATA[event]]></MsgType>
<Event><![CDATA[VIEW]]></Event>
<EventKey><![CDATA[http://www.9kpu.com/app/index.php?i=20&c=entry&do=teaIn&m=lianhu_school]]></EventKey>
<MenuId>410679894</MenuId>
</xml>

2016-07-15 23:19:32 params :
------------
Array:
rule : -2 ;
module :  ;
message : Array ;

2016-07-15 23:19:32 response :
------------

2016-07-15 23:19:38 trace :
------------
String:
<xml><ToUserName><![CDATA[gh_2ee031f2e428]]></ToUserName>
<FromUserName><![CDATA[ojDkIwo8d0-ju189vSJxx7aLhRlY]]></FromUserName>
<CreateTime>1468595978</CreateTime>
<MsgType><![CDATA[event]]></MsgType>
<Event><![CDATA[VIEW]]></Event>
<EventKey><![CDATA[http://www.9kpu.com/app/index.php?i=20&c=home&=entry&eid=1]]></EventKey>
<MenuId>410679894</MenuId>
</xml>

2016-07-15 23:19:38 params :
------------
Array:
rule : -2 ;
module :  ;
message : Array ;

2016-07-15 23:19:38 response :
------------

2016-07-15 23:43:55 trace :
------------
String:
<xml><ToUserName><![CDATA[gh_e7a0c8306261]]></ToUserName>
<FromUserName><![CDATA[oRj-Fs29jWzoOIt2R5OL_-6LWi1o]]></FromUserName>
<CreateTime>1468597435</CreateTime>
<MsgType><![CDATA[event]]></MsgType>
<Event><![CDATA[VIEW]]></Event>
<EventKey><![CDATA[http://www.9kpu.com/app/index.php?i=13&c=entry&eid=2]]></EventKey>
<MenuId>409075692</MenuId>
</xml>

2016-07-15 23:43:55 params :
------------
Array:
message : Array ;
module : basic ;
rule : 22 ;
priority : 0 ;
keyword : Array ;

2016-07-15 23:43:55 response :
------------
Array:
FromUserName : gh_e7a0c8306261 ;
ToUserName : oRj-Fs29jWzoOIt2R5OL_-6LWi1o ;
MsgType : text ;
Content : 欢迎关注同城学堂，点击微官网查看本学校介绍信息，家长点击学生天地绑定自己小孩信息使用，老师点击教师信息绑定自己账号使用 ;

2016-07-15 23:47:02 trace :
------------
String:
<xml><ToUserName><![CDATA[gh_e7a0c8306261]]></ToUserName>
<FromUserName><![CDATA[oRj-Fs29jWzoOIt2R5OL_-6LWi1o]]></FromUserName>
<CreateTime>1468597621</CreateTime>
<MsgType><![CDATA[event]]></MsgType>
<Event><![CDATA[VIEW]]></Event>
<EventKey><![CDATA[http://www.9kpu.com/app/index.php?i=13&c=home&]]></EventKey>
<MenuId>409075692</MenuId>
</xml>

2016-07-15 23:47:02 params :
------------
Array:
message : Array ;
module : basic ;
rule : 22 ;
priority : 0 ;
keyword : Array ;

2016-07-15 23:47:02 response :
------------
Array:
FromUserName : gh_e7a0c8306261 ;
ToUserName : oRj-Fs29jWzoOIt2R5OL_-6LWi1o ;
MsgType : text ;
Content : 欢迎关注同城学堂，点击微官网查看本学校介绍信息，家长点击学生天地绑定自己小孩信息使用，老师点击教师信息绑定自己账号使用 ;

2016-07-15 23:48:10 trace :
------------
String:
<xml><ToUserName><![CDATA[gh_e7a0c8306261]]></ToUserName>
<FromUserName><![CDATA[oRj-Fs29jWzoOIt2R5OL_-6LWi1o]]></FromUserName>
<CreateTime>1468597690</CreateTime>
<MsgType><![CDATA[event]]></MsgType>
<Event><![CDATA[VIEW]]></Event>
<EventKey><![CDATA[http://www.9kpu.com/app/index.php?i=13&c=entry&eid=2]]></EventKey>
<MenuId>409075692</MenuId>
</xml>

2016-07-15 23:48:10 params :
------------
Array:
message : Array ;
module : basic ;
rule : 22 ;
priority : 0 ;
keyword : Array ;

2016-07-15 23:48:10 response :
------------
Array:
FromUserName : gh_e7a0c8306261 ;
ToUserName : oRj-Fs29jWzoOIt2R5OL_-6LWi1o ;
MsgType : text ;
Content : 欢迎关注同城学堂，点击微官网查看本学校介绍信息，家长点击学生天地绑定自己小孩信息使用，老师点击教师信息绑定自己账号使用 ;

2016-07-15 23:48:16 trace :
------------
String:
<xml><ToUserName><![CDATA[gh_e7a0c8306261]]></ToUserName>
<FromUserName><![CDATA[oRj-Fs29jWzoOIt2R5OL_-6LWi1o]]></FromUserName>
<CreateTime>1468597695</CreateTime>
<MsgType><![CDATA[event]]></MsgType>
<Event><![CDATA[VIEW]]></Event>
<EventKey><![CDATA[http://www.9kpu.com/app/index.php?i=13&c=home&]]></EventKey>
<MenuId>409075692</MenuId>
</xml>

2016-07-15 23:48:16 params :
------------
Array:
message : Array ;
module : basic ;
rule : 22 ;
priority : 0 ;
keyword : Array ;

2016-07-15 23:48:16 response :
------------
Array:
FromUserName : gh_e7a0c8306261 ;
ToUserName : oRj-Fs29jWzoOIt2R5OL_-6LWi1o ;
MsgType : text ;
Content : 欢迎关注同城学堂，点击微官网查看本学校介绍信息，家长点击学生天地绑定自己小孩信息使用，老师点击教师信息绑定自己账号使用 ;

2016-07-15 23:48:21 trace :
------------
String:
<xml><ToUserName><![CDATA[gh_e7a0c8306261]]></ToUserName>
<FromUserName><![CDATA[oRj-Fs29jWzoOIt2R5OL_-6LWi1o]]></FromUserName>
<CreateTime>1468597701</CreateTime>
<MsgType><![CDATA[event]]></MsgType>
<Event><![CDATA[VIEW]]></Event>
<EventKey><![CDATA[http://www.9kpu.com/app/index.php?i=13&c=home&]]></EventKey>
<MenuId>409075692</MenuId>
</xml>

2016-07-15 23:48:21 params :
------------
Array:
message : Array ;
module : basic ;
rule : 22 ;
priority : 0 ;
keyword : Array ;

2016-07-15 23:48:21 response :
------------
Array:
FromUserName : gh_e7a0c8306261 ;
ToUserName : oRj-Fs29jWzoOIt2R5OL_-6LWi1o ;
MsgType : text ;
Content : 欢迎关注同城学堂，点击微官网查看本学校介绍信息，家长点击学生天地绑定自己小孩信息使用，老师点击教师信息绑定自己账号使用 ;

