2016-07-13 00:35:49 trace :
------------
String:
<xml><ToUserName><![CDATA[gh_081ee8610e82]]></ToUserName>
<FromUserName><![CDATA[ohNDtvjnNs-wlmta5xYTj5zZfmSc]]></FromUserName>
<CreateTime>1468341349</CreateTime>
<MsgType><![CDATA[event]]></MsgType>
<Event><![CDATA[VIEW]]></Event>
<EventKey><![CDATA[http://official.weixiao100.cn/custom/v3/index.html?schoolCode=zscy001&cropId=wx29a48dfc48fb3877&t=1461379426737]]></EventKey>
<MenuId>404202786</MenuId>
</xml>

2016-07-13 00:35:49 params :
------------
Array:
message : Array ;
module : basic ;
rule : 13 ;
priority : 0 ;
keyword : Array ;

2016-07-13 00:35:49 response :
------------
Array:
FromUserName : gh_081ee8610e82 ;
ToUserName : ohNDtvjnNs-wlmta5xYTj5zZfmSc ;
MsgType : text ;
Content : 等你好久了，智慧微校欢迎您。如果您是来逛逛的，请点开微官网查看我们学校的介绍信息。如果您是家长，请点开学生中心，用您家孩子姓名与学号绑定，就可尽情使用微校功能。如果您是老师，请点开微办公，用系统分配的账号与密码完成绑定，使用微校完成家校互动。 ;

2016-07-13 06:35:57 trace :
------------
String:
<xml><ToUserName><![CDATA[gh_2ee031f2e428]]></ToUserName>
<FromUserName><![CDATA[ojDkIwjW69gQz1CrN-7x6HnIKQlo]]></FromUserName>
<CreateTime>1468362957</CreateTime>
<MsgType><![CDATA[event]]></MsgType>
<Event><![CDATA[VIEW]]></Event>
<EventKey><![CDATA[http://www.9kpu.com/app/index.php?i=20&c=entry&do=bangding&m=lianhu_school]]></EventKey>
<MenuId>410679894</MenuId>
</xml>

2016-07-13 06:35:57 params :
------------
Array:
rule : -2 ;
module :  ;
message : Array ;

2016-07-13 06:35:57 response :
------------

2016-07-13 08:13:26 trace :
------------
String:
<xml><ToUserName><![CDATA[gh_0eab716966d4]]></ToUserName>
<FromUserName><![CDATA[oSoVuwAs7fdAXEHg9stQ15qGLlAg]]></FromUserName>
<CreateTime>1468368806</CreateTime>
<MsgType><![CDATA[event]]></MsgType>
<Event><![CDATA[VIEW]]></Event>
<EventKey><![CDATA[http://www.9kpu.com/app/index.php?i=28&c=entry&eid=1]]></EventKey>
<MenuId>414492131</MenuId>
</xml>

2016-07-13 08:13:26 params :
------------
Array:
rule : -2 ;
module :  ;
message : Array ;

2016-07-13 08:13:26 response :
------------

2016-07-13 08:13:35 trace :
------------
String:
<xml><ToUserName><![CDATA[gh_0eab716966d4]]></ToUserName>
<FromUserName><![CDATA[oSoVuwAs7fdAXEHg9stQ15qGLlAg]]></FromUserName>
<CreateTime>1468368815</CreateTime>
<MsgType><![CDATA[event]]></MsgType>
<Event><![CDATA[VIEW]]></Event>
<EventKey><![CDATA[http://www.9kpu.com/app/index.php?i=28&c=home&]]></EventKey>
<MenuId>414492131</MenuId>
</xml>

2016-07-13 08:13:35 params :
------------
Array:
rule : -2 ;
module :  ;
message : Array ;

2016-07-13 08:13:35 response :
------------

2016-07-13 09:40:31 trace :
------------
String:
<xml><ToUserName><![CDATA[gh_081ee8610e82]]></ToUserName>
<FromUserName><![CDATA[ohNDtvv8PDFqifacH9rwLYMejnDw]]></FromUserName>
<CreateTime>1468374031</CreateTime>
<MsgType><![CDATA[event]]></MsgType>
<Event><![CDATA[VIEW]]></Event>
<EventKey><![CDATA[http://www.9kpu.com/app/index.php?i=4&c=entry&eid=1]]></EventKey>
<MenuId>404202786</MenuId>
</xml>

2016-07-13 09:40:31 params :
------------
Array:
message : Array ;
module : basic ;
rule : 13 ;
priority : 0 ;
keyword : Array ;

2016-07-13 09:40:31 response :
------------
Array:
FromUserName : gh_081ee8610e82 ;
ToUserName : ohNDtvv8PDFqifacH9rwLYMejnDw ;
MsgType : text ;
Content : 等你好久了，智慧微校欢迎您。如果您是来逛逛的，请点开微官网查看我们学校的介绍信息。如果您是家长，请点开学生中心，用您家孩子姓名与学号绑定，就可尽情使用微校功能。如果您是老师，请点开微办公，用系统分配的账号与密码完成绑定，使用微校完成家校互动。 ;

2016-07-13 09:40:53 trace :
------------
String:
<xml><ToUserName><![CDATA[gh_081ee8610e82]]></ToUserName>
<FromUserName><![CDATA[ohNDtvv8PDFqifacH9rwLYMejnDw]]></FromUserName>
<CreateTime>1468374053</CreateTime>
<MsgType><![CDATA[event]]></MsgType>
<Event><![CDATA[VIEW]]></Event>
<EventKey><![CDATA[http://www.9kpu.com/app/index.php?i=4&c=entry&eid=2]]></EventKey>
<MenuId>404202786</MenuId>
</xml>

2016-07-13 09:40:53 params :
------------
Array:
message : Array ;
module : basic ;
rule : 13 ;
priority : 0 ;
keyword : Array ;

2016-07-13 09:40:53 response :
------------
Array:
FromUserName : gh_081ee8610e82 ;
ToUserName : ohNDtvv8PDFqifacH9rwLYMejnDw ;
MsgType : text ;
Content : 等你好久了，智慧微校欢迎您。如果您是来逛逛的，请点开微官网查看我们学校的介绍信息。如果您是家长，请点开学生中心，用您家孩子姓名与学号绑定，就可尽情使用微校功能。如果您是老师，请点开微办公，用系统分配的账号与密码完成绑定，使用微校完成家校互动。 ;

2016-07-13 09:41:04 trace :
------------
String:
<xml><ToUserName><![CDATA[gh_081ee8610e82]]></ToUserName>
<FromUserName><![CDATA[ohNDtvv8PDFqifacH9rwLYMejnDw]]></FromUserName>
<CreateTime>1468374064</CreateTime>
<MsgType><![CDATA[event]]></MsgType>
<Event><![CDATA[VIEW]]></Event>
<EventKey><![CDATA[http://www.9kpu.com/app/index.php?i=4&c=entry&eid=1]]></EventKey>
<MenuId>404202786</MenuId>
</xml>

2016-07-13 09:41:04 params :
------------
Array:
message : Array ;
module : basic ;
rule : 13 ;
priority : 0 ;
keyword : Array ;

2016-07-13 09:41:04 response :
------------
Array:
FromUserName : gh_081ee8610e82 ;
ToUserName : ohNDtvv8PDFqifacH9rwLYMejnDw ;
MsgType : text ;
Content : 等你好久了，智慧微校欢迎您。如果您是来逛逛的，请点开微官网查看我们学校的介绍信息。如果您是家长，请点开学生中心，用您家孩子姓名与学号绑定，就可尽情使用微校功能。如果您是老师，请点开微办公，用系统分配的账号与密码完成绑定，使用微校完成家校互动。 ;

2016-07-13 09:41:28 trace :
------------
String:
<xml><ToUserName><![CDATA[gh_081ee8610e82]]></ToUserName>
<FromUserName><![CDATA[ohNDtvv8PDFqifacH9rwLYMejnDw]]></FromUserName>
<CreateTime>1468374088</CreateTime>
<MsgType><![CDATA[event]]></MsgType>
<Event><![CDATA[VIEW]]></Event>
<EventKey><![CDATA[http://www.9kpu.com/app/index.php?i=4&c=entry&eid=2]]></EventKey>
<MenuId>404202786</MenuId>
</xml>

2016-07-13 09:41:28 params :
------------
Array:
message : Array ;
module : basic ;
rule : 13 ;
priority : 0 ;
keyword : Array ;

2016-07-13 09:41:28 response :
------------
Array:
FromUserName : gh_081ee8610e82 ;
ToUserName : ohNDtvv8PDFqifacH9rwLYMejnDw ;
MsgType : text ;
Content : 等你好久了，智慧微校欢迎您。如果您是来逛逛的，请点开微官网查看我们学校的介绍信息。如果您是家长，请点开学生中心，用您家孩子姓名与学号绑定，就可尽情使用微校功能。如果您是老师，请点开微办公，用系统分配的账号与密码完成绑定，使用微校完成家校互动。 ;

2016-07-13 09:42:30 trace :
------------
String:
<xml><ToUserName><![CDATA[gh_081ee8610e82]]></ToUserName>
<FromUserName><![CDATA[ohNDtvv8PDFqifacH9rwLYMejnDw]]></FromUserName>
<CreateTime>1468374150</CreateTime>
<MsgType><![CDATA[event]]></MsgType>
<Event><![CDATA[VIEW]]></Event>
<EventKey><![CDATA[http://www.9kpu.com/app/index.php?i=4&c=entry&eid=2]]></EventKey>
<MenuId>404202786</MenuId>
</xml>

2016-07-13 09:42:30 params :
------------
Array:
message : Array ;
module : basic ;
rule : 13 ;
priority : 0 ;
keyword : Array ;

2016-07-13 09:42:30 response :
------------
Array:
FromUserName : gh_081ee8610e82 ;
ToUserName : ohNDtvv8PDFqifacH9rwLYMejnDw ;
MsgType : text ;
Content : 等你好久了，智慧微校欢迎您。如果您是来逛逛的，请点开微官网查看我们学校的介绍信息。如果您是家长，请点开学生中心，用您家孩子姓名与学号绑定，就可尽情使用微校功能。如果您是老师，请点开微办公，用系统分配的账号与密码完成绑定，使用微校完成家校互动。 ;

2016-07-13 09:43:11 trace :
------------
String:
<xml><ToUserName><![CDATA[gh_081ee8610e82]]></ToUserName>
<FromUserName><![CDATA[ohNDtvv8PDFqifacH9rwLYMejnDw]]></FromUserName>
<CreateTime>1468374191</CreateTime>
<MsgType><![CDATA[event]]></MsgType>
<Event><![CDATA[VIEW]]></Event>
<EventKey><![CDATA[http://www.9kpu.com/app/index.php?i=4&c=entry&eid=2]]></EventKey>
<MenuId>404202786</MenuId>
</xml>

2016-07-13 09:43:11 params :
------------
Array:
message : Array ;
module : basic ;
rule : 13 ;
priority : 0 ;
keyword : Array ;

2016-07-13 09:43:11 response :
------------
Array:
FromUserName : gh_081ee8610e82 ;
ToUserName : ohNDtvv8PDFqifacH9rwLYMejnDw ;
MsgType : text ;
Content : 等你好久了，智慧微校欢迎您。如果您是来逛逛的，请点开微官网查看我们学校的介绍信息。如果您是家长，请点开学生中心，用您家孩子姓名与学号绑定，就可尽情使用微校功能。如果您是老师，请点开微办公，用系统分配的账号与密码完成绑定，使用微校完成家校互动。 ;

2016-07-13 09:49:05 trace :
------------
String:
<xml><ToUserName><![CDATA[gh_081ee8610e82]]></ToUserName>
<FromUserName><![CDATA[ohNDtvv8PDFqifacH9rwLYMejnDw]]></FromUserName>
<CreateTime>1468374545</CreateTime>
<MsgType><![CDATA[event]]></MsgType>
<Event><![CDATA[VIEW]]></Event>
<EventKey><![CDATA[http://www.9kpu.com/app/index.php?i=4&c=entry&eid=2]]></EventKey>
<MenuId>404202786</MenuId>
</xml>

2016-07-13 09:49:05 params :
------------
Array:
message : Array ;
module : basic ;
rule : 13 ;
priority : 0 ;
keyword : Array ;

2016-07-13 09:49:05 response :
------------
Array:
FromUserName : gh_081ee8610e82 ;
ToUserName : ohNDtvv8PDFqifacH9rwLYMejnDw ;
MsgType : text ;
Content : 等你好久了，智慧微校欢迎您。如果您是来逛逛的，请点开微官网查看我们学校的介绍信息。如果您是家长，请点开学生中心，用您家孩子姓名与学号绑定，就可尽情使用微校功能。如果您是老师，请点开微办公，用系统分配的账号与密码完成绑定，使用微校完成家校互动。 ;

2016-07-13 09:49:12 trace :
------------
String:
<xml><ToUserName><![CDATA[gh_081ee8610e82]]></ToUserName>
<FromUserName><![CDATA[ohNDtvv8PDFqifacH9rwLYMejnDw]]></FromUserName>
<CreateTime>1468374551</CreateTime>
<MsgType><![CDATA[event]]></MsgType>
<Event><![CDATA[VIEW]]></Event>
<EventKey><![CDATA[http://www.9kpu.com/app/index.php?i=4&c=entry&eid=2]]></EventKey>
<MenuId>404202786</MenuId>
</xml>

2016-07-13 09:49:12 params :
------------
Array:
message : Array ;
module : basic ;
rule : 13 ;
priority : 0 ;
keyword : Array ;

2016-07-13 09:49:12 response :
------------
Array:
FromUserName : gh_081ee8610e82 ;
ToUserName : ohNDtvv8PDFqifacH9rwLYMejnDw ;
MsgType : text ;
Content : 等你好久了，智慧微校欢迎您。如果您是来逛逛的，请点开微官网查看我们学校的介绍信息。如果您是家长，请点开学生中心，用您家孩子姓名与学号绑定，就可尽情使用微校功能。如果您是老师，请点开微办公，用系统分配的账号与密码完成绑定，使用微校完成家校互动。 ;

2016-07-13 09:49:23 trace :
------------
String:
<xml><ToUserName><![CDATA[gh_081ee8610e82]]></ToUserName>
<FromUserName><![CDATA[ohNDtvv8PDFqifacH9rwLYMejnDw]]></FromUserName>
<CreateTime>1468374563</CreateTime>
<MsgType><![CDATA[event]]></MsgType>
<Event><![CDATA[VIEW]]></Event>
<EventKey><![CDATA[http://www.9kpu.com/app/index.php?i=4&c=entry&eid=1]]></EventKey>
<MenuId>404202786</MenuId>
</xml>

2016-07-13 09:49:23 params :
------------
Array:
message : Array ;
module : basic ;
rule : 13 ;
priority : 0 ;
keyword : Array ;

2016-07-13 09:49:23 response :
------------
Array:
FromUserName : gh_081ee8610e82 ;
ToUserName : ohNDtvv8PDFqifacH9rwLYMejnDw ;
MsgType : text ;
Content : 等你好久了，智慧微校欢迎您。如果您是来逛逛的，请点开微官网查看我们学校的介绍信息。如果您是家长，请点开学生中心，用您家孩子姓名与学号绑定，就可尽情使用微校功能。如果您是老师，请点开微办公，用系统分配的账号与密码完成绑定，使用微校完成家校互动。 ;

2016-07-13 09:49:45 trace :
------------
String:
<xml><ToUserName><![CDATA[gh_081ee8610e82]]></ToUserName>
<FromUserName><![CDATA[ohNDtvv8PDFqifacH9rwLYMejnDw]]></FromUserName>
<CreateTime>1468374585</CreateTime>
<MsgType><![CDATA[event]]></MsgType>
<Event><![CDATA[VIEW]]></Event>
<EventKey><![CDATA[http://www.9kpu.com/app/index.php?i=4&c=entry&eid=1]]></EventKey>
<MenuId>404202786</MenuId>
</xml>

2016-07-13 09:49:45 params :
------------
Array:
message : Array ;
module : basic ;
rule : 13 ;
priority : 0 ;
keyword : Array ;

2016-07-13 09:49:45 response :
------------
Array:
FromUserName : gh_081ee8610e82 ;
ToUserName : ohNDtvv8PDFqifacH9rwLYMejnDw ;
MsgType : text ;
Content : 等你好久了，智慧微校欢迎您。如果您是来逛逛的，请点开微官网查看我们学校的介绍信息。如果您是家长，请点开学生中心，用您家孩子姓名与学号绑定，就可尽情使用微校功能。如果您是老师，请点开微办公，用系统分配的账号与密码完成绑定，使用微校完成家校互动。 ;

2016-07-13 09:50:05 pay :
------------
String:
array (
  'appid' => 'wxfd01bb7d30330daa',
  'attach' => '4',
  'bank_type' => 'CFT',
  'cash_fee' => '1',
  'fee_type' => 'CNY',
  'is_subscribe' => 'Y',
  'mch_id' => '1328846301',
  'nonce_str' => 'Om8hEEee',
  'openid' => 'ohNDtvv8PDFqifacH9rwLYMejnDw',
  'out_trade_no' => '2016071309495900001287102270',
  'result_code' => 'SUCCESS',
  'return_code' => 'SUCCESS',
  'sign' => '1B961F94912B27B3E9C355CA01E1909E',
  'time_end' => '20160713095005',
  'total_fee' => '1',
  'trade_type' => 'JSAPI',
  'transaction_id' => '4004972001201607138873075150',
)

2016-07-13 09:50:27 trace :
------------
String:
<xml><ToUserName><![CDATA[gh_081ee8610e82]]></ToUserName>
<FromUserName><![CDATA[ohNDtvv8PDFqifacH9rwLYMejnDw]]></FromUserName>
<CreateTime>1468374627</CreateTime>
<MsgType><![CDATA[event]]></MsgType>
<Event><![CDATA[VIEW]]></Event>
<EventKey><![CDATA[http://www.9kpu.com/app/index.php?i=4&c=entry&eid=2]]></EventKey>
<MenuId>404202786</MenuId>
</xml>

2016-07-13 09:50:27 params :
------------
Array:
message : Array ;
module : basic ;
rule : 13 ;
priority : 0 ;
keyword : Array ;

2016-07-13 09:50:27 response :
------------
Array:
FromUserName : gh_081ee8610e82 ;
ToUserName : ohNDtvv8PDFqifacH9rwLYMejnDw ;
MsgType : text ;
Content : 等你好久了，智慧微校欢迎您。如果您是来逛逛的，请点开微官网查看我们学校的介绍信息。如果您是家长，请点开学生中心，用您家孩子姓名与学号绑定，就可尽情使用微校功能。如果您是老师，请点开微办公，用系统分配的账号与密码完成绑定，使用微校完成家校互动。 ;

2016-07-13 09:50:32 trace :
------------
String:
<xml><ToUserName><![CDATA[gh_081ee8610e82]]></ToUserName>
<FromUserName><![CDATA[ohNDtvv8PDFqifacH9rwLYMejnDw]]></FromUserName>
<CreateTime>1468374632</CreateTime>
<MsgType><![CDATA[event]]></MsgType>
<Event><![CDATA[VIEW]]></Event>
<EventKey><![CDATA[http://www.9kpu.com/app/index.php?i=4&c=entry&eid=1]]></EventKey>
<MenuId>404202786</MenuId>
</xml>

2016-07-13 09:50:32 params :
------------
Array:
message : Array ;
module : basic ;
rule : 13 ;
priority : 0 ;
keyword : Array ;

2016-07-13 09:50:32 response :
------------
Array:
FromUserName : gh_081ee8610e82 ;
ToUserName : ohNDtvv8PDFqifacH9rwLYMejnDw ;
MsgType : text ;
Content : 等你好久了，智慧微校欢迎您。如果您是来逛逛的，请点开微官网查看我们学校的介绍信息。如果您是家长，请点开学生中心，用您家孩子姓名与学号绑定，就可尽情使用微校功能。如果您是老师，请点开微办公，用系统分配的账号与密码完成绑定，使用微校完成家校互动。 ;

2016-07-13 11:13:22 trace :
------------
String:
<xml><ToUserName><![CDATA[gh_4e0c181b7380]]></ToUserName>
<FromUserName><![CDATA[oxtWnv-CVluHysFeCaUiq5-o-0MQ]]></FromUserName>
<CreateTime>1468379602</CreateTime>
<MsgType><![CDATA[event]]></MsgType>
<Event><![CDATA[subscribe]]></Event>
<EventKey><![CDATA[]]></EventKey>
</xml>

2016-07-13 11:13:22 params :
------------
Array:
message : Array ;
module : default ;
rule : -1 ;

2016-07-13 11:13:22 response :
------------
Array:
params : Array ;

2016-07-13 11:13:26 trace :
------------
String:
<xml><ToUserName><![CDATA[gh_4e0c181b7380]]></ToUserName>
<FromUserName><![CDATA[oxtWnv-CVluHysFeCaUiq5-o-0MQ]]></FromUserName>
<CreateTime>1468379606</CreateTime>
<MsgType><![CDATA[event]]></MsgType>
<Event><![CDATA[VIEW]]></Event>
<EventKey><![CDATA[http://www.9kpu.com/app/index.php?i=27&c=home&]]></EventKey>
<MenuId>431040045</MenuId>
</xml>

2016-07-13 11:13:26 params :
------------
Array:
message : Array ;
module : default ;
rule : -1 ;

2016-07-13 11:13:26 response :
------------
Array:
params : Array ;

2016-07-13 11:13:54 trace :
------------
String:
<xml><ToUserName><![CDATA[gh_4e0c181b7380]]></ToUserName>
<FromUserName><![CDATA[oxtWnv-CVluHysFeCaUiq5-o-0MQ]]></FromUserName>
<CreateTime>1468379634</CreateTime>
<MsgType><![CDATA[event]]></MsgType>
<Event><![CDATA[VIEW]]></Event>
<EventKey><![CDATA[http://www.9kpu.com/app/index.php?i=27&c=entry&eid=1]]></EventKey>
<MenuId>431040045</MenuId>
</xml>

2016-07-13 11:13:54 params :
------------
Array:
message : Array ;
module : default ;
rule : -1 ;

2016-07-13 11:13:54 response :
------------
Array:
params : Array ;

2016-07-13 11:14:00 trace :
------------
String:
<xml><ToUserName><![CDATA[gh_4e0c181b7380]]></ToUserName>
<FromUserName><![CDATA[oxtWnv-CVluHysFeCaUiq5-o-0MQ]]></FromUserName>
<CreateTime>1468379640</CreateTime>
<MsgType><![CDATA[event]]></MsgType>
<Event><![CDATA[VIEW]]></Event>
<EventKey><![CDATA[http://www.9kpu.com/app/index.php?i=27&c=entry&eid=2]]></EventKey>
<MenuId>431040045</MenuId>
</xml>

2016-07-13 11:14:00 params :
------------
Array:
message : Array ;
module : default ;
rule : -1 ;

2016-07-13 11:14:00 response :
------------
Array:
params : Array ;

2016-07-13 11:14:11 trace :
------------
String:
<xml><ToUserName><![CDATA[gh_4e0c181b7380]]></ToUserName>
<FromUserName><![CDATA[oxtWnv-CVluHysFeCaUiq5-o-0MQ]]></FromUserName>
<CreateTime>1468379651</CreateTime>
<MsgType><![CDATA[event]]></MsgType>
<Event><![CDATA[VIEW]]></Event>
<EventKey><![CDATA[http://www.9kpu.com/app/index.php?i=27&c=home&]]></EventKey>
<MenuId>431040045</MenuId>
</xml>

2016-07-13 11:14:11 params :
------------
Array:
message : Array ;
module : default ;
rule : -1 ;

2016-07-13 11:14:11 response :
------------
Array:
params : Array ;

2016-07-13 11:17:15 trace :
------------
String:
<xml><ToUserName><![CDATA[gh_4e0c181b7380]]></ToUserName>
<FromUserName><![CDATA[oxtWnv-CVluHysFeCaUiq5-o-0MQ]]></FromUserName>
<CreateTime>1468379835</CreateTime>
<MsgType><![CDATA[event]]></MsgType>
<Event><![CDATA[VIEW]]></Event>
<EventKey><![CDATA[http://www.9kpu.com/app/index.php?i=27&c=home&]]></EventKey>
<MenuId>431040045</MenuId>
</xml>

2016-07-13 11:17:15 params :
------------
Array:
message : Array ;
module : default ;
rule : -1 ;

2016-07-13 11:17:15 response :
------------
Array:
params : Array ;

2016-07-13 11:56:41 trace :
------------
String:
<xml><ToUserName><![CDATA[gh_c8e42a22d2ba]]></ToUserName>
<FromUserName><![CDATA[o7oRnw4ibpviTlMr8tiRd8FlkKB0]]></FromUserName>
<CreateTime>1468382201</CreateTime>
<MsgType><![CDATA[event]]></MsgType>
<Event><![CDATA[subscribe]]></Event>
<EventKey><![CDATA[]]></EventKey>
</xml>

2016-07-13 11:56:41 params :
------------
Array:
rule : -2 ;
module :  ;
message : Array ;

2016-07-13 11:56:41 response :
------------

2016-07-13 11:56:44 trace :
------------
String:
<xml><ToUserName><![CDATA[gh_c8e42a22d2ba]]></ToUserName>
<FromUserName><![CDATA[o7oRnw4ibpviTlMr8tiRd8FlkKB0]]></FromUserName>
<CreateTime>1468382204</CreateTime>
<MsgType><![CDATA[event]]></MsgType>
<Event><![CDATA[VIEW]]></Event>
<EventKey><![CDATA[http://www.9kpu.com/app/index.php?i=25&c=home&]]></EventKey>
<MenuId>410687554</MenuId>
</xml>

2016-07-13 11:56:44 params :
------------
Array:
rule : -2 ;
module :  ;
message : Array ;

2016-07-13 11:56:44 response :
------------

2016-07-13 12:00:19 trace :
------------
String:
<xml><ToUserName><![CDATA[gh_c8e42a22d2ba]]></ToUserName>
<FromUserName><![CDATA[o7oRnw4ibpviTlMr8tiRd8FlkKB0]]></FromUserName>
<CreateTime>1468382419</CreateTime>
<MsgType><![CDATA[event]]></MsgType>
<Event><![CDATA[VIEW]]></Event>
<EventKey><![CDATA[http://www.9kpu.com/app/index.php?i=25&c=entry&do=teaIn&m=lianhu_school]]></EventKey>
<MenuId>410687554</MenuId>
</xml>

2016-07-13 12:00:19 params :
------------
Array:
rule : -2 ;
module :  ;
message : Array ;

2016-07-13 12:00:19 response :
------------

2016-07-13 12:00:21 trace :
------------
String:
<xml><ToUserName><![CDATA[gh_c8e42a22d2ba]]></ToUserName>
<FromUserName><![CDATA[o7oRnw4ibpviTlMr8tiRd8FlkKB0]]></FromUserName>
<CreateTime>1468382421</CreateTime>
<MsgType><![CDATA[event]]></MsgType>
<Event><![CDATA[VIEW]]></Event>
<EventKey><![CDATA[http://www.9kpu.com/app/index.php?i=25&c=home&]]></EventKey>
<MenuId>410687554</MenuId>
</xml>

2016-07-13 12:00:21 params :
------------
Array:
rule : -2 ;
module :  ;
message : Array ;

2016-07-13 12:00:21 response :
------------

2016-07-13 13:01:34 trace :
------------
String:
<xml><ToUserName><![CDATA[gh_e7a0c8306261]]></ToUserName>
<FromUserName><![CDATA[oRj-Fs0-58f1Xolgz7rNR5ZNmCik]]></FromUserName>
<CreateTime>1468386094</CreateTime>
<MsgType><![CDATA[event]]></MsgType>
<Event><![CDATA[VIEW]]></Event>
<EventKey><![CDATA[http://www.9kpu.com/app/index.php?i=13&c=home&]]></EventKey>
<MenuId>408429854</MenuId>
</xml>

2016-07-13 13:01:34 params :
------------
Array:
message : Array ;
module : basic ;
rule : 22 ;
priority : 0 ;
keyword : Array ;

2016-07-13 13:01:34 response :
------------
Array:
FromUserName : gh_e7a0c8306261 ;
ToUserName : oRj-Fs0-58f1Xolgz7rNR5ZNmCik ;
MsgType : text ;
Content : 欢迎关注同城学堂，点击微官网查看本学校介绍信息，家长点击学生天地绑定自己小孩信息使用，老师点击教师信息绑定自己账号使用 ;

2016-07-13 13:01:36 trace :
------------
String:
<xml><ToUserName><![CDATA[gh_e7a0c8306261]]></ToUserName>
<FromUserName><![CDATA[oRj-Fs0-58f1Xolgz7rNR5ZNmCik]]></FromUserName>
<CreateTime>1468386096</CreateTime>
<MsgType><![CDATA[event]]></MsgType>
<Event><![CDATA[VIEW]]></Event>
<EventKey><![CDATA[http://www.9kpu.com/app/index.php?i=13&c=entry&eid=1]]></EventKey>
<MenuId>408429854</MenuId>
</xml>

2016-07-13 13:01:36 params :
------------
Array:
message : Array ;
module : basic ;
rule : 22 ;
priority : 0 ;
keyword : Array ;

2016-07-13 13:01:36 response :
------------
Array:
FromUserName : gh_e7a0c8306261 ;
ToUserName : oRj-Fs0-58f1Xolgz7rNR5ZNmCik ;
MsgType : text ;
Content : 欢迎关注同城学堂，点击微官网查看本学校介绍信息，家长点击学生天地绑定自己小孩信息使用，老师点击教师信息绑定自己账号使用 ;

2016-07-13 13:26:46 trace :
------------
String:
<xml><ToUserName><![CDATA[gh_c8e42a22d2ba]]></ToUserName>
<FromUserName><![CDATA[o7oRnw4ibpviTlMr8tiRd8FlkKB0]]></FromUserName>
<CreateTime>1468387606</CreateTime>
<MsgType><![CDATA[event]]></MsgType>
<Event><![CDATA[VIEW]]></Event>
<EventKey><![CDATA[http://www.9kpu.com/app/index.php?i=25&c=home&]]></EventKey>
<MenuId>410687554</MenuId>
</xml>

2016-07-13 13:26:46 params :
------------
Array:
rule : -2 ;
module :  ;
message : Array ;

2016-07-13 13:26:46 response :
------------

2016-07-13 13:35:37 trace :
------------
String:
<xml><ToUserName><![CDATA[gh_2ee031f2e428]]></ToUserName>
<FromUserName><![CDATA[ojDkIwoJw8ztIt-5Af3F7SPHmES4]]></FromUserName>
<CreateTime>1468388137</CreateTime>
<MsgType><![CDATA[event]]></MsgType>
<Event><![CDATA[VIEW]]></Event>
<EventKey><![CDATA[http://www.9kpu.com/app/index.php?i=20&c=entry&do=bangding&m=lianhu_school]]></EventKey>
<MenuId>410679894</MenuId>
</xml>

2016-07-13 13:35:37 params :
------------
Array:
rule : -2 ;
module :  ;
message : Array ;

2016-07-13 13:35:37 response :
------------

2016-07-13 13:35:51 trace :
------------
String:
<xml><ToUserName><![CDATA[gh_2ee031f2e428]]></ToUserName>
<FromUserName><![CDATA[ojDkIwoJw8ztIt-5Af3F7SPHmES4]]></FromUserName>
<CreateTime>1468388151</CreateTime>
<MsgType><![CDATA[event]]></MsgType>
<Event><![CDATA[VIEW]]></Event>
<EventKey><![CDATA[http://www.9kpu.com/app/index.php?i=20&c=entry&do=teaIn&m=lianhu_school]]></EventKey>
<MenuId>410679894</MenuId>
</xml>

2016-07-13 13:35:51 params :
------------
Array:
rule : -2 ;
module :  ;
message : Array ;

2016-07-13 13:35:51 response :
------------

2016-07-13 13:35:59 trace :
------------
String:
<xml><ToUserName><![CDATA[gh_2ee031f2e428]]></ToUserName>
<FromUserName><![CDATA[ojDkIwoJw8ztIt-5Af3F7SPHmES4]]></FromUserName>
<CreateTime>1468388159</CreateTime>
<MsgType><![CDATA[event]]></MsgType>
<Event><![CDATA[VIEW]]></Event>
<EventKey><![CDATA[http://www.9kpu.com/app/index.php?i=20&c=home&=entry&eid=1]]></EventKey>
<MenuId>410679894</MenuId>
</xml>

2016-07-13 13:35:59 params :
------------
Array:
rule : -2 ;
module :  ;
message : Array ;

2016-07-13 13:35:59 response :
------------

2016-07-13 17:16:17 trace :
------------
String:
<xml><ToUserName><![CDATA[gh_7d1762dac7c2]]></ToUserName>
<FromUserName><![CDATA[o8AZcwNJDX9XxS9zP79ZvYap5JVY]]></FromUserName>
<CreateTime>1468401377</CreateTime>
<MsgType><![CDATA[event]]></MsgType>
<Event><![CDATA[subscribe]]></Event>
<EventKey><![CDATA[]]></EventKey>
</xml>

2016-07-13 17:16:17 params :
------------
Array:
rule : -2 ;
module :  ;
message : Array ;

2016-07-13 17:16:17 response :
------------

2016-07-13 17:50:56 trace :
------------
String:
<xml><ToUserName><![CDATA[gh_4e0c181b7380]]></ToUserName>
<FromUserName><![CDATA[oxtWnv-CVluHysFeCaUiq5-o-0MQ]]></FromUserName>
<CreateTime>1468403456</CreateTime>
<MsgType><![CDATA[event]]></MsgType>
<Event><![CDATA[VIEW]]></Event>
<EventKey><![CDATA[http://www.9kpu.com/app/index.php?i=27&c=entry&eid=2]]></EventKey>
<MenuId>431040045</MenuId>
</xml>

2016-07-13 17:50:56 params :
------------
Array:
message : Array ;
module : default ;
rule : -1 ;

2016-07-13 17:50:56 response :
------------
Array:
params : Array ;

2016-07-13 17:51:16 trace :
------------
String:
<xml><ToUserName><![CDATA[gh_4e0c181b7380]]></ToUserName>
<FromUserName><![CDATA[oxtWnv-CVluHysFeCaUiq5-o-0MQ]]></FromUserName>
<CreateTime>1468403474</CreateTime>
<MsgType><![CDATA[event]]></MsgType>
<Event><![CDATA[VIEW]]></Event>
<EventKey><![CDATA[http://www.9kpu.com/app/index.php?i=27&c=entry&eid=1]]></EventKey>
<MenuId>431040045</MenuId>
</xml>

2016-07-13 17:51:16 params :
------------
Array:
message : Array ;
module : default ;
rule : -1 ;

2016-07-13 17:51:16 response :
------------
Array:
params : Array ;

2016-07-13 17:51:24 trace :
------------
String:
<xml><ToUserName><![CDATA[gh_4e0c181b7380]]></ToUserName>
<FromUserName><![CDATA[oxtWnv-CVluHysFeCaUiq5-o-0MQ]]></FromUserName>
<CreateTime>1468403484</CreateTime>
<MsgType><![CDATA[event]]></MsgType>
<Event><![CDATA[VIEW]]></Event>
<EventKey><![CDATA[http://www.9kpu.com/app/index.php?i=27&c=home&]]></EventKey>
<MenuId>431040045</MenuId>
</xml>

2016-07-13 17:51:24 params :
------------
Array:
message : Array ;
module : default ;
rule : -1 ;

2016-07-13 17:51:24 response :
------------
Array:
params : Array ;

2016-07-13 17:51:36 trace :
------------
String:
<xml><ToUserName><![CDATA[gh_4e0c181b7380]]></ToUserName>
<FromUserName><![CDATA[oxtWnv-CVluHysFeCaUiq5-o-0MQ]]></FromUserName>
<CreateTime>1468403496</CreateTime>
<MsgType><![CDATA[event]]></MsgType>
<Event><![CDATA[VIEW]]></Event>
<EventKey><![CDATA[http://www.9kpu.com/app/index.php?i=27&c=home&]]></EventKey>
<MenuId>431040045</MenuId>
</xml>

2016-07-13 17:51:36 params :
------------
Array:
message : Array ;
module : default ;
rule : -1 ;

2016-07-13 17:51:36 response :
------------
Array:
params : Array ;

2016-07-13 17:55:49 trace :
------------
String:
<xml><ToUserName><![CDATA[gh_4e0c181b7380]]></ToUserName>
<FromUserName><![CDATA[oxtWnv-CVluHysFeCaUiq5-o-0MQ]]></FromUserName>
<CreateTime>1468403749</CreateTime>
<MsgType><![CDATA[event]]></MsgType>
<Event><![CDATA[VIEW]]></Event>
<EventKey><![CDATA[http://www.9kpu.com/app/index.php?i=27&c=home&]]></EventKey>
<MenuId>431040045</MenuId>
</xml>

2016-07-13 17:55:49 params :
------------
Array:
message : Array ;
module : default ;
rule : -1 ;

2016-07-13 17:55:49 response :
------------
Array:
params : Array ;

2016-07-13 18:58:55 trace :
------------
String:
<xml><ToUserName><![CDATA[gh_2ee031f2e428]]></ToUserName>
<FromUserName><![CDATA[ojDkIwuxYn-vAY4IqGnkOKV6SxbU]]></FromUserName>
<CreateTime>1468407535</CreateTime>
<MsgType><![CDATA[event]]></MsgType>
<Event><![CDATA[unsubscribe]]></Event>
<EventKey><![CDATA[]]></EventKey>
</xml>

2016-07-13 21:22:10 trace :
------------
String:
<xml><ToUserName><![CDATA[gh_4e0c181b7380]]></ToUserName>
<FromUserName><![CDATA[oxtWnv8dKzKM6w_0eFzZG_TYcDDE]]></FromUserName>
<CreateTime>1468416130</CreateTime>
<MsgType><![CDATA[event]]></MsgType>
<Event><![CDATA[VIEW]]></Event>
<EventKey><![CDATA[http://www.9kpu.com/app/index.php?i=27&c=home&]]></EventKey>
<MenuId>431040045</MenuId>
</xml>

2016-07-13 21:22:10 params :
------------
Array:
message : Array ;
module : default ;
rule : -1 ;

2016-07-13 21:22:10 response :
------------
Array:
params : Array ;

2016-07-13 21:23:04 trace :
------------
String:
<xml><ToUserName><![CDATA[gh_4e0c181b7380]]></ToUserName>
<FromUserName><![CDATA[oxtWnv8dKzKM6w_0eFzZG_TYcDDE]]></FromUserName>
<CreateTime>1468416183</CreateTime>
<MsgType><![CDATA[event]]></MsgType>
<Event><![CDATA[VIEW]]></Event>
<EventKey><![CDATA[http://www.9kpu.com/app/index.php?i=27&c=entry&eid=1]]></EventKey>
<MenuId>431040045</MenuId>
</xml>

2016-07-13 21:23:04 params :
------------
Array:
message : Array ;
module : default ;
rule : -1 ;

2016-07-13 21:23:04 response :
------------
Array:
params : Array ;

2016-07-13 21:36:10 trace :
------------
String:
<xml><ToUserName><![CDATA[gh_4e0c181b7380]]></ToUserName>
<FromUserName><![CDATA[oxtWnv8dKzKM6w_0eFzZG_TYcDDE]]></FromUserName>
<CreateTime>1468416970</CreateTime>
<MsgType><![CDATA[event]]></MsgType>
<Event><![CDATA[VIEW]]></Event>
<EventKey><![CDATA[http://www.9kpu.com/app/index.php?i=27&c=home&]]></EventKey>
<MenuId>431040045</MenuId>
</xml>

2016-07-13 21:36:10 params :
------------
Array:
message : Array ;
module : default ;
rule : -1 ;

2016-07-13 21:36:10 response :
------------
Array:
params : Array ;

2016-07-13 21:36:56 trace :
------------
String:
<xml><ToUserName><![CDATA[gh_4e0c181b7380]]></ToUserName>
<FromUserName><![CDATA[oxtWnv8dKzKM6w_0eFzZG_TYcDDE]]></FromUserName>
<CreateTime>1468417015</CreateTime>
<MsgType><![CDATA[event]]></MsgType>
<Event><![CDATA[VIEW]]></Event>
<EventKey><![CDATA[http://www.9kpu.com/app/index.php?i=27&c=home&]]></EventKey>
<MenuId>431040045</MenuId>
</xml>

2016-07-13 21:36:56 params :
------------
Array:
message : Array ;
module : default ;
rule : -1 ;

2016-07-13 21:36:56 response :
------------
Array:
params : Array ;

2016-07-13 21:49:43 trace :
------------
String:
<xml><ToUserName><![CDATA[gh_4e0c181b7380]]></ToUserName>
<FromUserName><![CDATA[oxtWnv8dKzKM6w_0eFzZG_TYcDDE]]></FromUserName>
<CreateTime>1468417783</CreateTime>
<MsgType><![CDATA[event]]></MsgType>
<Event><![CDATA[VIEW]]></Event>
<EventKey><![CDATA[http://www.9kpu.com/app/index.php?i=27&c=home&]]></EventKey>
<MenuId>431040045</MenuId>
</xml>

2016-07-13 21:49:43 params :
------------
Array:
message : Array ;
module : default ;
rule : -1 ;

2016-07-13 21:49:43 response :
------------
Array:
params : Array ;

2016-07-13 21:58:44 trace :
------------
String:
<xml><ToUserName><![CDATA[gh_4e0c181b7380]]></ToUserName>
<FromUserName><![CDATA[oxtWnv8dKzKM6w_0eFzZG_TYcDDE]]></FromUserName>
<CreateTime>1468418324</CreateTime>
<MsgType><![CDATA[event]]></MsgType>
<Event><![CDATA[VIEW]]></Event>
<EventKey><![CDATA[http://www.9kpu.com/app/index.php?i=27&c=home&]]></EventKey>
<MenuId>431040045</MenuId>
</xml>

2016-07-13 21:58:44 params :
------------
Array:
message : Array ;
module : default ;
rule : -1 ;

2016-07-13 21:58:44 response :
------------
Array:
params : Array ;

2016-07-13 22:06:31 trace :
------------
String:
<xml><ToUserName><![CDATA[gh_4e0c181b7380]]></ToUserName>
<FromUserName><![CDATA[oxtWnv8dKzKM6w_0eFzZG_TYcDDE]]></FromUserName>
<CreateTime>1468418791</CreateTime>
<MsgType><![CDATA[event]]></MsgType>
<Event><![CDATA[VIEW]]></Event>
<EventKey><![CDATA[http://www.9kpu.com/app/index.php?i=27&c=home&]]></EventKey>
<MenuId>431040045</MenuId>
</xml>

2016-07-13 22:06:31 params :
------------
Array:
message : Array ;
module : default ;
rule : -1 ;

2016-07-13 22:06:31 response :
------------
Array:
params : Array ;

2016-07-13 22:06:32 trace :
------------
String:
<xml><ToUserName><![CDATA[gh_4e0c181b7380]]></ToUserName>
<FromUserName><![CDATA[oxtWnv8dKzKM6w_0eFzZG_TYcDDE]]></FromUserName>
<CreateTime>1468418792</CreateTime>
<MsgType><![CDATA[event]]></MsgType>
<Event><![CDATA[VIEW]]></Event>
<EventKey><![CDATA[http://www.9kpu.com/app/index.php?i=27&c=entry&eid=1]]></EventKey>
<MenuId>431040045</MenuId>
</xml>

2016-07-13 22:06:32 params :
------------
Array:
message : Array ;
module : default ;
rule : -1 ;

2016-07-13 22:06:32 response :
------------
Array:
params : Array ;

2016-07-13 22:11:21 trace :
------------
String:
<xml><ToUserName><![CDATA[gh_4e0c181b7380]]></ToUserName>
<FromUserName><![CDATA[oxtWnv8dKzKM6w_0eFzZG_TYcDDE]]></FromUserName>
<CreateTime>1468419081</CreateTime>
<MsgType><![CDATA[event]]></MsgType>
<Event><![CDATA[VIEW]]></Event>
<EventKey><![CDATA[http://www.9kpu.com/app/index.php?i=27&c=entry&eid=1]]></EventKey>
<MenuId>431040045</MenuId>
</xml>

2016-07-13 22:11:21 params :
------------
Array:
message : Array ;
module : default ;
rule : -1 ;

2016-07-13 22:11:21 response :
------------
Array:
params : Array ;

2016-07-13 22:11:30 trace :
------------
String:
<xml><ToUserName><![CDATA[gh_4e0c181b7380]]></ToUserName>
<FromUserName><![CDATA[oxtWnv8dKzKM6w_0eFzZG_TYcDDE]]></FromUserName>
<CreateTime>1468419090</CreateTime>
<MsgType><![CDATA[event]]></MsgType>
<Event><![CDATA[VIEW]]></Event>
<EventKey><![CDATA[http://www.9kpu.com/app/index.php?i=27&c=home&]]></EventKey>
<MenuId>431040045</MenuId>
</xml>

2016-07-13 22:11:30 params :
------------
Array:
message : Array ;
module : default ;
rule : -1 ;

2016-07-13 22:11:30 response :
------------
Array:
params : Array ;

2016-07-13 22:12:58 trace :
------------
String:
<xml><ToUserName><![CDATA[gh_4e0c181b7380]]></ToUserName>
<FromUserName><![CDATA[oxtWnv8dKzKM6w_0eFzZG_TYcDDE]]></FromUserName>
<CreateTime>1468419178</CreateTime>
<MsgType><![CDATA[event]]></MsgType>
<Event><![CDATA[VIEW]]></Event>
<EventKey><![CDATA[http://www.9kpu.com/app/index.php?i=27&c=home&]]></EventKey>
<MenuId>431040045</MenuId>
</xml>

2016-07-13 22:12:58 params :
------------
Array:
message : Array ;
module : default ;
rule : -1 ;

2016-07-13 22:12:58 response :
------------
Array:
params : Array ;

2016-07-13 22:13:18 trace :
------------
String:
<xml><ToUserName><![CDATA[gh_4e0c181b7380]]></ToUserName>
<FromUserName><![CDATA[oxtWnv8dKzKM6w_0eFzZG_TYcDDE]]></FromUserName>
<CreateTime>1468419198</CreateTime>
<MsgType><![CDATA[event]]></MsgType>
<Event><![CDATA[VIEW]]></Event>
<EventKey><![CDATA[http://www.9kpu.com/app/index.php?i=27&c=entry&eid=1]]></EventKey>
<MenuId>431040045</MenuId>
</xml>

2016-07-13 22:13:19 params :
------------
Array:
message : Array ;
module : default ;
rule : -1 ;

2016-07-13 22:13:19 response :
------------
Array:
params : Array ;

2016-07-13 22:13:27 trace :
------------
String:
<xml><ToUserName><![CDATA[gh_4e0c181b7380]]></ToUserName>
<FromUserName><![CDATA[oxtWnv8dKzKM6w_0eFzZG_TYcDDE]]></FromUserName>
<CreateTime>1468419206</CreateTime>
<MsgType><![CDATA[event]]></MsgType>
<Event><![CDATA[VIEW]]></Event>
<EventKey><![CDATA[http://www.9kpu.com/app/index.php?i=27&c=entry&eid=2]]></EventKey>
<MenuId>431040045</MenuId>
</xml>

2016-07-13 22:13:27 params :
------------
Array:
message : Array ;
module : default ;
rule : -1 ;

2016-07-13 22:13:27 response :
------------
Array:
params : Array ;

2016-07-13 22:13:53 trace :
------------
String:
<xml><ToUserName><![CDATA[gh_4e0c181b7380]]></ToUserName>
<FromUserName><![CDATA[oxtWnv8dKzKM6w_0eFzZG_TYcDDE]]></FromUserName>
<CreateTime>1468419233</CreateTime>
<MsgType><![CDATA[event]]></MsgType>
<Event><![CDATA[VIEW]]></Event>
<EventKey><![CDATA[http://www.9kpu.com/app/index.php?i=27&c=entry&eid=1]]></EventKey>
<MenuId>431040045</MenuId>
</xml>

2016-07-13 22:13:53 params :
------------
Array:
message : Array ;
module : default ;
rule : -1 ;

2016-07-13 22:13:53 response :
------------
Array:
params : Array ;

2016-07-13 22:14:29 trace :
------------
String:
<xml><ToUserName><![CDATA[gh_0eab716966d4]]></ToUserName>
<FromUserName><![CDATA[oSoVuwHj7BNYAqppgsiSRuxRtCL0]]></FromUserName>
<CreateTime>1468419269</CreateTime>
<MsgType><![CDATA[event]]></MsgType>
<Event><![CDATA[VIEW]]></Event>
<EventKey><![CDATA[http://www.9kpu.com/app/index.php?i=28&c=home&]]></EventKey>
<MenuId>414492131</MenuId>
</xml>

2016-07-13 22:14:29 params :
------------
Array:
rule : -2 ;
module :  ;
message : Array ;

2016-07-13 22:14:29 response :
------------

2016-07-13 22:14:35 trace :
------------
String:
<xml><ToUserName><![CDATA[gh_0eab716966d4]]></ToUserName>
<FromUserName><![CDATA[oSoVuwHj7BNYAqppgsiSRuxRtCL0]]></FromUserName>
<CreateTime>1468419275</CreateTime>
<MsgType><![CDATA[event]]></MsgType>
<Event><![CDATA[VIEW]]></Event>
<EventKey><![CDATA[http://www.9kpu.com/app/index.php?i=28&c=entry&eid=1]]></EventKey>
<MenuId>414492131</MenuId>
</xml>

2016-07-13 22:14:35 params :
------------
Array:
rule : -2 ;
module :  ;
message : Array ;

2016-07-13 22:14:35 response :
------------

2016-07-13 22:14:46 trace :
------------
String:
<xml><ToUserName><![CDATA[gh_0eab716966d4]]></ToUserName>
<FromUserName><![CDATA[oSoVuwHj7BNYAqppgsiSRuxRtCL0]]></FromUserName>
<CreateTime>1468419286</CreateTime>
<MsgType><![CDATA[event]]></MsgType>
<Event><![CDATA[VIEW]]></Event>
<EventKey><![CDATA[http://www.9kpu.com/app/index.php?i=28&c=entry&eid=1]]></EventKey>
<MenuId>414492131</MenuId>
</xml>

2016-07-13 22:14:46 params :
------------
Array:
rule : -2 ;
module :  ;
message : Array ;

2016-07-13 22:14:46 response :
------------

2016-07-13 22:14:50 trace :
------------
String:
<xml><ToUserName><![CDATA[gh_0eab716966d4]]></ToUserName>
<FromUserName><![CDATA[oSoVuwHj7BNYAqppgsiSRuxRtCL0]]></FromUserName>
<CreateTime>1468419290</CreateTime>
<MsgType><![CDATA[event]]></MsgType>
<Event><![CDATA[VIEW]]></Event>
<EventKey><![CDATA[http://www.9kpu.com/app/index.php?i=28&c=entry&eid=2]]></EventKey>
<MenuId>414492131</MenuId>
</xml>

2016-07-13 22:14:50 params :
------------
Array:
rule : -2 ;
module :  ;
message : Array ;

2016-07-13 22:14:50 response :
------------

2016-07-13 22:15:12 trace :
------------
String:
<xml><ToUserName><![CDATA[gh_c8e42a22d2ba]]></ToUserName>
<FromUserName><![CDATA[o7oRnw5LjLcdj9FVtRuPoKN2s1lw]]></FromUserName>
<CreateTime>1468419311</CreateTime>
<MsgType><![CDATA[event]]></MsgType>
<Event><![CDATA[VIEW]]></Event>
<EventKey><![CDATA[http://www.9kpu.com/app/index.php?i=25&c=entry&do=bangding&m=lianhu_school]]></EventKey>
<MenuId>410687554</MenuId>
</xml>

2016-07-13 22:15:12 params :
------------
Array:
rule : -2 ;
module :  ;
message : Array ;

2016-07-13 22:15:12 response :
------------

2016-07-13 22:15:51 trace :
------------
String:
<xml><ToUserName><![CDATA[gh_e7a0c8306261]]></ToUserName>
<FromUserName><![CDATA[oRj-Fs8qDmUEEZ0jIsDIcoU5gSxI]]></FromUserName>
<CreateTime>1468419351</CreateTime>
<MsgType><![CDATA[event]]></MsgType>
<Event><![CDATA[VIEW]]></Event>
<EventKey><![CDATA[http://www.9kpu.com/app/index.php?i=13&c=entry&eid=1]]></EventKey>
<MenuId>408429854</MenuId>
</xml>

2016-07-13 22:15:51 params :
------------
Array:
message : Array ;
module : basic ;
rule : 22 ;
priority : 0 ;
keyword : Array ;

2016-07-13 22:15:51 response :
------------
Array:
FromUserName : gh_e7a0c8306261 ;
ToUserName : oRj-Fs8qDmUEEZ0jIsDIcoU5gSxI ;
MsgType : text ;
Content : 欢迎关注同城学堂，点击微官网查看本学校介绍信息，家长点击学生天地绑定自己小孩信息使用，老师点击教师信息绑定自己账号使用 ;

2016-07-13 22:16:32 trace :
------------
String:
<xml><ToUserName><![CDATA[gh_e7a0c8306261]]></ToUserName>
<FromUserName><![CDATA[oRj-Fs8qDmUEEZ0jIsDIcoU5gSxI]]></FromUserName>
<CreateTime>1468419392</CreateTime>
<MsgType><![CDATA[event]]></MsgType>
<Event><![CDATA[VIEW]]></Event>
<EventKey><![CDATA[http://www.9kpu.com/app/index.php?i=13&c=entry&eid=1]]></EventKey>
<MenuId>408429854</MenuId>
</xml>

2016-07-13 22:16:32 params :
------------
Array:
message : Array ;
module : basic ;
rule : 22 ;
priority : 0 ;
keyword : Array ;

2016-07-13 22:16:32 response :
------------
Array:
FromUserName : gh_e7a0c8306261 ;
ToUserName : oRj-Fs8qDmUEEZ0jIsDIcoU5gSxI ;
MsgType : text ;
Content : 欢迎关注同城学堂，点击微官网查看本学校介绍信息，家长点击学生天地绑定自己小孩信息使用，老师点击教师信息绑定自己账号使用 ;

2016-07-13 22:16:53 trace :
------------
String:
<xml><ToUserName><![CDATA[gh_e7a0c8306261]]></ToUserName>
<FromUserName><![CDATA[oRj-Fs8qDmUEEZ0jIsDIcoU5gSxI]]></FromUserName>
<CreateTime>1468419413</CreateTime>
<MsgType><![CDATA[event]]></MsgType>
<Event><![CDATA[VIEW]]></Event>
<EventKey><![CDATA[http://www.9kpu.com/app/index.php?i=13&c=home&]]></EventKey>
<MenuId>408429854</MenuId>
</xml>

2016-07-13 22:16:53 params :
------------
Array:
message : Array ;
module : basic ;
rule : 22 ;
priority : 0 ;
keyword : Array ;

2016-07-13 22:16:53 response :
------------
Array:
FromUserName : gh_e7a0c8306261 ;
ToUserName : oRj-Fs8qDmUEEZ0jIsDIcoU5gSxI ;
MsgType : text ;
Content : 欢迎关注同城学堂，点击微官网查看本学校介绍信息，家长点击学生天地绑定自己小孩信息使用，老师点击教师信息绑定自己账号使用 ;

2016-07-13 22:16:59 trace :
------------
String:
<xml><ToUserName><![CDATA[gh_e7a0c8306261]]></ToUserName>
<FromUserName><![CDATA[oRj-Fs8qDmUEEZ0jIsDIcoU5gSxI]]></FromUserName>
<CreateTime>1468419419</CreateTime>
<MsgType><![CDATA[event]]></MsgType>
<Event><![CDATA[VIEW]]></Event>
<EventKey><![CDATA[http://www.9kpu.com/app/index.php?i=13&c=entry&eid=1]]></EventKey>
<MenuId>408429854</MenuId>
</xml>

2016-07-13 22:16:59 params :
------------
Array:
message : Array ;
module : basic ;
rule : 22 ;
priority : 0 ;
keyword : Array ;

2016-07-13 22:16:59 response :
------------
Array:
FromUserName : gh_e7a0c8306261 ;
ToUserName : oRj-Fs8qDmUEEZ0jIsDIcoU5gSxI ;
MsgType : text ;
Content : 欢迎关注同城学堂，点击微官网查看本学校介绍信息，家长点击学生天地绑定自己小孩信息使用，老师点击教师信息绑定自己账号使用 ;

2016-07-13 22:17:22 trace :
------------
String:
<xml><ToUserName><![CDATA[gh_e7a0c8306261]]></ToUserName>
<FromUserName><![CDATA[oRj-Fs8qDmUEEZ0jIsDIcoU5gSxI]]></FromUserName>
<CreateTime>1468419441</CreateTime>
<MsgType><![CDATA[event]]></MsgType>
<Event><![CDATA[VIEW]]></Event>
<EventKey><![CDATA[http://www.9kpu.com/app/index.php?i=13&c=entry&eid=1]]></EventKey>
<MenuId>408429854</MenuId>
</xml>

2016-07-13 22:17:22 params :
------------
Array:
message : Array ;
module : basic ;
rule : 22 ;
priority : 0 ;
keyword : Array ;

2016-07-13 22:17:22 response :
------------
Array:
FromUserName : gh_e7a0c8306261 ;
ToUserName : oRj-Fs8qDmUEEZ0jIsDIcoU5gSxI ;
MsgType : text ;
Content : 欢迎关注同城学堂，点击微官网查看本学校介绍信息，家长点击学生天地绑定自己小孩信息使用，老师点击教师信息绑定自己账号使用 ;

2016-07-13 22:18:46 trace :
------------
String:
<xml><ToUserName><![CDATA[gh_4e0c181b7380]]></ToUserName>
<FromUserName><![CDATA[oxtWnv8dKzKM6w_0eFzZG_TYcDDE]]></FromUserName>
<CreateTime>1468419526</CreateTime>
<MsgType><![CDATA[event]]></MsgType>
<Event><![CDATA[VIEW]]></Event>
<EventKey><![CDATA[http://www.9kpu.com/app/index.php?i=27&c=entry&eid=1]]></EventKey>
<MenuId>431040045</MenuId>
</xml>

2016-07-13 22:18:46 params :
------------
Array:
message : Array ;
module : default ;
rule : -1 ;

2016-07-13 22:18:46 response :
------------
Array:
params : Array ;

