2016-09-02 06:13:59 trace :
------------
String:
<xml><ToUserName><![CDATA[gh_2ee031f2e428]]></ToUserName>
<FromUserName><![CDATA[ojDkIwokMJkrOuYR9mOWVKn9rjDs]]></FromUserName>
<CreateTime>1472768039</CreateTime>
<MsgType><![CDATA[event]]></MsgType>
<Event><![CDATA[VIEW]]></Event>
<EventKey><![CDATA[http://www.9kpu.com/app/index.php?i=20&c=entry&do=bangding&m=lianhu_school]]></EventKey>
<MenuId>410679894</MenuId>
</xml>

2016-09-02 06:13:59 params :
------------
Array:
rule : -2 ;
module :  ;
message : Array ;

2016-09-02 06:13:59 response :
------------

2016-09-02 06:14:12 trace :
------------
String:
<xml><ToUserName><![CDATA[gh_2ee031f2e428]]></ToUserName>
<FromUserName><![CDATA[ojDkIwokMJkrOuYR9mOWVKn9rjDs]]></FromUserName>
<CreateTime>1472768051</CreateTime>
<MsgType><![CDATA[event]]></MsgType>
<Event><![CDATA[VIEW]]></Event>
<EventKey><![CDATA[http://www.9kpu.com/app/index.php?i=20&c=entry&do=teaIn&m=lianhu_school]]></EventKey>
<MenuId>410679894</MenuId>
</xml>

2016-09-02 06:14:12 params :
------------
Array:
rule : -2 ;
module :  ;
message : Array ;

2016-09-02 06:14:12 response :
------------

2016-09-02 06:14:17 trace :
------------
String:
<xml><ToUserName><![CDATA[gh_2ee031f2e428]]></ToUserName>
<FromUserName><![CDATA[ojDkIwokMJkrOuYR9mOWVKn9rjDs]]></FromUserName>
<CreateTime>1472768057</CreateTime>
<MsgType><![CDATA[event]]></MsgType>
<Event><![CDATA[VIEW]]></Event>
<EventKey><![CDATA[http://www.9kpu.com/app/index.php?i=20&c=home&=entry&eid=1]]></EventKey>
<MenuId>410679894</MenuId>
</xml>

2016-09-02 06:14:17 params :
------------
Array:
rule : -2 ;
module :  ;
message : Array ;

2016-09-02 06:14:17 response :
------------

2016-09-02 09:56:39 trace :
------------
String:
<xml><ToUserName><![CDATA[gh_2a16c32dff4b]]></ToUserName>
<FromUserName><![CDATA[oZF73wN64UqhKz3pTqmiyDA_wLPc]]></FromUserName>
<CreateTime>1472781399</CreateTime>
<MsgType><![CDATA[event]]></MsgType>
<Event><![CDATA[subscribe]]></Event>
<EventKey><![CDATA[]]></EventKey>
</xml>

2016-09-02 09:56:39 params :
------------
Array:
message : Array ;
module : news ;
rule : 56 ;
priority : 0 ;
keyword : Array ;

2016-09-02 09:56:39 response :
------------
Array:
FromUserName : gh_2a16c32dff4b ;
ToUserName : oZF73wN64UqhKz3pTqmiyDA_wLPc ;
MsgType : news ;
ArticleCount : 1 ;
Articles : Array ;

2016-09-02 09:56:44 trace :
------------
String:
<xml><ToUserName><![CDATA[gh_2a16c32dff4b]]></ToUserName>
<FromUserName><![CDATA[oZF73wN64UqhKz3pTqmiyDA_wLPc]]></FromUserName>
<CreateTime>1472781404</CreateTime>
<MsgType><![CDATA[event]]></MsgType>
<Event><![CDATA[VIEW]]></Event>
<EventKey><![CDATA[http://www.9kpu.com/app/index.php?i=26&c=home&]]></EventKey>
<MenuId>443004588</MenuId>
</xml>

2016-09-02 09:56:44 params :
------------
Array:
message : Array ;
module : news ;
rule : 56 ;
priority : 0 ;
keyword : Array ;

2016-09-02 09:56:44 response :
------------
Array:
FromUserName : gh_2a16c32dff4b ;
ToUserName : oZF73wN64UqhKz3pTqmiyDA_wLPc ;
MsgType : news ;
ArticleCount : 1 ;
Articles : Array ;

2016-09-02 09:57:10 trace :
------------
String:
<xml><ToUserName><![CDATA[gh_2a16c32dff4b]]></ToUserName>
<FromUserName><![CDATA[oZF73wIbRVqLeZpg9QGjQ4DBwDEc]]></FromUserName>
<CreateTime>1472781430</CreateTime>
<MsgType><![CDATA[event]]></MsgType>
<Event><![CDATA[subscribe]]></Event>
<EventKey><![CDATA[]]></EventKey>
</xml>

2016-09-02 09:57:10 params :
------------
Array:
message : Array ;
module : news ;
rule : 56 ;
priority : 0 ;
keyword : Array ;

2016-09-02 09:57:10 response :
------------
Array:
FromUserName : gh_2a16c32dff4b ;
ToUserName : oZF73wIbRVqLeZpg9QGjQ4DBwDEc ;
MsgType : news ;
ArticleCount : 1 ;
Articles : Array ;

2016-09-02 09:57:18 trace :
------------
String:
<xml><ToUserName><![CDATA[gh_2a16c32dff4b]]></ToUserName>
<FromUserName><![CDATA[oZF73wIbRVqLeZpg9QGjQ4DBwDEc]]></FromUserName>
<CreateTime>1472781438</CreateTime>
<MsgType><![CDATA[event]]></MsgType>
<Event><![CDATA[VIEW]]></Event>
<EventKey><![CDATA[http://www.9kpu.com/app/index.php?i=26&c=home&]]></EventKey>
<MenuId>443004588</MenuId>
</xml>

2016-09-02 09:57:18 params :
------------
Array:
message : Array ;
module : news ;
rule : 56 ;
priority : 0 ;
keyword : Array ;

2016-09-02 09:57:18 response :
------------
Array:
FromUserName : gh_2a16c32dff4b ;
ToUserName : oZF73wIbRVqLeZpg9QGjQ4DBwDEc ;
MsgType : news ;
ArticleCount : 1 ;
Articles : Array ;

2016-09-02 09:57:33 trace :
------------
String:
<xml><ToUserName><![CDATA[gh_2a16c32dff4b]]></ToUserName>
<FromUserName><![CDATA[oZF73wNGKvL_8Ri5JNhVx4SXJxAY]]></FromUserName>
<CreateTime>1472781452</CreateTime>
<MsgType><![CDATA[event]]></MsgType>
<Event><![CDATA[subscribe]]></Event>
<EventKey><![CDATA[]]></EventKey>
</xml>

2016-09-02 09:57:33 params :
------------
Array:
message : Array ;
module : news ;
rule : 56 ;
priority : 0 ;
keyword : Array ;

2016-09-02 09:57:33 response :
------------
Array:
FromUserName : gh_2a16c32dff4b ;
ToUserName : oZF73wNGKvL_8Ri5JNhVx4SXJxAY ;
MsgType : news ;
ArticleCount : 1 ;
Articles : Array ;

2016-09-02 09:57:56 trace :
------------
String:
<xml><ToUserName><![CDATA[gh_2a16c32dff4b]]></ToUserName>
<FromUserName><![CDATA[oZF73wPw6wSvH7lD15MzRG7o98i0]]></FromUserName>
<CreateTime>1472781475</CreateTime>
<MsgType><![CDATA[event]]></MsgType>
<Event><![CDATA[subscribe]]></Event>
<EventKey><![CDATA[]]></EventKey>
</xml>

2016-09-02 09:57:56 params :
------------
Array:
message : Array ;
module : news ;
rule : 56 ;
priority : 0 ;
keyword : Array ;

2016-09-02 09:57:56 response :
------------
Array:
FromUserName : gh_2a16c32dff4b ;
ToUserName : oZF73wPw6wSvH7lD15MzRG7o98i0 ;
MsgType : news ;
ArticleCount : 1 ;
Articles : Array ;

2016-09-02 09:58:03 trace :
------------
String:
<xml><ToUserName><![CDATA[gh_2a16c32dff4b]]></ToUserName>
<FromUserName><![CDATA[oZF73wN64UqhKz3pTqmiyDA_wLPc]]></FromUserName>
<CreateTime>1472781483</CreateTime>
<MsgType><![CDATA[event]]></MsgType>
<Event><![CDATA[VIEW]]></Event>
<EventKey><![CDATA[http://www.9kpu.com/app/index.php?i=26&c=entry&do=teaIn&m=lianhu_school]]></EventKey>
<MenuId>443004588</MenuId>
</xml>

2016-09-02 09:58:03 params :
------------
Array:
message : Array ;
module : news ;
rule : 56 ;
priority : 0 ;
keyword : Array ;

2016-09-02 09:58:03 response :
------------
Array:
FromUserName : gh_2a16c32dff4b ;
ToUserName : oZF73wN64UqhKz3pTqmiyDA_wLPc ;
MsgType : news ;
ArticleCount : 1 ;
Articles : Array ;

2016-09-02 09:58:08 trace :
------------
String:
<xml><ToUserName><![CDATA[gh_2a16c32dff4b]]></ToUserName>
<FromUserName><![CDATA[oZF73wKUDrh7-iWfu4Am9QwjO0Q0]]></FromUserName>
<CreateTime>1472781488</CreateTime>
<MsgType><![CDATA[event]]></MsgType>
<Event><![CDATA[subscribe]]></Event>
<EventKey><![CDATA[]]></EventKey>
</xml>

2016-09-02 09:58:08 params :
------------
Array:
message : Array ;
module : news ;
rule : 56 ;
priority : 0 ;
keyword : Array ;

2016-09-02 09:58:08 response :
------------
Array:
FromUserName : gh_2a16c32dff4b ;
ToUserName : oZF73wKUDrh7-iWfu4Am9QwjO0Q0 ;
MsgType : news ;
ArticleCount : 1 ;
Articles : Array ;

2016-09-02 09:58:17 trace :
------------
String:
<xml><ToUserName><![CDATA[gh_2a16c32dff4b]]></ToUserName>
<FromUserName><![CDATA[oZF73wKUDrh7-iWfu4Am9QwjO0Q0]]></FromUserName>
<CreateTime>1472781496</CreateTime>
<MsgType><![CDATA[event]]></MsgType>
<Event><![CDATA[VIEW]]></Event>
<EventKey><![CDATA[http://www.9kpu.com/app/index.php?i=26&c=home&]]></EventKey>
<MenuId>443004588</MenuId>
</xml>

2016-09-02 09:58:17 params :
------------
Array:
message : Array ;
module : news ;
rule : 56 ;
priority : 0 ;
keyword : Array ;

2016-09-02 09:58:17 response :
------------
Array:
FromUserName : gh_2a16c32dff4b ;
ToUserName : oZF73wKUDrh7-iWfu4Am9QwjO0Q0 ;
MsgType : news ;
ArticleCount : 1 ;
Articles : Array ;

2016-09-02 09:58:17 trace :
------------
String:
<xml><ToUserName><![CDATA[gh_2a16c32dff4b]]></ToUserName>
<FromUserName><![CDATA[oZF73wEJ97uZdj4M7QhAMI-FgC3E]]></FromUserName>
<CreateTime>1472781497</CreateTime>
<MsgType><![CDATA[event]]></MsgType>
<Event><![CDATA[subscribe]]></Event>
<EventKey><![CDATA[]]></EventKey>
</xml>

2016-09-02 09:58:17 params :
------------
Array:
message : Array ;
module : news ;
rule : 56 ;
priority : 0 ;
keyword : Array ;

2016-09-02 09:58:17 response :
------------
Array:
FromUserName : gh_2a16c32dff4b ;
ToUserName : oZF73wEJ97uZdj4M7QhAMI-FgC3E ;
MsgType : news ;
ArticleCount : 1 ;
Articles : Array ;

2016-09-02 09:58:23 trace :
------------
String:
<xml><ToUserName><![CDATA[gh_2a16c32dff4b]]></ToUserName>
<FromUserName><![CDATA[oZF73wPw6wSvH7lD15MzRG7o98i0]]></FromUserName>
<CreateTime>1472781503</CreateTime>
<MsgType><![CDATA[event]]></MsgType>
<Event><![CDATA[VIEW]]></Event>
<EventKey><![CDATA[http://www.9kpu.com/app/index.php?i=26&c=home&]]></EventKey>
<MenuId>443004588</MenuId>
</xml>

2016-09-02 09:58:23 params :
------------
Array:
message : Array ;
module : news ;
rule : 56 ;
priority : 0 ;
keyword : Array ;

2016-09-02 09:58:23 response :
------------
Array:
FromUserName : gh_2a16c32dff4b ;
ToUserName : oZF73wPw6wSvH7lD15MzRG7o98i0 ;
MsgType : news ;
ArticleCount : 1 ;
Articles : Array ;

2016-09-02 09:58:24 trace :
------------
String:
<xml><ToUserName><![CDATA[gh_2a16c32dff4b]]></ToUserName>
<FromUserName><![CDATA[oZF73wEJ97uZdj4M7QhAMI-FgC3E]]></FromUserName>
<CreateTime>1472781504</CreateTime>
<MsgType><![CDATA[event]]></MsgType>
<Event><![CDATA[VIEW]]></Event>
<EventKey><![CDATA[http://www.9kpu.com/app/index.php?i=26&c=home&]]></EventKey>
<MenuId>443004588</MenuId>
</xml>

2016-09-02 09:58:24 params :
------------
Array:
message : Array ;
module : news ;
rule : 56 ;
priority : 0 ;
keyword : Array ;

2016-09-02 09:58:24 response :
------------
Array:
FromUserName : gh_2a16c32dff4b ;
ToUserName : oZF73wEJ97uZdj4M7QhAMI-FgC3E ;
MsgType : news ;
ArticleCount : 1 ;
Articles : Array ;

2016-09-02 09:58:34 trace :
------------
String:
<xml><ToUserName><![CDATA[gh_2a16c32dff4b]]></ToUserName>
<FromUserName><![CDATA[oZF73wEJ97uZdj4M7QhAMI-FgC3E]]></FromUserName>
<CreateTime>1472781514</CreateTime>
<MsgType><![CDATA[event]]></MsgType>
<Event><![CDATA[VIEW]]></Event>
<EventKey><![CDATA[http://www.9kpu.com/app/index.php?i=26&c=home&]]></EventKey>
<MenuId>443004588</MenuId>
</xml>

2016-09-02 09:58:34 params :
------------
Array:
message : Array ;
module : news ;
rule : 56 ;
priority : 0 ;
keyword : Array ;

2016-09-02 09:58:34 response :
------------
Array:
FromUserName : gh_2a16c32dff4b ;
ToUserName : oZF73wEJ97uZdj4M7QhAMI-FgC3E ;
MsgType : news ;
ArticleCount : 1 ;
Articles : Array ;

2016-09-02 09:58:35 trace :
------------
String:
<xml><ToUserName><![CDATA[gh_2a16c32dff4b]]></ToUserName>
<FromUserName><![CDATA[oZF73wPs4iFdUDpKlD_3oDN3rklA]]></FromUserName>
<CreateTime>1472781514</CreateTime>
<MsgType><![CDATA[event]]></MsgType>
<Event><![CDATA[subscribe]]></Event>
<EventKey><![CDATA[]]></EventKey>
</xml>

2016-09-02 09:58:35 params :
------------
Array:
message : Array ;
module : news ;
rule : 56 ;
priority : 0 ;
keyword : Array ;

2016-09-02 09:58:35 response :
------------
Array:
FromUserName : gh_2a16c32dff4b ;
ToUserName : oZF73wPs4iFdUDpKlD_3oDN3rklA ;
MsgType : news ;
ArticleCount : 1 ;
Articles : Array ;

2016-09-02 09:58:53 trace :
------------
String:
<xml><ToUserName><![CDATA[gh_2a16c32dff4b]]></ToUserName>
<FromUserName><![CDATA[oZF73wIbRVqLeZpg9QGjQ4DBwDEc]]></FromUserName>
<CreateTime>1472781533</CreateTime>
<MsgType><![CDATA[event]]></MsgType>
<Event><![CDATA[VIEW]]></Event>
<EventKey><![CDATA[http://www.9kpu.com/app/index.php?i=26&c=home&]]></EventKey>
<MenuId>443004588</MenuId>
</xml>

2016-09-02 09:58:53 params :
------------
Array:
message : Array ;
module : news ;
rule : 56 ;
priority : 0 ;
keyword : Array ;

2016-09-02 09:58:53 response :
------------
Array:
FromUserName : gh_2a16c32dff4b ;
ToUserName : oZF73wIbRVqLeZpg9QGjQ4DBwDEc ;
MsgType : news ;
ArticleCount : 1 ;
Articles : Array ;

2016-09-02 09:58:59 trace :
------------
String:
<xml><ToUserName><![CDATA[gh_2a16c32dff4b]]></ToUserName>
<FromUserName><![CDATA[oZF73wOTBgqV_CMD4jDHk9fDTCbY]]></FromUserName>
<CreateTime>1472781539</CreateTime>
<MsgType><![CDATA[event]]></MsgType>
<Event><![CDATA[subscribe]]></Event>
<EventKey><![CDATA[]]></EventKey>
</xml>

2016-09-02 09:58:59 params :
------------
Array:
message : Array ;
module : news ;
rule : 56 ;
priority : 0 ;
keyword : Array ;

2016-09-02 09:58:59 response :
------------
Array:
FromUserName : gh_2a16c32dff4b ;
ToUserName : oZF73wOTBgqV_CMD4jDHk9fDTCbY ;
MsgType : news ;
ArticleCount : 1 ;
Articles : Array ;

2016-09-02 09:59:05 trace :
------------
String:
<xml><ToUserName><![CDATA[gh_2a16c32dff4b]]></ToUserName>
<FromUserName><![CDATA[oZF73wIf5Dnx6q8NhAPGfVIH-akc]]></FromUserName>
<CreateTime>1472781545</CreateTime>
<MsgType><![CDATA[event]]></MsgType>
<Event><![CDATA[subscribe]]></Event>
<EventKey><![CDATA[]]></EventKey>
</xml>

2016-09-02 09:59:05 params :
------------
Array:
message : Array ;
module : news ;
rule : 56 ;
priority : 0 ;
keyword : Array ;

2016-09-02 09:59:05 response :
------------
Array:
FromUserName : gh_2a16c32dff4b ;
ToUserName : oZF73wIf5Dnx6q8NhAPGfVIH-akc ;
MsgType : news ;
ArticleCount : 1 ;
Articles : Array ;

2016-09-02 09:59:07 trace :
------------
String:
<xml><ToUserName><![CDATA[gh_2a16c32dff4b]]></ToUserName>
<FromUserName><![CDATA[oZF73wIbRVqLeZpg9QGjQ4DBwDEc]]></FromUserName>
<CreateTime>1472781547</CreateTime>
<MsgType><![CDATA[event]]></MsgType>
<Event><![CDATA[VIEW]]></Event>
<EventKey><![CDATA[http://www.9kpu.com/app/index.php?i=26&c=home&]]></EventKey>
<MenuId>443004588</MenuId>
</xml>

2016-09-02 09:59:07 params :
------------
Array:
message : Array ;
module : news ;
rule : 56 ;
priority : 0 ;
keyword : Array ;

2016-09-02 09:59:07 response :
------------
Array:
FromUserName : gh_2a16c32dff4b ;
ToUserName : oZF73wIbRVqLeZpg9QGjQ4DBwDEc ;
MsgType : news ;
ArticleCount : 1 ;
Articles : Array ;

2016-09-02 09:59:13 trace :
------------
String:
<xml><ToUserName><![CDATA[gh_2a16c32dff4b]]></ToUserName>
<FromUserName><![CDATA[oZF73wOTBgqV_CMD4jDHk9fDTCbY]]></FromUserName>
<CreateTime>1472781553</CreateTime>
<MsgType><![CDATA[event]]></MsgType>
<Event><![CDATA[VIEW]]></Event>
<EventKey><![CDATA[http://www.9kpu.com/app/index.php?i=26&c=home&]]></EventKey>
<MenuId>443004588</MenuId>
</xml>

2016-09-02 09:59:13 params :
------------
Array:
message : Array ;
module : news ;
rule : 56 ;
priority : 0 ;
keyword : Array ;

2016-09-02 09:59:13 response :
------------
Array:
FromUserName : gh_2a16c32dff4b ;
ToUserName : oZF73wOTBgqV_CMD4jDHk9fDTCbY ;
MsgType : news ;
ArticleCount : 1 ;
Articles : Array ;

2016-09-02 09:59:13 trace :
------------
String:
<xml><ToUserName><![CDATA[gh_2a16c32dff4b]]></ToUserName>
<FromUserName><![CDATA[oZF73wIf5Dnx6q8NhAPGfVIH-akc]]></FromUserName>
<CreateTime>1472781553</CreateTime>
<MsgType><![CDATA[event]]></MsgType>
<Event><![CDATA[VIEW]]></Event>
<EventKey><![CDATA[http://www.9kpu.com/app/index.php?i=26&c=home&]]></EventKey>
<MenuId>443004588</MenuId>
</xml>

2016-09-02 09:59:13 params :
------------
Array:
message : Array ;
module : news ;
rule : 56 ;
priority : 0 ;
keyword : Array ;

2016-09-02 09:59:13 response :
------------
Array:
FromUserName : gh_2a16c32dff4b ;
ToUserName : oZF73wIf5Dnx6q8NhAPGfVIH-akc ;
MsgType : news ;
ArticleCount : 1 ;
Articles : Array ;

2016-09-02 09:59:25 trace :
------------
String:
<xml><ToUserName><![CDATA[gh_2a16c32dff4b]]></ToUserName>
<FromUserName><![CDATA[oZF73wEJ97uZdj4M7QhAMI-FgC3E]]></FromUserName>
<CreateTime>1472781565</CreateTime>
<MsgType><![CDATA[event]]></MsgType>
<Event><![CDATA[VIEW]]></Event>
<EventKey><![CDATA[http://www.9kpu.com/app/index.php?i=26&c=entry&eid=1]]></EventKey>
<MenuId>443004588</MenuId>
</xml>

2016-09-02 09:59:25 params :
------------
Array:
message : Array ;
module : news ;
rule : 56 ;
priority : 0 ;
keyword : Array ;

2016-09-02 09:59:25 response :
------------
Array:
FromUserName : gh_2a16c32dff4b ;
ToUserName : oZF73wEJ97uZdj4M7QhAMI-FgC3E ;
MsgType : news ;
ArticleCount : 1 ;
Articles : Array ;

2016-09-02 09:59:27 trace :
------------
String:
<xml><ToUserName><![CDATA[gh_2a16c32dff4b]]></ToUserName>
<FromUserName><![CDATA[oZF73wEJ97uZdj4M7QhAMI-FgC3E]]></FromUserName>
<CreateTime>1472781567</CreateTime>
<MsgType><![CDATA[event]]></MsgType>
<Event><![CDATA[VIEW]]></Event>
<EventKey><![CDATA[http://www.9kpu.com/app/index.php?i=26&c=entry&do=teaIn&m=lianhu_school]]></EventKey>
<MenuId>443004588</MenuId>
</xml>

2016-09-02 09:59:27 params :
------------
Array:
message : Array ;
module : news ;
rule : 56 ;
priority : 0 ;
keyword : Array ;

2016-09-02 09:59:27 response :
------------
Array:
FromUserName : gh_2a16c32dff4b ;
ToUserName : oZF73wEJ97uZdj4M7QhAMI-FgC3E ;
MsgType : news ;
ArticleCount : 1 ;
Articles : Array ;

2016-09-02 09:59:30 trace :
------------
String:
<xml><ToUserName><![CDATA[gh_2a16c32dff4b]]></ToUserName>
<FromUserName><![CDATA[oZF73wJjbQM8OwoAOZmZY8HvrUdA]]></FromUserName>
<CreateTime>1472781570</CreateTime>
<MsgType><![CDATA[event]]></MsgType>
<Event><![CDATA[VIEW]]></Event>
<EventKey><![CDATA[http://www.9kpu.com/app/index.php?i=26&c=home&]]></EventKey>
<MenuId>443004588</MenuId>
</xml>

2016-09-02 09:59:30 params :
------------
Array:
message : Array ;
module : news ;
rule : 56 ;
priority : 0 ;
keyword : Array ;

2016-09-02 09:59:30 response :
------------
Array:
FromUserName : gh_2a16c32dff4b ;
ToUserName : oZF73wJjbQM8OwoAOZmZY8HvrUdA ;
MsgType : news ;
ArticleCount : 1 ;
Articles : Array ;

2016-09-02 09:59:46 trace :
------------
String:
<xml><ToUserName><![CDATA[gh_2a16c32dff4b]]></ToUserName>
<FromUserName><![CDATA[oZF73wIf5Dnx6q8NhAPGfVIH-akc]]></FromUserName>
<CreateTime>1472781586</CreateTime>
<MsgType><![CDATA[event]]></MsgType>
<Event><![CDATA[VIEW]]></Event>
<EventKey><![CDATA[http://www.9kpu.com/app/index.php?i=26&c=home&]]></EventKey>
<MenuId>443004588</MenuId>
</xml>

2016-09-02 09:59:46 params :
------------
Array:
message : Array ;
module : news ;
rule : 56 ;
priority : 0 ;
keyword : Array ;

2016-09-02 09:59:46 response :
------------
Array:
FromUserName : gh_2a16c32dff4b ;
ToUserName : oZF73wIf5Dnx6q8NhAPGfVIH-akc ;
MsgType : news ;
ArticleCount : 1 ;
Articles : Array ;

2016-09-02 09:59:51 trace :
------------
String:
<xml><ToUserName><![CDATA[gh_2a16c32dff4b]]></ToUserName>
<FromUserName><![CDATA[oZF73wPs4iFdUDpKlD_3oDN3rklA]]></FromUserName>
<CreateTime>1472781591</CreateTime>
<MsgType><![CDATA[event]]></MsgType>
<Event><![CDATA[VIEW]]></Event>
<EventKey><![CDATA[http://www.9kpu.com/app/index.php?i=26&c=entry&do=teaIn&m=lianhu_school]]></EventKey>
<MenuId>443004588</MenuId>
</xml>

2016-09-02 09:59:51 params :
------------
Array:
message : Array ;
module : news ;
rule : 56 ;
priority : 0 ;
keyword : Array ;

2016-09-02 09:59:51 response :
------------
Array:
FromUserName : gh_2a16c32dff4b ;
ToUserName : oZF73wPs4iFdUDpKlD_3oDN3rklA ;
MsgType : news ;
ArticleCount : 1 ;
Articles : Array ;

2016-09-02 09:59:54 trace :
------------
String:
<xml><ToUserName><![CDATA[gh_2a16c32dff4b]]></ToUserName>
<FromUserName><![CDATA[oZF73wPs4iFdUDpKlD_3oDN3rklA]]></FromUserName>
<CreateTime>1472781594</CreateTime>
<MsgType><![CDATA[event]]></MsgType>
<Event><![CDATA[VIEW]]></Event>
<EventKey><![CDATA[http://www.9kpu.com/app/index.php?i=26&c=entry&eid=1]]></EventKey>
<MenuId>443004588</MenuId>
</xml>

2016-09-02 09:59:54 params :
------------
Array:
message : Array ;
module : news ;
rule : 56 ;
priority : 0 ;
keyword : Array ;

2016-09-02 09:59:54 response :
------------
Array:
FromUserName : gh_2a16c32dff4b ;
ToUserName : oZF73wPs4iFdUDpKlD_3oDN3rklA ;
MsgType : news ;
ArticleCount : 1 ;
Articles : Array ;

2016-09-02 10:00:09 trace :
------------
String:
<xml><ToUserName><![CDATA[gh_2a16c32dff4b]]></ToUserName>
<FromUserName><![CDATA[oZF73wKUDrh7-iWfu4Am9QwjO0Q0]]></FromUserName>
<CreateTime>1472781608</CreateTime>
<MsgType><![CDATA[event]]></MsgType>
<Event><![CDATA[VIEW]]></Event>
<EventKey><![CDATA[http://www.9kpu.com/app/index.php?i=26&c=entry&eid=1]]></EventKey>
<MenuId>443004588</MenuId>
</xml>

2016-09-02 10:00:09 params :
------------
Array:
message : Array ;
module : news ;
rule : 56 ;
priority : 0 ;
keyword : Array ;

2016-09-02 10:00:09 response :
------------
Array:
FromUserName : gh_2a16c32dff4b ;
ToUserName : oZF73wKUDrh7-iWfu4Am9QwjO0Q0 ;
MsgType : news ;
ArticleCount : 1 ;
Articles : Array ;

2016-09-02 10:00:10 trace :
------------
String:
<xml><ToUserName><![CDATA[gh_2a16c32dff4b]]></ToUserName>
<FromUserName><![CDATA[oZF73wIbRVqLeZpg9QGjQ4DBwDEc]]></FromUserName>
<CreateTime>1472781610</CreateTime>
<MsgType><![CDATA[event]]></MsgType>
<Event><![CDATA[VIEW]]></Event>
<EventKey><![CDATA[http://www.9kpu.com/app/index.php?i=26&c=entry&eid=1]]></EventKey>
<MenuId>443004588</MenuId>
</xml>

2016-09-02 10:00:10 params :
------------
Array:
message : Array ;
module : news ;
rule : 56 ;
priority : 0 ;
keyword : Array ;

2016-09-02 10:00:10 response :
------------
Array:
FromUserName : gh_2a16c32dff4b ;
ToUserName : oZF73wIbRVqLeZpg9QGjQ4DBwDEc ;
MsgType : news ;
ArticleCount : 1 ;
Articles : Array ;

2016-09-02 10:00:15 trace :
------------
String:
<xml><ToUserName><![CDATA[gh_2a16c32dff4b]]></ToUserName>
<FromUserName><![CDATA[oZF73wKUDrh7-iWfu4Am9QwjO0Q0]]></FromUserName>
<CreateTime>1472781615</CreateTime>
<MsgType><![CDATA[event]]></MsgType>
<Event><![CDATA[VIEW]]></Event>
<EventKey><![CDATA[http://www.9kpu.com/app/index.php?i=26&c=entry&do=teaIn&m=lianhu_school]]></EventKey>
<MenuId>443004588</MenuId>
</xml>

2016-09-02 10:00:15 params :
------------
Array:
message : Array ;
module : news ;
rule : 56 ;
priority : 0 ;
keyword : Array ;

2016-09-02 10:00:15 response :
------------
Array:
FromUserName : gh_2a16c32dff4b ;
ToUserName : oZF73wKUDrh7-iWfu4Am9QwjO0Q0 ;
MsgType : news ;
ArticleCount : 1 ;
Articles : Array ;

2016-09-02 10:00:24 trace :
------------
String:
<xml><ToUserName><![CDATA[gh_2a16c32dff4b]]></ToUserName>
<FromUserName><![CDATA[oZF73wIf5Dnx6q8NhAPGfVIH-akc]]></FromUserName>
<CreateTime>1472781624</CreateTime>
<MsgType><![CDATA[event]]></MsgType>
<Event><![CDATA[VIEW]]></Event>
<EventKey><![CDATA[http://www.9kpu.com/app/index.php?i=26&c=entry&eid=1]]></EventKey>
<MenuId>443004588</MenuId>
</xml>

2016-09-02 10:00:24 params :
------------
Array:
message : Array ;
module : news ;
rule : 56 ;
priority : 0 ;
keyword : Array ;

2016-09-02 10:00:24 response :
------------
Array:
FromUserName : gh_2a16c32dff4b ;
ToUserName : oZF73wIf5Dnx6q8NhAPGfVIH-akc ;
MsgType : news ;
ArticleCount : 1 ;
Articles : Array ;

2016-09-02 10:00:36 trace :
------------
String:
<xml><ToUserName><![CDATA[gh_2a16c32dff4b]]></ToUserName>
<FromUserName><![CDATA[oZF73wIf5Dnx6q8NhAPGfVIH-akc]]></FromUserName>
<CreateTime>1472781636</CreateTime>
<MsgType><![CDATA[event]]></MsgType>
<Event><![CDATA[VIEW]]></Event>
<EventKey><![CDATA[http://www.9kpu.com/app/index.php?i=26&c=home&]]></EventKey>
<MenuId>443004588</MenuId>
</xml>

2016-09-02 10:00:36 params :
------------
Array:
message : Array ;
module : news ;
rule : 56 ;
priority : 0 ;
keyword : Array ;

2016-09-02 10:00:36 response :
------------
Array:
FromUserName : gh_2a16c32dff4b ;
ToUserName : oZF73wIf5Dnx6q8NhAPGfVIH-akc ;
MsgType : news ;
ArticleCount : 1 ;
Articles : Array ;

2016-09-02 10:00:45 trace :
------------
String:
<xml><ToUserName><![CDATA[gh_2a16c32dff4b]]></ToUserName>
<FromUserName><![CDATA[oZF73wEJ97uZdj4M7QhAMI-FgC3E]]></FromUserName>
<CreateTime>1472781645</CreateTime>
<MsgType><![CDATA[event]]></MsgType>
<Event><![CDATA[VIEW]]></Event>
<EventKey><![CDATA[http://www.9kpu.com/app/index.php?i=26&c=entry&do=teaIn&m=lianhu_school]]></EventKey>
<MenuId>443004588</MenuId>
</xml>

2016-09-02 10:00:45 params :
------------
Array:
message : Array ;
module : news ;
rule : 56 ;
priority : 0 ;
keyword : Array ;

2016-09-02 10:00:45 response :
------------
Array:
FromUserName : gh_2a16c32dff4b ;
ToUserName : oZF73wEJ97uZdj4M7QhAMI-FgC3E ;
MsgType : news ;
ArticleCount : 1 ;
Articles : Array ;

2016-09-02 10:00:49 trace :
------------
String:
<xml><ToUserName><![CDATA[gh_2a16c32dff4b]]></ToUserName>
<FromUserName><![CDATA[oZF73wEJ97uZdj4M7QhAMI-FgC3E]]></FromUserName>
<CreateTime>1472781649</CreateTime>
<MsgType><![CDATA[event]]></MsgType>
<Event><![CDATA[VIEW]]></Event>
<EventKey><![CDATA[http://www.9kpu.com/app/index.php?i=26&c=entry&eid=1]]></EventKey>
<MenuId>443004588</MenuId>
</xml>

2016-09-02 10:00:49 params :
------------
Array:
message : Array ;
module : news ;
rule : 56 ;
priority : 0 ;
keyword : Array ;

2016-09-02 10:00:49 response :
------------
Array:
FromUserName : gh_2a16c32dff4b ;
ToUserName : oZF73wEJ97uZdj4M7QhAMI-FgC3E ;
MsgType : news ;
ArticleCount : 1 ;
Articles : Array ;

2016-09-02 10:00:53 trace :
------------
String:
<xml><ToUserName><![CDATA[gh_2a16c32dff4b]]></ToUserName>
<FromUserName><![CDATA[oZF73wKUDrh7-iWfu4Am9QwjO0Q0]]></FromUserName>
<CreateTime>1472781653</CreateTime>
<MsgType><![CDATA[event]]></MsgType>
<Event><![CDATA[VIEW]]></Event>
<EventKey><![CDATA[http://www.9kpu.com/app/index.php?i=26&c=entry&do=teaIn&m=lianhu_school]]></EventKey>
<MenuId>443004588</MenuId>
</xml>

2016-09-02 10:00:53 params :
------------
Array:
message : Array ;
module : news ;
rule : 56 ;
priority : 0 ;
keyword : Array ;

2016-09-02 10:00:53 response :
------------
Array:
FromUserName : gh_2a16c32dff4b ;
ToUserName : oZF73wKUDrh7-iWfu4Am9QwjO0Q0 ;
MsgType : news ;
ArticleCount : 1 ;
Articles : Array ;

2016-09-02 10:01:01 trace :
------------
String:
<xml><ToUserName><![CDATA[gh_2a16c32dff4b]]></ToUserName>
<FromUserName><![CDATA[oZF73wIbRVqLeZpg9QGjQ4DBwDEc]]></FromUserName>
<CreateTime>1472781661</CreateTime>
<MsgType><![CDATA[event]]></MsgType>
<Event><![CDATA[VIEW]]></Event>
<EventKey><![CDATA[http://www.9kpu.com/app/index.php?i=26&c=entry&do=teaIn&m=lianhu_school]]></EventKey>
<MenuId>443004588</MenuId>
</xml>

2016-09-02 10:01:01 params :
------------
Array:
message : Array ;
module : news ;
rule : 56 ;
priority : 0 ;
keyword : Array ;

2016-09-02 10:01:01 response :
------------
Array:
FromUserName : gh_2a16c32dff4b ;
ToUserName : oZF73wIbRVqLeZpg9QGjQ4DBwDEc ;
MsgType : news ;
ArticleCount : 1 ;
Articles : Array ;

2016-09-02 10:01:05 trace :
------------
String:
<xml><ToUserName><![CDATA[gh_2a16c32dff4b]]></ToUserName>
<FromUserName><![CDATA[oZF73wIf5Dnx6q8NhAPGfVIH-akc]]></FromUserName>
<CreateTime>1472781665</CreateTime>
<MsgType><![CDATA[event]]></MsgType>
<Event><![CDATA[VIEW]]></Event>
<EventKey><![CDATA[http://www.9kpu.com/app/index.php?i=26&c=entry&do=teaIn&m=lianhu_school]]></EventKey>
<MenuId>443004588</MenuId>
</xml>

2016-09-02 10:01:05 params :
------------
Array:
message : Array ;
module : news ;
rule : 56 ;
priority : 0 ;
keyword : Array ;

2016-09-02 10:01:05 response :
------------
Array:
FromUserName : gh_2a16c32dff4b ;
ToUserName : oZF73wIf5Dnx6q8NhAPGfVIH-akc ;
MsgType : news ;
ArticleCount : 1 ;
Articles : Array ;

2016-09-02 10:01:15 trace :
------------
String:
<xml><ToUserName><![CDATA[gh_2a16c32dff4b]]></ToUserName>
<FromUserName><![CDATA[oZF73wEJ97uZdj4M7QhAMI-FgC3E]]></FromUserName>
<CreateTime>1472781675</CreateTime>
<MsgType><![CDATA[event]]></MsgType>
<Event><![CDATA[VIEW]]></Event>
<EventKey><![CDATA[http://www.9kpu.com/app/index.php?i=26&c=entry&eid=1]]></EventKey>
<MenuId>443004588</MenuId>
</xml>

2016-09-02 10:01:15 params :
------------
Array:
message : Array ;
module : news ;
rule : 56 ;
priority : 0 ;
keyword : Array ;

2016-09-02 10:01:15 response :
------------
Array:
FromUserName : gh_2a16c32dff4b ;
ToUserName : oZF73wEJ97uZdj4M7QhAMI-FgC3E ;
MsgType : news ;
ArticleCount : 1 ;
Articles : Array ;

2016-09-02 10:01:19 trace :
------------
String:
<xml><ToUserName><![CDATA[gh_2a16c32dff4b]]></ToUserName>
<FromUserName><![CDATA[oZF73wEJ97uZdj4M7QhAMI-FgC3E]]></FromUserName>
<CreateTime>1472781679</CreateTime>
<MsgType><![CDATA[event]]></MsgType>
<Event><![CDATA[VIEW]]></Event>
<EventKey><![CDATA[http://www.9kpu.com/app/index.php?i=26&c=home&]]></EventKey>
<MenuId>443004588</MenuId>
</xml>

2016-09-02 10:01:19 params :
------------
Array:
message : Array ;
module : news ;
rule : 56 ;
priority : 0 ;
keyword : Array ;

2016-09-02 10:01:19 response :
------------
Array:
FromUserName : gh_2a16c32dff4b ;
ToUserName : oZF73wEJ97uZdj4M7QhAMI-FgC3E ;
MsgType : news ;
ArticleCount : 1 ;
Articles : Array ;

2016-09-02 10:02:14 trace :
------------
String:
<xml><ToUserName><![CDATA[gh_2a16c32dff4b]]></ToUserName>
<FromUserName><![CDATA[oZF73wPs4iFdUDpKlD_3oDN3rklA]]></FromUserName>
<CreateTime>1472781734</CreateTime>
<MsgType><![CDATA[event]]></MsgType>
<Event><![CDATA[VIEW]]></Event>
<EventKey><![CDATA[http://www.9kpu.com/app/index.php?i=26&c=home&]]></EventKey>
<MenuId>443004588</MenuId>
</xml>

2016-09-02 10:02:14 params :
------------
Array:
message : Array ;
module : news ;
rule : 56 ;
priority : 0 ;
keyword : Array ;

2016-09-02 10:02:14 response :
------------
Array:
FromUserName : gh_2a16c32dff4b ;
ToUserName : oZF73wPs4iFdUDpKlD_3oDN3rklA ;
MsgType : news ;
ArticleCount : 1 ;
Articles : Array ;

2016-09-02 10:03:17 trace :
------------
String:
<xml><ToUserName><![CDATA[gh_2a16c32dff4b]]></ToUserName>
<FromUserName><![CDATA[oZF73wKUDrh7-iWfu4Am9QwjO0Q0]]></FromUserName>
<CreateTime>1472781797</CreateTime>
<MsgType><![CDATA[event]]></MsgType>
<Event><![CDATA[VIEW]]></Event>
<EventKey><![CDATA[http://www.9kpu.com/app/index.php?i=26&c=home&]]></EventKey>
<MenuId>443004588</MenuId>
</xml>

2016-09-02 10:03:17 params :
------------
Array:
message : Array ;
module : news ;
rule : 56 ;
priority : 0 ;
keyword : Array ;

2016-09-02 10:03:17 response :
------------
Array:
FromUserName : gh_2a16c32dff4b ;
ToUserName : oZF73wKUDrh7-iWfu4Am9QwjO0Q0 ;
MsgType : news ;
ArticleCount : 1 ;
Articles : Array ;

2016-09-02 10:03:20 trace :
------------
String:
<xml><ToUserName><![CDATA[gh_2a16c32dff4b]]></ToUserName>
<FromUserName><![CDATA[oZF73wPw6wSvH7lD15MzRG7o98i0]]></FromUserName>
<CreateTime>1472781800</CreateTime>
<MsgType><![CDATA[event]]></MsgType>
<Event><![CDATA[VIEW]]></Event>
<EventKey><![CDATA[http://www.9kpu.com/app/index.php?i=26&c=home&]]></EventKey>
<MenuId>443004588</MenuId>
</xml>

2016-09-02 10:03:20 params :
------------
Array:
message : Array ;
module : news ;
rule : 56 ;
priority : 0 ;
keyword : Array ;

2016-09-02 10:03:20 response :
------------
Array:
FromUserName : gh_2a16c32dff4b ;
ToUserName : oZF73wPw6wSvH7lD15MzRG7o98i0 ;
MsgType : news ;
ArticleCount : 1 ;
Articles : Array ;

2016-09-02 10:03:31 trace :
------------
String:
<xml><ToUserName><![CDATA[gh_2a16c32dff4b]]></ToUserName>
<FromUserName><![CDATA[oZF73wIf5Dnx6q8NhAPGfVIH-akc]]></FromUserName>
<CreateTime>1472781811</CreateTime>
<MsgType><![CDATA[event]]></MsgType>
<Event><![CDATA[VIEW]]></Event>
<EventKey><![CDATA[http://www.9kpu.com/app/index.php?i=26&c=entry&do=teaIn&m=lianhu_school]]></EventKey>
<MenuId>443004588</MenuId>
</xml>

2016-09-02 10:03:31 params :
------------
Array:
message : Array ;
module : news ;
rule : 56 ;
priority : 0 ;
keyword : Array ;

2016-09-02 10:03:31 response :
------------
Array:
FromUserName : gh_2a16c32dff4b ;
ToUserName : oZF73wIf5Dnx6q8NhAPGfVIH-akc ;
MsgType : news ;
ArticleCount : 1 ;
Articles : Array ;

2016-09-02 10:03:33 trace :
------------
String:
<xml><ToUserName><![CDATA[gh_2a16c32dff4b]]></ToUserName>
<FromUserName><![CDATA[oZF73wIf5Dnx6q8NhAPGfVIH-akc]]></FromUserName>
<CreateTime>1472781813</CreateTime>
<MsgType><![CDATA[event]]></MsgType>
<Event><![CDATA[VIEW]]></Event>
<EventKey><![CDATA[http://www.9kpu.com/app/index.php?i=26&c=entry&do=teaIn&m=lianhu_school]]></EventKey>
<MenuId>443004588</MenuId>
</xml>

2016-09-02 10:03:33 params :
------------
Array:
message : Array ;
module : news ;
rule : 56 ;
priority : 0 ;
keyword : Array ;

2016-09-02 10:03:33 response :
------------
Array:
FromUserName : gh_2a16c32dff4b ;
ToUserName : oZF73wIf5Dnx6q8NhAPGfVIH-akc ;
MsgType : news ;
ArticleCount : 1 ;
Articles : Array ;

2016-09-02 10:03:37 trace :
------------
String:
<xml><ToUserName><![CDATA[gh_2a16c32dff4b]]></ToUserName>
<FromUserName><![CDATA[oZF73wKUDrh7-iWfu4Am9QwjO0Q0]]></FromUserName>
<CreateTime>1472781817</CreateTime>
<MsgType><![CDATA[event]]></MsgType>
<Event><![CDATA[VIEW]]></Event>
<EventKey><![CDATA[http://www.9kpu.com/app/index.php?i=26&c=home&t=43]]></EventKey>
<MenuId>443004588</MenuId>
</xml>

2016-09-02 10:03:37 params :
------------
Array:
message : Array ;
module : news ;
rule : 56 ;
priority : 0 ;
keyword : Array ;

2016-09-02 10:03:37 response :
------------
Array:
FromUserName : gh_2a16c32dff4b ;
ToUserName : oZF73wKUDrh7-iWfu4Am9QwjO0Q0 ;
MsgType : news ;
ArticleCount : 1 ;
Articles : Array ;

2016-09-02 10:03:40 trace :
------------
String:
<xml><ToUserName><![CDATA[gh_2a16c32dff4b]]></ToUserName>
<FromUserName><![CDATA[oZF73wEJ97uZdj4M7QhAMI-FgC3E]]></FromUserName>
<CreateTime>1472781820</CreateTime>
<MsgType><![CDATA[event]]></MsgType>
<Event><![CDATA[VIEW]]></Event>
<EventKey><![CDATA[http://www.9kpu.com/app/index.php?i=26&c=home&]]></EventKey>
<MenuId>443004588</MenuId>
</xml>

2016-09-02 10:03:40 params :
------------
Array:
message : Array ;
module : news ;
rule : 56 ;
priority : 0 ;
keyword : Array ;

2016-09-02 10:03:40 response :
------------
Array:
FromUserName : gh_2a16c32dff4b ;
ToUserName : oZF73wEJ97uZdj4M7QhAMI-FgC3E ;
MsgType : news ;
ArticleCount : 1 ;
Articles : Array ;

2016-09-02 10:03:49 trace :
------------
String:
<xml><ToUserName><![CDATA[gh_2a16c32dff4b]]></ToUserName>
<FromUserName><![CDATA[oZF73wKUDrh7-iWfu4Am9QwjO0Q0]]></FromUserName>
<CreateTime>1472781829</CreateTime>
<MsgType><![CDATA[event]]></MsgType>
<Event><![CDATA[VIEW]]></Event>
<EventKey><![CDATA[http://www.9kpu.com/app/index.php?i=26&c=home&t=37]]></EventKey>
<MenuId>443004588</MenuId>
</xml>

2016-09-02 10:03:49 params :
------------
Array:
message : Array ;
module : news ;
rule : 56 ;
priority : 0 ;
keyword : Array ;

2016-09-02 10:03:49 response :
------------
Array:
FromUserName : gh_2a16c32dff4b ;
ToUserName : oZF73wKUDrh7-iWfu4Am9QwjO0Q0 ;
MsgType : news ;
ArticleCount : 1 ;
Articles : Array ;

2016-09-02 10:03:54 trace :
------------
String:
<xml><ToUserName><![CDATA[gh_2a16c32dff4b]]></ToUserName>
<FromUserName><![CDATA[oZF73wKUDrh7-iWfu4Am9QwjO0Q0]]></FromUserName>
<CreateTime>1472781834</CreateTime>
<MsgType><![CDATA[event]]></MsgType>
<Event><![CDATA[VIEW]]></Event>
<EventKey><![CDATA[http://www.9kpu.com/app/index.php?i=26&c=entry&eid=1]]></EventKey>
<MenuId>443004588</MenuId>
</xml>

2016-09-02 10:03:54 params :
------------
Array:
message : Array ;
module : news ;
rule : 56 ;
priority : 0 ;
keyword : Array ;

2016-09-02 10:03:54 response :
------------
Array:
FromUserName : gh_2a16c32dff4b ;
ToUserName : oZF73wKUDrh7-iWfu4Am9QwjO0Q0 ;
MsgType : news ;
ArticleCount : 1 ;
Articles : Array ;

2016-09-02 10:03:57 trace :
------------
String:
<xml><ToUserName><![CDATA[gh_2a16c32dff4b]]></ToUserName>
<FromUserName><![CDATA[oZF73wKUDrh7-iWfu4Am9QwjO0Q0]]></FromUserName>
<CreateTime>1472781837</CreateTime>
<MsgType><![CDATA[event]]></MsgType>
<Event><![CDATA[VIEW]]></Event>
<EventKey><![CDATA[http://www.9kpu.com/app/index.php?i=26&c=entry&do=teaIn&m=lianhu_school]]></EventKey>
<MenuId>443004588</MenuId>
</xml>

2016-09-02 10:03:57 params :
------------
Array:
message : Array ;
module : news ;
rule : 56 ;
priority : 0 ;
keyword : Array ;

2016-09-02 10:03:57 response :
------------
Array:
FromUserName : gh_2a16c32dff4b ;
ToUserName : oZF73wKUDrh7-iWfu4Am9QwjO0Q0 ;
MsgType : news ;
ArticleCount : 1 ;
Articles : Array ;

2016-09-02 10:04:18 trace :
------------
String:
<xml><ToUserName><![CDATA[gh_2a16c32dff4b]]></ToUserName>
<FromUserName><![CDATA[oZF73wEJ97uZdj4M7QhAMI-FgC3E]]></FromUserName>
<CreateTime>1472781858</CreateTime>
<MsgType><![CDATA[event]]></MsgType>
<Event><![CDATA[VIEW]]></Event>
<EventKey><![CDATA[http://www.9kpu.com/app/index.php?i=26&c=home&]]></EventKey>
<MenuId>443004588</MenuId>
</xml>

2016-09-02 10:04:18 params :
------------
Array:
message : Array ;
module : news ;
rule : 56 ;
priority : 0 ;
keyword : Array ;

2016-09-02 10:04:18 response :
------------
Array:
FromUserName : gh_2a16c32dff4b ;
ToUserName : oZF73wEJ97uZdj4M7QhAMI-FgC3E ;
MsgType : news ;
ArticleCount : 1 ;
Articles : Array ;

2016-09-02 10:04:34 trace :
------------
String:
<xml><ToUserName><![CDATA[gh_2a16c32dff4b]]></ToUserName>
<FromUserName><![CDATA[oZF73wKUDrh7-iWfu4Am9QwjO0Q0]]></FromUserName>
<CreateTime>1472781874</CreateTime>
<MsgType><![CDATA[event]]></MsgType>
<Event><![CDATA[VIEW]]></Event>
<EventKey><![CDATA[http://www.9kpu.com/app/index.php?i=26&c=home&]]></EventKey>
<MenuId>443004588</MenuId>
</xml>

2016-09-02 10:04:34 params :
------------
Array:
message : Array ;
module : news ;
rule : 56 ;
priority : 0 ;
keyword : Array ;

2016-09-02 10:04:34 response :
------------
Array:
FromUserName : gh_2a16c32dff4b ;
ToUserName : oZF73wKUDrh7-iWfu4Am9QwjO0Q0 ;
MsgType : news ;
ArticleCount : 1 ;
Articles : Array ;

2016-09-02 10:04:49 trace :
------------
String:
<xml><ToUserName><![CDATA[gh_2a16c32dff4b]]></ToUserName>
<FromUserName><![CDATA[oZF73wNGKvL_8Ri5JNhVx4SXJxAY]]></FromUserName>
<CreateTime>1472781888</CreateTime>
<MsgType><![CDATA[event]]></MsgType>
<Event><![CDATA[VIEW]]></Event>
<EventKey><![CDATA[http://www.9kpu.com/app/index.php?i=26&c=home&]]></EventKey>
<MenuId>443004588</MenuId>
</xml>

2016-09-02 10:04:49 params :
------------
Array:
message : Array ;
module : news ;
rule : 56 ;
priority : 0 ;
keyword : Array ;

2016-09-02 10:04:49 response :
------------
Array:
FromUserName : gh_2a16c32dff4b ;
ToUserName : oZF73wNGKvL_8Ri5JNhVx4SXJxAY ;
MsgType : news ;
ArticleCount : 1 ;
Articles : Array ;

2016-09-02 10:05:25 trace :
------------
String:
<xml><ToUserName><![CDATA[gh_2a16c32dff4b]]></ToUserName>
<FromUserName><![CDATA[oZF73wPs4iFdUDpKlD_3oDN3rklA]]></FromUserName>
<CreateTime>1472781925</CreateTime>
<MsgType><![CDATA[event]]></MsgType>
<Event><![CDATA[VIEW]]></Event>
<EventKey><![CDATA[http://www.9kpu.com/app/index.php?i=26&c=entry&eid=1]]></EventKey>
<MenuId>443004588</MenuId>
</xml>

2016-09-02 10:05:25 params :
------------
Array:
message : Array ;
module : news ;
rule : 56 ;
priority : 0 ;
keyword : Array ;

2016-09-02 10:05:25 response :
------------
Array:
FromUserName : gh_2a16c32dff4b ;
ToUserName : oZF73wPs4iFdUDpKlD_3oDN3rklA ;
MsgType : news ;
ArticleCount : 1 ;
Articles : Array ;

2016-09-02 10:06:46 trace :
------------
String:
<xml><ToUserName><![CDATA[gh_2a16c32dff4b]]></ToUserName>
<FromUserName><![CDATA[oZF73wEJ97uZdj4M7QhAMI-FgC3E]]></FromUserName>
<CreateTime>1472782006</CreateTime>
<MsgType><![CDATA[event]]></MsgType>
<Event><![CDATA[VIEW]]></Event>
<EventKey><![CDATA[http://www.9kpu.com/app/index.php?i=26&c=home&]]></EventKey>
<MenuId>443004588</MenuId>
</xml>

2016-09-02 10:06:46 params :
------------
Array:
message : Array ;
module : news ;
rule : 56 ;
priority : 0 ;
keyword : Array ;

2016-09-02 10:06:46 response :
------------
Array:
FromUserName : gh_2a16c32dff4b ;
ToUserName : oZF73wEJ97uZdj4M7QhAMI-FgC3E ;
MsgType : news ;
ArticleCount : 1 ;
Articles : Array ;

2016-09-02 10:10:30 trace :
------------
String:
<xml><ToUserName><![CDATA[gh_2a16c32dff4b]]></ToUserName>
<FromUserName><![CDATA[oZF73wEJ97uZdj4M7QhAMI-FgC3E]]></FromUserName>
<CreateTime>1472782230</CreateTime>
<MsgType><![CDATA[event]]></MsgType>
<Event><![CDATA[VIEW]]></Event>
<EventKey><![CDATA[http://www.9kpu.com/app/index.php?i=26&c=home&]]></EventKey>
<MenuId>443004588</MenuId>
</xml>

2016-09-02 10:10:30 params :
------------
Array:
message : Array ;
module : news ;
rule : 56 ;
priority : 0 ;
keyword : Array ;

2016-09-02 10:10:30 response :
------------
Array:
FromUserName : gh_2a16c32dff4b ;
ToUserName : oZF73wEJ97uZdj4M7QhAMI-FgC3E ;
MsgType : news ;
ArticleCount : 1 ;
Articles : Array ;

2016-09-02 10:11:51 trace :
------------
String:
<xml><ToUserName><![CDATA[gh_2a16c32dff4b]]></ToUserName>
<FromUserName><![CDATA[oZF73wKUDrh7-iWfu4Am9QwjO0Q0]]></FromUserName>
<CreateTime>1472782311</CreateTime>
<MsgType><![CDATA[event]]></MsgType>
<Event><![CDATA[VIEW]]></Event>
<EventKey><![CDATA[http://www.9kpu.com/app/index.php?i=26&c=home&]]></EventKey>
<MenuId>443004588</MenuId>
</xml>

2016-09-02 10:11:51 params :
------------
Array:
message : Array ;
module : news ;
rule : 56 ;
priority : 0 ;
keyword : Array ;

2016-09-02 10:11:51 response :
------------
Array:
FromUserName : gh_2a16c32dff4b ;
ToUserName : oZF73wKUDrh7-iWfu4Am9QwjO0Q0 ;
MsgType : news ;
ArticleCount : 1 ;
Articles : Array ;

2016-09-02 10:13:09 trace :
------------
String:
<xml><ToUserName><![CDATA[gh_2a16c32dff4b]]></ToUserName>
<FromUserName><![CDATA[oZF73wOTBgqV_CMD4jDHk9fDTCbY]]></FromUserName>
<CreateTime>1472782389</CreateTime>
<MsgType><![CDATA[event]]></MsgType>
<Event><![CDATA[VIEW]]></Event>
<EventKey><![CDATA[http://www.9kpu.com/app/index.php?i=26&c=entry&do=teaIn&m=lianhu_school]]></EventKey>
<MenuId>443004588</MenuId>
</xml>

2016-09-02 10:13:09 params :
------------
Array:
message : Array ;
module : news ;
rule : 56 ;
priority : 0 ;
keyword : Array ;

2016-09-02 10:13:09 response :
------------
Array:
FromUserName : gh_2a16c32dff4b ;
ToUserName : oZF73wOTBgqV_CMD4jDHk9fDTCbY ;
MsgType : news ;
ArticleCount : 1 ;
Articles : Array ;

2016-09-02 10:13:33 trace :
------------
String:
<xml><ToUserName><![CDATA[gh_2a16c32dff4b]]></ToUserName>
<FromUserName><![CDATA[oZF73wExSpN-xCQ_-1xozUDLDX5A]]></FromUserName>
<CreateTime>1472782412</CreateTime>
<MsgType><![CDATA[event]]></MsgType>
<Event><![CDATA[VIEW]]></Event>
<EventKey><![CDATA[http://www.9kpu.com/app/index.php?i=26&c=entry&do=teaIn&m=lianhu_school]]></EventKey>
<MenuId>443004588</MenuId>
</xml>

2016-09-02 10:13:33 params :
------------
Array:
message : Array ;
module : news ;
rule : 56 ;
priority : 0 ;
keyword : Array ;

2016-09-02 10:13:33 response :
------------
Array:
FromUserName : gh_2a16c32dff4b ;
ToUserName : oZF73wExSpN-xCQ_-1xozUDLDX5A ;
MsgType : news ;
ArticleCount : 1 ;
Articles : Array ;

2016-09-02 10:14:03 trace :
------------
String:
<xml><ToUserName><![CDATA[gh_2a16c32dff4b]]></ToUserName>
<FromUserName><![CDATA[oZF73wJjbQM8OwoAOZmZY8HvrUdA]]></FromUserName>
<CreateTime>1472782443</CreateTime>
<MsgType><![CDATA[event]]></MsgType>
<Event><![CDATA[VIEW]]></Event>
<EventKey><![CDATA[http://www.9kpu.com/app/index.php?i=26&c=entry&do=teaIn&m=lianhu_school]]></EventKey>
<MenuId>443004588</MenuId>
</xml>

2016-09-02 10:14:03 params :
------------
Array:
message : Array ;
module : news ;
rule : 56 ;
priority : 0 ;
keyword : Array ;

2016-09-02 10:14:03 response :
------------
Array:
FromUserName : gh_2a16c32dff4b ;
ToUserName : oZF73wJjbQM8OwoAOZmZY8HvrUdA ;
MsgType : news ;
ArticleCount : 1 ;
Articles : Array ;

2016-09-02 10:14:52 trace :
------------
String:
<xml><ToUserName><![CDATA[gh_2a16c32dff4b]]></ToUserName>
<FromUserName><![CDATA[oZF73wEXabQzgXrwLUJ5_Ld2vK8c]]></FromUserName>
<CreateTime>1472782491</CreateTime>
<MsgType><![CDATA[event]]></MsgType>
<Event><![CDATA[subscribe]]></Event>
<EventKey><![CDATA[]]></EventKey>
</xml>

2016-09-02 10:14:52 params :
------------
Array:
message : Array ;
module : news ;
rule : 56 ;
priority : 0 ;
keyword : Array ;

2016-09-02 10:14:52 response :
------------
Array:
FromUserName : gh_2a16c32dff4b ;
ToUserName : oZF73wEXabQzgXrwLUJ5_Ld2vK8c ;
MsgType : news ;
ArticleCount : 1 ;
Articles : Array ;

2016-09-02 10:14:59 trace :
------------
String:
<xml><ToUserName><![CDATA[gh_2a16c32dff4b]]></ToUserName>
<FromUserName><![CDATA[oZF73wJjbQM8OwoAOZmZY8HvrUdA]]></FromUserName>
<CreateTime>1472782499</CreateTime>
<MsgType><![CDATA[event]]></MsgType>
<Event><![CDATA[VIEW]]></Event>
<EventKey><![CDATA[http://www.9kpu.com/app/index.php?i=26&c=home&]]></EventKey>
<MenuId>443004588</MenuId>
</xml>

2016-09-02 10:14:59 params :
------------
Array:
message : Array ;
module : news ;
rule : 56 ;
priority : 0 ;
keyword : Array ;

2016-09-02 10:14:59 response :
------------
Array:
FromUserName : gh_2a16c32dff4b ;
ToUserName : oZF73wJjbQM8OwoAOZmZY8HvrUdA ;
MsgType : news ;
ArticleCount : 1 ;
Articles : Array ;

2016-09-02 10:15:02 trace :
------------
String:
<xml><ToUserName><![CDATA[gh_2a16c32dff4b]]></ToUserName>
<FromUserName><![CDATA[oZF73wExSpN-xCQ_-1xozUDLDX5A]]></FromUserName>
<CreateTime>1472782502</CreateTime>
<MsgType><![CDATA[event]]></MsgType>
<Event><![CDATA[VIEW]]></Event>
<EventKey><![CDATA[http://www.9kpu.com/app/index.php?i=26&c=entry&do=teaIn&m=lianhu_school]]></EventKey>
<MenuId>443004588</MenuId>
</xml>

2016-09-02 10:15:02 params :
------------
Array:
message : Array ;
module : news ;
rule : 56 ;
priority : 0 ;
keyword : Array ;

2016-09-02 10:15:02 response :
------------
Array:
FromUserName : gh_2a16c32dff4b ;
ToUserName : oZF73wExSpN-xCQ_-1xozUDLDX5A ;
MsgType : news ;
ArticleCount : 1 ;
Articles : Array ;

2016-09-02 10:15:03 trace :
------------
String:
<xml><ToUserName><![CDATA[gh_2a16c32dff4b]]></ToUserName>
<FromUserName><![CDATA[oZF73wOTBgqV_CMD4jDHk9fDTCbY]]></FromUserName>
<CreateTime>1472782503</CreateTime>
<MsgType><![CDATA[event]]></MsgType>
<Event><![CDATA[VIEW]]></Event>
<EventKey><![CDATA[http://www.9kpu.com/app/index.php?i=26&c=entry&eid=1]]></EventKey>
<MenuId>443004588</MenuId>
</xml>

2016-09-02 10:15:03 params :
------------
Array:
message : Array ;
module : news ;
rule : 56 ;
priority : 0 ;
keyword : Array ;

2016-09-02 10:15:03 response :
------------
Array:
FromUserName : gh_2a16c32dff4b ;
ToUserName : oZF73wOTBgqV_CMD4jDHk9fDTCbY ;
MsgType : news ;
ArticleCount : 1 ;
Articles : Array ;

2016-09-02 10:15:07 trace :
------------
String:
<xml><ToUserName><![CDATA[gh_2a16c32dff4b]]></ToUserName>
<FromUserName><![CDATA[oZF73wOTBgqV_CMD4jDHk9fDTCbY]]></FromUserName>
<CreateTime>1472782507</CreateTime>
<MsgType><![CDATA[event]]></MsgType>
<Event><![CDATA[VIEW]]></Event>
<EventKey><![CDATA[http://www.9kpu.com/app/index.php?i=26&c=home&]]></EventKey>
<MenuId>443004588</MenuId>
</xml>

2016-09-02 10:15:07 params :
------------
Array:
message : Array ;
module : news ;
rule : 56 ;
priority : 0 ;
keyword : Array ;

2016-09-02 10:15:07 response :
------------
Array:
FromUserName : gh_2a16c32dff4b ;
ToUserName : oZF73wOTBgqV_CMD4jDHk9fDTCbY ;
MsgType : news ;
ArticleCount : 1 ;
Articles : Array ;

2016-09-02 10:16:58 trace :
------------
String:
<xml><ToUserName><![CDATA[gh_2a16c32dff4b]]></ToUserName>
<FromUserName><![CDATA[oZF73wOTBgqV_CMD4jDHk9fDTCbY]]></FromUserName>
<CreateTime>1472782618</CreateTime>
<MsgType><![CDATA[event]]></MsgType>
<Event><![CDATA[VIEW]]></Event>
<EventKey><![CDATA[http://www.9kpu.com/app/index.php?i=26&c=entry&do=teaIn&m=lianhu_school]]></EventKey>
<MenuId>443004588</MenuId>
</xml>

2016-09-02 10:16:58 params :
------------
Array:
message : Array ;
module : news ;
rule : 56 ;
priority : 0 ;
keyword : Array ;

2016-09-02 10:16:58 response :
------------
Array:
FromUserName : gh_2a16c32dff4b ;
ToUserName : oZF73wOTBgqV_CMD4jDHk9fDTCbY ;
MsgType : news ;
ArticleCount : 1 ;
Articles : Array ;

2016-09-02 10:17:23 trace :
------------
String:
<xml><ToUserName><![CDATA[gh_2a16c32dff4b]]></ToUserName>
<FromUserName><![CDATA[oZF73wEJ97uZdj4M7QhAMI-FgC3E]]></FromUserName>
<CreateTime>1472782643</CreateTime>
<MsgType><![CDATA[event]]></MsgType>
<Event><![CDATA[VIEW]]></Event>
<EventKey><![CDATA[http://www.9kpu.com/app/index.php?i=26&c=home&]]></EventKey>
<MenuId>443004588</MenuId>
</xml>

2016-09-02 10:17:23 params :
------------
Array:
message : Array ;
module : news ;
rule : 56 ;
priority : 0 ;
keyword : Array ;

2016-09-02 10:17:23 response :
------------
Array:
FromUserName : gh_2a16c32dff4b ;
ToUserName : oZF73wEJ97uZdj4M7QhAMI-FgC3E ;
MsgType : news ;
ArticleCount : 1 ;
Articles : Array ;

2016-09-02 10:17:47 trace :
------------
String:
<xml><ToUserName><![CDATA[gh_2a16c32dff4b]]></ToUserName>
<FromUserName><![CDATA[oZF73wOTBgqV_CMD4jDHk9fDTCbY]]></FromUserName>
<CreateTime>1472782667</CreateTime>
<MsgType><![CDATA[event]]></MsgType>
<Event><![CDATA[VIEW]]></Event>
<EventKey><![CDATA[http://www.9kpu.com/app/index.php?i=26&c=home&t=43]]></EventKey>
<MenuId>443004588</MenuId>
</xml>

2016-09-02 10:17:47 params :
------------
Array:
message : Array ;
module : news ;
rule : 56 ;
priority : 0 ;
keyword : Array ;

2016-09-02 10:17:47 response :
------------
Array:
FromUserName : gh_2a16c32dff4b ;
ToUserName : oZF73wOTBgqV_CMD4jDHk9fDTCbY ;
MsgType : news ;
ArticleCount : 1 ;
Articles : Array ;

2016-09-02 10:17:54 trace :
------------
String:
<xml><ToUserName><![CDATA[gh_2a16c32dff4b]]></ToUserName>
<FromUserName><![CDATA[oZF73wOTBgqV_CMD4jDHk9fDTCbY]]></FromUserName>
<CreateTime>1472782674</CreateTime>
<MsgType><![CDATA[event]]></MsgType>
<Event><![CDATA[VIEW]]></Event>
<EventKey><![CDATA[http://www.9kpu.com/app/index.php?i=26&c=home&t=37]]></EventKey>
<MenuId>443004588</MenuId>
</xml>

2016-09-02 10:17:54 params :
------------
Array:
message : Array ;
module : news ;
rule : 56 ;
priority : 0 ;
keyword : Array ;

2016-09-02 10:17:54 response :
------------
Array:
FromUserName : gh_2a16c32dff4b ;
ToUserName : oZF73wOTBgqV_CMD4jDHk9fDTCbY ;
MsgType : news ;
ArticleCount : 1 ;
Articles : Array ;

2016-09-02 10:17:57 trace :
------------
String:
<xml><ToUserName><![CDATA[gh_2a16c32dff4b]]></ToUserName>
<FromUserName><![CDATA[oZF73wOTBgqV_CMD4jDHk9fDTCbY]]></FromUserName>
<CreateTime>1472782677</CreateTime>
<MsgType><![CDATA[event]]></MsgType>
<Event><![CDATA[VIEW]]></Event>
<EventKey><![CDATA[http://www.9kpu.com/app/index.php?i=26&c=home&t=43]]></EventKey>
<MenuId>443004588</MenuId>
</xml>

2016-09-02 10:17:57 params :
------------
Array:
message : Array ;
module : news ;
rule : 56 ;
priority : 0 ;
keyword : Array ;

2016-09-02 10:17:57 response :
------------
Array:
FromUserName : gh_2a16c32dff4b ;
ToUserName : oZF73wOTBgqV_CMD4jDHk9fDTCbY ;
MsgType : news ;
ArticleCount : 1 ;
Articles : Array ;

2016-09-02 10:18:01 trace :
------------
String:
<xml><ToUserName><![CDATA[gh_2a16c32dff4b]]></ToUserName>
<FromUserName><![CDATA[oZF73wOTBgqV_CMD4jDHk9fDTCbY]]></FromUserName>
<CreateTime>1472782681</CreateTime>
<MsgType><![CDATA[event]]></MsgType>
<Event><![CDATA[VIEW]]></Event>
<EventKey><![CDATA[http://www.9kpu.com/app/index.php?i=26&c=home&]]></EventKey>
<MenuId>443004588</MenuId>
</xml>

2016-09-02 10:18:01 params :
------------
Array:
message : Array ;
module : news ;
rule : 56 ;
priority : 0 ;
keyword : Array ;

2016-09-02 10:18:01 response :
------------
Array:
FromUserName : gh_2a16c32dff4b ;
ToUserName : oZF73wOTBgqV_CMD4jDHk9fDTCbY ;
MsgType : news ;
ArticleCount : 1 ;
Articles : Array ;

2016-09-02 10:34:05 trace :
------------
String:
<xml><ToUserName><![CDATA[gh_2a16c32dff4b]]></ToUserName>
<FromUserName><![CDATA[oZF73wKVmMPeHKwi0Ibqw9PqPdSo]]></FromUserName>
<CreateTime>1472783645</CreateTime>
<MsgType><![CDATA[event]]></MsgType>
<Event><![CDATA[subscribe]]></Event>
<EventKey><![CDATA[]]></EventKey>
</xml>

2016-09-02 10:34:05 params :
------------
Array:
message : Array ;
module : news ;
rule : 56 ;
priority : 0 ;
keyword : Array ;

2016-09-02 10:34:05 response :
------------
Array:
FromUserName : gh_2a16c32dff4b ;
ToUserName : oZF73wKVmMPeHKwi0Ibqw9PqPdSo ;
MsgType : news ;
ArticleCount : 1 ;
Articles : Array ;

2016-09-02 10:34:19 trace :
------------
String:
<xml><ToUserName><![CDATA[gh_2a16c32dff4b]]></ToUserName>
<FromUserName><![CDATA[oZF73wKVmMPeHKwi0Ibqw9PqPdSo]]></FromUserName>
<CreateTime>1472783659</CreateTime>
<MsgType><![CDATA[event]]></MsgType>
<Event><![CDATA[VIEW]]></Event>
<EventKey><![CDATA[http://www.9kpu.com/app/index.php?i=26&c=home&]]></EventKey>
<MenuId>443004588</MenuId>
</xml>

2016-09-02 10:34:19 params :
------------
Array:
message : Array ;
module : news ;
rule : 56 ;
priority : 0 ;
keyword : Array ;

2016-09-02 10:34:19 response :
------------
Array:
FromUserName : gh_2a16c32dff4b ;
ToUserName : oZF73wKVmMPeHKwi0Ibqw9PqPdSo ;
MsgType : news ;
ArticleCount : 1 ;
Articles : Array ;

2016-09-02 10:35:18 trace :
------------
String:
<xml><ToUserName><![CDATA[gh_2a16c32dff4b]]></ToUserName>
<FromUserName><![CDATA[oZF73wKVmMPeHKwi0Ibqw9PqPdSo]]></FromUserName>
<CreateTime>1472783718</CreateTime>
<MsgType><![CDATA[event]]></MsgType>
<Event><![CDATA[VIEW]]></Event>
<EventKey><![CDATA[http://www.9kpu.com/app/index.php?i=26&c=home&]]></EventKey>
<MenuId>443004588</MenuId>
</xml>

2016-09-02 10:35:18 params :
------------
Array:
message : Array ;
module : news ;
rule : 56 ;
priority : 0 ;
keyword : Array ;

2016-09-02 10:35:18 response :
------------
Array:
FromUserName : gh_2a16c32dff4b ;
ToUserName : oZF73wKVmMPeHKwi0Ibqw9PqPdSo ;
MsgType : news ;
ArticleCount : 1 ;
Articles : Array ;

2016-09-02 10:35:51 trace :
------------
String:
<xml><ToUserName><![CDATA[gh_2a16c32dff4b]]></ToUserName>
<FromUserName><![CDATA[oZF73wKVmMPeHKwi0Ibqw9PqPdSo]]></FromUserName>
<CreateTime>1472783751</CreateTime>
<MsgType><![CDATA[event]]></MsgType>
<Event><![CDATA[VIEW]]></Event>
<EventKey><![CDATA[http://www.9kpu.com/app/index.php?i=26&c=entry&do=teaIn&m=lianhu_school]]></EventKey>
<MenuId>443004588</MenuId>
</xml>

2016-09-02 10:35:51 params :
------------
Array:
message : Array ;
module : news ;
rule : 56 ;
priority : 0 ;
keyword : Array ;

2016-09-02 10:35:51 response :
------------
Array:
FromUserName : gh_2a16c32dff4b ;
ToUserName : oZF73wKVmMPeHKwi0Ibqw9PqPdSo ;
MsgType : news ;
ArticleCount : 1 ;
Articles : Array ;

2016-09-02 10:36:34 trace :
------------
String:
<xml><ToUserName><![CDATA[gh_2a16c32dff4b]]></ToUserName>
<FromUserName><![CDATA[oZF73wPw6wSvH7lD15MzRG7o98i0]]></FromUserName>
<CreateTime>1472783794</CreateTime>
<MsgType><![CDATA[event]]></MsgType>
<Event><![CDATA[VIEW]]></Event>
<EventKey><![CDATA[http://www.9kpu.com/app/index.php?i=26&c=entry&do=teaIn&m=lianhu_school]]></EventKey>
<MenuId>443004588</MenuId>
</xml>

2016-09-02 10:36:34 params :
------------
Array:
message : Array ;
module : news ;
rule : 56 ;
priority : 0 ;
keyword : Array ;

2016-09-02 10:36:34 response :
------------
Array:
FromUserName : gh_2a16c32dff4b ;
ToUserName : oZF73wPw6wSvH7lD15MzRG7o98i0 ;
MsgType : news ;
ArticleCount : 1 ;
Articles : Array ;

2016-09-02 10:36:36 trace :
------------
String:
<xml><ToUserName><![CDATA[gh_2a16c32dff4b]]></ToUserName>
<FromUserName><![CDATA[oZF73wKVmMPeHKwi0Ibqw9PqPdSo]]></FromUserName>
<CreateTime>1472783796</CreateTime>
<MsgType><![CDATA[event]]></MsgType>
<Event><![CDATA[VIEW]]></Event>
<EventKey><![CDATA[http://www.9kpu.com/app/index.php?i=26&c=home&]]></EventKey>
<MenuId>443004588</MenuId>
</xml>

2016-09-02 10:36:36 params :
------------
Array:
message : Array ;
module : news ;
rule : 56 ;
priority : 0 ;
keyword : Array ;

2016-09-02 10:36:36 response :
------------
Array:
FromUserName : gh_2a16c32dff4b ;
ToUserName : oZF73wKVmMPeHKwi0Ibqw9PqPdSo ;
MsgType : news ;
ArticleCount : 1 ;
Articles : Array ;

2016-09-02 11:03:46 trace :
------------
String:
<xml><ToUserName><![CDATA[gh_2a16c32dff4b]]></ToUserName>
<FromUserName><![CDATA[oZF73wOwMltj8u-uESeMa0T8hLME]]></FromUserName>
<CreateTime>1472785426</CreateTime>
<MsgType><![CDATA[event]]></MsgType>
<Event><![CDATA[subscribe]]></Event>
<EventKey><![CDATA[]]></EventKey>
</xml>

2016-09-02 11:03:46 params :
------------
Array:
message : Array ;
module : news ;
rule : 56 ;
priority : 0 ;
keyword : Array ;

2016-09-02 11:03:46 response :
------------
Array:
FromUserName : gh_2a16c32dff4b ;
ToUserName : oZF73wOwMltj8u-uESeMa0T8hLME ;
MsgType : news ;
ArticleCount : 1 ;
Articles : Array ;

2016-09-02 11:03:51 trace :
------------
String:
<xml><ToUserName><![CDATA[gh_2a16c32dff4b]]></ToUserName>
<FromUserName><![CDATA[oZF73wOwMltj8u-uESeMa0T8hLME]]></FromUserName>
<CreateTime>1472785431</CreateTime>
<MsgType><![CDATA[event]]></MsgType>
<Event><![CDATA[VIEW]]></Event>
<EventKey><![CDATA[http://www.9kpu.com/app/index.php?i=26&c=home&]]></EventKey>
<MenuId>443004588</MenuId>
</xml>

2016-09-02 11:03:51 params :
------------
Array:
message : Array ;
module : news ;
rule : 56 ;
priority : 0 ;
keyword : Array ;

2016-09-02 11:03:51 response :
------------
Array:
FromUserName : gh_2a16c32dff4b ;
ToUserName : oZF73wOwMltj8u-uESeMa0T8hLME ;
MsgType : news ;
ArticleCount : 1 ;
Articles : Array ;

2016-09-02 11:04:12 trace :
------------
String:
<xml><ToUserName><![CDATA[gh_2a16c32dff4b]]></ToUserName>
<FromUserName><![CDATA[oZF73wOwMltj8u-uESeMa0T8hLME]]></FromUserName>
<CreateTime>1472785452</CreateTime>
<MsgType><![CDATA[event]]></MsgType>
<Event><![CDATA[VIEW]]></Event>
<EventKey><![CDATA[http://www.9kpu.com/app/index.php?i=26&c=entry&eid=1]]></EventKey>
<MenuId>443004588</MenuId>
</xml>

2016-09-02 11:04:12 params :
------------
Array:
message : Array ;
module : news ;
rule : 56 ;
priority : 0 ;
keyword : Array ;

2016-09-02 11:04:12 response :
------------
Array:
FromUserName : gh_2a16c32dff4b ;
ToUserName : oZF73wOwMltj8u-uESeMa0T8hLME ;
MsgType : news ;
ArticleCount : 1 ;
Articles : Array ;

2016-09-02 11:07:11 trace :
------------
String:
<xml><ToUserName><![CDATA[gh_2a16c32dff4b]]></ToUserName>
<FromUserName><![CDATA[oZF73wOwMltj8u-uESeMa0T8hLME]]></FromUserName>
<CreateTime>1472785631</CreateTime>
<MsgType><![CDATA[event]]></MsgType>
<Event><![CDATA[VIEW]]></Event>
<EventKey><![CDATA[http://www.9kpu.com/app/index.php?i=26&c=entry&do=teaIn&m=lianhu_school]]></EventKey>
<MenuId>443004588</MenuId>
</xml>

2016-09-02 11:07:11 params :
------------
Array:
message : Array ;
module : news ;
rule : 56 ;
priority : 0 ;
keyword : Array ;

2016-09-02 11:07:11 response :
------------
Array:
FromUserName : gh_2a16c32dff4b ;
ToUserName : oZF73wOwMltj8u-uESeMa0T8hLME ;
MsgType : news ;
ArticleCount : 1 ;
Articles : Array ;

2016-09-02 11:07:17 trace :
------------
String:
<xml><ToUserName><![CDATA[gh_2a16c32dff4b]]></ToUserName>
<FromUserName><![CDATA[oZF73wOwMltj8u-uESeMa0T8hLME]]></FromUserName>
<CreateTime>1472785637</CreateTime>
<MsgType><![CDATA[event]]></MsgType>
<Event><![CDATA[VIEW]]></Event>
<EventKey><![CDATA[http://www.9kpu.com/app/index.php?i=26&c=entry&eid=1]]></EventKey>
<MenuId>443004588</MenuId>
</xml>

2016-09-02 11:07:17 params :
------------
Array:
message : Array ;
module : news ;
rule : 56 ;
priority : 0 ;
keyword : Array ;

2016-09-02 11:07:17 response :
------------
Array:
FromUserName : gh_2a16c32dff4b ;
ToUserName : oZF73wOwMltj8u-uESeMa0T8hLME ;
MsgType : news ;
ArticleCount : 1 ;
Articles : Array ;

2016-09-02 11:09:33 trace :
------------
String:
<xml><ToUserName><![CDATA[gh_2a16c32dff4b]]></ToUserName>
<FromUserName><![CDATA[oZF73wPw6wSvH7lD15MzRG7o98i0]]></FromUserName>
<CreateTime>1472785773</CreateTime>
<MsgType><![CDATA[event]]></MsgType>
<Event><![CDATA[VIEW]]></Event>
<EventKey><![CDATA[http://www.9kpu.com/app/index.php?i=26&c=entry&do=teaIn&m=lianhu_school]]></EventKey>
<MenuId>443004588</MenuId>
</xml>

2016-09-02 11:09:33 params :
------------
Array:
message : Array ;
module : news ;
rule : 56 ;
priority : 0 ;
keyword : Array ;

2016-09-02 11:09:33 response :
------------
Array:
FromUserName : gh_2a16c32dff4b ;
ToUserName : oZF73wPw6wSvH7lD15MzRG7o98i0 ;
MsgType : news ;
ArticleCount : 1 ;
Articles : Array ;

2016-09-02 11:31:19 trace :
------------
String:
<xml><ToUserName><![CDATA[gh_2a16c32dff4b]]></ToUserName>
<FromUserName><![CDATA[oZF73wKVmMPeHKwi0Ibqw9PqPdSo]]></FromUserName>
<CreateTime>1472787079</CreateTime>
<MsgType><![CDATA[event]]></MsgType>
<Event><![CDATA[VIEW]]></Event>
<EventKey><![CDATA[http://www.9kpu.com/app/index.php?i=26&c=home&]]></EventKey>
<MenuId>443004588</MenuId>
</xml>

2016-09-02 11:31:19 params :
------------
Array:
message : Array ;
module : news ;
rule : 56 ;
priority : 0 ;
keyword : Array ;

2016-09-02 11:31:19 response :
------------
Array:
FromUserName : gh_2a16c32dff4b ;
ToUserName : oZF73wKVmMPeHKwi0Ibqw9PqPdSo ;
MsgType : news ;
ArticleCount : 1 ;
Articles : Array ;

2016-09-02 11:32:57 trace :
------------
String:
<xml><ToUserName><![CDATA[gh_2a16c32dff4b]]></ToUserName>
<FromUserName><![CDATA[oZF73wKVmMPeHKwi0Ibqw9PqPdSo]]></FromUserName>
<CreateTime>1472787177</CreateTime>
<MsgType><![CDATA[event]]></MsgType>
<Event><![CDATA[VIEW]]></Event>
<EventKey><![CDATA[http://www.9kpu.com/app/index.php?i=26&c=home&]]></EventKey>
<MenuId>443004588</MenuId>
</xml>

2016-09-02 11:32:57 params :
------------
Array:
message : Array ;
module : news ;
rule : 56 ;
priority : 0 ;
keyword : Array ;

2016-09-02 11:32:57 response :
------------
Array:
FromUserName : gh_2a16c32dff4b ;
ToUserName : oZF73wKVmMPeHKwi0Ibqw9PqPdSo ;
MsgType : news ;
ArticleCount : 1 ;
Articles : Array ;

2016-09-02 11:36:08 trace :
------------
String:
<xml><ToUserName><![CDATA[gh_2a16c32dff4b]]></ToUserName>
<FromUserName><![CDATA[oZF73wKVmMPeHKwi0Ibqw9PqPdSo]]></FromUserName>
<CreateTime>1472787368</CreateTime>
<MsgType><![CDATA[event]]></MsgType>
<Event><![CDATA[VIEW]]></Event>
<EventKey><![CDATA[http://www.9kpu.com/app/index.php?i=26&c=entry&eid=1]]></EventKey>
<MenuId>443004588</MenuId>
</xml>

2016-09-02 11:36:08 params :
------------
Array:
message : Array ;
module : news ;
rule : 56 ;
priority : 0 ;
keyword : Array ;

2016-09-02 11:36:08 response :
------------
Array:
FromUserName : gh_2a16c32dff4b ;
ToUserName : oZF73wKVmMPeHKwi0Ibqw9PqPdSo ;
MsgType : news ;
ArticleCount : 1 ;
Articles : Array ;

2016-09-02 11:36:41 trace :
------------
String:
<xml><ToUserName><![CDATA[gh_2a16c32dff4b]]></ToUserName>
<FromUserName><![CDATA[oZF73wKVmMPeHKwi0Ibqw9PqPdSo]]></FromUserName>
<CreateTime>1472787401</CreateTime>
<MsgType><![CDATA[event]]></MsgType>
<Event><![CDATA[VIEW]]></Event>
<EventKey><![CDATA[http://www.9kpu.com/app/index.php?i=26&c=entry&do=teaIn&m=lianhu_school]]></EventKey>
<MenuId>443004588</MenuId>
</xml>

2016-09-02 11:36:41 params :
------------
Array:
message : Array ;
module : news ;
rule : 56 ;
priority : 0 ;
keyword : Array ;

2016-09-02 11:36:41 response :
------------
Array:
FromUserName : gh_2a16c32dff4b ;
ToUserName : oZF73wKVmMPeHKwi0Ibqw9PqPdSo ;
MsgType : news ;
ArticleCount : 1 ;
Articles : Array ;

2016-09-02 12:48:59 trace :
------------
String:
<xml><ToUserName><![CDATA[gh_2a16c32dff4b]]></ToUserName>
<FromUserName><![CDATA[oZF73wNZ5kK-92c1VE79HBh8Uxuw]]></FromUserName>
<CreateTime>1472791739</CreateTime>
<MsgType><![CDATA[event]]></MsgType>
<Event><![CDATA[subscribe]]></Event>
<EventKey><![CDATA[]]></EventKey>
</xml>

2016-09-02 12:48:59 params :
------------
Array:
message : Array ;
module : news ;
rule : 56 ;
priority : 0 ;
keyword : Array ;

2016-09-02 12:48:59 response :
------------
Array:
FromUserName : gh_2a16c32dff4b ;
ToUserName : oZF73wNZ5kK-92c1VE79HBh8Uxuw ;
MsgType : news ;
ArticleCount : 1 ;
Articles : Array ;

2016-09-02 12:49:06 trace :
------------
String:
<xml><ToUserName><![CDATA[gh_2a16c32dff4b]]></ToUserName>
<FromUserName><![CDATA[oZF73wNZ5kK-92c1VE79HBh8Uxuw]]></FromUserName>
<CreateTime>1472791746</CreateTime>
<MsgType><![CDATA[event]]></MsgType>
<Event><![CDATA[VIEW]]></Event>
<EventKey><![CDATA[http://www.9kpu.com/app/index.php?i=26&c=home&]]></EventKey>
<MenuId>443004588</MenuId>
</xml>

2016-09-02 12:49:06 params :
------------
Array:
message : Array ;
module : news ;
rule : 56 ;
priority : 0 ;
keyword : Array ;

2016-09-02 12:49:06 response :
------------
Array:
FromUserName : gh_2a16c32dff4b ;
ToUserName : oZF73wNZ5kK-92c1VE79HBh8Uxuw ;
MsgType : news ;
ArticleCount : 1 ;
Articles : Array ;

2016-09-02 13:33:58 trace :
------------
String:
<xml><ToUserName><![CDATA[gh_4e0c181b7380]]></ToUserName>
<FromUserName><![CDATA[oxtWnvw9t4ykpvtQg7OJFlFqMiyo]]></FromUserName>
<CreateTime>1472794438</CreateTime>
<MsgType><![CDATA[event]]></MsgType>
<Event><![CDATA[subscribe]]></Event>
<EventKey><![CDATA[]]></EventKey>
</xml>

2016-09-02 13:33:58 params :
------------
Array:
message : Array ;
module : default ;
rule : -1 ;

2016-09-02 13:33:58 response :
------------
Array:
params : Array ;

2016-09-02 15:46:13 trace :
------------
String:
<xml><ToUserName><![CDATA[gh_e7a0c8306261]]></ToUserName>
<FromUserName><![CDATA[oRj-Fs0-58f1Xolgz7rNR5ZNmCik]]></FromUserName>
<CreateTime>1472802373</CreateTime>
<MsgType><![CDATA[event]]></MsgType>
<Event><![CDATA[VIEW]]></Event>
<EventKey><![CDATA[http://www.9kpu.com/app/index.php?i=13&c=home&]]></EventKey>
<MenuId>409075692</MenuId>
</xml>

2016-09-02 15:46:13 params :
------------
Array:
message : Array ;
module : basic ;
rule : 22 ;
priority : 0 ;
keyword : Array ;

2016-09-02 15:46:13 response :
------------
Array:
FromUserName : gh_e7a0c8306261 ;
ToUserName : oRj-Fs0-58f1Xolgz7rNR5ZNmCik ;
MsgType : text ;
Content :  ;

2016-09-02 15:46:36 trace :
------------
String:
<xml><ToUserName><![CDATA[gh_e7a0c8306261]]></ToUserName>
<FromUserName><![CDATA[oRj-Fs0-58f1Xolgz7rNR5ZNmCik]]></FromUserName>
<CreateTime>1472802396</CreateTime>
<MsgType><![CDATA[event]]></MsgType>
<Event><![CDATA[VIEW]]></Event>
<EventKey><![CDATA[http://www.9kpu.com/app/index.php?i=13&c=entry&eid=1]]></EventKey>
<MenuId>409075692</MenuId>
</xml>

2016-09-02 15:46:36 params :
------------
Array:
message : Array ;
module : basic ;
rule : 22 ;
priority : 0 ;
keyword : Array ;

2016-09-02 15:46:36 response :
------------
Array:
FromUserName : gh_e7a0c8306261 ;
ToUserName : oRj-Fs0-58f1Xolgz7rNR5ZNmCik ;
MsgType : text ;
Content :  ;

2016-09-02 18:51:25 trace :
------------
String:
<xml><ToUserName><![CDATA[gh_2a16c32dff4b]]></ToUserName>
<FromUserName><![CDATA[oZF73wAKimMU1XufzSoWnPXuf02w]]></FromUserName>
<CreateTime>1472813485</CreateTime>
<MsgType><![CDATA[event]]></MsgType>
<Event><![CDATA[VIEW]]></Event>
<EventKey><![CDATA[http://www.9kpu.com/app/index.php?i=26&c=home&]]></EventKey>
<MenuId>443004588</MenuId>
</xml>

2016-09-02 18:51:25 params :
------------
Array:
message : Array ;
module : news ;
rule : 56 ;
priority : 0 ;
keyword : Array ;

2016-09-02 18:51:25 response :
------------
Array:
FromUserName : gh_2a16c32dff4b ;
ToUserName : oZF73wAKimMU1XufzSoWnPXuf02w ;
MsgType : news ;
ArticleCount : 1 ;
Articles : Array ;

2016-09-02 18:51:44 trace :
------------
String:
<xml><ToUserName><![CDATA[gh_2a16c32dff4b]]></ToUserName>
<FromUserName><![CDATA[oZF73wAKimMU1XufzSoWnPXuf02w]]></FromUserName>
<CreateTime>1472813504</CreateTime>
<MsgType><![CDATA[event]]></MsgType>
<Event><![CDATA[VIEW]]></Event>
<EventKey><![CDATA[http://www.9kpu.com/app/index.php?i=26&c=entry&eid=1]]></EventKey>
<MenuId>443004588</MenuId>
</xml>

2016-09-02 18:51:44 params :
------------
Array:
message : Array ;
module : news ;
rule : 56 ;
priority : 0 ;
keyword : Array ;

2016-09-02 18:51:44 response :
------------
Array:
FromUserName : gh_2a16c32dff4b ;
ToUserName : oZF73wAKimMU1XufzSoWnPXuf02w ;
MsgType : news ;
ArticleCount : 1 ;
Articles : Array ;

2016-09-02 19:22:52 trace :
------------
String:
<xml><ToUserName><![CDATA[gh_c8e42a22d2ba]]></ToUserName>
<FromUserName><![CDATA[o7oRnwx70cYcXO-D9f5-p-ZwAK-0]]></FromUserName>
<CreateTime>1472815372</CreateTime>
<MsgType><![CDATA[event]]></MsgType>
<Event><![CDATA[subscribe]]></Event>
<EventKey><![CDATA[]]></EventKey>
</xml>

2016-09-02 19:22:52 params :
------------
Array:
message : Array ;
module : news ;
rule : 53 ;
priority : 3 ;
keyword : Array ;

2016-09-02 19:22:52 response :
------------
Array:
FromUserName : gh_c8e42a22d2ba ;
ToUserName : o7oRnwx70cYcXO-D9f5-p-ZwAK-0 ;
MsgType : news ;
ArticleCount : 2 ;
Articles : Array ;

2016-09-02 19:22:56 trace :
------------
String:
<xml><ToUserName><![CDATA[gh_c8e42a22d2ba]]></ToUserName>
<FromUserName><![CDATA[o7oRnwx70cYcXO-D9f5-p-ZwAK-0]]></FromUserName>
<CreateTime>1472815376</CreateTime>
<MsgType><![CDATA[event]]></MsgType>
<Event><![CDATA[VIEW]]></Event>
<EventKey><![CDATA[http://www.9kpu.com/app/index.php?i=25&c=home&t=31]]></EventKey>
<MenuId>411650313</MenuId>
</xml>

2016-09-02 19:22:56 params :
------------
Array:
message : Array ;
module : news ;
rule : 53 ;
priority : 3 ;
keyword : Array ;

2016-09-02 19:22:56 response :
------------
Array:
FromUserName : gh_c8e42a22d2ba ;
ToUserName : o7oRnwx70cYcXO-D9f5-p-ZwAK-0 ;
MsgType : news ;
ArticleCount : 2 ;
Articles : Array ;

2016-09-02 20:16:08 trace :
------------
String:
<xml><ToUserName><![CDATA[gh_c8e42a22d2ba]]></ToUserName>
<FromUserName><![CDATA[o7oRnw4uFAgT6e1JNp4Qr0sRabkw]]></FromUserName>
<CreateTime>1472818568</CreateTime>
<MsgType><![CDATA[event]]></MsgType>
<Event><![CDATA[subscribe]]></Event>
<EventKey><![CDATA[]]></EventKey>
</xml>

2016-09-02 20:16:08 params :
------------
Array:
message : Array ;
module : news ;
rule : 53 ;
priority : 3 ;
keyword : Array ;

2016-09-02 20:16:08 response :
------------
Array:
FromUserName : gh_c8e42a22d2ba ;
ToUserName : o7oRnw4uFAgT6e1JNp4Qr0sRabkw ;
MsgType : news ;
ArticleCount : 2 ;
Articles : Array ;

2016-09-02 20:16:15 trace :
------------
String:
<xml><ToUserName><![CDATA[gh_c8e42a22d2ba]]></ToUserName>
<FromUserName><![CDATA[o7oRnw4uFAgT6e1JNp4Qr0sRabkw]]></FromUserName>
<CreateTime>1472818575</CreateTime>
<MsgType><![CDATA[event]]></MsgType>
<Event><![CDATA[VIEW]]></Event>
<EventKey><![CDATA[http://www.9kpu.com/app/index.php?i=25&c=home&t=31]]></EventKey>
<MenuId>411650313</MenuId>
</xml>

2016-09-02 20:16:15 params :
------------
Array:
message : Array ;
module : news ;
rule : 53 ;
priority : 3 ;
keyword : Array ;

2016-09-02 20:16:15 response :
------------
Array:
FromUserName : gh_c8e42a22d2ba ;
ToUserName : o7oRnw4uFAgT6e1JNp4Qr0sRabkw ;
MsgType : news ;
ArticleCount : 2 ;
Articles : Array ;

2016-09-02 20:16:35 trace :
------------
String:
<xml><ToUserName><![CDATA[gh_c8e42a22d2ba]]></ToUserName>
<FromUserName><![CDATA[o7oRnw4uFAgT6e1JNp4Qr0sRabkw]]></FromUserName>
<CreateTime>1472818595</CreateTime>
<MsgType><![CDATA[event]]></MsgType>
<Event><![CDATA[VIEW]]></Event>
<EventKey><![CDATA[http://www.9kpu.com/app/index.php?i=25&c=entry&do=bangding&m=lianhu_school]]></EventKey>
<MenuId>411650313</MenuId>
</xml>

2016-09-02 20:16:35 params :
------------
Array:
message : Array ;
module : news ;
rule : 53 ;
priority : 3 ;
keyword : Array ;

2016-09-02 20:16:35 response :
------------
Array:
FromUserName : gh_c8e42a22d2ba ;
ToUserName : o7oRnw4uFAgT6e1JNp4Qr0sRabkw ;
MsgType : news ;
ArticleCount : 2 ;
Articles : Array ;

2016-09-02 20:16:41 trace :
------------
String:
<xml><ToUserName><![CDATA[gh_c8e42a22d2ba]]></ToUserName>
<FromUserName><![CDATA[o7oRnw4uFAgT6e1JNp4Qr0sRabkw]]></FromUserName>
<CreateTime>1472818601</CreateTime>
<MsgType><![CDATA[event]]></MsgType>
<Event><![CDATA[VIEW]]></Event>
<EventKey><![CDATA[http://www.9kpu.com/app/index.php?i=25&c=entry&do=teaIn&m=lianhu_school]]></EventKey>
<MenuId>411650313</MenuId>
</xml>

2016-09-02 20:16:41 params :
------------
Array:
message : Array ;
module : news ;
rule : 53 ;
priority : 3 ;
keyword : Array ;

2016-09-02 20:16:41 response :
------------
Array:
FromUserName : gh_c8e42a22d2ba ;
ToUserName : o7oRnw4uFAgT6e1JNp4Qr0sRabkw ;
MsgType : news ;
ArticleCount : 2 ;
Articles : Array ;

2016-09-02 20:57:37 trace :
------------
String:
<xml><ToUserName><![CDATA[gh_c8e42a22d2ba]]></ToUserName>
<FromUserName><![CDATA[o7oRnw4uFAgT6e1JNp4Qr0sRabkw]]></FromUserName>
<CreateTime>1472821057</CreateTime>
<MsgType><![CDATA[event]]></MsgType>
<Event><![CDATA[VIEW]]></Event>
<EventKey><![CDATA[http://www.9kpu.com/app/index.php?i=25&c=home&t=31]]></EventKey>
<MenuId>411650313</MenuId>
</xml>

2016-09-02 20:57:37 params :
------------
Array:
message : Array ;
module : news ;
rule : 53 ;
priority : 3 ;
keyword : Array ;

2016-09-02 20:57:37 response :
------------
Array:
FromUserName : gh_c8e42a22d2ba ;
ToUserName : o7oRnw4uFAgT6e1JNp4Qr0sRabkw ;
MsgType : news ;
ArticleCount : 2 ;
Articles : Array ;

2016-09-02 20:57:56 trace :
------------
String:
<xml><ToUserName><![CDATA[gh_c8e42a22d2ba]]></ToUserName>
<FromUserName><![CDATA[o7oRnw4uFAgT6e1JNp4Qr0sRabkw]]></FromUserName>
<CreateTime>1472821076</CreateTime>
<MsgType><![CDATA[event]]></MsgType>
<Event><![CDATA[unsubscribe]]></Event>
<EventKey><![CDATA[]]></EventKey>
</xml>

2016-09-02 21:43:49 trace :
------------
String:
<xml><ToUserName><![CDATA[gh_e7a0c8306261]]></ToUserName>
<FromUserName><![CDATA[oRj-Fs8Kq_u_aD_S-O60rimuOjLQ]]></FromUserName>
<CreateTime>1472823829</CreateTime>
<MsgType><![CDATA[event]]></MsgType>
<Event><![CDATA[VIEW]]></Event>
<EventKey><![CDATA[http://www.9kpu.com/app/index.php?i=13&c=entry&eid=1]]></EventKey>
<MenuId>409075692</MenuId>
</xml>

2016-09-02 21:43:49 params :
------------
Array:
message : Array ;
module : basic ;
rule : 22 ;
priority : 0 ;
keyword : Array ;

2016-09-02 21:43:49 response :
------------
Array:
FromUserName : gh_e7a0c8306261 ;
ToUserName : oRj-Fs8Kq_u_aD_S-O60rimuOjLQ ;
MsgType : text ;
Content :  ;

2016-09-02 21:44:01 trace :
------------
String:
<xml><ToUserName><![CDATA[gh_e7a0c8306261]]></ToUserName>
<FromUserName><![CDATA[oRj-Fs8Kq_u_aD_S-O60rimuOjLQ]]></FromUserName>
<CreateTime>1472823841</CreateTime>
<MsgType><![CDATA[event]]></MsgType>
<Event><![CDATA[VIEW]]></Event>
<EventKey><![CDATA[http://www.9kpu.com/app/index.php?i=13&c=entry&eid=2]]></EventKey>
<MenuId>409075692</MenuId>
</xml>

2016-09-02 21:44:01 params :
------------
Array:
message : Array ;
module : basic ;
rule : 22 ;
priority : 0 ;
keyword : Array ;

2016-09-02 21:44:01 response :
------------
Array:
FromUserName : gh_e7a0c8306261 ;
ToUserName : oRj-Fs8Kq_u_aD_S-O60rimuOjLQ ;
MsgType : text ;
Content :  ;

