2016-07-20 09:07:53 trace :
------------
String:
<xml><ToUserName><![CDATA[gh_c8e42a22d2ba]]></ToUserName>
<FromUserName><![CDATA[o7oRnw-djgy1IB9-KzwO-lnW9wVs]]></FromUserName>
<CreateTime>1468976873</CreateTime>
<MsgType><![CDATA[event]]></MsgType>
<Event><![CDATA[unsubscribe]]></Event>
<EventKey><![CDATA[]]></EventKey>
</xml>

2016-07-20 09:08:09 trace :
------------
String:
<xml><ToUserName><![CDATA[gh_c8e42a22d2ba]]></ToUserName>
<FromUserName><![CDATA[o7oRnw-djgy1IB9-KzwO-lnW9wVs]]></FromUserName>
<CreateTime>1468976889</CreateTime>
<MsgType><![CDATA[event]]></MsgType>
<Event><![CDATA[subscribe]]></Event>
<EventKey><![CDATA[]]></EventKey>
</xml>

2016-07-20 09:08:09 params :
------------
Array:
message : Array ;
module : news ;
rule : 53 ;
priority : 3 ;
keyword : Array ;

2016-07-20 09:08:09 response :
------------
Array:
FromUserName : gh_c8e42a22d2ba ;
ToUserName : o7oRnw-djgy1IB9-KzwO-lnW9wVs ;
MsgType : news ;
ArticleCount : 2 ;
Articles : Array ;

2016-07-20 09:08:46 trace :
------------
String:
<xml><ToUserName><![CDATA[gh_c8e42a22d2ba]]></ToUserName>
<FromUserName><![CDATA[o7oRnw-djgy1IB9-KzwO-lnW9wVs]]></FromUserName>
<CreateTime>1468976926</CreateTime>
<MsgType><![CDATA[event]]></MsgType>
<Event><![CDATA[unsubscribe]]></Event>
<EventKey><![CDATA[]]></EventKey>
</xml>

2016-07-20 09:20:23 trace :
------------
String:
<xml><ToUserName><![CDATA[gh_0eab716966d4]]></ToUserName>
<FromUserName><![CDATA[oSoVuwIRv1AP0I31bEkfMzdUi1BQ]]></FromUserName>
<CreateTime>1468977623</CreateTime>
<MsgType><![CDATA[event]]></MsgType>
<Event><![CDATA[subscribe]]></Event>
<EventKey><![CDATA[]]></EventKey>
</xml>

2016-07-20 09:20:23 params :
------------
Array:
rule : -2 ;
module :  ;
message : Array ;

2016-07-20 09:20:23 response :
------------

2016-07-20 09:20:27 trace :
------------
String:
<xml><ToUserName><![CDATA[gh_0eab716966d4]]></ToUserName>
<FromUserName><![CDATA[oSoVuwIRv1AP0I31bEkfMzdUi1BQ]]></FromUserName>
<CreateTime>1468977627</CreateTime>
<MsgType><![CDATA[event]]></MsgType>
<Event><![CDATA[VIEW]]></Event>
<EventKey><![CDATA[http://www.9kpu.com/app/index.php?i=28&c=home&]]></EventKey>
<MenuId>414492131</MenuId>
</xml>

2016-07-20 09:20:27 params :
------------
Array:
rule : -2 ;
module :  ;
message : Array ;

2016-07-20 09:20:27 response :
------------

2016-07-20 09:20:29 trace :
------------
String:
<xml><ToUserName><![CDATA[gh_0eab716966d4]]></ToUserName>
<FromUserName><![CDATA[oSoVuwIRv1AP0I31bEkfMzdUi1BQ]]></FromUserName>
<CreateTime>1468977629</CreateTime>
<MsgType><![CDATA[event]]></MsgType>
<Event><![CDATA[VIEW]]></Event>
<EventKey><![CDATA[http://www.9kpu.com/app/index.php?i=28&c=entry&eid=1]]></EventKey>
<MenuId>414492131</MenuId>
</xml>

2016-07-20 09:20:29 params :
------------
Array:
rule : -2 ;
module :  ;
message : Array ;

2016-07-20 09:20:29 response :
------------

2016-07-20 09:20:31 trace :
------------
String:
<xml><ToUserName><![CDATA[gh_0eab716966d4]]></ToUserName>
<FromUserName><![CDATA[oSoVuwIRv1AP0I31bEkfMzdUi1BQ]]></FromUserName>
<CreateTime>1468977631</CreateTime>
<MsgType><![CDATA[event]]></MsgType>
<Event><![CDATA[VIEW]]></Event>
<EventKey><![CDATA[http://www.9kpu.com/app/index.php?i=28&c=entry&eid=2]]></EventKey>
<MenuId>414492131</MenuId>
</xml>

2016-07-20 09:20:31 params :
------------
Array:
rule : -2 ;
module :  ;
message : Array ;

2016-07-20 09:20:31 response :
------------

2016-07-20 09:20:44 trace :
------------
String:
<xml><ToUserName><![CDATA[gh_0eab716966d4]]></ToUserName>
<FromUserName><![CDATA[oSoVuwIRv1AP0I31bEkfMzdUi1BQ]]></FromUserName>
<CreateTime>1468977643</CreateTime>
<MsgType><![CDATA[text]]></MsgType>
<Content><![CDATA[/:8-)]]></Content>
<MsgId>6309210935654812031</MsgId>
</xml>

2016-07-20 09:20:44 params :
------------
Array:
rule : -2 ;
module :  ;
message : Array ;

2016-07-20 09:20:44 response :
------------

2016-07-20 09:20:51 trace :
------------
String:
<xml><ToUserName><![CDATA[gh_0eab716966d4]]></ToUserName>
<FromUserName><![CDATA[oSoVuwIRv1AP0I31bEkfMzdUi1BQ]]></FromUserName>
<CreateTime>1468977650</CreateTime>
<MsgType><![CDATA[event]]></MsgType>
<Event><![CDATA[unsubscribe]]></Event>
<EventKey><![CDATA[]]></EventKey>
</xml>

2016-07-20 11:15:55 trace :
------------
String:
<xml><ToUserName><![CDATA[gh_e7a0c8306261]]></ToUserName>
<FromUserName><![CDATA[oRj-Fs0-58f1Xolgz7rNR5ZNmCik]]></FromUserName>
<CreateTime>1468984555</CreateTime>
<MsgType><![CDATA[event]]></MsgType>
<Event><![CDATA[VIEW]]></Event>
<EventKey><![CDATA[http://www.9kpu.com/app/index.php?i=13&c=entry&eid=1]]></EventKey>
<MenuId>409075692</MenuId>
</xml>

2016-07-20 11:15:55 params :
------------
Array:
message : Array ;
module : basic ;
rule : 22 ;
priority : 0 ;
keyword : Array ;

2016-07-20 11:15:55 response :
------------
Array:
FromUserName : gh_e7a0c8306261 ;
ToUserName : oRj-Fs0-58f1Xolgz7rNR5ZNmCik ;
MsgType : text ;
Content : 欢迎关注同城学堂，点击微官网查看本学校介绍信息，家长点击学生天地绑定自己小孩信息使用，老师点击教师信息绑定自己账号使用 ;

2016-07-20 11:16:17 trace :
------------
String:
<xml><ToUserName><![CDATA[gh_e7a0c8306261]]></ToUserName>
<FromUserName><![CDATA[oRj-Fs0-58f1Xolgz7rNR5ZNmCik]]></FromUserName>
<CreateTime>1468984577</CreateTime>
<MsgType><![CDATA[event]]></MsgType>
<Event><![CDATA[VIEW]]></Event>
<EventKey><![CDATA[http://www.9kpu.com/app/index.php?i=13&c=entry&eid=1]]></EventKey>
<MenuId>409075692</MenuId>
</xml>

2016-07-20 11:16:17 params :
------------
Array:
message : Array ;
module : basic ;
rule : 22 ;
priority : 0 ;
keyword : Array ;

2016-07-20 11:16:17 response :
------------
Array:
FromUserName : gh_e7a0c8306261 ;
ToUserName : oRj-Fs0-58f1Xolgz7rNR5ZNmCik ;
MsgType : text ;
Content : 欢迎关注同城学堂，点击微官网查看本学校介绍信息，家长点击学生天地绑定自己小孩信息使用，老师点击教师信息绑定自己账号使用 ;

2016-07-20 14:21:07 trace :
------------
String:
<xml><ToUserName><![CDATA[gh_081ee8610e82]]></ToUserName>
<FromUserName><![CDATA[ohNDtvv8PDFqifacH9rwLYMejnDw]]></FromUserName>
<CreateTime>1468995667</CreateTime>
<MsgType><![CDATA[event]]></MsgType>
<Event><![CDATA[VIEW]]></Event>
<EventKey><![CDATA[http://official.weixiao100.cn/custom/v3/index.html?schoolCode=zscy001&cropId=wx29a48dfc48fb3877&t=1461379426737]]></EventKey>
<MenuId>404202786</MenuId>
</xml>

2016-07-20 14:21:07 params :
------------
Array:
message : Array ;
module : basic ;
rule : 13 ;
priority : 0 ;
keyword : Array ;

2016-07-20 14:21:07 response :
------------
Array:
FromUserName : gh_081ee8610e82 ;
ToUserName : ohNDtvv8PDFqifacH9rwLYMejnDw ;
MsgType : text ;
Content : 等你好久了，智慧微校欢迎您。如果您是来逛逛的，请点开微官网查看我们学校的介绍信息。如果您是家长，请点开学生中心，用您家孩子姓名与学号绑定，就可尽情使用微校功能。如果您是老师，请点开微办公，用系统分配的账号与密码完成绑定，使用微校完成家校互动。 ;

2016-07-20 14:21:11 trace :
------------
String:
<xml><ToUserName><![CDATA[gh_081ee8610e82]]></ToUserName>
<FromUserName><![CDATA[ohNDtvv8PDFqifacH9rwLYMejnDw]]></FromUserName>
<CreateTime>1468995671</CreateTime>
<MsgType><![CDATA[event]]></MsgType>
<Event><![CDATA[VIEW]]></Event>
<EventKey><![CDATA[http://www.9kpu.com/app/index.php?i=4&c=entry&eid=1]]></EventKey>
<MenuId>404202786</MenuId>
</xml>

2016-07-20 14:21:11 params :
------------
Array:
message : Array ;
module : basic ;
rule : 13 ;
priority : 0 ;
keyword : Array ;

2016-07-20 14:21:11 response :
------------
Array:
FromUserName : gh_081ee8610e82 ;
ToUserName : ohNDtvv8PDFqifacH9rwLYMejnDw ;
MsgType : text ;
Content : 等你好久了，智慧微校欢迎您。如果您是来逛逛的，请点开微官网查看我们学校的介绍信息。如果您是家长，请点开学生中心，用您家孩子姓名与学号绑定，就可尽情使用微校功能。如果您是老师，请点开微办公，用系统分配的账号与密码完成绑定，使用微校完成家校互动。 ;

2016-07-20 14:21:17 trace :
------------
String:
<xml><ToUserName><![CDATA[gh_081ee8610e82]]></ToUserName>
<FromUserName><![CDATA[ohNDtvv8PDFqifacH9rwLYMejnDw]]></FromUserName>
<CreateTime>1468995677</CreateTime>
<MsgType><![CDATA[event]]></MsgType>
<Event><![CDATA[VIEW]]></Event>
<EventKey><![CDATA[http://www.9kpu.com/app/index.php?i=4&c=entry&eid=2]]></EventKey>
<MenuId>404202786</MenuId>
</xml>

2016-07-20 14:21:17 params :
------------
Array:
message : Array ;
module : basic ;
rule : 13 ;
priority : 0 ;
keyword : Array ;

2016-07-20 14:21:17 response :
------------
Array:
FromUserName : gh_081ee8610e82 ;
ToUserName : ohNDtvv8PDFqifacH9rwLYMejnDw ;
MsgType : text ;
Content : 等你好久了，智慧微校欢迎您。如果您是来逛逛的，请点开微官网查看我们学校的介绍信息。如果您是家长，请点开学生中心，用您家孩子姓名与学号绑定，就可尽情使用微校功能。如果您是老师，请点开微办公，用系统分配的账号与密码完成绑定，使用微校完成家校互动。 ;

2016-07-20 14:22:02 trace :
------------
String:
<xml><ToUserName><![CDATA[gh_081ee8610e82]]></ToUserName>
<FromUserName><![CDATA[ohNDtvv8PDFqifacH9rwLYMejnDw]]></FromUserName>
<CreateTime>1468995722</CreateTime>
<MsgType><![CDATA[event]]></MsgType>
<Event><![CDATA[VIEW]]></Event>
<EventKey><![CDATA[http://official.weixiao100.cn/custom/v3/index.html?schoolCode=zscy001&cropId=wx29a48dfc48fb3877&t=1461379426737]]></EventKey>
<MenuId>404202786</MenuId>
</xml>

2016-07-20 14:22:02 params :
------------
Array:
message : Array ;
module : basic ;
rule : 13 ;
priority : 0 ;
keyword : Array ;

2016-07-20 14:22:02 response :
------------
Array:
FromUserName : gh_081ee8610e82 ;
ToUserName : ohNDtvv8PDFqifacH9rwLYMejnDw ;
MsgType : text ;
Content : 等你好久了，智慧微校欢迎您。如果您是来逛逛的，请点开微官网查看我们学校的介绍信息。如果您是家长，请点开学生中心，用您家孩子姓名与学号绑定，就可尽情使用微校功能。如果您是老师，请点开微办公，用系统分配的账号与密码完成绑定，使用微校完成家校互动。 ;

2016-07-20 15:04:35 trace :
------------
String:
<xml><ToUserName><![CDATA[gh_081ee8610e82]]></ToUserName>
<FromUserName><![CDATA[ohNDtvv8PDFqifacH9rwLYMejnDw]]></FromUserName>
<CreateTime>1468998275</CreateTime>
<MsgType><![CDATA[event]]></MsgType>
<Event><![CDATA[VIEW]]></Event>
<EventKey><![CDATA[http://www.9kpu.com/app/index.php?i=4&c=entry&eid=2]]></EventKey>
<MenuId>404202786</MenuId>
</xml>

2016-07-20 15:04:35 params :
------------
Array:
message : Array ;
module : basic ;
rule : 13 ;
priority : 0 ;
keyword : Array ;

2016-07-20 15:04:35 response :
------------
Array:
FromUserName : gh_081ee8610e82 ;
ToUserName : ohNDtvv8PDFqifacH9rwLYMejnDw ;
MsgType : text ;
Content : 等你好久了，智慧微校欢迎您。如果您是来逛逛的，请点开微官网查看我们学校的介绍信息。如果您是家长，请点开学生中心，用您家孩子姓名与学号绑定，就可尽情使用微校功能。如果您是老师，请点开微办公，用系统分配的账号与密码完成绑定，使用微校完成家校互动。 ;

2016-07-20 15:04:42 trace :
------------
String:
<xml><ToUserName><![CDATA[gh_081ee8610e82]]></ToUserName>
<FromUserName><![CDATA[ohNDtvv8PDFqifacH9rwLYMejnDw]]></FromUserName>
<CreateTime>1468998282</CreateTime>
<MsgType><![CDATA[event]]></MsgType>
<Event><![CDATA[VIEW]]></Event>
<EventKey><![CDATA[http://www.9kpu.com/app/index.php?i=4&c=entry&eid=2]]></EventKey>
<MenuId>404202786</MenuId>
</xml>

2016-07-20 15:04:42 params :
------------
Array:
message : Array ;
module : basic ;
rule : 13 ;
priority : 0 ;
keyword : Array ;

2016-07-20 15:04:42 response :
------------
Array:
FromUserName : gh_081ee8610e82 ;
ToUserName : ohNDtvv8PDFqifacH9rwLYMejnDw ;
MsgType : text ;
Content : 等你好久了，智慧微校欢迎您。如果您是来逛逛的，请点开微官网查看我们学校的介绍信息。如果您是家长，请点开学生中心，用您家孩子姓名与学号绑定，就可尽情使用微校功能。如果您是老师，请点开微办公，用系统分配的账号与密码完成绑定，使用微校完成家校互动。 ;

2016-07-20 15:04:45 trace :
------------
String:
<xml><ToUserName><![CDATA[gh_081ee8610e82]]></ToUserName>
<FromUserName><![CDATA[ohNDtvv8PDFqifacH9rwLYMejnDw]]></FromUserName>
<CreateTime>1468998285</CreateTime>
<MsgType><![CDATA[event]]></MsgType>
<Event><![CDATA[VIEW]]></Event>
<EventKey><![CDATA[http://www.9kpu.com/app/index.php?i=4&c=entry&eid=1]]></EventKey>
<MenuId>404202786</MenuId>
</xml>

2016-07-20 15:04:45 params :
------------
Array:
message : Array ;
module : basic ;
rule : 13 ;
priority : 0 ;
keyword : Array ;

2016-07-20 15:04:45 response :
------------
Array:
FromUserName : gh_081ee8610e82 ;
ToUserName : ohNDtvv8PDFqifacH9rwLYMejnDw ;
MsgType : text ;
Content : 等你好久了，智慧微校欢迎您。如果您是来逛逛的，请点开微官网查看我们学校的介绍信息。如果您是家长，请点开学生中心，用您家孩子姓名与学号绑定，就可尽情使用微校功能。如果您是老师，请点开微办公，用系统分配的账号与密码完成绑定，使用微校完成家校互动。 ;

2016-07-20 15:04:47 trace :
------------
String:
<xml><ToUserName><![CDATA[gh_081ee8610e82]]></ToUserName>
<FromUserName><![CDATA[ohNDtvv8PDFqifacH9rwLYMejnDw]]></FromUserName>
<CreateTime>1468998287</CreateTime>
<MsgType><![CDATA[event]]></MsgType>
<Event><![CDATA[VIEW]]></Event>
<EventKey><![CDATA[http://official.weixiao100.cn/custom/v3/index.html?schoolCode=zscy001&cropId=wx29a48dfc48fb3877&t=1461379426737]]></EventKey>
<MenuId>404202786</MenuId>
</xml>

2016-07-20 15:04:47 params :
------------
Array:
message : Array ;
module : basic ;
rule : 13 ;
priority : 0 ;
keyword : Array ;

2016-07-20 15:04:47 response :
------------
Array:
FromUserName : gh_081ee8610e82 ;
ToUserName : ohNDtvv8PDFqifacH9rwLYMejnDw ;
MsgType : text ;
Content : 等你好久了，智慧微校欢迎您。如果您是来逛逛的，请点开微官网查看我们学校的介绍信息。如果您是家长，请点开学生中心，用您家孩子姓名与学号绑定，就可尽情使用微校功能。如果您是老师，请点开微办公，用系统分配的账号与密码完成绑定，使用微校完成家校互动。 ;

2016-07-20 15:05:11 trace :
------------
String:
<xml><ToUserName><![CDATA[gh_081ee8610e82]]></ToUserName>
<FromUserName><![CDATA[ohNDtvv8PDFqifacH9rwLYMejnDw]]></FromUserName>
<CreateTime>1468998310</CreateTime>
<MsgType><![CDATA[event]]></MsgType>
<Event><![CDATA[VIEW]]></Event>
<EventKey><![CDATA[http://www.9kpu.com/app/index.php?i=4&c=entry&eid=2]]></EventKey>
<MenuId>404202786</MenuId>
</xml>

2016-07-20 15:05:11 params :
------------
Array:
message : Array ;
module : basic ;
rule : 13 ;
priority : 0 ;
keyword : Array ;

2016-07-20 15:05:11 response :
------------
Array:
FromUserName : gh_081ee8610e82 ;
ToUserName : ohNDtvv8PDFqifacH9rwLYMejnDw ;
MsgType : text ;
Content : 等你好久了，智慧微校欢迎您。如果您是来逛逛的，请点开微官网查看我们学校的介绍信息。如果您是家长，请点开学生中心，用您家孩子姓名与学号绑定，就可尽情使用微校功能。如果您是老师，请点开微办公，用系统分配的账号与密码完成绑定，使用微校完成家校互动。 ;

2016-07-20 15:05:39 trace :
------------
String:
<xml><ToUserName><![CDATA[gh_081ee8610e82]]></ToUserName>
<FromUserName><![CDATA[ohNDtvv8PDFqifacH9rwLYMejnDw]]></FromUserName>
<CreateTime>1468998339</CreateTime>
<MsgType><![CDATA[event]]></MsgType>
<Event><![CDATA[VIEW]]></Event>
<EventKey><![CDATA[http://www.9kpu.com/app/index.php?i=4&c=entry&eid=2]]></EventKey>
<MenuId>404202786</MenuId>
</xml>

2016-07-20 15:05:39 params :
------------
Array:
message : Array ;
module : basic ;
rule : 13 ;
priority : 0 ;
keyword : Array ;

2016-07-20 15:05:39 response :
------------
Array:
FromUserName : gh_081ee8610e82 ;
ToUserName : ohNDtvv8PDFqifacH9rwLYMejnDw ;
MsgType : text ;
Content : 等你好久了，智慧微校欢迎您。如果您是来逛逛的，请点开微官网查看我们学校的介绍信息。如果您是家长，请点开学生中心，用您家孩子姓名与学号绑定，就可尽情使用微校功能。如果您是老师，请点开微办公，用系统分配的账号与密码完成绑定，使用微校完成家校互动。 ;

2016-07-20 15:05:44 trace :
------------
String:
<xml><ToUserName><![CDATA[gh_081ee8610e82]]></ToUserName>
<FromUserName><![CDATA[ohNDtvv8PDFqifacH9rwLYMejnDw]]></FromUserName>
<CreateTime>1468998344</CreateTime>
<MsgType><![CDATA[event]]></MsgType>
<Event><![CDATA[VIEW]]></Event>
<EventKey><![CDATA[http://www.9kpu.com/app/index.php?i=4&c=entry&eid=1]]></EventKey>
<MenuId>404202786</MenuId>
</xml>

2016-07-20 15:05:44 params :
------------
Array:
message : Array ;
module : basic ;
rule : 13 ;
priority : 0 ;
keyword : Array ;

2016-07-20 15:05:44 response :
------------
Array:
FromUserName : gh_081ee8610e82 ;
ToUserName : ohNDtvv8PDFqifacH9rwLYMejnDw ;
MsgType : text ;
Content : 等你好久了，智慧微校欢迎您。如果您是来逛逛的，请点开微官网查看我们学校的介绍信息。如果您是家长，请点开学生中心，用您家孩子姓名与学号绑定，就可尽情使用微校功能。如果您是老师，请点开微办公，用系统分配的账号与密码完成绑定，使用微校完成家校互动。 ;

2016-07-20 16:03:39 trace :
------------
String:
<xml><ToUserName><![CDATA[gh_0eab716966d4]]></ToUserName>
<FromUserName><![CDATA[oSoVuwCl6GTkc3wWE2vWRg18Vdig]]></FromUserName>
<CreateTime>1469001819</CreateTime>
<MsgType><![CDATA[event]]></MsgType>
<Event><![CDATA[VIEW]]></Event>
<EventKey><![CDATA[http://www.9kpu.com/app/index.php?i=28&c=home&]]></EventKey>
<MenuId>414492131</MenuId>
</xml>

2016-07-20 16:03:39 params :
------------
Array:
rule : -2 ;
module :  ;
message : Array ;

2016-07-20 16:03:39 response :
------------

2016-07-20 20:31:55 trace :
------------
String:
<xml><ToUserName><![CDATA[gh_2a16c32dff4b]]></ToUserName>
<FromUserName><![CDATA[oZF73wIXVlQR4Pr-M97VP810K6b0]]></FromUserName>
<CreateTime>1469017914</CreateTime>
<MsgType><![CDATA[event]]></MsgType>
<Event><![CDATA[VIEW]]></Event>
<EventKey><![CDATA[http://www.9kpu.com/app/index.php?i=26&c=entry&eid=1]]></EventKey>
<MenuId>442583838</MenuId>
</xml>

2016-07-20 20:31:55 params :
------------
Array:
rule : -2 ;
module :  ;
message : Array ;

2016-07-20 20:31:55 response :
------------

