2016-07-02 08:08:38 trace :
------------
String:
<xml><ToUserName><![CDATA[gh_2a16c32dff4b]]></ToUserName>
<FromUserName><![CDATA[oZF73wBISbK33kyedSHNJJIWmyfQ]]></FromUserName>
<CreateTime>1467418118</CreateTime>
<MsgType><![CDATA[event]]></MsgType>
<Event><![CDATA[VIEW]]></Event>
<EventKey><![CDATA[http://www.9kpu.com/app/index.php?i=26&c=entry&do=bangding&m=lianhu_school]]></EventKey>
<MenuId>442400791</MenuId>
</xml>

2016-07-02 08:08:38 params :
------------
Array:
rule : -2 ;
module :  ;
message : Array ;

2016-07-02 08:08:38 response :
------------

2016-07-02 08:09:01 trace :
------------
String:
<xml><ToUserName><![CDATA[gh_2a16c32dff4b]]></ToUserName>
<FromUserName><![CDATA[oZF73wBISbK33kyedSHNJJIWmyfQ]]></FromUserName>
<CreateTime>1467418141</CreateTime>
<MsgType><![CDATA[event]]></MsgType>
<Event><![CDATA[VIEW]]></Event>
<EventKey><![CDATA[http://www.9kpu.com/app/index.php?i=26&c=home&]]></EventKey>
<MenuId>442400791</MenuId>
</xml>

2016-07-02 08:09:01 params :
------------
Array:
rule : -2 ;
module :  ;
message : Array ;

2016-07-02 08:09:01 response :
------------

2016-07-02 08:09:51 trace :
------------
String:
<xml><ToUserName><![CDATA[gh_2a16c32dff4b]]></ToUserName>
<FromUserName><![CDATA[oZF73wBISbK33kyedSHNJJIWmyfQ]]></FromUserName>
<CreateTime>1467418191</CreateTime>
<MsgType><![CDATA[event]]></MsgType>
<Event><![CDATA[VIEW]]></Event>
<EventKey><![CDATA[http://www.9kpu.com/app/index.php?i=26&c=entry&do=teaIn&m=lianhu_school]]></EventKey>
<MenuId>442400791</MenuId>
</xml>

2016-07-02 08:09:51 params :
------------
Array:
rule : -2 ;
module :  ;
message : Array ;

2016-07-02 08:09:51 response :
------------

2016-07-02 08:11:03 trace :
------------
String:
<xml><ToUserName><![CDATA[gh_2a16c32dff4b]]></ToUserName>
<FromUserName><![CDATA[oZF73wBISbK33kyedSHNJJIWmyfQ]]></FromUserName>
<CreateTime>1467418263</CreateTime>
<MsgType><![CDATA[event]]></MsgType>
<Event><![CDATA[VIEW]]></Event>
<EventKey><![CDATA[http://www.9kpu.com/app/index.php?i=26&c=home&]]></EventKey>
<MenuId>442400791</MenuId>
</xml>

2016-07-02 08:11:03 params :
------------
Array:
rule : -2 ;
module :  ;
message : Array ;

2016-07-02 08:11:03 response :
------------

2016-07-02 09:37:00 trace :
------------
String:
<xml><ToUserName><![CDATA[gh_e7a0c8306261]]></ToUserName>
<FromUserName><![CDATA[oRj-Fs4KVCW7NffCHNOWH-s4TUeU]]></FromUserName>
<CreateTime>1467423420</CreateTime>
<MsgType><![CDATA[event]]></MsgType>
<Event><![CDATA[VIEW]]></Event>
<EventKey><![CDATA[http://www.9kpu.com/app/index.php?i=13&c=home&]]></EventKey>
<MenuId>408429854</MenuId>
</xml>

2016-07-02 09:37:00 params :
------------
Array:
message : Array ;
module : basic ;
rule : 22 ;
priority : 0 ;
keyword : Array ;

2016-07-02 09:37:00 response :
------------
Array:
FromUserName : gh_e7a0c8306261 ;
ToUserName : oRj-Fs4KVCW7NffCHNOWH-s4TUeU ;
MsgType : text ;
Content : 欢迎关注同城学堂，点击微官网查看本学校介绍信息，家长点击学生天地绑定自己小孩信息使用，老师点击教师信息绑定自己账号使用 ;

2016-07-02 09:38:18 trace :
------------
String:
<xml><ToUserName><![CDATA[gh_e7a0c8306261]]></ToUserName>
<FromUserName><![CDATA[oRj-Fs4KVCW7NffCHNOWH-s4TUeU]]></FromUserName>
<CreateTime>1467423498</CreateTime>
<MsgType><![CDATA[event]]></MsgType>
<Event><![CDATA[VIEW]]></Event>
<EventKey><![CDATA[http://www.9kpu.com/app/index.php?i=13&c=home&]]></EventKey>
<MenuId>408429854</MenuId>
</xml>

2016-07-02 09:38:18 params :
------------
Array:
message : Array ;
module : basic ;
rule : 22 ;
priority : 0 ;
keyword : Array ;

2016-07-02 09:38:18 response :
------------
Array:
FromUserName : gh_e7a0c8306261 ;
ToUserName : oRj-Fs4KVCW7NffCHNOWH-s4TUeU ;
MsgType : text ;
Content : 欢迎关注同城学堂，点击微官网查看本学校介绍信息，家长点击学生天地绑定自己小孩信息使用，老师点击教师信息绑定自己账号使用 ;

2016-07-02 09:40:56 trace :
------------
String:
<xml><ToUserName><![CDATA[gh_2a16c32dff4b]]></ToUserName>
<FromUserName><![CDATA[oZF73wAKimMU1XufzSoWnPXuf02w]]></FromUserName>
<CreateTime>1467423656</CreateTime>
<MsgType><![CDATA[event]]></MsgType>
<Event><![CDATA[VIEW]]></Event>
<EventKey><![CDATA[http://www.9kpu.com/app/index.php?i=26&c=home&]]></EventKey>
<MenuId>442400791</MenuId>
</xml>

2016-07-02 09:40:56 params :
------------
Array:
rule : -2 ;
module :  ;
message : Array ;

2016-07-02 09:40:56 response :
------------

2016-07-02 09:41:13 trace :
------------
String:
<xml><ToUserName><![CDATA[gh_2a16c32dff4b]]></ToUserName>
<FromUserName><![CDATA[oZF73wAKimMU1XufzSoWnPXuf02w]]></FromUserName>
<CreateTime>1467423673</CreateTime>
<MsgType><![CDATA[event]]></MsgType>
<Event><![CDATA[VIEW]]></Event>
<EventKey><![CDATA[http://www.9kpu.com/app/index.php?i=26&c=home&]]></EventKey>
<MenuId>442400791</MenuId>
</xml>

2016-07-02 09:41:13 params :
------------
Array:
rule : -2 ;
module :  ;
message : Array ;

2016-07-02 09:41:13 response :
------------

2016-07-02 09:48:46 trace :
------------
String:
<xml><ToUserName><![CDATA[gh_c8e42a22d2ba]]></ToUserName>
<FromUserName><![CDATA[o7oRnwwodhP_W6O20e9UKVLuYxEE]]></FromUserName>
<CreateTime>1467424126</CreateTime>
<MsgType><![CDATA[event]]></MsgType>
<Event><![CDATA[VIEW]]></Event>
<EventKey><![CDATA[http://www.9kpu.com/app/index.php?i=25&c=home&]]></EventKey>
<MenuId>410687554</MenuId>
</xml>

2016-07-02 09:48:46 params :
------------
Array:
rule : -2 ;
module :  ;
message : Array ;

2016-07-02 09:48:46 response :
------------

2016-07-02 09:49:21 trace :
------------
String:
<xml><ToUserName><![CDATA[gh_2ee031f2e428]]></ToUserName>
<FromUserName><![CDATA[ojDkIwqqGTOl_CFn_Skzh-6me8v4]]></FromUserName>
<CreateTime>1467424160</CreateTime>
<MsgType><![CDATA[event]]></MsgType>
<Event><![CDATA[VIEW]]></Event>
<EventKey><![CDATA[http://www.9kpu.com/app/index.php?i=20&c=home&=entry&eid=1]]></EventKey>
<MenuId>410679894</MenuId>
</xml>

2016-07-02 09:49:21 params :
------------
Array:
rule : -2 ;
module :  ;
message : Array ;

2016-07-02 09:49:21 response :
------------

2016-07-02 09:51:19 trace :
------------
String:
<xml><ToUserName><![CDATA[gh_2ee031f2e428]]></ToUserName>
<FromUserName><![CDATA[ojDkIwqqGTOl_CFn_Skzh-6me8v4]]></FromUserName>
<CreateTime>1467424279</CreateTime>
<MsgType><![CDATA[event]]></MsgType>
<Event><![CDATA[VIEW]]></Event>
<EventKey><![CDATA[http://www.9kpu.com/app/index.php?i=20&c=entry&do=bangding&m=lianhu_school]]></EventKey>
<MenuId>410679894</MenuId>
</xml>

2016-07-02 09:51:19 params :
------------
Array:
rule : -2 ;
module :  ;
message : Array ;

2016-07-02 09:51:19 response :
------------

2016-07-02 09:52:15 trace :
------------
String:
<xml><ToUserName><![CDATA[gh_2ee031f2e428]]></ToUserName>
<FromUserName><![CDATA[ojDkIwqqGTOl_CFn_Skzh-6me8v4]]></FromUserName>
<CreateTime>1467424335</CreateTime>
<MsgType><![CDATA[event]]></MsgType>
<Event><![CDATA[VIEW]]></Event>
<EventKey><![CDATA[http://www.9kpu.com/app/index.php?i=20&c=entry&do=teaIn&m=lianhu_school]]></EventKey>
<MenuId>410679894</MenuId>
</xml>

2016-07-02 09:52:15 params :
------------
Array:
rule : -2 ;
module :  ;
message : Array ;

2016-07-02 09:52:15 response :
------------

2016-07-02 10:39:23 trace :
------------
String:
<xml><ToUserName><![CDATA[gh_2a16c32dff4b]]></ToUserName>
<FromUserName><![CDATA[oZF73wBAO8cKUE_Jv7r5Ro0uWW2Q]]></FromUserName>
<CreateTime>1467427163</CreateTime>
<MsgType><![CDATA[event]]></MsgType>
<Event><![CDATA[VIEW]]></Event>
<EventKey><![CDATA[http://www.9kpu.com/app/index.php?i=26&c=home&]]></EventKey>
<MenuId>442400791</MenuId>
</xml>

2016-07-02 10:39:23 params :
------------
Array:
rule : -2 ;
module :  ;
message : Array ;

2016-07-02 10:39:23 response :
------------

2016-07-02 10:39:28 trace :
------------
String:
<xml><ToUserName><![CDATA[gh_2a16c32dff4b]]></ToUserName>
<FromUserName><![CDATA[oZF73wBAO8cKUE_Jv7r5Ro0uWW2Q]]></FromUserName>
<CreateTime>1467427168</CreateTime>
<MsgType><![CDATA[event]]></MsgType>
<Event><![CDATA[VIEW]]></Event>
<EventKey><![CDATA[http://www.9kpu.com/app/index.php?i=26&c=home&]]></EventKey>
<MenuId>442400791</MenuId>
</xml>

2016-07-02 10:39:28 params :
------------
Array:
rule : -2 ;
module :  ;
message : Array ;

2016-07-02 10:39:28 response :
------------

2016-07-02 10:40:01 trace :
------------
String:
<xml><ToUserName><![CDATA[gh_2a16c32dff4b]]></ToUserName>
<FromUserName><![CDATA[oZF73wBAO8cKUE_Jv7r5Ro0uWW2Q]]></FromUserName>
<CreateTime>1467427201</CreateTime>
<MsgType><![CDATA[event]]></MsgType>
<Event><![CDATA[VIEW]]></Event>
<EventKey><![CDATA[http://www.9kpu.com/app/index.php?i=26&c=entry&do=bangding&m=lianhu_school]]></EventKey>
<MenuId>442400791</MenuId>
</xml>

2016-07-02 10:40:01 params :
------------
Array:
rule : -2 ;
module :  ;
message : Array ;

2016-07-02 10:40:01 response :
------------

2016-07-02 10:40:08 trace :
------------
String:
<xml><ToUserName><![CDATA[gh_2a16c32dff4b]]></ToUserName>
<FromUserName><![CDATA[oZF73wBAO8cKUE_Jv7r5Ro0uWW2Q]]></FromUserName>
<CreateTime>1467427208</CreateTime>
<MsgType><![CDATA[event]]></MsgType>
<Event><![CDATA[VIEW]]></Event>
<EventKey><![CDATA[http://www.9kpu.com/app/index.php?i=26&c=home&]]></EventKey>
<MenuId>442400791</MenuId>
</xml>

2016-07-02 10:40:09 params :
------------
Array:
rule : -2 ;
module :  ;
message : Array ;

2016-07-02 10:40:09 response :
------------

2016-07-02 10:43:10 trace :
------------
String:
<xml><ToUserName><![CDATA[gh_2a16c32dff4b]]></ToUserName>
<FromUserName><![CDATA[oZF73wBAO8cKUE_Jv7r5Ro0uWW2Q]]></FromUserName>
<CreateTime>1467427390</CreateTime>
<MsgType><![CDATA[event]]></MsgType>
<Event><![CDATA[VIEW]]></Event>
<EventKey><![CDATA[http://www.9kpu.com/app/index.php?i=26&c=home&]]></EventKey>
<MenuId>442400791</MenuId>
</xml>

2016-07-02 10:43:10 params :
------------
Array:
rule : -2 ;
module :  ;
message : Array ;

2016-07-02 10:43:10 response :
------------

2016-07-02 10:47:35 trace :
------------
String:
<xml><ToUserName><![CDATA[gh_e7a0c8306261]]></ToUserName>
<FromUserName><![CDATA[oRj-Fs_t3g7L7mxDZkBsReAJQj4Y]]></FromUserName>
<CreateTime>1467427655</CreateTime>
<MsgType><![CDATA[event]]></MsgType>
<Event><![CDATA[VIEW]]></Event>
<EventKey><![CDATA[http://www.9kpu.com/app/index.php?i=13&c=entry&eid=1]]></EventKey>
<MenuId>408429854</MenuId>
</xml>

2016-07-02 10:47:35 params :
------------
Array:
message : Array ;
module : basic ;
rule : 22 ;
priority : 0 ;
keyword : Array ;

2016-07-02 10:47:35 response :
------------
Array:
FromUserName : gh_e7a0c8306261 ;
ToUserName : oRj-Fs_t3g7L7mxDZkBsReAJQj4Y ;
MsgType : text ;
Content : 欢迎关注同城学堂，点击微官网查看本学校介绍信息，家长点击学生天地绑定自己小孩信息使用，老师点击教师信息绑定自己账号使用 ;

2016-07-02 10:48:01 trace :
------------
String:
<xml><ToUserName><![CDATA[gh_e7a0c8306261]]></ToUserName>
<FromUserName><![CDATA[oRj-Fs_t3g7L7mxDZkBsReAJQj4Y]]></FromUserName>
<CreateTime>1467427681</CreateTime>
<MsgType><![CDATA[event]]></MsgType>
<Event><![CDATA[VIEW]]></Event>
<EventKey><![CDATA[http://www.9kpu.com/app/index.php?i=13&c=entry&eid=1]]></EventKey>
<MenuId>408429854</MenuId>
</xml>

2016-07-02 10:48:01 params :
------------
Array:
message : Array ;
module : basic ;
rule : 22 ;
priority : 0 ;
keyword : Array ;

2016-07-02 10:48:01 response :
------------
Array:
FromUserName : gh_e7a0c8306261 ;
ToUserName : oRj-Fs_t3g7L7mxDZkBsReAJQj4Y ;
MsgType : text ;
Content : 欢迎关注同城学堂，点击微官网查看本学校介绍信息，家长点击学生天地绑定自己小孩信息使用，老师点击教师信息绑定自己账号使用 ;

2016-07-02 10:48:04 trace :
------------
String:
<xml><ToUserName><![CDATA[gh_e7a0c8306261]]></ToUserName>
<FromUserName><![CDATA[oRj-Fs_t3g7L7mxDZkBsReAJQj4Y]]></FromUserName>
<CreateTime>1467427684</CreateTime>
<MsgType><![CDATA[event]]></MsgType>
<Event><![CDATA[VIEW]]></Event>
<EventKey><![CDATA[http://www.9kpu.com/app/index.php?i=13&c=home&]]></EventKey>
<MenuId>408429854</MenuId>
</xml>

2016-07-02 10:48:04 params :
------------
Array:
message : Array ;
module : basic ;
rule : 22 ;
priority : 0 ;
keyword : Array ;

2016-07-02 10:48:04 response :
------------
Array:
FromUserName : gh_e7a0c8306261 ;
ToUserName : oRj-Fs_t3g7L7mxDZkBsReAJQj4Y ;
MsgType : text ;
Content : 欢迎关注同城学堂，点击微官网查看本学校介绍信息，家长点击学生天地绑定自己小孩信息使用，老师点击教师信息绑定自己账号使用 ;

2016-07-02 10:49:11 trace :
------------
String:
<xml><ToUserName><![CDATA[gh_2a16c32dff4b]]></ToUserName>
<FromUserName><![CDATA[oZF73wAKimMU1XufzSoWnPXuf02w]]></FromUserName>
<CreateTime>1467427751</CreateTime>
<MsgType><![CDATA[event]]></MsgType>
<Event><![CDATA[VIEW]]></Event>
<EventKey><![CDATA[http://www.9kpu.com/app/index.php?i=26&c=home&]]></EventKey>
<MenuId>442400791</MenuId>
</xml>

2016-07-02 10:49:11 params :
------------
Array:
rule : -2 ;
module :  ;
message : Array ;

2016-07-02 10:49:11 response :
------------

2016-07-02 11:25:10 trace :
------------
String:
<xml><ToUserName><![CDATA[gh_2a16c32dff4b]]></ToUserName>
<FromUserName><![CDATA[oZF73wAKimMU1XufzSoWnPXuf02w]]></FromUserName>
<CreateTime>1467429910</CreateTime>
<MsgType><![CDATA[event]]></MsgType>
<Event><![CDATA[VIEW]]></Event>
<EventKey><![CDATA[http://www.9kpu.com/app/index.php?i=26&c=home&]]></EventKey>
<MenuId>442400791</MenuId>
</xml>

2016-07-02 11:25:10 params :
------------
Array:
rule : -2 ;
module :  ;
message : Array ;

2016-07-02 11:25:10 response :
------------

2016-07-02 11:34:17 trace :
------------
String:
<xml><ToUserName><![CDATA[gh_e7a0c8306261]]></ToUserName>
<FromUserName><![CDATA[oRj-Fs0-58f1Xolgz7rNR5ZNmCik]]></FromUserName>
<CreateTime>1467430457</CreateTime>
<MsgType><![CDATA[event]]></MsgType>
<Event><![CDATA[VIEW]]></Event>
<EventKey><![CDATA[http://www.9kpu.com/app/index.php?i=13&c=home&]]></EventKey>
<MenuId>408429854</MenuId>
</xml>

2016-07-02 11:34:17 params :
------------
Array:
message : Array ;
module : basic ;
rule : 22 ;
priority : 0 ;
keyword : Array ;

2016-07-02 11:34:17 response :
------------
Array:
FromUserName : gh_e7a0c8306261 ;
ToUserName : oRj-Fs0-58f1Xolgz7rNR5ZNmCik ;
MsgType : text ;
Content : 欢迎关注同城学堂，点击微官网查看本学校介绍信息，家长点击学生天地绑定自己小孩信息使用，老师点击教师信息绑定自己账号使用 ;

2016-07-02 15:41:09 trace :
------------
String:
<xml><ToUserName><![CDATA[gh_7d1762dac7c2]]></ToUserName>
<FromUserName><![CDATA[o8AZcwLhn_efWgW_l4SVF5E2hF1M]]></FromUserName>
<CreateTime>1467445269</CreateTime>
<MsgType><![CDATA[event]]></MsgType>
<Event><![CDATA[subscribe]]></Event>
<EventKey><![CDATA[]]></EventKey>
</xml>

2016-07-02 15:41:09 params :
------------
Array:
rule : -2 ;
module :  ;
message : Array ;

2016-07-02 15:41:09 response :
------------

2016-07-02 15:41:13 trace :
------------
String:
<xml><ToUserName><![CDATA[gh_7d1762dac7c2]]></ToUserName>
<FromUserName><![CDATA[o8AZcwLhn_efWgW_l4SVF5E2hF1M]]></FromUserName>
<CreateTime>1467445273</CreateTime>
<MsgType><![CDATA[event]]></MsgType>
<Event><![CDATA[VIEW]]></Event>
<EventKey><![CDATA[http://www.9kpu.com/app/index.php?i=6&c=entry&eid=1]]></EventKey>
<MenuId>406999612</MenuId>
</xml>

2016-07-02 15:41:13 params :
------------
Array:
rule : -2 ;
module :  ;
message : Array ;

2016-07-02 15:41:13 response :
------------

2016-07-02 15:41:19 trace :
------------
String:
<xml><ToUserName><![CDATA[gh_7d1762dac7c2]]></ToUserName>
<FromUserName><![CDATA[o8AZcwLhn_efWgW_l4SVF5E2hF1M]]></FromUserName>
<CreateTime>1467445279</CreateTime>
<MsgType><![CDATA[event]]></MsgType>
<Event><![CDATA[VIEW]]></Event>
<EventKey><![CDATA[http://www.9kpu.com/app/index.php?i=6&c=home&]]></EventKey>
<MenuId>406999612</MenuId>
</xml>

2016-07-02 15:41:19 params :
------------
Array:
rule : -2 ;
module :  ;
message : Array ;

2016-07-02 15:41:19 response :
------------

2016-07-02 16:21:02 trace :
------------
String:
<xml><ToUserName><![CDATA[gh_7d1762dac7c2]]></ToUserName>
<FromUserName><![CDATA[o8AZcwHYz9CP6gL4W_LKzV4RTosQ]]></FromUserName>
<CreateTime>1467447662</CreateTime>
<MsgType><![CDATA[event]]></MsgType>
<Event><![CDATA[unsubscribe]]></Event>
<EventKey><![CDATA[]]></EventKey>
</xml>

2016-07-02 20:25:52 trace :
------------
String:
<xml><ToUserName><![CDATA[gh_c8e42a22d2ba]]></ToUserName>
<FromUserName><![CDATA[o7oRnw5esyDfO692RYDq5nKPdlIY]]></FromUserName>
<CreateTime>1467462352</CreateTime>
<MsgType><![CDATA[event]]></MsgType>
<Event><![CDATA[subscribe]]></Event>
<EventKey><![CDATA[]]></EventKey>
</xml>

2016-07-02 20:25:52 params :
------------
Array:
rule : -2 ;
module :  ;
message : Array ;

2016-07-02 20:25:52 response :
------------

2016-07-02 20:26:05 trace :
------------
String:
<xml><ToUserName><![CDATA[gh_c8e42a22d2ba]]></ToUserName>
<FromUserName><![CDATA[o7oRnw5esyDfO692RYDq5nKPdlIY]]></FromUserName>
<CreateTime>1467462365</CreateTime>
<MsgType><![CDATA[event]]></MsgType>
<Event><![CDATA[VIEW]]></Event>
<EventKey><![CDATA[http://www.9kpu.com/app/index.php?i=25&c=entry&do=bangding&m=lianhu_school]]></EventKey>
<MenuId>410687554</MenuId>
</xml>

2016-07-02 20:26:05 params :
------------
Array:
rule : -2 ;
module :  ;
message : Array ;

2016-07-02 20:26:05 response :
------------

2016-07-02 20:26:26 trace :
------------
String:
<xml><ToUserName><![CDATA[gh_c8e42a22d2ba]]></ToUserName>
<FromUserName><![CDATA[o7oRnw5esyDfO692RYDq5nKPdlIY]]></FromUserName>
<CreateTime>1467462386</CreateTime>
<MsgType><![CDATA[event]]></MsgType>
<Event><![CDATA[VIEW]]></Event>
<EventKey><![CDATA[http://www.9kpu.com/app/index.php?i=25&c=home&]]></EventKey>
<MenuId>410687554</MenuId>
</xml>

2016-07-02 20:26:26 params :
------------
Array:
rule : -2 ;
module :  ;
message : Array ;

2016-07-02 20:26:26 response :
------------

2016-07-02 20:26:33 trace :
------------
String:
<xml><ToUserName><![CDATA[gh_c8e42a22d2ba]]></ToUserName>
<FromUserName><![CDATA[o7oRnw5esyDfO692RYDq5nKPdlIY]]></FromUserName>
<CreateTime>1467462393</CreateTime>
<MsgType><![CDATA[event]]></MsgType>
<Event><![CDATA[VIEW]]></Event>
<EventKey><![CDATA[http://www.9kpu.com/app/index.php?i=25&c=entry&do=teaIn&m=lianhu_school]]></EventKey>
<MenuId>410687554</MenuId>
</xml>

2016-07-02 20:26:33 params :
------------
Array:
rule : -2 ;
module :  ;
message : Array ;

2016-07-02 20:26:33 response :
------------

2016-07-02 20:27:43 trace :
------------
String:
<xml><ToUserName><![CDATA[gh_c8e42a22d2ba]]></ToUserName>
<FromUserName><![CDATA[o7oRnw5esyDfO692RYDq5nKPdlIY]]></FromUserName>
<CreateTime>1467462463</CreateTime>
<MsgType><![CDATA[event]]></MsgType>
<Event><![CDATA[unsubscribe]]></Event>
<EventKey><![CDATA[]]></EventKey>
</xml>

2016-07-02 20:37:56 trace :
------------
String:
<xml><ToUserName><![CDATA[gh_c8e42a22d2ba]]></ToUserName>
<FromUserName><![CDATA[o7oRnw5esyDfO692RYDq5nKPdlIY]]></FromUserName>
<CreateTime>1467463076</CreateTime>
<MsgType><![CDATA[event]]></MsgType>
<Event><![CDATA[subscribe]]></Event>
<EventKey><![CDATA[]]></EventKey>
</xml>

2016-07-02 20:37:56 params :
------------
Array:
rule : -2 ;
module :  ;
message : Array ;

2016-07-02 20:37:56 response :
------------

