2016-10-06 10:01:21 trace :
------------
String:
<xml><ToUserName><![CDATA[gh_2a16c32dff4b]]></ToUserName>
<FromUserName><![CDATA[oZF73wGV_MOzha4L3fM-D5UkwZ5Y]]></FromUserName>
<CreateTime>1475719281</CreateTime>
<MsgType><![CDATA[event]]></MsgType>
<Event><![CDATA[subscribe]]></Event>
<EventKey><![CDATA[]]></EventKey>
</xml>

2016-10-06 10:01:21 params :
------------
Array:
message : Array ;
module : news ;
rule : 56 ;
priority : 0 ;
keyword : Array ;

2016-10-06 10:01:21 response :
------------
Array:
FromUserName : gh_2a16c32dff4b ;
ToUserName : oZF73wGV_MOzha4L3fM-D5UkwZ5Y ;
MsgType : news ;
ArticleCount : 1 ;
Articles : Array ;

2016-10-06 10:02:38 trace :
------------
String:
<xml><ToUserName><![CDATA[gh_2a16c32dff4b]]></ToUserName>
<FromUserName><![CDATA[oZF73wGV_MOzha4L3fM-D5UkwZ5Y]]></FromUserName>
<CreateTime>1475719358</CreateTime>
<MsgType><![CDATA[event]]></MsgType>
<Event><![CDATA[unsubscribe]]></Event>
<EventKey><![CDATA[]]></EventKey>
</xml>

2016-10-06 14:39:04 trace :
------------
String:
<xml><ToUserName><![CDATA[gh_e7a0c8306261]]></ToUserName>
<FromUserName><![CDATA[oRj-Fs0-58f1Xolgz7rNR5ZNmCik]]></FromUserName>
<CreateTime>1475735944</CreateTime>
<MsgType><![CDATA[event]]></MsgType>
<Event><![CDATA[VIEW]]></Event>
<EventKey><![CDATA[http://www.9kpu.com/app/index.php?i=13&c=entry&eid=1]]></EventKey>
<MenuId>409075692</MenuId>
</xml>

2016-10-06 14:39:04 params :
------------
Array:
message : Array ;
module : basic ;
rule : 22 ;
priority : 0 ;
keyword : Array ;

2016-10-06 14:39:04 response :
------------
Array:
FromUserName : gh_e7a0c8306261 ;
ToUserName : oRj-Fs0-58f1Xolgz7rNR5ZNmCik ;
MsgType : text ;
Content : 欢迎关注同城学堂，点击微官网查看本学校介绍信息，家长点击学生天地绑定自己小孩信息使用，老师点击教师信息绑定自己账号使用 ;

2016-10-06 15:04:26 trace :
------------
String:
<xml><ToUserName><![CDATA[gh_7d1762dac7c2]]></ToUserName>
<FromUserName><![CDATA[o8AZcwHUrssNms5JeDKjYZg17vBU]]></FromUserName>
<CreateTime>1475737466</CreateTime>
<MsgType><![CDATA[event]]></MsgType>
<Event><![CDATA[subscribe]]></Event>
<EventKey><![CDATA[]]></EventKey>
</xml>

2016-10-06 15:04:26 params :
------------
Array:
rule : -2 ;
module :  ;
message : Array ;

2016-10-06 15:04:26 response :
------------

2016-10-06 15:04:30 trace :
------------
String:
<xml><ToUserName><![CDATA[gh_7d1762dac7c2]]></ToUserName>
<FromUserName><![CDATA[o8AZcwHUrssNms5JeDKjYZg17vBU]]></FromUserName>
<CreateTime>1475737470</CreateTime>
<MsgType><![CDATA[event]]></MsgType>
<Event><![CDATA[VIEW]]></Event>
<EventKey><![CDATA[http://www.9kpu.com/app/index.php?i=6&c=entry&eid=2]]></EventKey>
<MenuId>406999612</MenuId>
</xml>

2016-10-06 15:04:30 params :
------------
Array:
rule : -2 ;
module :  ;
message : Array ;

2016-10-06 15:04:30 response :
------------

2016-10-06 15:04:45 trace :
------------
String:
<xml><ToUserName><![CDATA[gh_7d1762dac7c2]]></ToUserName>
<FromUserName><![CDATA[o8AZcwHUrssNms5JeDKjYZg17vBU]]></FromUserName>
<CreateTime>1475737485</CreateTime>
<MsgType><![CDATA[event]]></MsgType>
<Event><![CDATA[VIEW]]></Event>
<EventKey><![CDATA[http://www.9kpu.com/app/index.php?i=6&c=home&]]></EventKey>
<MenuId>406999612</MenuId>
</xml>

2016-10-06 15:04:45 params :
------------
Array:
rule : -2 ;
module :  ;
message : Array ;

2016-10-06 15:04:45 response :
------------

2016-10-06 17:53:34 trace :
------------
String:
<xml><ToUserName><![CDATA[gh_7d1762dac7c2]]></ToUserName>
<FromUserName><![CDATA[o8AZcwHUrssNms5JeDKjYZg17vBU]]></FromUserName>
<CreateTime>1475747614</CreateTime>
<MsgType><![CDATA[event]]></MsgType>
<Event><![CDATA[VIEW]]></Event>
<EventKey><![CDATA[http://www.9kpu.com/app/index.php?i=6&c=entry&eid=1]]></EventKey>
<MenuId>406999612</MenuId>
</xml>

2016-10-06 17:53:34 params :
------------
Array:
rule : -2 ;
module :  ;
message : Array ;

2016-10-06 17:53:34 response :
------------

2016-10-06 20:28:11 trace :
------------
String:
<xml><ToUserName><![CDATA[gh_081ee8610e82]]></ToUserName>
<FromUserName><![CDATA[ohNDtvodQbJscFvVHtC4xh757R2Y]]></FromUserName>
<CreateTime>1475756891</CreateTime>
<MsgType><![CDATA[event]]></MsgType>
<Event><![CDATA[VIEW]]></Event>
<EventKey><![CDATA[http://www.9kpu.com/app/index.php?i=4&c=entry&eid=1]]></EventKey>
<MenuId>414118623</MenuId>
</xml>

2016-10-06 20:28:11 params :
------------
Array:
message : Array ;
module : basic ;
rule : 13 ;
priority : 0 ;
keyword : Array ;

2016-10-06 20:28:11 response :
------------
Array:
FromUserName : gh_081ee8610e82 ;
ToUserName : ohNDtvodQbJscFvVHtC4xh757R2Y ;
MsgType : text ;
Content : 等你好久了，智慧微校欢迎您。如果您是来逛逛的，请点开微官网查看我们学校的介绍信息。如果您是家长，请点开学生中心，用您家孩子姓名与学号绑定，就可尽情使用微校功能。如果您是老师，请点开微办公，用系统分配的账号与密码完成绑定，使用微校完成家校互动。 ;

2016-10-06 21:07:06 trace :
------------
String:
<xml><ToUserName><![CDATA[gh_0eab716966d4]]></ToUserName>
<FromUserName><![CDATA[oSoVuwA31Lilpu9NG7NsBTjzENdM]]></FromUserName>
<CreateTime>1475759226</CreateTime>
<MsgType><![CDATA[event]]></MsgType>
<Event><![CDATA[subscribe]]></Event>
<EventKey><![CDATA[]]></EventKey>
</xml>

2016-10-06 21:07:06 params :
------------
Array:
rule : -2 ;
module :  ;
message : Array ;

2016-10-06 21:07:06 response :
------------

2016-10-06 21:07:10 trace :
------------
String:
<xml><ToUserName><![CDATA[gh_0eab716966d4]]></ToUserName>
<FromUserName><![CDATA[oSoVuwA31Lilpu9NG7NsBTjzENdM]]></FromUserName>
<CreateTime>1475759230</CreateTime>
<MsgType><![CDATA[event]]></MsgType>
<Event><![CDATA[VIEW]]></Event>
<EventKey><![CDATA[http://www.9kpu.com/app/index.php?i=28&c=home&]]></EventKey>
<MenuId>414492131</MenuId>
</xml>

2016-10-06 21:07:10 params :
------------
Array:
rule : -2 ;
module :  ;
message : Array ;

2016-10-06 21:07:10 response :
------------

2016-10-06 21:08:10 trace :
------------
String:
<xml><ToUserName><![CDATA[gh_0eab716966d4]]></ToUserName>
<FromUserName><![CDATA[oSoVuwA31Lilpu9NG7NsBTjzENdM]]></FromUserName>
<CreateTime>1475759290</CreateTime>
<MsgType><![CDATA[event]]></MsgType>
<Event><![CDATA[VIEW]]></Event>
<EventKey><![CDATA[http://www.9kpu.com/app/index.php?i=28&c=home&]]></EventKey>
<MenuId>414492131</MenuId>
</xml>

2016-10-06 21:08:10 params :
------------
Array:
rule : -2 ;
module :  ;
message : Array ;

2016-10-06 21:08:10 response :
------------

2016-10-06 21:08:14 trace :
------------
String:
<xml><ToUserName><![CDATA[gh_0eab716966d4]]></ToUserName>
<FromUserName><![CDATA[oSoVuwA31Lilpu9NG7NsBTjzENdM]]></FromUserName>
<CreateTime>1475759294</CreateTime>
<MsgType><![CDATA[event]]></MsgType>
<Event><![CDATA[VIEW]]></Event>
<EventKey><![CDATA[http://www.9kpu.com/app/index.php?i=28&c=entry&eid=1]]></EventKey>
<MenuId>414492131</MenuId>
</xml>

2016-10-06 21:08:14 params :
------------
Array:
rule : -2 ;
module :  ;
message : Array ;

2016-10-06 21:08:14 response :
------------

2016-10-06 21:08:34 trace :
------------
String:
<xml><ToUserName><![CDATA[gh_0eab716966d4]]></ToUserName>
<FromUserName><![CDATA[oSoVuwA31Lilpu9NG7NsBTjzENdM]]></FromUserName>
<CreateTime>1475759314</CreateTime>
<MsgType><![CDATA[event]]></MsgType>
<Event><![CDATA[VIEW]]></Event>
<EventKey><![CDATA[http://www.9kpu.com/app/index.php?i=28&c=home&]]></EventKey>
<MenuId>414492131</MenuId>
</xml>

2016-10-06 21:08:34 params :
------------
Array:
rule : -2 ;
module :  ;
message : Array ;

2016-10-06 21:08:34 response :
------------

2016-10-06 21:14:09 trace :
------------
String:
<xml><ToUserName><![CDATA[gh_0eab716966d4]]></ToUserName>
<FromUserName><![CDATA[oSoVuwA31Lilpu9NG7NsBTjzENdM]]></FromUserName>
<CreateTime>1475759649</CreateTime>
<MsgType><![CDATA[event]]></MsgType>
<Event><![CDATA[VIEW]]></Event>
<EventKey><![CDATA[http://www.9kpu.com/app/index.php?i=28&c=entry&eid=2]]></EventKey>
<MenuId>414492131</MenuId>
</xml>

2016-10-06 21:14:09 params :
------------
Array:
rule : -2 ;
module :  ;
message : Array ;

2016-10-06 21:14:09 response :
------------

2016-10-06 21:14:14 trace :
------------
String:
<xml><ToUserName><![CDATA[gh_0eab716966d4]]></ToUserName>
<FromUserName><![CDATA[oSoVuwA31Lilpu9NG7NsBTjzENdM]]></FromUserName>
<CreateTime>1475759654</CreateTime>
<MsgType><![CDATA[event]]></MsgType>
<Event><![CDATA[VIEW]]></Event>
<EventKey><![CDATA[http://www.9kpu.com/app/index.php?i=28&c=entry&eid=1]]></EventKey>
<MenuId>414492131</MenuId>
</xml>

2016-10-06 21:14:14 params :
------------
Array:
rule : -2 ;
module :  ;
message : Array ;

2016-10-06 21:14:14 response :
------------

2016-10-06 21:14:30 trace :
------------
String:
<xml><ToUserName><![CDATA[gh_0eab716966d4]]></ToUserName>
<FromUserName><![CDATA[oSoVuwA31Lilpu9NG7NsBTjzENdM]]></FromUserName>
<CreateTime>1475759670</CreateTime>
<MsgType><![CDATA[event]]></MsgType>
<Event><![CDATA[unsubscribe]]></Event>
<EventKey><![CDATA[]]></EventKey>
</xml>

