2016-07-01 09:08:07 trace :
------------
String:
<xml><ToUserName><![CDATA[gh_e7a0c8306261]]></ToUserName>
<FromUserName><![CDATA[oRj-Fs5QjtciVl9kBRfKQQiKibmI]]></FromUserName>
<CreateTime>1467335287</CreateTime>
<MsgType><![CDATA[event]]></MsgType>
<Event><![CDATA[VIEW]]></Event>
<EventKey><![CDATA[http://www.9kpu.com/app/index.php?i=13&c=entry&eid=1]]></EventKey>
<MenuId>408429854</MenuId>
</xml>

2016-07-01 09:08:07 params :
------------
Array:
message : Array ;
module : basic ;
rule : 22 ;
priority : 0 ;
keyword : Array ;

2016-07-01 09:08:07 response :
------------
Array:
FromUserName : gh_e7a0c8306261 ;
ToUserName : oRj-Fs5QjtciVl9kBRfKQQiKibmI ;
MsgType : text ;
Content : 欢迎关注同城学堂，点击微官网查看本学校介绍信息，家长点击学生天地绑定自己小孩信息使用，老师点击教师信息绑定自己账号使用 ;

2016-07-01 09:10:48 trace :
------------
String:
<xml><ToUserName><![CDATA[gh_e7a0c8306261]]></ToUserName>
<FromUserName><![CDATA[oRj-Fs5QjtciVl9kBRfKQQiKibmI]]></FromUserName>
<CreateTime>1467335448</CreateTime>
<MsgType><![CDATA[event]]></MsgType>
<Event><![CDATA[VIEW]]></Event>
<EventKey><![CDATA[http://www.9kpu.com/app/index.php?i=13&c=entry&eid=1]]></EventKey>
<MenuId>408429854</MenuId>
</xml>

2016-07-01 09:10:48 params :
------------
Array:
message : Array ;
module : basic ;
rule : 22 ;
priority : 0 ;
keyword : Array ;

2016-07-01 09:10:48 response :
------------
Array:
FromUserName : gh_e7a0c8306261 ;
ToUserName : oRj-Fs5QjtciVl9kBRfKQQiKibmI ;
MsgType : text ;
Content : 欢迎关注同城学堂，点击微官网查看本学校介绍信息，家长点击学生天地绑定自己小孩信息使用，老师点击教师信息绑定自己账号使用 ;

2016-07-01 09:31:15 trace :
------------
String:
<xml><ToUserName><![CDATA[gh_e7a0c8306261]]></ToUserName>
<FromUserName><![CDATA[oRj-Fs2trqsKLtJAmxc05he785TE]]></FromUserName>
<CreateTime>1467336675</CreateTime>
<MsgType><![CDATA[event]]></MsgType>
<Event><![CDATA[TEMPLATESENDJOBFINISH]]></Event>
<MsgID>408839413</MsgID>
<Status><![CDATA[failed:user block]]></Status>
</xml>

2016-07-01 09:31:15 params :
------------
Array:
message : Array ;
module : basic ;
rule : 22 ;
priority : 0 ;
keyword : Array ;

2016-07-01 09:31:15 response :
------------
Array:
FromUserName : gh_e7a0c8306261 ;
ToUserName : oRj-Fs2trqsKLtJAmxc05he785TE ;
MsgType : text ;
Content : 欢迎关注同城学堂，点击微官网查看本学校介绍信息，家长点击学生天地绑定自己小孩信息使用，老师点击教师信息绑定自己账号使用 ;

2016-07-01 09:31:16 trace :
------------
String:
<xml><ToUserName><![CDATA[gh_e7a0c8306261]]></ToUserName>
<FromUserName><![CDATA[oRj-Fs73-gNVAMBSuBIdn6H_G5H8]]></FromUserName>
<CreateTime>1467336676</CreateTime>
<MsgType><![CDATA[event]]></MsgType>
<Event><![CDATA[TEMPLATESENDJOBFINISH]]></Event>
<MsgID>408839414</MsgID>
<Status><![CDATA[success]]></Status>
</xml>

2016-07-01 09:31:16 params :
------------
Array:
message : Array ;
module : basic ;
rule : 22 ;
priority : 0 ;
keyword : Array ;

2016-07-01 09:31:16 response :
------------
Array:
FromUserName : gh_e7a0c8306261 ;
ToUserName : oRj-Fs73-gNVAMBSuBIdn6H_G5H8 ;
MsgType : text ;
Content : 欢迎关注同城学堂，点击微官网查看本学校介绍信息，家长点击学生天地绑定自己小孩信息使用，老师点击教师信息绑定自己账号使用 ;

2016-07-01 09:31:17 trace :
------------
String:
<xml><ToUserName><![CDATA[gh_e7a0c8306261]]></ToUserName>
<FromUserName><![CDATA[oRj-Fs0-58f1Xolgz7rNR5ZNmCik]]></FromUserName>
<CreateTime>1467336677</CreateTime>
<MsgType><![CDATA[event]]></MsgType>
<Event><![CDATA[TEMPLATESENDJOBFINISH]]></Event>
<MsgID>408839415</MsgID>
<Status><![CDATA[success]]></Status>
</xml>

2016-07-01 09:31:17 params :
------------
Array:
message : Array ;
module : basic ;
rule : 22 ;
priority : 0 ;
keyword : Array ;

2016-07-01 09:31:17 response :
------------
Array:
FromUserName : gh_e7a0c8306261 ;
ToUserName : oRj-Fs0-58f1Xolgz7rNR5ZNmCik ;
MsgType : text ;
Content : 欢迎关注同城学堂，点击微官网查看本学校介绍信息，家长点击学生天地绑定自己小孩信息使用，老师点击教师信息绑定自己账号使用 ;

2016-07-01 09:31:18 trace :
------------
String:
<xml><ToUserName><![CDATA[gh_e7a0c8306261]]></ToUserName>
<FromUserName><![CDATA[oRj-Fs_t3g7L7mxDZkBsReAJQj4Y]]></FromUserName>
<CreateTime>1467336678</CreateTime>
<MsgType><![CDATA[event]]></MsgType>
<Event><![CDATA[TEMPLATESENDJOBFINISH]]></Event>
<MsgID>408839416</MsgID>
<Status><![CDATA[success]]></Status>
</xml>

2016-07-01 09:31:18 params :
------------
Array:
message : Array ;
module : basic ;
rule : 22 ;
priority : 0 ;
keyword : Array ;

2016-07-01 09:31:18 response :
------------
Array:
FromUserName : gh_e7a0c8306261 ;
ToUserName : oRj-Fs_t3g7L7mxDZkBsReAJQj4Y ;
MsgType : text ;
Content : 欢迎关注同城学堂，点击微官网查看本学校介绍信息，家长点击学生天地绑定自己小孩信息使用，老师点击教师信息绑定自己账号使用 ;

2016-07-01 09:31:19 trace :
------------
String:
<xml><ToUserName><![CDATA[gh_e7a0c8306261]]></ToUserName>
<FromUserName><![CDATA[oRj-Fsx19g3KRG3G-UQJaHaoZB18]]></FromUserName>
<CreateTime>1467336679</CreateTime>
<MsgType><![CDATA[event]]></MsgType>
<Event><![CDATA[TEMPLATESENDJOBFINISH]]></Event>
<MsgID>408839417</MsgID>
<Status><![CDATA[failed:user block]]></Status>
</xml>

2016-07-01 09:31:19 params :
------------
Array:
message : Array ;
module : basic ;
rule : 22 ;
priority : 0 ;
keyword : Array ;

2016-07-01 09:31:19 response :
------------
Array:
FromUserName : gh_e7a0c8306261 ;
ToUserName : oRj-Fsx19g3KRG3G-UQJaHaoZB18 ;
MsgType : text ;
Content : 欢迎关注同城学堂，点击微官网查看本学校介绍信息，家长点击学生天地绑定自己小孩信息使用，老师点击教师信息绑定自己账号使用 ;

2016-07-01 09:31:20 trace :
------------
String:
<xml><ToUserName><![CDATA[gh_e7a0c8306261]]></ToUserName>
<FromUserName><![CDATA[oRj-Fs_t3g7L7mxDZkBsReAJQj4Y]]></FromUserName>
<CreateTime>1467336680</CreateTime>
<MsgType><![CDATA[event]]></MsgType>
<Event><![CDATA[TEMPLATESENDJOBFINISH]]></Event>
<MsgID>408839418</MsgID>
<Status><![CDATA[success]]></Status>
</xml>

2016-07-01 09:31:20 params :
------------
Array:
message : Array ;
module : basic ;
rule : 22 ;
priority : 0 ;
keyword : Array ;

2016-07-01 09:31:20 response :
------------
Array:
FromUserName : gh_e7a0c8306261 ;
ToUserName : oRj-Fs_t3g7L7mxDZkBsReAJQj4Y ;
MsgType : text ;
Content : 欢迎关注同城学堂，点击微官网查看本学校介绍信息，家长点击学生天地绑定自己小孩信息使用，老师点击教师信息绑定自己账号使用 ;

2016-07-01 09:31:21 trace :
------------
String:
<xml><ToUserName><![CDATA[gh_e7a0c8306261]]></ToUserName>
<FromUserName><![CDATA[oRj-Fs2Og5hcQesN3spLbWYLW2MQ]]></FromUserName>
<CreateTime>1467336681</CreateTime>
<MsgType><![CDATA[event]]></MsgType>
<Event><![CDATA[TEMPLATESENDJOBFINISH]]></Event>
<MsgID>408839419</MsgID>
<Status><![CDATA[success]]></Status>
</xml>

2016-07-01 09:31:21 params :
------------
Array:
message : Array ;
module : basic ;
rule : 22 ;
priority : 0 ;
keyword : Array ;

2016-07-01 09:31:21 response :
------------
Array:
FromUserName : gh_e7a0c8306261 ;
ToUserName : oRj-Fs2Og5hcQesN3spLbWYLW2MQ ;
MsgType : text ;
Content : 欢迎关注同城学堂，点击微官网查看本学校介绍信息，家长点击学生天地绑定自己小孩信息使用，老师点击教师信息绑定自己账号使用 ;

2016-07-01 09:31:22 trace :
------------
String:
<xml><ToUserName><![CDATA[gh_e7a0c8306261]]></ToUserName>
<FromUserName><![CDATA[oRj-Fs4KVCW7NffCHNOWH-s4TUeU]]></FromUserName>
<CreateTime>1467336682</CreateTime>
<MsgType><![CDATA[event]]></MsgType>
<Event><![CDATA[TEMPLATESENDJOBFINISH]]></Event>
<MsgID>408839420</MsgID>
<Status><![CDATA[success]]></Status>
</xml>

2016-07-01 09:31:22 params :
------------
Array:
message : Array ;
module : basic ;
rule : 22 ;
priority : 0 ;
keyword : Array ;

2016-07-01 09:31:22 response :
------------
Array:
FromUserName : gh_e7a0c8306261 ;
ToUserName : oRj-Fs4KVCW7NffCHNOWH-s4TUeU ;
MsgType : text ;
Content : 欢迎关注同城学堂，点击微官网查看本学校介绍信息，家长点击学生天地绑定自己小孩信息使用，老师点击教师信息绑定自己账号使用 ;

2016-07-01 09:31:23 trace :
------------
String:
<xml><ToUserName><![CDATA[gh_e7a0c8306261]]></ToUserName>
<FromUserName><![CDATA[oRj-Fs-PhyPTkIQtO_xnTG8cJwlQ]]></FromUserName>
<CreateTime>1467336683</CreateTime>
<MsgType><![CDATA[event]]></MsgType>
<Event><![CDATA[TEMPLATESENDJOBFINISH]]></Event>
<MsgID>408839421</MsgID>
<Status><![CDATA[success]]></Status>
</xml>

2016-07-01 09:31:23 params :
------------
Array:
message : Array ;
module : basic ;
rule : 22 ;
priority : 0 ;
keyword : Array ;

2016-07-01 09:31:23 response :
------------
Array:
FromUserName : gh_e7a0c8306261 ;
ToUserName : oRj-Fs-PhyPTkIQtO_xnTG8cJwlQ ;
MsgType : text ;
Content : 欢迎关注同城学堂，点击微官网查看本学校介绍信息，家长点击学生天地绑定自己小孩信息使用，老师点击教师信息绑定自己账号使用 ;

2016-07-01 09:31:24 trace :
------------
String:
<xml><ToUserName><![CDATA[gh_e7a0c8306261]]></ToUserName>
<FromUserName><![CDATA[oRj-FswC53DahoAzOiVgdHUS00UM]]></FromUserName>
<CreateTime>1467336684</CreateTime>
<MsgType><![CDATA[event]]></MsgType>
<Event><![CDATA[TEMPLATESENDJOBFINISH]]></Event>
<MsgID>408839422</MsgID>
<Status><![CDATA[success]]></Status>
</xml>

2016-07-01 09:31:24 params :
------------
Array:
message : Array ;
module : basic ;
rule : 22 ;
priority : 0 ;
keyword : Array ;

2016-07-01 09:31:24 response :
------------
Array:
FromUserName : gh_e7a0c8306261 ;
ToUserName : oRj-FswC53DahoAzOiVgdHUS00UM ;
MsgType : text ;
Content : 欢迎关注同城学堂，点击微官网查看本学校介绍信息，家长点击学生天地绑定自己小孩信息使用，老师点击教师信息绑定自己账号使用 ;

2016-07-01 09:31:25 trace :
------------
String:
<xml><ToUserName><![CDATA[gh_e7a0c8306261]]></ToUserName>
<FromUserName><![CDATA[oRj-Fs_ZFyP4yPwKzckUnlXKL23s]]></FromUserName>
<CreateTime>1467336685</CreateTime>
<MsgType><![CDATA[event]]></MsgType>
<Event><![CDATA[TEMPLATESENDJOBFINISH]]></Event>
<MsgID>408839423</MsgID>
<Status><![CDATA[success]]></Status>
</xml>

2016-07-01 09:31:25 params :
------------
Array:
message : Array ;
module : basic ;
rule : 22 ;
priority : 0 ;
keyword : Array ;

2016-07-01 09:31:25 response :
------------
Array:
FromUserName : gh_e7a0c8306261 ;
ToUserName : oRj-Fs_ZFyP4yPwKzckUnlXKL23s ;
MsgType : text ;
Content : 欢迎关注同城学堂，点击微官网查看本学校介绍信息，家长点击学生天地绑定自己小孩信息使用，老师点击教师信息绑定自己账号使用 ;

2016-07-01 09:31:26 trace :
------------
String:
<xml><ToUserName><![CDATA[gh_e7a0c8306261]]></ToUserName>
<FromUserName><![CDATA[oRj-Fs0MFZrnUZ7bK8dOixbZU2Jc]]></FromUserName>
<CreateTime>1467336686</CreateTime>
<MsgType><![CDATA[event]]></MsgType>
<Event><![CDATA[TEMPLATESENDJOBFINISH]]></Event>
<MsgID>408839425</MsgID>
<Status><![CDATA[success]]></Status>
</xml>

2016-07-01 09:31:26 params :
------------
Array:
message : Array ;
module : basic ;
rule : 22 ;
priority : 0 ;
keyword : Array ;

2016-07-01 09:31:26 response :
------------
Array:
FromUserName : gh_e7a0c8306261 ;
ToUserName : oRj-Fs0MFZrnUZ7bK8dOixbZU2Jc ;
MsgType : text ;
Content : 欢迎关注同城学堂，点击微官网查看本学校介绍信息，家长点击学生天地绑定自己小孩信息使用，老师点击教师信息绑定自己账号使用 ;

2016-07-01 09:31:27 trace :
------------
String:
<xml><ToUserName><![CDATA[gh_e7a0c8306261]]></ToUserName>
<FromUserName><![CDATA[oRj-Fs0F9PQIhAgVBTppQq770kBI]]></FromUserName>
<CreateTime>1467336687</CreateTime>
<MsgType><![CDATA[event]]></MsgType>
<Event><![CDATA[TEMPLATESENDJOBFINISH]]></Event>
<MsgID>408839426</MsgID>
<Status><![CDATA[success]]></Status>
</xml>

2016-07-01 09:31:27 params :
------------
Array:
message : Array ;
module : basic ;
rule : 22 ;
priority : 0 ;
keyword : Array ;

2016-07-01 09:31:27 response :
------------
Array:
FromUserName : gh_e7a0c8306261 ;
ToUserName : oRj-Fs0F9PQIhAgVBTppQq770kBI ;
MsgType : text ;
Content : 欢迎关注同城学堂，点击微官网查看本学校介绍信息，家长点击学生天地绑定自己小孩信息使用，老师点击教师信息绑定自己账号使用 ;

2016-07-01 09:31:28 trace :
------------
String:
<xml><ToUserName><![CDATA[gh_e7a0c8306261]]></ToUserName>
<FromUserName><![CDATA[oRj-Fs6bRHgV7YTSuDsomxIXkTFQ]]></FromUserName>
<CreateTime>1467336688</CreateTime>
<MsgType><![CDATA[event]]></MsgType>
<Event><![CDATA[TEMPLATESENDJOBFINISH]]></Event>
<MsgID>408839427</MsgID>
<Status><![CDATA[success]]></Status>
</xml>

2016-07-01 09:31:28 params :
------------
Array:
message : Array ;
module : basic ;
rule : 22 ;
priority : 0 ;
keyword : Array ;

2016-07-01 09:31:28 response :
------------
Array:
FromUserName : gh_e7a0c8306261 ;
ToUserName : oRj-Fs6bRHgV7YTSuDsomxIXkTFQ ;
MsgType : text ;
Content : 欢迎关注同城学堂，点击微官网查看本学校介绍信息，家长点击学生天地绑定自己小孩信息使用，老师点击教师信息绑定自己账号使用 ;

2016-07-01 09:31:29 trace :
------------
String:
<xml><ToUserName><![CDATA[gh_e7a0c8306261]]></ToUserName>
<FromUserName><![CDATA[oRj-Fsy3a35sOk7gw2FVlPVCeWZA]]></FromUserName>
<CreateTime>1467336689</CreateTime>
<MsgType><![CDATA[event]]></MsgType>
<Event><![CDATA[TEMPLATESENDJOBFINISH]]></Event>
<MsgID>408839428</MsgID>
<Status><![CDATA[success]]></Status>
</xml>

2016-07-01 09:31:29 params :
------------
Array:
message : Array ;
module : basic ;
rule : 22 ;
priority : 0 ;
keyword : Array ;

2016-07-01 09:31:29 response :
------------
Array:
FromUserName : gh_e7a0c8306261 ;
ToUserName : oRj-Fsy3a35sOk7gw2FVlPVCeWZA ;
MsgType : text ;
Content : 欢迎关注同城学堂，点击微官网查看本学校介绍信息，家长点击学生天地绑定自己小孩信息使用，老师点击教师信息绑定自己账号使用 ;

2016-07-01 09:31:30 trace :
------------
String:
<xml><ToUserName><![CDATA[gh_e7a0c8306261]]></ToUserName>
<FromUserName><![CDATA[oRj-Fs-AOdokybbJDbIhpTWzlaVE]]></FromUserName>
<CreateTime>1467336690</CreateTime>
<MsgType><![CDATA[event]]></MsgType>
<Event><![CDATA[TEMPLATESENDJOBFINISH]]></Event>
<MsgID>408839430</MsgID>
<Status><![CDATA[success]]></Status>
</xml>

2016-07-01 09:31:30 params :
------------
Array:
message : Array ;
module : basic ;
rule : 22 ;
priority : 0 ;
keyword : Array ;

2016-07-01 09:31:30 response :
------------
Array:
FromUserName : gh_e7a0c8306261 ;
ToUserName : oRj-Fs-AOdokybbJDbIhpTWzlaVE ;
MsgType : text ;
Content : 欢迎关注同城学堂，点击微官网查看本学校介绍信息，家长点击学生天地绑定自己小孩信息使用，老师点击教师信息绑定自己账号使用 ;

2016-07-01 09:31:47 trace :
------------
String:
<xml><ToUserName><![CDATA[gh_e7a0c8306261]]></ToUserName>
<FromUserName><![CDATA[oRj-Fs8Kq_u_aD_S-O60rimuOjLQ]]></FromUserName>
<CreateTime>1467336707</CreateTime>
<MsgType><![CDATA[event]]></MsgType>
<Event><![CDATA[VIEW]]></Event>
<EventKey><![CDATA[http://www.9kpu.com/app/index.php?i=13&c=entry&eid=1]]></EventKey>
<MenuId>408429854</MenuId>
</xml>

2016-07-01 09:31:47 params :
------------
Array:
message : Array ;
module : basic ;
rule : 22 ;
priority : 0 ;
keyword : Array ;

2016-07-01 09:31:47 response :
------------
Array:
FromUserName : gh_e7a0c8306261 ;
ToUserName : oRj-Fs8Kq_u_aD_S-O60rimuOjLQ ;
MsgType : text ;
Content : 欢迎关注同城学堂，点击微官网查看本学校介绍信息，家长点击学生天地绑定自己小孩信息使用，老师点击教师信息绑定自己账号使用 ;

2016-07-01 10:26:31 trace :
------------
String:
<xml><ToUserName><![CDATA[gh_e7a0c8306261]]></ToUserName>
<FromUserName><![CDATA[oRj-Fsy3a35sOk7gw2FVlPVCeWZA]]></FromUserName>
<CreateTime>1467339991</CreateTime>
<MsgType><![CDATA[event]]></MsgType>
<Event><![CDATA[VIEW]]></Event>
<EventKey><![CDATA[http://www.9kpu.com/app/index.php?i=13&c=home&]]></EventKey>
<MenuId>408429854</MenuId>
</xml>

2016-07-01 10:26:31 params :
------------
Array:
message : Array ;
module : basic ;
rule : 22 ;
priority : 0 ;
keyword : Array ;

2016-07-01 10:26:31 response :
------------
Array:
FromUserName : gh_e7a0c8306261 ;
ToUserName : oRj-Fsy3a35sOk7gw2FVlPVCeWZA ;
MsgType : text ;
Content : 欢迎关注同城学堂，点击微官网查看本学校介绍信息，家长点击学生天地绑定自己小孩信息使用，老师点击教师信息绑定自己账号使用 ;

2016-07-01 10:26:56 trace :
------------
String:
<xml><ToUserName><![CDATA[gh_e7a0c8306261]]></ToUserName>
<FromUserName><![CDATA[oRj-Fsy3a35sOk7gw2FVlPVCeWZA]]></FromUserName>
<CreateTime>1467340016</CreateTime>
<MsgType><![CDATA[event]]></MsgType>
<Event><![CDATA[VIEW]]></Event>
<EventKey><![CDATA[http://www.9kpu.com/app/index.php?i=13&c=entry&eid=1]]></EventKey>
<MenuId>408429854</MenuId>
</xml>

2016-07-01 10:26:56 params :
------------
Array:
message : Array ;
module : basic ;
rule : 22 ;
priority : 0 ;
keyword : Array ;

2016-07-01 10:26:56 response :
------------
Array:
FromUserName : gh_e7a0c8306261 ;
ToUserName : oRj-Fsy3a35sOk7gw2FVlPVCeWZA ;
MsgType : text ;
Content : 欢迎关注同城学堂，点击微官网查看本学校介绍信息，家长点击学生天地绑定自己小孩信息使用，老师点击教师信息绑定自己账号使用 ;

2016-07-01 11:15:10 trace :
------------
String:
<xml><ToUserName><![CDATA[gh_e7a0c8306261]]></ToUserName>
<FromUserName><![CDATA[oRj-Fsy3a35sOk7gw2FVlPVCeWZA]]></FromUserName>
<CreateTime>1467342910</CreateTime>
<MsgType><![CDATA[event]]></MsgType>
<Event><![CDATA[VIEW]]></Event>
<EventKey><![CDATA[http://www.9kpu.com/app/index.php?i=13&c=home&]]></EventKey>
<MenuId>408429854</MenuId>
</xml>

2016-07-01 11:15:10 params :
------------
Array:
message : Array ;
module : basic ;
rule : 22 ;
priority : 0 ;
keyword : Array ;

2016-07-01 11:15:10 response :
------------
Array:
FromUserName : gh_e7a0c8306261 ;
ToUserName : oRj-Fsy3a35sOk7gw2FVlPVCeWZA ;
MsgType : text ;
Content : 欢迎关注同城学堂，点击微官网查看本学校介绍信息，家长点击学生天地绑定自己小孩信息使用，老师点击教师信息绑定自己账号使用 ;

2016-07-01 11:15:18 trace :
------------
String:
<xml><ToUserName><![CDATA[gh_e7a0c8306261]]></ToUserName>
<FromUserName><![CDATA[oRj-Fsy3a35sOk7gw2FVlPVCeWZA]]></FromUserName>
<CreateTime>1467342918</CreateTime>
<MsgType><![CDATA[event]]></MsgType>
<Event><![CDATA[VIEW]]></Event>
<EventKey><![CDATA[http://www.9kpu.com/app/index.php?i=13&c=entry&eid=1]]></EventKey>
<MenuId>408429854</MenuId>
</xml>

2016-07-01 11:15:18 params :
------------
Array:
message : Array ;
module : basic ;
rule : 22 ;
priority : 0 ;
keyword : Array ;

2016-07-01 11:15:18 response :
------------
Array:
FromUserName : gh_e7a0c8306261 ;
ToUserName : oRj-Fsy3a35sOk7gw2FVlPVCeWZA ;
MsgType : text ;
Content : 欢迎关注同城学堂，点击微官网查看本学校介绍信息，家长点击学生天地绑定自己小孩信息使用，老师点击教师信息绑定自己账号使用 ;

2016-07-01 11:30:23 trace :
------------
String:
<xml><ToUserName><![CDATA[gh_7d1762dac7c2]]></ToUserName>
<FromUserName><![CDATA[o8AZcwK5hJnU9hJQXjlNiLn4Q0lY]]></FromUserName>
<CreateTime>1467343822</CreateTime>
<MsgType><![CDATA[event]]></MsgType>
<Event><![CDATA[subscribe]]></Event>
<EventKey><![CDATA[]]></EventKey>
</xml>

2016-07-01 11:30:23 params :
------------
Array:
rule : -2 ;
module :  ;
message : Array ;

2016-07-01 11:30:23 response :
------------

2016-07-01 11:30:40 trace :
------------
String:
<xml><ToUserName><![CDATA[gh_7d1762dac7c2]]></ToUserName>
<FromUserName><![CDATA[o8AZcwK5hJnU9hJQXjlNiLn4Q0lY]]></FromUserName>
<CreateTime>1467343840</CreateTime>
<MsgType><![CDATA[event]]></MsgType>
<Event><![CDATA[VIEW]]></Event>
<EventKey><![CDATA[http://www.9kpu.com/app/index.php?i=6&c=home&]]></EventKey>
<MenuId>406999612</MenuId>
</xml>

2016-07-01 11:30:40 params :
------------
Array:
rule : -2 ;
module :  ;
message : Array ;

2016-07-01 11:30:40 response :
------------

2016-07-01 11:31:05 trace :
------------
String:
<xml><ToUserName><![CDATA[gh_7d1762dac7c2]]></ToUserName>
<FromUserName><![CDATA[o8AZcwK5hJnU9hJQXjlNiLn4Q0lY]]></FromUserName>
<CreateTime>1467343865</CreateTime>
<MsgType><![CDATA[event]]></MsgType>
<Event><![CDATA[VIEW]]></Event>
<EventKey><![CDATA[http://www.9kpu.com/app/index.php?i=6&c=entry&eid=1]]></EventKey>
<MenuId>406999612</MenuId>
</xml>

2016-07-01 11:31:05 params :
------------
Array:
rule : -2 ;
module :  ;
message : Array ;

2016-07-01 11:31:05 response :
------------

2016-07-01 11:31:10 trace :
------------
String:
<xml><ToUserName><![CDATA[gh_7d1762dac7c2]]></ToUserName>
<FromUserName><![CDATA[o8AZcwK5hJnU9hJQXjlNiLn4Q0lY]]></FromUserName>
<CreateTime>1467343870</CreateTime>
<MsgType><![CDATA[event]]></MsgType>
<Event><![CDATA[VIEW]]></Event>
<EventKey><![CDATA[http://www.9kpu.com/app/index.php?i=6&c=entry&eid=2]]></EventKey>
<MenuId>406999612</MenuId>
</xml>

2016-07-01 11:31:10 params :
------------
Array:
rule : -2 ;
module :  ;
message : Array ;

2016-07-01 11:31:10 response :
------------

2016-07-01 11:31:28 trace :
------------
String:
<xml><ToUserName><![CDATA[gh_7d1762dac7c2]]></ToUserName>
<FromUserName><![CDATA[o8AZcwK5hJnU9hJQXjlNiLn4Q0lY]]></FromUserName>
<CreateTime>1467343888</CreateTime>
<MsgType><![CDATA[event]]></MsgType>
<Event><![CDATA[unsubscribe]]></Event>
<EventKey><![CDATA[]]></EventKey>
</xml>

2016-07-01 12:10:50 trace :
------------
String:
<xml><ToUserName><![CDATA[gh_e7a0c8306261]]></ToUserName>
<FromUserName><![CDATA[oRj-Fs5QjtciVl9kBRfKQQiKibmI]]></FromUserName>
<CreateTime>1467346250</CreateTime>
<MsgType><![CDATA[event]]></MsgType>
<Event><![CDATA[VIEW]]></Event>
<EventKey><![CDATA[http://www.9kpu.com/app/index.php?i=13&c=home&]]></EventKey>
<MenuId>408429854</MenuId>
</xml>

2016-07-01 12:10:50 params :
------------
Array:
message : Array ;
module : basic ;
rule : 22 ;
priority : 0 ;
keyword : Array ;

2016-07-01 12:10:50 response :
------------
Array:
FromUserName : gh_e7a0c8306261 ;
ToUserName : oRj-Fs5QjtciVl9kBRfKQQiKibmI ;
MsgType : text ;
Content : 欢迎关注同城学堂，点击微官网查看本学校介绍信息，家长点击学生天地绑定自己小孩信息使用，老师点击教师信息绑定自己账号使用 ;

2016-07-01 12:12:02 trace :
------------
String:
<xml><ToUserName><![CDATA[gh_e7a0c8306261]]></ToUserName>
<FromUserName><![CDATA[oRj-Fs5QjtciVl9kBRfKQQiKibmI]]></FromUserName>
<CreateTime>1467346322</CreateTime>
<MsgType><![CDATA[event]]></MsgType>
<Event><![CDATA[VIEW]]></Event>
<EventKey><![CDATA[http://www.9kpu.com/app/index.php?i=13&c=home&]]></EventKey>
<MenuId>408429854</MenuId>
</xml>

2016-07-01 12:12:02 params :
------------
Array:
message : Array ;
module : basic ;
rule : 22 ;
priority : 0 ;
keyword : Array ;

2016-07-01 12:12:02 response :
------------
Array:
FromUserName : gh_e7a0c8306261 ;
ToUserName : oRj-Fs5QjtciVl9kBRfKQQiKibmI ;
MsgType : text ;
Content : 欢迎关注同城学堂，点击微官网查看本学校介绍信息，家长点击学生天地绑定自己小孩信息使用，老师点击教师信息绑定自己账号使用 ;

2016-07-01 12:41:47 trace :
------------
String:
<xml><ToUserName><![CDATA[gh_2a16c32dff4b]]></ToUserName>
<FromUserName><![CDATA[oZF73wPmHLKA8m3z09nNNzgZXZpU]]></FromUserName>
<CreateTime>1467348107</CreateTime>
<MsgType><![CDATA[event]]></MsgType>
<Event><![CDATA[VIEW]]></Event>
<EventKey><![CDATA[http://www.9kpu.com/app/index.php?i=26&c=entry&do=bangding&m=lianhu_school]]></EventKey>
<MenuId>442400791</MenuId>
</xml>

2016-07-01 12:41:47 params :
------------
Array:
rule : -2 ;
module :  ;
message : Array ;

2016-07-01 12:41:47 response :
------------

2016-07-01 12:41:48 trace :
------------
String:
<xml><ToUserName><![CDATA[gh_2a16c32dff4b]]></ToUserName>
<FromUserName><![CDATA[oZF73wPmHLKA8m3z09nNNzgZXZpU]]></FromUserName>
<CreateTime>1467348107</CreateTime>
<MsgType><![CDATA[event]]></MsgType>
<Event><![CDATA[VIEW]]></Event>
<EventKey><![CDATA[http://www.9kpu.com/app/index.php?i=26&c=home&]]></EventKey>
<MenuId>442400791</MenuId>
</xml>

2016-07-01 12:41:48 params :
------------
Array:
rule : -2 ;
module :  ;
message : Array ;

2016-07-01 12:41:48 response :
------------

2016-07-01 13:43:35 trace :
------------
String:
<xml><ToUserName><![CDATA[gh_081ee8610e82]]></ToUserName>
<FromUserName><![CDATA[ohNDtvtrvHuUn4bsqNNGT_sML-Ck]]></FromUserName>
<CreateTime>1467351815</CreateTime>
<MsgType><![CDATA[event]]></MsgType>
<Event><![CDATA[subscribe]]></Event>
<EventKey><![CDATA[]]></EventKey>
</xml>

2016-07-01 13:43:35 params :
------------
Array:
message : Array ;
module : basic ;
rule : 13 ;
priority : 0 ;
keyword : Array ;

2016-07-01 13:43:35 response :
------------
Array:
FromUserName : gh_081ee8610e82 ;
ToUserName : ohNDtvtrvHuUn4bsqNNGT_sML-Ck ;
MsgType : text ;
Content : 等你好久了，智慧微校欢迎您。如果您是来逛逛的，请点开微官网查看我们学校的介绍信息。如果您是家长，请点开学生中心，用您家孩子姓名与学号绑定，就可尽情使用微校功能。如果您是老师，请点开微办公，用系统分配的账号与密码完成绑定，使用微校完成家校互动。 ;

2016-07-01 14:04:47 trace :
------------
String:
<xml><ToUserName><![CDATA[gh_2a16c32dff4b]]></ToUserName>
<FromUserName><![CDATA[oZF73wBAO8cKUE_Jv7r5Ro0uWW2Q]]></FromUserName>
<CreateTime>1467353087</CreateTime>
<MsgType><![CDATA[event]]></MsgType>
<Event><![CDATA[VIEW]]></Event>
<EventKey><![CDATA[http://www.9kpu.com/app/index.php?i=26&c=home&]]></EventKey>
<MenuId>442400791</MenuId>
</xml>

2016-07-01 14:04:47 params :
------------
Array:
rule : -2 ;
module :  ;
message : Array ;

2016-07-01 14:04:47 response :
------------

2016-07-01 14:04:55 trace :
------------
String:
<xml><ToUserName><![CDATA[gh_2a16c32dff4b]]></ToUserName>
<FromUserName><![CDATA[oZF73wBAO8cKUE_Jv7r5Ro0uWW2Q]]></FromUserName>
<CreateTime>1467353094</CreateTime>
<MsgType><![CDATA[event]]></MsgType>
<Event><![CDATA[VIEW]]></Event>
<EventKey><![CDATA[http://www.9kpu.com/app/index.php?i=26&c=entry&do=bangding&m=lianhu_school]]></EventKey>
<MenuId>442400791</MenuId>
</xml>

2016-07-01 14:04:55 params :
------------
Array:
rule : -2 ;
module :  ;
message : Array ;

2016-07-01 14:04:55 response :
------------

2016-07-01 14:05:00 trace :
------------
String:
<xml><ToUserName><![CDATA[gh_2a16c32dff4b]]></ToUserName>
<FromUserName><![CDATA[oZF73wBAO8cKUE_Jv7r5Ro0uWW2Q]]></FromUserName>
<CreateTime>1467353099</CreateTime>
<MsgType><![CDATA[event]]></MsgType>
<Event><![CDATA[VIEW]]></Event>
<EventKey><![CDATA[http://www.9kpu.com/app/index.php?i=26&c=entry&do=teaIn&m=lianhu_school]]></EventKey>
<MenuId>442400791</MenuId>
</xml>

2016-07-01 14:05:00 params :
------------
Array:
rule : -2 ;
module :  ;
message : Array ;

2016-07-01 14:05:00 response :
------------

2016-07-01 14:09:39 trace :
------------
String:
<xml><ToUserName><![CDATA[gh_2a16c32dff4b]]></ToUserName>
<FromUserName><![CDATA[oZF73wAwQh7tSLTlkaa2r2IdDnlQ]]></FromUserName>
<CreateTime>1467353379</CreateTime>
<MsgType><![CDATA[event]]></MsgType>
<Event><![CDATA[subscribe]]></Event>
<EventKey><![CDATA[]]></EventKey>
</xml>

2016-07-01 14:09:39 params :
------------
Array:
rule : -2 ;
module :  ;
message : Array ;

2016-07-01 14:09:39 response :
------------

2016-07-01 14:09:42 trace :
------------
String:
<xml><ToUserName><![CDATA[gh_2a16c32dff4b]]></ToUserName>
<FromUserName><![CDATA[oZF73wAwQh7tSLTlkaa2r2IdDnlQ]]></FromUserName>
<CreateTime>1467353382</CreateTime>
<MsgType><![CDATA[event]]></MsgType>
<Event><![CDATA[VIEW]]></Event>
<EventKey><![CDATA[http://www.9kpu.com/app/index.php?i=26&c=entry&do=bangding&m=lianhu_school]]></EventKey>
<MenuId>442400791</MenuId>
</xml>

2016-07-01 14:09:42 params :
------------
Array:
rule : -2 ;
module :  ;
message : Array ;

2016-07-01 14:09:42 response :
------------

2016-07-01 14:09:47 trace :
------------
String:
<xml><ToUserName><![CDATA[gh_2a16c32dff4b]]></ToUserName>
<FromUserName><![CDATA[oZF73wAwQh7tSLTlkaa2r2IdDnlQ]]></FromUserName>
<CreateTime>1467353387</CreateTime>
<MsgType><![CDATA[event]]></MsgType>
<Event><![CDATA[VIEW]]></Event>
<EventKey><![CDATA[http://www.9kpu.com/app/index.php?i=26&c=entry&do=teaIn&m=lianhu_school]]></EventKey>
<MenuId>442400791</MenuId>
</xml>

2016-07-01 14:09:47 params :
------------
Array:
rule : -2 ;
module :  ;
message : Array ;

2016-07-01 14:09:47 response :
------------

2016-07-01 14:15:44 trace :
------------
String:
<xml><ToUserName><![CDATA[gh_2a16c32dff4b]]></ToUserName>
<FromUserName><![CDATA[oZF73wBAO8cKUE_Jv7r5Ro0uWW2Q]]></FromUserName>
<CreateTime>1467353744</CreateTime>
<MsgType><![CDATA[event]]></MsgType>
<Event><![CDATA[VIEW]]></Event>
<EventKey><![CDATA[http://www.9kpu.com/app/index.php?i=26&c=entry&do=bangding&m=lianhu_school]]></EventKey>
<MenuId>442400791</MenuId>
</xml>

2016-07-01 14:15:44 params :
------------
Array:
rule : -2 ;
module :  ;
message : Array ;

2016-07-01 14:15:44 response :
------------

2016-07-01 14:35:06 trace :
------------
String:
<xml><ToUserName><![CDATA[gh_2a16c32dff4b]]></ToUserName>
<FromUserName><![CDATA[oZF73wEnHzQcnfIQRJo1gILYy3bU]]></FromUserName>
<CreateTime>1467354906</CreateTime>
<MsgType><![CDATA[event]]></MsgType>
<Event><![CDATA[subscribe]]></Event>
<EventKey><![CDATA[]]></EventKey>
</xml>

2016-07-01 14:35:06 params :
------------
Array:
rule : -2 ;
module :  ;
message : Array ;

2016-07-01 14:35:06 response :
------------

2016-07-01 14:35:09 trace :
------------
String:
<xml><ToUserName><![CDATA[gh_2a16c32dff4b]]></ToUserName>
<FromUserName><![CDATA[oZF73wEnHzQcnfIQRJo1gILYy3bU]]></FromUserName>
<CreateTime>1467354909</CreateTime>
<MsgType><![CDATA[event]]></MsgType>
<Event><![CDATA[VIEW]]></Event>
<EventKey><![CDATA[http://www.9kpu.com/app/index.php?i=26&c=entry&do=bangding&m=lianhu_school]]></EventKey>
<MenuId>442400791</MenuId>
</xml>

2016-07-01 14:35:09 params :
------------
Array:
rule : -2 ;
module :  ;
message : Array ;

2016-07-01 14:35:09 response :
------------

2016-07-01 14:35:12 trace :
------------
String:
<xml><ToUserName><![CDATA[gh_2a16c32dff4b]]></ToUserName>
<FromUserName><![CDATA[oZF73wEnHzQcnfIQRJo1gILYy3bU]]></FromUserName>
<CreateTime>1467354912</CreateTime>
<MsgType><![CDATA[event]]></MsgType>
<Event><![CDATA[VIEW]]></Event>
<EventKey><![CDATA[http://www.9kpu.com/app/index.php?i=26&c=entry&do=teaIn&m=lianhu_school]]></EventKey>
<MenuId>442400791</MenuId>
</xml>

2016-07-01 14:35:12 params :
------------
Array:
rule : -2 ;
module :  ;
message : Array ;

2016-07-01 14:35:12 response :
------------

2016-07-01 14:37:13 trace :
------------
String:
<xml><ToUserName><![CDATA[gh_e7a0c8306261]]></ToUserName>
<FromUserName><![CDATA[oRj-Fs5nka0TNOrw9JUEogJ8gX_o]]></FromUserName>
<CreateTime>1467355033</CreateTime>
<MsgType><![CDATA[event]]></MsgType>
<Event><![CDATA[VIEW]]></Event>
<EventKey><![CDATA[http://www.9kpu.com/app/index.php?i=13&c=home&]]></EventKey>
<MenuId>408429854</MenuId>
</xml>

2016-07-01 14:37:13 params :
------------
Array:
message : Array ;
module : basic ;
rule : 22 ;
priority : 0 ;
keyword : Array ;

2016-07-01 14:37:13 response :
------------
Array:
FromUserName : gh_e7a0c8306261 ;
ToUserName : oRj-Fs5nka0TNOrw9JUEogJ8gX_o ;
MsgType : text ;
Content : 欢迎关注同城学堂，点击微官网查看本学校介绍信息，家长点击学生天地绑定自己小孩信息使用，老师点击教师信息绑定自己账号使用 ;

2016-07-01 14:37:14 trace :
------------
String:
<xml><ToUserName><![CDATA[gh_e7a0c8306261]]></ToUserName>
<FromUserName><![CDATA[oRj-Fs0-58f1Xolgz7rNR5ZNmCik]]></FromUserName>
<CreateTime>1467355034</CreateTime>
<MsgType><![CDATA[event]]></MsgType>
<Event><![CDATA[VIEW]]></Event>
<EventKey><![CDATA[http://www.9kpu.com/app/index.php?i=13&c=home&]]></EventKey>
<MenuId>408429854</MenuId>
</xml>

2016-07-01 14:37:14 params :
------------
Array:
message : Array ;
module : basic ;
rule : 22 ;
priority : 0 ;
keyword : Array ;

2016-07-01 14:37:14 response :
------------
Array:
FromUserName : gh_e7a0c8306261 ;
ToUserName : oRj-Fs0-58f1Xolgz7rNR5ZNmCik ;
MsgType : text ;
Content : 欢迎关注同城学堂，点击微官网查看本学校介绍信息，家长点击学生天地绑定自己小孩信息使用，老师点击教师信息绑定自己账号使用 ;

2016-07-01 14:38:17 trace :
------------
String:
<xml><ToUserName><![CDATA[gh_2a16c32dff4b]]></ToUserName>
<FromUserName><![CDATA[oZF73wEnHzQcnfIQRJo1gILYy3bU]]></FromUserName>
<CreateTime>1467355097</CreateTime>
<MsgType><![CDATA[event]]></MsgType>
<Event><![CDATA[VIEW]]></Event>
<EventKey><![CDATA[http://www.9kpu.com/app/index.php?i=26&c=entry&do=teaIn&m=lianhu_school]]></EventKey>
<MenuId>442400791</MenuId>
</xml>

2016-07-01 14:38:17 params :
------------
Array:
rule : -2 ;
module :  ;
message : Array ;

2016-07-01 14:38:17 response :
------------

2016-07-01 14:40:04 trace :
------------
String:
<xml><ToUserName><![CDATA[gh_2a16c32dff4b]]></ToUserName>
<FromUserName><![CDATA[oZF73wEnHzQcnfIQRJo1gILYy3bU]]></FromUserName>
<CreateTime>1467355204</CreateTime>
<MsgType><![CDATA[event]]></MsgType>
<Event><![CDATA[VIEW]]></Event>
<EventKey><![CDATA[http://www.9kpu.com/app/index.php?i=26&c=entry&do=bangding&m=lianhu_school]]></EventKey>
<MenuId>442400791</MenuId>
</xml>

2016-07-01 14:40:04 params :
------------
Array:
rule : -2 ;
module :  ;
message : Array ;

2016-07-01 14:40:04 response :
------------

2016-07-01 14:40:11 trace :
------------
String:
<xml><ToUserName><![CDATA[gh_2a16c32dff4b]]></ToUserName>
<FromUserName><![CDATA[oZF73wEnHzQcnfIQRJo1gILYy3bU]]></FromUserName>
<CreateTime>1467355211</CreateTime>
<MsgType><![CDATA[event]]></MsgType>
<Event><![CDATA[VIEW]]></Event>
<EventKey><![CDATA[http://www.9kpu.com/app/index.php?i=26&c=entry&do=teaIn&m=lianhu_school]]></EventKey>
<MenuId>442400791</MenuId>
</xml>

2016-07-01 14:40:11 params :
------------
Array:
rule : -2 ;
module :  ;
message : Array ;

2016-07-01 14:40:11 response :
------------

2016-07-01 14:41:19 trace :
------------
String:
<xml><ToUserName><![CDATA[gh_2a16c32dff4b]]></ToUserName>
<FromUserName><![CDATA[oZF73wEnHzQcnfIQRJo1gILYy3bU]]></FromUserName>
<CreateTime>1467355279</CreateTime>
<MsgType><![CDATA[event]]></MsgType>
<Event><![CDATA[VIEW]]></Event>
<EventKey><![CDATA[http://www.9kpu.com/app/index.php?i=26&c=home&]]></EventKey>
<MenuId>442400791</MenuId>
</xml>

2016-07-01 14:41:19 params :
------------
Array:
rule : -2 ;
module :  ;
message : Array ;

2016-07-01 14:41:19 response :
------------

2016-07-01 14:41:48 trace :
------------
String:
<xml><ToUserName><![CDATA[gh_2a16c32dff4b]]></ToUserName>
<FromUserName><![CDATA[oZF73wEnHzQcnfIQRJo1gILYy3bU]]></FromUserName>
<CreateTime>1467355307</CreateTime>
<MsgType><![CDATA[event]]></MsgType>
<Event><![CDATA[VIEW]]></Event>
<EventKey><![CDATA[http://www.9kpu.com/app/index.php?i=26&c=home&]]></EventKey>
<MenuId>442400791</MenuId>
</xml>

2016-07-01 14:41:48 params :
------------
Array:
rule : -2 ;
module :  ;
message : Array ;

2016-07-01 14:41:48 response :
------------

2016-07-01 14:42:22 trace :
------------
String:
<xml><ToUserName><![CDATA[gh_e7a0c8306261]]></ToUserName>
<FromUserName><![CDATA[oRj-Fs2trqsKLtJAmxc05he785TE]]></FromUserName>
<CreateTime>1467355342</CreateTime>
<MsgType><![CDATA[event]]></MsgType>
<Event><![CDATA[VIEW]]></Event>
<EventKey><![CDATA[http://www.9kpu.com/app/index.php?i=13&c=home&]]></EventKey>
<MenuId>408429854</MenuId>
</xml>

2016-07-01 14:42:22 params :
------------
Array:
message : Array ;
module : basic ;
rule : 22 ;
priority : 0 ;
keyword : Array ;

2016-07-01 14:42:22 response :
------------
Array:
FromUserName : gh_e7a0c8306261 ;
ToUserName : oRj-Fs2trqsKLtJAmxc05he785TE ;
MsgType : text ;
Content : 欢迎关注同城学堂，点击微官网查看本学校介绍信息，家长点击学生天地绑定自己小孩信息使用，老师点击教师信息绑定自己账号使用 ;

2016-07-01 14:45:47 trace :
------------
String:
<xml><ToUserName><![CDATA[gh_2a16c32dff4b]]></ToUserName>
<FromUserName><![CDATA[oZF73wEnHzQcnfIQRJo1gILYy3bU]]></FromUserName>
<CreateTime>1467355547</CreateTime>
<MsgType><![CDATA[event]]></MsgType>
<Event><![CDATA[VIEW]]></Event>
<EventKey><![CDATA[http://www.9kpu.com/app/index.php?i=26&c=home&]]></EventKey>
<MenuId>442400791</MenuId>
</xml>

2016-07-01 14:45:47 params :
------------
Array:
rule : -2 ;
module :  ;
message : Array ;

2016-07-01 14:45:47 response :
------------

2016-07-01 14:47:57 trace :
------------
String:
<xml><ToUserName><![CDATA[gh_e7a0c8306261]]></ToUserName>
<FromUserName><![CDATA[oRj-Fs5QjtciVl9kBRfKQQiKibmI]]></FromUserName>
<CreateTime>1467355677</CreateTime>
<MsgType><![CDATA[event]]></MsgType>
<Event><![CDATA[VIEW]]></Event>
<EventKey><![CDATA[http://www.9kpu.com/app/index.php?i=13&c=entry&eid=1]]></EventKey>
<MenuId>408429854</MenuId>
</xml>

2016-07-01 14:47:57 params :
------------
Array:
message : Array ;
module : basic ;
rule : 22 ;
priority : 0 ;
keyword : Array ;

2016-07-01 14:47:57 response :
------------
Array:
FromUserName : gh_e7a0c8306261 ;
ToUserName : oRj-Fs5QjtciVl9kBRfKQQiKibmI ;
MsgType : text ;
Content : 欢迎关注同城学堂，点击微官网查看本学校介绍信息，家长点击学生天地绑定自己小孩信息使用，老师点击教师信息绑定自己账号使用 ;

2016-07-01 14:48:20 trace :
------------
String:
<xml><ToUserName><![CDATA[gh_e7a0c8306261]]></ToUserName>
<FromUserName><![CDATA[oRj-Fs5QjtciVl9kBRfKQQiKibmI]]></FromUserName>
<CreateTime>1467355700</CreateTime>
<MsgType><![CDATA[event]]></MsgType>
<Event><![CDATA[VIEW]]></Event>
<EventKey><![CDATA[http://www.9kpu.com/app/index.php?i=13&c=entry&eid=1]]></EventKey>
<MenuId>408429854</MenuId>
</xml>

2016-07-01 14:48:20 params :
------------
Array:
message : Array ;
module : basic ;
rule : 22 ;
priority : 0 ;
keyword : Array ;

2016-07-01 14:48:20 response :
------------
Array:
FromUserName : gh_e7a0c8306261 ;
ToUserName : oRj-Fs5QjtciVl9kBRfKQQiKibmI ;
MsgType : text ;
Content : 欢迎关注同城学堂，点击微官网查看本学校介绍信息，家长点击学生天地绑定自己小孩信息使用，老师点击教师信息绑定自己账号使用 ;

2016-07-01 14:49:42 trace :
------------
String:
<xml><ToUserName><![CDATA[gh_e7a0c8306261]]></ToUserName>
<FromUserName><![CDATA[oRj-Fs5QjtciVl9kBRfKQQiKibmI]]></FromUserName>
<CreateTime>1467355782</CreateTime>
<MsgType><![CDATA[event]]></MsgType>
<Event><![CDATA[VIEW]]></Event>
<EventKey><![CDATA[http://www.9kpu.com/app/index.php?i=13&c=entry&eid=1]]></EventKey>
<MenuId>408429854</MenuId>
</xml>

2016-07-01 14:49:42 params :
------------
Array:
message : Array ;
module : basic ;
rule : 22 ;
priority : 0 ;
keyword : Array ;

2016-07-01 14:49:42 response :
------------
Array:
FromUserName : gh_e7a0c8306261 ;
ToUserName : oRj-Fs5QjtciVl9kBRfKQQiKibmI ;
MsgType : text ;
Content : 欢迎关注同城学堂，点击微官网查看本学校介绍信息，家长点击学生天地绑定自己小孩信息使用，老师点击教师信息绑定自己账号使用 ;

2016-07-01 14:49:44 trace :
------------
String:
<xml><ToUserName><![CDATA[gh_2a16c32dff4b]]></ToUserName>
<FromUserName><![CDATA[oZF73wEnHzQcnfIQRJo1gILYy3bU]]></FromUserName>
<CreateTime>1467355784</CreateTime>
<MsgType><![CDATA[event]]></MsgType>
<Event><![CDATA[VIEW]]></Event>
<EventKey><![CDATA[http://www.9kpu.com/app/index.php?i=26&c=home&]]></EventKey>
<MenuId>442400791</MenuId>
</xml>

2016-07-01 14:49:44 params :
------------
Array:
rule : -2 ;
module :  ;
message : Array ;

2016-07-01 14:49:44 response :
------------

2016-07-01 14:50:01 trace :
------------
String:
<xml><ToUserName><![CDATA[gh_e7a0c8306261]]></ToUserName>
<FromUserName><![CDATA[oRj-Fs5QjtciVl9kBRfKQQiKibmI]]></FromUserName>
<CreateTime>1467355801</CreateTime>
<MsgType><![CDATA[event]]></MsgType>
<Event><![CDATA[VIEW]]></Event>
<EventKey><![CDATA[http://www.9kpu.com/app/index.php?i=13&c=entry&eid=1]]></EventKey>
<MenuId>408429854</MenuId>
</xml>

2016-07-01 14:50:01 params :
------------
Array:
message : Array ;
module : basic ;
rule : 22 ;
priority : 0 ;
keyword : Array ;

2016-07-01 14:50:01 response :
------------
Array:
FromUserName : gh_e7a0c8306261 ;
ToUserName : oRj-Fs5QjtciVl9kBRfKQQiKibmI ;
MsgType : text ;
Content : 欢迎关注同城学堂，点击微官网查看本学校介绍信息，家长点击学生天地绑定自己小孩信息使用，老师点击教师信息绑定自己账号使用 ;

2016-07-01 14:50:19 trace :
------------
String:
<xml><ToUserName><![CDATA[gh_2a16c32dff4b]]></ToUserName>
<FromUserName><![CDATA[oZF73wEnHzQcnfIQRJo1gILYy3bU]]></FromUserName>
<CreateTime>1467355819</CreateTime>
<MsgType><![CDATA[event]]></MsgType>
<Event><![CDATA[VIEW]]></Event>
<EventKey><![CDATA[http://www.9kpu.com/app/index.php?i=26&c=home&]]></EventKey>
<MenuId>442400791</MenuId>
</xml>

2016-07-01 14:50:19 params :
------------
Array:
rule : -2 ;
module :  ;
message : Array ;

2016-07-01 14:50:19 response :
------------

2016-07-01 14:53:15 trace :
------------
String:
<xml><ToUserName><![CDATA[gh_2a16c32dff4b]]></ToUserName>
<FromUserName><![CDATA[oZF73wAKimMU1XufzSoWnPXuf02w]]></FromUserName>
<CreateTime>1467355995</CreateTime>
<MsgType><![CDATA[event]]></MsgType>
<Event><![CDATA[subscribe]]></Event>
<EventKey><![CDATA[]]></EventKey>
</xml>

2016-07-01 14:53:15 params :
------------
Array:
rule : -2 ;
module :  ;
message : Array ;

2016-07-01 14:53:15 response :
------------

2016-07-01 14:53:26 trace :
------------
String:
<xml><ToUserName><![CDATA[gh_2a16c32dff4b]]></ToUserName>
<FromUserName><![CDATA[oZF73wAKimMU1XufzSoWnPXuf02w]]></FromUserName>
<CreateTime>1467356006</CreateTime>
<MsgType><![CDATA[event]]></MsgType>
<Event><![CDATA[VIEW]]></Event>
<EventKey><![CDATA[http://www.9kpu.com/app/index.php?i=26&c=home&]]></EventKey>
<MenuId>442400791</MenuId>
</xml>

2016-07-01 14:53:26 params :
------------
Array:
rule : -2 ;
module :  ;
message : Array ;

2016-07-01 14:53:26 response :
------------

2016-07-01 14:54:13 trace :
------------
String:
<xml><ToUserName><![CDATA[gh_2a16c32dff4b]]></ToUserName>
<FromUserName><![CDATA[oZF73wAKimMU1XufzSoWnPXuf02w]]></FromUserName>
<CreateTime>1467356053</CreateTime>
<MsgType><![CDATA[event]]></MsgType>
<Event><![CDATA[VIEW]]></Event>
<EventKey><![CDATA[http://www.9kpu.com/app/index.php?i=26&c=entry&do=bangding&m=lianhu_school]]></EventKey>
<MenuId>442400791</MenuId>
</xml>

2016-07-01 14:54:13 params :
------------
Array:
rule : -2 ;
module :  ;
message : Array ;

2016-07-01 14:54:13 response :
------------

2016-07-01 14:54:18 trace :
------------
String:
<xml><ToUserName><![CDATA[gh_2a16c32dff4b]]></ToUserName>
<FromUserName><![CDATA[oZF73wAKimMU1XufzSoWnPXuf02w]]></FromUserName>
<CreateTime>1467356057</CreateTime>
<MsgType><![CDATA[event]]></MsgType>
<Event><![CDATA[VIEW]]></Event>
<EventKey><![CDATA[http://www.9kpu.com/app/index.php?i=26&c=entry&do=teaIn&m=lianhu_school]]></EventKey>
<MenuId>442400791</MenuId>
</xml>

2016-07-01 14:54:18 params :
------------
Array:
rule : -2 ;
module :  ;
message : Array ;

2016-07-01 14:54:18 response :
------------

2016-07-01 15:27:42 trace :
------------
String:
<xml><ToUserName><![CDATA[gh_7d1762dac7c2]]></ToUserName>
<FromUserName><![CDATA[o8AZcwGRFPbXaRmUvHyWgG-Z89XU]]></FromUserName>
<CreateTime>1467358062</CreateTime>
<MsgType><![CDATA[event]]></MsgType>
<Event><![CDATA[subscribe]]></Event>
<EventKey><![CDATA[]]></EventKey>
</xml>

2016-07-01 15:27:42 params :
------------
Array:
rule : -2 ;
module :  ;
message : Array ;

2016-07-01 15:27:42 response :
------------

2016-07-01 15:29:55 trace :
------------
String:
<xml><ToUserName><![CDATA[gh_7d1762dac7c2]]></ToUserName>
<FromUserName><![CDATA[o8AZcwGRFPbXaRmUvHyWgG-Z89XU]]></FromUserName>
<CreateTime>1467358195</CreateTime>
<MsgType><![CDATA[event]]></MsgType>
<Event><![CDATA[VIEW]]></Event>
<EventKey><![CDATA[http://www.9kpu.com/app/index.php?i=6&c=home&]]></EventKey>
<MenuId>406999612</MenuId>
</xml>

2016-07-01 15:29:55 params :
------------
Array:
rule : -2 ;
module :  ;
message : Array ;

2016-07-01 15:29:55 response :
------------

2016-07-01 16:02:52 trace :
------------
String:
<xml><ToUserName><![CDATA[gh_e7a0c8306261]]></ToUserName>
<FromUserName><![CDATA[oRj-Fs5QjtciVl9kBRfKQQiKibmI]]></FromUserName>
<CreateTime>1467360172</CreateTime>
<MsgType><![CDATA[event]]></MsgType>
<Event><![CDATA[VIEW]]></Event>
<EventKey><![CDATA[http://www.9kpu.com/app/index.php?i=13&c=home&]]></EventKey>
<MenuId>408429854</MenuId>
</xml>

2016-07-01 16:02:52 params :
------------
Array:
message : Array ;
module : basic ;
rule : 22 ;
priority : 0 ;
keyword : Array ;

2016-07-01 16:02:52 response :
------------
Array:
FromUserName : gh_e7a0c8306261 ;
ToUserName : oRj-Fs5QjtciVl9kBRfKQQiKibmI ;
MsgType : text ;
Content : 欢迎关注同城学堂，点击微官网查看本学校介绍信息，家长点击学生天地绑定自己小孩信息使用，老师点击教师信息绑定自己账号使用 ;

2016-07-01 16:03:01 trace :
------------
String:
<xml><ToUserName><![CDATA[gh_e7a0c8306261]]></ToUserName>
<FromUserName><![CDATA[oRj-Fs5QjtciVl9kBRfKQQiKibmI]]></FromUserName>
<CreateTime>1467360181</CreateTime>
<MsgType><![CDATA[event]]></MsgType>
<Event><![CDATA[VIEW]]></Event>
<EventKey><![CDATA[http://www.9kpu.com/app/index.php?i=13&c=entry&eid=1]]></EventKey>
<MenuId>408429854</MenuId>
</xml>

2016-07-01 16:03:01 params :
------------
Array:
message : Array ;
module : basic ;
rule : 22 ;
priority : 0 ;
keyword : Array ;

2016-07-01 16:03:01 response :
------------
Array:
FromUserName : gh_e7a0c8306261 ;
ToUserName : oRj-Fs5QjtciVl9kBRfKQQiKibmI ;
MsgType : text ;
Content : 欢迎关注同城学堂，点击微官网查看本学校介绍信息，家长点击学生天地绑定自己小孩信息使用，老师点击教师信息绑定自己账号使用 ;

2016-07-01 16:09:01 trace :
------------
String:
<xml><ToUserName><![CDATA[gh_e7a0c8306261]]></ToUserName>
<FromUserName><![CDATA[oRj-Fs5QjtciVl9kBRfKQQiKibmI]]></FromUserName>
<CreateTime>1467360541</CreateTime>
<MsgType><![CDATA[event]]></MsgType>
<Event><![CDATA[VIEW]]></Event>
<EventKey><![CDATA[http://www.9kpu.com/app/index.php?i=13&c=entry&eid=1]]></EventKey>
<MenuId>408429854</MenuId>
</xml>

2016-07-01 16:09:01 params :
------------
Array:
message : Array ;
module : basic ;
rule : 22 ;
priority : 0 ;
keyword : Array ;

2016-07-01 16:09:01 response :
------------
Array:
FromUserName : gh_e7a0c8306261 ;
ToUserName : oRj-Fs5QjtciVl9kBRfKQQiKibmI ;
MsgType : text ;
Content : 欢迎关注同城学堂，点击微官网查看本学校介绍信息，家长点击学生天地绑定自己小孩信息使用，老师点击教师信息绑定自己账号使用 ;

2016-07-01 16:09:25 trace :
------------
String:
<xml><ToUserName><![CDATA[gh_e7a0c8306261]]></ToUserName>
<FromUserName><![CDATA[oRj-Fs5QjtciVl9kBRfKQQiKibmI]]></FromUserName>
<CreateTime>1467360565</CreateTime>
<MsgType><![CDATA[event]]></MsgType>
<Event><![CDATA[VIEW]]></Event>
<EventKey><![CDATA[http://www.9kpu.com/app/index.php?i=13&c=home&]]></EventKey>
<MenuId>408429854</MenuId>
</xml>

2016-07-01 16:09:25 params :
------------
Array:
message : Array ;
module : basic ;
rule : 22 ;
priority : 0 ;
keyword : Array ;

2016-07-01 16:09:25 response :
------------
Array:
FromUserName : gh_e7a0c8306261 ;
ToUserName : oRj-Fs5QjtciVl9kBRfKQQiKibmI ;
MsgType : text ;
Content : 欢迎关注同城学堂，点击微官网查看本学校介绍信息，家长点击学生天地绑定自己小孩信息使用，老师点击教师信息绑定自己账号使用 ;

2016-07-01 16:09:33 trace :
------------
String:
<xml><ToUserName><![CDATA[gh_e7a0c8306261]]></ToUserName>
<FromUserName><![CDATA[oRj-Fs5QjtciVl9kBRfKQQiKibmI]]></FromUserName>
<CreateTime>1467360573</CreateTime>
<MsgType><![CDATA[event]]></MsgType>
<Event><![CDATA[VIEW]]></Event>
<EventKey><![CDATA[http://www.9kpu.com/app/index.php?i=13&c=entry&eid=1]]></EventKey>
<MenuId>408429854</MenuId>
</xml>

2016-07-01 16:09:33 params :
------------
Array:
message : Array ;
module : basic ;
rule : 22 ;
priority : 0 ;
keyword : Array ;

2016-07-01 16:09:33 response :
------------
Array:
FromUserName : gh_e7a0c8306261 ;
ToUserName : oRj-Fs5QjtciVl9kBRfKQQiKibmI ;
MsgType : text ;
Content : 欢迎关注同城学堂，点击微官网查看本学校介绍信息，家长点击学生天地绑定自己小孩信息使用，老师点击教师信息绑定自己账号使用 ;

2016-07-01 16:14:06 trace :
------------
String:
<xml><ToUserName><![CDATA[gh_e7a0c8306261]]></ToUserName>
<FromUserName><![CDATA[oRj-Fs5QjtciVl9kBRfKQQiKibmI]]></FromUserName>
<CreateTime>1467360846</CreateTime>
<MsgType><![CDATA[event]]></MsgType>
<Event><![CDATA[VIEW]]></Event>
<EventKey><![CDATA[http://www.9kpu.com/app/index.php?i=13&c=entry&eid=1]]></EventKey>
<MenuId>408429854</MenuId>
</xml>

2016-07-01 16:14:06 params :
------------
Array:
message : Array ;
module : basic ;
rule : 22 ;
priority : 0 ;
keyword : Array ;

2016-07-01 16:14:06 response :
------------
Array:
FromUserName : gh_e7a0c8306261 ;
ToUserName : oRj-Fs5QjtciVl9kBRfKQQiKibmI ;
MsgType : text ;
Content : 欢迎关注同城学堂，点击微官网查看本学校介绍信息，家长点击学生天地绑定自己小孩信息使用，老师点击教师信息绑定自己账号使用 ;

2016-07-01 17:56:05 trace :
------------
String:
<xml><ToUserName><![CDATA[gh_e7a0c8306261]]></ToUserName>
<FromUserName><![CDATA[oRj-Fs5nka0TNOrw9JUEogJ8gX_o]]></FromUserName>
<CreateTime>1467366965</CreateTime>
<MsgType><![CDATA[event]]></MsgType>
<Event><![CDATA[VIEW]]></Event>
<EventKey><![CDATA[http://www.9kpu.com/app/index.php?i=13&c=home&]]></EventKey>
<MenuId>408429854</MenuId>
</xml>

2016-07-01 17:56:05 params :
------------
Array:
message : Array ;
module : basic ;
rule : 22 ;
priority : 0 ;
keyword : Array ;

2016-07-01 17:56:05 response :
------------
Array:
FromUserName : gh_e7a0c8306261 ;
ToUserName : oRj-Fs5nka0TNOrw9JUEogJ8gX_o ;
MsgType : text ;
Content : 欢迎关注同城学堂，点击微官网查看本学校介绍信息，家长点击学生天地绑定自己小孩信息使用，老师点击教师信息绑定自己账号使用 ;

2016-07-01 17:58:36 trace :
------------
String:
<xml><ToUserName><![CDATA[gh_e7a0c8306261]]></ToUserName>
<FromUserName><![CDATA[oRj-Fs5nka0TNOrw9JUEogJ8gX_o]]></FromUserName>
<CreateTime>1467367116</CreateTime>
<MsgType><![CDATA[event]]></MsgType>
<Event><![CDATA[VIEW]]></Event>
<EventKey><![CDATA[http://www.9kpu.com/app/index.php?i=13&c=entry&eid=1]]></EventKey>
<MenuId>408429854</MenuId>
</xml>

2016-07-01 17:58:36 params :
------------
Array:
message : Array ;
module : basic ;
rule : 22 ;
priority : 0 ;
keyword : Array ;

2016-07-01 17:58:36 response :
------------
Array:
FromUserName : gh_e7a0c8306261 ;
ToUserName : oRj-Fs5nka0TNOrw9JUEogJ8gX_o ;
MsgType : text ;
Content : 欢迎关注同城学堂，点击微官网查看本学校介绍信息，家长点击学生天地绑定自己小孩信息使用，老师点击教师信息绑定自己账号使用 ;

2016-07-01 18:00:09 trace :
------------
String:
<xml><ToUserName><![CDATA[gh_e7a0c8306261]]></ToUserName>
<FromUserName><![CDATA[oRj-Fs5nka0TNOrw9JUEogJ8gX_o]]></FromUserName>
<CreateTime>1467367209</CreateTime>
<MsgType><![CDATA[event]]></MsgType>
<Event><![CDATA[VIEW]]></Event>
<EventKey><![CDATA[http://www.9kpu.com/app/index.php?i=13&c=entry&eid=2]]></EventKey>
<MenuId>408429854</MenuId>
</xml>

2016-07-01 18:00:09 params :
------------
Array:
message : Array ;
module : basic ;
rule : 22 ;
priority : 0 ;
keyword : Array ;

2016-07-01 18:00:09 response :
------------
Array:
FromUserName : gh_e7a0c8306261 ;
ToUserName : oRj-Fs5nka0TNOrw9JUEogJ8gX_o ;
MsgType : text ;
Content : 欢迎关注同城学堂，点击微官网查看本学校介绍信息，家长点击学生天地绑定自己小孩信息使用，老师点击教师信息绑定自己账号使用 ;

2016-07-01 18:15:40 trace :
------------
String:
<xml><ToUserName><![CDATA[gh_2a16c32dff4b]]></ToUserName>
<FromUserName><![CDATA[oZF73wAKimMU1XufzSoWnPXuf02w]]></FromUserName>
<CreateTime>1467368140</CreateTime>
<MsgType><![CDATA[event]]></MsgType>
<Event><![CDATA[VIEW]]></Event>
<EventKey><![CDATA[http://www.9kpu.com/app/index.php?i=26&c=home&]]></EventKey>
<MenuId>442400791</MenuId>
</xml>

2016-07-01 18:15:40 params :
------------
Array:
rule : -2 ;
module :  ;
message : Array ;

2016-07-01 18:15:40 response :
------------

2016-07-01 18:15:56 trace :
------------
String:
<xml><ToUserName><![CDATA[gh_2a16c32dff4b]]></ToUserName>
<FromUserName><![CDATA[oZF73wAKimMU1XufzSoWnPXuf02w]]></FromUserName>
<CreateTime>1467368156</CreateTime>
<MsgType><![CDATA[event]]></MsgType>
<Event><![CDATA[VIEW]]></Event>
<EventKey><![CDATA[http://www.9kpu.com/app/index.php?i=26&c=entry&do=bangding&m=lianhu_school]]></EventKey>
<MenuId>442400791</MenuId>
</xml>

2016-07-01 18:15:56 params :
------------
Array:
rule : -2 ;
module :  ;
message : Array ;

2016-07-01 18:15:56 response :
------------

2016-07-01 18:16:08 trace :
------------
String:
<xml><ToUserName><![CDATA[gh_2a16c32dff4b]]></ToUserName>
<FromUserName><![CDATA[oZF73wAKimMU1XufzSoWnPXuf02w]]></FromUserName>
<CreateTime>1467368167</CreateTime>
<MsgType><![CDATA[event]]></MsgType>
<Event><![CDATA[VIEW]]></Event>
<EventKey><![CDATA[http://www.9kpu.com/app/index.php?i=26&c=entry&do=teaIn&m=lianhu_school]]></EventKey>
<MenuId>442400791</MenuId>
</xml>

2016-07-01 18:16:08 params :
------------
Array:
rule : -2 ;
module :  ;
message : Array ;

2016-07-01 18:16:08 response :
------------

2016-07-01 18:16:37 trace :
------------
String:
<xml><ToUserName><![CDATA[gh_2ee031f2e428]]></ToUserName>
<FromUserName><![CDATA[ojDkIwp8HZZ155LejUw9YV0qxedY]]></FromUserName>
<CreateTime>1467368197</CreateTime>
<MsgType><![CDATA[event]]></MsgType>
<Event><![CDATA[VIEW]]></Event>
<EventKey><![CDATA[http://www.9kpu.com/app/index.php?i=20&c=entry&do=teaIn&m=lianhu_school]]></EventKey>
<MenuId>410679894</MenuId>
</xml>

2016-07-01 18:16:37 params :
------------
Array:
rule : -2 ;
module :  ;
message : Array ;

2016-07-01 18:16:37 response :
------------

2016-07-01 18:16:46 trace :
------------
String:
<xml><ToUserName><![CDATA[gh_2ee031f2e428]]></ToUserName>
<FromUserName><![CDATA[ojDkIwp8HZZ155LejUw9YV0qxedY]]></FromUserName>
<CreateTime>1467368206</CreateTime>
<MsgType><![CDATA[event]]></MsgType>
<Event><![CDATA[VIEW]]></Event>
<EventKey><![CDATA[http://www.9kpu.com/app/index.php?i=20&c=entry&do=bangding&m=lianhu_school]]></EventKey>
<MenuId>410679894</MenuId>
</xml>

2016-07-01 18:16:46 params :
------------
Array:
rule : -2 ;
module :  ;
message : Array ;

2016-07-01 18:16:46 response :
------------

2016-07-01 18:25:54 trace :
------------
String:
<xml><ToUserName><![CDATA[gh_2a16c32dff4b]]></ToUserName>
<FromUserName><![CDATA[oZF73wAKimMU1XufzSoWnPXuf02w]]></FromUserName>
<CreateTime>1467368753</CreateTime>
<MsgType><![CDATA[event]]></MsgType>
<Event><![CDATA[VIEW]]></Event>
<EventKey><![CDATA[http://www.9kpu.com/app/index.php?i=26&c=home&]]></EventKey>
<MenuId>442400791</MenuId>
</xml>

2016-07-01 18:25:54 params :
------------
Array:
rule : -2 ;
module :  ;
message : Array ;

2016-07-01 18:25:54 response :
------------

2016-07-01 18:35:46 trace :
------------
String:
<xml><ToUserName><![CDATA[gh_2ee031f2e428]]></ToUserName>
<FromUserName><![CDATA[ojDkIwjrKNRko-9wSxIIA1TYrTWs]]></FromUserName>
<CreateTime>1467369346</CreateTime>
<MsgType><![CDATA[event]]></MsgType>
<Event><![CDATA[VIEW]]></Event>
<EventKey><![CDATA[http://www.9kpu.com/app/index.php?i=20&c=home&=entry&eid=1]]></EventKey>
<MenuId>410679894</MenuId>
</xml>

2016-07-01 18:35:46 params :
------------
Array:
rule : -2 ;
module :  ;
message : Array ;

2016-07-01 18:35:46 response :
------------

2016-07-01 18:44:22 trace :
------------
String:
<xml><ToUserName><![CDATA[gh_2ee031f2e428]]></ToUserName>
<FromUserName><![CDATA[ojDkIwjW69gQz1CrN-7x6HnIKQlo]]></FromUserName>
<CreateTime>1467369862</CreateTime>
<MsgType><![CDATA[event]]></MsgType>
<Event><![CDATA[VIEW]]></Event>
<EventKey><![CDATA[http://www.9kpu.com/app/index.php?i=20&c=home&=entry&eid=1]]></EventKey>
<MenuId>410679894</MenuId>
</xml>

2016-07-01 18:44:22 params :
------------
Array:
rule : -2 ;
module :  ;
message : Array ;

2016-07-01 18:44:22 response :
------------

2016-07-01 19:10:47 trace :
------------
String:
<xml><ToUserName><![CDATA[gh_2ee031f2e428]]></ToUserName>
<FromUserName><![CDATA[ojDkIwrs9yHxDhblFRcp_6ulEzU4]]></FromUserName>
<CreateTime>1467371447</CreateTime>
<MsgType><![CDATA[event]]></MsgType>
<Event><![CDATA[VIEW]]></Event>
<EventKey><![CDATA[http://www.9kpu.com/app/index.php?i=20&c=home&=entry&eid=1]]></EventKey>
<MenuId>410679894</MenuId>
</xml>

2016-07-01 19:10:47 params :
------------
Array:
rule : -2 ;
module :  ;
message : Array ;

2016-07-01 19:10:47 response :
------------

2016-07-01 19:13:01 trace :
------------
String:
<xml><ToUserName><![CDATA[gh_2ee031f2e428]]></ToUserName>
<FromUserName><![CDATA[ojDkIwrs9yHxDhblFRcp_6ulEzU4]]></FromUserName>
<CreateTime>1467371581</CreateTime>
<MsgType><![CDATA[event]]></MsgType>
<Event><![CDATA[VIEW]]></Event>
<EventKey><![CDATA[http://www.9kpu.com/app/index.php?i=20&c=home&=entry&eid=1]]></EventKey>
<MenuId>410679894</MenuId>
</xml>

2016-07-01 19:13:01 params :
------------
Array:
rule : -2 ;
module :  ;
message : Array ;

2016-07-01 19:13:01 response :
------------

2016-07-01 20:07:06 trace :
------------
String:
<xml><ToUserName><![CDATA[gh_2a16c32dff4b]]></ToUserName>
<FromUserName><![CDATA[oZF73wFJmH_-f_NAJAOllcg9aRBM]]></FromUserName>
<CreateTime>1467374825</CreateTime>
<MsgType><![CDATA[event]]></MsgType>
<Event><![CDATA[subscribe]]></Event>
<EventKey><![CDATA[]]></EventKey>
</xml>

2016-07-01 20:07:06 params :
------------
Array:
rule : -2 ;
module :  ;
message : Array ;

2016-07-01 20:07:06 response :
------------

2016-07-01 20:08:51 trace :
------------
String:
<xml><ToUserName><![CDATA[gh_2a16c32dff4b]]></ToUserName>
<FromUserName><![CDATA[oZF73wFJmH_-f_NAJAOllcg9aRBM]]></FromUserName>
<CreateTime>1467374931</CreateTime>
<MsgType><![CDATA[event]]></MsgType>
<Event><![CDATA[VIEW]]></Event>
<EventKey><![CDATA[http://www.9kpu.com/app/index.php?i=26&c=home&]]></EventKey>
<MenuId>442400791</MenuId>
</xml>

2016-07-01 20:08:51 params :
------------
Array:
rule : -2 ;
module :  ;
message : Array ;

2016-07-01 20:08:51 response :
------------

2016-07-01 20:08:55 trace :
------------
String:
<xml><ToUserName><![CDATA[gh_2a16c32dff4b]]></ToUserName>
<FromUserName><![CDATA[oZF73wFJmH_-f_NAJAOllcg9aRBM]]></FromUserName>
<CreateTime>1467374935</CreateTime>
<MsgType><![CDATA[event]]></MsgType>
<Event><![CDATA[VIEW]]></Event>
<EventKey><![CDATA[http://www.9kpu.com/app/index.php?i=26&c=entry&do=bangding&m=lianhu_school]]></EventKey>
<MenuId>442400791</MenuId>
</xml>

2016-07-01 20:08:55 params :
------------
Array:
rule : -2 ;
module :  ;
message : Array ;

2016-07-01 20:08:55 response :
------------

2016-07-01 20:08:59 trace :
------------
String:
<xml><ToUserName><![CDATA[gh_2a16c32dff4b]]></ToUserName>
<FromUserName><![CDATA[oZF73wFJmH_-f_NAJAOllcg9aRBM]]></FromUserName>
<CreateTime>1467374939</CreateTime>
<MsgType><![CDATA[event]]></MsgType>
<Event><![CDATA[VIEW]]></Event>
<EventKey><![CDATA[http://www.9kpu.com/app/index.php?i=26&c=home&]]></EventKey>
<MenuId>442400791</MenuId>
</xml>

2016-07-01 20:08:59 params :
------------
Array:
rule : -2 ;
module :  ;
message : Array ;

2016-07-01 20:08:59 response :
------------

2016-07-01 20:10:50 trace :
------------
String:
<xml><ToUserName><![CDATA[gh_2a16c32dff4b]]></ToUserName>
<FromUserName><![CDATA[oZF73wFJmH_-f_NAJAOllcg9aRBM]]></FromUserName>
<CreateTime>1467375050</CreateTime>
<MsgType><![CDATA[event]]></MsgType>
<Event><![CDATA[unsubscribe]]></Event>
<EventKey><![CDATA[]]></EventKey>
</xml>

