2016-04-12 07:06:36 trace :
------------
String:
<xml><ToUserName><![CDATA[gh_2157a6c86a35]]></ToUserName>
<FromUserName><![CDATA[oEcottw7qP2pciewrM5tmFvI8As4]]></FromUserName>
<CreateTime>1460415996</CreateTime>
<MsgType><![CDATA[event]]></MsgType>
<Event><![CDATA[TEMPLATESENDJOBFINISH]]></Event>
<MsgID>402895105</MsgID>
<Status><![CDATA[success]]></Status>
</xml>

2016-04-12 07:06:36 params :
------------
Array:
rule : -2 ;
module :  ;
message : Array ;

2016-04-12 07:06:36 response :
------------

2016-04-12 07:28:33 trace :
------------
String:
<xml><ToUserName><![CDATA[gh_2157a6c86a35]]></ToUserName>
<FromUserName><![CDATA[oEcottweuKMCfyRDSq_VzSWdhHL4]]></FromUserName>
<CreateTime>1460417313</CreateTime>
<MsgType><![CDATA[event]]></MsgType>
<Event><![CDATA[TEMPLATESENDJOBFINISH]]></Event>
<MsgID>402895175</MsgID>
<Status><![CDATA[success]]></Status>
</xml>

2016-04-12 07:28:33 params :
------------
Array:
rule : -2 ;
module :  ;
message : Array ;

2016-04-12 07:28:33 response :
------------

2016-04-12 07:33:25 trace :
------------
String:
<xml><ToUserName><![CDATA[gh_2157a6c86a35]]></ToUserName>
<FromUserName><![CDATA[oEcott-Gft4vv4qG56uwiyofjGHg]]></FromUserName>
<CreateTime>1460417605</CreateTime>
<MsgType><![CDATA[event]]></MsgType>
<Event><![CDATA[TEMPLATESENDJOBFINISH]]></Event>
<MsgID>402895614</MsgID>
<Status><![CDATA[success]]></Status>
</xml>

2016-04-12 07:33:25 params :
------------
Array:
rule : -2 ;
module :  ;
message : Array ;

2016-04-12 07:33:25 response :
------------

2016-04-12 07:49:49 trace :
------------
String:
<xml><ToUserName><![CDATA[gh_2157a6c86a35]]></ToUserName>
<FromUserName><![CDATA[oEcottwdRSG6HkIZwvuQXqa3QKng]]></FromUserName>
<CreateTime>1460418589</CreateTime>
<MsgType><![CDATA[event]]></MsgType>
<Event><![CDATA[TEMPLATESENDJOBFINISH]]></Event>
<MsgID>402895721</MsgID>
<Status><![CDATA[success]]></Status>
</xml>

2016-04-12 07:49:49 params :
------------
Array:
rule : -2 ;
module :  ;
message : Array ;

2016-04-12 07:49:49 response :
------------

2016-04-12 08:05:00 trace :
------------
String:
<xml><ToUserName><![CDATA[gh_2157a6c86a35]]></ToUserName>
<FromUserName><![CDATA[oEcott8j6IUHePzxE_Daw_DYK8eM]]></FromUserName>
<CreateTime>1460419500</CreateTime>
<MsgType><![CDATA[event]]></MsgType>
<Event><![CDATA[TEMPLATESENDJOBFINISH]]></Event>
<MsgID>402895867</MsgID>
<Status><![CDATA[success]]></Status>
</xml>

2016-04-12 08:05:00 params :
------------
Array:
rule : -2 ;
module :  ;
message : Array ;

2016-04-12 08:05:00 response :
------------

2016-04-12 08:06:16 trace :
------------
String:
<xml><ToUserName><![CDATA[gh_2157a6c86a35]]></ToUserName>
<FromUserName><![CDATA[oEcott7ShK4TAzzs-r2z7vxof71E]]></FromUserName>
<CreateTime>1460419576</CreateTime>
<MsgType><![CDATA[event]]></MsgType>
<Event><![CDATA[TEMPLATESENDJOBFINISH]]></Event>
<MsgID>402895884</MsgID>
<Status><![CDATA[success]]></Status>
</xml>

2016-04-12 08:06:16 params :
------------
Array:
rule : -2 ;
module :  ;
message : Array ;

2016-04-12 08:06:16 response :
------------

2016-04-12 08:07:58 trace :
------------
String:
<xml><ToUserName><![CDATA[gh_2157a6c86a35]]></ToUserName>
<FromUserName><![CDATA[oEcottyNJ25zzQtzEyNqnQxM1MOA]]></FromUserName>
<CreateTime>1460419678</CreateTime>
<MsgType><![CDATA[event]]></MsgType>
<Event><![CDATA[TEMPLATESENDJOBFINISH]]></Event>
<MsgID>402895911</MsgID>
<Status><![CDATA[success]]></Status>
</xml>

2016-04-12 08:07:58 params :
------------
Array:
rule : -2 ;
module :  ;
message : Array ;

2016-04-12 08:07:58 response :
------------

2016-04-12 08:09:34 trace :
------------
String:
<xml><ToUserName><![CDATA[gh_2157a6c86a35]]></ToUserName>
<FromUserName><![CDATA[oEcottzBLHgNZQimwE8XOIsT1IY0]]></FromUserName>
<CreateTime>1460419774</CreateTime>
<MsgType><![CDATA[event]]></MsgType>
<Event><![CDATA[TEMPLATESENDJOBFINISH]]></Event>
<MsgID>402895928</MsgID>
<Status><![CDATA[success]]></Status>
</xml>

2016-04-12 08:09:34 params :
------------
Array:
rule : -2 ;
module :  ;
message : Array ;

2016-04-12 08:09:34 response :
------------

2016-04-12 08:10:06 trace :
------------
String:
<xml><ToUserName><![CDATA[gh_2157a6c86a35]]></ToUserName>
<FromUserName><![CDATA[oEcott84pU16wJT6ChwWpKVayVsQ]]></FromUserName>
<CreateTime>1460419806</CreateTime>
<MsgType><![CDATA[event]]></MsgType>
<Event><![CDATA[TEMPLATESENDJOBFINISH]]></Event>
<MsgID>402895934</MsgID>
<Status><![CDATA[success]]></Status>
</xml>

2016-04-12 08:10:06 params :
------------
Array:
rule : -2 ;
module :  ;
message : Array ;

2016-04-12 08:10:06 response :
------------

2016-04-12 08:11:55 trace :
------------
String:
<xml><ToUserName><![CDATA[gh_2157a6c86a35]]></ToUserName>
<FromUserName><![CDATA[oEcott-O08EqTyB2vYvWY1DM_DPw]]></FromUserName>
<CreateTime>1460419915</CreateTime>
<MsgType><![CDATA[event]]></MsgType>
<Event><![CDATA[TEMPLATESENDJOBFINISH]]></Event>
<MsgID>402895951</MsgID>
<Status><![CDATA[success]]></Status>
</xml>

2016-04-12 08:11:55 params :
------------
Array:
rule : -2 ;
module :  ;
message : Array ;

2016-04-12 08:11:55 response :
------------

2016-04-12 08:12:12 trace :
------------
String:
<xml><ToUserName><![CDATA[gh_2157a6c86a35]]></ToUserName>
<FromUserName><![CDATA[oEcott-ABRgmooGIBYo6pfmvHqa8]]></FromUserName>
<CreateTime>1460419932</CreateTime>
<MsgType><![CDATA[event]]></MsgType>
<Event><![CDATA[TEMPLATESENDJOBFINISH]]></Event>
<MsgID>402895952</MsgID>
<Status><![CDATA[success]]></Status>
</xml>

2016-04-12 08:12:12 params :
------------
Array:
rule : -2 ;
module :  ;
message : Array ;

2016-04-12 08:12:12 response :
------------

2016-04-12 08:12:49 trace :
------------
String:
<xml><ToUserName><![CDATA[gh_2157a6c86a35]]></ToUserName>
<FromUserName><![CDATA[oEcotty9Hy_CUxbMI7Ce1okwOCpk]]></FromUserName>
<CreateTime>1460419969</CreateTime>
<MsgType><![CDATA[event]]></MsgType>
<Event><![CDATA[TEMPLATESENDJOBFINISH]]></Event>
<MsgID>402895957</MsgID>
<Status><![CDATA[success]]></Status>
</xml>

2016-04-12 08:12:49 params :
------------
Array:
rule : -2 ;
module :  ;
message : Array ;

2016-04-12 08:12:49 response :
------------

2016-04-12 08:14:16 trace :
------------
String:
<xml><ToUserName><![CDATA[gh_2157a6c86a35]]></ToUserName>
<FromUserName><![CDATA[oEcottzrsY0hiIxBYE3CK2zp6WYY]]></FromUserName>
<CreateTime>1460420056</CreateTime>
<MsgType><![CDATA[event]]></MsgType>
<Event><![CDATA[TEMPLATESENDJOBFINISH]]></Event>
<MsgID>402895978</MsgID>
<Status><![CDATA[success]]></Status>
</xml>

2016-04-12 08:14:16 params :
------------
Array:
rule : -2 ;
module :  ;
message : Array ;

2016-04-12 08:14:16 response :
------------

2016-04-12 08:17:42 trace :
------------
String:
<xml><ToUserName><![CDATA[gh_2157a6c86a35]]></ToUserName>
<FromUserName><![CDATA[oEcott3J9KhtJb00_3ga_Kkmz2wo]]></FromUserName>
<CreateTime>1460420262</CreateTime>
<MsgType><![CDATA[event]]></MsgType>
<Event><![CDATA[TEMPLATESENDJOBFINISH]]></Event>
<MsgID>402896030</MsgID>
<Status><![CDATA[success]]></Status>
</xml>

2016-04-12 08:17:42 params :
------------
Array:
rule : -2 ;
module :  ;
message : Array ;

2016-04-12 08:17:42 response :
------------

2016-04-12 08:20:41 trace :
------------
String:
<xml><ToUserName><![CDATA[gh_2157a6c86a35]]></ToUserName>
<FromUserName><![CDATA[oEcott9ljw-R0nLqj9w8n9-Ki3fk]]></FromUserName>
<CreateTime>1460420441</CreateTime>
<MsgType><![CDATA[event]]></MsgType>
<Event><![CDATA[TEMPLATESENDJOBFINISH]]></Event>
<MsgID>402896071</MsgID>
<Status><![CDATA[success]]></Status>
</xml>

2016-04-12 08:20:41 params :
------------
Array:
rule : -2 ;
module :  ;
message : Array ;

2016-04-12 08:20:41 response :
------------

2016-04-12 08:23:26 trace :
------------
String:
<xml><ToUserName><![CDATA[gh_2157a6c86a35]]></ToUserName>
<FromUserName><![CDATA[oEcott8QzR6FuIfbjGYBlK2rCCjY]]></FromUserName>
<CreateTime>1460420606</CreateTime>
<MsgType><![CDATA[event]]></MsgType>
<Event><![CDATA[TEMPLATESENDJOBFINISH]]></Event>
<MsgID>402896104</MsgID>
<Status><![CDATA[success]]></Status>
</xml>

2016-04-12 08:23:26 params :
------------
Array:
rule : -2 ;
module :  ;
message : Array ;

2016-04-12 08:23:26 response :
------------

2016-04-12 08:25:48 trace :
------------
String:
<xml><ToUserName><![CDATA[gh_2157a6c86a35]]></ToUserName>
<FromUserName><![CDATA[oEcottwVEJ256h6vTGhxIdtgmqfM]]></FromUserName>
<CreateTime>1460420748</CreateTime>
<MsgType><![CDATA[event]]></MsgType>
<Event><![CDATA[TEMPLATESENDJOBFINISH]]></Event>
<MsgID>402896127</MsgID>
<Status><![CDATA[success]]></Status>
</xml>

2016-04-12 08:25:48 params :
------------
Array:
rule : -2 ;
module :  ;
message : Array ;

2016-04-12 08:25:48 response :
------------

2016-04-12 08:27:01 trace :
------------
String:
<xml><ToUserName><![CDATA[gh_2157a6c86a35]]></ToUserName>
<FromUserName><![CDATA[oEcott82FheWLXY2ft9sHxcV1YYQ]]></FromUserName>
<CreateTime>1460420821</CreateTime>
<MsgType><![CDATA[event]]></MsgType>
<Event><![CDATA[TEMPLATESENDJOBFINISH]]></Event>
<MsgID>402896135</MsgID>
<Status><![CDATA[success]]></Status>
</xml>

2016-04-12 08:27:01 params :
------------
Array:
rule : -2 ;
module :  ;
message : Array ;

2016-04-12 08:27:01 response :
------------

2016-04-12 08:27:35 trace :
------------
String:
<xml><ToUserName><![CDATA[gh_2157a6c86a35]]></ToUserName>
<FromUserName><![CDATA[oEcott0BYGm77xwFerCfTO68jYpE]]></FromUserName>
<CreateTime>1460420855</CreateTime>
<MsgType><![CDATA[event]]></MsgType>
<Event><![CDATA[TEMPLATESENDJOBFINISH]]></Event>
<MsgID>402896140</MsgID>
<Status><![CDATA[success]]></Status>
</xml>

2016-04-12 08:27:35 params :
------------
Array:
rule : -2 ;
module :  ;
message : Array ;

2016-04-12 08:27:35 response :
------------

2016-04-12 08:28:18 trace :
------------
String:
<xml><ToUserName><![CDATA[gh_2157a6c86a35]]></ToUserName>
<FromUserName><![CDATA[oEcottxty6YaSaSyWDPLhYWgCpEo]]></FromUserName>
<CreateTime>1460420898</CreateTime>
<MsgType><![CDATA[event]]></MsgType>
<Event><![CDATA[TEMPLATESENDJOBFINISH]]></Event>
<MsgID>402896149</MsgID>
<Status><![CDATA[success]]></Status>
</xml>

2016-04-12 08:28:18 params :
------------
Array:
rule : -2 ;
module :  ;
message : Array ;

2016-04-12 08:28:18 response :
------------

2016-04-12 08:30:19 trace :
------------
String:
<xml><ToUserName><![CDATA[gh_2157a6c86a35]]></ToUserName>
<FromUserName><![CDATA[oEcottwW2YU7yp_kBQarnTzqdlEs]]></FromUserName>
<CreateTime>1460421019</CreateTime>
<MsgType><![CDATA[event]]></MsgType>
<Event><![CDATA[TEMPLATESENDJOBFINISH]]></Event>
<MsgID>402896163</MsgID>
<Status><![CDATA[success]]></Status>
</xml>

2016-04-12 08:30:19 params :
------------
Array:
rule : -2 ;
module :  ;
message : Array ;

2016-04-12 08:30:19 response :
------------

2016-04-12 08:30:41 trace :
------------
String:
<xml><ToUserName><![CDATA[gh_2157a6c86a35]]></ToUserName>
<FromUserName><![CDATA[oEcott5JI0hsdoCxNPA10KHiY1kA]]></FromUserName>
<CreateTime>1460421041</CreateTime>
<MsgType><![CDATA[event]]></MsgType>
<Event><![CDATA[TEMPLATESENDJOBFINISH]]></Event>
<MsgID>402896166</MsgID>
<Status><![CDATA[success]]></Status>
</xml>

2016-04-12 08:30:41 params :
------------
Array:
rule : -2 ;
module :  ;
message : Array ;

2016-04-12 08:30:41 response :
------------

2016-04-12 08:30:49 trace :
------------
String:
<xml><ToUserName><![CDATA[gh_2157a6c86a35]]></ToUserName>
<FromUserName><![CDATA[oEcottwAqWW9x8Wo1YdwPF4SIpbs]]></FromUserName>
<CreateTime>1460421049</CreateTime>
<MsgType><![CDATA[event]]></MsgType>
<Event><![CDATA[TEMPLATESENDJOBFINISH]]></Event>
<MsgID>402896168</MsgID>
<Status><![CDATA[success]]></Status>
</xml>

2016-04-12 08:30:49 params :
------------
Array:
rule : -2 ;
module :  ;
message : Array ;

2016-04-12 08:30:49 response :
------------

2016-04-12 08:31:19 trace :
------------
String:
<xml><ToUserName><![CDATA[gh_2157a6c86a35]]></ToUserName>
<FromUserName><![CDATA[oEcott635Povl9tOo6clkek3iiWI]]></FromUserName>
<CreateTime>1460421079</CreateTime>
<MsgType><![CDATA[event]]></MsgType>
<Event><![CDATA[TEMPLATESENDJOBFINISH]]></Event>
<MsgID>402896172</MsgID>
<Status><![CDATA[success]]></Status>
</xml>

2016-04-12 08:31:19 params :
------------
Array:
rule : -2 ;
module :  ;
message : Array ;

2016-04-12 08:31:19 response :
------------

2016-04-12 08:31:58 trace :
------------
String:
<xml><ToUserName><![CDATA[gh_2157a6c86a35]]></ToUserName>
<FromUserName><![CDATA[oEcott_HC4Mi8y5j3sFlJBgqhd9E]]></FromUserName>
<CreateTime>1460421118</CreateTime>
<MsgType><![CDATA[event]]></MsgType>
<Event><![CDATA[TEMPLATESENDJOBFINISH]]></Event>
<MsgID>402896183</MsgID>
<Status><![CDATA[success]]></Status>
</xml>

2016-04-12 08:31:58 params :
------------
Array:
rule : -2 ;
module :  ;
message : Array ;

2016-04-12 08:31:58 response :
------------

2016-04-12 08:32:33 trace :
------------
String:
<xml><ToUserName><![CDATA[gh_2157a6c86a35]]></ToUserName>
<FromUserName><![CDATA[oEcott9F4fGtmM3DjKaM0uhQry4o]]></FromUserName>
<CreateTime>1460421153</CreateTime>
<MsgType><![CDATA[event]]></MsgType>
<Event><![CDATA[TEMPLATESENDJOBFINISH]]></Event>
<MsgID>402896187</MsgID>
<Status><![CDATA[success]]></Status>
</xml>

2016-04-12 08:32:33 params :
------------
Array:
rule : -2 ;
module :  ;
message : Array ;

2016-04-12 08:32:33 response :
------------

2016-04-12 08:33:05 trace :
------------
String:
<xml><ToUserName><![CDATA[gh_2157a6c86a35]]></ToUserName>
<FromUserName><![CDATA[oEcott_TScLOOrncqPhtzglnYENA]]></FromUserName>
<CreateTime>1460421185</CreateTime>
<MsgType><![CDATA[event]]></MsgType>
<Event><![CDATA[TEMPLATESENDJOBFINISH]]></Event>
<MsgID>402896197</MsgID>
<Status><![CDATA[success]]></Status>
</xml>

2016-04-12 08:33:05 params :
------------
Array:
rule : -2 ;
module :  ;
message : Array ;

2016-04-12 08:33:05 response :
------------

2016-04-12 08:33:48 trace :
------------
String:
<xml><ToUserName><![CDATA[gh_2157a6c86a35]]></ToUserName>
<FromUserName><![CDATA[oEcott70voayiiyG-DpyHj7M30_4]]></FromUserName>
<CreateTime>1460421229</CreateTime>
<MsgType><![CDATA[event]]></MsgType>
<Event><![CDATA[TEMPLATESENDJOBFINISH]]></Event>
<MsgID>402896203</MsgID>
<Status><![CDATA[success]]></Status>
</xml>

2016-04-12 08:33:48 params :
------------
Array:
rule : -2 ;
module :  ;
message : Array ;

2016-04-12 08:33:48 response :
------------

2016-04-12 08:34:00 trace :
------------
String:
<xml><ToUserName><![CDATA[gh_2157a6c86a35]]></ToUserName>
<FromUserName><![CDATA[oEcott5b5wbU8rzCcze6w7sk3ZCE]]></FromUserName>
<CreateTime>1460421239</CreateTime>
<MsgType><![CDATA[event]]></MsgType>
<Event><![CDATA[TEMPLATESENDJOBFINISH]]></Event>
<MsgID>402896205</MsgID>
<Status><![CDATA[success]]></Status>
</xml>

2016-04-12 08:34:00 params :
------------
Array:
rule : -2 ;
module :  ;
message : Array ;

2016-04-12 08:34:00 response :
------------

2016-04-12 08:37:42 trace :
------------
String:
<xml><ToUserName><![CDATA[gh_2157a6c86a35]]></ToUserName>
<FromUserName><![CDATA[oEcottyilUy5tLd8vANXKGPG4EcA]]></FromUserName>
<CreateTime>1460421462</CreateTime>
<MsgType><![CDATA[event]]></MsgType>
<Event><![CDATA[TEMPLATESENDJOBFINISH]]></Event>
<MsgID>402896230</MsgID>
<Status><![CDATA[success]]></Status>
</xml>

2016-04-12 08:37:42 params :
------------
Array:
rule : -2 ;
module :  ;
message : Array ;

2016-04-12 08:37:42 response :
------------

2016-04-12 08:39:05 trace :
------------
String:
<xml><ToUserName><![CDATA[gh_2157a6c86a35]]></ToUserName>
<FromUserName><![CDATA[oEcott8bXNlBO-pF9t-0J1dTDGPs]]></FromUserName>
<CreateTime>1460421545</CreateTime>
<MsgType><![CDATA[event]]></MsgType>
<Event><![CDATA[TEMPLATESENDJOBFINISH]]></Event>
<MsgID>402896248</MsgID>
<Status><![CDATA[success]]></Status>
</xml>

2016-04-12 08:39:05 params :
------------
Array:
rule : -2 ;
module :  ;
message : Array ;

2016-04-12 08:39:05 response :
------------

2016-04-12 08:40:25 trace :
------------
String:
<xml><ToUserName><![CDATA[gh_2157a6c86a35]]></ToUserName>
<FromUserName><![CDATA[oEcott2dwp2nY9k0xvuKyswBnhkQ]]></FromUserName>
<CreateTime>1460421625</CreateTime>
<MsgType><![CDATA[event]]></MsgType>
<Event><![CDATA[TEMPLATESENDJOBFINISH]]></Event>
<MsgID>402896257</MsgID>
<Status><![CDATA[success]]></Status>
</xml>

2016-04-12 08:40:25 params :
------------
Array:
rule : -2 ;
module :  ;
message : Array ;

2016-04-12 08:40:25 response :
------------

2016-04-12 08:48:28 trace :
------------
String:
<xml><ToUserName><![CDATA[gh_2157a6c86a35]]></ToUserName>
<FromUserName><![CDATA[oEcottw-XpAyVDw19kaEaIYggcQM]]></FromUserName>
<CreateTime>1460422108</CreateTime>
<MsgType><![CDATA[event]]></MsgType>
<Event><![CDATA[TEMPLATESENDJOBFINISH]]></Event>
<MsgID>402896385</MsgID>
<Status><![CDATA[success]]></Status>
</xml>

2016-04-12 08:48:28 params :
------------
Array:
rule : -2 ;
module :  ;
message : Array ;

2016-04-12 08:48:28 response :
------------

2016-04-12 09:00:55 trace :
------------
String:
<xml><ToUserName><![CDATA[gh_2157a6c86a35]]></ToUserName>
<FromUserName><![CDATA[oEcottwaQKPAhCbvBdG29Qt7Ip-E]]></FromUserName>
<CreateTime>1460422855</CreateTime>
<MsgType><![CDATA[event]]></MsgType>
<Event><![CDATA[TEMPLATESENDJOBFINISH]]></Event>
<MsgID>402896510</MsgID>
<Status><![CDATA[success]]></Status>
</xml>

2016-04-12 09:00:55 params :
------------
Array:
rule : -2 ;
module :  ;
message : Array ;

2016-04-12 09:00:55 response :
------------

2016-04-12 09:01:42 trace :
------------
String:
<xml><ToUserName><![CDATA[gh_2157a6c86a35]]></ToUserName>
<FromUserName><![CDATA[oEcott8-fHoACFiURkUXBYRZHEro]]></FromUserName>
<CreateTime>1460422902</CreateTime>
<MsgType><![CDATA[event]]></MsgType>
<Event><![CDATA[TEMPLATESENDJOBFINISH]]></Event>
<MsgID>402896516</MsgID>
<Status><![CDATA[success]]></Status>
</xml>

2016-04-12 09:01:42 params :
------------
Array:
rule : -2 ;
module :  ;
message : Array ;

2016-04-12 09:01:42 response :
------------

2016-04-12 09:10:28 trace :
------------
String:
<xml><ToUserName><![CDATA[gh_2157a6c86a35]]></ToUserName>
<FromUserName><![CDATA[oEcottwUAPs9DpzF09MOdy_19fZQ]]></FromUserName>
<CreateTime>1460423428</CreateTime>
<MsgType><![CDATA[event]]></MsgType>
<Event><![CDATA[TEMPLATESENDJOBFINISH]]></Event>
<MsgID>402896619</MsgID>
<Status><![CDATA[success]]></Status>
</xml>

2016-04-12 09:10:28 params :
------------
Array:
rule : -2 ;
module :  ;
message : Array ;

2016-04-12 09:10:28 response :
------------

2016-04-12 09:12:46 trace :
------------
String:
<xml><ToUserName><![CDATA[gh_2157a6c86a35]]></ToUserName>
<FromUserName><![CDATA[oEcottwqUGE1u3b5ckvGD0KWlBl8]]></FromUserName>
<CreateTime>1460423566</CreateTime>
<MsgType><![CDATA[event]]></MsgType>
<Event><![CDATA[TEMPLATESENDJOBFINISH]]></Event>
<MsgID>402896641</MsgID>
<Status><![CDATA[success]]></Status>
</xml>

2016-04-12 09:12:46 params :
------------
Array:
rule : -2 ;
module :  ;
message : Array ;

2016-04-12 09:12:46 response :
------------

2016-04-12 09:15:03 trace :
------------
String:
<xml><ToUserName><![CDATA[gh_2157a6c86a35]]></ToUserName>
<FromUserName><![CDATA[oEcott52uezBMOS2iT-RAS8H9OZE]]></FromUserName>
<CreateTime>1460423703</CreateTime>
<MsgType><![CDATA[event]]></MsgType>
<Event><![CDATA[TEMPLATESENDJOBFINISH]]></Event>
<MsgID>402896677</MsgID>
<Status><![CDATA[success]]></Status>
</xml>

2016-04-12 09:15:03 params :
------------
Array:
rule : -2 ;
module :  ;
message : Array ;

2016-04-12 09:15:03 response :
------------

2016-04-12 09:31:33 trace :
------------
String:
<xml><ToUserName><![CDATA[gh_2157a6c86a35]]></ToUserName>
<FromUserName><![CDATA[oEcott5JBy_cI3HgnkPVqsrHbWso]]></FromUserName>
<CreateTime>1460424693</CreateTime>
<MsgType><![CDATA[event]]></MsgType>
<Event><![CDATA[TEMPLATESENDJOBFINISH]]></Event>
<MsgID>402896888</MsgID>
<Status><![CDATA[success]]></Status>
</xml>

2016-04-12 09:31:33 params :
------------
Array:
rule : -2 ;
module :  ;
message : Array ;

2016-04-12 09:31:33 response :
------------

2016-04-12 10:35:55 trace :
------------
String:
<xml><ToUserName><![CDATA[gh_2157a6c86a35]]></ToUserName>
<FromUserName><![CDATA[oEcott8LYOcE5HnzB6S3mfh35xrU]]></FromUserName>
<CreateTime>1460428555</CreateTime>
<MsgType><![CDATA[event]]></MsgType>
<Event><![CDATA[unsubscribe]]></Event>
<EventKey><![CDATA[]]></EventKey>
</xml>

2016-04-12 10:36:08 trace :
------------
String:
<xml><ToUserName><![CDATA[gh_2157a6c86a35]]></ToUserName>
<FromUserName><![CDATA[oEcott3X8k9L_8WTQ9nt3sySoims]]></FromUserName>
<CreateTime>1460428568</CreateTime>
<MsgType><![CDATA[event]]></MsgType>
<Event><![CDATA[TEMPLATESENDJOBFINISH]]></Event>
<MsgID>402897639</MsgID>
<Status><![CDATA[success]]></Status>
</xml>

2016-04-12 10:36:08 params :
------------
Array:
rule : -2 ;
module :  ;
message : Array ;

2016-04-12 10:36:08 response :
------------

2016-04-12 14:30:47 trace :
------------
String:
<xml><ToUserName><![CDATA[gh_081ee8610e82]]></ToUserName>
<FromUserName><![CDATA[ohNDtvv8PDFqifacH9rwLYMejnDw]]></FromUserName>
<CreateTime>1460442647</CreateTime>
<MsgType><![CDATA[event]]></MsgType>
<Event><![CDATA[VIEW]]></Event>
<EventKey><![CDATA[http://m.igrow.cn/m/school/website/1390]]></EventKey>
<MenuId>402697403</MenuId>
</xml>

2016-04-12 14:30:47 params :
------------
Array:
message : Array ;
module : basic ;
rule : 13 ;
priority : 0 ;
keyword : Array ;

2016-04-12 14:30:47 response :
------------
Array:
FromUserName : gh_081ee8610e82 ;
ToUserName : ohNDtvv8PDFqifacH9rwLYMejnDw ;
MsgType : text ;
Content : 等你好久了，智慧微校欢迎您。如果您是来逛逛的，请点开微官网查看我们学校的介绍信息。如果您是家长，请点开学生中心，用您家孩子姓名与学号绑定，就可尽情使用微校功能。如果您是老师，请点开微办公，用系统分配的账号与密码完成绑定，使用微校完成家校互动。 ;

2016-04-12 14:30:59 trace :
------------
String:
<xml><ToUserName><![CDATA[gh_081ee8610e82]]></ToUserName>
<FromUserName><![CDATA[ohNDtvv8PDFqifacH9rwLYMejnDw]]></FromUserName>
<CreateTime>1460442659</CreateTime>
<MsgType><![CDATA[event]]></MsgType>
<Event><![CDATA[VIEW]]></Event>
<EventKey><![CDATA[http://m.igrow.cn/m/school/website/1390]]></EventKey>
<MenuId>402697403</MenuId>
</xml>

2016-04-12 14:30:59 params :
------------
Array:
message : Array ;
module : basic ;
rule : 13 ;
priority : 0 ;
keyword : Array ;

2016-04-12 14:30:59 response :
------------
Array:
FromUserName : gh_081ee8610e82 ;
ToUserName : ohNDtvv8PDFqifacH9rwLYMejnDw ;
MsgType : text ;
Content : 等你好久了，智慧微校欢迎您。如果您是来逛逛的，请点开微官网查看我们学校的介绍信息。如果您是家长，请点开学生中心，用您家孩子姓名与学号绑定，就可尽情使用微校功能。如果您是老师，请点开微办公，用系统分配的账号与密码完成绑定，使用微校完成家校互动。 ;

2016-04-12 14:31:21 trace :
------------
String:
<xml><ToUserName><![CDATA[gh_081ee8610e82]]></ToUserName>
<FromUserName><![CDATA[ohNDtvv8PDFqifacH9rwLYMejnDw]]></FromUserName>
<CreateTime>1460442681</CreateTime>
<MsgType><![CDATA[event]]></MsgType>
<Event><![CDATA[VIEW]]></Event>
<EventKey><![CDATA[http://www.9kpu.com/app/index.php?i=4&c=entry&eid=1]]></EventKey>
<MenuId>402697403</MenuId>
</xml>

2016-04-12 14:31:21 params :
------------
Array:
message : Array ;
module : basic ;
rule : 13 ;
priority : 0 ;
keyword : Array ;

2016-04-12 14:31:21 response :
------------
Array:
FromUserName : gh_081ee8610e82 ;
ToUserName : ohNDtvv8PDFqifacH9rwLYMejnDw ;
MsgType : text ;
Content : 等你好久了，智慧微校欢迎您。如果您是来逛逛的，请点开微官网查看我们学校的介绍信息。如果您是家长，请点开学生中心，用您家孩子姓名与学号绑定，就可尽情使用微校功能。如果您是老师，请点开微办公，用系统分配的账号与密码完成绑定，使用微校完成家校互动。 ;

2016-04-12 14:37:35 trace :
------------
String:
<xml><ToUserName><![CDATA[gh_081ee8610e82]]></ToUserName>
<FromUserName><![CDATA[ohNDtvv8PDFqifacH9rwLYMejnDw]]></FromUserName>
<CreateTime>1460443054</CreateTime>
<MsgType><![CDATA[event]]></MsgType>
<Event><![CDATA[VIEW]]></Event>
<EventKey><![CDATA[http://www.9kpu.com/app/index.php?i=4&c=entry&eid=2]]></EventKey>
<MenuId>402697403</MenuId>
</xml>

2016-04-12 14:37:35 params :
------------
Array:
message : Array ;
module : basic ;
rule : 13 ;
priority : 0 ;
keyword : Array ;

2016-04-12 14:37:35 response :
------------
Array:
FromUserName : gh_081ee8610e82 ;
ToUserName : ohNDtvv8PDFqifacH9rwLYMejnDw ;
MsgType : text ;
Content : 等你好久了，智慧微校欢迎您。如果您是来逛逛的，请点开微官网查看我们学校的介绍信息。如果您是家长，请点开学生中心，用您家孩子姓名与学号绑定，就可尽情使用微校功能。如果您是老师，请点开微办公，用系统分配的账号与密码完成绑定，使用微校完成家校互动。 ;

2016-04-12 14:37:39 trace :
------------
String:
<xml><ToUserName><![CDATA[gh_081ee8610e82]]></ToUserName>
<FromUserName><![CDATA[ohNDtvv8PDFqifacH9rwLYMejnDw]]></FromUserName>
<CreateTime>1460443059</CreateTime>
<MsgType><![CDATA[event]]></MsgType>
<Event><![CDATA[VIEW]]></Event>
<EventKey><![CDATA[http://www.9kpu.com/app/index.php?i=4&c=entry&eid=1]]></EventKey>
<MenuId>402697403</MenuId>
</xml>

2016-04-12 14:37:39 params :
------------
Array:
message : Array ;
module : basic ;
rule : 13 ;
priority : 0 ;
keyword : Array ;

2016-04-12 14:37:39 response :
------------
Array:
FromUserName : gh_081ee8610e82 ;
ToUserName : ohNDtvv8PDFqifacH9rwLYMejnDw ;
MsgType : text ;
Content : 等你好久了，智慧微校欢迎您。如果您是来逛逛的，请点开微官网查看我们学校的介绍信息。如果您是家长，请点开学生中心，用您家孩子姓名与学号绑定，就可尽情使用微校功能。如果您是老师，请点开微办公，用系统分配的账号与密码完成绑定，使用微校完成家校互动。 ;

2016-04-12 14:38:40 trace :
------------
String:
<xml><ToUserName><![CDATA[gh_081ee8610e82]]></ToUserName>
<FromUserName><![CDATA[ohNDtvv8PDFqifacH9rwLYMejnDw]]></FromUserName>
<CreateTime>1460443120</CreateTime>
<MsgType><![CDATA[event]]></MsgType>
<Event><![CDATA[VIEW]]></Event>
<EventKey><![CDATA[http://www.9kpu.com/app/index.php?i=4&c=entry&eid=2]]></EventKey>
<MenuId>402697403</MenuId>
</xml>

2016-04-12 14:38:40 params :
------------
Array:
message : Array ;
module : basic ;
rule : 13 ;
priority : 0 ;
keyword : Array ;

2016-04-12 14:38:40 response :
------------
Array:
FromUserName : gh_081ee8610e82 ;
ToUserName : ohNDtvv8PDFqifacH9rwLYMejnDw ;
MsgType : text ;
Content : 等你好久了，智慧微校欢迎您。如果您是来逛逛的，请点开微官网查看我们学校的介绍信息。如果您是家长，请点开学生中心，用您家孩子姓名与学号绑定，就可尽情使用微校功能。如果您是老师，请点开微办公，用系统分配的账号与密码完成绑定，使用微校完成家校互动。 ;

2016-04-12 14:40:03 trace :
------------
String:
<xml><ToUserName><![CDATA[gh_081ee8610e82]]></ToUserName>
<FromUserName><![CDATA[ohNDtvv8PDFqifacH9rwLYMejnDw]]></FromUserName>
<CreateTime>1460443203</CreateTime>
<MsgType><![CDATA[event]]></MsgType>
<Event><![CDATA[VIEW]]></Event>
<EventKey><![CDATA[http://m.igrow.cn/m/school/website/1390]]></EventKey>
<MenuId>402697403</MenuId>
</xml>

2016-04-12 14:40:03 params :
------------
Array:
message : Array ;
module : basic ;
rule : 13 ;
priority : 0 ;
keyword : Array ;

2016-04-12 14:40:03 response :
------------
Array:
FromUserName : gh_081ee8610e82 ;
ToUserName : ohNDtvv8PDFqifacH9rwLYMejnDw ;
MsgType : text ;
Content : 等你好久了，智慧微校欢迎您。如果您是来逛逛的，请点开微官网查看我们学校的介绍信息。如果您是家长，请点开学生中心，用您家孩子姓名与学号绑定，就可尽情使用微校功能。如果您是老师，请点开微办公，用系统分配的账号与密码完成绑定，使用微校完成家校互动。 ;

2016-04-12 15:07:57 trace :
------------
String:
<xml><ToUserName><![CDATA[gh_2157a6c86a35]]></ToUserName>
<FromUserName><![CDATA[oEcott-O08EqTyB2vYvWY1DM_DPw]]></FromUserName>
<CreateTime>1460444877</CreateTime>
<MsgType><![CDATA[event]]></MsgType>
<Event><![CDATA[TEMPLATESENDJOBFINISH]]></Event>
<MsgID>402900907</MsgID>
<Status><![CDATA[success]]></Status>
</xml>

2016-04-12 15:07:57 params :
------------
Array:
rule : -2 ;
module :  ;
message : Array ;

2016-04-12 15:07:57 response :
------------

2016-04-12 15:30:30 trace :
------------
String:
<xml><ToUserName><![CDATA[gh_2157a6c86a35]]></ToUserName>
<FromUserName><![CDATA[oEcott7ShK4TAzzs-r2z7vxof71E]]></FromUserName>
<CreateTime>1460446229</CreateTime>
<MsgType><![CDATA[event]]></MsgType>
<Event><![CDATA[TEMPLATESENDJOBFINISH]]></Event>
<MsgID>402901316</MsgID>
<Status><![CDATA[success]]></Status>
</xml>

2016-04-12 15:30:30 params :
------------
Array:
rule : -2 ;
module :  ;
message : Array ;

2016-04-12 15:30:30 response :
------------

2016-04-12 15:31:00 trace :
------------
String:
<xml><ToUserName><![CDATA[gh_2157a6c86a35]]></ToUserName>
<FromUserName><![CDATA[oEcottxty6YaSaSyWDPLhYWgCpEo]]></FromUserName>
<CreateTime>1460446260</CreateTime>
<MsgType><![CDATA[event]]></MsgType>
<Event><![CDATA[TEMPLATESENDJOBFINISH]]></Event>
<MsgID>402901324</MsgID>
<Status><![CDATA[success]]></Status>
</xml>

2016-04-12 15:31:00 params :
------------
Array:
rule : -2 ;
module :  ;
message : Array ;

2016-04-12 15:31:00 response :
------------

2016-04-12 15:31:22 trace :
------------
String:
<xml><ToUserName><![CDATA[gh_2157a6c86a35]]></ToUserName>
<FromUserName><![CDATA[oEcott8j6IUHePzxE_Daw_DYK8eM]]></FromUserName>
<CreateTime>1460446282</CreateTime>
<MsgType><![CDATA[event]]></MsgType>
<Event><![CDATA[TEMPLATESENDJOBFINISH]]></Event>
<MsgID>402901325</MsgID>
<Status><![CDATA[success]]></Status>
</xml>

2016-04-12 15:31:22 params :
------------
Array:
rule : -2 ;
module :  ;
message : Array ;

2016-04-12 15:31:22 response :
------------

2016-04-12 15:31:23 trace :
------------
String:
<xml><ToUserName><![CDATA[gh_2157a6c86a35]]></ToUserName>
<FromUserName><![CDATA[oEcott52uezBMOS2iT-RAS8H9OZE]]></FromUserName>
<CreateTime>1460446283</CreateTime>
<MsgType><![CDATA[event]]></MsgType>
<Event><![CDATA[TEMPLATESENDJOBFINISH]]></Event>
<MsgID>402901326</MsgID>
<Status><![CDATA[success]]></Status>
</xml>

2016-04-12 15:31:23 params :
------------
Array:
rule : -2 ;
module :  ;
message : Array ;

2016-04-12 15:31:23 response :
------------

2016-04-12 15:31:33 trace :
------------
String:
<xml><ToUserName><![CDATA[gh_2157a6c86a35]]></ToUserName>
<FromUserName><![CDATA[oEcottzBLHgNZQimwE8XOIsT1IY0]]></FromUserName>
<CreateTime>1460446293</CreateTime>
<MsgType><![CDATA[event]]></MsgType>
<Event><![CDATA[TEMPLATESENDJOBFINISH]]></Event>
<MsgID>402901328</MsgID>
<Status><![CDATA[success]]></Status>
</xml>

2016-04-12 15:31:33 params :
------------
Array:
rule : -2 ;
module :  ;
message : Array ;

2016-04-12 15:31:33 response :
------------

2016-04-12 15:31:46 trace :
------------
String:
<xml><ToUserName><![CDATA[gh_2157a6c86a35]]></ToUserName>
<FromUserName><![CDATA[oEcottw-XpAyVDw19kaEaIYggcQM]]></FromUserName>
<CreateTime>1460446306</CreateTime>
<MsgType><![CDATA[event]]></MsgType>
<Event><![CDATA[TEMPLATESENDJOBFINISH]]></Event>
<MsgID>402901329</MsgID>
<Status><![CDATA[success]]></Status>
</xml>

2016-04-12 15:31:46 params :
------------
Array:
rule : -2 ;
module :  ;
message : Array ;

2016-04-12 15:31:46 response :
------------

2016-04-12 15:32:26 trace :
------------
String:
<xml><ToUserName><![CDATA[gh_2157a6c86a35]]></ToUserName>
<FromUserName><![CDATA[oEcott5b5wbU8rzCcze6w7sk3ZCE]]></FromUserName>
<CreateTime>1460446346</CreateTime>
<MsgType><![CDATA[event]]></MsgType>
<Event><![CDATA[TEMPLATESENDJOBFINISH]]></Event>
<MsgID>402901337</MsgID>
<Status><![CDATA[success]]></Status>
</xml>

2016-04-12 15:32:26 params :
------------
Array:
rule : -2 ;
module :  ;
message : Array ;

2016-04-12 15:32:26 response :
------------

2016-04-12 15:33:07 trace :
------------
String:
<xml><ToUserName><![CDATA[gh_2157a6c86a35]]></ToUserName>
<FromUserName><![CDATA[oEcottwdRSG6HkIZwvuQXqa3QKng]]></FromUserName>
<CreateTime>1460446387</CreateTime>
<MsgType><![CDATA[event]]></MsgType>
<Event><![CDATA[TEMPLATESENDJOBFINISH]]></Event>
<MsgID>402901348</MsgID>
<Status><![CDATA[success]]></Status>
</xml>

2016-04-12 15:33:07 params :
------------
Array:
rule : -2 ;
module :  ;
message : Array ;

2016-04-12 15:33:07 response :
------------

2016-04-12 15:33:20 trace :
------------
String:
<xml><ToUserName><![CDATA[gh_2157a6c86a35]]></ToUserName>
<FromUserName><![CDATA[oEcott_HC4Mi8y5j3sFlJBgqhd9E]]></FromUserName>
<CreateTime>1460446400</CreateTime>
<MsgType><![CDATA[event]]></MsgType>
<Event><![CDATA[TEMPLATESENDJOBFINISH]]></Event>
<MsgID>402901349</MsgID>
<Status><![CDATA[success]]></Status>
</xml>

2016-04-12 15:33:20 params :
------------
Array:
rule : -2 ;
module :  ;
message : Array ;

2016-04-12 15:33:20 response :
------------

2016-04-12 15:33:51 trace :
------------
String:
<xml><ToUserName><![CDATA[gh_2157a6c86a35]]></ToUserName>
<FromUserName><![CDATA[oEcott_TScLOOrncqPhtzglnYENA]]></FromUserName>
<CreateTime>1460446431</CreateTime>
<MsgType><![CDATA[event]]></MsgType>
<Event><![CDATA[TEMPLATESENDJOBFINISH]]></Event>
<MsgID>402901354</MsgID>
<Status><![CDATA[success]]></Status>
</xml>

2016-04-12 15:33:51 params :
------------
Array:
rule : -2 ;
module :  ;
message : Array ;

2016-04-12 15:33:51 response :
------------

2016-04-12 15:34:00 trace :
------------
String:
<xml><ToUserName><![CDATA[gh_2157a6c86a35]]></ToUserName>
<FromUserName><![CDATA[oEcottweuKMCfyRDSq_VzSWdhHL4]]></FromUserName>
<CreateTime>1460446440</CreateTime>
<MsgType><![CDATA[event]]></MsgType>
<Event><![CDATA[TEMPLATESENDJOBFINISH]]></Event>
<MsgID>402901359</MsgID>
<Status><![CDATA[success]]></Status>
</xml>

2016-04-12 15:34:00 params :
------------
Array:
rule : -2 ;
module :  ;
message : Array ;

2016-04-12 15:34:00 response :
------------

2016-04-12 15:41:42 trace :
------------
String:
<xml><ToUserName><![CDATA[gh_2157a6c86a35]]></ToUserName>
<FromUserName><![CDATA[oEcott-Gft4vv4qG56uwiyofjGHg]]></FromUserName>
<CreateTime>1460446902</CreateTime>
<MsgType><![CDATA[event]]></MsgType>
<Event><![CDATA[TEMPLATESENDJOBFINISH]]></Event>
<MsgID>402901442</MsgID>
<Status><![CDATA[success]]></Status>
</xml>

2016-04-12 15:41:42 params :
------------
Array:
rule : -2 ;
module :  ;
message : Array ;

2016-04-12 15:41:42 response :
------------

2016-04-12 15:44:25 trace :
------------
String:
<xml><ToUserName><![CDATA[gh_2157a6c86a35]]></ToUserName>
<FromUserName><![CDATA[oEcott8bXNlBO-pF9t-0J1dTDGPs]]></FromUserName>
<CreateTime>1460447065</CreateTime>
<MsgType><![CDATA[event]]></MsgType>
<Event><![CDATA[TEMPLATESENDJOBFINISH]]></Event>
<MsgID>402901538</MsgID>
<Status><![CDATA[success]]></Status>
</xml>

2016-04-12 15:44:25 params :
------------
Array:
rule : -2 ;
module :  ;
message : Array ;

2016-04-12 15:44:25 response :
------------

2016-04-12 15:44:55 trace :
------------
String:
<xml><ToUserName><![CDATA[gh_2157a6c86a35]]></ToUserName>
<FromUserName><![CDATA[oEcottwqUGE1u3b5ckvGD0KWlBl8]]></FromUserName>
<CreateTime>1460447095</CreateTime>
<MsgType><![CDATA[event]]></MsgType>
<Event><![CDATA[TEMPLATESENDJOBFINISH]]></Event>
<MsgID>402901545</MsgID>
<Status><![CDATA[success]]></Status>
</xml>

2016-04-12 15:44:55 params :
------------
Array:
rule : -2 ;
module :  ;
message : Array ;

2016-04-12 15:44:55 response :
------------

2016-04-12 15:47:09 trace :
------------
String:
<xml><ToUserName><![CDATA[gh_2157a6c86a35]]></ToUserName>
<FromUserName><![CDATA[oEcott8QzR6FuIfbjGYBlK2rCCjY]]></FromUserName>
<CreateTime>1460447229</CreateTime>
<MsgType><![CDATA[event]]></MsgType>
<Event><![CDATA[TEMPLATESENDJOBFINISH]]></Event>
<MsgID>402901588</MsgID>
<Status><![CDATA[success]]></Status>
</xml>

2016-04-12 15:47:09 params :
------------
Array:
rule : -2 ;
module :  ;
message : Array ;

2016-04-12 15:47:09 response :
------------

2016-04-12 15:47:24 trace :
------------
String:
<xml><ToUserName><![CDATA[gh_2157a6c86a35]]></ToUserName>
<FromUserName><![CDATA[oEcottyilUy5tLd8vANXKGPG4EcA]]></FromUserName>
<CreateTime>1460447244</CreateTime>
<MsgType><![CDATA[event]]></MsgType>
<Event><![CDATA[TEMPLATESENDJOBFINISH]]></Event>
<MsgID>402901591</MsgID>
<Status><![CDATA[success]]></Status>
</xml>

2016-04-12 15:47:24 params :
------------
Array:
rule : -2 ;
module :  ;
message : Array ;

2016-04-12 15:47:24 response :
------------

2016-04-12 15:50:17 trace :
------------
String:
<xml><ToUserName><![CDATA[gh_2157a6c86a35]]></ToUserName>
<FromUserName><![CDATA[oEcottwVEJ256h6vTGhxIdtgmqfM]]></FromUserName>
<CreateTime>1460447417</CreateTime>
<MsgType><![CDATA[event]]></MsgType>
<Event><![CDATA[TEMPLATESENDJOBFINISH]]></Event>
<MsgID>402901649</MsgID>
<Status><![CDATA[success]]></Status>
</xml>

2016-04-12 15:50:17 params :
------------
Array:
rule : -2 ;
module :  ;
message : Array ;

2016-04-12 15:50:17 response :
------------

2016-04-12 15:50:51 trace :
------------
String:
<xml><ToUserName><![CDATA[gh_2157a6c86a35]]></ToUserName>
<FromUserName><![CDATA[oEcott9ljw-R0nLqj9w8n9-Ki3fk]]></FromUserName>
<CreateTime>1460447451</CreateTime>
<MsgType><![CDATA[event]]></MsgType>
<Event><![CDATA[TEMPLATESENDJOBFINISH]]></Event>
<MsgID>402901669</MsgID>
<Status><![CDATA[success]]></Status>
</xml>

2016-04-12 15:50:51 params :
------------
Array:
rule : -2 ;
module :  ;
message : Array ;

2016-04-12 15:50:51 response :
------------

2016-04-12 15:50:51 trace :
------------
String:
<xml><ToUserName><![CDATA[gh_2157a6c86a35]]></ToUserName>
<FromUserName><![CDATA[oEcott9F4fGtmM3DjKaM0uhQry4o]]></FromUserName>
<CreateTime>1460447451</CreateTime>
<MsgType><![CDATA[event]]></MsgType>
<Event><![CDATA[TEMPLATESENDJOBFINISH]]></Event>
<MsgID>402901670</MsgID>
<Status><![CDATA[success]]></Status>
</xml>

2016-04-12 15:50:51 params :
------------
Array:
rule : -2 ;
module :  ;
message : Array ;

2016-04-12 15:50:51 response :
------------

2016-04-12 15:54:46 trace :
------------
String:
<xml><ToUserName><![CDATA[gh_2157a6c86a35]]></ToUserName>
<FromUserName><![CDATA[oEcott5JBy_cI3HgnkPVqsrHbWso]]></FromUserName>
<CreateTime>1460447686</CreateTime>
<MsgType><![CDATA[event]]></MsgType>
<Event><![CDATA[TEMPLATESENDJOBFINISH]]></Event>
<MsgID>402901726</MsgID>
<Status><![CDATA[success]]></Status>
</xml>

2016-04-12 15:54:46 params :
------------
Array:
rule : -2 ;
module :  ;
message : Array ;

2016-04-12 15:54:46 response :
------------

2016-04-12 15:54:47 trace :
------------
String:
<xml><ToUserName><![CDATA[gh_2157a6c86a35]]></ToUserName>
<FromUserName><![CDATA[oEcott-ABRgmooGIBYo6pfmvHqa8]]></FromUserName>
<CreateTime>1460447686</CreateTime>
<MsgType><![CDATA[event]]></MsgType>
<Event><![CDATA[TEMPLATESENDJOBFINISH]]></Event>
<MsgID>402901727</MsgID>
<Status><![CDATA[success]]></Status>
</xml>

2016-04-12 15:54:47 params :
------------
Array:
rule : -2 ;
module :  ;
message : Array ;

2016-04-12 15:54:47 response :
------------

2016-04-12 15:54:47 trace :
------------
String:
<xml><ToUserName><![CDATA[gh_2157a6c86a35]]></ToUserName>
<FromUserName><![CDATA[oEcott70voayiiyG-DpyHj7M30_4]]></FromUserName>
<CreateTime>1460447687</CreateTime>
<MsgType><![CDATA[event]]></MsgType>
<Event><![CDATA[TEMPLATESENDJOBFINISH]]></Event>
<MsgID>402901728</MsgID>
<Status><![CDATA[success]]></Status>
</xml>

2016-04-12 15:54:47 params :
------------
Array:
rule : -2 ;
module :  ;
message : Array ;

2016-04-12 15:54:47 response :
------------

2016-04-12 15:54:47 trace :
------------
String:
<xml><ToUserName><![CDATA[gh_2157a6c86a35]]></ToUserName>
<FromUserName><![CDATA[oEcott3J9KhtJb00_3ga_Kkmz2wo]]></FromUserName>
<CreateTime>1460447687</CreateTime>
<MsgType><![CDATA[event]]></MsgType>
<Event><![CDATA[TEMPLATESENDJOBFINISH]]></Event>
<MsgID>402901729</MsgID>
<Status><![CDATA[success]]></Status>
</xml>

2016-04-12 15:54:47 params :
------------
Array:
rule : -2 ;
module :  ;
message : Array ;

2016-04-12 15:54:47 response :
------------

2016-04-12 15:55:00 trace :
------------
String:
<xml><ToUserName><![CDATA[gh_2157a6c86a35]]></ToUserName>
<FromUserName><![CDATA[oEcott82FheWLXY2ft9sHxcV1YYQ]]></FromUserName>
<CreateTime>1460447700</CreateTime>
<MsgType><![CDATA[event]]></MsgType>
<Event><![CDATA[TEMPLATESENDJOBFINISH]]></Event>
<MsgID>402901730</MsgID>
<Status><![CDATA[success]]></Status>
</xml>

2016-04-12 15:55:00 params :
------------
Array:
rule : -2 ;
module :  ;
message : Array ;

2016-04-12 15:55:00 response :
------------

2016-04-12 15:55:42 trace :
------------
String:
<xml><ToUserName><![CDATA[gh_2157a6c86a35]]></ToUserName>
<FromUserName><![CDATA[oEcott3X8k9L_8WTQ9nt3sySoims]]></FromUserName>
<CreateTime>1460447742</CreateTime>
<MsgType><![CDATA[event]]></MsgType>
<Event><![CDATA[TEMPLATESENDJOBFINISH]]></Event>
<MsgID>402902029</MsgID>
<Status><![CDATA[success]]></Status>
</xml>

2016-04-12 15:55:42 params :
------------
Array:
rule : -2 ;
module :  ;
message : Array ;

2016-04-12 15:55:42 response :
------------

2016-04-12 15:56:28 trace :
------------
String:
<xml><ToUserName><![CDATA[gh_2157a6c86a35]]></ToUserName>
<FromUserName><![CDATA[oEcottyNJ25zzQtzEyNqnQxM1MOA]]></FromUserName>
<CreateTime>1460447788</CreateTime>
<MsgType><![CDATA[event]]></MsgType>
<Event><![CDATA[TEMPLATESENDJOBFINISH]]></Event>
<MsgID>402902042</MsgID>
<Status><![CDATA[success]]></Status>
</xml>

2016-04-12 15:56:28 params :
------------
Array:
rule : -2 ;
module :  ;
message : Array ;

2016-04-12 15:56:28 response :
------------

2016-04-12 15:57:17 trace :
------------
String:
<xml><ToUserName><![CDATA[gh_2157a6c86a35]]></ToUserName>
<FromUserName><![CDATA[oEcottwaQKPAhCbvBdG29Qt7Ip-E]]></FromUserName>
<CreateTime>1460447837</CreateTime>
<MsgType><![CDATA[event]]></MsgType>
<Event><![CDATA[TEMPLATESENDJOBFINISH]]></Event>
<MsgID>402902120</MsgID>
<Status><![CDATA[success]]></Status>
</xml>

2016-04-12 15:57:17 params :
------------
Array:
rule : -2 ;
module :  ;
message : Array ;

2016-04-12 15:57:17 response :
------------

2016-04-12 16:12:40 trace :
------------
String:
<xml><ToUserName><![CDATA[gh_2157a6c86a35]]></ToUserName>
<FromUserName><![CDATA[oEcott4a-0QekZBexvAtcmke-D4w]]></FromUserName>
<CreateTime>1460448760</CreateTime>
<MsgType><![CDATA[event]]></MsgType>
<Event><![CDATA[TEMPLATESENDJOBFINISH]]></Event>
<MsgID>402902714</MsgID>
<Status><![CDATA[success]]></Status>
</xml>

2016-04-12 16:12:40 params :
------------
Array:
rule : -2 ;
module :  ;
message : Array ;

2016-04-12 16:12:40 response :
------------

2016-04-12 16:13:33 trace :
------------
String:
<xml><ToUserName><![CDATA[gh_2157a6c86a35]]></ToUserName>
<FromUserName><![CDATA[oEcottw7qP2pciewrM5tmFvI8As4]]></FromUserName>
<CreateTime>1460448813</CreateTime>
<MsgType><![CDATA[event]]></MsgType>
<Event><![CDATA[TEMPLATESENDJOBFINISH]]></Event>
<MsgID>402902728</MsgID>
<Status><![CDATA[success]]></Status>
</xml>

2016-04-12 16:13:33 params :
------------
Array:
rule : -2 ;
module :  ;
message : Array ;

2016-04-12 16:13:33 response :
------------

2016-04-12 16:13:48 trace :
------------
String:
<xml><ToUserName><![CDATA[gh_2157a6c86a35]]></ToUserName>
<FromUserName><![CDATA[oEcottzrsY0hiIxBYE3CK2zp6WYY]]></FromUserName>
<CreateTime>1460448828</CreateTime>
<MsgType><![CDATA[event]]></MsgType>
<Event><![CDATA[TEMPLATESENDJOBFINISH]]></Event>
<MsgID>402902731</MsgID>
<Status><![CDATA[success]]></Status>
</xml>

2016-04-12 16:13:48 params :
------------
Array:
rule : -2 ;
module :  ;
message : Array ;

2016-04-12 16:13:48 response :
------------

2016-04-12 16:14:24 trace :
------------
String:
<xml><ToUserName><![CDATA[gh_2157a6c86a35]]></ToUserName>
<FromUserName><![CDATA[oEcott0BYGm77xwFerCfTO68jYpE]]></FromUserName>
<CreateTime>1460448864</CreateTime>
<MsgType><![CDATA[event]]></MsgType>
<Event><![CDATA[TEMPLATESENDJOBFINISH]]></Event>
<MsgID>402902739</MsgID>
<Status><![CDATA[success]]></Status>
</xml>

2016-04-12 16:14:24 params :
------------
Array:
rule : -2 ;
module :  ;
message : Array ;

2016-04-12 16:14:24 response :
------------

2016-04-12 16:15:00 trace :
------------
String:
<xml><ToUserName><![CDATA[gh_2157a6c86a35]]></ToUserName>
<FromUserName><![CDATA[oEcottwAqWW9x8Wo1YdwPF4SIpbs]]></FromUserName>
<CreateTime>1460448899</CreateTime>
<MsgType><![CDATA[event]]></MsgType>
<Event><![CDATA[TEMPLATESENDJOBFINISH]]></Event>
<MsgID>402902746</MsgID>
<Status><![CDATA[success]]></Status>
</xml>

2016-04-12 16:15:00 params :
------------
Array:
rule : -2 ;
module :  ;
message : Array ;

2016-04-12 16:15:00 response :
------------

2016-04-12 16:16:10 trace :
------------
String:
<xml><ToUserName><![CDATA[gh_2157a6c86a35]]></ToUserName>
<FromUserName><![CDATA[oEcott8-fHoACFiURkUXBYRZHEro]]></FromUserName>
<CreateTime>1460448970</CreateTime>
<MsgType><![CDATA[event]]></MsgType>
<Event><![CDATA[TEMPLATESENDJOBFINISH]]></Event>
<MsgID>402902757</MsgID>
<Status><![CDATA[success]]></Status>
</xml>

2016-04-12 16:16:10 params :
------------
Array:
rule : -2 ;
module :  ;
message : Array ;

2016-04-12 16:16:10 response :
------------

2016-04-12 16:16:53 trace :
------------
String:
<xml><ToUserName><![CDATA[gh_2157a6c86a35]]></ToUserName>
<FromUserName><![CDATA[oEcott3nJuxjFu-NKKpc3ZmQp0YE]]></FromUserName>
<CreateTime>1460449013</CreateTime>
<MsgType><![CDATA[event]]></MsgType>
<Event><![CDATA[TEMPLATESENDJOBFINISH]]></Event>
<MsgID>402902781</MsgID>
<Status><![CDATA[success]]></Status>
</xml>

2016-04-12 16:16:53 params :
------------
Array:
rule : -2 ;
module :  ;
message : Array ;

2016-04-12 16:16:53 response :
------------

2016-04-12 16:17:46 trace :
------------
String:
<xml><ToUserName><![CDATA[gh_2157a6c86a35]]></ToUserName>
<FromUserName><![CDATA[oEcottwW2YU7yp_kBQarnTzqdlEs]]></FromUserName>
<CreateTime>1460449066</CreateTime>
<MsgType><![CDATA[event]]></MsgType>
<Event><![CDATA[TEMPLATESENDJOBFINISH]]></Event>
<MsgID>402902796</MsgID>
<Status><![CDATA[success]]></Status>
</xml>

2016-04-12 16:17:46 params :
------------
Array:
rule : -2 ;
module :  ;
message : Array ;

2016-04-12 16:17:46 response :
------------

