2016-10-09 07:29:23 trace :
------------
String:
<xml><ToUserName><![CDATA[gh_2a23de840671]]></ToUserName>
<FromUserName><![CDATA[oQxC9wbN7mtq0ucRaGa1_dClO_Cw]]></FromUserName>
<CreateTime>1475969363</CreateTime>
<MsgType><![CDATA[event]]></MsgType>
<Event><![CDATA[VIEW]]></Event>
<EventKey><![CDATA[http://www.9kpu.com/app/index.php?i=31&c=entry&eid=1]]></EventKey>
<MenuId>408135367</MenuId>
</xml>

2016-10-09 07:29:23 params :
------------
Array:
message : Array ;
module : news ;
rule : 60 ;
priority : 0 ;
keyword : Array ;

2016-10-09 07:29:23 response :
------------
Array:
FromUserName : gh_2a23de840671 ;
ToUserName : oQxC9wbN7mtq0ucRaGa1_dClO_Cw ;
MsgType : news ;
ArticleCount : 1 ;
Articles : Array ;

2016-10-09 07:30:19 trace :
------------
String:
<xml><ToUserName><![CDATA[gh_2a16c32dff4b]]></ToUserName>
<FromUserName><![CDATA[oZF73wFS5yxyZNnBd4GoAujlOxfk]]></FromUserName>
<CreateTime>1475969419</CreateTime>
<MsgType><![CDATA[event]]></MsgType>
<Event><![CDATA[VIEW]]></Event>
<EventKey><![CDATA[http://www.9kpu.com/app/index.php?i=26&c=entry&eid=1]]></EventKey>
<MenuId>443004588</MenuId>
</xml>

2016-10-09 07:30:19 params :
------------
Array:
message : Array ;
module : news ;
rule : 56 ;
priority : 0 ;
keyword : Array ;

2016-10-09 07:30:19 response :
------------
Array:
FromUserName : gh_2a16c32dff4b ;
ToUserName : oZF73wFS5yxyZNnBd4GoAujlOxfk ;
MsgType : news ;
ArticleCount : 1 ;
Articles : Array ;

2016-10-09 07:31:19 trace :
------------
String:
<xml><ToUserName><![CDATA[gh_2a16c32dff4b]]></ToUserName>
<FromUserName><![CDATA[oZF73wFS5yxyZNnBd4GoAujlOxfk]]></FromUserName>
<CreateTime>1475969479</CreateTime>
<MsgType><![CDATA[text]]></MsgType>
<Content><![CDATA[姚琼]]></Content>
<MsgId>6339240642643217204</MsgId>
</xml>

2016-10-09 07:31:19 params :
------------
Array:
message : Array ;
module : news ;
rule : 56 ;
priority : 0 ;
keyword : Array ;

2016-10-09 07:31:19 response :
------------
Array:
FromUserName : gh_2a16c32dff4b ;
ToUserName : oZF73wFS5yxyZNnBd4GoAujlOxfk ;
MsgType : news ;
ArticleCount : 1 ;
Articles : Array ;

2016-10-09 07:32:02 trace :
------------
String:
<xml><ToUserName><![CDATA[gh_2a16c32dff4b]]></ToUserName>
<FromUserName><![CDATA[oZF73wFS5yxyZNnBd4GoAujlOxfk]]></FromUserName>
<CreateTime>1475969522</CreateTime>
<MsgType><![CDATA[event]]></MsgType>
<Event><![CDATA[VIEW]]></Event>
<EventKey><![CDATA[http://www.9kpu.com/app/index.php?i=26&c=entry&eid=1]]></EventKey>
<MenuId>443004588</MenuId>
</xml>

2016-10-09 07:32:02 params :
------------
Array:
message : Array ;
module : news ;
rule : 56 ;
priority : 0 ;
keyword : Array ;

2016-10-09 07:32:02 response :
------------
Array:
FromUserName : gh_2a16c32dff4b ;
ToUserName : oZF73wFS5yxyZNnBd4GoAujlOxfk ;
MsgType : news ;
ArticleCount : 1 ;
Articles : Array ;

2016-10-09 07:41:11 trace :
------------
String:
<xml><ToUserName><![CDATA[gh_2a23de840671]]></ToUserName>
<FromUserName><![CDATA[oQxC9wbnkPfFDtS354N7Wd-vvFhM]]></FromUserName>
<CreateTime>1475970071</CreateTime>
<MsgType><![CDATA[event]]></MsgType>
<Event><![CDATA[VIEW]]></Event>
<EventKey><![CDATA[http://www.9kpu.com/app/index.php?i=31&c=entry&eid=1]]></EventKey>
<MenuId>408135367</MenuId>
</xml>

2016-10-09 07:41:11 params :
------------
Array:
message : Array ;
module : news ;
rule : 60 ;
priority : 0 ;
keyword : Array ;

2016-10-09 07:41:11 response :
------------
Array:
FromUserName : gh_2a23de840671 ;
ToUserName : oQxC9wbnkPfFDtS354N7Wd-vvFhM ;
MsgType : news ;
ArticleCount : 1 ;
Articles : Array ;

2016-10-09 08:30:22 trace :
------------
String:
<xml><ToUserName><![CDATA[gh_2a23de840671]]></ToUserName>
<FromUserName><![CDATA[oQxC9wfDGw_2VwHd-qyo3rtBLA3E]]></FromUserName>
<CreateTime>1475973021</CreateTime>
<MsgType><![CDATA[event]]></MsgType>
<Event><![CDATA[VIEW]]></Event>
<EventKey><![CDATA[http://www.9kpu.com/app/index.php?i=31&c=entry&eid=1]]></EventKey>
<MenuId>408135367</MenuId>
</xml>

2016-10-09 08:30:22 params :
------------
Array:
message : Array ;
module : news ;
rule : 60 ;
priority : 0 ;
keyword : Array ;

2016-10-09 08:30:22 response :
------------
Array:
FromUserName : gh_2a23de840671 ;
ToUserName : oQxC9wfDGw_2VwHd-qyo3rtBLA3E ;
MsgType : news ;
ArticleCount : 1 ;
Articles : Array ;

2016-10-09 09:06:17 trace :
------------
String:
<xml><ToUserName><![CDATA[gh_2a23de840671]]></ToUserName>
<FromUserName><![CDATA[oQxC9wQhSKTYVr7T05hTSLIRp9UE]]></FromUserName>
<CreateTime>1475975177</CreateTime>
<MsgType><![CDATA[event]]></MsgType>
<Event><![CDATA[VIEW]]></Event>
<EventKey><![CDATA[http://www.9kpu.com/app/index.php?i=31&c=entry&eid=1]]></EventKey>
<MenuId>408135367</MenuId>
</xml>

2016-10-09 09:06:17 params :
------------
Array:
message : Array ;
module : news ;
rule : 60 ;
priority : 0 ;
keyword : Array ;

2016-10-09 09:06:17 response :
------------
Array:
FromUserName : gh_2a23de840671 ;
ToUserName : oQxC9wQhSKTYVr7T05hTSLIRp9UE ;
MsgType : news ;
ArticleCount : 1 ;
Articles : Array ;

2016-10-09 09:07:53 trace :
------------
String:
<xml><ToUserName><![CDATA[gh_2a23de840671]]></ToUserName>
<FromUserName><![CDATA[oQxC9wQhSKTYVr7T05hTSLIRp9UE]]></FromUserName>
<CreateTime>1475975272</CreateTime>
<MsgType><![CDATA[event]]></MsgType>
<Event><![CDATA[VIEW]]></Event>
<EventKey><![CDATA[http://www.9kpu.com/app/index.php?i=31&c=entry&eid=1]]></EventKey>
<MenuId>408135367</MenuId>
</xml>

2016-10-09 09:07:53 params :
------------
Array:
message : Array ;
module : news ;
rule : 60 ;
priority : 0 ;
keyword : Array ;

2016-10-09 09:07:53 response :
------------
Array:
FromUserName : gh_2a23de840671 ;
ToUserName : oQxC9wQhSKTYVr7T05hTSLIRp9UE ;
MsgType : news ;
ArticleCount : 1 ;
Articles : Array ;

2016-10-09 09:08:23 trace :
------------
String:
<xml><ToUserName><![CDATA[gh_2a23de840671]]></ToUserName>
<FromUserName><![CDATA[oQxC9wQhSKTYVr7T05hTSLIRp9UE]]></FromUserName>
<CreateTime>1475975303</CreateTime>
<MsgType><![CDATA[event]]></MsgType>
<Event><![CDATA[VIEW]]></Event>
<EventKey><![CDATA[http://www.9kpu.com/app/index.php?i=31&c=entry&eid=1]]></EventKey>
<MenuId>408135367</MenuId>
</xml>

2016-10-09 09:08:23 params :
------------
Array:
message : Array ;
module : news ;
rule : 60 ;
priority : 0 ;
keyword : Array ;

2016-10-09 09:08:23 response :
------------
Array:
FromUserName : gh_2a23de840671 ;
ToUserName : oQxC9wQhSKTYVr7T05hTSLIRp9UE ;
MsgType : news ;
ArticleCount : 1 ;
Articles : Array ;

2016-10-09 09:14:32 trace :
------------
String:
<xml><ToUserName><![CDATA[gh_2a23de840671]]></ToUserName>
<FromUserName><![CDATA[oQxC9wa8NMoopCiEGOs6AmGszfkM]]></FromUserName>
<CreateTime>1475975672</CreateTime>
<MsgType><![CDATA[event]]></MsgType>
<Event><![CDATA[VIEW]]></Event>
<EventKey><![CDATA[http://www.9kpu.com/app/index.php?i=31&c=entry&eid=1]]></EventKey>
<MenuId>408135367</MenuId>
</xml>

2016-10-09 09:14:32 params :
------------
Array:
message : Array ;
module : news ;
rule : 60 ;
priority : 0 ;
keyword : Array ;

2016-10-09 09:14:32 response :
------------
Array:
FromUserName : gh_2a23de840671 ;
ToUserName : oQxC9wa8NMoopCiEGOs6AmGszfkM ;
MsgType : news ;
ArticleCount : 1 ;
Articles : Array ;

2016-10-09 10:16:01 trace :
------------
String:
<xml><ToUserName><![CDATA[gh_2a23de840671]]></ToUserName>
<FromUserName><![CDATA[oQxC9wQhSKTYVr7T05hTSLIRp9UE]]></FromUserName>
<CreateTime>1475979361</CreateTime>
<MsgType><![CDATA[event]]></MsgType>
<Event><![CDATA[VIEW]]></Event>
<EventKey><![CDATA[http://www.9kpu.com/app/index.php?i=31&c=entry&eid=1]]></EventKey>
<MenuId>408135367</MenuId>
</xml>

2016-10-09 10:16:01 params :
------------
Array:
message : Array ;
module : news ;
rule : 60 ;
priority : 0 ;
keyword : Array ;

2016-10-09 10:16:01 response :
------------
Array:
FromUserName : gh_2a23de840671 ;
ToUserName : oQxC9wQhSKTYVr7T05hTSLIRp9UE ;
MsgType : news ;
ArticleCount : 1 ;
Articles : Array ;

2016-10-09 10:18:38 trace :
------------
String:
<xml><ToUserName><![CDATA[gh_2a23de840671]]></ToUserName>
<FromUserName><![CDATA[oQxC9wQhSKTYVr7T05hTSLIRp9UE]]></FromUserName>
<CreateTime>1475979518</CreateTime>
<MsgType><![CDATA[event]]></MsgType>
<Event><![CDATA[VIEW]]></Event>
<EventKey><![CDATA[http://www.9kpu.com/app/index.php?i=31&c=entry&eid=1]]></EventKey>
<MenuId>408135367</MenuId>
</xml>

2016-10-09 10:18:38 params :
------------
Array:
message : Array ;
module : news ;
rule : 60 ;
priority : 0 ;
keyword : Array ;

2016-10-09 10:18:38 response :
------------
Array:
FromUserName : gh_2a23de840671 ;
ToUserName : oQxC9wQhSKTYVr7T05hTSLIRp9UE ;
MsgType : news ;
ArticleCount : 1 ;
Articles : Array ;

2016-10-09 10:20:15 trace :
------------
String:
<xml><ToUserName><![CDATA[gh_2a23de840671]]></ToUserName>
<FromUserName><![CDATA[oQxC9wcDxzXQK6Jt-2r12zPKIvik]]></FromUserName>
<CreateTime>1475979615</CreateTime>
<MsgType><![CDATA[event]]></MsgType>
<Event><![CDATA[VIEW]]></Event>
<EventKey><![CDATA[http://www.9kpu.com/app/index.php?i=31&c=entry&eid=1]]></EventKey>
<MenuId>408135367</MenuId>
</xml>

2016-10-09 10:20:15 params :
------------
Array:
message : Array ;
module : news ;
rule : 60 ;
priority : 0 ;
keyword : Array ;

2016-10-09 10:20:15 response :
------------
Array:
FromUserName : gh_2a23de840671 ;
ToUserName : oQxC9wcDxzXQK6Jt-2r12zPKIvik ;
MsgType : news ;
ArticleCount : 1 ;
Articles : Array ;

2016-10-09 10:23:13 trace :
------------
String:
<xml><ToUserName><![CDATA[gh_2a23de840671]]></ToUserName>
<FromUserName><![CDATA[oQxC9wcDxzXQK6Jt-2r12zPKIvik]]></FromUserName>
<CreateTime>1475979793</CreateTime>
<MsgType><![CDATA[event]]></MsgType>
<Event><![CDATA[VIEW]]></Event>
<EventKey><![CDATA[http://www.9kpu.com/app/index.php?i=31&c=entry&eid=1]]></EventKey>
<MenuId>408135367</MenuId>
</xml>

2016-10-09 10:23:13 params :
------------
Array:
message : Array ;
module : news ;
rule : 60 ;
priority : 0 ;
keyword : Array ;

2016-10-09 10:23:13 response :
------------
Array:
FromUserName : gh_2a23de840671 ;
ToUserName : oQxC9wcDxzXQK6Jt-2r12zPKIvik ;
MsgType : news ;
ArticleCount : 1 ;
Articles : Array ;

2016-10-09 10:43:16 trace :
------------
String:
<xml><ToUserName><![CDATA[gh_2a23de840671]]></ToUserName>
<FromUserName><![CDATA[oQxC9wQhSKTYVr7T05hTSLIRp9UE]]></FromUserName>
<CreateTime>1475980995</CreateTime>
<MsgType><![CDATA[event]]></MsgType>
<Event><![CDATA[VIEW]]></Event>
<EventKey><![CDATA[http://www.9kpu.com/app/index.php?i=31&c=entry&eid=1]]></EventKey>
<MenuId>408135367</MenuId>
</xml>

2016-10-09 10:43:16 params :
------------
Array:
message : Array ;
module : news ;
rule : 60 ;
priority : 0 ;
keyword : Array ;

2016-10-09 10:43:16 response :
------------
Array:
FromUserName : gh_2a23de840671 ;
ToUserName : oQxC9wQhSKTYVr7T05hTSLIRp9UE ;
MsgType : news ;
ArticleCount : 1 ;
Articles : Array ;

2016-10-09 10:54:21 trace :
------------
String:
<xml><ToUserName><![CDATA[gh_2a16c32dff4b]]></ToUserName>
<FromUserName><![CDATA[oZF73wAKimMU1XufzSoWnPXuf02w]]></FromUserName>
<CreateTime>1475981661</CreateTime>
<MsgType><![CDATA[event]]></MsgType>
<Event><![CDATA[VIEW]]></Event>
<EventKey><![CDATA[http://www.9kpu.com/app/index.php?i=26&c=entry&eid=1]]></EventKey>
<MenuId>443004588</MenuId>
</xml>

2016-10-09 10:54:21 params :
------------
Array:
message : Array ;
module : news ;
rule : 56 ;
priority : 0 ;
keyword : Array ;

2016-10-09 10:54:21 response :
------------
Array:
FromUserName : gh_2a16c32dff4b ;
ToUserName : oZF73wAKimMU1XufzSoWnPXuf02w ;
MsgType : news ;
ArticleCount : 1 ;
Articles : Array ;

2016-10-09 10:54:50 trace :
------------
String:
<xml><ToUserName><![CDATA[gh_2a16c32dff4b]]></ToUserName>
<FromUserName><![CDATA[oZF73wAKimMU1XufzSoWnPXuf02w]]></FromUserName>
<CreateTime>1475981690</CreateTime>
<MsgType><![CDATA[event]]></MsgType>
<Event><![CDATA[VIEW]]></Event>
<EventKey><![CDATA[http://www.9kpu.com/app/index.php?i=26&c=entry&eid=1]]></EventKey>
<MenuId>443004588</MenuId>
</xml>

2016-10-09 10:54:50 params :
------------
Array:
message : Array ;
module : news ;
rule : 56 ;
priority : 0 ;
keyword : Array ;

2016-10-09 10:54:50 response :
------------
Array:
FromUserName : gh_2a16c32dff4b ;
ToUserName : oZF73wAKimMU1XufzSoWnPXuf02w ;
MsgType : news ;
ArticleCount : 1 ;
Articles : Array ;

2016-10-09 10:55:04 trace :
------------
String:
<xml><ToUserName><![CDATA[gh_2a23de840671]]></ToUserName>
<FromUserName><![CDATA[oQxC9wcDxzXQK6Jt-2r12zPKIvik]]></FromUserName>
<CreateTime>1475981704</CreateTime>
<MsgType><![CDATA[event]]></MsgType>
<Event><![CDATA[VIEW]]></Event>
<EventKey><![CDATA[http://www.9kpu.com/app/index.php?i=31&c=entry&eid=1]]></EventKey>
<MenuId>408135367</MenuId>
</xml>

2016-10-09 10:55:04 params :
------------
Array:
message : Array ;
module : news ;
rule : 60 ;
priority : 0 ;
keyword : Array ;

2016-10-09 10:55:04 response :
------------
Array:
FromUserName : gh_2a23de840671 ;
ToUserName : oQxC9wcDxzXQK6Jt-2r12zPKIvik ;
MsgType : news ;
ArticleCount : 1 ;
Articles : Array ;

2016-10-09 10:56:22 trace :
------------
String:
<xml><ToUserName><![CDATA[gh_2a23de840671]]></ToUserName>
<FromUserName><![CDATA[oQxC9wcDxzXQK6Jt-2r12zPKIvik]]></FromUserName>
<CreateTime>1475981782</CreateTime>
<MsgType><![CDATA[event]]></MsgType>
<Event><![CDATA[VIEW]]></Event>
<EventKey><![CDATA[http://www.9kpu.com/app/index.php?i=31&c=entry&eid=1]]></EventKey>
<MenuId>408135367</MenuId>
</xml>

2016-10-09 10:56:22 params :
------------
Array:
message : Array ;
module : news ;
rule : 60 ;
priority : 0 ;
keyword : Array ;

2016-10-09 10:56:22 response :
------------
Array:
FromUserName : gh_2a23de840671 ;
ToUserName : oQxC9wcDxzXQK6Jt-2r12zPKIvik ;
MsgType : news ;
ArticleCount : 1 ;
Articles : Array ;

2016-10-09 10:58:21 trace :
------------
String:
<xml><ToUserName><![CDATA[gh_2a23de840671]]></ToUserName>
<FromUserName><![CDATA[oQxC9wQhSKTYVr7T05hTSLIRp9UE]]></FromUserName>
<CreateTime>1475981901</CreateTime>
<MsgType><![CDATA[event]]></MsgType>
<Event><![CDATA[VIEW]]></Event>
<EventKey><![CDATA[http://www.9kpu.com/app/index.php?i=31&c=entry&eid=1]]></EventKey>
<MenuId>408135367</MenuId>
</xml>

2016-10-09 10:58:21 params :
------------
Array:
message : Array ;
module : news ;
rule : 60 ;
priority : 0 ;
keyword : Array ;

2016-10-09 10:58:21 response :
------------
Array:
FromUserName : gh_2a23de840671 ;
ToUserName : oQxC9wQhSKTYVr7T05hTSLIRp9UE ;
MsgType : news ;
ArticleCount : 1 ;
Articles : Array ;

2016-10-09 12:10:15 trace :
------------
String:
<xml><ToUserName><![CDATA[gh_2a23de840671]]></ToUserName>
<FromUserName><![CDATA[oQxC9wbnkPfFDtS354N7Wd-vvFhM]]></FromUserName>
<CreateTime>1475986215</CreateTime>
<MsgType><![CDATA[event]]></MsgType>
<Event><![CDATA[VIEW]]></Event>
<EventKey><![CDATA[http://www.9kpu.com/app/index.php?i=31&c=entry&eid=1]]></EventKey>
<MenuId>408135367</MenuId>
</xml>

2016-10-09 12:10:15 params :
------------
Array:
message : Array ;
module : news ;
rule : 60 ;
priority : 0 ;
keyword : Array ;

2016-10-09 12:10:15 response :
------------
Array:
FromUserName : gh_2a23de840671 ;
ToUserName : oQxC9wbnkPfFDtS354N7Wd-vvFhM ;
MsgType : news ;
ArticleCount : 1 ;
Articles : Array ;

2016-10-09 12:59:02 trace :
------------
String:
<xml><ToUserName><![CDATA[gh_2a23de840671]]></ToUserName>
<FromUserName><![CDATA[oQxC9wfDGw_2VwHd-qyo3rtBLA3E]]></FromUserName>
<CreateTime>1475989142</CreateTime>
<MsgType><![CDATA[event]]></MsgType>
<Event><![CDATA[VIEW]]></Event>
<EventKey><![CDATA[http://www.9kpu.com/app/index.php?i=31&c=entry&eid=1]]></EventKey>
<MenuId>408135367</MenuId>
</xml>

2016-10-09 12:59:02 params :
------------
Array:
message : Array ;
module : news ;
rule : 60 ;
priority : 0 ;
keyword : Array ;

2016-10-09 12:59:02 response :
------------
Array:
FromUserName : gh_2a23de840671 ;
ToUserName : oQxC9wfDGw_2VwHd-qyo3rtBLA3E ;
MsgType : news ;
ArticleCount : 1 ;
Articles : Array ;

2016-10-09 13:23:13 trace :
------------
String:
<xml><ToUserName><![CDATA[gh_2a16c32dff4b]]></ToUserName>
<FromUserName><![CDATA[oZF73wAKimMU1XufzSoWnPXuf02w]]></FromUserName>
<CreateTime>1475990593</CreateTime>
<MsgType><![CDATA[event]]></MsgType>
<Event><![CDATA[VIEW]]></Event>
<EventKey><![CDATA[http://www.9kpu.com/app/index.php?i=26&c=home&]]></EventKey>
<MenuId>443004588</MenuId>
</xml>

2016-10-09 13:23:13 params :
------------
Array:
message : Array ;
module : news ;
rule : 56 ;
priority : 0 ;
keyword : Array ;

2016-10-09 13:23:13 response :
------------
Array:
FromUserName : gh_2a16c32dff4b ;
ToUserName : oZF73wAKimMU1XufzSoWnPXuf02w ;
MsgType : news ;
ArticleCount : 1 ;
Articles : Array ;

2016-10-09 13:24:36 trace :
------------
String:
<xml><ToUserName><![CDATA[gh_2a16c32dff4b]]></ToUserName>
<FromUserName><![CDATA[oZF73wAKimMU1XufzSoWnPXuf02w]]></FromUserName>
<CreateTime>1475990676</CreateTime>
<MsgType><![CDATA[event]]></MsgType>
<Event><![CDATA[VIEW]]></Event>
<EventKey><![CDATA[http://www.9kpu.com/app/index.php?i=26&c=entry&eid=1]]></EventKey>
<MenuId>443004588</MenuId>
</xml>

2016-10-09 13:24:36 params :
------------
Array:
message : Array ;
module : news ;
rule : 56 ;
priority : 0 ;
keyword : Array ;

2016-10-09 13:24:36 response :
------------
Array:
FromUserName : gh_2a16c32dff4b ;
ToUserName : oZF73wAKimMU1XufzSoWnPXuf02w ;
MsgType : news ;
ArticleCount : 1 ;
Articles : Array ;

2016-10-09 13:25:33 trace :
------------
String:
<xml><ToUserName><![CDATA[gh_2a16c32dff4b]]></ToUserName>
<FromUserName><![CDATA[oZF73wAKimMU1XufzSoWnPXuf02w]]></FromUserName>
<CreateTime>1475990733</CreateTime>
<MsgType><![CDATA[event]]></MsgType>
<Event><![CDATA[VIEW]]></Event>
<EventKey><![CDATA[http://www.9kpu.com/app/index.php?i=26&c=entry&eid=1]]></EventKey>
<MenuId>443004588</MenuId>
</xml>

2016-10-09 13:25:33 params :
------------
Array:
message : Array ;
module : news ;
rule : 56 ;
priority : 0 ;
keyword : Array ;

2016-10-09 13:25:33 response :
------------
Array:
FromUserName : gh_2a16c32dff4b ;
ToUserName : oZF73wAKimMU1XufzSoWnPXuf02w ;
MsgType : news ;
ArticleCount : 1 ;
Articles : Array ;

2016-10-09 13:25:52 trace :
------------
String:
<xml><ToUserName><![CDATA[gh_2a16c32dff4b]]></ToUserName>
<FromUserName><![CDATA[oZF73wAKimMU1XufzSoWnPXuf02w]]></FromUserName>
<CreateTime>1475990752</CreateTime>
<MsgType><![CDATA[event]]></MsgType>
<Event><![CDATA[VIEW]]></Event>
<EventKey><![CDATA[http://www.9kpu.com/app/index.php?i=26&c=entry&do=teaIn&m=lianhu_school]]></EventKey>
<MenuId>443004588</MenuId>
</xml>

2016-10-09 13:25:52 params :
------------
Array:
message : Array ;
module : news ;
rule : 56 ;
priority : 0 ;
keyword : Array ;

2016-10-09 13:25:52 response :
------------
Array:
FromUserName : gh_2a16c32dff4b ;
ToUserName : oZF73wAKimMU1XufzSoWnPXuf02w ;
MsgType : news ;
ArticleCount : 1 ;
Articles : Array ;

2016-10-09 13:26:34 trace :
------------
String:
<xml><ToUserName><![CDATA[gh_2a23de840671]]></ToUserName>
<FromUserName><![CDATA[oQxC9wcDxzXQK6Jt-2r12zPKIvik]]></FromUserName>
<CreateTime>1475990794</CreateTime>
<MsgType><![CDATA[event]]></MsgType>
<Event><![CDATA[VIEW]]></Event>
<EventKey><![CDATA[http://www.9kpu.com/app/index.php?i=31&c=entry&eid=1]]></EventKey>
<MenuId>408135367</MenuId>
</xml>

2016-10-09 13:26:34 params :
------------
Array:
message : Array ;
module : news ;
rule : 60 ;
priority : 0 ;
keyword : Array ;

2016-10-09 13:26:34 response :
------------
Array:
FromUserName : gh_2a23de840671 ;
ToUserName : oQxC9wcDxzXQK6Jt-2r12zPKIvik ;
MsgType : news ;
ArticleCount : 1 ;
Articles : Array ;

2016-10-09 13:31:16 trace :
------------
String:
<xml><ToUserName><![CDATA[gh_2a23de840671]]></ToUserName>
<FromUserName><![CDATA[oQxC9wcDxzXQK6Jt-2r12zPKIvik]]></FromUserName>
<CreateTime>1475991076</CreateTime>
<MsgType><![CDATA[event]]></MsgType>
<Event><![CDATA[VIEW]]></Event>
<EventKey><![CDATA[http://www.9kpu.com/app/index.php?i=31&c=home&]]></EventKey>
<MenuId>408135367</MenuId>
</xml>

2016-10-09 13:31:16 params :
------------
Array:
message : Array ;
module : news ;
rule : 60 ;
priority : 0 ;
keyword : Array ;

2016-10-09 13:31:16 response :
------------
Array:
FromUserName : gh_2a23de840671 ;
ToUserName : oQxC9wcDxzXQK6Jt-2r12zPKIvik ;
MsgType : news ;
ArticleCount : 1 ;
Articles : Array ;

2016-10-09 13:31:31 trace :
------------
String:
<xml><ToUserName><![CDATA[gh_2a16c32dff4b]]></ToUserName>
<FromUserName><![CDATA[oZF73wAKimMU1XufzSoWnPXuf02w]]></FromUserName>
<CreateTime>1475991091</CreateTime>
<MsgType><![CDATA[event]]></MsgType>
<Event><![CDATA[VIEW]]></Event>
<EventKey><![CDATA[http://www.9kpu.com/app/index.php?i=26&c=home&t=37]]></EventKey>
<MenuId>443004588</MenuId>
</xml>

2016-10-09 13:31:31 params :
------------
Array:
message : Array ;
module : news ;
rule : 56 ;
priority : 0 ;
keyword : Array ;

2016-10-09 13:31:31 response :
------------
Array:
FromUserName : gh_2a16c32dff4b ;
ToUserName : oZF73wAKimMU1XufzSoWnPXuf02w ;
MsgType : news ;
ArticleCount : 1 ;
Articles : Array ;

2016-10-09 13:31:37 trace :
------------
String:
<xml><ToUserName><![CDATA[gh_2a16c32dff4b]]></ToUserName>
<FromUserName><![CDATA[oZF73wAKimMU1XufzSoWnPXuf02w]]></FromUserName>
<CreateTime>1475991097</CreateTime>
<MsgType><![CDATA[event]]></MsgType>
<Event><![CDATA[VIEW]]></Event>
<EventKey><![CDATA[http://www.9kpu.com/app/index.php?i=26&c=home&]]></EventKey>
<MenuId>443004588</MenuId>
</xml>

2016-10-09 13:31:37 params :
------------
Array:
message : Array ;
module : news ;
rule : 56 ;
priority : 0 ;
keyword : Array ;

2016-10-09 13:31:37 response :
------------
Array:
FromUserName : gh_2a16c32dff4b ;
ToUserName : oZF73wAKimMU1XufzSoWnPXuf02w ;
MsgType : news ;
ArticleCount : 1 ;
Articles : Array ;

2016-10-09 13:31:52 trace :
------------
String:
<xml><ToUserName><![CDATA[gh_2a16c32dff4b]]></ToUserName>
<FromUserName><![CDATA[oZF73wAKimMU1XufzSoWnPXuf02w]]></FromUserName>
<CreateTime>1475991112</CreateTime>
<MsgType><![CDATA[event]]></MsgType>
<Event><![CDATA[VIEW]]></Event>
<EventKey><![CDATA[http://www.9kpu.com/app/index.php?i=26&c=entry&eid=1]]></EventKey>
<MenuId>443004588</MenuId>
</xml>

2016-10-09 13:31:52 params :
------------
Array:
message : Array ;
module : news ;
rule : 56 ;
priority : 0 ;
keyword : Array ;

2016-10-09 13:31:52 response :
------------
Array:
FromUserName : gh_2a16c32dff4b ;
ToUserName : oZF73wAKimMU1XufzSoWnPXuf02w ;
MsgType : news ;
ArticleCount : 1 ;
Articles : Array ;

2016-10-09 13:32:42 trace :
------------
String:
<xml><ToUserName><![CDATA[gh_2a23de840671]]></ToUserName>
<FromUserName><![CDATA[oQxC9wcDxzXQK6Jt-2r12zPKIvik]]></FromUserName>
<CreateTime>1475991162</CreateTime>
<MsgType><![CDATA[event]]></MsgType>
<Event><![CDATA[VIEW]]></Event>
<EventKey><![CDATA[http://www.9kpu.com/app/index.php?i=31&c=entry&eid=1]]></EventKey>
<MenuId>408135367</MenuId>
</xml>

2016-10-09 13:32:42 params :
------------
Array:
message : Array ;
module : news ;
rule : 60 ;
priority : 0 ;
keyword : Array ;

2016-10-09 13:32:42 response :
------------
Array:
FromUserName : gh_2a23de840671 ;
ToUserName : oQxC9wcDxzXQK6Jt-2r12zPKIvik ;
MsgType : news ;
ArticleCount : 1 ;
Articles : Array ;

2016-10-09 13:40:21 trace :
------------
String:
<xml><ToUserName><![CDATA[gh_2a23de840671]]></ToUserName>
<FromUserName><![CDATA[oQxC9wcDxzXQK6Jt-2r12zPKIvik]]></FromUserName>
<CreateTime>1475991620</CreateTime>
<MsgType><![CDATA[event]]></MsgType>
<Event><![CDATA[VIEW]]></Event>
<EventKey><![CDATA[http://www.9kpu.com/app/index.php?i=31&c=entry&eid=1]]></EventKey>
<MenuId>408135367</MenuId>
</xml>

2016-10-09 13:40:21 params :
------------
Array:
message : Array ;
module : news ;
rule : 60 ;
priority : 0 ;
keyword : Array ;

2016-10-09 13:40:21 response :
------------
Array:
FromUserName : gh_2a23de840671 ;
ToUserName : oQxC9wcDxzXQK6Jt-2r12zPKIvik ;
MsgType : news ;
ArticleCount : 1 ;
Articles : Array ;

2016-10-09 13:41:53 trace :
------------
String:
<xml><ToUserName><![CDATA[gh_2a16c32dff4b]]></ToUserName>
<FromUserName><![CDATA[oZF73wAKimMU1XufzSoWnPXuf02w]]></FromUserName>
<CreateTime>1475991713</CreateTime>
<MsgType><![CDATA[event]]></MsgType>
<Event><![CDATA[VIEW]]></Event>
<EventKey><![CDATA[http://www.9kpu.com/app/index.php?i=26&c=entry&eid=1]]></EventKey>
<MenuId>443004588</MenuId>
</xml>

2016-10-09 13:41:53 params :
------------
Array:
message : Array ;
module : news ;
rule : 56 ;
priority : 0 ;
keyword : Array ;

2016-10-09 13:41:53 response :
------------
Array:
FromUserName : gh_2a16c32dff4b ;
ToUserName : oZF73wAKimMU1XufzSoWnPXuf02w ;
MsgType : news ;
ArticleCount : 1 ;
Articles : Array ;

2016-10-09 13:47:25 trace :
------------
String:
<xml><ToUserName><![CDATA[gh_2a16c32dff4b]]></ToUserName>
<FromUserName><![CDATA[oZF73wFmee9yOC46AYG1gF5yHuxM]]></FromUserName>
<CreateTime>1475992045</CreateTime>
<MsgType><![CDATA[event]]></MsgType>
<Event><![CDATA[subscribe]]></Event>
<EventKey><![CDATA[]]></EventKey>
</xml>

2016-10-09 13:47:25 params :
------------
Array:
message : Array ;
module : news ;
rule : 56 ;
priority : 0 ;
keyword : Array ;

2016-10-09 13:47:25 response :
------------
Array:
FromUserName : gh_2a16c32dff4b ;
ToUserName : oZF73wFmee9yOC46AYG1gF5yHuxM ;
MsgType : news ;
ArticleCount : 1 ;
Articles : Array ;

2016-10-09 13:50:23 trace :
------------
String:
<xml><ToUserName><![CDATA[gh_4e0c181b7380]]></ToUserName>
<FromUserName><![CDATA[oxtWnv8dKzKM6w_0eFzZG_TYcDDE]]></FromUserName>
<CreateTime>1475992223</CreateTime>
<MsgType><![CDATA[event]]></MsgType>
<Event><![CDATA[TEMPLATESENDJOBFINISH]]></Event>
<MsgID>432858714</MsgID>
<Status><![CDATA[success]]></Status>
</xml>

2016-10-09 13:50:23 params :
------------
Array:
message : Array ;
module : default ;
rule : -1 ;

2016-10-09 13:50:23 response :
------------
Array:
params : Array ;

2016-10-09 13:50:34 trace :
------------
String:
<xml><ToUserName><![CDATA[gh_4e0c181b7380]]></ToUserName>
<FromUserName><![CDATA[oxtWnv8dKzKM6w_0eFzZG_TYcDDE]]></FromUserName>
<CreateTime>1475992234</CreateTime>
<MsgType><![CDATA[event]]></MsgType>
<Event><![CDATA[TEMPLATESENDJOBFINISH]]></Event>
<MsgID>432858716</MsgID>
<Status><![CDATA[success]]></Status>
</xml>

2016-10-09 13:50:34 params :
------------
Array:
message : Array ;
module : default ;
rule : -1 ;

2016-10-09 13:50:34 response :
------------
Array:
params : Array ;

2016-10-09 13:52:25 trace :
------------
String:
<xml><ToUserName><![CDATA[gh_e7a0c8306261]]></ToUserName>
<FromUserName><![CDATA[oRj-Fs5QjtciVl9kBRfKQQiKibmI]]></FromUserName>
<CreateTime>1475992345</CreateTime>
<MsgType><![CDATA[event]]></MsgType>
<Event><![CDATA[VIEW]]></Event>
<EventKey><![CDATA[http://www.9kpu.com/app/index.php?i=13&c=entry&eid=1]]></EventKey>
<MenuId>409075692</MenuId>
</xml>

2016-10-09 13:52:25 params :
------------
Array:
message : Array ;
module : basic ;
rule : 22 ;
priority : 0 ;
keyword : Array ;

2016-10-09 13:52:25 response :
------------
Array:
FromUserName : gh_e7a0c8306261 ;
ToUserName : oRj-Fs5QjtciVl9kBRfKQQiKibmI ;
MsgType : text ;
Content : 欢迎关注同城学堂，点击微官网查看本学校介绍信息，家长点击学生天地绑定自己小孩信息使用，老师点击教师信息绑定自己账号使用 ;

2016-10-09 14:12:28 trace :
------------
String:
<xml><ToUserName><![CDATA[gh_2a16c32dff4b]]></ToUserName>
<FromUserName><![CDATA[oZF73wAKimMU1XufzSoWnPXuf02w]]></FromUserName>
<CreateTime>1475993548</CreateTime>
<MsgType><![CDATA[event]]></MsgType>
<Event><![CDATA[VIEW]]></Event>
<EventKey><![CDATA[http://www.9kpu.com/app/index.php?i=26&c=entry&eid=1]]></EventKey>
<MenuId>443004588</MenuId>
</xml>

2016-10-09 14:12:28 params :
------------
Array:
message : Array ;
module : news ;
rule : 56 ;
priority : 0 ;
keyword : Array ;

2016-10-09 14:12:28 response :
------------
Array:
FromUserName : gh_2a16c32dff4b ;
ToUserName : oZF73wAKimMU1XufzSoWnPXuf02w ;
MsgType : news ;
ArticleCount : 1 ;
Articles : Array ;

2016-10-09 14:13:16 trace :
------------
String:
<xml><ToUserName><![CDATA[gh_2a16c32dff4b]]></ToUserName>
<FromUserName><![CDATA[oZF73wAKimMU1XufzSoWnPXuf02w]]></FromUserName>
<CreateTime>1475993596</CreateTime>
<MsgType><![CDATA[event]]></MsgType>
<Event><![CDATA[VIEW]]></Event>
<EventKey><![CDATA[http://www.9kpu.com/app/index.php?i=26&c=entry&eid=1]]></EventKey>
<MenuId>443004588</MenuId>
</xml>

2016-10-09 14:13:16 params :
------------
Array:
message : Array ;
module : news ;
rule : 56 ;
priority : 0 ;
keyword : Array ;

2016-10-09 14:13:16 response :
------------
Array:
FromUserName : gh_2a16c32dff4b ;
ToUserName : oZF73wAKimMU1XufzSoWnPXuf02w ;
MsgType : news ;
ArticleCount : 1 ;
Articles : Array ;

2016-10-09 14:20:57 trace :
------------
String:
<xml><ToUserName><![CDATA[gh_2a16c32dff4b]]></ToUserName>
<FromUserName><![CDATA[oZF73wFmee9yOC46AYG1gF5yHuxM]]></FromUserName>
<CreateTime>1475994057</CreateTime>
<MsgType><![CDATA[event]]></MsgType>
<Event><![CDATA[VIEW]]></Event>
<EventKey><![CDATA[http://www.9kpu.com/app/index.php?i=26&c=home&t=37]]></EventKey>
<MenuId>443004588</MenuId>
</xml>

2016-10-09 14:20:57 params :
------------
Array:
message : Array ;
module : news ;
rule : 56 ;
priority : 0 ;
keyword : Array ;

2016-10-09 14:20:57 response :
------------
Array:
FromUserName : gh_2a16c32dff4b ;
ToUserName : oZF73wFmee9yOC46AYG1gF5yHuxM ;
MsgType : news ;
ArticleCount : 1 ;
Articles : Array ;

2016-10-09 14:21:05 trace :
------------
String:
<xml><ToUserName><![CDATA[gh_2a16c32dff4b]]></ToUserName>
<FromUserName><![CDATA[oZF73wFmee9yOC46AYG1gF5yHuxM]]></FromUserName>
<CreateTime>1475994065</CreateTime>
<MsgType><![CDATA[event]]></MsgType>
<Event><![CDATA[VIEW]]></Event>
<EventKey><![CDATA[http://www.9kpu.com/app/index.php?i=26&c=entry&eid=1]]></EventKey>
<MenuId>443004588</MenuId>
</xml>

2016-10-09 14:21:05 params :
------------
Array:
message : Array ;
module : news ;
rule : 56 ;
priority : 0 ;
keyword : Array ;

2016-10-09 14:21:05 response :
------------
Array:
FromUserName : gh_2a16c32dff4b ;
ToUserName : oZF73wFmee9yOC46AYG1gF5yHuxM ;
MsgType : news ;
ArticleCount : 1 ;
Articles : Array ;

2016-10-09 14:21:14 trace :
------------
String:
<xml><ToUserName><![CDATA[gh_2a16c32dff4b]]></ToUserName>
<FromUserName><![CDATA[oZF73wFmee9yOC46AYG1gF5yHuxM]]></FromUserName>
<CreateTime>1475994074</CreateTime>
<MsgType><![CDATA[event]]></MsgType>
<Event><![CDATA[VIEW]]></Event>
<EventKey><![CDATA[http://www.9kpu.com/app/index.php?i=26&c=entry&do=teaIn&m=lianhu_school]]></EventKey>
<MenuId>443004588</MenuId>
</xml>

2016-10-09 14:21:14 params :
------------
Array:
message : Array ;
module : news ;
rule : 56 ;
priority : 0 ;
keyword : Array ;

2016-10-09 14:21:14 response :
------------
Array:
FromUserName : gh_2a16c32dff4b ;
ToUserName : oZF73wFmee9yOC46AYG1gF5yHuxM ;
MsgType : news ;
ArticleCount : 1 ;
Articles : Array ;

2016-10-09 14:21:24 trace :
------------
String:
<xml><ToUserName><![CDATA[gh_2a16c32dff4b]]></ToUserName>
<FromUserName><![CDATA[oZF73wFmee9yOC46AYG1gF5yHuxM]]></FromUserName>
<CreateTime>1475994084</CreateTime>
<MsgType><![CDATA[event]]></MsgType>
<Event><![CDATA[VIEW]]></Event>
<EventKey><![CDATA[http://www.9kpu.com/app/index.php?i=26&c=home&]]></EventKey>
<MenuId>443004588</MenuId>
</xml>

2016-10-09 14:21:24 params :
------------
Array:
message : Array ;
module : news ;
rule : 56 ;
priority : 0 ;
keyword : Array ;

2016-10-09 14:21:24 response :
------------
Array:
FromUserName : gh_2a16c32dff4b ;
ToUserName : oZF73wFmee9yOC46AYG1gF5yHuxM ;
MsgType : news ;
ArticleCount : 1 ;
Articles : Array ;

2016-10-09 14:30:45 trace :
------------
String:
<xml><ToUserName><![CDATA[gh_2a16c32dff4b]]></ToUserName>
<FromUserName><![CDATA[oZF73wAKimMU1XufzSoWnPXuf02w]]></FromUserName>
<CreateTime>1475994645</CreateTime>
<MsgType><![CDATA[event]]></MsgType>
<Event><![CDATA[VIEW]]></Event>
<EventKey><![CDATA[http://www.9kpu.com/app/index.php?i=26&c=entry&eid=1]]></EventKey>
<MenuId>443004588</MenuId>
</xml>

2016-10-09 14:30:45 params :
------------
Array:
message : Array ;
module : news ;
rule : 56 ;
priority : 0 ;
keyword : Array ;

2016-10-09 14:30:45 response :
------------
Array:
FromUserName : gh_2a16c32dff4b ;
ToUserName : oZF73wAKimMU1XufzSoWnPXuf02w ;
MsgType : news ;
ArticleCount : 1 ;
Articles : Array ;

2016-10-09 15:11:30 trace :
------------
String:
<xml><ToUserName><![CDATA[gh_2a16c32dff4b]]></ToUserName>
<FromUserName><![CDATA[oZF73wAKimMU1XufzSoWnPXuf02w]]></FromUserName>
<CreateTime>1475997090</CreateTime>
<MsgType><![CDATA[event]]></MsgType>
<Event><![CDATA[VIEW]]></Event>
<EventKey><![CDATA[http://www.9kpu.com/app/index.php?i=26&c=entry&eid=1]]></EventKey>
<MenuId>443004588</MenuId>
</xml>

2016-10-09 15:11:30 params :
------------
Array:
message : Array ;
module : news ;
rule : 56 ;
priority : 0 ;
keyword : Array ;

2016-10-09 15:11:30 response :
------------
Array:
FromUserName : gh_2a16c32dff4b ;
ToUserName : oZF73wAKimMU1XufzSoWnPXuf02w ;
MsgType : news ;
ArticleCount : 1 ;
Articles : Array ;

2016-10-09 15:12:34 trace :
------------
String:
<xml><ToUserName><![CDATA[gh_2a16c32dff4b]]></ToUserName>
<FromUserName><![CDATA[oZF73wOfohJA3aQC5vcuhQsAAcnA]]></FromUserName>
<CreateTime>1475997154</CreateTime>
<MsgType><![CDATA[event]]></MsgType>
<Event><![CDATA[subscribe]]></Event>
<EventKey><![CDATA[]]></EventKey>
</xml>

2016-10-09 15:12:34 params :
------------
Array:
message : Array ;
module : news ;
rule : 56 ;
priority : 0 ;
keyword : Array ;

2016-10-09 15:12:34 response :
------------
Array:
FromUserName : gh_2a16c32dff4b ;
ToUserName : oZF73wOfohJA3aQC5vcuhQsAAcnA ;
MsgType : news ;
ArticleCount : 1 ;
Articles : Array ;

2016-10-09 15:13:05 trace :
------------
String:
<xml><ToUserName><![CDATA[gh_2a16c32dff4b]]></ToUserName>
<FromUserName><![CDATA[oZF73wOfohJA3aQC5vcuhQsAAcnA]]></FromUserName>
<CreateTime>1475997185</CreateTime>
<MsgType><![CDATA[event]]></MsgType>
<Event><![CDATA[VIEW]]></Event>
<EventKey><![CDATA[http://www.9kpu.com/app/index.php?i=26&c=entry&eid=1]]></EventKey>
<MenuId>443004588</MenuId>
</xml>

2016-10-09 15:13:05 params :
------------
Array:
message : Array ;
module : news ;
rule : 56 ;
priority : 0 ;
keyword : Array ;

2016-10-09 15:13:05 response :
------------
Array:
FromUserName : gh_2a16c32dff4b ;
ToUserName : oZF73wOfohJA3aQC5vcuhQsAAcnA ;
MsgType : news ;
ArticleCount : 1 ;
Articles : Array ;

2016-10-09 15:13:09 trace :
------------
String:
<xml><ToUserName><![CDATA[gh_2a16c32dff4b]]></ToUserName>
<FromUserName><![CDATA[oZF73wOfohJA3aQC5vcuhQsAAcnA]]></FromUserName>
<CreateTime>1475997189</CreateTime>
<MsgType><![CDATA[event]]></MsgType>
<Event><![CDATA[VIEW]]></Event>
<EventKey><![CDATA[http://www.9kpu.com/app/index.php?i=26&c=entry&do=teaIn&m=lianhu_school]]></EventKey>
<MenuId>443004588</MenuId>
</xml>

2016-10-09 15:13:09 params :
------------
Array:
message : Array ;
module : news ;
rule : 56 ;
priority : 0 ;
keyword : Array ;

2016-10-09 15:13:09 response :
------------
Array:
FromUserName : gh_2a16c32dff4b ;
ToUserName : oZF73wOfohJA3aQC5vcuhQsAAcnA ;
MsgType : news ;
ArticleCount : 1 ;
Articles : Array ;

2016-10-09 15:13:37 trace :
------------
String:
<xml><ToUserName><![CDATA[gh_2a16c32dff4b]]></ToUserName>
<FromUserName><![CDATA[oZF73wOfohJA3aQC5vcuhQsAAcnA]]></FromUserName>
<CreateTime>1475997217</CreateTime>
<MsgType><![CDATA[event]]></MsgType>
<Event><![CDATA[VIEW]]></Event>
<EventKey><![CDATA[http://www.9kpu.com/app/index.php?i=26&c=home&t=37]]></EventKey>
<MenuId>443004588</MenuId>
</xml>

2016-10-09 15:13:37 params :
------------
Array:
message : Array ;
module : news ;
rule : 56 ;
priority : 0 ;
keyword : Array ;

2016-10-09 15:13:37 response :
------------
Array:
FromUserName : gh_2a16c32dff4b ;
ToUserName : oZF73wOfohJA3aQC5vcuhQsAAcnA ;
MsgType : news ;
ArticleCount : 1 ;
Articles : Array ;

2016-10-09 15:18:52 trace :
------------
String:
<xml><ToUserName><![CDATA[gh_2a16c32dff4b]]></ToUserName>
<FromUserName><![CDATA[oZF73wAKimMU1XufzSoWnPXuf02w]]></FromUserName>
<CreateTime>1475997532</CreateTime>
<MsgType><![CDATA[event]]></MsgType>
<Event><![CDATA[VIEW]]></Event>
<EventKey><![CDATA[http://www.9kpu.com/app/index.php?i=26&c=home&]]></EventKey>
<MenuId>443004588</MenuId>
</xml>

2016-10-09 15:18:52 params :
------------
Array:
message : Array ;
module : news ;
rule : 56 ;
priority : 0 ;
keyword : Array ;

2016-10-09 15:18:52 response :
------------
Array:
FromUserName : gh_2a16c32dff4b ;
ToUserName : oZF73wAKimMU1XufzSoWnPXuf02w ;
MsgType : news ;
ArticleCount : 1 ;
Articles : Array ;

2016-10-09 15:19:08 trace :
------------
String:
<xml><ToUserName><![CDATA[gh_2a16c32dff4b]]></ToUserName>
<FromUserName><![CDATA[oZF73wOfohJA3aQC5vcuhQsAAcnA]]></FromUserName>
<CreateTime>1475997548</CreateTime>
<MsgType><![CDATA[event]]></MsgType>
<Event><![CDATA[VIEW]]></Event>
<EventKey><![CDATA[http://www.9kpu.com/app/index.php?i=26&c=entry&do=teaIn&m=lianhu_school]]></EventKey>
<MenuId>443004588</MenuId>
</xml>

2016-10-09 15:19:08 params :
------------
Array:
message : Array ;
module : news ;
rule : 56 ;
priority : 0 ;
keyword : Array ;

2016-10-09 15:19:08 response :
------------
Array:
FromUserName : gh_2a16c32dff4b ;
ToUserName : oZF73wOfohJA3aQC5vcuhQsAAcnA ;
MsgType : news ;
ArticleCount : 1 ;
Articles : Array ;

2016-10-09 15:19:28 trace :
------------
String:
<xml><ToUserName><![CDATA[gh_2a16c32dff4b]]></ToUserName>
<FromUserName><![CDATA[oZF73wAKimMU1XufzSoWnPXuf02w]]></FromUserName>
<CreateTime>1475997568</CreateTime>
<MsgType><![CDATA[event]]></MsgType>
<Event><![CDATA[VIEW]]></Event>
<EventKey><![CDATA[http://www.9kpu.com/app/index.php?i=26&c=entry&do=teaIn&m=lianhu_school]]></EventKey>
<MenuId>443004588</MenuId>
</xml>

2016-10-09 15:19:28 params :
------------
Array:
message : Array ;
module : news ;
rule : 56 ;
priority : 0 ;
keyword : Array ;

2016-10-09 15:19:28 response :
------------
Array:
FromUserName : gh_2a16c32dff4b ;
ToUserName : oZF73wAKimMU1XufzSoWnPXuf02w ;
MsgType : news ;
ArticleCount : 1 ;
Articles : Array ;

2016-10-09 15:19:33 trace :
------------
String:
<xml><ToUserName><![CDATA[gh_2a16c32dff4b]]></ToUserName>
<FromUserName><![CDATA[oZF73wOfohJA3aQC5vcuhQsAAcnA]]></FromUserName>
<CreateTime>1475997573</CreateTime>
<MsgType><![CDATA[event]]></MsgType>
<Event><![CDATA[VIEW]]></Event>
<EventKey><![CDATA[http://www.9kpu.com/app/index.php?i=26&c=entry&do=teaIn&m=lianhu_school]]></EventKey>
<MenuId>443004588</MenuId>
</xml>

2016-10-09 15:19:33 params :
------------
Array:
message : Array ;
module : news ;
rule : 56 ;
priority : 0 ;
keyword : Array ;

2016-10-09 15:19:33 response :
------------
Array:
FromUserName : gh_2a16c32dff4b ;
ToUserName : oZF73wOfohJA3aQC5vcuhQsAAcnA ;
MsgType : news ;
ArticleCount : 1 ;
Articles : Array ;

2016-10-09 15:19:38 trace :
------------
String:
<xml><ToUserName><![CDATA[gh_2a16c32dff4b]]></ToUserName>
<FromUserName><![CDATA[oZF73wOfohJA3aQC5vcuhQsAAcnA]]></FromUserName>
<CreateTime>1475997578</CreateTime>
<MsgType><![CDATA[event]]></MsgType>
<Event><![CDATA[VIEW]]></Event>
<EventKey><![CDATA[http://www.9kpu.com/app/index.php?i=26&c=entry&eid=1]]></EventKey>
<MenuId>443004588</MenuId>
</xml>

2016-10-09 15:19:38 params :
------------
Array:
message : Array ;
module : news ;
rule : 56 ;
priority : 0 ;
keyword : Array ;

2016-10-09 15:19:38 response :
------------
Array:
FromUserName : gh_2a16c32dff4b ;
ToUserName : oZF73wOfohJA3aQC5vcuhQsAAcnA ;
MsgType : news ;
ArticleCount : 1 ;
Articles : Array ;

2016-10-09 15:19:49 trace :
------------
String:
<xml><ToUserName><![CDATA[gh_2a16c32dff4b]]></ToUserName>
<FromUserName><![CDATA[oZF73wAKimMU1XufzSoWnPXuf02w]]></FromUserName>
<CreateTime>1475997589</CreateTime>
<MsgType><![CDATA[event]]></MsgType>
<Event><![CDATA[VIEW]]></Event>
<EventKey><![CDATA[http://www.9kpu.com/app/index.php?i=26&c=entry&eid=1]]></EventKey>
<MenuId>443004588</MenuId>
</xml>

2016-10-09 15:19:49 params :
------------
Array:
message : Array ;
module : news ;
rule : 56 ;
priority : 0 ;
keyword : Array ;

2016-10-09 15:19:49 response :
------------
Array:
FromUserName : gh_2a16c32dff4b ;
ToUserName : oZF73wAKimMU1XufzSoWnPXuf02w ;
MsgType : news ;
ArticleCount : 1 ;
Articles : Array ;

2016-10-09 15:20:10 trace :
------------
String:
<xml><ToUserName><![CDATA[gh_2a23de840671]]></ToUserName>
<FromUserName><![CDATA[oQxC9wcDxzXQK6Jt-2r12zPKIvik]]></FromUserName>
<CreateTime>1475997610</CreateTime>
<MsgType><![CDATA[event]]></MsgType>
<Event><![CDATA[VIEW]]></Event>
<EventKey><![CDATA[http://www.9kpu.com/app/index.php?i=31&c=entry&eid=1]]></EventKey>
<MenuId>408135367</MenuId>
</xml>

2016-10-09 15:20:10 params :
------------
Array:
message : Array ;
module : news ;
rule : 60 ;
priority : 0 ;
keyword : Array ;

2016-10-09 15:20:10 response :
------------
Array:
FromUserName : gh_2a23de840671 ;
ToUserName : oQxC9wcDxzXQK6Jt-2r12zPKIvik ;
MsgType : news ;
ArticleCount : 1 ;
Articles : Array ;

2016-10-09 15:25:39 trace :
------------
String:
<xml><ToUserName><![CDATA[gh_2a16c32dff4b]]></ToUserName>
<FromUserName><![CDATA[oZF73wAKimMU1XufzSoWnPXuf02w]]></FromUserName>
<CreateTime>1475997939</CreateTime>
<MsgType><![CDATA[event]]></MsgType>
<Event><![CDATA[VIEW]]></Event>
<EventKey><![CDATA[http://www.9kpu.com/app/index.php?i=26&c=entry&eid=1]]></EventKey>
<MenuId>443004588</MenuId>
</xml>

2016-10-09 15:25:40 params :
------------
Array:
message : Array ;
module : news ;
rule : 56 ;
priority : 0 ;
keyword : Array ;

2016-10-09 15:25:40 response :
------------
Array:
FromUserName : gh_2a16c32dff4b ;
ToUserName : oZF73wAKimMU1XufzSoWnPXuf02w ;
MsgType : news ;
ArticleCount : 1 ;
Articles : Array ;

2016-10-09 15:26:01 trace :
------------
String:
<xml><ToUserName><![CDATA[gh_2a16c32dff4b]]></ToUserName>
<FromUserName><![CDATA[oZF73wOfohJA3aQC5vcuhQsAAcnA]]></FromUserName>
<CreateTime>1475997961</CreateTime>
<MsgType><![CDATA[event]]></MsgType>
<Event><![CDATA[VIEW]]></Event>
<EventKey><![CDATA[http://www.9kpu.com/app/index.php?i=26&c=entry&eid=1]]></EventKey>
<MenuId>443004588</MenuId>
</xml>

2016-10-09 15:26:01 params :
------------
Array:
message : Array ;
module : news ;
rule : 56 ;
priority : 0 ;
keyword : Array ;

2016-10-09 15:26:01 response :
------------
Array:
FromUserName : gh_2a16c32dff4b ;
ToUserName : oZF73wOfohJA3aQC5vcuhQsAAcnA ;
MsgType : news ;
ArticleCount : 1 ;
Articles : Array ;

2016-10-09 15:26:11 trace :
------------
String:
<xml><ToUserName><![CDATA[gh_2a16c32dff4b]]></ToUserName>
<FromUserName><![CDATA[oZF73wOfohJA3aQC5vcuhQsAAcnA]]></FromUserName>
<CreateTime>1475997971</CreateTime>
<MsgType><![CDATA[event]]></MsgType>
<Event><![CDATA[VIEW]]></Event>
<EventKey><![CDATA[http://www.9kpu.com/app/index.php?i=26&c=home&t=37]]></EventKey>
<MenuId>443004588</MenuId>
</xml>

2016-10-09 15:26:11 params :
------------
Array:
message : Array ;
module : news ;
rule : 56 ;
priority : 0 ;
keyword : Array ;

2016-10-09 15:26:11 response :
------------
Array:
FromUserName : gh_2a16c32dff4b ;
ToUserName : oZF73wOfohJA3aQC5vcuhQsAAcnA ;
MsgType : news ;
ArticleCount : 1 ;
Articles : Array ;

2016-10-09 15:26:59 trace :
------------
String:
<xml><ToUserName><![CDATA[gh_2a16c32dff4b]]></ToUserName>
<FromUserName><![CDATA[oZF73wLBTcbc7Z-Equ-4p1W8E8NM]]></FromUserName>
<CreateTime>1475998019</CreateTime>
<MsgType><![CDATA[event]]></MsgType>
<Event><![CDATA[subscribe]]></Event>
<EventKey><![CDATA[]]></EventKey>
</xml>

2016-10-09 15:26:59 params :
------------
Array:
message : Array ;
module : news ;
rule : 56 ;
priority : 0 ;
keyword : Array ;

2016-10-09 15:26:59 response :
------------
Array:
FromUserName : gh_2a16c32dff4b ;
ToUserName : oZF73wLBTcbc7Z-Equ-4p1W8E8NM ;
MsgType : news ;
ArticleCount : 1 ;
Articles : Array ;

2016-10-09 15:27:50 trace :
------------
String:
<xml><ToUserName><![CDATA[gh_2a16c32dff4b]]></ToUserName>
<FromUserName><![CDATA[oZF73wOfohJA3aQC5vcuhQsAAcnA]]></FromUserName>
<CreateTime>1475998070</CreateTime>
<MsgType><![CDATA[event]]></MsgType>
<Event><![CDATA[VIEW]]></Event>
<EventKey><![CDATA[http://www.9kpu.com/app/index.php?i=26&c=home&t=43]]></EventKey>
<MenuId>443004588</MenuId>
</xml>

2016-10-09 15:27:50 params :
------------
Array:
message : Array ;
module : news ;
rule : 56 ;
priority : 0 ;
keyword : Array ;

2016-10-09 15:27:50 response :
------------
Array:
FromUserName : gh_2a16c32dff4b ;
ToUserName : oZF73wOfohJA3aQC5vcuhQsAAcnA ;
MsgType : news ;
ArticleCount : 1 ;
Articles : Array ;

2016-10-09 15:28:01 trace :
------------
String:
<xml><ToUserName><![CDATA[gh_2a16c32dff4b]]></ToUserName>
<FromUserName><![CDATA[oZF73wLBTcbc7Z-Equ-4p1W8E8NM]]></FromUserName>
<CreateTime>1475998081</CreateTime>
<MsgType><![CDATA[event]]></MsgType>
<Event><![CDATA[VIEW]]></Event>
<EventKey><![CDATA[http://www.9kpu.com/app/index.php?i=26&c=home&t=37]]></EventKey>
<MenuId>443004588</MenuId>
</xml>

2016-10-09 15:28:01 params :
------------
Array:
message : Array ;
module : news ;
rule : 56 ;
priority : 0 ;
keyword : Array ;

2016-10-09 15:28:01 response :
------------
Array:
FromUserName : gh_2a16c32dff4b ;
ToUserName : oZF73wLBTcbc7Z-Equ-4p1W8E8NM ;
MsgType : news ;
ArticleCount : 1 ;
Articles : Array ;

2016-10-09 15:28:06 trace :
------------
String:
<xml><ToUserName><![CDATA[gh_2a16c32dff4b]]></ToUserName>
<FromUserName><![CDATA[oZF73wOfohJA3aQC5vcuhQsAAcnA]]></FromUserName>
<CreateTime>1475998086</CreateTime>
<MsgType><![CDATA[event]]></MsgType>
<Event><![CDATA[VIEW]]></Event>
<EventKey><![CDATA[http://www.9kpu.com/app/index.php?i=26&c=home&]]></EventKey>
<MenuId>443004588</MenuId>
</xml>

2016-10-09 15:28:06 params :
------------
Array:
message : Array ;
module : news ;
rule : 56 ;
priority : 0 ;
keyword : Array ;

2016-10-09 15:28:06 response :
------------
Array:
FromUserName : gh_2a16c32dff4b ;
ToUserName : oZF73wOfohJA3aQC5vcuhQsAAcnA ;
MsgType : news ;
ArticleCount : 1 ;
Articles : Array ;

2016-10-09 15:28:06 trace :
------------
String:
<xml><ToUserName><![CDATA[gh_2a16c32dff4b]]></ToUserName>
<FromUserName><![CDATA[oZF73wLBTcbc7Z-Equ-4p1W8E8NM]]></FromUserName>
<CreateTime>1475998086</CreateTime>
<MsgType><![CDATA[event]]></MsgType>
<Event><![CDATA[VIEW]]></Event>
<EventKey><![CDATA[http://www.9kpu.com/app/index.php?i=26&c=home&]]></EventKey>
<MenuId>443004588</MenuId>
</xml>

2016-10-09 15:28:06 params :
------------
Array:
message : Array ;
module : news ;
rule : 56 ;
priority : 0 ;
keyword : Array ;

2016-10-09 15:28:06 response :
------------
Array:
FromUserName : gh_2a16c32dff4b ;
ToUserName : oZF73wLBTcbc7Z-Equ-4p1W8E8NM ;
MsgType : news ;
ArticleCount : 1 ;
Articles : Array ;

2016-10-09 15:28:21 trace :
------------
String:
<xml><ToUserName><![CDATA[gh_2a16c32dff4b]]></ToUserName>
<FromUserName><![CDATA[oZF73wLBTcbc7Z-Equ-4p1W8E8NM]]></FromUserName>
<CreateTime>1475998101</CreateTime>
<MsgType><![CDATA[event]]></MsgType>
<Event><![CDATA[VIEW]]></Event>
<EventKey><![CDATA[http://www.9kpu.com/app/index.php?i=26&c=entry&eid=1]]></EventKey>
<MenuId>443004588</MenuId>
</xml>

2016-10-09 15:28:21 params :
------------
Array:
message : Array ;
module : news ;
rule : 56 ;
priority : 0 ;
keyword : Array ;

2016-10-09 15:28:21 response :
------------
Array:
FromUserName : gh_2a16c32dff4b ;
ToUserName : oZF73wLBTcbc7Z-Equ-4p1W8E8NM ;
MsgType : news ;
ArticleCount : 1 ;
Articles : Array ;

2016-10-09 15:28:25 trace :
------------
String:
<xml><ToUserName><![CDATA[gh_2a16c32dff4b]]></ToUserName>
<FromUserName><![CDATA[oZF73wLBTcbc7Z-Equ-4p1W8E8NM]]></FromUserName>
<CreateTime>1475998105</CreateTime>
<MsgType><![CDATA[event]]></MsgType>
<Event><![CDATA[VIEW]]></Event>
<EventKey><![CDATA[http://www.9kpu.com/app/index.php?i=26&c=entry&do=teaIn&m=lianhu_school]]></EventKey>
<MenuId>443004588</MenuId>
</xml>

2016-10-09 15:28:25 params :
------------
Array:
message : Array ;
module : news ;
rule : 56 ;
priority : 0 ;
keyword : Array ;

2016-10-09 15:28:25 response :
------------
Array:
FromUserName : gh_2a16c32dff4b ;
ToUserName : oZF73wLBTcbc7Z-Equ-4p1W8E8NM ;
MsgType : news ;
ArticleCount : 1 ;
Articles : Array ;

2016-10-09 15:28:32 trace :
------------
String:
<xml><ToUserName><![CDATA[gh_2a16c32dff4b]]></ToUserName>
<FromUserName><![CDATA[oZF73wOfohJA3aQC5vcuhQsAAcnA]]></FromUserName>
<CreateTime>1475998112</CreateTime>
<MsgType><![CDATA[event]]></MsgType>
<Event><![CDATA[VIEW]]></Event>
<EventKey><![CDATA[http://www.9kpu.com/app/index.php?i=26&c=home&]]></EventKey>
<MenuId>443004588</MenuId>
</xml>

2016-10-09 15:28:32 params :
------------
Array:
message : Array ;
module : news ;
rule : 56 ;
priority : 0 ;
keyword : Array ;

2016-10-09 15:28:32 response :
------------
Array:
FromUserName : gh_2a16c32dff4b ;
ToUserName : oZF73wOfohJA3aQC5vcuhQsAAcnA ;
MsgType : news ;
ArticleCount : 1 ;
Articles : Array ;

2016-10-09 15:28:44 trace :
------------
String:
<xml><ToUserName><![CDATA[gh_2a16c32dff4b]]></ToUserName>
<FromUserName><![CDATA[oZF73wOfohJA3aQC5vcuhQsAAcnA]]></FromUserName>
<CreateTime>1475998124</CreateTime>
<MsgType><![CDATA[event]]></MsgType>
<Event><![CDATA[VIEW]]></Event>
<EventKey><![CDATA[http://www.9kpu.com/app/index.php?i=26&c=home&]]></EventKey>
<MenuId>443004588</MenuId>
</xml>

2016-10-09 15:28:44 params :
------------
Array:
message : Array ;
module : news ;
rule : 56 ;
priority : 0 ;
keyword : Array ;

2016-10-09 15:28:44 response :
------------
Array:
FromUserName : gh_2a16c32dff4b ;
ToUserName : oZF73wOfohJA3aQC5vcuhQsAAcnA ;
MsgType : news ;
ArticleCount : 1 ;
Articles : Array ;

2016-10-09 15:29:03 trace :
------------
String:
<xml><ToUserName><![CDATA[gh_2a16c32dff4b]]></ToUserName>
<FromUserName><![CDATA[oZF73wAKimMU1XufzSoWnPXuf02w]]></FromUserName>
<CreateTime>1475998143</CreateTime>
<MsgType><![CDATA[event]]></MsgType>
<Event><![CDATA[VIEW]]></Event>
<EventKey><![CDATA[http://www.9kpu.com/app/index.php?i=26&c=entry&eid=1]]></EventKey>
<MenuId>443004588</MenuId>
</xml>

2016-10-09 15:29:03 params :
------------
Array:
message : Array ;
module : news ;
rule : 56 ;
priority : 0 ;
keyword : Array ;

2016-10-09 15:29:03 response :
------------
Array:
FromUserName : gh_2a16c32dff4b ;
ToUserName : oZF73wAKimMU1XufzSoWnPXuf02w ;
MsgType : news ;
ArticleCount : 1 ;
Articles : Array ;

2016-10-09 15:29:05 trace :
------------
String:
<xml><ToUserName><![CDATA[gh_2a16c32dff4b]]></ToUserName>
<FromUserName><![CDATA[oZF73wOfohJA3aQC5vcuhQsAAcnA]]></FromUserName>
<CreateTime>1475998145</CreateTime>
<MsgType><![CDATA[event]]></MsgType>
<Event><![CDATA[VIEW]]></Event>
<EventKey><![CDATA[http://www.9kpu.com/app/index.php?i=26&c=home&t=37]]></EventKey>
<MenuId>443004588</MenuId>
</xml>

2016-10-09 15:29:05 params :
------------
Array:
message : Array ;
module : news ;
rule : 56 ;
priority : 0 ;
keyword : Array ;

2016-10-09 15:29:05 response :
------------
Array:
FromUserName : gh_2a16c32dff4b ;
ToUserName : oZF73wOfohJA3aQC5vcuhQsAAcnA ;
MsgType : news ;
ArticleCount : 1 ;
Articles : Array ;

2016-10-09 15:29:11 trace :
------------
String:
<xml><ToUserName><![CDATA[gh_2a16c32dff4b]]></ToUserName>
<FromUserName><![CDATA[oZF73wOfohJA3aQC5vcuhQsAAcnA]]></FromUserName>
<CreateTime>1475998151</CreateTime>
<MsgType><![CDATA[event]]></MsgType>
<Event><![CDATA[VIEW]]></Event>
<EventKey><![CDATA[http://www.9kpu.com/app/index.php?i=26&c=home&]]></EventKey>
<MenuId>443004588</MenuId>
</xml>

2016-10-09 15:29:11 params :
------------
Array:
message : Array ;
module : news ;
rule : 56 ;
priority : 0 ;
keyword : Array ;

2016-10-09 15:29:11 response :
------------
Array:
FromUserName : gh_2a16c32dff4b ;
ToUserName : oZF73wOfohJA3aQC5vcuhQsAAcnA ;
MsgType : news ;
ArticleCount : 1 ;
Articles : Array ;

2016-10-09 15:29:42 trace :
------------
String:
<xml><ToUserName><![CDATA[gh_2a16c32dff4b]]></ToUserName>
<FromUserName><![CDATA[oZF73wOfohJA3aQC5vcuhQsAAcnA]]></FromUserName>
<CreateTime>1475998182</CreateTime>
<MsgType><![CDATA[event]]></MsgType>
<Event><![CDATA[VIEW]]></Event>
<EventKey><![CDATA[http://www.9kpu.com/app/index.php?i=26&c=home&]]></EventKey>
<MenuId>443004588</MenuId>
</xml>

2016-10-09 15:29:42 params :
------------
Array:
message : Array ;
module : news ;
rule : 56 ;
priority : 0 ;
keyword : Array ;

2016-10-09 15:29:42 response :
------------
Array:
FromUserName : gh_2a16c32dff4b ;
ToUserName : oZF73wOfohJA3aQC5vcuhQsAAcnA ;
MsgType : news ;
ArticleCount : 1 ;
Articles : Array ;

2016-10-09 15:29:48 trace :
------------
String:
<xml><ToUserName><![CDATA[gh_2a16c32dff4b]]></ToUserName>
<FromUserName><![CDATA[oZF73wLBTcbc7Z-Equ-4p1W8E8NM]]></FromUserName>
<CreateTime>1475998188</CreateTime>
<MsgType><![CDATA[event]]></MsgType>
<Event><![CDATA[VIEW]]></Event>
<EventKey><![CDATA[http://www.9kpu.com/app/index.php?i=26&c=home&]]></EventKey>
<MenuId>443004588</MenuId>
</xml>

2016-10-09 15:29:48 params :
------------
Array:
message : Array ;
module : news ;
rule : 56 ;
priority : 0 ;
keyword : Array ;

2016-10-09 15:29:48 response :
------------
Array:
FromUserName : gh_2a16c32dff4b ;
ToUserName : oZF73wLBTcbc7Z-Equ-4p1W8E8NM ;
MsgType : news ;
ArticleCount : 1 ;
Articles : Array ;

2016-10-09 15:30:09 trace :
------------
String:
<xml><ToUserName><![CDATA[gh_2a16c32dff4b]]></ToUserName>
<FromUserName><![CDATA[oZF73wOfohJA3aQC5vcuhQsAAcnA]]></FromUserName>
<CreateTime>1475998209</CreateTime>
<MsgType><![CDATA[event]]></MsgType>
<Event><![CDATA[VIEW]]></Event>
<EventKey><![CDATA[http://www.9kpu.com/app/index.php?i=26&c=entry&eid=1]]></EventKey>
<MenuId>443004588</MenuId>
</xml>

2016-10-09 15:30:09 params :
------------
Array:
message : Array ;
module : news ;
rule : 56 ;
priority : 0 ;
keyword : Array ;

2016-10-09 15:30:09 response :
------------
Array:
FromUserName : gh_2a16c32dff4b ;
ToUserName : oZF73wOfohJA3aQC5vcuhQsAAcnA ;
MsgType : news ;
ArticleCount : 1 ;
Articles : Array ;

2016-10-09 15:34:06 trace :
------------
String:
<xml><ToUserName><![CDATA[gh_2a16c32dff4b]]></ToUserName>
<FromUserName><![CDATA[oZF73wOfohJA3aQC5vcuhQsAAcnA]]></FromUserName>
<CreateTime>1475998446</CreateTime>
<MsgType><![CDATA[event]]></MsgType>
<Event><![CDATA[VIEW]]></Event>
<EventKey><![CDATA[http://www.9kpu.com/app/index.php?i=26&c=home&]]></EventKey>
<MenuId>443004588</MenuId>
</xml>

2016-10-09 15:34:06 params :
------------
Array:
message : Array ;
module : news ;
rule : 56 ;
priority : 0 ;
keyword : Array ;

2016-10-09 15:34:06 response :
------------
Array:
FromUserName : gh_2a16c32dff4b ;
ToUserName : oZF73wOfohJA3aQC5vcuhQsAAcnA ;
MsgType : news ;
ArticleCount : 1 ;
Articles : Array ;

2016-10-09 15:34:16 trace :
------------
String:
<xml><ToUserName><![CDATA[gh_2a16c32dff4b]]></ToUserName>
<FromUserName><![CDATA[oZF73wOfohJA3aQC5vcuhQsAAcnA]]></FromUserName>
<CreateTime>1475998456</CreateTime>
<MsgType><![CDATA[event]]></MsgType>
<Event><![CDATA[VIEW]]></Event>
<EventKey><![CDATA[http://www.9kpu.com/app/index.php?i=26&c=entry&eid=1]]></EventKey>
<MenuId>443004588</MenuId>
</xml>

2016-10-09 15:34:16 params :
------------
Array:
message : Array ;
module : news ;
rule : 56 ;
priority : 0 ;
keyword : Array ;

2016-10-09 15:34:16 response :
------------
Array:
FromUserName : gh_2a16c32dff4b ;
ToUserName : oZF73wOfohJA3aQC5vcuhQsAAcnA ;
MsgType : news ;
ArticleCount : 1 ;
Articles : Array ;

2016-10-09 15:34:21 trace :
------------
String:
<xml><ToUserName><![CDATA[gh_2a16c32dff4b]]></ToUserName>
<FromUserName><![CDATA[oZF73wOfohJA3aQC5vcuhQsAAcnA]]></FromUserName>
<CreateTime>1475998461</CreateTime>
<MsgType><![CDATA[event]]></MsgType>
<Event><![CDATA[VIEW]]></Event>
<EventKey><![CDATA[http://www.9kpu.com/app/index.php?i=26&c=home&]]></EventKey>
<MenuId>443004588</MenuId>
</xml>

2016-10-09 15:34:21 params :
------------
Array:
message : Array ;
module : news ;
rule : 56 ;
priority : 0 ;
keyword : Array ;

2016-10-09 15:34:21 response :
------------
Array:
FromUserName : gh_2a16c32dff4b ;
ToUserName : oZF73wOfohJA3aQC5vcuhQsAAcnA ;
MsgType : news ;
ArticleCount : 1 ;
Articles : Array ;

2016-10-09 15:35:29 trace :
------------
String:
<xml><ToUserName><![CDATA[gh_2a16c32dff4b]]></ToUserName>
<FromUserName><![CDATA[oZF73wAKimMU1XufzSoWnPXuf02w]]></FromUserName>
<CreateTime>1475998529</CreateTime>
<MsgType><![CDATA[event]]></MsgType>
<Event><![CDATA[VIEW]]></Event>
<EventKey><![CDATA[http://www.9kpu.com/app/index.php?i=26&c=entry&eid=1]]></EventKey>
<MenuId>443004588</MenuId>
</xml>

2016-10-09 15:35:29 params :
------------
Array:
message : Array ;
module : news ;
rule : 56 ;
priority : 0 ;
keyword : Array ;

2016-10-09 15:35:29 response :
------------
Array:
FromUserName : gh_2a16c32dff4b ;
ToUserName : oZF73wAKimMU1XufzSoWnPXuf02w ;
MsgType : news ;
ArticleCount : 1 ;
Articles : Array ;

2016-10-09 15:38:12 trace :
------------
String:
<xml><ToUserName><![CDATA[gh_2a16c32dff4b]]></ToUserName>
<FromUserName><![CDATA[oZF73wFS5yxyZNnBd4GoAujlOxfk]]></FromUserName>
<CreateTime>1475998692</CreateTime>
<MsgType><![CDATA[event]]></MsgType>
<Event><![CDATA[VIEW]]></Event>
<EventKey><![CDATA[http://www.9kpu.com/app/index.php?i=26&c=entry&do=teaIn&m=lianhu_school]]></EventKey>
<MenuId>443004588</MenuId>
</xml>

2016-10-09 15:38:12 params :
------------
Array:
message : Array ;
module : news ;
rule : 56 ;
priority : 0 ;
keyword : Array ;

2016-10-09 15:38:12 response :
------------
Array:
FromUserName : gh_2a16c32dff4b ;
ToUserName : oZF73wFS5yxyZNnBd4GoAujlOxfk ;
MsgType : news ;
ArticleCount : 1 ;
Articles : Array ;

2016-10-09 15:42:23 trace :
------------
String:
<xml><ToUserName><![CDATA[gh_e7a0c8306261]]></ToUserName>
<FromUserName><![CDATA[oRj-Fs5QjtciVl9kBRfKQQiKibmI]]></FromUserName>
<CreateTime>1475998942</CreateTime>
<MsgType><![CDATA[event]]></MsgType>
<Event><![CDATA[VIEW]]></Event>
<EventKey><![CDATA[http://www.9kpu.com/app/index.php?i=13&c=entry&eid=1]]></EventKey>
<MenuId>409075692</MenuId>
</xml>

2016-10-09 15:42:23 params :
------------
Array:
message : Array ;
module : basic ;
rule : 22 ;
priority : 0 ;
keyword : Array ;

2016-10-09 15:42:23 response :
------------
Array:
FromUserName : gh_e7a0c8306261 ;
ToUserName : oRj-Fs5QjtciVl9kBRfKQQiKibmI ;
MsgType : text ;
Content : 欢迎关注同城学堂，点击微官网查看本学校介绍信息，家长点击学生天地绑定自己小孩信息使用，老师点击教师信息绑定自己账号使用 ;

2016-10-09 16:51:41 trace :
------------
String:
<xml><ToUserName><![CDATA[gh_e7a0c8306261]]></ToUserName>
<FromUserName><![CDATA[oRj-Fs6bRHgV7YTSuDsomxIXkTFQ]]></FromUserName>
<CreateTime>1476003101</CreateTime>
<MsgType><![CDATA[event]]></MsgType>
<Event><![CDATA[VIEW]]></Event>
<EventKey><![CDATA[http://www.9kpu.com/app/index.php?i=13&c=home&]]></EventKey>
<MenuId>409075692</MenuId>
</xml>

2016-10-09 16:51:41 params :
------------
Array:
message : Array ;
module : basic ;
rule : 22 ;
priority : 0 ;
keyword : Array ;

2016-10-09 16:51:41 response :
------------
Array:
FromUserName : gh_e7a0c8306261 ;
ToUserName : oRj-Fs6bRHgV7YTSuDsomxIXkTFQ ;
MsgType : text ;
Content : 欢迎关注同城学堂，点击微官网查看本学校介绍信息，家长点击学生天地绑定自己小孩信息使用，老师点击教师信息绑定自己账号使用 ;

2016-10-09 16:52:25 trace :
------------
String:
<xml><ToUserName><![CDATA[gh_e7a0c8306261]]></ToUserName>
<FromUserName><![CDATA[oRj-Fs6bRHgV7YTSuDsomxIXkTFQ]]></FromUserName>
<CreateTime>1476003145</CreateTime>
<MsgType><![CDATA[event]]></MsgType>
<Event><![CDATA[VIEW]]></Event>
<EventKey><![CDATA[http://www.9kpu.com/app/index.php?i=13&c=home&]]></EventKey>
<MenuId>409075692</MenuId>
</xml>

2016-10-09 16:52:25 params :
------------
Array:
message : Array ;
module : basic ;
rule : 22 ;
priority : 0 ;
keyword : Array ;

2016-10-09 16:52:25 response :
------------
Array:
FromUserName : gh_e7a0c8306261 ;
ToUserName : oRj-Fs6bRHgV7YTSuDsomxIXkTFQ ;
MsgType : text ;
Content : 欢迎关注同城学堂，点击微官网查看本学校介绍信息，家长点击学生天地绑定自己小孩信息使用，老师点击教师信息绑定自己账号使用 ;

2016-10-09 16:52:41 trace :
------------
String:
<xml><ToUserName><![CDATA[gh_e7a0c8306261]]></ToUserName>
<FromUserName><![CDATA[oRj-Fs6bRHgV7YTSuDsomxIXkTFQ]]></FromUserName>
<CreateTime>1476003161</CreateTime>
<MsgType><![CDATA[event]]></MsgType>
<Event><![CDATA[VIEW]]></Event>
<EventKey><![CDATA[http://www.9kpu.com/app/index.php?i=13&c=entry&eid=2]]></EventKey>
<MenuId>409075692</MenuId>
</xml>

2016-10-09 16:52:41 params :
------------
Array:
message : Array ;
module : basic ;
rule : 22 ;
priority : 0 ;
keyword : Array ;

2016-10-09 16:52:41 response :
------------
Array:
FromUserName : gh_e7a0c8306261 ;
ToUserName : oRj-Fs6bRHgV7YTSuDsomxIXkTFQ ;
MsgType : text ;
Content : 欢迎关注同城学堂，点击微官网查看本学校介绍信息，家长点击学生天地绑定自己小孩信息使用，老师点击教师信息绑定自己账号使用 ;

2016-10-09 16:53:39 trace :
------------
String:
<xml><ToUserName><![CDATA[gh_2ee031f2e428]]></ToUserName>
<FromUserName><![CDATA[ojDkIwrs9yHxDhblFRcp_6ulEzU4]]></FromUserName>
<CreateTime>1476003219</CreateTime>
<MsgType><![CDATA[event]]></MsgType>
<Event><![CDATA[VIEW]]></Event>
<EventKey><![CDATA[http://www.9kpu.com/app/index.php?i=20&c=home&=entry&eid=1]]></EventKey>
<MenuId>410679894</MenuId>
</xml>

2016-10-09 16:53:39 params :
------------
Array:
rule : -2 ;
module :  ;
message : Array ;

2016-10-09 16:53:39 response :
------------

2016-10-09 16:54:21 trace :
------------
String:
<xml><ToUserName><![CDATA[gh_2ee031f2e428]]></ToUserName>
<FromUserName><![CDATA[ojDkIwmhgwxi3k_RDs8CgwyA0QXQ]]></FromUserName>
<CreateTime>1476003261</CreateTime>
<MsgType><![CDATA[event]]></MsgType>
<Event><![CDATA[VIEW]]></Event>
<EventKey><![CDATA[http://www.9kpu.com/app/index.php?i=20&c=home&=entry&eid=1]]></EventKey>
<MenuId>410679894</MenuId>
</xml>

2016-10-09 16:54:21 params :
------------
Array:
rule : -2 ;
module :  ;
message : Array ;

2016-10-09 16:54:21 response :
------------

2016-10-09 16:54:35 trace :
------------
String:
<xml><ToUserName><![CDATA[gh_2ee031f2e428]]></ToUserName>
<FromUserName><![CDATA[ojDkIwmhgwxi3k_RDs8CgwyA0QXQ]]></FromUserName>
<CreateTime>1476003275</CreateTime>
<MsgType><![CDATA[event]]></MsgType>
<Event><![CDATA[VIEW]]></Event>
<EventKey><![CDATA[http://www.9kpu.com/app/index.php?i=20&c=home&=entry&eid=1]]></EventKey>
<MenuId>410679894</MenuId>
</xml>

2016-10-09 16:54:35 params :
------------
Array:
rule : -2 ;
module :  ;
message : Array ;

2016-10-09 16:54:35 response :
------------

2016-10-09 16:54:43 trace :
------------
String:
<xml><ToUserName><![CDATA[gh_2ee031f2e428]]></ToUserName>
<FromUserName><![CDATA[ojDkIwmhgwxi3k_RDs8CgwyA0QXQ]]></FromUserName>
<CreateTime>1476003283</CreateTime>
<MsgType><![CDATA[event]]></MsgType>
<Event><![CDATA[VIEW]]></Event>
<EventKey><![CDATA[http://www.9kpu.com/app/index.php?i=20&c=entry&do=teaIn&m=lianhu_school]]></EventKey>
<MenuId>410679894</MenuId>
</xml>

2016-10-09 16:54:43 params :
------------
Array:
rule : -2 ;
module :  ;
message : Array ;

2016-10-09 16:54:43 response :
------------

2016-10-09 16:54:46 trace :
------------
String:
<xml><ToUserName><![CDATA[gh_2ee031f2e428]]></ToUserName>
<FromUserName><![CDATA[ojDkIwmhgwxi3k_RDs8CgwyA0QXQ]]></FromUserName>
<CreateTime>1476003286</CreateTime>
<MsgType><![CDATA[event]]></MsgType>
<Event><![CDATA[VIEW]]></Event>
<EventKey><![CDATA[http://www.9kpu.com/app/index.php?i=20&c=entry&do=bangding&m=lianhu_school]]></EventKey>
<MenuId>410679894</MenuId>
</xml>

2016-10-09 16:54:46 params :
------------
Array:
rule : -2 ;
module :  ;
message : Array ;

2016-10-09 16:54:46 response :
------------

2016-10-09 17:51:45 trace :
------------
String:
<xml><ToUserName><![CDATA[gh_0eab716966d4]]></ToUserName>
<FromUserName><![CDATA[oSoVuwAmGDXm1cgv5XIYEI2JCXCQ]]></FromUserName>
<CreateTime>1476006704</CreateTime>
<MsgType><![CDATA[event]]></MsgType>
<Event><![CDATA[subscribe]]></Event>
<EventKey><![CDATA[]]></EventKey>
</xml>

2016-10-09 17:51:45 params :
------------
Array:
rule : -2 ;
module :  ;
message : Array ;

2016-10-09 17:51:45 response :
------------

2016-10-09 17:52:20 trace :
------------
String:
<xml><ToUserName><![CDATA[gh_0eab716966d4]]></ToUserName>
<FromUserName><![CDATA[oSoVuwAmGDXm1cgv5XIYEI2JCXCQ]]></FromUserName>
<CreateTime>1476006740</CreateTime>
<MsgType><![CDATA[event]]></MsgType>
<Event><![CDATA[VIEW]]></Event>
<EventKey><![CDATA[http://www.9kpu.com/app/index.php?i=28&c=entry&eid=1]]></EventKey>
<MenuId>414492131</MenuId>
</xml>

2016-10-09 17:52:20 params :
------------
Array:
rule : -2 ;
module :  ;
message : Array ;

2016-10-09 17:52:20 response :
------------

2016-10-09 17:52:30 trace :
------------
String:
<xml><ToUserName><![CDATA[gh_0eab716966d4]]></ToUserName>
<FromUserName><![CDATA[oSoVuwAmGDXm1cgv5XIYEI2JCXCQ]]></FromUserName>
<CreateTime>1476006750</CreateTime>
<MsgType><![CDATA[event]]></MsgType>
<Event><![CDATA[VIEW]]></Event>
<EventKey><![CDATA[http://www.9kpu.com/app/index.php?i=28&c=home&]]></EventKey>
<MenuId>414492131</MenuId>
</xml>

2016-10-09 17:52:30 params :
------------
Array:
rule : -2 ;
module :  ;
message : Array ;

2016-10-09 17:52:30 response :
------------

2016-10-09 17:53:53 trace :
------------
String:
<xml><ToUserName><![CDATA[gh_0eab716966d4]]></ToUserName>
<FromUserName><![CDATA[oSoVuwAmGDXm1cgv5XIYEI2JCXCQ]]></FromUserName>
<CreateTime>1476006833</CreateTime>
<MsgType><![CDATA[event]]></MsgType>
<Event><![CDATA[VIEW]]></Event>
<EventKey><![CDATA[http://www.9kpu.com/app/index.php?i=28&c=entry&eid=1]]></EventKey>
<MenuId>414492131</MenuId>
</xml>

2016-10-09 17:53:53 params :
------------
Array:
rule : -2 ;
module :  ;
message : Array ;

2016-10-09 17:53:53 response :
------------

2016-10-09 17:53:58 trace :
------------
String:
<xml><ToUserName><![CDATA[gh_0eab716966d4]]></ToUserName>
<FromUserName><![CDATA[oSoVuwAmGDXm1cgv5XIYEI2JCXCQ]]></FromUserName>
<CreateTime>1476006838</CreateTime>
<MsgType><![CDATA[event]]></MsgType>
<Event><![CDATA[VIEW]]></Event>
<EventKey><![CDATA[http://www.9kpu.com/app/index.php?i=28&c=home&]]></EventKey>
<MenuId>414492131</MenuId>
</xml>

2016-10-09 17:53:58 params :
------------
Array:
rule : -2 ;
module :  ;
message : Array ;

2016-10-09 17:53:58 response :
------------

2016-10-09 18:25:55 trace :
------------
String:
<xml><ToUserName><![CDATA[gh_2a23de840671]]></ToUserName>
<FromUserName><![CDATA[oQxC9wbnkPfFDtS354N7Wd-vvFhM]]></FromUserName>
<CreateTime>1476008755</CreateTime>
<MsgType><![CDATA[event]]></MsgType>
<Event><![CDATA[VIEW]]></Event>
<EventKey><![CDATA[http://www.9kpu.com/app/index.php?i=31&c=entry&eid=1]]></EventKey>
<MenuId>408135367</MenuId>
</xml>

2016-10-09 18:25:55 params :
------------
Array:
message : Array ;
module : news ;
rule : 60 ;
priority : 0 ;
keyword : Array ;

2016-10-09 18:25:55 response :
------------
Array:
FromUserName : gh_2a23de840671 ;
ToUserName : oQxC9wbnkPfFDtS354N7Wd-vvFhM ;
MsgType : news ;
ArticleCount : 1 ;
Articles : Array ;

2016-10-09 21:15:03 trace :
------------
String:
<xml><ToUserName><![CDATA[gh_2ee031f2e428]]></ToUserName>
<FromUserName><![CDATA[ojDkIwoHO2CV9DoimFA1nGPG0pSk]]></FromUserName>
<CreateTime>1476018903</CreateTime>
<MsgType><![CDATA[event]]></MsgType>
<Event><![CDATA[VIEW]]></Event>
<EventKey><![CDATA[http://www.9kpu.com/app/index.php?i=20&c=entry&do=bangding&m=lianhu_school]]></EventKey>
<MenuId>410679894</MenuId>
</xml>

2016-10-09 21:15:03 params :
------------
Array:
rule : -2 ;
module :  ;
message : Array ;

2016-10-09 21:15:03 response :
------------

2016-10-09 21:52:39 trace :
------------
String:
<xml><ToUserName><![CDATA[gh_c8e42a22d2ba]]></ToUserName>
<FromUserName><![CDATA[o7oRnw1Ubfbjk8ydtZLpTbx1TAWQ]]></FromUserName>
<CreateTime>1476021158</CreateTime>
<MsgType><![CDATA[event]]></MsgType>
<Event><![CDATA[subscribe]]></Event>
<EventKey><![CDATA[]]></EventKey>
</xml>

2016-10-09 21:52:39 params :
------------
Array:
message : Array ;
module : news ;
rule : 53 ;
priority : 3 ;
keyword : Array ;

2016-10-09 21:52:39 response :
------------
Array:
FromUserName : gh_c8e42a22d2ba ;
ToUserName : o7oRnw1Ubfbjk8ydtZLpTbx1TAWQ ;
MsgType : news ;
ArticleCount : 2 ;
Articles : Array ;

2016-10-09 21:56:32 trace :
------------
String:
<xml><ToUserName><![CDATA[gh_c8e42a22d2ba]]></ToUserName>
<FromUserName><![CDATA[o7oRnw1Ubfbjk8ydtZLpTbx1TAWQ]]></FromUserName>
<CreateTime>1476021392</CreateTime>
<MsgType><![CDATA[event]]></MsgType>
<Event><![CDATA[unsubscribe]]></Event>
<EventKey><![CDATA[]]></EventKey>
</xml>

