2016-10-03 09:30:47 trace :
------------
String:
<xml><ToUserName><![CDATA[gh_2a23de840671]]></ToUserName>
<FromUserName><![CDATA[oQxC9weAYUIiqXX7uBmYjwuq6px4]]></FromUserName>
<CreateTime>1475458247</CreateTime>
<MsgType><![CDATA[event]]></MsgType>
<Event><![CDATA[VIEW]]></Event>
<EventKey><![CDATA[http://www.9kpu.com/app/index.php?i=31&c=home&]]></EventKey>
<MenuId>408135367</MenuId>
</xml>

2016-10-03 09:30:47 params :
------------
Array:
message : Array ;
module : news ;
rule : 60 ;
priority : 0 ;
keyword : Array ;

2016-10-03 09:30:47 response :
------------
Array:
FromUserName : gh_2a23de840671 ;
ToUserName : oQxC9weAYUIiqXX7uBmYjwuq6px4 ;
MsgType : news ;
ArticleCount : 1 ;
Articles : Array ;

2016-10-03 09:52:09 trace :
------------
String:
<xml><ToUserName><![CDATA[gh_0eab716966d4]]></ToUserName>
<FromUserName><![CDATA[oSoVuwCbhHqXp7-iAhiYq66P82WE]]></FromUserName>
<CreateTime>1475459529</CreateTime>
<MsgType><![CDATA[event]]></MsgType>
<Event><![CDATA[subscribe]]></Event>
<EventKey><![CDATA[]]></EventKey>
</xml>

2016-10-03 09:52:09 params :
------------
Array:
rule : -2 ;
module :  ;
message : Array ;

2016-10-03 09:52:09 response :
------------

2016-10-03 09:53:28 trace :
------------
String:
<xml><ToUserName><![CDATA[gh_0eab716966d4]]></ToUserName>
<FromUserName><![CDATA[oSoVuwCbhHqXp7-iAhiYq66P82WE]]></FromUserName>
<CreateTime>1475459608</CreateTime>
<MsgType><![CDATA[event]]></MsgType>
<Event><![CDATA[VIEW]]></Event>
<EventKey><![CDATA[http://www.9kpu.com/app/index.php?i=28&c=entry&eid=2]]></EventKey>
<MenuId>414492131</MenuId>
</xml>

2016-10-03 09:53:28 params :
------------
Array:
rule : -2 ;
module :  ;
message : Array ;

2016-10-03 09:53:28 response :
------------

2016-10-03 09:53:35 trace :
------------
String:
<xml><ToUserName><![CDATA[gh_0eab716966d4]]></ToUserName>
<FromUserName><![CDATA[oSoVuwCbhHqXp7-iAhiYq66P82WE]]></FromUserName>
<CreateTime>1475459615</CreateTime>
<MsgType><![CDATA[event]]></MsgType>
<Event><![CDATA[VIEW]]></Event>
<EventKey><![CDATA[http://www.9kpu.com/app/index.php?i=28&c=entry&eid=1]]></EventKey>
<MenuId>414492131</MenuId>
</xml>

2016-10-03 09:53:35 params :
------------
Array:
rule : -2 ;
module :  ;
message : Array ;

2016-10-03 09:53:35 response :
------------

2016-10-03 10:08:50 trace :
------------
String:
<xml><ToUserName><![CDATA[gh_0eab716966d4]]></ToUserName>
<FromUserName><![CDATA[oSoVuwNSyKNZNKKg7OupoKKmWReg]]></FromUserName>
<CreateTime>1475460530</CreateTime>
<MsgType><![CDATA[event]]></MsgType>
<Event><![CDATA[subscribe]]></Event>
<EventKey><![CDATA[]]></EventKey>
</xml>

2016-10-03 10:08:50 params :
------------
Array:
rule : -2 ;
module :  ;
message : Array ;

2016-10-03 10:08:50 response :
------------

2016-10-03 11:22:57 trace :
------------
String:
<xml><ToUserName><![CDATA[gh_2a23de840671]]></ToUserName>
<FromUserName><![CDATA[oQxC9weAYUIiqXX7uBmYjwuq6px4]]></FromUserName>
<CreateTime>1475464977</CreateTime>
<MsgType><![CDATA[event]]></MsgType>
<Event><![CDATA[VIEW]]></Event>
<EventKey><![CDATA[http://www.9kpu.com/app/index.php?i=31&c=entry&eid=1]]></EventKey>
<MenuId>408135367</MenuId>
</xml>

2016-10-03 11:22:57 params :
------------
Array:
message : Array ;
module : news ;
rule : 60 ;
priority : 0 ;
keyword : Array ;

2016-10-03 11:22:57 response :
------------
Array:
FromUserName : gh_2a23de840671 ;
ToUserName : oQxC9weAYUIiqXX7uBmYjwuq6px4 ;
MsgType : news ;
ArticleCount : 1 ;
Articles : Array ;

2016-10-03 12:30:37 trace :
------------
String:
<xml><ToUserName><![CDATA[gh_2a16c32dff4b]]></ToUserName>
<FromUserName><![CDATA[oZF73wNeC8zpyt5OA6mhZT6mQhLw]]></FromUserName>
<CreateTime>1475469037</CreateTime>
<MsgType><![CDATA[event]]></MsgType>
<Event><![CDATA[VIEW]]></Event>
<EventKey><![CDATA[http://www.9kpu.com/app/index.php?i=26&c=entry&eid=1]]></EventKey>
<MenuId>443004588</MenuId>
</xml>

2016-10-03 12:30:37 params :
------------
Array:
message : Array ;
module : news ;
rule : 56 ;
priority : 0 ;
keyword : Array ;

2016-10-03 12:30:37 response :
------------
Array:
FromUserName : gh_2a16c32dff4b ;
ToUserName : oZF73wNeC8zpyt5OA6mhZT6mQhLw ;
MsgType : news ;
ArticleCount : 1 ;
Articles : Array ;

2016-10-03 12:35:06 trace :
------------
String:
<xml><ToUserName><![CDATA[gh_2a16c32dff4b]]></ToUserName>
<FromUserName><![CDATA[oZF73wNeC8zpyt5OA6mhZT6mQhLw]]></FromUserName>
<CreateTime>1475469306</CreateTime>
<MsgType><![CDATA[event]]></MsgType>
<Event><![CDATA[VIEW]]></Event>
<EventKey><![CDATA[http://www.9kpu.com/app/index.php?i=26&c=entry&eid=1]]></EventKey>
<MenuId>443004588</MenuId>
</xml>

2016-10-03 12:35:06 params :
------------
Array:
message : Array ;
module : news ;
rule : 56 ;
priority : 0 ;
keyword : Array ;

2016-10-03 12:35:06 response :
------------
Array:
FromUserName : gh_2a16c32dff4b ;
ToUserName : oZF73wNeC8zpyt5OA6mhZT6mQhLw ;
MsgType : news ;
ArticleCount : 1 ;
Articles : Array ;

2016-10-03 18:55:55 trace :
------------
String:
<xml><ToUserName><![CDATA[gh_2a23de840671]]></ToUserName>
<FromUserName><![CDATA[oQxC9wbnkPfFDtS354N7Wd-vvFhM]]></FromUserName>
<CreateTime>1475492155</CreateTime>
<MsgType><![CDATA[event]]></MsgType>
<Event><![CDATA[VIEW]]></Event>
<EventKey><![CDATA[http://www.9kpu.com/app/index.php?i=31&c=entry&eid=1]]></EventKey>
<MenuId>408135367</MenuId>
</xml>

2016-10-03 18:55:55 params :
------------
Array:
message : Array ;
module : news ;
rule : 60 ;
priority : 0 ;
keyword : Array ;

2016-10-03 18:55:55 response :
------------
Array:
FromUserName : gh_2a23de840671 ;
ToUserName : oQxC9wbnkPfFDtS354N7Wd-vvFhM ;
MsgType : news ;
ArticleCount : 1 ;
Articles : Array ;

