2016-10-10 07:30:10 trace :
------------
String:
<xml><ToUserName><![CDATA[gh_2a23de840671]]></ToUserName>
<FromUserName><![CDATA[oQxC9wdpCN8tYGyNZ0OU7Mczcm3g]]></FromUserName>
<CreateTime>1476055809</CreateTime>
<MsgType><![CDATA[event]]></MsgType>
<Event><![CDATA[VIEW]]></Event>
<EventKey><![CDATA[http://www.9kpu.com/app/index.php?i=31&c=entry&eid=1]]></EventKey>
<MenuId>408135367</MenuId>
</xml>

2016-10-10 07:30:10 params :
------------
Array:
message : Array ;
module : news ;
rule : 60 ;
priority : 0 ;
keyword : Array ;

2016-10-10 07:30:10 response :
------------
Array:
FromUserName : gh_2a23de840671 ;
ToUserName : oQxC9wdpCN8tYGyNZ0OU7Mczcm3g ;
MsgType : news ;
ArticleCount : 1 ;
Articles : Array ;

2016-10-10 07:34:39 trace :
------------
String:
<xml><ToUserName><![CDATA[gh_2a23de840671]]></ToUserName>
<FromUserName><![CDATA[oQxC9wfDGw_2VwHd-qyo3rtBLA3E]]></FromUserName>
<CreateTime>1476056079</CreateTime>
<MsgType><![CDATA[event]]></MsgType>
<Event><![CDATA[VIEW]]></Event>
<EventKey><![CDATA[http://www.9kpu.com/app/index.php?i=31&c=entry&eid=1]]></EventKey>
<MenuId>408135367</MenuId>
</xml>

2016-10-10 07:34:39 params :
------------
Array:
message : Array ;
module : news ;
rule : 60 ;
priority : 0 ;
keyword : Array ;

2016-10-10 07:34:39 response :
------------
Array:
FromUserName : gh_2a23de840671 ;
ToUserName : oQxC9wfDGw_2VwHd-qyo3rtBLA3E ;
MsgType : news ;
ArticleCount : 1 ;
Articles : Array ;

2016-10-10 07:38:54 trace :
------------
String:
<xml><ToUserName><![CDATA[gh_2a23de840671]]></ToUserName>
<FromUserName><![CDATA[oQxC9wfDGw_2VwHd-qyo3rtBLA3E]]></FromUserName>
<CreateTime>1476056334</CreateTime>
<MsgType><![CDATA[event]]></MsgType>
<Event><![CDATA[VIEW]]></Event>
<EventKey><![CDATA[http://www.9kpu.com/app/index.php?i=31&c=entry&eid=1]]></EventKey>
<MenuId>408135367</MenuId>
</xml>

2016-10-10 07:38:54 params :
------------
Array:
message : Array ;
module : news ;
rule : 60 ;
priority : 0 ;
keyword : Array ;

2016-10-10 07:38:54 response :
------------
Array:
FromUserName : gh_2a23de840671 ;
ToUserName : oQxC9wfDGw_2VwHd-qyo3rtBLA3E ;
MsgType : news ;
ArticleCount : 1 ;
Articles : Array ;

2016-10-10 08:15:45 trace :
------------
String:
<xml><ToUserName><![CDATA[gh_2a23de840671]]></ToUserName>
<FromUserName><![CDATA[oQxC9wdpCN8tYGyNZ0OU7Mczcm3g]]></FromUserName>
<CreateTime>1476058545</CreateTime>
<MsgType><![CDATA[event]]></MsgType>
<Event><![CDATA[VIEW]]></Event>
<EventKey><![CDATA[http://www.9kpu.com/app/index.php?i=31&c=entry&eid=1]]></EventKey>
<MenuId>408135367</MenuId>
</xml>

2016-10-10 08:15:45 params :
------------
Array:
message : Array ;
module : news ;
rule : 60 ;
priority : 0 ;
keyword : Array ;

2016-10-10 08:15:45 response :
------------
Array:
FromUserName : gh_2a23de840671 ;
ToUserName : oQxC9wdpCN8tYGyNZ0OU7Mczcm3g ;
MsgType : news ;
ArticleCount : 1 ;
Articles : Array ;

2016-10-10 09:50:15 trace :
------------
String:
<xml><ToUserName><![CDATA[gh_2a23de840671]]></ToUserName>
<FromUserName><![CDATA[oQxC9wQhSKTYVr7T05hTSLIRp9UE]]></FromUserName>
<CreateTime>1476064214</CreateTime>
<MsgType><![CDATA[event]]></MsgType>
<Event><![CDATA[VIEW]]></Event>
<EventKey><![CDATA[http://www.9kpu.com/app/index.php?i=31&c=home&]]></EventKey>
<MenuId>408135367</MenuId>
</xml>

2016-10-10 09:50:15 trace :
------------
String:
<xml><ToUserName><![CDATA[gh_2a23de840671]]></ToUserName>
<FromUserName><![CDATA[oQxC9wQhSKTYVr7T05hTSLIRp9UE]]></FromUserName>
<CreateTime>1476064214</CreateTime>
<MsgType><![CDATA[event]]></MsgType>
<Event><![CDATA[VIEW]]></Event>
<EventKey><![CDATA[http://www.9kpu.com/app/index.php?i=31&c=entry&eid=1]]></EventKey>
<MenuId>408135367</MenuId>
</xml>

2016-10-10 09:50:15 params :
------------
Array:
message : Array ;
module : news ;
rule : 60 ;
priority : 0 ;
keyword : Array ;

2016-10-10 09:50:15 response :
------------
Array:
FromUserName : gh_2a23de840671 ;
ToUserName : oQxC9wQhSKTYVr7T05hTSLIRp9UE ;
MsgType : news ;
ArticleCount : 1 ;
Articles : Array ;

2016-10-10 09:50:15 trace :
------------
String:
<xml><ToUserName><![CDATA[gh_2a23de840671]]></ToUserName>
<FromUserName><![CDATA[oQxC9wQhSKTYVr7T05hTSLIRp9UE]]></FromUserName>
<CreateTime>1476064214</CreateTime>
<MsgType><![CDATA[event]]></MsgType>
<Event><![CDATA[VIEW]]></Event>
<EventKey><![CDATA[http://www.9kpu.com/app/index.php?i=31&c=entry&eid=1]]></EventKey>
<MenuId>408135367</MenuId>
</xml>

2016-10-10 09:50:15 params :
------------
Array:
message : Array ;
module : news ;
rule : 60 ;
priority : 0 ;
keyword : Array ;

2016-10-10 09:50:15 response :
------------
Array:
FromUserName : gh_2a23de840671 ;
ToUserName : oQxC9wQhSKTYVr7T05hTSLIRp9UE ;
MsgType : news ;
ArticleCount : 1 ;
Articles : Array ;

2016-10-10 09:50:15 params :
------------
Array:
message : Array ;
module : news ;
rule : 60 ;
priority : 0 ;
keyword : Array ;

2016-10-10 09:50:15 response :
------------
Array:
FromUserName : gh_2a23de840671 ;
ToUserName : oQxC9wQhSKTYVr7T05hTSLIRp9UE ;
MsgType : news ;
ArticleCount : 1 ;
Articles : Array ;

2016-10-10 10:01:08 trace :
------------
String:
<xml><ToUserName><![CDATA[gh_2a23de840671]]></ToUserName>
<FromUserName><![CDATA[oQxC9wUAUX6F1qNJxig6FtZLvpBk]]></FromUserName>
<CreateTime>1476064868</CreateTime>
<MsgType><![CDATA[event]]></MsgType>
<Event><![CDATA[VIEW]]></Event>
<EventKey><![CDATA[http://www.9kpu.com/app/index.php?i=31&c=home&]]></EventKey>
<MenuId>408135367</MenuId>
</xml>

2016-10-10 10:01:08 params :
------------
Array:
message : Array ;
module : news ;
rule : 60 ;
priority : 0 ;
keyword : Array ;

2016-10-10 10:01:08 response :
------------
Array:
FromUserName : gh_2a23de840671 ;
ToUserName : oQxC9wUAUX6F1qNJxig6FtZLvpBk ;
MsgType : news ;
ArticleCount : 1 ;
Articles : Array ;

2016-10-10 10:03:04 trace :
------------
String:
<xml><ToUserName><![CDATA[gh_2a23de840671]]></ToUserName>
<FromUserName><![CDATA[oQxC9wRScG-dG37MqrU4mnI_Wt7g]]></FromUserName>
<CreateTime>1476064984</CreateTime>
<MsgType><![CDATA[event]]></MsgType>
<Event><![CDATA[subscribe]]></Event>
<EventKey><![CDATA[]]></EventKey>
</xml>

2016-10-10 10:03:04 params :
------------
Array:
message : Array ;
module : news ;
rule : 60 ;
priority : 0 ;
keyword : Array ;

2016-10-10 10:03:04 response :
------------
Array:
FromUserName : gh_2a23de840671 ;
ToUserName : oQxC9wRScG-dG37MqrU4mnI_Wt7g ;
MsgType : news ;
ArticleCount : 1 ;
Articles : Array ;

2016-10-10 10:03:06 trace :
------------
String:
<xml><ToUserName><![CDATA[gh_2a23de840671]]></ToUserName>
<FromUserName><![CDATA[oQxC9wRScG-dG37MqrU4mnI_Wt7g]]></FromUserName>
<CreateTime>1476064986</CreateTime>
<MsgType><![CDATA[event]]></MsgType>
<Event><![CDATA[VIEW]]></Event>
<EventKey><![CDATA[http://www.9kpu.com/app/index.php?i=31&c=home&]]></EventKey>
<MenuId>408135367</MenuId>
</xml>

2016-10-10 10:03:06 params :
------------
Array:
message : Array ;
module : news ;
rule : 60 ;
priority : 0 ;
keyword : Array ;

2016-10-10 10:03:06 response :
------------
Array:
FromUserName : gh_2a23de840671 ;
ToUserName : oQxC9wRScG-dG37MqrU4mnI_Wt7g ;
MsgType : news ;
ArticleCount : 1 ;
Articles : Array ;

2016-10-10 10:03:31 trace :
------------
String:
<xml><ToUserName><![CDATA[gh_2a23de840671]]></ToUserName>
<FromUserName><![CDATA[oQxC9wRScG-dG37MqrU4mnI_Wt7g]]></FromUserName>
<CreateTime>1476065011</CreateTime>
<MsgType><![CDATA[event]]></MsgType>
<Event><![CDATA[VIEW]]></Event>
<EventKey><![CDATA[http://www.9kpu.com/app/index.php?i=31&c=entry&eid=1]]></EventKey>
<MenuId>408135367</MenuId>
</xml>

2016-10-10 10:03:31 params :
------------
Array:
message : Array ;
module : news ;
rule : 60 ;
priority : 0 ;
keyword : Array ;

2016-10-10 10:03:31 response :
------------
Array:
FromUserName : gh_2a23de840671 ;
ToUserName : oQxC9wRScG-dG37MqrU4mnI_Wt7g ;
MsgType : news ;
ArticleCount : 1 ;
Articles : Array ;

2016-10-10 10:03:37 trace :
------------
String:
<xml><ToUserName><![CDATA[gh_2a23de840671]]></ToUserName>
<FromUserName><![CDATA[oQxC9wRScG-dG37MqrU4mnI_Wt7g]]></FromUserName>
<CreateTime>1476065017</CreateTime>
<MsgType><![CDATA[event]]></MsgType>
<Event><![CDATA[VIEW]]></Event>
<EventKey><![CDATA[http://www.9kpu.com/app/index.php?i=31&c=entry&eid=2]]></EventKey>
<MenuId>408135367</MenuId>
</xml>

2016-10-10 10:03:37 params :
------------
Array:
message : Array ;
module : news ;
rule : 60 ;
priority : 0 ;
keyword : Array ;

2016-10-10 10:03:37 response :
------------
Array:
FromUserName : gh_2a23de840671 ;
ToUserName : oQxC9wRScG-dG37MqrU4mnI_Wt7g ;
MsgType : news ;
ArticleCount : 1 ;
Articles : Array ;

2016-10-10 10:03:43 trace :
------------
String:
<xml><ToUserName><![CDATA[gh_2a23de840671]]></ToUserName>
<FromUserName><![CDATA[oQxC9wRScG-dG37MqrU4mnI_Wt7g]]></FromUserName>
<CreateTime>1476065023</CreateTime>
<MsgType><![CDATA[event]]></MsgType>
<Event><![CDATA[VIEW]]></Event>
<EventKey><![CDATA[http://www.9kpu.com/app/index.php?i=31&c=entry&eid=1]]></EventKey>
<MenuId>408135367</MenuId>
</xml>

2016-10-10 10:03:43 params :
------------
Array:
message : Array ;
module : news ;
rule : 60 ;
priority : 0 ;
keyword : Array ;

2016-10-10 10:03:43 response :
------------
Array:
FromUserName : gh_2a23de840671 ;
ToUserName : oQxC9wRScG-dG37MqrU4mnI_Wt7g ;
MsgType : news ;
ArticleCount : 1 ;
Articles : Array ;

2016-10-10 10:57:44 trace :
------------
String:
<xml><ToUserName><![CDATA[gh_4e0c181b7380]]></ToUserName>
<FromUserName><![CDATA[oxtWnvzaauPNHAsldM5I4GbHQjiU]]></FromUserName>
<CreateTime>1476068264</CreateTime>
<MsgType><![CDATA[event]]></MsgType>
<Event><![CDATA[subscribe]]></Event>
<EventKey><![CDATA[]]></EventKey>
</xml>

2016-10-10 10:57:45 params :
------------
Array:
message : Array ;
module : default ;
rule : -1 ;

2016-10-10 10:57:45 response :
------------
Array:
params : Array ;

2016-10-10 10:57:48 trace :
------------
String:
<xml><ToUserName><![CDATA[gh_4e0c181b7380]]></ToUserName>
<FromUserName><![CDATA[oxtWnvzaauPNHAsldM5I4GbHQjiU]]></FromUserName>
<CreateTime>1476068268</CreateTime>
<MsgType><![CDATA[event]]></MsgType>
<Event><![CDATA[VIEW]]></Event>
<EventKey><![CDATA[http://www.9kpu.com/app/index.php?i=27&c=entry&eid=1]]></EventKey>
<MenuId>432687017</MenuId>
</xml>

2016-10-10 10:57:48 params :
------------
Array:
message : Array ;
module : default ;
rule : -1 ;

2016-10-10 10:57:48 response :
------------
Array:
params : Array ;

2016-10-10 10:58:07 trace :
------------
String:
<xml><ToUserName><![CDATA[gh_4e0c181b7380]]></ToUserName>
<FromUserName><![CDATA[oxtWnvzaauPNHAsldM5I4GbHQjiU]]></FromUserName>
<CreateTime>1476068287</CreateTime>
<MsgType><![CDATA[event]]></MsgType>
<Event><![CDATA[VIEW]]></Event>
<EventKey><![CDATA[http://www.9kpu.com/app/index.php?i=27&c=home&]]></EventKey>
<MenuId>432687017</MenuId>
</xml>

2016-10-10 10:58:07 params :
------------
Array:
message : Array ;
module : default ;
rule : -1 ;

2016-10-10 10:58:07 response :
------------
Array:
params : Array ;

2016-10-10 10:59:10 trace :
------------
String:
<xml><ToUserName><![CDATA[gh_4e0c181b7380]]></ToUserName>
<FromUserName><![CDATA[oxtWnvzaauPNHAsldM5I4GbHQjiU]]></FromUserName>
<CreateTime>1476068350</CreateTime>
<MsgType><![CDATA[event]]></MsgType>
<Event><![CDATA[VIEW]]></Event>
<EventKey><![CDATA[http://www.9kpu.com/app/index.php?i=27&c=home&]]></EventKey>
<MenuId>432687017</MenuId>
</xml>

2016-10-10 10:59:10 params :
------------
Array:
message : Array ;
module : default ;
rule : -1 ;

2016-10-10 10:59:10 response :
------------
Array:
params : Array ;

2016-10-10 10:59:22 trace :
------------
String:
<xml><ToUserName><![CDATA[gh_4e0c181b7380]]></ToUserName>
<FromUserName><![CDATA[oxtWnvzaauPNHAsldM5I4GbHQjiU]]></FromUserName>
<CreateTime>1476068362</CreateTime>
<MsgType><![CDATA[event]]></MsgType>
<Event><![CDATA[VIEW]]></Event>
<EventKey><![CDATA[http://www.9kpu.com/app/index.php?i=27&c=entry&eid=1]]></EventKey>
<MenuId>432687017</MenuId>
</xml>

2016-10-10 10:59:22 params :
------------
Array:
message : Array ;
module : default ;
rule : -1 ;

2016-10-10 10:59:22 response :
------------
Array:
params : Array ;

2016-10-10 10:59:34 trace :
------------
String:
<xml><ToUserName><![CDATA[gh_4e0c181b7380]]></ToUserName>
<FromUserName><![CDATA[oxtWnvzaauPNHAsldM5I4GbHQjiU]]></FromUserName>
<CreateTime>1476068374</CreateTime>
<MsgType><![CDATA[event]]></MsgType>
<Event><![CDATA[VIEW]]></Event>
<EventKey><![CDATA[http://www.9kpu.com/app/index.php?i=27&c=entry&eid=2]]></EventKey>
<MenuId>432687017</MenuId>
</xml>

2016-10-10 10:59:34 params :
------------
Array:
message : Array ;
module : default ;
rule : -1 ;

2016-10-10 10:59:34 response :
------------
Array:
params : Array ;

2016-10-10 11:02:56 trace :
------------
String:
<xml><ToUserName><![CDATA[gh_4e0c181b7380]]></ToUserName>
<FromUserName><![CDATA[oxtWnvzaauPNHAsldM5I4GbHQjiU]]></FromUserName>
<CreateTime>1476068576</CreateTime>
<MsgType><![CDATA[event]]></MsgType>
<Event><![CDATA[VIEW]]></Event>
<EventKey><![CDATA[http://www.9kpu.com/app/index.php?i=27&c=entry&eid=1]]></EventKey>
<MenuId>432687017</MenuId>
</xml>

2016-10-10 11:02:56 params :
------------
Array:
message : Array ;
module : default ;
rule : -1 ;

2016-10-10 11:02:56 response :
------------
Array:
params : Array ;

2016-10-10 11:03:03 trace :
------------
String:
<xml><ToUserName><![CDATA[gh_4e0c181b7380]]></ToUserName>
<FromUserName><![CDATA[oxtWnvzaauPNHAsldM5I4GbHQjiU]]></FromUserName>
<CreateTime>1476068582</CreateTime>
<MsgType><![CDATA[event]]></MsgType>
<Event><![CDATA[VIEW]]></Event>
<EventKey><![CDATA[http://www.9kpu.com/app/index.php?i=27&c=home&]]></EventKey>
<MenuId>432687017</MenuId>
</xml>

2016-10-10 11:03:03 params :
------------
Array:
message : Array ;
module : default ;
rule : -1 ;

2016-10-10 11:03:03 response :
------------
Array:
params : Array ;

2016-10-10 13:13:01 trace :
------------
String:
<xml><ToUserName><![CDATA[gh_2ee031f2e428]]></ToUserName>
<FromUserName><![CDATA[ojDkIws6tyWAK48S1Jx8OmuO4WTI]]></FromUserName>
<CreateTime>1476076381</CreateTime>
<MsgType><![CDATA[event]]></MsgType>
<Event><![CDATA[VIEW]]></Event>
<EventKey><![CDATA[http://www.9kpu.com/app/index.php?i=20&c=entry&do=bangding&m=lianhu_school]]></EventKey>
<MenuId>410679894</MenuId>
</xml>

2016-10-10 13:13:01 params :
------------
Array:
rule : -2 ;
module :  ;
message : Array ;

2016-10-10 13:13:01 response :
------------

2016-10-10 13:14:44 trace :
------------
String:
<xml><ToUserName><![CDATA[gh_2ee031f2e428]]></ToUserName>
<FromUserName><![CDATA[ojDkIws6tyWAK48S1Jx8OmuO4WTI]]></FromUserName>
<CreateTime>1476076484</CreateTime>
<MsgType><![CDATA[event]]></MsgType>
<Event><![CDATA[VIEW]]></Event>
<EventKey><![CDATA[http://www.9kpu.com/app/index.php?i=20&c=home&=entry&eid=1]]></EventKey>
<MenuId>410679894</MenuId>
</xml>

2016-10-10 13:14:44 params :
------------
Array:
rule : -2 ;
module :  ;
message : Array ;

2016-10-10 13:14:44 response :
------------

2016-10-10 14:49:04 trace :
------------
String:
<xml><ToUserName><![CDATA[gh_72ed1bc5dde0]]></ToUserName>
<FromUserName><![CDATA[oOPAIwSnwKY5v5_y-e7xOBw9P0Fo]]></FromUserName>
<CreateTime>1476082144</CreateTime>
<MsgType><![CDATA[event]]></MsgType>
<Event><![CDATA[subscribe]]></Event>
<EventKey><![CDATA[]]></EventKey>
</xml>

2016-10-10 14:49:04 params :
------------
Array:
rule : -2 ;
module :  ;
message : Array ;

2016-10-10 14:49:04 response :
------------

2016-10-10 15:40:25 trace :
------------
String:
<xml><ToUserName><![CDATA[gh_2a23de840671]]></ToUserName>
<FromUserName><![CDATA[oQxC9wfDGw_2VwHd-qyo3rtBLA3E]]></FromUserName>
<CreateTime>1476085225</CreateTime>
<MsgType><![CDATA[event]]></MsgType>
<Event><![CDATA[VIEW]]></Event>
<EventKey><![CDATA[http://www.9kpu.com/app/index.php?i=31&c=entry&eid=1]]></EventKey>
<MenuId>408135367</MenuId>
</xml>

2016-10-10 15:40:25 params :
------------
Array:
message : Array ;
module : news ;
rule : 60 ;
priority : 0 ;
keyword : Array ;

2016-10-10 15:40:25 response :
------------
Array:
FromUserName : gh_2a23de840671 ;
ToUserName : oQxC9wfDGw_2VwHd-qyo3rtBLA3E ;
MsgType : news ;
ArticleCount : 1 ;
Articles : Array ;

2016-10-10 15:50:04 trace :
------------
String:
<xml><ToUserName><![CDATA[gh_2a23de840671]]></ToUserName>
<FromUserName><![CDATA[oQxC9wfDGw_2VwHd-qyo3rtBLA3E]]></FromUserName>
<CreateTime>1476085804</CreateTime>
<MsgType><![CDATA[event]]></MsgType>
<Event><![CDATA[VIEW]]></Event>
<EventKey><![CDATA[http://www.9kpu.com/app/index.php?i=31&c=entry&eid=1]]></EventKey>
<MenuId>408135367</MenuId>
</xml>

2016-10-10 15:50:04 params :
------------
Array:
message : Array ;
module : news ;
rule : 60 ;
priority : 0 ;
keyword : Array ;

2016-10-10 15:50:04 response :
------------
Array:
FromUserName : gh_2a23de840671 ;
ToUserName : oQxC9wfDGw_2VwHd-qyo3rtBLA3E ;
MsgType : news ;
ArticleCount : 1 ;
Articles : Array ;

2016-10-10 15:53:01 trace :
------------
String:
<xml><ToUserName><![CDATA[gh_2a23de840671]]></ToUserName>
<FromUserName><![CDATA[oQxC9wUAUX6F1qNJxig6FtZLvpBk]]></FromUserName>
<CreateTime>1476085981</CreateTime>
<MsgType><![CDATA[event]]></MsgType>
<Event><![CDATA[VIEW]]></Event>
<EventKey><![CDATA[http://www.9kpu.com/app/index.php?i=31&c=entry&eid=2]]></EventKey>
<MenuId>408135367</MenuId>
</xml>

2016-10-10 15:53:01 params :
------------
Array:
message : Array ;
module : news ;
rule : 60 ;
priority : 0 ;
keyword : Array ;

2016-10-10 15:53:01 response :
------------
Array:
FromUserName : gh_2a23de840671 ;
ToUserName : oQxC9wUAUX6F1qNJxig6FtZLvpBk ;
MsgType : news ;
ArticleCount : 1 ;
Articles : Array ;

2016-10-10 15:53:40 trace :
------------
String:
<xml><ToUserName><![CDATA[gh_2a23de840671]]></ToUserName>
<FromUserName><![CDATA[oQxC9wUAUX6F1qNJxig6FtZLvpBk]]></FromUserName>
<CreateTime>1476086020</CreateTime>
<MsgType><![CDATA[event]]></MsgType>
<Event><![CDATA[VIEW]]></Event>
<EventKey><![CDATA[http://www.9kpu.com/app/index.php?i=31&c=entry&eid=1]]></EventKey>
<MenuId>408135367</MenuId>
</xml>

2016-10-10 15:53:40 params :
------------
Array:
message : Array ;
module : news ;
rule : 60 ;
priority : 0 ;
keyword : Array ;

2016-10-10 15:53:40 response :
------------
Array:
FromUserName : gh_2a23de840671 ;
ToUserName : oQxC9wUAUX6F1qNJxig6FtZLvpBk ;
MsgType : news ;
ArticleCount : 1 ;
Articles : Array ;

2016-10-10 16:05:13 trace :
------------
String:
<xml><ToUserName><![CDATA[gh_081ee8610e82]]></ToUserName>
<FromUserName><![CDATA[ohNDtvucrine-eB24apAsR3ENrcE]]></FromUserName>
<CreateTime>1476086713</CreateTime>
<MsgType><![CDATA[event]]></MsgType>
<Event><![CDATA[subscribe]]></Event>
<EventKey><![CDATA[]]></EventKey>
</xml>

2016-10-10 16:05:13 params :
------------
Array:
message : Array ;
module : basic ;
rule : 13 ;
priority : 0 ;
keyword : Array ;

2016-10-10 16:05:13 response :
------------
Array:
FromUserName : gh_081ee8610e82 ;
ToUserName : ohNDtvucrine-eB24apAsR3ENrcE ;
MsgType : text ;
Content : 等你好久了，智慧微校欢迎您。如果您是来逛逛的，请点开微官网查看我们学校的介绍信息。如果您是家长，请点开学生中心，用您家孩子姓名与学号绑定，就可尽情使用微校功能。如果您是老师，请点开微办公，用系统分配的账号与密码完成绑定，使用微校完成家校互动。 ;

2016-10-10 16:05:15 trace :
------------
String:
<xml><ToUserName><![CDATA[gh_081ee8610e82]]></ToUserName>
<FromUserName><![CDATA[ohNDtvucrine-eB24apAsR3ENrcE]]></FromUserName>
<CreateTime>1476086715</CreateTime>
<MsgType><![CDATA[event]]></MsgType>
<Event><![CDATA[VIEW]]></Event>
<EventKey><![CDATA[http://m.igrow.cn/m/school/website/1390?platformid=gh_f93654b871ec&openid=oj3rPs7lPbX9A4U7mxv8dMma3uUQ]]></EventKey>
<MenuId>414118623</MenuId>
</xml>

2016-10-10 16:05:15 params :
------------
Array:
message : Array ;
module : basic ;
rule : 13 ;
priority : 0 ;
keyword : Array ;

2016-10-10 16:05:15 response :
------------
Array:
FromUserName : gh_081ee8610e82 ;
ToUserName : ohNDtvucrine-eB24apAsR3ENrcE ;
MsgType : text ;
Content : 等你好久了，智慧微校欢迎您。如果您是来逛逛的，请点开微官网查看我们学校的介绍信息。如果您是家长，请点开学生中心，用您家孩子姓名与学号绑定，就可尽情使用微校功能。如果您是老师，请点开微办公，用系统分配的账号与密码完成绑定，使用微校完成家校互动。 ;

2016-10-10 16:29:02 trace :
------------
String:
<xml><ToUserName><![CDATA[gh_2ee031f2e428]]></ToUserName>
<FromUserName><![CDATA[ojDkIws6tyWAK48S1Jx8OmuO4WTI]]></FromUserName>
<CreateTime>1476088142</CreateTime>
<MsgType><![CDATA[event]]></MsgType>
<Event><![CDATA[VIEW]]></Event>
<EventKey><![CDATA[http://www.9kpu.com/app/index.php?i=20&c=entry&do=bangding&m=lianhu_school]]></EventKey>
<MenuId>410679894</MenuId>
</xml>

2016-10-10 16:29:02 params :
------------
Array:
rule : -2 ;
module :  ;
message : Array ;

2016-10-10 16:29:02 response :
------------

2016-10-10 16:29:50 trace :
------------
String:
<xml><ToUserName><![CDATA[gh_4e0c181b7380]]></ToUserName>
<FromUserName><![CDATA[oxtWnv3WxYqVA0YYngexzSkIW6HI]]></FromUserName>
<CreateTime>1476088189</CreateTime>
<MsgType><![CDATA[event]]></MsgType>
<Event><![CDATA[subscribe]]></Event>
<EventKey><![CDATA[]]></EventKey>
</xml>

2016-10-10 16:29:50 params :
------------
Array:
message : Array ;
module : default ;
rule : -1 ;

2016-10-10 16:29:50 response :
------------
Array:
params : Array ;

2016-10-10 16:29:53 trace :
------------
String:
<xml><ToUserName><![CDATA[gh_4e0c181b7380]]></ToUserName>
<FromUserName><![CDATA[oxtWnv3WxYqVA0YYngexzSkIW6HI]]></FromUserName>
<CreateTime>1476088193</CreateTime>
<MsgType><![CDATA[event]]></MsgType>
<Event><![CDATA[VIEW]]></Event>
<EventKey><![CDATA[http://www.9kpu.com/app/index.php?i=27&c=home&]]></EventKey>
<MenuId>432687017</MenuId>
</xml>

2016-10-10 16:29:53 params :
------------
Array:
message : Array ;
module : default ;
rule : -1 ;

2016-10-10 16:29:53 response :
------------
Array:
params : Array ;

2016-10-10 16:30:10 trace :
------------
String:
<xml><ToUserName><![CDATA[gh_4e0c181b7380]]></ToUserName>
<FromUserName><![CDATA[oxtWnv3WxYqVA0YYngexzSkIW6HI]]></FromUserName>
<CreateTime>1476088210</CreateTime>
<MsgType><![CDATA[event]]></MsgType>
<Event><![CDATA[VIEW]]></Event>
<EventKey><![CDATA[http://www.9kpu.com/app/index.php?i=27&c=entry&eid=1]]></EventKey>
<MenuId>432687017</MenuId>
</xml>

2016-10-10 16:30:10 params :
------------
Array:
message : Array ;
module : default ;
rule : -1 ;

2016-10-10 16:30:10 response :
------------
Array:
params : Array ;

2016-10-10 16:38:38 trace :
------------
String:
<xml><ToUserName><![CDATA[gh_2a23de840671]]></ToUserName>
<FromUserName><![CDATA[oQxC9wbFJfmFbAJWbsfdjFAQ4CCA]]></FromUserName>
<CreateTime>1476088718</CreateTime>
<MsgType><![CDATA[event]]></MsgType>
<Event><![CDATA[VIEW]]></Event>
<EventKey><![CDATA[http://www.9kpu.com/app/index.php?i=31&c=entry&eid=1]]></EventKey>
<MenuId>408135367</MenuId>
</xml>

2016-10-10 16:38:38 params :
------------
Array:
message : Array ;
module : news ;
rule : 60 ;
priority : 0 ;
keyword : Array ;

2016-10-10 16:38:38 response :
------------
Array:
FromUserName : gh_2a23de840671 ;
ToUserName : oQxC9wbFJfmFbAJWbsfdjFAQ4CCA ;
MsgType : news ;
ArticleCount : 1 ;
Articles : Array ;

2016-10-10 16:38:54 trace :
------------
String:
<xml><ToUserName><![CDATA[gh_2a23de840671]]></ToUserName>
<FromUserName><![CDATA[oQxC9wbFJfmFbAJWbsfdjFAQ4CCA]]></FromUserName>
<CreateTime>1476088734</CreateTime>
<MsgType><![CDATA[event]]></MsgType>
<Event><![CDATA[VIEW]]></Event>
<EventKey><![CDATA[http://www.9kpu.com/app/index.php?i=31&c=entry&eid=2]]></EventKey>
<MenuId>408135367</MenuId>
</xml>

2016-10-10 16:38:54 params :
------------
Array:
message : Array ;
module : news ;
rule : 60 ;
priority : 0 ;
keyword : Array ;

2016-10-10 16:38:54 response :
------------
Array:
FromUserName : gh_2a23de840671 ;
ToUserName : oQxC9wbFJfmFbAJWbsfdjFAQ4CCA ;
MsgType : news ;
ArticleCount : 1 ;
Articles : Array ;

2016-10-10 16:38:58 trace :
------------
String:
<xml><ToUserName><![CDATA[gh_2a23de840671]]></ToUserName>
<FromUserName><![CDATA[oQxC9wbFJfmFbAJWbsfdjFAQ4CCA]]></FromUserName>
<CreateTime>1476088738</CreateTime>
<MsgType><![CDATA[event]]></MsgType>
<Event><![CDATA[VIEW]]></Event>
<EventKey><![CDATA[http://www.9kpu.com/app/index.php?i=31&c=home&]]></EventKey>
<MenuId>408135367</MenuId>
</xml>

2016-10-10 16:38:58 params :
------------
Array:
message : Array ;
module : news ;
rule : 60 ;
priority : 0 ;
keyword : Array ;

2016-10-10 16:38:58 response :
------------
Array:
FromUserName : gh_2a23de840671 ;
ToUserName : oQxC9wbFJfmFbAJWbsfdjFAQ4CCA ;
MsgType : news ;
ArticleCount : 1 ;
Articles : Array ;

2016-10-10 16:51:05 trace :
------------
String:
<xml><ToUserName><![CDATA[gh_2a23de840671]]></ToUserName>
<FromUserName><![CDATA[oQxC9wbFJfmFbAJWbsfdjFAQ4CCA]]></FromUserName>
<CreateTime>1476089465</CreateTime>
<MsgType><![CDATA[event]]></MsgType>
<Event><![CDATA[VIEW]]></Event>
<EventKey><![CDATA[http://www.9kpu.com/app/index.php?i=31&c=home&]]></EventKey>
<MenuId>408135367</MenuId>
</xml>

2016-10-10 16:51:05 params :
------------
Array:
message : Array ;
module : news ;
rule : 60 ;
priority : 0 ;
keyword : Array ;

2016-10-10 16:51:05 response :
------------
Array:
FromUserName : gh_2a23de840671 ;
ToUserName : oQxC9wbFJfmFbAJWbsfdjFAQ4CCA ;
MsgType : news ;
ArticleCount : 1 ;
Articles : Array ;

2016-10-10 16:51:14 trace :
------------
String:
<xml><ToUserName><![CDATA[gh_2a23de840671]]></ToUserName>
<FromUserName><![CDATA[oQxC9wbFJfmFbAJWbsfdjFAQ4CCA]]></FromUserName>
<CreateTime>1476089474</CreateTime>
<MsgType><![CDATA[event]]></MsgType>
<Event><![CDATA[VIEW]]></Event>
<EventKey><![CDATA[http://www.9kpu.com/app/index.php?i=31&c=entry&eid=1]]></EventKey>
<MenuId>408135367</MenuId>
</xml>

2016-10-10 16:51:14 params :
------------
Array:
message : Array ;
module : news ;
rule : 60 ;
priority : 0 ;
keyword : Array ;

2016-10-10 16:51:14 response :
------------
Array:
FromUserName : gh_2a23de840671 ;
ToUserName : oQxC9wbFJfmFbAJWbsfdjFAQ4CCA ;
MsgType : news ;
ArticleCount : 1 ;
Articles : Array ;

2016-10-10 16:52:00 trace :
------------
String:
<xml><ToUserName><![CDATA[gh_2a23de840671]]></ToUserName>
<FromUserName><![CDATA[oQxC9wbFJfmFbAJWbsfdjFAQ4CCA]]></FromUserName>
<CreateTime>1476089520</CreateTime>
<MsgType><![CDATA[event]]></MsgType>
<Event><![CDATA[VIEW]]></Event>
<EventKey><![CDATA[http://www.9kpu.com/app/index.php?i=31&c=entry&eid=2]]></EventKey>
<MenuId>408135367</MenuId>
</xml>

2016-10-10 16:52:00 params :
------------
Array:
message : Array ;
module : news ;
rule : 60 ;
priority : 0 ;
keyword : Array ;

2016-10-10 16:52:00 response :
------------
Array:
FromUserName : gh_2a23de840671 ;
ToUserName : oQxC9wbFJfmFbAJWbsfdjFAQ4CCA ;
MsgType : news ;
ArticleCount : 1 ;
Articles : Array ;

2016-10-10 16:59:21 trace :
------------
String:
<xml><ToUserName><![CDATA[gh_7d1762dac7c2]]></ToUserName>
<FromUserName><![CDATA[o8AZcwDpPvds6oOHqb1D_9f9qSKw]]></FromUserName>
<CreateTime>1476089961</CreateTime>
<MsgType><![CDATA[event]]></MsgType>
<Event><![CDATA[VIEW]]></Event>
<EventKey><![CDATA[http://www.9kpu.com/app/index.php?i=6&c=home&]]></EventKey>
<MenuId>406999612</MenuId>
</xml>

2016-10-10 16:59:21 params :
------------
Array:
rule : -2 ;
module :  ;
message : Array ;

2016-10-10 16:59:21 response :
------------

2016-10-10 16:59:29 trace :
------------
String:
<xml><ToUserName><![CDATA[gh_7d1762dac7c2]]></ToUserName>
<FromUserName><![CDATA[o8AZcwDpPvds6oOHqb1D_9f9qSKw]]></FromUserName>
<CreateTime>1476089969</CreateTime>
<MsgType><![CDATA[event]]></MsgType>
<Event><![CDATA[VIEW]]></Event>
<EventKey><![CDATA[http://www.9kpu.com/app/index.php?i=6&c=entry&eid=2]]></EventKey>
<MenuId>406999612</MenuId>
</xml>

2016-10-10 16:59:29 params :
------------
Array:
rule : -2 ;
module :  ;
message : Array ;

2016-10-10 16:59:29 response :
------------

2016-10-10 17:26:42 trace :
------------
String:
<xml><ToUserName><![CDATA[gh_4e0c181b7380]]></ToUserName>
<FromUserName><![CDATA[oxtWnv-SXZLyuJrBtwvS4qKOMqkw]]></FromUserName>
<CreateTime>1476091602</CreateTime>
<MsgType><![CDATA[event]]></MsgType>
<Event><![CDATA[subscribe]]></Event>
<EventKey><![CDATA[]]></EventKey>
</xml>

2016-10-10 17:26:42 params :
------------
Array:
message : Array ;
module : default ;
rule : -1 ;

2016-10-10 17:26:42 response :
------------
Array:
params : Array ;

2016-10-10 17:26:49 trace :
------------
String:
<xml><ToUserName><![CDATA[gh_4e0c181b7380]]></ToUserName>
<FromUserName><![CDATA[oxtWnv-SXZLyuJrBtwvS4qKOMqkw]]></FromUserName>
<CreateTime>1476091609</CreateTime>
<MsgType><![CDATA[event]]></MsgType>
<Event><![CDATA[VIEW]]></Event>
<EventKey><![CDATA[http://www.9kpu.com/app/index.php?i=27&c=entry&eid=1]]></EventKey>
<MenuId>432687017</MenuId>
</xml>

2016-10-10 17:26:49 params :
------------
Array:
message : Array ;
module : default ;
rule : -1 ;

2016-10-10 17:26:49 response :
------------
Array:
params : Array ;

2016-10-10 17:28:19 trace :
------------
String:
<xml><ToUserName><![CDATA[gh_4e0c181b7380]]></ToUserName>
<FromUserName><![CDATA[oxtWnv-SXZLyuJrBtwvS4qKOMqkw]]></FromUserName>
<CreateTime>1476091699</CreateTime>
<MsgType><![CDATA[event]]></MsgType>
<Event><![CDATA[VIEW]]></Event>
<EventKey><![CDATA[http://www.9kpu.com/app/index.php?i=27&c=home&]]></EventKey>
<MenuId>432687017</MenuId>
</xml>

2016-10-10 17:28:19 params :
------------
Array:
message : Array ;
module : default ;
rule : -1 ;

2016-10-10 17:28:19 response :
------------
Array:
params : Array ;

2016-10-10 17:28:30 trace :
------------
String:
<xml><ToUserName><![CDATA[gh_4e0c181b7380]]></ToUserName>
<FromUserName><![CDATA[oxtWnv-SXZLyuJrBtwvS4qKOMqkw]]></FromUserName>
<CreateTime>1476091710</CreateTime>
<MsgType><![CDATA[event]]></MsgType>
<Event><![CDATA[VIEW]]></Event>
<EventKey><![CDATA[http://www.9kpu.com/app/index.php?i=27&c=entry&eid=2]]></EventKey>
<MenuId>432687017</MenuId>
</xml>

2016-10-10 17:28:30 params :
------------
Array:
message : Array ;
module : default ;
rule : -1 ;

2016-10-10 17:28:30 response :
------------
Array:
params : Array ;

2016-10-10 18:12:38 trace :
------------
String:
<xml><ToUserName><![CDATA[gh_2a23de840671]]></ToUserName>
<FromUserName><![CDATA[oQxC9wfDGw_2VwHd-qyo3rtBLA3E]]></FromUserName>
<CreateTime>1476094358</CreateTime>
<MsgType><![CDATA[event]]></MsgType>
<Event><![CDATA[VIEW]]></Event>
<EventKey><![CDATA[http://www.9kpu.com/app/index.php?i=31&c=entry&eid=1]]></EventKey>
<MenuId>408135367</MenuId>
</xml>

2016-10-10 18:12:38 params :
------------
Array:
message : Array ;
module : news ;
rule : 60 ;
priority : 0 ;
keyword : Array ;

2016-10-10 18:12:38 response :
------------
Array:
FromUserName : gh_2a23de840671 ;
ToUserName : oQxC9wfDGw_2VwHd-qyo3rtBLA3E ;
MsgType : news ;
ArticleCount : 1 ;
Articles : Array ;

2016-10-10 18:28:07 trace :
------------
String:
<xml><ToUserName><![CDATA[gh_2a23de840671]]></ToUserName>
<FromUserName><![CDATA[oQxC9wfDGw_2VwHd-qyo3rtBLA3E]]></FromUserName>
<CreateTime>1476095287</CreateTime>
<MsgType><![CDATA[event]]></MsgType>
<Event><![CDATA[VIEW]]></Event>
<EventKey><![CDATA[http://www.9kpu.com/app/index.php?i=31&c=entry&eid=1]]></EventKey>
<MenuId>408135367</MenuId>
</xml>

2016-10-10 18:28:07 params :
------------
Array:
message : Array ;
module : news ;
rule : 60 ;
priority : 0 ;
keyword : Array ;

2016-10-10 18:28:07 response :
------------
Array:
FromUserName : gh_2a23de840671 ;
ToUserName : oQxC9wfDGw_2VwHd-qyo3rtBLA3E ;
MsgType : news ;
ArticleCount : 1 ;
Articles : Array ;

2016-10-10 19:29:14 trace :
------------
String:
<xml><ToUserName><![CDATA[gh_4e0c181b7380]]></ToUserName>
<FromUserName><![CDATA[oxtWnvyMVynz-jZXv-0rGY4Hn5HE]]></FromUserName>
<CreateTime>1476098954</CreateTime>
<MsgType><![CDATA[event]]></MsgType>
<Event><![CDATA[subscribe]]></Event>
<EventKey><![CDATA[]]></EventKey>
</xml>

2016-10-10 19:29:14 params :
------------
Array:
message : Array ;
module : default ;
rule : -1 ;

2016-10-10 19:29:14 response :
------------
Array:
params : Array ;

2016-10-10 19:29:16 trace :
------------
String:
<xml><ToUserName><![CDATA[gh_4e0c181b7380]]></ToUserName>
<FromUserName><![CDATA[oxtWnvyMVynz-jZXv-0rGY4Hn5HE]]></FromUserName>
<CreateTime>1476098956</CreateTime>
<MsgType><![CDATA[event]]></MsgType>
<Event><![CDATA[VIEW]]></Event>
<EventKey><![CDATA[http://www.9kpu.com/app/index.php?i=27&c=home&]]></EventKey>
<MenuId>432687017</MenuId>
</xml>

2016-10-10 19:29:16 params :
------------
Array:
message : Array ;
module : default ;
rule : -1 ;

2016-10-10 19:29:16 response :
------------
Array:
params : Array ;

2016-10-10 19:59:55 trace :
------------
String:
<xml><ToUserName><![CDATA[gh_4e0c181b7380]]></ToUserName>
<FromUserName><![CDATA[oxtWnv-SXZLyuJrBtwvS4qKOMqkw]]></FromUserName>
<CreateTime>1476100795</CreateTime>
<MsgType><![CDATA[event]]></MsgType>
<Event><![CDATA[VIEW]]></Event>
<EventKey><![CDATA[http://www.9kpu.com/app/index.php?i=27&c=home&]]></EventKey>
<MenuId>432687017</MenuId>
</xml>

2016-10-10 19:59:55 params :
------------
Array:
message : Array ;
module : default ;
rule : -1 ;

2016-10-10 19:59:55 response :
------------
Array:
params : Array ;

2016-10-10 20:00:02 trace :
------------
String:
<xml><ToUserName><![CDATA[gh_4e0c181b7380]]></ToUserName>
<FromUserName><![CDATA[oxtWnv-SXZLyuJrBtwvS4qKOMqkw]]></FromUserName>
<CreateTime>1476100802</CreateTime>
<MsgType><![CDATA[event]]></MsgType>
<Event><![CDATA[VIEW]]></Event>
<EventKey><![CDATA[http://www.9kpu.com/app/index.php?i=27&c=entry&eid=1]]></EventKey>
<MenuId>432687017</MenuId>
</xml>

2016-10-10 20:00:02 params :
------------
Array:
message : Array ;
module : default ;
rule : -1 ;

2016-10-10 20:00:02 response :
------------
Array:
params : Array ;

2016-10-10 20:00:05 trace :
------------
String:
<xml><ToUserName><![CDATA[gh_4e0c181b7380]]></ToUserName>
<FromUserName><![CDATA[oxtWnv-SXZLyuJrBtwvS4qKOMqkw]]></FromUserName>
<CreateTime>1476100805</CreateTime>
<MsgType><![CDATA[event]]></MsgType>
<Event><![CDATA[VIEW]]></Event>
<EventKey><![CDATA[http://www.9kpu.com/app/index.php?i=27&c=entry&eid=2]]></EventKey>
<MenuId>432687017</MenuId>
</xml>

2016-10-10 20:00:05 params :
------------
Array:
message : Array ;
module : default ;
rule : -1 ;

2016-10-10 20:00:05 response :
------------
Array:
params : Array ;

2016-10-10 21:21:28 trace :
------------
String:
<xml><ToUserName><![CDATA[gh_2a23de840671]]></ToUserName>
<FromUserName><![CDATA[oQxC9wbN7mtq0ucRaGa1_dClO_Cw]]></FromUserName>
<CreateTime>1476105688</CreateTime>
<MsgType><![CDATA[event]]></MsgType>
<Event><![CDATA[VIEW]]></Event>
<EventKey><![CDATA[http://www.9kpu.com/app/index.php?i=31&c=home&]]></EventKey>
<MenuId>408135367</MenuId>
</xml>

2016-10-10 21:21:28 params :
------------
Array:
message : Array ;
module : news ;
rule : 60 ;
priority : 0 ;
keyword : Array ;

2016-10-10 21:21:28 response :
------------
Array:
FromUserName : gh_2a23de840671 ;
ToUserName : oQxC9wbN7mtq0ucRaGa1_dClO_Cw ;
MsgType : news ;
ArticleCount : 1 ;
Articles : Array ;

2016-10-10 21:21:30 trace :
------------
String:
<xml><ToUserName><![CDATA[gh_2a23de840671]]></ToUserName>
<FromUserName><![CDATA[oQxC9wbN7mtq0ucRaGa1_dClO_Cw]]></FromUserName>
<CreateTime>1476105690</CreateTime>
<MsgType><![CDATA[event]]></MsgType>
<Event><![CDATA[VIEW]]></Event>
<EventKey><![CDATA[http://www.9kpu.com/app/index.php?i=31&c=entry&eid=1]]></EventKey>
<MenuId>408135367</MenuId>
</xml>

2016-10-10 21:21:30 params :
------------
Array:
message : Array ;
module : news ;
rule : 60 ;
priority : 0 ;
keyword : Array ;

2016-10-10 21:21:30 response :
------------
Array:
FromUserName : gh_2a23de840671 ;
ToUserName : oQxC9wbN7mtq0ucRaGa1_dClO_Cw ;
MsgType : news ;
ArticleCount : 1 ;
Articles : Array ;

2016-10-10 21:27:44 trace :
------------
String:
<xml><ToUserName><![CDATA[gh_2a23de840671]]></ToUserName>
<FromUserName><![CDATA[oQxC9wfyAdGjP0PmwNOf34edjiEg]]></FromUserName>
<CreateTime>1476106064</CreateTime>
<MsgType><![CDATA[event]]></MsgType>
<Event><![CDATA[VIEW]]></Event>
<EventKey><![CDATA[http://www.9kpu.com/app/index.php?i=31&c=entry&eid=1]]></EventKey>
<MenuId>408135367</MenuId>
</xml>

2016-10-10 21:27:44 params :
------------
Array:
message : Array ;
module : news ;
rule : 60 ;
priority : 0 ;
keyword : Array ;

2016-10-10 21:27:44 response :
------------
Array:
FromUserName : gh_2a23de840671 ;
ToUserName : oQxC9wfyAdGjP0PmwNOf34edjiEg ;
MsgType : news ;
ArticleCount : 1 ;
Articles : Array ;

2016-10-10 21:40:25 trace :
------------
String:
<xml><ToUserName><![CDATA[gh_2a16c32dff4b]]></ToUserName>
<FromUserName><![CDATA[oZF73wPxFhdPxIScoxRRZf-o5giw]]></FromUserName>
<CreateTime>1476106825</CreateTime>
<MsgType><![CDATA[event]]></MsgType>
<Event><![CDATA[subscribe]]></Event>
<EventKey><![CDATA[]]></EventKey>
</xml>

2016-10-10 21:40:25 params :
------------
Array:
message : Array ;
module : news ;
rule : 56 ;
priority : 0 ;
keyword : Array ;

2016-10-10 21:40:25 response :
------------
Array:
FromUserName : gh_2a16c32dff4b ;
ToUserName : oZF73wPxFhdPxIScoxRRZf-o5giw ;
MsgType : news ;
ArticleCount : 1 ;
Articles : Array ;

2016-10-10 21:40:36 trace :
------------
String:
<xml><ToUserName><![CDATA[gh_2a16c32dff4b]]></ToUserName>
<FromUserName><![CDATA[oZF73wPxFhdPxIScoxRRZf-o5giw]]></FromUserName>
<CreateTime>1476106836</CreateTime>
<MsgType><![CDATA[event]]></MsgType>
<Event><![CDATA[VIEW]]></Event>
<EventKey><![CDATA[http://www.9kpu.com/app/index.php?i=26&c=home&]]></EventKey>
<MenuId>443004588</MenuId>
</xml>

2016-10-10 21:40:36 params :
------------
Array:
message : Array ;
module : news ;
rule : 56 ;
priority : 0 ;
keyword : Array ;

2016-10-10 21:40:36 response :
------------
Array:
FromUserName : gh_2a16c32dff4b ;
ToUserName : oZF73wPxFhdPxIScoxRRZf-o5giw ;
MsgType : news ;
ArticleCount : 1 ;
Articles : Array ;

2016-10-10 21:40:49 trace :
------------
String:
<xml><ToUserName><![CDATA[gh_2a16c32dff4b]]></ToUserName>
<FromUserName><![CDATA[oZF73wPxFhdPxIScoxRRZf-o5giw]]></FromUserName>
<CreateTime>1476106849</CreateTime>
<MsgType><![CDATA[event]]></MsgType>
<Event><![CDATA[VIEW]]></Event>
<EventKey><![CDATA[http://www.9kpu.com/app/index.php?i=26&c=home&]]></EventKey>
<MenuId>443004588</MenuId>
</xml>

2016-10-10 21:40:49 params :
------------
Array:
message : Array ;
module : news ;
rule : 56 ;
priority : 0 ;
keyword : Array ;

2016-10-10 21:40:49 response :
------------
Array:
FromUserName : gh_2a16c32dff4b ;
ToUserName : oZF73wPxFhdPxIScoxRRZf-o5giw ;
MsgType : news ;
ArticleCount : 1 ;
Articles : Array ;

2016-10-10 21:41:24 trace :
------------
String:
<xml><ToUserName><![CDATA[gh_2a16c32dff4b]]></ToUserName>
<FromUserName><![CDATA[oZF73wPxFhdPxIScoxRRZf-o5giw]]></FromUserName>
<CreateTime>1476106884</CreateTime>
<MsgType><![CDATA[event]]></MsgType>
<Event><![CDATA[VIEW]]></Event>
<EventKey><![CDATA[http://www.9kpu.com/app/index.php?i=26&c=entry&do=teaIn&m=lianhu_school]]></EventKey>
<MenuId>443004588</MenuId>
</xml>

2016-10-10 21:41:24 params :
------------
Array:
message : Array ;
module : news ;
rule : 56 ;
priority : 0 ;
keyword : Array ;

2016-10-10 21:41:24 response :
------------
Array:
FromUserName : gh_2a16c32dff4b ;
ToUserName : oZF73wPxFhdPxIScoxRRZf-o5giw ;
MsgType : news ;
ArticleCount : 1 ;
Articles : Array ;

2016-10-10 21:41:31 trace :
------------
String:
<xml><ToUserName><![CDATA[gh_2a16c32dff4b]]></ToUserName>
<FromUserName><![CDATA[oZF73wPxFhdPxIScoxRRZf-o5giw]]></FromUserName>
<CreateTime>1476106891</CreateTime>
<MsgType><![CDATA[event]]></MsgType>
<Event><![CDATA[VIEW]]></Event>
<EventKey><![CDATA[http://www.9kpu.com/app/index.php?i=26&c=entry&eid=1]]></EventKey>
<MenuId>443004588</MenuId>
</xml>

2016-10-10 21:41:31 params :
------------
Array:
message : Array ;
module : news ;
rule : 56 ;
priority : 0 ;
keyword : Array ;

2016-10-10 21:41:31 response :
------------
Array:
FromUserName : gh_2a16c32dff4b ;
ToUserName : oZF73wPxFhdPxIScoxRRZf-o5giw ;
MsgType : news ;
ArticleCount : 1 ;
Articles : Array ;

