2016-09-08 05:12:05 trace :
------------
String:
<xml><ToUserName><![CDATA[gh_0eab716966d4]]></ToUserName>
<FromUserName><![CDATA[oSoVuwDCR3_wndgsyMdCIwfCw9IU]]></FromUserName>
<CreateTime>1473282725</CreateTime>
<MsgType><![CDATA[event]]></MsgType>
<Event><![CDATA[VIEW]]></Event>
<EventKey><![CDATA[http://www.9kpu.com/app/index.php?i=28&c=entry&eid=1]]></EventKey>
<MenuId>414492131</MenuId>
</xml>

2016-09-08 05:12:05 params :
------------
Array:
rule : -2 ;
module :  ;
message : Array ;

2016-09-08 05:12:05 response :
------------

2016-09-08 06:49:18 trace :
------------
String:
<xml><ToUserName><![CDATA[gh_0eab716966d4]]></ToUserName>
<FromUserName><![CDATA[oSoVuwDkC0H3aOzW-47P70XueWZ0]]></FromUserName>
<CreateTime>1473288558</CreateTime>
<MsgType><![CDATA[event]]></MsgType>
<Event><![CDATA[VIEW]]></Event>
<EventKey><![CDATA[http://www.9kpu.com/app/index.php?i=28&c=entry&eid=1]]></EventKey>
<MenuId>414492131</MenuId>
</xml>

2016-09-08 06:49:18 params :
------------
Array:
rule : -2 ;
module :  ;
message : Array ;

2016-09-08 06:49:18 response :
------------

2016-09-08 06:49:24 trace :
------------
String:
<xml><ToUserName><![CDATA[gh_0eab716966d4]]></ToUserName>
<FromUserName><![CDATA[oSoVuwDkC0H3aOzW-47P70XueWZ0]]></FromUserName>
<CreateTime>1473288564</CreateTime>
<MsgType><![CDATA[event]]></MsgType>
<Event><![CDATA[VIEW]]></Event>
<EventKey><![CDATA[http://www.9kpu.com/app/index.php?i=28&c=entry&eid=2]]></EventKey>
<MenuId>414492131</MenuId>
</xml>

2016-09-08 06:49:24 params :
------------
Array:
rule : -2 ;
module :  ;
message : Array ;

2016-09-08 06:49:24 response :
------------

2016-09-08 06:49:26 trace :
------------
String:
<xml><ToUserName><![CDATA[gh_0eab716966d4]]></ToUserName>
<FromUserName><![CDATA[oSoVuwDkC0H3aOzW-47P70XueWZ0]]></FromUserName>
<CreateTime>1473288566</CreateTime>
<MsgType><![CDATA[event]]></MsgType>
<Event><![CDATA[VIEW]]></Event>
<EventKey><![CDATA[http://www.9kpu.com/app/index.php?i=28&c=home&]]></EventKey>
<MenuId>414492131</MenuId>
</xml>

2016-09-08 06:49:26 params :
------------
Array:
rule : -2 ;
module :  ;
message : Array ;

2016-09-08 06:49:26 response :
------------

2016-09-08 07:18:49 trace :
------------
String:
<xml><ToUserName><![CDATA[gh_0eab716966d4]]></ToUserName>
<FromUserName><![CDATA[oSoVuwKMqkdedecuWpFKx2S-1tyI]]></FromUserName>
<CreateTime>1473290329</CreateTime>
<MsgType><![CDATA[event]]></MsgType>
<Event><![CDATA[VIEW]]></Event>
<EventKey><![CDATA[http://www.9kpu.com/app/index.php?i=28&c=home&]]></EventKey>
<MenuId>414492131</MenuId>
</xml>

2016-09-08 07:18:49 params :
------------
Array:
rule : -2 ;
module :  ;
message : Array ;

2016-09-08 07:18:49 response :
------------

2016-09-08 07:47:31 trace :
------------
String:
<xml><ToUserName><![CDATA[gh_2a23de840671]]></ToUserName>
<FromUserName><![CDATA[oQxC9wVhzTbXwKgdM0cxwPVx4WDw]]></FromUserName>
<CreateTime>1473292051</CreateTime>
<MsgType><![CDATA[event]]></MsgType>
<Event><![CDATA[VIEW]]></Event>
<EventKey><![CDATA[http://www.9kpu.com/app/index.php?i=31&c=entry&eid=1]]></EventKey>
<MenuId>408135367</MenuId>
</xml>

2016-09-08 07:47:31 params :
------------
Array:
rule : -2 ;
module :  ;
message : Array ;

2016-09-08 07:47:31 response :
------------

2016-09-08 07:47:44 trace :
------------
String:
<xml><ToUserName><![CDATA[gh_2a23de840671]]></ToUserName>
<FromUserName><![CDATA[oQxC9wVhzTbXwKgdM0cxwPVx4WDw]]></FromUserName>
<CreateTime>1473292064</CreateTime>
<MsgType><![CDATA[event]]></MsgType>
<Event><![CDATA[VIEW]]></Event>
<EventKey><![CDATA[http://www.9kpu.com/app/index.php?i=31&c=home&]]></EventKey>
<MenuId>408135367</MenuId>
</xml>

2016-09-08 07:47:44 params :
------------
Array:
rule : -2 ;
module :  ;
message : Array ;

2016-09-08 07:47:44 response :
------------

2016-09-08 07:47:56 trace :
------------
String:
<xml><ToUserName><![CDATA[gh_2a23de840671]]></ToUserName>
<FromUserName><![CDATA[oQxC9wVhzTbXwKgdM0cxwPVx4WDw]]></FromUserName>
<CreateTime>1473292076</CreateTime>
<MsgType><![CDATA[event]]></MsgType>
<Event><![CDATA[VIEW]]></Event>
<EventKey><![CDATA[http://www.9kpu.com/app/index.php?i=31&c=home&]]></EventKey>
<MenuId>408135367</MenuId>
</xml>

2016-09-08 07:47:56 params :
------------
Array:
rule : -2 ;
module :  ;
message : Array ;

2016-09-08 07:47:56 response :
------------

2016-09-08 08:18:35 trace :
------------
String:
<xml><ToUserName><![CDATA[gh_081ee8610e82]]></ToUserName>
<FromUserName><![CDATA[ohNDtvllD6GDRbs8rV1ycX6caReg]]></FromUserName>
<CreateTime>1473293915</CreateTime>
<MsgType><![CDATA[event]]></MsgType>
<Event><![CDATA[VIEW]]></Event>
<EventKey><![CDATA[http://www.9kpu.com/app/index.php?i=4&c=entry&eid=1]]></EventKey>
<MenuId>413434304</MenuId>
</xml>

2016-09-08 08:18:35 params :
------------
Array:
message : Array ;
module : basic ;
rule : 13 ;
priority : 0 ;
keyword : Array ;

2016-09-08 08:18:35 response :
------------
Array:
FromUserName : gh_081ee8610e82 ;
ToUserName : ohNDtvllD6GDRbs8rV1ycX6caReg ;
MsgType : text ;
Content : 等你好久了，智慧微校欢迎您。如果您是来逛逛的，请点开微官网查看我们学校的介绍信息。如果您是家长，请点开学生中心，用您家孩子姓名与学号绑定，就可尽情使用微校功能。如果您是老师，请点开微办公，用系统分配的账号与密码完成绑定，使用微校完成家校互动。 ;

2016-09-08 08:18:44 trace :
------------
String:
<xml><ToUserName><![CDATA[gh_081ee8610e82]]></ToUserName>
<FromUserName><![CDATA[ohNDtvllD6GDRbs8rV1ycX6caReg]]></FromUserName>
<CreateTime>1473293924</CreateTime>
<MsgType><![CDATA[event]]></MsgType>
<Event><![CDATA[VIEW]]></Event>
<EventKey><![CDATA[http://www.9kpu.com/app/index.php?i=4&c=entry&eid=2]]></EventKey>
<MenuId>413434304</MenuId>
</xml>

2016-09-08 08:18:44 params :
------------
Array:
message : Array ;
module : basic ;
rule : 13 ;
priority : 0 ;
keyword : Array ;

2016-09-08 08:18:44 response :
------------
Array:
FromUserName : gh_081ee8610e82 ;
ToUserName : ohNDtvllD6GDRbs8rV1ycX6caReg ;
MsgType : text ;
Content : 等你好久了，智慧微校欢迎您。如果您是来逛逛的，请点开微官网查看我们学校的介绍信息。如果您是家长，请点开学生中心，用您家孩子姓名与学号绑定，就可尽情使用微校功能。如果您是老师，请点开微办公，用系统分配的账号与密码完成绑定，使用微校完成家校互动。 ;

2016-09-08 08:18:53 trace :
------------
String:
<xml><ToUserName><![CDATA[gh_081ee8610e82]]></ToUserName>
<FromUserName><![CDATA[ohNDtvllD6GDRbs8rV1ycX6caReg]]></FromUserName>
<CreateTime>1473293933</CreateTime>
<MsgType><![CDATA[event]]></MsgType>
<Event><![CDATA[VIEW]]></Event>
<EventKey><![CDATA[http://www.9kpu.com/app/index.php?i=4&c=entry&eid=37]]></EventKey>
<MenuId>413434304</MenuId>
</xml>

2016-09-08 08:18:53 params :
------------
Array:
message : Array ;
module : basic ;
rule : 13 ;
priority : 0 ;
keyword : Array ;

2016-09-08 08:18:53 response :
------------
Array:
FromUserName : gh_081ee8610e82 ;
ToUserName : ohNDtvllD6GDRbs8rV1ycX6caReg ;
MsgType : text ;
Content : 等你好久了，智慧微校欢迎您。如果您是来逛逛的，请点开微官网查看我们学校的介绍信息。如果您是家长，请点开学生中心，用您家孩子姓名与学号绑定，就可尽情使用微校功能。如果您是老师，请点开微办公，用系统分配的账号与密码完成绑定，使用微校完成家校互动。 ;

2016-09-08 09:09:33 trace :
------------
String:
<xml><ToUserName><![CDATA[gh_2a23de840671]]></ToUserName>
<FromUserName><![CDATA[oQxC9wZIALsrTGRALeAytxRuHM5U]]></FromUserName>
<CreateTime>1473296973</CreateTime>
<MsgType><![CDATA[event]]></MsgType>
<Event><![CDATA[subscribe]]></Event>
<EventKey><![CDATA[]]></EventKey>
</xml>

2016-09-08 09:09:33 params :
------------
Array:
rule : -2 ;
module :  ;
message : Array ;

2016-09-08 09:09:33 response :
------------

2016-09-08 09:09:36 trace :
------------
String:
<xml><ToUserName><![CDATA[gh_2a23de840671]]></ToUserName>
<FromUserName><![CDATA[oQxC9wZIALsrTGRALeAytxRuHM5U]]></FromUserName>
<CreateTime>1473296976</CreateTime>
<MsgType><![CDATA[event]]></MsgType>
<Event><![CDATA[VIEW]]></Event>
<EventKey><![CDATA[http://www.9kpu.com/app/index.php?i=31&c=entry&eid=1]]></EventKey>
<MenuId>408135367</MenuId>
</xml>

2016-09-08 09:09:36 params :
------------
Array:
rule : -2 ;
module :  ;
message : Array ;

2016-09-08 09:09:36 response :
------------

2016-09-08 09:09:46 trace :
------------
String:
<xml><ToUserName><![CDATA[gh_2a23de840671]]></ToUserName>
<FromUserName><![CDATA[oQxC9wZIALsrTGRALeAytxRuHM5U]]></FromUserName>
<CreateTime>1473296986</CreateTime>
<MsgType><![CDATA[event]]></MsgType>
<Event><![CDATA[VIEW]]></Event>
<EventKey><![CDATA[http://www.9kpu.com/app/index.php?i=31&c=home&]]></EventKey>
<MenuId>408135367</MenuId>
</xml>

2016-09-08 09:09:46 params :
------------
Array:
rule : -2 ;
module :  ;
message : Array ;

2016-09-08 09:09:46 response :
------------

2016-09-08 09:09:58 trace :
------------
String:
<xml><ToUserName><![CDATA[gh_2a23de840671]]></ToUserName>
<FromUserName><![CDATA[oQxC9wZIALsrTGRALeAytxRuHM5U]]></FromUserName>
<CreateTime>1473296998</CreateTime>
<MsgType><![CDATA[event]]></MsgType>
<Event><![CDATA[VIEW]]></Event>
<EventKey><![CDATA[http://www.9kpu.com/app/index.php?i=31&c=entry&eid=1]]></EventKey>
<MenuId>408135367</MenuId>
</xml>

2016-09-08 09:09:58 params :
------------
Array:
rule : -2 ;
module :  ;
message : Array ;

2016-09-08 09:09:58 response :
------------

2016-09-08 09:45:22 trace :
------------
String:
<xml><ToUserName><![CDATA[gh_2a23de840671]]></ToUserName>
<FromUserName><![CDATA[oQxC9weAYUIiqXX7uBmYjwuq6px4]]></FromUserName>
<CreateTime>1473299122</CreateTime>
<MsgType><![CDATA[event]]></MsgType>
<Event><![CDATA[VIEW]]></Event>
<EventKey><![CDATA[http://www.9kpu.com/app/index.php?i=31&c=entry&eid=2]]></EventKey>
<MenuId>408135367</MenuId>
</xml>

2016-09-08 09:45:22 params :
------------
Array:
rule : -2 ;
module :  ;
message : Array ;

2016-09-08 09:45:22 response :
------------

2016-09-08 09:45:29 trace :
------------
String:
<xml><ToUserName><![CDATA[gh_2a23de840671]]></ToUserName>
<FromUserName><![CDATA[oQxC9weAYUIiqXX7uBmYjwuq6px4]]></FromUserName>
<CreateTime>1473299129</CreateTime>
<MsgType><![CDATA[event]]></MsgType>
<Event><![CDATA[VIEW]]></Event>
<EventKey><![CDATA[http://www.9kpu.com/app/index.php?i=31&c=entry&eid=1]]></EventKey>
<MenuId>408135367</MenuId>
</xml>

2016-09-08 09:45:29 params :
------------
Array:
rule : -2 ;
module :  ;
message : Array ;

2016-09-08 09:45:29 response :
------------

2016-09-08 09:45:39 trace :
------------
String:
<xml><ToUserName><![CDATA[gh_2a23de840671]]></ToUserName>
<FromUserName><![CDATA[oQxC9weAYUIiqXX7uBmYjwuq6px4]]></FromUserName>
<CreateTime>1473299139</CreateTime>
<MsgType><![CDATA[event]]></MsgType>
<Event><![CDATA[VIEW]]></Event>
<EventKey><![CDATA[http://www.9kpu.com/app/index.php?i=31&c=home&]]></EventKey>
<MenuId>408135367</MenuId>
</xml>

2016-09-08 09:45:39 params :
------------
Array:
rule : -2 ;
module :  ;
message : Array ;

2016-09-08 09:45:39 response :
------------

2016-09-08 10:09:26 trace :
------------
String:
<xml><ToUserName><![CDATA[gh_0eab716966d4]]></ToUserName>
<FromUserName><![CDATA[oSoVuwKMqkdedecuWpFKx2S-1tyI]]></FromUserName>
<CreateTime>1473300566</CreateTime>
<MsgType><![CDATA[event]]></MsgType>
<Event><![CDATA[VIEW]]></Event>
<EventKey><![CDATA[http://www.9kpu.com/app/index.php?i=28&c=home&]]></EventKey>
<MenuId>414492131</MenuId>
</xml>

2016-09-08 10:09:26 params :
------------
Array:
rule : -2 ;
module :  ;
message : Array ;

2016-09-08 10:09:26 response :
------------

2016-09-08 11:27:32 trace :
------------
String:
<xml><ToUserName><![CDATA[gh_e7a0c8306261]]></ToUserName>
<FromUserName><![CDATA[oRj-Fs0-58f1Xolgz7rNR5ZNmCik]]></FromUserName>
<CreateTime>1473305252</CreateTime>
<MsgType><![CDATA[event]]></MsgType>
<Event><![CDATA[VIEW]]></Event>
<EventKey><![CDATA[http://www.9kpu.com/app/index.php?i=13&c=entry&eid=1]]></EventKey>
<MenuId>409075692</MenuId>
</xml>

2016-09-08 11:27:32 params :
------------
Array:
message : Array ;
module : basic ;
rule : 22 ;
priority : 0 ;
keyword : Array ;

2016-09-08 11:27:32 response :
------------
Array:
FromUserName : gh_e7a0c8306261 ;
ToUserName : oRj-Fs0-58f1Xolgz7rNR5ZNmCik ;
MsgType : text ;
Content : 欢迎关注同城学堂，点击微官网查看本学校介绍信息，家长点击学生天地绑定自己小孩信息使用，老师点击教师信息绑定自己账号使用 ;

2016-09-08 12:51:31 trace :
------------
String:
<xml><ToUserName><![CDATA[gh_2a23de840671]]></ToUserName>
<FromUserName><![CDATA[oQxC9wXS19-z61KFyRIfQKau3Zs8]]></FromUserName>
<CreateTime>1473310291</CreateTime>
<MsgType><![CDATA[event]]></MsgType>
<Event><![CDATA[subscribe]]></Event>
<EventKey><![CDATA[]]></EventKey>
</xml>

2016-09-08 12:51:31 params :
------------
Array:
rule : -2 ;
module :  ;
message : Array ;

2016-09-08 12:51:31 response :
------------

2016-09-08 12:51:35 trace :
------------
String:
<xml><ToUserName><![CDATA[gh_2a23de840671]]></ToUserName>
<FromUserName><![CDATA[oQxC9wXS19-z61KFyRIfQKau3Zs8]]></FromUserName>
<CreateTime>1473310295</CreateTime>
<MsgType><![CDATA[event]]></MsgType>
<Event><![CDATA[VIEW]]></Event>
<EventKey><![CDATA[http://www.9kpu.com/app/index.php?i=31&c=home&]]></EventKey>
<MenuId>408135367</MenuId>
</xml>

2016-09-08 12:51:35 params :
------------
Array:
rule : -2 ;
module :  ;
message : Array ;

2016-09-08 12:51:35 response :
------------

2016-09-08 12:51:46 trace :
------------
String:
<xml><ToUserName><![CDATA[gh_2a23de840671]]></ToUserName>
<FromUserName><![CDATA[oQxC9wXS19-z61KFyRIfQKau3Zs8]]></FromUserName>
<CreateTime>1473310306</CreateTime>
<MsgType><![CDATA[event]]></MsgType>
<Event><![CDATA[VIEW]]></Event>
<EventKey><![CDATA[http://www.9kpu.com/app/index.php?i=31&c=home&]]></EventKey>
<MenuId>408135367</MenuId>
</xml>

2016-09-08 12:51:46 params :
------------
Array:
rule : -2 ;
module :  ;
message : Array ;

2016-09-08 12:51:46 response :
------------

2016-09-08 12:51:49 trace :
------------
String:
<xml><ToUserName><![CDATA[gh_2a23de840671]]></ToUserName>
<FromUserName><![CDATA[oQxC9wXS19-z61KFyRIfQKau3Zs8]]></FromUserName>
<CreateTime>1473310309</CreateTime>
<MsgType><![CDATA[event]]></MsgType>
<Event><![CDATA[VIEW]]></Event>
<EventKey><![CDATA[http://www.9kpu.com/app/index.php?i=31&c=entry&eid=1]]></EventKey>
<MenuId>408135367</MenuId>
</xml>

2016-09-08 12:51:49 params :
------------
Array:
rule : -2 ;
module :  ;
message : Array ;

2016-09-08 12:51:49 response :
------------

2016-09-08 12:51:51 trace :
------------
String:
<xml><ToUserName><![CDATA[gh_2a23de840671]]></ToUserName>
<FromUserName><![CDATA[oQxC9wXS19-z61KFyRIfQKau3Zs8]]></FromUserName>
<CreateTime>1473310311</CreateTime>
<MsgType><![CDATA[event]]></MsgType>
<Event><![CDATA[VIEW]]></Event>
<EventKey><![CDATA[http://www.9kpu.com/app/index.php?i=31&c=entry&eid=2]]></EventKey>
<MenuId>408135367</MenuId>
</xml>

2016-09-08 12:51:51 params :
------------
Array:
rule : -2 ;
module :  ;
message : Array ;

2016-09-08 12:51:51 response :
------------

2016-09-08 14:32:31 trace :
------------
String:
<xml><ToUserName><![CDATA[gh_e7a0c8306261]]></ToUserName>
<FromUserName><![CDATA[oRj-Fs0-58f1Xolgz7rNR5ZNmCik]]></FromUserName>
<CreateTime>1473316351</CreateTime>
<MsgType><![CDATA[event]]></MsgType>
<Event><![CDATA[VIEW]]></Event>
<EventKey><![CDATA[http://www.9kpu.com/app/index.php?i=13&c=home&]]></EventKey>
<MenuId>409075692</MenuId>
</xml>

2016-09-08 14:32:31 params :
------------
Array:
message : Array ;
module : basic ;
rule : 22 ;
priority : 0 ;
keyword : Array ;

2016-09-08 14:32:31 response :
------------
Array:
FromUserName : gh_e7a0c8306261 ;
ToUserName : oRj-Fs0-58f1Xolgz7rNR5ZNmCik ;
MsgType : text ;
Content : 欢迎关注同城学堂，点击微官网查看本学校介绍信息，家长点击学生天地绑定自己小孩信息使用，老师点击教师信息绑定自己账号使用 ;

2016-09-08 14:32:53 trace :
------------
String:
<xml><ToUserName><![CDATA[gh_e7a0c8306261]]></ToUserName>
<FromUserName><![CDATA[oRj-Fs0-58f1Xolgz7rNR5ZNmCik]]></FromUserName>
<CreateTime>1473316373</CreateTime>
<MsgType><![CDATA[event]]></MsgType>
<Event><![CDATA[VIEW]]></Event>
<EventKey><![CDATA[http://www.9kpu.com/app/index.php?i=13&c=home&]]></EventKey>
<MenuId>409075692</MenuId>
</xml>

2016-09-08 14:32:53 params :
------------
Array:
message : Array ;
module : basic ;
rule : 22 ;
priority : 0 ;
keyword : Array ;

2016-09-08 14:32:53 response :
------------
Array:
FromUserName : gh_e7a0c8306261 ;
ToUserName : oRj-Fs0-58f1Xolgz7rNR5ZNmCik ;
MsgType : text ;
Content : 欢迎关注同城学堂，点击微官网查看本学校介绍信息，家长点击学生天地绑定自己小孩信息使用，老师点击教师信息绑定自己账号使用 ;

2016-09-08 14:32:58 trace :
------------
String:
<xml><ToUserName><![CDATA[gh_e7a0c8306261]]></ToUserName>
<FromUserName><![CDATA[oRj-Fs0-58f1Xolgz7rNR5ZNmCik]]></FromUserName>
<CreateTime>1473316378</CreateTime>
<MsgType><![CDATA[event]]></MsgType>
<Event><![CDATA[VIEW]]></Event>
<EventKey><![CDATA[http://www.9kpu.com/app/index.php?i=13&c=entry&eid=1]]></EventKey>
<MenuId>409075692</MenuId>
</xml>

2016-09-08 14:32:58 params :
------------
Array:
message : Array ;
module : basic ;
rule : 22 ;
priority : 0 ;
keyword : Array ;

2016-09-08 14:32:58 response :
------------
Array:
FromUserName : gh_e7a0c8306261 ;
ToUserName : oRj-Fs0-58f1Xolgz7rNR5ZNmCik ;
MsgType : text ;
Content : 欢迎关注同城学堂，点击微官网查看本学校介绍信息，家长点击学生天地绑定自己小孩信息使用，老师点击教师信息绑定自己账号使用 ;

2016-09-08 14:33:31 trace :
------------
String:
<xml><ToUserName><![CDATA[gh_e7a0c8306261]]></ToUserName>
<FromUserName><![CDATA[oRj-Fs0-58f1Xolgz7rNR5ZNmCik]]></FromUserName>
<CreateTime>1473316411</CreateTime>
<MsgType><![CDATA[event]]></MsgType>
<Event><![CDATA[VIEW]]></Event>
<EventKey><![CDATA[http://www.9kpu.com/app/index.php?i=13&c=entry&eid=1]]></EventKey>
<MenuId>409075692</MenuId>
</xml>

2016-09-08 14:33:31 params :
------------
Array:
message : Array ;
module : basic ;
rule : 22 ;
priority : 0 ;
keyword : Array ;

2016-09-08 14:33:31 response :
------------
Array:
FromUserName : gh_e7a0c8306261 ;
ToUserName : oRj-Fs0-58f1Xolgz7rNR5ZNmCik ;
MsgType : text ;
Content : 欢迎关注同城学堂，点击微官网查看本学校介绍信息，家长点击学生天地绑定自己小孩信息使用，老师点击教师信息绑定自己账号使用 ;

2016-09-08 14:34:07 trace :
------------
String:
<xml><ToUserName><![CDATA[gh_e7a0c8306261]]></ToUserName>
<FromUserName><![CDATA[oRj-Fs0-58f1Xolgz7rNR5ZNmCik]]></FromUserName>
<CreateTime>1473316447</CreateTime>
<MsgType><![CDATA[event]]></MsgType>
<Event><![CDATA[VIEW]]></Event>
<EventKey><![CDATA[http://www.9kpu.com/app/index.php?i=13&c=entry&eid=1]]></EventKey>
<MenuId>409075692</MenuId>
</xml>

2016-09-08 14:34:07 params :
------------
Array:
message : Array ;
module : basic ;
rule : 22 ;
priority : 0 ;
keyword : Array ;

2016-09-08 14:34:07 response :
------------
Array:
FromUserName : gh_e7a0c8306261 ;
ToUserName : oRj-Fs0-58f1Xolgz7rNR5ZNmCik ;
MsgType : text ;
Content : 欢迎关注同城学堂，点击微官网查看本学校介绍信息，家长点击学生天地绑定自己小孩信息使用，老师点击教师信息绑定自己账号使用 ;

2016-09-08 14:38:08 trace :
------------
String:
<xml><ToUserName><![CDATA[gh_2a23de840671]]></ToUserName>
<FromUserName><![CDATA[oQxC9weAYUIiqXX7uBmYjwuq6px4]]></FromUserName>
<CreateTime>1473316688</CreateTime>
<MsgType><![CDATA[event]]></MsgType>
<Event><![CDATA[VIEW]]></Event>
<EventKey><![CDATA[http://www.9kpu.com/app/index.php?i=31&c=entry&eid=1]]></EventKey>
<MenuId>408135367</MenuId>
</xml>

2016-09-08 14:38:08 params :
------------
Array:
rule : -2 ;
module :  ;
message : Array ;

2016-09-08 14:38:08 response :
------------

2016-09-08 14:38:24 trace :
------------
String:
<xml><ToUserName><![CDATA[gh_2a23de840671]]></ToUserName>
<FromUserName><![CDATA[oQxC9weAYUIiqXX7uBmYjwuq6px4]]></FromUserName>
<CreateTime>1473316704</CreateTime>
<MsgType><![CDATA[event]]></MsgType>
<Event><![CDATA[VIEW]]></Event>
<EventKey><![CDATA[http://www.9kpu.com/app/index.php?i=31&c=entry&eid=2]]></EventKey>
<MenuId>408135367</MenuId>
</xml>

2016-09-08 14:38:24 params :
------------
Array:
rule : -2 ;
module :  ;
message : Array ;

2016-09-08 14:38:24 response :
------------

2016-09-08 14:53:20 trace :
------------
String:
<xml><ToUserName><![CDATA[gh_2a16c32dff4b]]></ToUserName>
<FromUserName><![CDATA[oZF73wGLlyn3U7tUMQDzS_0BQXq0]]></FromUserName>
<CreateTime>1473317599</CreateTime>
<MsgType><![CDATA[event]]></MsgType>
<Event><![CDATA[subscribe]]></Event>
<EventKey><![CDATA[]]></EventKey>
</xml>

2016-09-08 14:53:20 params :
------------
Array:
message : Array ;
module : news ;
rule : 56 ;
priority : 0 ;
keyword : Array ;

2016-09-08 14:53:20 response :
------------
Array:
FromUserName : gh_2a16c32dff4b ;
ToUserName : oZF73wGLlyn3U7tUMQDzS_0BQXq0 ;
MsgType : news ;
ArticleCount : 1 ;
Articles : Array ;

2016-09-08 14:53:43 trace :
------------
String:
<xml><ToUserName><![CDATA[gh_2a16c32dff4b]]></ToUserName>
<FromUserName><![CDATA[oZF73wGLlyn3U7tUMQDzS_0BQXq0]]></FromUserName>
<CreateTime>1473317623</CreateTime>
<MsgType><![CDATA[event]]></MsgType>
<Event><![CDATA[VIEW]]></Event>
<EventKey><![CDATA[http://www.9kpu.com/app/index.php?i=26&c=entry&do=teaIn&m=lianhu_school]]></EventKey>
<MenuId>443004588</MenuId>
</xml>

2016-09-08 14:53:43 params :
------------
Array:
message : Array ;
module : news ;
rule : 56 ;
priority : 0 ;
keyword : Array ;

2016-09-08 14:53:43 response :
------------
Array:
FromUserName : gh_2a16c32dff4b ;
ToUserName : oZF73wGLlyn3U7tUMQDzS_0BQXq0 ;
MsgType : news ;
ArticleCount : 1 ;
Articles : Array ;

2016-09-08 14:56:14 trace :
------------
String:
<xml><ToUserName><![CDATA[gh_2a16c32dff4b]]></ToUserName>
<FromUserName><![CDATA[oZF73wGLlyn3U7tUMQDzS_0BQXq0]]></FromUserName>
<CreateTime>1473317774</CreateTime>
<MsgType><![CDATA[event]]></MsgType>
<Event><![CDATA[VIEW]]></Event>
<EventKey><![CDATA[http://www.9kpu.com/app/index.php?i=26&c=entry&eid=1]]></EventKey>
<MenuId>443004588</MenuId>
</xml>

2016-09-08 14:56:14 params :
------------
Array:
message : Array ;
module : news ;
rule : 56 ;
priority : 0 ;
keyword : Array ;

2016-09-08 14:56:14 response :
------------
Array:
FromUserName : gh_2a16c32dff4b ;
ToUserName : oZF73wGLlyn3U7tUMQDzS_0BQXq0 ;
MsgType : news ;
ArticleCount : 1 ;
Articles : Array ;

2016-09-08 14:56:25 trace :
------------
String:
<xml><ToUserName><![CDATA[gh_2a16c32dff4b]]></ToUserName>
<FromUserName><![CDATA[oZF73wGLlyn3U7tUMQDzS_0BQXq0]]></FromUserName>
<CreateTime>1473317785</CreateTime>
<MsgType><![CDATA[event]]></MsgType>
<Event><![CDATA[VIEW]]></Event>
<EventKey><![CDATA[http://www.9kpu.com/app/index.php?i=26&c=home&t=43]]></EventKey>
<MenuId>443004588</MenuId>
</xml>

2016-09-08 14:56:25 params :
------------
Array:
message : Array ;
module : news ;
rule : 56 ;
priority : 0 ;
keyword : Array ;

2016-09-08 14:56:25 response :
------------
Array:
FromUserName : gh_2a16c32dff4b ;
ToUserName : oZF73wGLlyn3U7tUMQDzS_0BQXq0 ;
MsgType : news ;
ArticleCount : 1 ;
Articles : Array ;

2016-09-08 14:56:39 trace :
------------
String:
<xml><ToUserName><![CDATA[gh_e7a0c8306261]]></ToUserName>
<FromUserName><![CDATA[oRj-Fs0-58f1Xolgz7rNR5ZNmCik]]></FromUserName>
<CreateTime>1473317799</CreateTime>
<MsgType><![CDATA[event]]></MsgType>
<Event><![CDATA[VIEW]]></Event>
<EventKey><![CDATA[http://www.9kpu.com/app/index.php?i=13&c=entry&eid=1]]></EventKey>
<MenuId>409075692</MenuId>
</xml>

2016-09-08 14:56:39 params :
------------
Array:
message : Array ;
module : basic ;
rule : 22 ;
priority : 0 ;
keyword : Array ;

2016-09-08 14:56:39 response :
------------
Array:
FromUserName : gh_e7a0c8306261 ;
ToUserName : oRj-Fs0-58f1Xolgz7rNR5ZNmCik ;
MsgType : text ;
Content : 欢迎关注同城学堂，点击微官网查看本学校介绍信息，家长点击学生天地绑定自己小孩信息使用，老师点击教师信息绑定自己账号使用 ;

2016-09-08 15:00:35 trace :
------------
String:
<xml><ToUserName><![CDATA[gh_e7a0c8306261]]></ToUserName>
<FromUserName><![CDATA[oRj-Fs0-58f1Xolgz7rNR5ZNmCik]]></FromUserName>
<CreateTime>1473318035</CreateTime>
<MsgType><![CDATA[event]]></MsgType>
<Event><![CDATA[VIEW]]></Event>
<EventKey><![CDATA[http://www.9kpu.com/app/index.php?i=13&c=entry&eid=1]]></EventKey>
<MenuId>409075692</MenuId>
</xml>

2016-09-08 15:00:35 params :
------------
Array:
message : Array ;
module : basic ;
rule : 22 ;
priority : 0 ;
keyword : Array ;

2016-09-08 15:00:35 response :
------------
Array:
FromUserName : gh_e7a0c8306261 ;
ToUserName : oRj-Fs0-58f1Xolgz7rNR5ZNmCik ;
MsgType : text ;
Content : 欢迎关注同城学堂，点击微官网查看本学校介绍信息，家长点击学生天地绑定自己小孩信息使用，老师点击教师信息绑定自己账号使用 ;

2016-09-08 15:24:50 trace :
------------
String:
<xml><ToUserName><![CDATA[gh_0eab716966d4]]></ToUserName>
<FromUserName><![CDATA[oSoVuwOJ7UwJGArRA_wG6NiVhM0M]]></FromUserName>
<CreateTime>1473319490</CreateTime>
<MsgType><![CDATA[event]]></MsgType>
<Event><![CDATA[VIEW]]></Event>
<EventKey><![CDATA[http://www.9kpu.com/app/index.php?i=28&c=entry&eid=1]]></EventKey>
<MenuId>414492131</MenuId>
</xml>

2016-09-08 15:24:50 params :
------------
Array:
rule : -2 ;
module :  ;
message : Array ;

2016-09-08 15:24:50 response :
------------

2016-09-08 15:33:28 trace :
------------
String:
<xml><ToUserName><![CDATA[gh_081ee8610e82]]></ToUserName>
<FromUserName><![CDATA[ohNDtvqVV-OU9ldsn-ECUQusc4SE]]></FromUserName>
<CreateTime>1473320007</CreateTime>
<MsgType><![CDATA[event]]></MsgType>
<Event><![CDATA[VIEW]]></Event>
<EventKey><![CDATA[http://www.9kpu.com/app/index.php?i=4&c=entry&eid=1]]></EventKey>
<MenuId>413434304</MenuId>
</xml>

2016-09-08 15:33:28 params :
------------
Array:
message : Array ;
module : basic ;
rule : 13 ;
priority : 0 ;
keyword : Array ;

2016-09-08 15:33:28 response :
------------
Array:
FromUserName : gh_081ee8610e82 ;
ToUserName : ohNDtvqVV-OU9ldsn-ECUQusc4SE ;
MsgType : text ;
Content : 等你好久了，智慧微校欢迎您。如果您是来逛逛的，请点开微官网查看我们学校的介绍信息。如果您是家长，请点开学生中心，用您家孩子姓名与学号绑定，就可尽情使用微校功能。如果您是老师，请点开微办公，用系统分配的账号与密码完成绑定，使用微校完成家校互动。 ;

2016-09-08 15:34:19 trace :
------------
String:
<xml><ToUserName><![CDATA[gh_081ee8610e82]]></ToUserName>
<FromUserName><![CDATA[ohNDtvqVV-OU9ldsn-ECUQusc4SE]]></FromUserName>
<CreateTime>1473320059</CreateTime>
<MsgType><![CDATA[event]]></MsgType>
<Event><![CDATA[VIEW]]></Event>
<EventKey><![CDATA[http://www.9kpu.com/app/index.php?i=4&c=entry&eid=37]]></EventKey>
<MenuId>413434304</MenuId>
</xml>

2016-09-08 15:34:19 params :
------------
Array:
message : Array ;
module : basic ;
rule : 13 ;
priority : 0 ;
keyword : Array ;

2016-09-08 15:34:19 response :
------------
Array:
FromUserName : gh_081ee8610e82 ;
ToUserName : ohNDtvqVV-OU9ldsn-ECUQusc4SE ;
MsgType : text ;
Content : 等你好久了，智慧微校欢迎您。如果您是来逛逛的，请点开微官网查看我们学校的介绍信息。如果您是家长，请点开学生中心，用您家孩子姓名与学号绑定，就可尽情使用微校功能。如果您是老师，请点开微办公，用系统分配的账号与密码完成绑定，使用微校完成家校互动。 ;

2016-09-08 15:34:24 trace :
------------
String:
<xml><ToUserName><![CDATA[gh_081ee8610e82]]></ToUserName>
<FromUserName><![CDATA[ohNDtvqVV-OU9ldsn-ECUQusc4SE]]></FromUserName>
<CreateTime>1473320064</CreateTime>
<MsgType><![CDATA[event]]></MsgType>
<Event><![CDATA[VIEW]]></Event>
<EventKey><![CDATA[http://www.9kpu.com/app/index.php?i=4&c=entry&eid=1]]></EventKey>
<MenuId>413434304</MenuId>
</xml>

2016-09-08 15:34:24 params :
------------
Array:
message : Array ;
module : basic ;
rule : 13 ;
priority : 0 ;
keyword : Array ;

2016-09-08 15:34:24 response :
------------
Array:
FromUserName : gh_081ee8610e82 ;
ToUserName : ohNDtvqVV-OU9ldsn-ECUQusc4SE ;
MsgType : text ;
Content : 等你好久了，智慧微校欢迎您。如果您是来逛逛的，请点开微官网查看我们学校的介绍信息。如果您是家长，请点开学生中心，用您家孩子姓名与学号绑定，就可尽情使用微校功能。如果您是老师，请点开微办公，用系统分配的账号与密码完成绑定，使用微校完成家校互动。 ;

2016-09-08 16:09:29 trace :
------------
String:
<xml><ToUserName><![CDATA[gh_7d1762dac7c2]]></ToUserName>
<FromUserName><![CDATA[o8AZcwAfyQ3I2wO4NJIk0MaIDi5A]]></FromUserName>
<CreateTime>1473322169</CreateTime>
<MsgType><![CDATA[event]]></MsgType>
<Event><![CDATA[VIEW]]></Event>
<EventKey><![CDATA[http://www.9kpu.com/app/index.php?i=6&c=home&]]></EventKey>
<MenuId>406999612</MenuId>
</xml>

2016-09-08 16:09:29 params :
------------
Array:
rule : -2 ;
module :  ;
message : Array ;

2016-09-08 16:09:29 response :
------------

2016-09-08 16:09:36 trace :
------------
String:
<xml><ToUserName><![CDATA[gh_7d1762dac7c2]]></ToUserName>
<FromUserName><![CDATA[o8AZcwAfyQ3I2wO4NJIk0MaIDi5A]]></FromUserName>
<CreateTime>1473322176</CreateTime>
<MsgType><![CDATA[event]]></MsgType>
<Event><![CDATA[VIEW]]></Event>
<EventKey><![CDATA[http://www.9kpu.com/app/index.php?i=6&c=entry&eid=1]]></EventKey>
<MenuId>406999612</MenuId>
</xml>

2016-09-08 16:09:36 params :
------------
Array:
rule : -2 ;
module :  ;
message : Array ;

2016-09-08 16:09:36 response :
------------

2016-09-08 16:09:41 trace :
------------
String:
<xml><ToUserName><![CDATA[gh_7d1762dac7c2]]></ToUserName>
<FromUserName><![CDATA[o8AZcwAfyQ3I2wO4NJIk0MaIDi5A]]></FromUserName>
<CreateTime>1473322181</CreateTime>
<MsgType><![CDATA[event]]></MsgType>
<Event><![CDATA[VIEW]]></Event>
<EventKey><![CDATA[http://www.9kpu.com/app/index.php?i=6&c=entry&eid=2]]></EventKey>
<MenuId>406999612</MenuId>
</xml>

2016-09-08 16:09:41 params :
------------
Array:
rule : -2 ;
module :  ;
message : Array ;

2016-09-08 16:09:41 response :
------------

2016-09-08 16:09:46 trace :
------------
String:
<xml><ToUserName><![CDATA[gh_7d1762dac7c2]]></ToUserName>
<FromUserName><![CDATA[o8AZcwAfyQ3I2wO4NJIk0MaIDi5A]]></FromUserName>
<CreateTime>1473322186</CreateTime>
<MsgType><![CDATA[event]]></MsgType>
<Event><![CDATA[VIEW]]></Event>
<EventKey><![CDATA[http://www.9kpu.com/app/index.php?i=6&c=home&]]></EventKey>
<MenuId>406999612</MenuId>
</xml>

2016-09-08 16:09:46 params :
------------
Array:
rule : -2 ;
module :  ;
message : Array ;

2016-09-08 16:09:46 response :
------------

2016-09-08 16:09:58 trace :
------------
String:
<xml><ToUserName><![CDATA[gh_7d1762dac7c2]]></ToUserName>
<FromUserName><![CDATA[o8AZcwAfyQ3I2wO4NJIk0MaIDi5A]]></FromUserName>
<CreateTime>1473322198</CreateTime>
<MsgType><![CDATA[event]]></MsgType>
<Event><![CDATA[VIEW]]></Event>
<EventKey><![CDATA[http://www.9kpu.com/app/index.php?i=6&c=home&]]></EventKey>
<MenuId>406999612</MenuId>
</xml>

2016-09-08 16:09:58 params :
------------
Array:
rule : -2 ;
module :  ;
message : Array ;

2016-09-08 16:09:58 response :
------------

2016-09-08 16:51:24 trace :
------------
String:
<xml><ToUserName><![CDATA[gh_4e0c181b7380]]></ToUserName>
<FromUserName><![CDATA[oxtWnv8dKzKM6w_0eFzZG_TYcDDE]]></FromUserName>
<CreateTime>1473324684</CreateTime>
<MsgType><![CDATA[event]]></MsgType>
<Event><![CDATA[VIEW]]></Event>
<EventKey><![CDATA[http://www.9kpu.com/app/index.php?i=27&c=entry&eid=1]]></EventKey>
<MenuId>431335658</MenuId>
</xml>

2016-09-08 16:51:24 params :
------------
Array:
message : Array ;
module : default ;
rule : -1 ;

2016-09-08 16:51:24 response :
------------
Array:
params : Array ;

2016-09-08 16:52:54 trace :
------------
String:
<xml><ToUserName><![CDATA[gh_4e0c181b7380]]></ToUserName>
<FromUserName><![CDATA[oxtWnv8dKzKM6w_0eFzZG_TYcDDE]]></FromUserName>
<CreateTime>1473324774</CreateTime>
<MsgType><![CDATA[event]]></MsgType>
<Event><![CDATA[VIEW]]></Event>
<EventKey><![CDATA[http://www.9kpu.com/app/index.php?i=25&c=entry&do=bangding&m=lianhu_school]]></EventKey>
<MenuId>431335658</MenuId>
</xml>

2016-09-08 16:52:54 params :
------------
Array:
message : Array ;
module : default ;
rule : -1 ;

2016-09-08 16:52:54 response :
------------
Array:
params : Array ;

2016-09-08 16:53:25 trace :
------------
String:
<xml><ToUserName><![CDATA[gh_4e0c181b7380]]></ToUserName>
<FromUserName><![CDATA[oxtWnv8dKzKM6w_0eFzZG_TYcDDE]]></FromUserName>
<CreateTime>1473324805</CreateTime>
<MsgType><![CDATA[event]]></MsgType>
<Event><![CDATA[VIEW]]></Event>
<EventKey><![CDATA[http://www.9kpu.com/app/index.php?i=27&c=entry&eid=2]]></EventKey>
<MenuId>431335658</MenuId>
</xml>

2016-09-08 16:53:25 params :
------------
Array:
message : Array ;
module : default ;
rule : -1 ;

2016-09-08 16:53:25 response :
------------
Array:
params : Array ;

2016-09-08 17:01:38 trace :
------------
String:
<xml><ToUserName><![CDATA[gh_4e0c181b7380]]></ToUserName>
<FromUserName><![CDATA[oxtWnv8dKzKM6w_0eFzZG_TYcDDE]]></FromUserName>
<CreateTime>1473325298</CreateTime>
<MsgType><![CDATA[event]]></MsgType>
<Event><![CDATA[VIEW]]></Event>
<EventKey><![CDATA[http://www.9kpu.com/app/index.php?i=25&c=entry&do=bangding&m=lianhu_school]]></EventKey>
<MenuId>431335658</MenuId>
</xml>

2016-09-08 17:01:38 params :
------------
Array:
message : Array ;
module : default ;
rule : -1 ;

2016-09-08 17:01:38 response :
------------
Array:
params : Array ;

2016-09-08 17:01:45 trace :
------------
String:
<xml><ToUserName><![CDATA[gh_4e0c181b7380]]></ToUserName>
<FromUserName><![CDATA[oxtWnv8dKzKM6w_0eFzZG_TYcDDE]]></FromUserName>
<CreateTime>1473325305</CreateTime>
<MsgType><![CDATA[event]]></MsgType>
<Event><![CDATA[VIEW]]></Event>
<EventKey><![CDATA[http://www.9kpu.com/app/index.php?i=25&c=entry&do=bangding&m=lianhu_school]]></EventKey>
<MenuId>431335658</MenuId>
</xml>

2016-09-08 17:01:45 params :
------------
Array:
message : Array ;
module : default ;
rule : -1 ;

2016-09-08 17:01:45 response :
------------
Array:
params : Array ;

2016-09-08 17:02:21 trace :
------------
String:
<xml><ToUserName><![CDATA[gh_2a23de840671]]></ToUserName>
<FromUserName><![CDATA[oQxC9wYDAYKKaawm9-Eshpch0-N0]]></FromUserName>
<CreateTime>1473325341</CreateTime>
<MsgType><![CDATA[event]]></MsgType>
<Event><![CDATA[subscribe]]></Event>
<EventKey><![CDATA[]]></EventKey>
</xml>

2016-09-08 17:02:21 params :
------------
Array:
rule : -2 ;
module :  ;
message : Array ;

2016-09-08 17:02:21 response :
------------

2016-09-08 17:02:40 trace :
------------
String:
<xml><ToUserName><![CDATA[gh_2a23de840671]]></ToUserName>
<FromUserName><![CDATA[oQxC9wYDAYKKaawm9-Eshpch0-N0]]></FromUserName>
<CreateTime>1473325360</CreateTime>
<MsgType><![CDATA[event]]></MsgType>
<Event><![CDATA[VIEW]]></Event>
<EventKey><![CDATA[http://www.9kpu.com/app/index.php?i=31&c=home&]]></EventKey>
<MenuId>408135367</MenuId>
</xml>

2016-09-08 17:02:40 params :
------------
Array:
rule : -2 ;
module :  ;
message : Array ;

2016-09-08 17:02:40 response :
------------

2016-09-08 17:02:47 trace :
------------
String:
<xml><ToUserName><![CDATA[gh_2a23de840671]]></ToUserName>
<FromUserName><![CDATA[oQxC9wYDAYKKaawm9-Eshpch0-N0]]></FromUserName>
<CreateTime>1473325367</CreateTime>
<MsgType><![CDATA[event]]></MsgType>
<Event><![CDATA[VIEW]]></Event>
<EventKey><![CDATA[http://www.9kpu.com/app/index.php?i=31&c=entry&eid=1]]></EventKey>
<MenuId>408135367</MenuId>
</xml>

2016-09-08 17:02:47 params :
------------
Array:
rule : -2 ;
module :  ;
message : Array ;

2016-09-08 17:02:47 response :
------------

2016-09-08 17:13:14 trace :
------------
String:
<xml><ToUserName><![CDATA[gh_0eab716966d4]]></ToUserName>
<FromUserName><![CDATA[oSoVuwJ9hBJ-XAjQOLYsxbiOz0fM]]></FromUserName>
<CreateTime>1473325994</CreateTime>
<MsgType><![CDATA[event]]></MsgType>
<Event><![CDATA[subscribe]]></Event>
<EventKey><![CDATA[]]></EventKey>
</xml>

2016-09-08 17:13:14 params :
------------
Array:
rule : -2 ;
module :  ;
message : Array ;

2016-09-08 17:13:14 response :
------------

2016-09-08 17:19:36 trace :
------------
String:
<xml><ToUserName><![CDATA[gh_2a23de840671]]></ToUserName>
<FromUserName><![CDATA[oQxC9wYDAYKKaawm9-Eshpch0-N0]]></FromUserName>
<CreateTime>1473326376</CreateTime>
<MsgType><![CDATA[event]]></MsgType>
<Event><![CDATA[VIEW]]></Event>
<EventKey><![CDATA[http://www.9kpu.com/app/index.php?i=31&c=home&]]></EventKey>
<MenuId>408135367</MenuId>
</xml>

2016-09-08 17:19:36 params :
------------
Array:
rule : -2 ;
module :  ;
message : Array ;

2016-09-08 17:19:36 response :
------------

2016-09-08 17:29:43 trace :
------------
String:
<xml><ToUserName><![CDATA[gh_4e0c181b7380]]></ToUserName>
<FromUserName><![CDATA[oxtWnv4LvAilEiR4qkGptoiqYOrM]]></FromUserName>
<CreateTime>1473326983</CreateTime>
<MsgType><![CDATA[event]]></MsgType>
<Event><![CDATA[subscribe]]></Event>
<EventKey><![CDATA[]]></EventKey>
</xml>

2016-09-08 17:29:43 params :
------------
Array:
message : Array ;
module : default ;
rule : -1 ;

2016-09-08 17:29:43 response :
------------
Array:
params : Array ;

2016-09-08 18:41:51 trace :
------------
String:
<xml><ToUserName><![CDATA[gh_0eab716966d4]]></ToUserName>
<FromUserName><![CDATA[oSoVuwOO-pB45YgTjepR_H-zIazM]]></FromUserName>
<CreateTime>1473331310</CreateTime>
<MsgType><![CDATA[event]]></MsgType>
<Event><![CDATA[subscribe]]></Event>
<EventKey><![CDATA[]]></EventKey>
</xml>

2016-09-08 18:41:51 params :
------------
Array:
rule : -2 ;
module :  ;
message : Array ;

2016-09-08 18:41:51 response :
------------

2016-09-08 18:41:53 trace :
------------
String:
<xml><ToUserName><![CDATA[gh_0eab716966d4]]></ToUserName>
<FromUserName><![CDATA[oSoVuwOO-pB45YgTjepR_H-zIazM]]></FromUserName>
<CreateTime>1473331313</CreateTime>
<MsgType><![CDATA[event]]></MsgType>
<Event><![CDATA[VIEW]]></Event>
<EventKey><![CDATA[http://www.9kpu.com/app/index.php?i=28&c=home&]]></EventKey>
<MenuId>414492131</MenuId>
</xml>

2016-09-08 18:41:53 params :
------------
Array:
rule : -2 ;
module :  ;
message : Array ;

2016-09-08 18:41:53 response :
------------

2016-09-08 18:41:56 trace :
------------
String:
<xml><ToUserName><![CDATA[gh_0eab716966d4]]></ToUserName>
<FromUserName><![CDATA[oSoVuwOO-pB45YgTjepR_H-zIazM]]></FromUserName>
<CreateTime>1473331316</CreateTime>
<MsgType><![CDATA[event]]></MsgType>
<Event><![CDATA[VIEW]]></Event>
<EventKey><![CDATA[http://www.9kpu.com/app/index.php?i=28&c=entry&eid=2]]></EventKey>
<MenuId>414492131</MenuId>
</xml>

2016-09-08 18:41:56 params :
------------
Array:
rule : -2 ;
module :  ;
message : Array ;

2016-09-08 18:41:56 response :
------------

2016-09-08 18:42:00 trace :
------------
String:
<xml><ToUserName><![CDATA[gh_0eab716966d4]]></ToUserName>
<FromUserName><![CDATA[oSoVuwOO-pB45YgTjepR_H-zIazM]]></FromUserName>
<CreateTime>1473331320</CreateTime>
<MsgType><![CDATA[event]]></MsgType>
<Event><![CDATA[VIEW]]></Event>
<EventKey><![CDATA[http://www.9kpu.com/app/index.php?i=28&c=entry&eid=1]]></EventKey>
<MenuId>414492131</MenuId>
</xml>

2016-09-08 18:42:00 params :
------------
Array:
rule : -2 ;
module :  ;
message : Array ;

2016-09-08 18:42:00 response :
------------

2016-09-08 18:42:03 trace :
------------
String:
<xml><ToUserName><![CDATA[gh_0eab716966d4]]></ToUserName>
<FromUserName><![CDATA[oSoVuwOO-pB45YgTjepR_H-zIazM]]></FromUserName>
<CreateTime>1473331323</CreateTime>
<MsgType><![CDATA[event]]></MsgType>
<Event><![CDATA[VIEW]]></Event>
<EventKey><![CDATA[http://www.9kpu.com/app/index.php?i=28&c=home&]]></EventKey>
<MenuId>414492131</MenuId>
</xml>

2016-09-08 18:42:03 params :
------------
Array:
rule : -2 ;
module :  ;
message : Array ;

2016-09-08 18:42:03 response :
------------

2016-09-08 18:42:24 trace :
------------
String:
<xml><ToUserName><![CDATA[gh_0eab716966d4]]></ToUserName>
<FromUserName><![CDATA[oSoVuwOO-pB45YgTjepR_H-zIazM]]></FromUserName>
<CreateTime>1473331344</CreateTime>
<MsgType><![CDATA[event]]></MsgType>
<Event><![CDATA[VIEW]]></Event>
<EventKey><![CDATA[http://www.9kpu.com/app/index.php?i=28&c=home&]]></EventKey>
<MenuId>414492131</MenuId>
</xml>

2016-09-08 18:42:24 params :
------------
Array:
rule : -2 ;
module :  ;
message : Array ;

2016-09-08 18:42:24 response :
------------

2016-09-08 18:55:46 trace :
------------
String:
<xml><ToUserName><![CDATA[gh_2a16c32dff4b]]></ToUserName>
<FromUserName><![CDATA[oZF73wJzm7aRngys5JeDD1Esia34]]></FromUserName>
<CreateTime>1473332146</CreateTime>
<MsgType><![CDATA[event]]></MsgType>
<Event><![CDATA[subscribe]]></Event>
<EventKey><![CDATA[]]></EventKey>
</xml>

2016-09-08 18:55:46 params :
------------
Array:
message : Array ;
module : news ;
rule : 56 ;
priority : 0 ;
keyword : Array ;

2016-09-08 18:55:46 response :
------------
Array:
FromUserName : gh_2a16c32dff4b ;
ToUserName : oZF73wJzm7aRngys5JeDD1Esia34 ;
MsgType : news ;
ArticleCount : 1 ;
Articles : Array ;

2016-09-08 19:58:17 trace :
------------
String:
<xml><ToUserName><![CDATA[gh_081ee8610e82]]></ToUserName>
<FromUserName><![CDATA[ohNDtvv8PDFqifacH9rwLYMejnDw]]></FromUserName>
<CreateTime>1473335897</CreateTime>
<MsgType><![CDATA[event]]></MsgType>
<Event><![CDATA[VIEW]]></Event>
<EventKey><![CDATA[http://www.9kpu.com/app/index.php?i=4&c=entry&eid=1]]></EventKey>
<MenuId>413434304</MenuId>
</xml>

2016-09-08 19:58:17 params :
------------
Array:
message : Array ;
module : basic ;
rule : 13 ;
priority : 0 ;
keyword : Array ;

2016-09-08 19:58:17 response :
------------
Array:
FromUserName : gh_081ee8610e82 ;
ToUserName : ohNDtvv8PDFqifacH9rwLYMejnDw ;
MsgType : text ;
Content : 等你好久了，智慧微校欢迎您。如果您是来逛逛的，请点开微官网查看我们学校的介绍信息。如果您是家长，请点开学生中心，用您家孩子姓名与学号绑定，就可尽情使用微校功能。如果您是老师，请点开微办公，用系统分配的账号与密码完成绑定，使用微校完成家校互动。 ;

2016-09-08 19:58:42 trace :
------------
String:
<xml><ToUserName><![CDATA[gh_081ee8610e82]]></ToUserName>
<FromUserName><![CDATA[ohNDtvv8PDFqifacH9rwLYMejnDw]]></FromUserName>
<CreateTime>1473335922</CreateTime>
<MsgType><![CDATA[event]]></MsgType>
<Event><![CDATA[VIEW]]></Event>
<EventKey><![CDATA[http://www.9kpu.com/app/index.php?i=4&c=entry&eid=1]]></EventKey>
<MenuId>413434304</MenuId>
</xml>

2016-09-08 19:58:42 params :
------------
Array:
message : Array ;
module : basic ;
rule : 13 ;
priority : 0 ;
keyword : Array ;

2016-09-08 19:58:42 response :
------------
Array:
FromUserName : gh_081ee8610e82 ;
ToUserName : ohNDtvv8PDFqifacH9rwLYMejnDw ;
MsgType : text ;
Content : 等你好久了，智慧微校欢迎您。如果您是来逛逛的，请点开微官网查看我们学校的介绍信息。如果您是家长，请点开学生中心，用您家孩子姓名与学号绑定，就可尽情使用微校功能。如果您是老师，请点开微办公，用系统分配的账号与密码完成绑定，使用微校完成家校互动。 ;

2016-09-08 20:41:11 trace :
------------
String:
<xml><ToUserName><![CDATA[gh_2a23de840671]]></ToUserName>
<FromUserName><![CDATA[oQxC9wdtl6g8AYvt01wtoNYXTtyM]]></FromUserName>
<CreateTime>1473338470</CreateTime>
<MsgType><![CDATA[event]]></MsgType>
<Event><![CDATA[subscribe]]></Event>
<EventKey><![CDATA[]]></EventKey>
</xml>

2016-09-08 20:41:11 params :
------------
Array:
rule : -2 ;
module :  ;
message : Array ;

2016-09-08 20:41:11 response :
------------

2016-09-08 20:41:13 trace :
------------
String:
<xml><ToUserName><![CDATA[gh_2a23de840671]]></ToUserName>
<FromUserName><![CDATA[oQxC9wdtl6g8AYvt01wtoNYXTtyM]]></FromUserName>
<CreateTime>1473338473</CreateTime>
<MsgType><![CDATA[event]]></MsgType>
<Event><![CDATA[VIEW]]></Event>
<EventKey><![CDATA[http://www.9kpu.com/app/index.php?i=31&c=entry&eid=1]]></EventKey>
<MenuId>408135367</MenuId>
</xml>

2016-09-08 20:41:14 params :
------------
Array:
rule : -2 ;
module :  ;
message : Array ;

2016-09-08 20:41:14 response :
------------

2016-09-08 20:41:28 trace :
------------
String:
<xml><ToUserName><![CDATA[gh_2a23de840671]]></ToUserName>
<FromUserName><![CDATA[oQxC9wdtl6g8AYvt01wtoNYXTtyM]]></FromUserName>
<CreateTime>1473338488</CreateTime>
<MsgType><![CDATA[event]]></MsgType>
<Event><![CDATA[VIEW]]></Event>
<EventKey><![CDATA[http://www.9kpu.com/app/index.php?i=31&c=home&]]></EventKey>
<MenuId>408135367</MenuId>
</xml>

2016-09-08 20:41:28 params :
------------
Array:
rule : -2 ;
module :  ;
message : Array ;

2016-09-08 20:41:28 response :
------------

2016-09-08 20:41:32 trace :
------------
String:
<xml><ToUserName><![CDATA[gh_2a23de840671]]></ToUserName>
<FromUserName><![CDATA[oQxC9wdtl6g8AYvt01wtoNYXTtyM]]></FromUserName>
<CreateTime>1473338492</CreateTime>
<MsgType><![CDATA[text]]></MsgType>
<Content><![CDATA[啊]]></Content>
<MsgId>6327940639486152308</MsgId>
</xml>

2016-09-08 20:41:32 params :
------------
Array:
rule : -2 ;
module :  ;
message : Array ;

2016-09-08 20:41:32 response :
------------

2016-09-08 20:41:34 trace :
------------
String:
<xml><ToUserName><![CDATA[gh_2a23de840671]]></ToUserName>
<FromUserName><![CDATA[oQxC9wdtl6g8AYvt01wtoNYXTtyM]]></FromUserName>
<CreateTime>1473338494</CreateTime>
<MsgType><![CDATA[event]]></MsgType>
<Event><![CDATA[VIEW]]></Event>
<EventKey><![CDATA[http://www.9kpu.com/app/index.php?i=31&c=home&]]></EventKey>
<MenuId>408135367</MenuId>
</xml>

2016-09-08 20:41:34 params :
------------
Array:
rule : -2 ;
module :  ;
message : Array ;

2016-09-08 20:41:34 response :
------------

2016-09-08 20:41:59 trace :
------------
String:
<xml><ToUserName><![CDATA[gh_2a23de840671]]></ToUserName>
<FromUserName><![CDATA[oQxC9wdtl6g8AYvt01wtoNYXTtyM]]></FromUserName>
<CreateTime>1473338518</CreateTime>
<MsgType><![CDATA[event]]></MsgType>
<Event><![CDATA[VIEW]]></Event>
<EventKey><![CDATA[http://www.9kpu.com/app/index.php?i=31&c=entry&eid=2]]></EventKey>
<MenuId>408135367</MenuId>
</xml>

2016-09-08 20:41:59 params :
------------
Array:
rule : -2 ;
module :  ;
message : Array ;

2016-09-08 20:41:59 response :
------------

2016-09-08 20:42:03 trace :
------------
String:
<xml><ToUserName><![CDATA[gh_2a23de840671]]></ToUserName>
<FromUserName><![CDATA[oQxC9wdtl6g8AYvt01wtoNYXTtyM]]></FromUserName>
<CreateTime>1473338523</CreateTime>
<MsgType><![CDATA[event]]></MsgType>
<Event><![CDATA[VIEW]]></Event>
<EventKey><![CDATA[http://www.9kpu.com/app/index.php?i=31&c=entry&eid=1]]></EventKey>
<MenuId>408135367</MenuId>
</xml>

2016-09-08 20:42:03 params :
------------
Array:
rule : -2 ;
module :  ;
message : Array ;

2016-09-08 20:42:03 response :
------------

2016-09-08 20:45:01 trace :
------------
String:
<xml><ToUserName><![CDATA[gh_2a23de840671]]></ToUserName>
<FromUserName><![CDATA[oQxC9wdtl6g8AYvt01wtoNYXTtyM]]></FromUserName>
<CreateTime>1473338701</CreateTime>
<MsgType><![CDATA[event]]></MsgType>
<Event><![CDATA[VIEW]]></Event>
<EventKey><![CDATA[http://www.9kpu.com/app/index.php?i=31&c=home&]]></EventKey>
<MenuId>408135367</MenuId>
</xml>

2016-09-08 20:45:01 params :
------------
Array:
rule : -2 ;
module :  ;
message : Array ;

2016-09-08 20:45:01 response :
------------

2016-09-08 21:03:57 trace :
------------
String:
<xml><ToUserName><![CDATA[gh_0eab716966d4]]></ToUserName>
<FromUserName><![CDATA[oSoVuwJuvf-871kfVlzNWtgDawn0]]></FromUserName>
<CreateTime>1473339837</CreateTime>
<MsgType><![CDATA[event]]></MsgType>
<Event><![CDATA[VIEW]]></Event>
<EventKey><![CDATA[http://www.9kpu.com/app/index.php?i=28&c=entry&eid=2]]></EventKey>
<MenuId>414492131</MenuId>
</xml>

2016-09-08 21:03:57 params :
------------
Array:
rule : -2 ;
module :  ;
message : Array ;

2016-09-08 21:03:57 response :
------------

2016-09-08 21:04:02 trace :
------------
String:
<xml><ToUserName><![CDATA[gh_0eab716966d4]]></ToUserName>
<FromUserName><![CDATA[oSoVuwJuvf-871kfVlzNWtgDawn0]]></FromUserName>
<CreateTime>1473339842</CreateTime>
<MsgType><![CDATA[event]]></MsgType>
<Event><![CDATA[VIEW]]></Event>
<EventKey><![CDATA[http://www.9kpu.com/app/index.php?i=28&c=home&]]></EventKey>
<MenuId>414492131</MenuId>
</xml>

2016-09-08 21:04:02 params :
------------
Array:
rule : -2 ;
module :  ;
message : Array ;

2016-09-08 21:04:02 response :
------------

2016-09-08 21:04:44 trace :
------------
String:
<xml><ToUserName><![CDATA[gh_0eab716966d4]]></ToUserName>
<FromUserName><![CDATA[oSoVuwJuvf-871kfVlzNWtgDawn0]]></FromUserName>
<CreateTime>1473339884</CreateTime>
<MsgType><![CDATA[event]]></MsgType>
<Event><![CDATA[VIEW]]></Event>
<EventKey><![CDATA[http://www.9kpu.com/app/index.php?i=28&c=entry&eid=1]]></EventKey>
<MenuId>414492131</MenuId>
</xml>

2016-09-08 21:04:44 params :
------------
Array:
rule : -2 ;
module :  ;
message : Array ;

2016-09-08 21:04:44 response :
------------

2016-09-08 21:04:47 trace :
------------
String:
<xml><ToUserName><![CDATA[gh_0eab716966d4]]></ToUserName>
<FromUserName><![CDATA[oSoVuwJuvf-871kfVlzNWtgDawn0]]></FromUserName>
<CreateTime>1473339887</CreateTime>
<MsgType><![CDATA[event]]></MsgType>
<Event><![CDATA[VIEW]]></Event>
<EventKey><![CDATA[http://www.9kpu.com/app/index.php?i=28&c=entry&eid=2]]></EventKey>
<MenuId>414492131</MenuId>
</xml>

2016-09-08 21:04:47 params :
------------
Array:
rule : -2 ;
module :  ;
message : Array ;

2016-09-08 21:04:47 response :
------------

2016-09-08 21:22:50 trace :
------------
String:
<xml><ToUserName><![CDATA[gh_4e0c181b7380]]></ToUserName>
<FromUserName><![CDATA[oxtWnv6y3d0OAM4ZbQ6aoKQNVHK0]]></FromUserName>
<CreateTime>1473340970</CreateTime>
<MsgType><![CDATA[event]]></MsgType>
<Event><![CDATA[subscribe]]></Event>
<EventKey><![CDATA[]]></EventKey>
</xml>

2016-09-08 21:22:50 params :
------------
Array:
message : Array ;
module : default ;
rule : -1 ;

2016-09-08 21:22:50 response :
------------
Array:
params : Array ;

2016-09-08 21:22:53 trace :
------------
String:
<xml><ToUserName><![CDATA[gh_4e0c181b7380]]></ToUserName>
<FromUserName><![CDATA[oxtWnv6y3d0OAM4ZbQ6aoKQNVHK0]]></FromUserName>
<CreateTime>1473340973</CreateTime>
<MsgType><![CDATA[event]]></MsgType>
<Event><![CDATA[VIEW]]></Event>
<EventKey><![CDATA[http://www.9kpu.com/app/index.php?i=27&c=home&]]></EventKey>
<MenuId>431335658</MenuId>
</xml>

2016-09-08 21:22:53 params :
------------
Array:
message : Array ;
module : default ;
rule : -1 ;

2016-09-08 21:22:53 response :
------------
Array:
params : Array ;

2016-09-08 21:22:58 trace :
------------
String:
<xml><ToUserName><![CDATA[gh_4e0c181b7380]]></ToUserName>
<FromUserName><![CDATA[oxtWnv6y3d0OAM4ZbQ6aoKQNVHK0]]></FromUserName>
<CreateTime>1473340978</CreateTime>
<MsgType><![CDATA[event]]></MsgType>
<Event><![CDATA[VIEW]]></Event>
<EventKey><![CDATA[http://www.9kpu.com/app/index.php?i=27&c=entry&eid=2]]></EventKey>
<MenuId>431335658</MenuId>
</xml>

2016-09-08 21:22:58 params :
------------
Array:
message : Array ;
module : default ;
rule : -1 ;

2016-09-08 21:22:58 response :
------------
Array:
params : Array ;

2016-09-08 21:23:02 trace :
------------
String:
<xml><ToUserName><![CDATA[gh_4e0c181b7380]]></ToUserName>
<FromUserName><![CDATA[oxtWnv6y3d0OAM4ZbQ6aoKQNVHK0]]></FromUserName>
<CreateTime>1473340982</CreateTime>
<MsgType><![CDATA[event]]></MsgType>
<Event><![CDATA[VIEW]]></Event>
<EventKey><![CDATA[http://www.9kpu.com/app/index.php?i=27&c=home&]]></EventKey>
<MenuId>431335658</MenuId>
</xml>

2016-09-08 21:23:02 params :
------------
Array:
message : Array ;
module : default ;
rule : -1 ;

2016-09-08 21:23:02 response :
------------
Array:
params : Array ;

2016-09-08 21:52:49 trace :
------------
String:
<xml><ToUserName><![CDATA[gh_0eab716966d4]]></ToUserName>
<FromUserName><![CDATA[oSoVuwKv8Om2Qb4WlnrNamkH0YrU]]></FromUserName>
<CreateTime>1473342769</CreateTime>
<MsgType><![CDATA[event]]></MsgType>
<Event><![CDATA[VIEW]]></Event>
<EventKey><![CDATA[http://www.9kpu.com/app/index.php?i=28&c=home&]]></EventKey>
<MenuId>414492131</MenuId>
</xml>

2016-09-08 21:52:49 params :
------------
Array:
rule : -2 ;
module :  ;
message : Array ;

2016-09-08 21:52:49 response :
------------

