2016-03-31 06:58:07 trace :
------------
String:
<xml><ToUserName><![CDATA[gh_2157a6c86a35]]></ToUserName>
<FromUserName><![CDATA[oEcottw7qP2pciewrM5tmFvI8As4]]></FromUserName>
<CreateTime>1459378687</CreateTime>
<MsgType><![CDATA[event]]></MsgType>
<Event><![CDATA[TEMPLATESENDJOBFINISH]]></Event>
<MsgID>402741704</MsgID>
<Status><![CDATA[success]]></Status>
</xml>

2016-03-31 06:58:07 params :
------------
Array:
rule : -2 ;
module :  ;
message : Array ;

2016-03-31 06:58:07 response :
------------

2016-03-31 07:23:32 trace :
------------
String:
<xml><ToUserName><![CDATA[gh_2157a6c86a35]]></ToUserName>
<FromUserName><![CDATA[oEcott-Gft4vv4qG56uwiyofjGHg]]></FromUserName>
<CreateTime>1459380212</CreateTime>
<MsgType><![CDATA[event]]></MsgType>
<Event><![CDATA[TEMPLATESENDJOBFINISH]]></Event>
<MsgID>402741841</MsgID>
<Status><![CDATA[success]]></Status>
</xml>

2016-03-31 07:23:32 params :
------------
Array:
rule : -2 ;
module :  ;
message : Array ;

2016-03-31 07:23:32 response :
------------

2016-03-31 07:36:26 trace :
------------
String:
<xml><ToUserName><![CDATA[gh_2157a6c86a35]]></ToUserName>
<FromUserName><![CDATA[oEcott_TScLOOrncqPhtzglnYENA]]></FromUserName>
<CreateTime>1459380986</CreateTime>
<MsgType><![CDATA[event]]></MsgType>
<Event><![CDATA[TEMPLATESENDJOBFINISH]]></Event>
<MsgID>402742364</MsgID>
<Status><![CDATA[success]]></Status>
</xml>

2016-03-31 07:36:26 params :
------------
Array:
rule : -2 ;
module :  ;
message : Array ;

2016-03-31 07:36:26 response :
------------

2016-03-31 07:39:55 trace :
------------
String:
<xml><ToUserName><![CDATA[gh_2157a6c86a35]]></ToUserName>
<FromUserName><![CDATA[oEcottwdRSG6HkIZwvuQXqa3QKng]]></FromUserName>
<CreateTime>1459381195</CreateTime>
<MsgType><![CDATA[event]]></MsgType>
<Event><![CDATA[TEMPLATESENDJOBFINISH]]></Event>
<MsgID>402742387</MsgID>
<Status><![CDATA[success]]></Status>
</xml>

2016-03-31 07:39:55 params :
------------
Array:
rule : -2 ;
module :  ;
message : Array ;

2016-03-31 07:39:55 response :
------------

2016-03-31 07:49:05 trace :
------------
String:
<xml><ToUserName><![CDATA[gh_2157a6c86a35]]></ToUserName>
<FromUserName><![CDATA[oEcott84pU16wJT6ChwWpKVayVsQ]]></FromUserName>
<CreateTime>1459381745</CreateTime>
<MsgType><![CDATA[event]]></MsgType>
<Event><![CDATA[TEMPLATESENDJOBFINISH]]></Event>
<MsgID>402742431</MsgID>
<Status><![CDATA[success]]></Status>
</xml>

2016-03-31 07:49:05 params :
------------
Array:
rule : -2 ;
module :  ;
message : Array ;

2016-03-31 07:49:05 response :
------------

2016-03-31 07:53:43 trace :
------------
String:
<xml><ToUserName><![CDATA[gh_2157a6c86a35]]></ToUserName>
<FromUserName><![CDATA[oEcottwtC-3ft3xuJtsyqIZnzwGI]]></FromUserName>
<CreateTime>1459382023</CreateTime>
<MsgType><![CDATA[event]]></MsgType>
<Event><![CDATA[TEMPLATESENDJOBFINISH]]></Event>
<MsgID>402742477</MsgID>
<Status><![CDATA[success]]></Status>
</xml>

2016-03-31 07:53:43 params :
------------
Array:
rule : -2 ;
module :  ;
message : Array ;

2016-03-31 07:53:43 response :
------------

2016-03-31 07:53:47 trace :
------------
String:
<xml><ToUserName><![CDATA[gh_2157a6c86a35]]></ToUserName>
<FromUserName><![CDATA[oEcottw-XpAyVDw19kaEaIYggcQM]]></FromUserName>
<CreateTime>1459382027</CreateTime>
<MsgType><![CDATA[event]]></MsgType>
<Event><![CDATA[TEMPLATESENDJOBFINISH]]></Event>
<MsgID>402742479</MsgID>
<Status><![CDATA[success]]></Status>
</xml>

2016-03-31 07:53:47 params :
------------
Array:
rule : -2 ;
module :  ;
message : Array ;

2016-03-31 07:53:47 response :
------------

2016-03-31 07:58:23 trace :
------------
String:
<xml><ToUserName><![CDATA[gh_2157a6c86a35]]></ToUserName>
<FromUserName><![CDATA[oEcottzrsY0hiIxBYE3CK2zp6WYY]]></FromUserName>
<CreateTime>1459382303</CreateTime>
<MsgType><![CDATA[event]]></MsgType>
<Event><![CDATA[TEMPLATESENDJOBFINISH]]></Event>
<MsgID>402742533</MsgID>
<Status><![CDATA[success]]></Status>
</xml>

2016-03-31 07:58:23 params :
------------
Array:
rule : -2 ;
module :  ;
message : Array ;

2016-03-31 07:58:23 response :
------------

2016-03-31 08:02:23 trace :
------------
String:
<xml><ToUserName><![CDATA[gh_2157a6c86a35]]></ToUserName>
<FromUserName><![CDATA[oEcottxty6YaSaSyWDPLhYWgCpEo]]></FromUserName>
<CreateTime>1459382543</CreateTime>
<MsgType><![CDATA[event]]></MsgType>
<Event><![CDATA[TEMPLATESENDJOBFINISH]]></Event>
<MsgID>402742631</MsgID>
<Status><![CDATA[success]]></Status>
</xml>

2016-03-31 08:02:23 params :
------------
Array:
rule : -2 ;
module :  ;
message : Array ;

2016-03-31 08:02:23 response :
------------

2016-03-31 08:04:01 trace :
------------
String:
<xml><ToUserName><![CDATA[gh_2157a6c86a35]]></ToUserName>
<FromUserName><![CDATA[oEcottyNJ25zzQtzEyNqnQxM1MOA]]></FromUserName>
<CreateTime>1459382641</CreateTime>
<MsgType><![CDATA[event]]></MsgType>
<Event><![CDATA[TEMPLATESENDJOBFINISH]]></Event>
<MsgID>402742655</MsgID>
<Status><![CDATA[success]]></Status>
</xml>

2016-03-31 08:04:01 params :
------------
Array:
rule : -2 ;
module :  ;
message : Array ;

2016-03-31 08:04:01 response :
------------

2016-03-31 08:09:06 trace :
------------
String:
<xml><ToUserName><![CDATA[gh_2157a6c86a35]]></ToUserName>
<FromUserName><![CDATA[oEcott-O08EqTyB2vYvWY1DM_DPw]]></FromUserName>
<CreateTime>1459382946</CreateTime>
<MsgType><![CDATA[event]]></MsgType>
<Event><![CDATA[TEMPLATESENDJOBFINISH]]></Event>
<MsgID>402742762</MsgID>
<Status><![CDATA[success]]></Status>
</xml>

2016-03-31 08:09:06 params :
------------
Array:
rule : -2 ;
module :  ;
message : Array ;

2016-03-31 08:09:06 response :
------------

2016-03-31 08:10:18 trace :
------------
String:
<xml><ToUserName><![CDATA[gh_2157a6c86a35]]></ToUserName>
<FromUserName><![CDATA[oEcott3J9KhtJb00_3ga_Kkmz2wo]]></FromUserName>
<CreateTime>1459383018</CreateTime>
<MsgType><![CDATA[event]]></MsgType>
<Event><![CDATA[TEMPLATESENDJOBFINISH]]></Event>
<MsgID>402742788</MsgID>
<Status><![CDATA[success]]></Status>
</xml>

2016-03-31 08:10:18 params :
------------
Array:
rule : -2 ;
module :  ;
message : Array ;

2016-03-31 08:10:18 response :
------------

2016-03-31 08:12:02 trace :
------------
String:
<xml><ToUserName><![CDATA[gh_2157a6c86a35]]></ToUserName>
<FromUserName><![CDATA[oEcott_HC4Mi8y5j3sFlJBgqhd9E]]></FromUserName>
<CreateTime>1459383122</CreateTime>
<MsgType><![CDATA[event]]></MsgType>
<Event><![CDATA[TEMPLATESENDJOBFINISH]]></Event>
<MsgID>402742809</MsgID>
<Status><![CDATA[success]]></Status>
</xml>

2016-03-31 08:12:02 params :
------------
Array:
rule : -2 ;
module :  ;
message : Array ;

2016-03-31 08:12:02 response :
------------

2016-03-31 08:15:11 trace :
------------
String:
<xml><ToUserName><![CDATA[gh_2157a6c86a35]]></ToUserName>
<FromUserName><![CDATA[oEcottwAqWW9x8Wo1YdwPF4SIpbs]]></FromUserName>
<CreateTime>1459383311</CreateTime>
<MsgType><![CDATA[event]]></MsgType>
<Event><![CDATA[TEMPLATESENDJOBFINISH]]></Event>
<MsgID>402742859</MsgID>
<Status><![CDATA[success]]></Status>
</xml>

2016-03-31 08:15:11 params :
------------
Array:
rule : -2 ;
module :  ;
message : Array ;

2016-03-31 08:15:11 response :
------------

2016-03-31 08:18:03 trace :
------------
String:
<xml><ToUserName><![CDATA[gh_2157a6c86a35]]></ToUserName>
<FromUserName><![CDATA[oEcottzBLHgNZQimwE8XOIsT1IY0]]></FromUserName>
<CreateTime>1459383483</CreateTime>
<MsgType><![CDATA[event]]></MsgType>
<Event><![CDATA[TEMPLATESENDJOBFINISH]]></Event>
<MsgID>402742894</MsgID>
<Status><![CDATA[success]]></Status>
</xml>

2016-03-31 08:18:03 params :
------------
Array:
rule : -2 ;
module :  ;
message : Array ;

2016-03-31 08:18:03 response :
------------

2016-03-31 08:25:47 trace :
------------
String:
<xml><ToUserName><![CDATA[gh_2157a6c86a35]]></ToUserName>
<FromUserName><![CDATA[oEcott0BYGm77xwFerCfTO68jYpE]]></FromUserName>
<CreateTime>1459383947</CreateTime>
<MsgType><![CDATA[event]]></MsgType>
<Event><![CDATA[TEMPLATESENDJOBFINISH]]></Event>
<MsgID>402743000</MsgID>
<Status><![CDATA[success]]></Status>
</xml>

2016-03-31 08:25:47 params :
------------
Array:
rule : -2 ;
module :  ;
message : Array ;

2016-03-31 08:25:47 response :
------------

2016-03-31 08:26:56 trace :
------------
String:
<xml><ToUserName><![CDATA[gh_2157a6c86a35]]></ToUserName>
<FromUserName><![CDATA[oEcott9ljw-R0nLqj9w8n9-Ki3fk]]></FromUserName>
<CreateTime>1459384016</CreateTime>
<MsgType><![CDATA[event]]></MsgType>
<Event><![CDATA[TEMPLATESENDJOBFINISH]]></Event>
<MsgID>402743014</MsgID>
<Status><![CDATA[success]]></Status>
</xml>

2016-03-31 08:26:56 params :
------------
Array:
rule : -2 ;
module :  ;
message : Array ;

2016-03-31 08:26:56 response :
------------

2016-03-31 08:27:39 trace :
------------
String:
<xml><ToUserName><![CDATA[gh_2157a6c86a35]]></ToUserName>
<FromUserName><![CDATA[oEcott5JI0hsdoCxNPA10KHiY1kA]]></FromUserName>
<CreateTime>1459384059</CreateTime>
<MsgType><![CDATA[event]]></MsgType>
<Event><![CDATA[TEMPLATESENDJOBFINISH]]></Event>
<MsgID>402743019</MsgID>
<Status><![CDATA[success]]></Status>
</xml>

2016-03-31 08:27:39 params :
------------
Array:
rule : -2 ;
module :  ;
message : Array ;

2016-03-31 08:27:39 response :
------------

2016-03-31 08:30:05 trace :
------------
String:
<xml><ToUserName><![CDATA[gh_2157a6c86a35]]></ToUserName>
<FromUserName><![CDATA[oEcottwW2YU7yp_kBQarnTzqdlEs]]></FromUserName>
<CreateTime>1459384205</CreateTime>
<MsgType><![CDATA[event]]></MsgType>
<Event><![CDATA[TEMPLATESENDJOBFINISH]]></Event>
<MsgID>402743038</MsgID>
<Status><![CDATA[success]]></Status>
</xml>

2016-03-31 08:30:05 params :
------------
Array:
rule : -2 ;
module :  ;
message : Array ;

2016-03-31 08:30:05 response :
------------

2016-03-31 08:34:18 trace :
------------
String:
<xml><ToUserName><![CDATA[gh_2157a6c86a35]]></ToUserName>
<FromUserName><![CDATA[oEcott5b5wbU8rzCcze6w7sk3ZCE]]></FromUserName>
<CreateTime>1459384457</CreateTime>
<MsgType><![CDATA[event]]></MsgType>
<Event><![CDATA[TEMPLATESENDJOBFINISH]]></Event>
<MsgID>402743089</MsgID>
<Status><![CDATA[success]]></Status>
</xml>

2016-03-31 08:34:18 params :
------------
Array:
rule : -2 ;
module :  ;
message : Array ;

2016-03-31 08:34:18 response :
------------

2016-03-31 08:35:14 trace :
------------
String:
<xml><ToUserName><![CDATA[gh_2157a6c86a35]]></ToUserName>
<FromUserName><![CDATA[oEcott8bXNlBO-pF9t-0J1dTDGPs]]></FromUserName>
<CreateTime>1459384514</CreateTime>
<MsgType><![CDATA[event]]></MsgType>
<Event><![CDATA[TEMPLATESENDJOBFINISH]]></Event>
<MsgID>402743104</MsgID>
<Status><![CDATA[success]]></Status>
</xml>

2016-03-31 08:35:14 params :
------------
Array:
rule : -2 ;
module :  ;
message : Array ;

2016-03-31 08:35:14 response :
------------

2016-03-31 08:35:34 trace :
------------
String:
<xml><ToUserName><![CDATA[gh_2157a6c86a35]]></ToUserName>
<FromUserName><![CDATA[oEcottwcgxXGOVdfIJ0iDGWxOKZQ]]></FromUserName>
<CreateTime>1459384534</CreateTime>
<MsgType><![CDATA[event]]></MsgType>
<Event><![CDATA[TEMPLATESENDJOBFINISH]]></Event>
<MsgID>402743105</MsgID>
<Status><![CDATA[success]]></Status>
</xml>

2016-03-31 08:35:34 params :
------------
Array:
rule : -2 ;
module :  ;
message : Array ;

2016-03-31 08:35:34 response :
------------

2016-03-31 08:35:34 trace :
------------
String:
<xml><ToUserName><![CDATA[gh_2157a6c86a35]]></ToUserName>
<FromUserName><![CDATA[oEcotty9Hy_CUxbMI7Ce1okwOCpk]]></FromUserName>
<CreateTime>1459384534</CreateTime>
<MsgType><![CDATA[event]]></MsgType>
<Event><![CDATA[TEMPLATESENDJOBFINISH]]></Event>
<MsgID>402743106</MsgID>
<Status><![CDATA[success]]></Status>
</xml>

2016-03-31 08:35:34 params :
------------
Array:
rule : -2 ;
module :  ;
message : Array ;

2016-03-31 08:35:34 response :
------------

2016-03-31 08:35:47 trace :
------------
String:
<xml><ToUserName><![CDATA[gh_2157a6c86a35]]></ToUserName>
<FromUserName><![CDATA[oEcott8QzR6FuIfbjGYBlK2rCCjY]]></FromUserName>
<CreateTime>1459384547</CreateTime>
<MsgType><![CDATA[event]]></MsgType>
<Event><![CDATA[TEMPLATESENDJOBFINISH]]></Event>
<MsgID>402743107</MsgID>
<Status><![CDATA[success]]></Status>
</xml>

2016-03-31 08:35:47 params :
------------
Array:
rule : -2 ;
module :  ;
message : Array ;

2016-03-31 08:35:47 response :
------------

2016-03-31 08:41:18 trace :
------------
String:
<xml><ToUserName><![CDATA[gh_2157a6c86a35]]></ToUserName>
<FromUserName><![CDATA[oEcott82FheWLXY2ft9sHxcV1YYQ]]></FromUserName>
<CreateTime>1459384878</CreateTime>
<MsgType><![CDATA[event]]></MsgType>
<Event><![CDATA[TEMPLATESENDJOBFINISH]]></Event>
<MsgID>402743181</MsgID>
<Status><![CDATA[success]]></Status>
</xml>

2016-03-31 08:41:18 params :
------------
Array:
rule : -2 ;
module :  ;
message : Array ;

2016-03-31 08:41:18 response :
------------

2016-03-31 08:42:50 trace :
------------
String:
<xml><ToUserName><![CDATA[gh_2157a6c86a35]]></ToUserName>
<FromUserName><![CDATA[oEcott9F4fGtmM3DjKaM0uhQry4o]]></FromUserName>
<CreateTime>1459384970</CreateTime>
<MsgType><![CDATA[event]]></MsgType>
<Event><![CDATA[TEMPLATESENDJOBFINISH]]></Event>
<MsgID>402743187</MsgID>
<Status><![CDATA[success]]></Status>
</xml>

2016-03-31 08:42:50 params :
------------
Array:
rule : -2 ;
module :  ;
message : Array ;

2016-03-31 08:42:50 response :
------------

2016-03-31 08:42:54 trace :
------------
String:
<xml><ToUserName><![CDATA[gh_2157a6c86a35]]></ToUserName>
<FromUserName><![CDATA[oEcottzCV5JhVrZZC-RlZ-MmtUSY]]></FromUserName>
<CreateTime>1459384974</CreateTime>
<MsgType><![CDATA[event]]></MsgType>
<Event><![CDATA[TEMPLATESENDJOBFINISH]]></Event>
<MsgID>402743188</MsgID>
<Status><![CDATA[success]]></Status>
</xml>

2016-03-31 08:42:54 params :
------------
Array:
rule : -2 ;
module :  ;
message : Array ;

2016-03-31 08:42:54 response :
------------

2016-03-31 08:46:08 trace :
------------
String:
<xml><ToUserName><![CDATA[gh_2157a6c86a35]]></ToUserName>
<FromUserName><![CDATA[oEcott70voayiiyG-DpyHj7M30_4]]></FromUserName>
<CreateTime>1459385168</CreateTime>
<MsgType><![CDATA[event]]></MsgType>
<Event><![CDATA[TEMPLATESENDJOBFINISH]]></Event>
<MsgID>402743226</MsgID>
<Status><![CDATA[success]]></Status>
</xml>

2016-03-31 08:46:08 params :
------------
Array:
rule : -2 ;
module :  ;
message : Array ;

2016-03-31 08:46:08 response :
------------

2016-03-31 08:47:19 trace :
------------
String:
<xml><ToUserName><![CDATA[gh_2157a6c86a35]]></ToUserName>
<FromUserName><![CDATA[oEcott8j6IUHePzxE_Daw_DYK8eM]]></FromUserName>
<CreateTime>1459385239</CreateTime>
<MsgType><![CDATA[event]]></MsgType>
<Event><![CDATA[TEMPLATESENDJOBFINISH]]></Event>
<MsgID>402743239</MsgID>
<Status><![CDATA[success]]></Status>
</xml>

2016-03-31 08:47:19 params :
------------
Array:
rule : -2 ;
module :  ;
message : Array ;

2016-03-31 08:47:19 response :
------------

2016-03-31 08:47:26 trace :
------------
String:
<xml><ToUserName><![CDATA[gh_2157a6c86a35]]></ToUserName>
<FromUserName><![CDATA[oEcott2dwp2nY9k0xvuKyswBnhkQ]]></FromUserName>
<CreateTime>1459385246</CreateTime>
<MsgType><![CDATA[event]]></MsgType>
<Event><![CDATA[TEMPLATESENDJOBFINISH]]></Event>
<MsgID>402743240</MsgID>
<Status><![CDATA[success]]></Status>
</xml>

2016-03-31 08:47:26 params :
------------
Array:
rule : -2 ;
module :  ;
message : Array ;

2016-03-31 08:47:26 response :
------------

2016-03-31 08:49:28 trace :
------------
String:
<xml><ToUserName><![CDATA[gh_2157a6c86a35]]></ToUserName>
<FromUserName><![CDATA[oEcott8-fHoACFiURkUXBYRZHEro]]></FromUserName>
<CreateTime>1459385368</CreateTime>
<MsgType><![CDATA[event]]></MsgType>
<Event><![CDATA[TEMPLATESENDJOBFINISH]]></Event>
<MsgID>402743261</MsgID>
<Status><![CDATA[success]]></Status>
</xml>

2016-03-31 08:49:28 params :
------------
Array:
rule : -2 ;
module :  ;
message : Array ;

2016-03-31 08:49:28 response :
------------

2016-03-31 08:52:05 trace :
------------
String:
<xml><ToUserName><![CDATA[gh_2157a6c86a35]]></ToUserName>
<FromUserName><![CDATA[oEcott7ShK4TAzzs-r2z7vxof71E]]></FromUserName>
<CreateTime>1459385525</CreateTime>
<MsgType><![CDATA[event]]></MsgType>
<Event><![CDATA[TEMPLATESENDJOBFINISH]]></Event>
<MsgID>402743292</MsgID>
<Status><![CDATA[success]]></Status>
</xml>

2016-03-31 08:52:05 params :
------------
Array:
rule : -2 ;
module :  ;
message : Array ;

2016-03-31 08:52:05 response :
------------

2016-03-31 08:56:39 trace :
------------
String:
<xml><ToUserName><![CDATA[gh_2157a6c86a35]]></ToUserName>
<FromUserName><![CDATA[oEcottwqUGE1u3b5ckvGD0KWlBl8]]></FromUserName>
<CreateTime>1459385799</CreateTime>
<MsgType><![CDATA[event]]></MsgType>
<Event><![CDATA[TEMPLATESENDJOBFINISH]]></Event>
<MsgID>402743338</MsgID>
<Status><![CDATA[success]]></Status>
</xml>

2016-03-31 08:56:39 params :
------------
Array:
rule : -2 ;
module :  ;
message : Array ;

2016-03-31 08:56:39 response :
------------

2016-03-31 09:08:26 trace :
------------
String:
<xml><ToUserName><![CDATA[gh_2157a6c86a35]]></ToUserName>
<FromUserName><![CDATA[oEcottwUAPs9DpzF09MOdy_19fZQ]]></FromUserName>
<CreateTime>1459386506</CreateTime>
<MsgType><![CDATA[event]]></MsgType>
<Event><![CDATA[TEMPLATESENDJOBFINISH]]></Event>
<MsgID>402743481</MsgID>
<Status><![CDATA[success]]></Status>
</xml>

2016-03-31 09:08:26 params :
------------
Array:
rule : -2 ;
module :  ;
message : Array ;

2016-03-31 09:08:26 response :
------------

2016-03-31 09:10:56 trace :
------------
String:
<xml><ToUserName><![CDATA[gh_2157a6c86a35]]></ToUserName>
<FromUserName><![CDATA[oEcottyilUy5tLd8vANXKGPG4EcA]]></FromUserName>
<CreateTime>1459386656</CreateTime>
<MsgType><![CDATA[event]]></MsgType>
<Event><![CDATA[TEMPLATESENDJOBFINISH]]></Event>
<MsgID>402743514</MsgID>
<Status><![CDATA[success]]></Status>
</xml>

2016-03-31 09:10:56 params :
------------
Array:
rule : -2 ;
module :  ;
message : Array ;

2016-03-31 09:10:56 response :
------------

2016-03-31 09:13:41 trace :
------------
String:
<xml><ToUserName><![CDATA[gh_2157a6c86a35]]></ToUserName>
<FromUserName><![CDATA[oEcottwaQKPAhCbvBdG29Qt7Ip-E]]></FromUserName>
<CreateTime>1459386821</CreateTime>
<MsgType><![CDATA[event]]></MsgType>
<Event><![CDATA[TEMPLATESENDJOBFINISH]]></Event>
<MsgID>402743575</MsgID>
<Status><![CDATA[success]]></Status>
</xml>

2016-03-31 09:13:41 params :
------------
Array:
rule : -2 ;
module :  ;
message : Array ;

2016-03-31 09:13:41 response :
------------

2016-03-31 09:22:37 trace :
------------
String:
<xml><ToUserName><![CDATA[gh_2157a6c86a35]]></ToUserName>
<FromUserName><![CDATA[oEcott7Njk9JaQoHqryUgtd3buoM]]></FromUserName>
<CreateTime>1459387357</CreateTime>
<MsgType><![CDATA[event]]></MsgType>
<Event><![CDATA[VIEW]]></Event>
<EventKey><![CDATA[http://www.9kpu.com/app/index.php?i=3&c=entry&eid=2]]></EventKey>
<MenuId>402655615</MenuId>
</xml>

2016-03-31 09:22:37 params :
------------
Array:
rule : -2 ;
module :  ;
message : Array ;

2016-03-31 09:22:37 response :
------------

2016-03-31 09:25:24 trace :
------------
String:
<xml><ToUserName><![CDATA[gh_2157a6c86a35]]></ToUserName>
<FromUserName><![CDATA[oEcott7Njk9JaQoHqryUgtd3buoM]]></FromUserName>
<CreateTime>1459387524</CreateTime>
<MsgType><![CDATA[event]]></MsgType>
<Event><![CDATA[VIEW]]></Event>
<EventKey><![CDATA[http://www.9kpu.com/app/index.php?i=3&c=mc&a=card&do=notice&]]></EventKey>
<MenuId>402655615</MenuId>
</xml>

2016-03-31 09:25:24 params :
------------
Array:
rule : -2 ;
module :  ;
message : Array ;

2016-03-31 09:25:24 response :
------------

2016-03-31 09:28:18 trace :
------------
String:
<xml><ToUserName><![CDATA[gh_2157a6c86a35]]></ToUserName>
<FromUserName><![CDATA[oEcott7Njk9JaQoHqryUgtd3buoM]]></FromUserName>
<CreateTime>1459387698</CreateTime>
<MsgType><![CDATA[event]]></MsgType>
<Event><![CDATA[VIEW]]></Event>
<EventKey><![CDATA[http://www.9kpu.com/app/index.php?i=3&c=mc&a=card&do=notice&]]></EventKey>
<MenuId>402655615</MenuId>
</xml>

2016-03-31 09:28:18 params :
------------
Array:
rule : -2 ;
module :  ;
message : Array ;

2016-03-31 09:28:18 response :
------------

2016-03-31 11:12:17 trace :
------------
String:
<xml><ToUserName><![CDATA[gh_2157a6c86a35]]></ToUserName>
<FromUserName><![CDATA[oEcottzCV5JhVrZZC-RlZ-MmtUSY]]></FromUserName>
<CreateTime>1459393937</CreateTime>
<MsgType><![CDATA[event]]></MsgType>
<Event><![CDATA[unsubscribe]]></Event>
<EventKey><![CDATA[]]></EventKey>
</xml>

2016-03-31 13:04:19 trace :
------------
String:
<xml><ToUserName><![CDATA[gh_2157a6c86a35]]></ToUserName>
<FromUserName><![CDATA[oEcott35cLYjurynWDrJcsSJH-1k]]></FromUserName>
<CreateTime>1459400659</CreateTime>
<MsgType><![CDATA[event]]></MsgType>
<Event><![CDATA[VIEW]]></Event>
<EventKey><![CDATA[http://www.9kpu.com/app/index.php?i=3&c=mc&a=card&do=notice&]]></EventKey>
<MenuId>402655615</MenuId>
</xml>

2016-03-31 13:04:19 params :
------------
Array:
rule : -2 ;
module :  ;
message : Array ;

2016-03-31 13:04:19 response :
------------

2016-03-31 14:07:54 trace :
------------
String:
<xml><ToUserName><![CDATA[gh_2157a6c86a35]]></ToUserName>
<FromUserName><![CDATA[oEcott5iAMXzYZa_8YT098ymVj2E]]></FromUserName>
<CreateTime>1459404474</CreateTime>
<MsgType><![CDATA[event]]></MsgType>
<Event><![CDATA[VIEW]]></Event>
<EventKey><![CDATA[http://www.9kpu.com/app/index.php?i=3&c=mc&a=card&do=notice&]]></EventKey>
<MenuId>402655615</MenuId>
</xml>

2016-03-31 14:07:54 params :
------------
Array:
rule : -2 ;
module :  ;
message : Array ;

2016-03-31 14:07:54 response :
------------

2016-03-31 14:08:50 trace :
------------
String:
<xml><ToUserName><![CDATA[gh_2157a6c86a35]]></ToUserName>
<FromUserName><![CDATA[oEcott5iAMXzYZa_8YT098ymVj2E]]></FromUserName>
<CreateTime>1459404530</CreateTime>
<MsgType><![CDATA[event]]></MsgType>
<Event><![CDATA[VIEW]]></Event>
<EventKey><![CDATA[http://www.9kpu.com/app/index.php?i=3&c=entry&eid=2]]></EventKey>
<MenuId>402655615</MenuId>
</xml>

2016-03-31 14:08:50 params :
------------
Array:
rule : -2 ;
module :  ;
message : Array ;

2016-03-31 14:08:50 response :
------------

2016-03-31 15:49:05 trace :
------------
String:
<xml><ToUserName><![CDATA[gh_2157a6c86a35]]></ToUserName>
<FromUserName><![CDATA[oEcott82FheWLXY2ft9sHxcV1YYQ]]></FromUserName>
<CreateTime>1459410545</CreateTime>
<MsgType><![CDATA[event]]></MsgType>
<Event><![CDATA[TEMPLATESENDJOBFINISH]]></Event>
<MsgID>402750111</MsgID>
<Status><![CDATA[success]]></Status>
</xml>

2016-03-31 15:49:05 params :
------------
Array:
rule : -2 ;
module :  ;
message : Array ;

2016-03-31 15:49:05 response :
------------

2016-03-31 15:50:03 trace :
------------
String:
<xml><ToUserName><![CDATA[gh_2157a6c86a35]]></ToUserName>
<FromUserName><![CDATA[oEcott3J9KhtJb00_3ga_Kkmz2wo]]></FromUserName>
<CreateTime>1459410603</CreateTime>
<MsgType><![CDATA[event]]></MsgType>
<Event><![CDATA[TEMPLATESENDJOBFINISH]]></Event>
<MsgID>402750135</MsgID>
<Status><![CDATA[success]]></Status>
</xml>

2016-03-31 15:50:03 params :
------------
Array:
rule : -2 ;
module :  ;
message : Array ;

2016-03-31 15:50:03 response :
------------

2016-03-31 15:50:10 trace :
------------
String:
<xml><ToUserName><![CDATA[gh_2157a6c86a35]]></ToUserName>
<FromUserName><![CDATA[oEcott9F4fGtmM3DjKaM0uhQry4o]]></FromUserName>
<CreateTime>1459410610</CreateTime>
<MsgType><![CDATA[event]]></MsgType>
<Event><![CDATA[TEMPLATESENDJOBFINISH]]></Event>
<MsgID>402750139</MsgID>
<Status><![CDATA[success]]></Status>
</xml>

2016-03-31 15:50:10 params :
------------
Array:
rule : -2 ;
module :  ;
message : Array ;

2016-03-31 15:50:10 response :
------------

2016-03-31 15:50:26 trace :
------------
String:
<xml><ToUserName><![CDATA[gh_2157a6c86a35]]></ToUserName>
<FromUserName><![CDATA[oEcott-ABRgmooGIBYo6pfmvHqa8]]></FromUserName>
<CreateTime>1459410626</CreateTime>
<MsgType><![CDATA[event]]></MsgType>
<Event><![CDATA[TEMPLATESENDJOBFINISH]]></Event>
<MsgID>402750142</MsgID>
<Status><![CDATA[success]]></Status>
</xml>

2016-03-31 15:50:26 params :
------------
Array:
rule : -2 ;
module :  ;
message : Array ;

2016-03-31 15:50:26 response :
------------

2016-03-31 15:50:28 trace :
------------
String:
<xml><ToUserName><![CDATA[gh_2157a6c86a35]]></ToUserName>
<FromUserName><![CDATA[oEcott8QzR6FuIfbjGYBlK2rCCjY]]></FromUserName>
<CreateTime>1459410628</CreateTime>
<MsgType><![CDATA[event]]></MsgType>
<Event><![CDATA[TEMPLATESENDJOBFINISH]]></Event>
<MsgID>402750144</MsgID>
<Status><![CDATA[success]]></Status>
</xml>

2016-03-31 15:50:28 params :
------------
Array:
rule : -2 ;
module :  ;
message : Array ;

2016-03-31 15:50:28 response :
------------

2016-03-31 15:50:42 trace :
------------
String:
<xml><ToUserName><![CDATA[gh_2157a6c86a35]]></ToUserName>
<FromUserName><![CDATA[oEcottwdRSG6HkIZwvuQXqa3QKng]]></FromUserName>
<CreateTime>1459410642</CreateTime>
<MsgType><![CDATA[event]]></MsgType>
<Event><![CDATA[TEMPLATESENDJOBFINISH]]></Event>
<MsgID>402750151</MsgID>
<Status><![CDATA[success]]></Status>
</xml>

2016-03-31 15:50:42 params :
------------
Array:
rule : -2 ;
module :  ;
message : Array ;

2016-03-31 15:50:42 response :
------------

2016-03-31 15:50:51 trace :
------------
String:
<xml><ToUserName><![CDATA[gh_2157a6c86a35]]></ToUserName>
<FromUserName><![CDATA[oEcott5JBy_cI3HgnkPVqsrHbWso]]></FromUserName>
<CreateTime>1459410650</CreateTime>
<MsgType><![CDATA[event]]></MsgType>
<Event><![CDATA[TEMPLATESENDJOBFINISH]]></Event>
<MsgID>402750160</MsgID>
<Status><![CDATA[success]]></Status>
</xml>

2016-03-31 15:50:51 params :
------------
Array:
rule : -2 ;
module :  ;
message : Array ;

2016-03-31 15:50:51 response :
------------

2016-03-31 15:51:27 trace :
------------
String:
<xml><ToUserName><![CDATA[gh_2157a6c86a35]]></ToUserName>
<FromUserName><![CDATA[oEcott-O08EqTyB2vYvWY1DM_DPw]]></FromUserName>
<CreateTime>1459410687</CreateTime>
<MsgType><![CDATA[event]]></MsgType>
<Event><![CDATA[TEMPLATESENDJOBFINISH]]></Event>
<MsgID>402750184</MsgID>
<Status><![CDATA[success]]></Status>
</xml>

2016-03-31 15:51:27 params :
------------
Array:
rule : -2 ;
module :  ;
message : Array ;

2016-03-31 15:51:27 response :
------------

2016-03-31 15:51:57 trace :
------------
String:
<xml><ToUserName><![CDATA[gh_2157a6c86a35]]></ToUserName>
<FromUserName><![CDATA[oEcott5JI0hsdoCxNPA10KHiY1kA]]></FromUserName>
<CreateTime>1459410717</CreateTime>
<MsgType><![CDATA[event]]></MsgType>
<Event><![CDATA[TEMPLATESENDJOBFINISH]]></Event>
<MsgID>402750206</MsgID>
<Status><![CDATA[success]]></Status>
</xml>

2016-03-31 15:51:57 params :
------------
Array:
rule : -2 ;
module :  ;
message : Array ;

2016-03-31 15:51:57 response :
------------

2016-03-31 15:53:09 trace :
------------
String:
<xml><ToUserName><![CDATA[gh_2157a6c86a35]]></ToUserName>
<FromUserName><![CDATA[oEcott9ljw-R0nLqj9w8n9-Ki3fk]]></FromUserName>
<CreateTime>1459410789</CreateTime>
<MsgType><![CDATA[event]]></MsgType>
<Event><![CDATA[TEMPLATESENDJOBFINISH]]></Event>
<MsgID>402750227</MsgID>
<Status><![CDATA[success]]></Status>
</xml>

2016-03-31 15:53:09 params :
------------
Array:
rule : -2 ;
module :  ;
message : Array ;

2016-03-31 15:53:09 response :
------------

2016-03-31 15:53:31 trace :
------------
String:
<xml><ToUserName><![CDATA[gh_2157a6c86a35]]></ToUserName>
<FromUserName><![CDATA[oEcott2dwp2nY9k0xvuKyswBnhkQ]]></FromUserName>
<CreateTime>1459410811</CreateTime>
<MsgType><![CDATA[event]]></MsgType>
<Event><![CDATA[TEMPLATESENDJOBFINISH]]></Event>
<MsgID>402750240</MsgID>
<Status><![CDATA[success]]></Status>
</xml>

2016-03-31 15:53:31 params :
------------
Array:
rule : -2 ;
module :  ;
message : Array ;

2016-03-31 15:53:31 response :
------------

2016-03-31 15:55:14 trace :
------------
String:
<xml><ToUserName><![CDATA[gh_2157a6c86a35]]></ToUserName>
<FromUserName><![CDATA[oEcottyNJ25zzQtzEyNqnQxM1MOA]]></FromUserName>
<CreateTime>1459410914</CreateTime>
<MsgType><![CDATA[event]]></MsgType>
<Event><![CDATA[TEMPLATESENDJOBFINISH]]></Event>
<MsgID>402750280</MsgID>
<Status><![CDATA[success]]></Status>
</xml>

2016-03-31 15:55:14 params :
------------
Array:
rule : -2 ;
module :  ;
message : Array ;

2016-03-31 15:55:14 response :
------------

2016-03-31 15:56:33 trace :
------------
String:
<xml><ToUserName><![CDATA[gh_2157a6c86a35]]></ToUserName>
<FromUserName><![CDATA[oEcotty9Hy_CUxbMI7Ce1okwOCpk]]></FromUserName>
<CreateTime>1459410993</CreateTime>
<MsgType><![CDATA[event]]></MsgType>
<Event><![CDATA[TEMPLATESENDJOBFINISH]]></Event>
<MsgID>402750372</MsgID>
<Status><![CDATA[success]]></Status>
</xml>

2016-03-31 15:56:33 params :
------------
Array:
rule : -2 ;
module :  ;
message : Array ;

2016-03-31 15:56:33 response :
------------

2016-03-31 16:09:34 trace :
------------
String:
<xml><ToUserName><![CDATA[gh_2157a6c86a35]]></ToUserName>
<FromUserName><![CDATA[oEcottw7qP2pciewrM5tmFvI8As4]]></FromUserName>
<CreateTime>1459411774</CreateTime>
<MsgType><![CDATA[event]]></MsgType>
<Event><![CDATA[TEMPLATESENDJOBFINISH]]></Event>
<MsgID>402750640</MsgID>
<Status><![CDATA[success]]></Status>
</xml>

2016-03-31 16:09:34 params :
------------
Array:
rule : -2 ;
module :  ;
message : Array ;

2016-03-31 16:09:34 response :
------------

2016-03-31 16:15:53 trace :
------------
String:
<xml><ToUserName><![CDATA[gh_2157a6c86a35]]></ToUserName>
<FromUserName><![CDATA[oEcott8-fHoACFiURkUXBYRZHEro]]></FromUserName>
<CreateTime>1459412153</CreateTime>
<MsgType><![CDATA[event]]></MsgType>
<Event><![CDATA[TEMPLATESENDJOBFINISH]]></Event>
<MsgID>402750797</MsgID>
<Status><![CDATA[success]]></Status>
</xml>

2016-03-31 16:15:53 params :
------------
Array:
rule : -2 ;
module :  ;
message : Array ;

2016-03-31 16:15:53 response :
------------

2016-03-31 16:15:54 trace :
------------
String:
<xml><ToUserName><![CDATA[gh_2157a6c86a35]]></ToUserName>
<FromUserName><![CDATA[oEcottwW2YU7yp_kBQarnTzqdlEs]]></FromUserName>
<CreateTime>1459412153</CreateTime>
<MsgType><![CDATA[event]]></MsgType>
<Event><![CDATA[TEMPLATESENDJOBFINISH]]></Event>
<MsgID>402750798</MsgID>
<Status><![CDATA[success]]></Status>
</xml>

2016-03-31 16:15:54 params :
------------
Array:
rule : -2 ;
module :  ;
message : Array ;

2016-03-31 16:15:54 response :
------------

2016-03-31 16:17:17 trace :
------------
String:
<xml><ToUserName><![CDATA[gh_2157a6c86a35]]></ToUserName>
<FromUserName><![CDATA[oEcottwUAPs9DpzF09MOdy_19fZQ]]></FromUserName>
<CreateTime>1459412237</CreateTime>
<MsgType><![CDATA[event]]></MsgType>
<Event><![CDATA[TEMPLATESENDJOBFINISH]]></Event>
<MsgID>402750824</MsgID>
<Status><![CDATA[success]]></Status>
</xml>

2016-03-31 16:17:17 params :
------------
Array:
rule : -2 ;
module :  ;
message : Array ;

2016-03-31 16:17:17 response :
------------

2016-03-31 16:25:42 trace :
------------
String:
<xml><ToUserName><![CDATA[gh_2157a6c86a35]]></ToUserName>
<FromUserName><![CDATA[oEcott3nJuxjFu-NKKpc3ZmQp0YE]]></FromUserName>
<CreateTime>1459412742</CreateTime>
<MsgType><![CDATA[event]]></MsgType>
<Event><![CDATA[TEMPLATESENDJOBFINISH]]></Event>
<MsgID>402751066</MsgID>
<Status><![CDATA[success]]></Status>
</xml>

2016-03-31 16:25:42 params :
------------
Array:
rule : -2 ;
module :  ;
message : Array ;

2016-03-31 16:25:42 response :
------------

2016-03-31 16:25:42 trace :
------------
String:
<xml><ToUserName><![CDATA[gh_2157a6c86a35]]></ToUserName>
<FromUserName><![CDATA[oEcott0BYGm77xwFerCfTO68jYpE]]></FromUserName>
<CreateTime>1459412742</CreateTime>
<MsgType><![CDATA[event]]></MsgType>
<Event><![CDATA[TEMPLATESENDJOBFINISH]]></Event>
<MsgID>402751067</MsgID>
<Status><![CDATA[success]]></Status>
</xml>

2016-03-31 16:25:42 params :
------------
Array:
rule : -2 ;
module :  ;
message : Array ;

2016-03-31 16:25:42 response :
------------

2016-03-31 16:25:42 trace :
------------
String:
<xml><ToUserName><![CDATA[gh_2157a6c86a35]]></ToUserName>
<FromUserName><![CDATA[oEcottwAqWW9x8Wo1YdwPF4SIpbs]]></FromUserName>
<CreateTime>1459412742</CreateTime>
<MsgType><![CDATA[event]]></MsgType>
<Event><![CDATA[TEMPLATESENDJOBFINISH]]></Event>
<MsgID>402751068</MsgID>
<Status><![CDATA[success]]></Status>
</xml>

2016-03-31 16:25:42 params :
------------
Array:
rule : -2 ;
module :  ;
message : Array ;

2016-03-31 16:25:42 response :
------------

2016-03-31 16:25:42 trace :
------------
String:
<xml><ToUserName><![CDATA[gh_2157a6c86a35]]></ToUserName>
<FromUserName><![CDATA[oEcottwaQKPAhCbvBdG29Qt7Ip-E]]></FromUserName>
<CreateTime>1459412742</CreateTime>
<MsgType><![CDATA[event]]></MsgType>
<Event><![CDATA[TEMPLATESENDJOBFINISH]]></Event>
<MsgID>402751069</MsgID>
<Status><![CDATA[success]]></Status>
</xml>

2016-03-31 16:25:42 params :
------------
Array:
rule : -2 ;
module :  ;
message : Array ;

2016-03-31 16:25:42 response :
------------

2016-03-31 17:28:33 trace :
------------
String:
<xml><ToUserName><![CDATA[gh_081ee8610e82]]></ToUserName>
<FromUserName><![CDATA[ohNDtvodQbJscFvVHtC4xh757R2Y]]></FromUserName>
<CreateTime>1459416513</CreateTime>
<MsgType><![CDATA[event]]></MsgType>
<Event><![CDATA[subscribe]]></Event>
<EventKey><![CDATA[]]></EventKey>
</xml>

2016-03-31 17:28:33 params :
------------
Array:
rule : -2 ;
module :  ;
message : Array ;

2016-03-31 17:28:33 response :
------------

2016-03-31 17:28:36 trace :
------------
String:
<xml><ToUserName><![CDATA[gh_081ee8610e82]]></ToUserName>
<FromUserName><![CDATA[ohNDtvodQbJscFvVHtC4xh757R2Y]]></FromUserName>
<CreateTime>1459416516</CreateTime>
<MsgType><![CDATA[event]]></MsgType>
<Event><![CDATA[VIEW]]></Event>
<EventKey><![CDATA[http://www.9kpu.com/app/index.php?i=4&c=home&]]></EventKey>
<MenuId>402642185</MenuId>
</xml>

2016-03-31 17:28:36 params :
------------
Array:
rule : -2 ;
module :  ;
message : Array ;

2016-03-31 17:28:36 response :
------------

2016-03-31 17:28:41 trace :
------------
String:
<xml><ToUserName><![CDATA[gh_081ee8610e82]]></ToUserName>
<FromUserName><![CDATA[ohNDtvodQbJscFvVHtC4xh757R2Y]]></FromUserName>
<CreateTime>1459416521</CreateTime>
<MsgType><![CDATA[event]]></MsgType>
<Event><![CDATA[VIEW]]></Event>
<EventKey><![CDATA[http://www.9kpu.com/app/index.php?i=4&c=entry&eid=1]]></EventKey>
<MenuId>402642185</MenuId>
</xml>

2016-03-31 17:28:41 params :
------------
Array:
rule : -2 ;
module :  ;
message : Array ;

2016-03-31 17:28:41 response :
------------

2016-03-31 17:31:13 trace :
------------
String:
<xml><ToUserName><![CDATA[gh_081ee8610e82]]></ToUserName>
<FromUserName><![CDATA[ohNDtvjueIkLU7218kMXz93i7DY8]]></FromUserName>
<CreateTime>1459416673</CreateTime>
<MsgType><![CDATA[event]]></MsgType>
<Event><![CDATA[subscribe]]></Event>
<EventKey><![CDATA[]]></EventKey>
</xml>

2016-03-31 17:31:13 params :
------------
Array:
rule : -2 ;
module :  ;
message : Array ;

2016-03-31 17:31:13 response :
------------

2016-03-31 17:31:16 trace :
------------
String:
<xml><ToUserName><![CDATA[gh_081ee8610e82]]></ToUserName>
<FromUserName><![CDATA[ohNDtvjueIkLU7218kMXz93i7DY8]]></FromUserName>
<CreateTime>1459416676</CreateTime>
<MsgType><![CDATA[event]]></MsgType>
<Event><![CDATA[VIEW]]></Event>
<EventKey><![CDATA[http://www.9kpu.com/app/index.php?i=4&c=home&]]></EventKey>
<MenuId>402642185</MenuId>
</xml>

2016-03-31 17:31:16 params :
------------
Array:
rule : -2 ;
module :  ;
message : Array ;

2016-03-31 17:31:16 response :
------------

2016-03-31 17:31:33 trace :
------------
String:
<xml><ToUserName><![CDATA[gh_081ee8610e82]]></ToUserName>
<FromUserName><![CDATA[ohNDtvjueIkLU7218kMXz93i7DY8]]></FromUserName>
<CreateTime>1459416693</CreateTime>
<MsgType><![CDATA[event]]></MsgType>
<Event><![CDATA[VIEW]]></Event>
<EventKey><![CDATA[http://www.9kpu.com/app/index.php?i=4&c=home&]]></EventKey>
<MenuId>402642185</MenuId>
</xml>

2016-03-31 17:31:33 params :
------------
Array:
rule : -2 ;
module :  ;
message : Array ;

2016-03-31 17:31:33 response :
------------

2016-03-31 17:31:44 trace :
------------
String:
<xml><ToUserName><![CDATA[gh_081ee8610e82]]></ToUserName>
<FromUserName><![CDATA[ohNDtvodQbJscFvVHtC4xh757R2Y]]></FromUserName>
<CreateTime>1459416704</CreateTime>
<MsgType><![CDATA[event]]></MsgType>
<Event><![CDATA[VIEW]]></Event>
<EventKey><![CDATA[http://www.9kpu.com/app/index.php?i=4&c=entry&eid=1]]></EventKey>
<MenuId>402642185</MenuId>
</xml>

2016-03-31 17:31:44 params :
------------
Array:
rule : -2 ;
module :  ;
message : Array ;

2016-03-31 17:31:44 response :
------------

2016-03-31 17:32:22 trace :
------------
String:
<xml><ToUserName><![CDATA[gh_081ee8610e82]]></ToUserName>
<FromUserName><![CDATA[ohNDtvjueIkLU7218kMXz93i7DY8]]></FromUserName>
<CreateTime>1459416742</CreateTime>
<MsgType><![CDATA[event]]></MsgType>
<Event><![CDATA[VIEW]]></Event>
<EventKey><![CDATA[http://www.9kpu.com/app/index.php?i=4&c=entry&eid=1]]></EventKey>
<MenuId>402642185</MenuId>
</xml>

2016-03-31 17:32:22 params :
------------
Array:
rule : -2 ;
module :  ;
message : Array ;

2016-03-31 17:32:22 response :
------------

2016-03-31 17:32:22 trace :
------------
String:
<xml><ToUserName><![CDATA[gh_081ee8610e82]]></ToUserName>
<FromUserName><![CDATA[ohNDtvodQbJscFvVHtC4xh757R2Y]]></FromUserName>
<CreateTime>1459416742</CreateTime>
<MsgType><![CDATA[event]]></MsgType>
<Event><![CDATA[VIEW]]></Event>
<EventKey><![CDATA[http://www.9kpu.com/app/index.php?i=4&c=entry&eid=2]]></EventKey>
<MenuId>402642185</MenuId>
</xml>

2016-03-31 17:32:22 params :
------------
Array:
rule : -2 ;
module :  ;
message : Array ;

2016-03-31 17:32:22 response :
------------

2016-03-31 17:33:11 trace :
------------
String:
<xml><ToUserName><![CDATA[gh_081ee8610e82]]></ToUserName>
<FromUserName><![CDATA[ohNDtvjueIkLU7218kMXz93i7DY8]]></FromUserName>
<CreateTime>1459416791</CreateTime>
<MsgType><![CDATA[event]]></MsgType>
<Event><![CDATA[VIEW]]></Event>
<EventKey><![CDATA[http://www.9kpu.com/app/index.php?i=4&c=entry&eid=1]]></EventKey>
<MenuId>402642185</MenuId>
</xml>

2016-03-31 17:33:11 params :
------------
Array:
rule : -2 ;
module :  ;
message : Array ;

2016-03-31 17:33:11 response :
------------

2016-03-31 17:33:44 trace :
------------
String:
<xml><ToUserName><![CDATA[gh_081ee8610e82]]></ToUserName>
<FromUserName><![CDATA[ohNDtvodQbJscFvVHtC4xh757R2Y]]></FromUserName>
<CreateTime>1459416824</CreateTime>
<MsgType><![CDATA[event]]></MsgType>
<Event><![CDATA[VIEW]]></Event>
<EventKey><![CDATA[http://www.9kpu.com/app/index.php?i=4&c=entry&eid=1]]></EventKey>
<MenuId>402642185</MenuId>
</xml>

2016-03-31 17:33:44 params :
------------
Array:
rule : -2 ;
module :  ;
message : Array ;

2016-03-31 17:33:44 response :
------------

2016-03-31 17:33:47 trace :
------------
String:
<xml><ToUserName><![CDATA[gh_081ee8610e82]]></ToUserName>
<FromUserName><![CDATA[ohNDtvodQbJscFvVHtC4xh757R2Y]]></FromUserName>
<CreateTime>1459416827</CreateTime>
<MsgType><![CDATA[event]]></MsgType>
<Event><![CDATA[VIEW]]></Event>
<EventKey><![CDATA[http://www.9kpu.com/app/index.php?i=4&c=entry&eid=2]]></EventKey>
<MenuId>402642185</MenuId>
</xml>

2016-03-31 17:33:47 params :
------------
Array:
rule : -2 ;
module :  ;
message : Array ;

2016-03-31 17:33:47 response :
------------

2016-03-31 17:34:25 trace :
------------
String:
<xml><ToUserName><![CDATA[gh_081ee8610e82]]></ToUserName>
<FromUserName><![CDATA[ohNDtvodQbJscFvVHtC4xh757R2Y]]></FromUserName>
<CreateTime>1459416865</CreateTime>
<MsgType><![CDATA[event]]></MsgType>
<Event><![CDATA[VIEW]]></Event>
<EventKey><![CDATA[http://www.9kpu.com/app/index.php?i=4&c=entry&eid=2]]></EventKey>
<MenuId>402642185</MenuId>
</xml>

2016-03-31 17:34:25 params :
------------
Array:
rule : -2 ;
module :  ;
message : Array ;

2016-03-31 17:34:25 response :
------------

2016-03-31 17:34:47 trace :
------------
String:
<xml><ToUserName><![CDATA[gh_081ee8610e82]]></ToUserName>
<FromUserName><![CDATA[ohNDtvjueIkLU7218kMXz93i7DY8]]></FromUserName>
<CreateTime>1459416887</CreateTime>
<MsgType><![CDATA[event]]></MsgType>
<Event><![CDATA[VIEW]]></Event>
<EventKey><![CDATA[http://www.9kpu.com/app/index.php?i=4&c=entry&eid=1]]></EventKey>
<MenuId>402642185</MenuId>
</xml>

2016-03-31 17:34:47 params :
------------
Array:
rule : -2 ;
module :  ;
message : Array ;

2016-03-31 17:34:47 response :
------------

2016-03-31 17:35:47 trace :
------------
String:
<xml><ToUserName><![CDATA[gh_081ee8610e82]]></ToUserName>
<FromUserName><![CDATA[ohNDtvjueIkLU7218kMXz93i7DY8]]></FromUserName>
<CreateTime>1459416946</CreateTime>
<MsgType><![CDATA[event]]></MsgType>
<Event><![CDATA[VIEW]]></Event>
<EventKey><![CDATA[http://www.9kpu.com/app/index.php?i=4&c=entry&eid=1]]></EventKey>
<MenuId>402642185</MenuId>
</xml>

2016-03-31 17:35:47 params :
------------
Array:
rule : -2 ;
module :  ;
message : Array ;

2016-03-31 17:35:47 response :
------------

2016-03-31 17:37:49 trace :
------------
String:
<xml><ToUserName><![CDATA[gh_081ee8610e82]]></ToUserName>
<FromUserName><![CDATA[ohNDtvjueIkLU7218kMXz93i7DY8]]></FromUserName>
<CreateTime>1459417069</CreateTime>
<MsgType><![CDATA[event]]></MsgType>
<Event><![CDATA[VIEW]]></Event>
<EventKey><![CDATA[http://www.9kpu.com/app/index.php?i=4&c=home&]]></EventKey>
<MenuId>402642185</MenuId>
</xml>

2016-03-31 17:37:49 params :
------------
Array:
rule : -2 ;
module :  ;
message : Array ;

2016-03-31 17:37:49 response :
------------

2016-03-31 17:37:57 trace :
------------
String:
<xml><ToUserName><![CDATA[gh_081ee8610e82]]></ToUserName>
<FromUserName><![CDATA[ohNDtvjueIkLU7218kMXz93i7DY8]]></FromUserName>
<CreateTime>1459417077</CreateTime>
<MsgType><![CDATA[event]]></MsgType>
<Event><![CDATA[VIEW]]></Event>
<EventKey><![CDATA[http://www.9kpu.com/app/index.php?i=4&c=entry&eid=2]]></EventKey>
<MenuId>402642185</MenuId>
</xml>

2016-03-31 17:37:57 params :
------------
Array:
rule : -2 ;
module :  ;
message : Array ;

2016-03-31 17:37:57 response :
------------

2016-03-31 17:38:24 trace :
------------
String:
<xml><ToUserName><![CDATA[gh_081ee8610e82]]></ToUserName>
<FromUserName><![CDATA[ohNDtvjueIkLU7218kMXz93i7DY8]]></FromUserName>
<CreateTime>1459417104</CreateTime>
<MsgType><![CDATA[event]]></MsgType>
<Event><![CDATA[VIEW]]></Event>
<EventKey><![CDATA[http://www.9kpu.com/app/index.php?i=4&c=entry&eid=2]]></EventKey>
<MenuId>402642185</MenuId>
</xml>

2016-03-31 17:38:24 params :
------------
Array:
rule : -2 ;
module :  ;
message : Array ;

2016-03-31 17:38:24 response :
------------

2016-03-31 17:38:49 trace :
------------
String:
<xml><ToUserName><![CDATA[gh_081ee8610e82]]></ToUserName>
<FromUserName><![CDATA[ohNDtvjueIkLU7218kMXz93i7DY8]]></FromUserName>
<CreateTime>1459417129</CreateTime>
<MsgType><![CDATA[event]]></MsgType>
<Event><![CDATA[VIEW]]></Event>
<EventKey><![CDATA[http://www.9kpu.com/app/index.php?i=4&c=entry&eid=2]]></EventKey>
<MenuId>402642185</MenuId>
</xml>

2016-03-31 17:38:49 params :
------------
Array:
rule : -2 ;
module :  ;
message : Array ;

2016-03-31 17:38:49 response :
------------

2016-03-31 17:40:32 trace :
------------
String:
<xml><ToUserName><![CDATA[gh_081ee8610e82]]></ToUserName>
<FromUserName><![CDATA[ohNDtvodQbJscFvVHtC4xh757R2Y]]></FromUserName>
<CreateTime>1459417232</CreateTime>
<MsgType><![CDATA[event]]></MsgType>
<Event><![CDATA[VIEW]]></Event>
<EventKey><![CDATA[http://www.9kpu.com/app/index.php?i=4&c=home&]]></EventKey>
<MenuId>402642185</MenuId>
</xml>

2016-03-31 17:40:32 params :
------------
Array:
rule : -2 ;
module :  ;
message : Array ;

2016-03-31 17:40:32 response :
------------

2016-03-31 17:40:44 trace :
------------
String:
<xml><ToUserName><![CDATA[gh_081ee8610e82]]></ToUserName>
<FromUserName><![CDATA[ohNDtvodQbJscFvVHtC4xh757R2Y]]></FromUserName>
<CreateTime>1459417244</CreateTime>
<MsgType><![CDATA[event]]></MsgType>
<Event><![CDATA[VIEW]]></Event>
<EventKey><![CDATA[http://www.9kpu.com/app/index.php?i=4&c=entry&eid=1]]></EventKey>
<MenuId>402642185</MenuId>
</xml>

2016-03-31 17:40:44 params :
------------
Array:
rule : -2 ;
module :  ;
message : Array ;

2016-03-31 17:40:44 response :
------------

2016-03-31 17:42:07 trace :
------------
String:
<xml><ToUserName><![CDATA[gh_081ee8610e82]]></ToUserName>
<FromUserName><![CDATA[ohNDtvodQbJscFvVHtC4xh757R2Y]]></FromUserName>
<CreateTime>1459417327</CreateTime>
<MsgType><![CDATA[event]]></MsgType>
<Event><![CDATA[VIEW]]></Event>
<EventKey><![CDATA[http://www.9kpu.com/app/index.php?i=4&c=home&]]></EventKey>
<MenuId>402642185</MenuId>
</xml>

2016-03-31 17:42:07 params :
------------
Array:
rule : -2 ;
module :  ;
message : Array ;

2016-03-31 17:42:07 response :
------------

2016-03-31 17:42:17 trace :
------------
String:
<xml><ToUserName><![CDATA[gh_081ee8610e82]]></ToUserName>
<FromUserName><![CDATA[ohNDtvodQbJscFvVHtC4xh757R2Y]]></FromUserName>
<CreateTime>1459417337</CreateTime>
<MsgType><![CDATA[event]]></MsgType>
<Event><![CDATA[VIEW]]></Event>
<EventKey><![CDATA[http://www.9kpu.com/app/index.php?i=4&c=home&]]></EventKey>
<MenuId>402642185</MenuId>
</xml>

2016-03-31 17:42:17 params :
------------
Array:
rule : -2 ;
module :  ;
message : Array ;

2016-03-31 17:42:17 response :
------------

2016-03-31 17:44:00 trace :
------------
String:
<xml><ToUserName><![CDATA[gh_081ee8610e82]]></ToUserName>
<FromUserName><![CDATA[ohNDtvv8PDFqifacH9rwLYMejnDw]]></FromUserName>
<CreateTime>1459417440</CreateTime>
<MsgType><![CDATA[event]]></MsgType>
<Event><![CDATA[subscribe]]></Event>
<EventKey><![CDATA[]]></EventKey>
</xml>

2016-03-31 17:44:00 params :
------------
Array:
rule : -2 ;
module :  ;
message : Array ;

2016-03-31 17:44:00 response :
------------

2016-03-31 17:44:03 trace :
------------
String:
<xml><ToUserName><![CDATA[gh_081ee8610e82]]></ToUserName>
<FromUserName><![CDATA[ohNDtvv8PDFqifacH9rwLYMejnDw]]></FromUserName>
<CreateTime>1459417443</CreateTime>
<MsgType><![CDATA[event]]></MsgType>
<Event><![CDATA[VIEW]]></Event>
<EventKey><![CDATA[http://www.9kpu.com/app/index.php?i=4&c=home&]]></EventKey>
<MenuId>402642185</MenuId>
</xml>

2016-03-31 17:44:03 params :
------------
Array:
rule : -2 ;
module :  ;
message : Array ;

2016-03-31 17:44:03 response :
------------

2016-03-31 17:44:12 trace :
------------
String:
<xml><ToUserName><![CDATA[gh_081ee8610e82]]></ToUserName>
<FromUserName><![CDATA[ohNDtvv8PDFqifacH9rwLYMejnDw]]></FromUserName>
<CreateTime>1459417452</CreateTime>
<MsgType><![CDATA[event]]></MsgType>
<Event><![CDATA[VIEW]]></Event>
<EventKey><![CDATA[http://www.9kpu.com/app/index.php?i=4&c=entry&eid=1]]></EventKey>
<MenuId>402642185</MenuId>
</xml>

2016-03-31 17:44:12 params :
------------
Array:
rule : -2 ;
module :  ;
message : Array ;

2016-03-31 17:44:12 response :
------------

2016-03-31 17:44:15 trace :
------------
String:
<xml><ToUserName><![CDATA[gh_081ee8610e82]]></ToUserName>
<FromUserName><![CDATA[ohNDtvv8PDFqifacH9rwLYMejnDw]]></FromUserName>
<CreateTime>1459417455</CreateTime>
<MsgType><![CDATA[event]]></MsgType>
<Event><![CDATA[VIEW]]></Event>
<EventKey><![CDATA[http://www.9kpu.com/app/index.php?i=4&c=entry&eid=2]]></EventKey>
<MenuId>402642185</MenuId>
</xml>

2016-03-31 17:44:15 params :
------------
Array:
rule : -2 ;
module :  ;
message : Array ;

2016-03-31 17:44:15 response :
------------

2016-03-31 17:45:09 trace :
------------
String:
<xml><ToUserName><![CDATA[gh_081ee8610e82]]></ToUserName>
<FromUserName><![CDATA[ohNDtvv8PDFqifacH9rwLYMejnDw]]></FromUserName>
<CreateTime>1459417509</CreateTime>
<MsgType><![CDATA[event]]></MsgType>
<Event><![CDATA[VIEW]]></Event>
<EventKey><![CDATA[http://www.9kpu.com/app/index.php?i=4&c=entry&eid=2]]></EventKey>
<MenuId>402642185</MenuId>
</xml>

2016-03-31 17:45:09 params :
------------
Array:
rule : -2 ;
module :  ;
message : Array ;

2016-03-31 17:45:09 response :
------------

2016-03-31 17:46:14 trace :
------------
String:
<xml><ToUserName><![CDATA[gh_081ee8610e82]]></ToUserName>
<FromUserName><![CDATA[ohNDtvv8PDFqifacH9rwLYMejnDw]]></FromUserName>
<CreateTime>1459417574</CreateTime>
<MsgType><![CDATA[event]]></MsgType>
<Event><![CDATA[VIEW]]></Event>
<EventKey><![CDATA[http://www.9kpu.com/app/index.php?i=4&c=entry&eid=2]]></EventKey>
<MenuId>402642185</MenuId>
</xml>

2016-03-31 17:46:14 params :
------------
Array:
rule : -2 ;
module :  ;
message : Array ;

2016-03-31 17:46:14 response :
------------

2016-03-31 17:46:17 trace :
------------
String:
<xml><ToUserName><![CDATA[gh_081ee8610e82]]></ToUserName>
<FromUserName><![CDATA[ohNDtvjueIkLU7218kMXz93i7DY8]]></FromUserName>
<CreateTime>1459417577</CreateTime>
<MsgType><![CDATA[event]]></MsgType>
<Event><![CDATA[VIEW]]></Event>
<EventKey><![CDATA[http://www.9kpu.com/app/index.php?i=4&c=entry&eid=1]]></EventKey>
<MenuId>402642185</MenuId>
</xml>

2016-03-31 17:46:17 params :
------------
Array:
rule : -2 ;
module :  ;
message : Array ;

2016-03-31 17:46:17 response :
------------

2016-03-31 17:46:20 trace :
------------
String:
<xml><ToUserName><![CDATA[gh_081ee8610e82]]></ToUserName>
<FromUserName><![CDATA[ohNDtvjueIkLU7218kMXz93i7DY8]]></FromUserName>
<CreateTime>1459417580</CreateTime>
<MsgType><![CDATA[event]]></MsgType>
<Event><![CDATA[VIEW]]></Event>
<EventKey><![CDATA[http://www.9kpu.com/app/index.php?i=4&c=entry&eid=2]]></EventKey>
<MenuId>402642185</MenuId>
</xml>

2016-03-31 17:46:20 params :
------------
Array:
rule : -2 ;
module :  ;
message : Array ;

2016-03-31 17:46:20 response :
------------

2016-03-31 17:48:52 trace :
------------
String:
<xml><ToUserName><![CDATA[gh_081ee8610e82]]></ToUserName>
<FromUserName><![CDATA[ohNDtvv8PDFqifacH9rwLYMejnDw]]></FromUserName>
<CreateTime>1459417732</CreateTime>
<MsgType><![CDATA[event]]></MsgType>
<Event><![CDATA[VIEW]]></Event>
<EventKey><![CDATA[http://www.9kpu.com/app/index.php?i=4&c=entry&eid=1]]></EventKey>
<MenuId>402642185</MenuId>
</xml>

2016-03-31 17:48:52 params :
------------
Array:
rule : -2 ;
module :  ;
message : Array ;

2016-03-31 17:48:52 response :
------------

2016-03-31 17:49:22 trace :
------------
String:
<xml><ToUserName><![CDATA[gh_081ee8610e82]]></ToUserName>
<FromUserName><![CDATA[ohNDtvv8PDFqifacH9rwLYMejnDw]]></FromUserName>
<CreateTime>1459417762</CreateTime>
<MsgType><![CDATA[event]]></MsgType>
<Event><![CDATA[VIEW]]></Event>
<EventKey><![CDATA[http://www.9kpu.com/app/index.php?i=4&c=home&]]></EventKey>
<MenuId>402642185</MenuId>
</xml>

2016-03-31 17:49:22 params :
------------
Array:
rule : -2 ;
module :  ;
message : Array ;

2016-03-31 17:49:22 response :
------------

2016-03-31 17:49:27 trace :
------------
String:
<xml><ToUserName><![CDATA[gh_081ee8610e82]]></ToUserName>
<FromUserName><![CDATA[ohNDtvv8PDFqifacH9rwLYMejnDw]]></FromUserName>
<CreateTime>1459417767</CreateTime>
<MsgType><![CDATA[event]]></MsgType>
<Event><![CDATA[VIEW]]></Event>
<EventKey><![CDATA[http://www.9kpu.com/app/index.php?i=4&c=entry&eid=1]]></EventKey>
<MenuId>402642185</MenuId>
</xml>

2016-03-31 17:49:27 params :
------------
Array:
rule : -2 ;
module :  ;
message : Array ;

2016-03-31 17:49:27 response :
------------

2016-03-31 17:49:39 trace :
------------
String:
<xml><ToUserName><![CDATA[gh_081ee8610e82]]></ToUserName>
<FromUserName><![CDATA[ohNDtvv8PDFqifacH9rwLYMejnDw]]></FromUserName>
<CreateTime>1459417779</CreateTime>
<MsgType><![CDATA[event]]></MsgType>
<Event><![CDATA[VIEW]]></Event>
<EventKey><![CDATA[http://www.9kpu.com/app/index.php?i=4&c=entry&eid=2]]></EventKey>
<MenuId>402642185</MenuId>
</xml>

2016-03-31 17:49:39 params :
------------
Array:
rule : -2 ;
module :  ;
message : Array ;

2016-03-31 17:49:39 response :
------------

2016-03-31 17:49:53 trace :
------------
String:
<xml><ToUserName><![CDATA[gh_081ee8610e82]]></ToUserName>
<FromUserName><![CDATA[ohNDtvv8PDFqifacH9rwLYMejnDw]]></FromUserName>
<CreateTime>1459417793</CreateTime>
<MsgType><![CDATA[event]]></MsgType>
<Event><![CDATA[VIEW]]></Event>
<EventKey><![CDATA[http://www.9kpu.com/app/index.php?i=4&c=entry&eid=2]]></EventKey>
<MenuId>402642185</MenuId>
</xml>

2016-03-31 17:49:53 params :
------------
Array:
rule : -2 ;
module :  ;
message : Array ;

2016-03-31 17:49:53 response :
------------

2016-03-31 17:53:18 trace :
------------
String:
<xml><ToUserName><![CDATA[gh_081ee8610e82]]></ToUserName>
<FromUserName><![CDATA[ohNDtvv8PDFqifacH9rwLYMejnDw]]></FromUserName>
<CreateTime>1459417998</CreateTime>
<MsgType><![CDATA[event]]></MsgType>
<Event><![CDATA[VIEW]]></Event>
<EventKey><![CDATA[http://www.9kpu.com/app/index.php?i=4&c=home&]]></EventKey>
<MenuId>402642185</MenuId>
</xml>

2016-03-31 17:53:18 params :
------------
Array:
rule : -2 ;
module :  ;
message : Array ;

2016-03-31 17:53:18 response :
------------

2016-03-31 17:53:35 trace :
------------
String:
<xml><ToUserName><![CDATA[gh_081ee8610e82]]></ToUserName>
<FromUserName><![CDATA[ohNDtvv8PDFqifacH9rwLYMejnDw]]></FromUserName>
<CreateTime>1459418015</CreateTime>
<MsgType><![CDATA[event]]></MsgType>
<Event><![CDATA[VIEW]]></Event>
<EventKey><![CDATA[http://www.9kpu.com/app/index.php?i=4&c=entry&eid=1]]></EventKey>
<MenuId>402642185</MenuId>
</xml>

2016-03-31 17:53:35 params :
------------
Array:
rule : -2 ;
module :  ;
message : Array ;

2016-03-31 17:53:35 response :
------------

2016-03-31 17:53:43 trace :
------------
String:
<xml><ToUserName><![CDATA[gh_081ee8610e82]]></ToUserName>
<FromUserName><![CDATA[ohNDtvv8PDFqifacH9rwLYMejnDw]]></FromUserName>
<CreateTime>1459418023</CreateTime>
<MsgType><![CDATA[event]]></MsgType>
<Event><![CDATA[VIEW]]></Event>
<EventKey><![CDATA[http://www.9kpu.com/app/index.php?i=4&c=entry&eid=2]]></EventKey>
<MenuId>402642185</MenuId>
</xml>

2016-03-31 17:53:43 params :
------------
Array:
rule : -2 ;
module :  ;
message : Array ;

2016-03-31 17:53:43 response :
------------

2016-03-31 17:57:05 trace :
------------
String:
<xml><ToUserName><![CDATA[gh_081ee8610e82]]></ToUserName>
<FromUserName><![CDATA[ohNDtvv8PDFqifacH9rwLYMejnDw]]></FromUserName>
<CreateTime>1459418225</CreateTime>
<MsgType><![CDATA[event]]></MsgType>
<Event><![CDATA[VIEW]]></Event>
<EventKey><![CDATA[http://www.9kpu.com/app/index.php?i=4&c=entry&eid=1]]></EventKey>
<MenuId>402642185</MenuId>
</xml>

2016-03-31 17:57:05 params :
------------
Array:
rule : -2 ;
module :  ;
message : Array ;

2016-03-31 17:57:05 response :
------------

2016-03-31 17:57:27 trace :
------------
String:
<xml><ToUserName><![CDATA[gh_081ee8610e82]]></ToUserName>
<FromUserName><![CDATA[ohNDtvv8PDFqifacH9rwLYMejnDw]]></FromUserName>
<CreateTime>1459418247</CreateTime>
<MsgType><![CDATA[event]]></MsgType>
<Event><![CDATA[VIEW]]></Event>
<EventKey><![CDATA[http://www.9kpu.com/app/index.php?i=4&c=entry&eid=1]]></EventKey>
<MenuId>402642185</MenuId>
</xml>

2016-03-31 17:57:27 params :
------------
Array:
rule : -2 ;
module :  ;
message : Array ;

2016-03-31 17:57:27 response :
------------

2016-03-31 17:57:42 trace :
------------
String:
<xml><ToUserName><![CDATA[gh_081ee8610e82]]></ToUserName>
<FromUserName><![CDATA[ohNDtvv8PDFqifacH9rwLYMejnDw]]></FromUserName>
<CreateTime>1459418262</CreateTime>
<MsgType><![CDATA[event]]></MsgType>
<Event><![CDATA[VIEW]]></Event>
<EventKey><![CDATA[http://www.9kpu.com/app/index.php?i=4&c=entry&eid=2]]></EventKey>
<MenuId>402642185</MenuId>
</xml>

2016-03-31 17:57:42 params :
------------
Array:
rule : -2 ;
module :  ;
message : Array ;

2016-03-31 17:57:42 response :
------------

2016-03-31 17:58:58 trace :
------------
String:
<xml><ToUserName><![CDATA[gh_081ee8610e82]]></ToUserName>
<FromUserName><![CDATA[ohNDtvv8PDFqifacH9rwLYMejnDw]]></FromUserName>
<CreateTime>1459418338</CreateTime>
<MsgType><![CDATA[event]]></MsgType>
<Event><![CDATA[VIEW]]></Event>
<EventKey><![CDATA[http://www.9kpu.com/app/index.php?i=4&c=entry&eid=1]]></EventKey>
<MenuId>402642185</MenuId>
</xml>

2016-03-31 17:58:58 params :
------------
Array:
rule : -2 ;
module :  ;
message : Array ;

2016-03-31 17:58:58 response :
------------

2016-03-31 17:59:07 trace :
------------
String:
<xml><ToUserName><![CDATA[gh_081ee8610e82]]></ToUserName>
<FromUserName><![CDATA[ohNDtvv8PDFqifacH9rwLYMejnDw]]></FromUserName>
<CreateTime>1459418347</CreateTime>
<MsgType><![CDATA[event]]></MsgType>
<Event><![CDATA[VIEW]]></Event>
<EventKey><![CDATA[http://www.9kpu.com/app/index.php?i=4&c=entry&eid=1]]></EventKey>
<MenuId>402642185</MenuId>
</xml>

2016-03-31 17:59:07 params :
------------
Array:
rule : -2 ;
module :  ;
message : Array ;

2016-03-31 17:59:07 response :
------------

2016-03-31 18:00:18 trace :
------------
String:
<xml><ToUserName><![CDATA[gh_081ee8610e82]]></ToUserName>
<FromUserName><![CDATA[ohNDtvv8PDFqifacH9rwLYMejnDw]]></FromUserName>
<CreateTime>1459418418</CreateTime>
<MsgType><![CDATA[event]]></MsgType>
<Event><![CDATA[VIEW]]></Event>
<EventKey><![CDATA[http://www.9kpu.com/app/index.php?i=4&c=home&]]></EventKey>
<MenuId>402642185</MenuId>
</xml>

2016-03-31 18:00:18 params :
------------
Array:
rule : -2 ;
module :  ;
message : Array ;

2016-03-31 18:00:18 response :
------------

2016-03-31 18:00:41 trace :
------------
String:
<xml><ToUserName><![CDATA[gh_081ee8610e82]]></ToUserName>
<FromUserName><![CDATA[ohNDtvv8PDFqifacH9rwLYMejnDw]]></FromUserName>
<CreateTime>1459418441</CreateTime>
<MsgType><![CDATA[event]]></MsgType>
<Event><![CDATA[VIEW]]></Event>
<EventKey><![CDATA[http://www.9kpu.com/app/index.php?i=4&c=entry&eid=1]]></EventKey>
<MenuId>402642185</MenuId>
</xml>

2016-03-31 18:00:41 params :
------------
Array:
rule : -2 ;
module :  ;
message : Array ;

2016-03-31 18:00:41 response :
------------

2016-03-31 18:01:06 trace :
------------
String:
<xml><ToUserName><![CDATA[gh_081ee8610e82]]></ToUserName>
<FromUserName><![CDATA[ohNDtvjueIkLU7218kMXz93i7DY8]]></FromUserName>
<CreateTime>1459418466</CreateTime>
<MsgType><![CDATA[event]]></MsgType>
<Event><![CDATA[VIEW]]></Event>
<EventKey><![CDATA[http://www.9kpu.com/app/index.php?i=4&c=entry&eid=2]]></EventKey>
<MenuId>402642185</MenuId>
</xml>

2016-03-31 18:01:06 params :
------------
Array:
rule : -2 ;
module :  ;
message : Array ;

2016-03-31 18:01:06 response :
------------

2016-03-31 18:01:17 trace :
------------
String:
<xml><ToUserName><![CDATA[gh_081ee8610e82]]></ToUserName>
<FromUserName><![CDATA[ohNDtvv8PDFqifacH9rwLYMejnDw]]></FromUserName>
<CreateTime>1459418477</CreateTime>
<MsgType><![CDATA[event]]></MsgType>
<Event><![CDATA[VIEW]]></Event>
<EventKey><![CDATA[http://www.9kpu.com/app/index.php?i=4&c=home&]]></EventKey>
<MenuId>402642185</MenuId>
</xml>

2016-03-31 18:01:17 params :
------------
Array:
rule : -2 ;
module :  ;
message : Array ;

2016-03-31 18:01:17 response :
------------

2016-03-31 18:01:19 trace :
------------
String:
<xml><ToUserName><![CDATA[gh_081ee8610e82]]></ToUserName>
<FromUserName><![CDATA[ohNDtvv8PDFqifacH9rwLYMejnDw]]></FromUserName>
<CreateTime>1459418479</CreateTime>
<MsgType><![CDATA[event]]></MsgType>
<Event><![CDATA[VIEW]]></Event>
<EventKey><![CDATA[http://www.9kpu.com/app/index.php?i=4&c=entry&eid=1]]></EventKey>
<MenuId>402642185</MenuId>
</xml>

2016-03-31 18:01:20 params :
------------
Array:
rule : -2 ;
module :  ;
message : Array ;

2016-03-31 18:01:20 response :
------------

2016-03-31 18:01:26 trace :
------------
String:
<xml><ToUserName><![CDATA[gh_081ee8610e82]]></ToUserName>
<FromUserName><![CDATA[ohNDtvv8PDFqifacH9rwLYMejnDw]]></FromUserName>
<CreateTime>1459418486</CreateTime>
<MsgType><![CDATA[event]]></MsgType>
<Event><![CDATA[VIEW]]></Event>
<EventKey><![CDATA[http://www.9kpu.com/app/index.php?i=4&c=entry&eid=1]]></EventKey>
<MenuId>402642185</MenuId>
</xml>

2016-03-31 18:01:26 params :
------------
Array:
rule : -2 ;
module :  ;
message : Array ;

2016-03-31 18:01:26 response :
------------

2016-03-31 18:01:37 trace :
------------
String:
<xml><ToUserName><![CDATA[gh_081ee8610e82]]></ToUserName>
<FromUserName><![CDATA[ohNDtvv8PDFqifacH9rwLYMejnDw]]></FromUserName>
<CreateTime>1459418497</CreateTime>
<MsgType><![CDATA[event]]></MsgType>
<Event><![CDATA[VIEW]]></Event>
<EventKey><![CDATA[http://www.9kpu.com/app/index.php?i=4&c=entry&eid=1]]></EventKey>
<MenuId>402642185</MenuId>
</xml>

2016-03-31 18:01:37 params :
------------
Array:
rule : -2 ;
module :  ;
message : Array ;

2016-03-31 18:01:37 response :
------------

2016-03-31 18:04:39 trace :
------------
String:
<xml><ToUserName><![CDATA[gh_081ee8610e82]]></ToUserName>
<FromUserName><![CDATA[ohNDtvv8PDFqifacH9rwLYMejnDw]]></FromUserName>
<CreateTime>1459418679</CreateTime>
<MsgType><![CDATA[event]]></MsgType>
<Event><![CDATA[VIEW]]></Event>
<EventKey><![CDATA[http://www.9kpu.com/app/index.php?i=4&c=entry&eid=2]]></EventKey>
<MenuId>402642185</MenuId>
</xml>

2016-03-31 18:04:39 params :
------------
Array:
rule : -2 ;
module :  ;
message : Array ;

2016-03-31 18:04:39 response :
------------

2016-03-31 18:04:59 trace :
------------
String:
<xml><ToUserName><![CDATA[gh_081ee8610e82]]></ToUserName>
<FromUserName><![CDATA[ohNDtvv8PDFqifacH9rwLYMejnDw]]></FromUserName>
<CreateTime>1459418699</CreateTime>
<MsgType><![CDATA[event]]></MsgType>
<Event><![CDATA[VIEW]]></Event>
<EventKey><![CDATA[http://www.9kpu.com/app/index.php?i=4&c=home&]]></EventKey>
<MenuId>402642185</MenuId>
</xml>

2016-03-31 18:04:59 params :
------------
Array:
rule : -2 ;
module :  ;
message : Array ;

2016-03-31 18:04:59 response :
------------

2016-03-31 18:05:03 trace :
------------
String:
<xml><ToUserName><![CDATA[gh_081ee8610e82]]></ToUserName>
<FromUserName><![CDATA[ohNDtvv8PDFqifacH9rwLYMejnDw]]></FromUserName>
<CreateTime>1459418703</CreateTime>
<MsgType><![CDATA[event]]></MsgType>
<Event><![CDATA[VIEW]]></Event>
<EventKey><![CDATA[http://www.9kpu.com/app/index.php?i=4&c=entry&eid=1]]></EventKey>
<MenuId>402642185</MenuId>
</xml>

2016-03-31 18:05:03 params :
------------
Array:
rule : -2 ;
module :  ;
message : Array ;

2016-03-31 18:05:03 response :
------------

2016-03-31 18:05:08 trace :
------------
String:
<xml><ToUserName><![CDATA[gh_081ee8610e82]]></ToUserName>
<FromUserName><![CDATA[ohNDtvv8PDFqifacH9rwLYMejnDw]]></FromUserName>
<CreateTime>1459418708</CreateTime>
<MsgType><![CDATA[event]]></MsgType>
<Event><![CDATA[VIEW]]></Event>
<EventKey><![CDATA[http://www.9kpu.com/app/index.php?i=4&c=home&]]></EventKey>
<MenuId>402642185</MenuId>
</xml>

2016-03-31 18:05:08 params :
------------
Array:
rule : -2 ;
module :  ;
message : Array ;

2016-03-31 18:05:08 response :
------------

2016-03-31 18:05:10 trace :
------------
String:
<xml><ToUserName><![CDATA[gh_081ee8610e82]]></ToUserName>
<FromUserName><![CDATA[ohNDtvv8PDFqifacH9rwLYMejnDw]]></FromUserName>
<CreateTime>1459418710</CreateTime>
<MsgType><![CDATA[event]]></MsgType>
<Event><![CDATA[VIEW]]></Event>
<EventKey><![CDATA[http://www.9kpu.com/app/index.php?i=4&c=entry&eid=1]]></EventKey>
<MenuId>402642185</MenuId>
</xml>

2016-03-31 18:05:10 params :
------------
Array:
rule : -2 ;
module :  ;
message : Array ;

2016-03-31 18:05:10 response :
------------

2016-03-31 18:08:58 trace :
------------
String:
<xml><ToUserName><![CDATA[gh_081ee8610e82]]></ToUserName>
<FromUserName><![CDATA[ohNDtvodQbJscFvVHtC4xh757R2Y]]></FromUserName>
<CreateTime>1459418938</CreateTime>
<MsgType><![CDATA[event]]></MsgType>
<Event><![CDATA[VIEW]]></Event>
<EventKey><![CDATA[http://www.9kpu.com/app/index.php?i=4&c=entry&eid=1]]></EventKey>
<MenuId>402642185</MenuId>
</xml>

2016-03-31 18:08:58 params :
------------
Array:
rule : -2 ;
module :  ;
message : Array ;

2016-03-31 18:08:58 response :
------------

2016-03-31 18:09:21 trace :
------------
String:
<xml><ToUserName><![CDATA[gh_081ee8610e82]]></ToUserName>
<FromUserName><![CDATA[ohNDtvv8PDFqifacH9rwLYMejnDw]]></FromUserName>
<CreateTime>1459418961</CreateTime>
<MsgType><![CDATA[event]]></MsgType>
<Event><![CDATA[VIEW]]></Event>
<EventKey><![CDATA[http://www.9kpu.com/app/index.php?i=4&c=entry&eid=1]]></EventKey>
<MenuId>402642185</MenuId>
</xml>

2016-03-31 18:09:21 params :
------------
Array:
rule : -2 ;
module :  ;
message : Array ;

2016-03-31 18:09:21 response :
------------

2016-03-31 18:09:26 trace :
------------
String:
<xml><ToUserName><![CDATA[gh_081ee8610e82]]></ToUserName>
<FromUserName><![CDATA[ohNDtvv8PDFqifacH9rwLYMejnDw]]></FromUserName>
<CreateTime>1459418966</CreateTime>
<MsgType><![CDATA[event]]></MsgType>
<Event><![CDATA[VIEW]]></Event>
<EventKey><![CDATA[http://www.9kpu.com/app/index.php?i=4&c=entry&eid=2]]></EventKey>
<MenuId>402642185</MenuId>
</xml>

2016-03-31 18:09:26 params :
------------
Array:
rule : -2 ;
module :  ;
message : Array ;

2016-03-31 18:09:26 response :
------------

2016-03-31 18:09:46 trace :
------------
String:
<xml><ToUserName><![CDATA[gh_081ee8610e82]]></ToUserName>
<FromUserName><![CDATA[ohNDtvv8PDFqifacH9rwLYMejnDw]]></FromUserName>
<CreateTime>1459418986</CreateTime>
<MsgType><![CDATA[event]]></MsgType>
<Event><![CDATA[VIEW]]></Event>
<EventKey><![CDATA[http://www.9kpu.com/app/index.php?i=4&c=entry&eid=2]]></EventKey>
<MenuId>402642185</MenuId>
</xml>

2016-03-31 18:09:46 params :
------------
Array:
rule : -2 ;
module :  ;
message : Array ;

2016-03-31 18:09:46 response :
------------

2016-03-31 18:10:07 trace :
------------
String:
<xml><ToUserName><![CDATA[gh_081ee8610e82]]></ToUserName>
<FromUserName><![CDATA[ohNDtvv8PDFqifacH9rwLYMejnDw]]></FromUserName>
<CreateTime>1459419007</CreateTime>
<MsgType><![CDATA[event]]></MsgType>
<Event><![CDATA[VIEW]]></Event>
<EventKey><![CDATA[http://www.9kpu.com/app/index.php?i=4&c=entry&eid=1]]></EventKey>
<MenuId>402642185</MenuId>
</xml>

2016-03-31 18:10:07 params :
------------
Array:
rule : -2 ;
module :  ;
message : Array ;

2016-03-31 18:10:07 response :
------------

2016-03-31 18:12:05 trace :
------------
String:
<xml><ToUserName><![CDATA[gh_081ee8610e82]]></ToUserName>
<FromUserName><![CDATA[ohNDtvv8PDFqifacH9rwLYMejnDw]]></FromUserName>
<CreateTime>1459419125</CreateTime>
<MsgType><![CDATA[event]]></MsgType>
<Event><![CDATA[VIEW]]></Event>
<EventKey><![CDATA[http://www.9kpu.com/app/index.php?i=4&c=entry&eid=1]]></EventKey>
<MenuId>402642185</MenuId>
</xml>

2016-03-31 18:12:05 params :
------------
Array:
rule : -2 ;
module :  ;
message : Array ;

2016-03-31 18:12:05 response :
------------

2016-03-31 18:12:19 trace :
------------
String:
<xml><ToUserName><![CDATA[gh_081ee8610e82]]></ToUserName>
<FromUserName><![CDATA[ohNDtvv8PDFqifacH9rwLYMejnDw]]></FromUserName>
<CreateTime>1459419139</CreateTime>
<MsgType><![CDATA[event]]></MsgType>
<Event><![CDATA[VIEW]]></Event>
<EventKey><![CDATA[http://www.9kpu.com/app/index.php?i=4&c=entry&eid=1]]></EventKey>
<MenuId>402642185</MenuId>
</xml>

2016-03-31 18:12:19 params :
------------
Array:
rule : -2 ;
module :  ;
message : Array ;

2016-03-31 18:12:19 response :
------------

2016-03-31 18:16:30 trace :
------------
String:
<xml><ToUserName><![CDATA[gh_081ee8610e82]]></ToUserName>
<FromUserName><![CDATA[ohNDtvodQbJscFvVHtC4xh757R2Y]]></FromUserName>
<CreateTime>1459419390</CreateTime>
<MsgType><![CDATA[event]]></MsgType>
<Event><![CDATA[VIEW]]></Event>
<EventKey><![CDATA[http://www.9kpu.com/app/index.php?i=4&c=home&]]></EventKey>
<MenuId>402642185</MenuId>
</xml>

2016-03-31 18:16:30 params :
------------
Array:
rule : -2 ;
module :  ;
message : Array ;

2016-03-31 18:16:30 response :
------------

2016-03-31 18:19:21 trace :
------------
String:
<xml><ToUserName><![CDATA[gh_081ee8610e82]]></ToUserName>
<FromUserName><![CDATA[ohNDtvv8PDFqifacH9rwLYMejnDw]]></FromUserName>
<CreateTime>1459419561</CreateTime>
<MsgType><![CDATA[event]]></MsgType>
<Event><![CDATA[VIEW]]></Event>
<EventKey><![CDATA[http://www.9kpu.com/app/index.php?i=4&c=entry&eid=2]]></EventKey>
<MenuId>402642185</MenuId>
</xml>

2016-03-31 18:19:21 params :
------------
Array:
rule : -2 ;
module :  ;
message : Array ;

2016-03-31 18:19:21 response :
------------

2016-03-31 18:19:30 trace :
------------
String:
<xml><ToUserName><![CDATA[gh_081ee8610e82]]></ToUserName>
<FromUserName><![CDATA[ohNDtvv8PDFqifacH9rwLYMejnDw]]></FromUserName>
<CreateTime>1459419569</CreateTime>
<MsgType><![CDATA[event]]></MsgType>
<Event><![CDATA[VIEW]]></Event>
<EventKey><![CDATA[http://www.9kpu.com/app/index.php?i=4&c=entry&eid=1]]></EventKey>
<MenuId>402642185</MenuId>
</xml>

2016-03-31 18:19:30 params :
------------
Array:
rule : -2 ;
module :  ;
message : Array ;

2016-03-31 18:19:30 response :
------------

2016-03-31 18:47:34 trace :
------------
String:
<xml><ToUserName><![CDATA[gh_2157a6c86a35]]></ToUserName>
<FromUserName><![CDATA[oEcott635Povl9tOo6clkek3iiWI]]></FromUserName>
<CreateTime>1459421254</CreateTime>
<MsgType><![CDATA[event]]></MsgType>
<Event><![CDATA[CLICK]]></Event>
<EventKey><![CDATA[]]></EventKey>
</xml>

2016-03-31 18:47:34 params :
------------
Array:
message : Array ;
module : news ;
rule : 12 ;
priority : 0 ;
keyword : Array ;

2016-03-31 18:47:34 response :
------------
Array:
FromUserName : gh_2157a6c86a35 ;
ToUserName : oEcott635Povl9tOo6clkek3iiWI ;
MsgType : news ;
ArticleCount : 1 ;
Articles : Array ;

2016-03-31 18:47:52 trace :
------------
String:
<xml><ToUserName><![CDATA[gh_2157a6c86a35]]></ToUserName>
<FromUserName><![CDATA[oEcott635Povl9tOo6clkek3iiWI]]></FromUserName>
<CreateTime>1459421272</CreateTime>
<MsgType><![CDATA[event]]></MsgType>
<Event><![CDATA[VIEW]]></Event>
<EventKey><![CDATA[http://www.9kpu.com/app/index.php?i=3&c=entry&eid=1]]></EventKey>
<MenuId>402655615</MenuId>
</xml>

2016-03-31 18:47:52 params :
------------
Array:
rule : -2 ;
module :  ;
message : Array ;

2016-03-31 18:47:52 response :
------------

2016-03-31 18:48:04 trace :
------------
String:
<xml><ToUserName><![CDATA[gh_2157a6c86a35]]></ToUserName>
<FromUserName><![CDATA[oEcott635Povl9tOo6clkek3iiWI]]></FromUserName>
<CreateTime>1459421284</CreateTime>
<MsgType><![CDATA[event]]></MsgType>
<Event><![CDATA[VIEW]]></Event>
<EventKey><![CDATA[http://www.9kpu.com/app/index.php?i=3&c=entry&eid=2]]></EventKey>
<MenuId>402655615</MenuId>
</xml>

2016-03-31 18:48:04 params :
------------
Array:
rule : -2 ;
module :  ;
message : Array ;

2016-03-31 18:48:04 response :
------------

2016-03-31 18:48:15 trace :
------------
String:
<xml><ToUserName><![CDATA[gh_2157a6c86a35]]></ToUserName>
<FromUserName><![CDATA[oEcott635Povl9tOo6clkek3iiWI]]></FromUserName>
<CreateTime>1459421295</CreateTime>
<MsgType><![CDATA[event]]></MsgType>
<Event><![CDATA[VIEW]]></Event>
<EventKey><![CDATA[http://www.9kpu.com/app/index.php?i=3&c=entry&eid=1]]></EventKey>
<MenuId>402655615</MenuId>
</xml>

2016-03-31 18:48:15 params :
------------
Array:
rule : -2 ;
module :  ;
message : Array ;

2016-03-31 18:48:15 response :
------------

2016-03-31 18:48:28 trace :
------------
String:
<xml><ToUserName><![CDATA[gh_2157a6c86a35]]></ToUserName>
<FromUserName><![CDATA[oEcott635Povl9tOo6clkek3iiWI]]></FromUserName>
<CreateTime>1459421308</CreateTime>
<MsgType><![CDATA[event]]></MsgType>
<Event><![CDATA[CLICK]]></Event>
<EventKey><![CDATA[grow.trend]]></EventKey>
</xml>

2016-03-31 18:48:28 params :
------------
Array:
rule : -2 ;
module :  ;
message : Array ;

2016-03-31 18:48:28 response :
------------

2016-03-31 18:48:44 trace :
------------
String:
<xml><ToUserName><![CDATA[gh_2157a6c86a35]]></ToUserName>
<FromUserName><![CDATA[oEcott635Povl9tOo6clkek3iiWI]]></FromUserName>
<CreateTime>1459421324</CreateTime>
<MsgType><![CDATA[event]]></MsgType>
<Event><![CDATA[VIEW]]></Event>
<EventKey><![CDATA[http://www.9kpu.com/app/index.php?i=3&c=mc&]]></EventKey>
<MenuId>402655615</MenuId>
</xml>

2016-03-31 18:48:44 params :
------------
Array:
rule : -2 ;
module :  ;
message : Array ;

2016-03-31 18:48:44 response :
------------

2016-03-31 18:48:53 trace :
------------
String:
<xml><ToUserName><![CDATA[gh_2157a6c86a35]]></ToUserName>
<FromUserName><![CDATA[oEcott635Povl9tOo6clkek3iiWI]]></FromUserName>
<CreateTime>1459421333</CreateTime>
<MsgType><![CDATA[event]]></MsgType>
<Event><![CDATA[VIEW]]></Event>
<EventKey><![CDATA[http://www.9kpu.com/app/index.php?i=3&c=entry&eid=2]]></EventKey>
<MenuId>402655615</MenuId>
</xml>

2016-03-31 18:48:53 params :
------------
Array:
rule : -2 ;
module :  ;
message : Array ;

2016-03-31 18:48:53 response :
------------

2016-03-31 18:49:10 trace :
------------
String:
<xml><ToUserName><![CDATA[gh_2157a6c86a35]]></ToUserName>
<FromUserName><![CDATA[oEcott635Povl9tOo6clkek3iiWI]]></FromUserName>
<CreateTime>1459421350</CreateTime>
<MsgType><![CDATA[event]]></MsgType>
<Event><![CDATA[VIEW]]></Event>
<EventKey><![CDATA[http://www.9kpu.com/app/index.php?i=3&c=entry&eid=1]]></EventKey>
<MenuId>402655615</MenuId>
</xml>

2016-03-31 18:49:10 params :
------------
Array:
rule : -2 ;
module :  ;
message : Array ;

2016-03-31 18:49:10 response :
------------

2016-03-31 18:49:36 trace :
------------
String:
<xml><ToUserName><![CDATA[gh_2157a6c86a35]]></ToUserName>
<FromUserName><![CDATA[oEcott635Povl9tOo6clkek3iiWI]]></FromUserName>
<CreateTime>1459421376</CreateTime>
<MsgType><![CDATA[event]]></MsgType>
<Event><![CDATA[VIEW]]></Event>
<EventKey><![CDATA[http://www.9kpu.com/app/index.php?i=3&c=home&]]></EventKey>
<MenuId>402655615</MenuId>
</xml>

2016-03-31 18:49:36 params :
------------
Array:
rule : -2 ;
module :  ;
message : Array ;

2016-03-31 18:49:36 response :
------------

2016-03-31 19:35:40 trace :
------------
String:
<xml><ToUserName><![CDATA[gh_081ee8610e82]]></ToUserName>
<FromUserName><![CDATA[ohNDtvodQbJscFvVHtC4xh757R2Y]]></FromUserName>
<CreateTime>1459424140</CreateTime>
<MsgType><![CDATA[event]]></MsgType>
<Event><![CDATA[VIEW]]></Event>
<EventKey><![CDATA[http://www.9kpu.com/app/index.php?i=4&c=entry&eid=1]]></EventKey>
<MenuId>402642185</MenuId>
</xml>

2016-03-31 19:35:40 params :
------------
Array:
rule : -2 ;
module :  ;
message : Array ;

2016-03-31 19:35:40 response :
------------

2016-03-31 19:36:02 trace :
------------
String:
<xml><ToUserName><![CDATA[gh_081ee8610e82]]></ToUserName>
<FromUserName><![CDATA[ohNDtvodQbJscFvVHtC4xh757R2Y]]></FromUserName>
<CreateTime>1459424162</CreateTime>
<MsgType><![CDATA[event]]></MsgType>
<Event><![CDATA[VIEW]]></Event>
<EventKey><![CDATA[http://www.9kpu.com/app/index.php?i=4&c=entry&eid=1]]></EventKey>
<MenuId>402642185</MenuId>
</xml>

2016-03-31 19:36:02 params :
------------
Array:
rule : -2 ;
module :  ;
message : Array ;

2016-03-31 19:36:02 response :
------------

2016-03-31 19:36:17 trace :
------------
String:
<xml><ToUserName><![CDATA[gh_081ee8610e82]]></ToUserName>
<FromUserName><![CDATA[ohNDtvodQbJscFvVHtC4xh757R2Y]]></FromUserName>
<CreateTime>1459424177</CreateTime>
<MsgType><![CDATA[event]]></MsgType>
<Event><![CDATA[VIEW]]></Event>
<EventKey><![CDATA[http://www.9kpu.com/app/index.php?i=4&c=entry&eid=2]]></EventKey>
<MenuId>402642185</MenuId>
</xml>

2016-03-31 19:36:17 params :
------------
Array:
rule : -2 ;
module :  ;
message : Array ;

2016-03-31 19:36:17 response :
------------

2016-03-31 19:36:40 trace :
------------
String:
<xml><ToUserName><![CDATA[gh_081ee8610e82]]></ToUserName>
<FromUserName><![CDATA[ohNDtvodQbJscFvVHtC4xh757R2Y]]></FromUserName>
<CreateTime>1459424200</CreateTime>
<MsgType><![CDATA[event]]></MsgType>
<Event><![CDATA[VIEW]]></Event>
<EventKey><![CDATA[http://www.9kpu.com/app/index.php?i=4&c=home&]]></EventKey>
<MenuId>402642185</MenuId>
</xml>

2016-03-31 19:36:40 params :
------------
Array:
rule : -2 ;
module :  ;
message : Array ;

2016-03-31 19:36:40 response :
------------

2016-03-31 19:48:23 trace :
------------
String:
<xml><ToUserName><![CDATA[gh_2157a6c86a35]]></ToUserName>
<FromUserName><![CDATA[oEcott9hVqf6ScIHUHGEkfgvxjNQ]]></FromUserName>
<CreateTime>1459424903</CreateTime>
<MsgType><![CDATA[event]]></MsgType>
<Event><![CDATA[VIEW]]></Event>
<EventKey><![CDATA[http://www.9kpu.com/app/index.php?i=3&c=mc&a=card&do=notice&]]></EventKey>
<MenuId>402655615</MenuId>
</xml>

2016-03-31 19:48:23 params :
------------
Array:
rule : -2 ;
module :  ;
message : Array ;

2016-03-31 19:48:23 response :
------------

2016-03-31 19:50:24 trace :
------------
String:
<xml><ToUserName><![CDATA[gh_2157a6c86a35]]></ToUserName>
<FromUserName><![CDATA[oEcott9hVqf6ScIHUHGEkfgvxjNQ]]></FromUserName>
<CreateTime>1459425024</CreateTime>
<MsgType><![CDATA[event]]></MsgType>
<Event><![CDATA[VIEW]]></Event>
<EventKey><![CDATA[http://www.9kpu.com/app/index.php?i=3&c=entry&eid=2]]></EventKey>
<MenuId>402655615</MenuId>
</xml>

2016-03-31 19:50:24 params :
------------
Array:
rule : -2 ;
module :  ;
message : Array ;

2016-03-31 19:50:24 response :
------------

2016-03-31 19:50:43 trace :
------------
String:
<xml><ToUserName><![CDATA[gh_2157a6c86a35]]></ToUserName>
<FromUserName><![CDATA[oEcott9hVqf6ScIHUHGEkfgvxjNQ]]></FromUserName>
<CreateTime>1459425043</CreateTime>
<MsgType><![CDATA[event]]></MsgType>
<Event><![CDATA[VIEW]]></Event>
<EventKey><![CDATA[http://www.9kpu.com/app/index.php?i=3&c=entry&eid=1]]></EventKey>
<MenuId>402655615</MenuId>
</xml>

2016-03-31 19:50:43 params :
------------
Array:
rule : -2 ;
module :  ;
message : Array ;

2016-03-31 19:50:43 response :
------------

2016-03-31 20:11:05 trace :
------------
String:
<xml><ToUserName><![CDATA[gh_081ee8610e82]]></ToUserName>
<FromUserName><![CDATA[ohNDtvlBtCuGnGpEOMyuUTlrZ0Gs]]></FromUserName>
<CreateTime>1459426265</CreateTime>
<MsgType><![CDATA[event]]></MsgType>
<Event><![CDATA[subscribe]]></Event>
<EventKey><![CDATA[]]></EventKey>
</xml>

2016-03-31 20:11:05 params :
------------
Array:
rule : -2 ;
module :  ;
message : Array ;

2016-03-31 20:11:05 response :
------------

2016-03-31 20:11:56 trace :
------------
String:
<xml><ToUserName><![CDATA[gh_081ee8610e82]]></ToUserName>
<FromUserName><![CDATA[ohNDtvlBtCuGnGpEOMyuUTlrZ0Gs]]></FromUserName>
<CreateTime>1459426316</CreateTime>
<MsgType><![CDATA[event]]></MsgType>
<Event><![CDATA[VIEW]]></Event>
<EventKey><![CDATA[http://www.9kpu.com/app/index.php?i=4&c=home&]]></EventKey>
<MenuId>402642185</MenuId>
</xml>

2016-03-31 20:11:56 params :
------------
Array:
rule : -2 ;
module :  ;
message : Array ;

2016-03-31 20:11:56 response :
------------

2016-03-31 20:19:14 trace :
------------
String:
<xml><ToUserName><![CDATA[gh_2157a6c86a35]]></ToUserName>
<FromUserName><![CDATA[oEcott1mavQtyliJbzQy24fgZJP0]]></FromUserName>
<CreateTime>1459426754</CreateTime>
<MsgType><![CDATA[event]]></MsgType>
<Event><![CDATA[unsubscribe]]></Event>
<EventKey><![CDATA[]]></EventKey>
</xml>

2016-03-31 20:38:12 trace :
------------
String:
<xml><ToUserName><![CDATA[gh_081ee8610e82]]></ToUserName>
<FromUserName><![CDATA[ohNDtvlBtCuGnGpEOMyuUTlrZ0Gs]]></FromUserName>
<CreateTime>1459427892</CreateTime>
<MsgType><![CDATA[event]]></MsgType>
<Event><![CDATA[VIEW]]></Event>
<EventKey><![CDATA[http://www.9kpu.com/app/index.php?i=4&c=home&]]></EventKey>
<MenuId>402642185</MenuId>
</xml>

2016-03-31 20:38:12 trace :
------------
String:
<xml><ToUserName><![CDATA[gh_081ee8610e82]]></ToUserName>
<FromUserName><![CDATA[ohNDtvlBtCuGnGpEOMyuUTlrZ0Gs]]></FromUserName>
<CreateTime>1459427892</CreateTime>
<MsgType><![CDATA[event]]></MsgType>
<Event><![CDATA[VIEW]]></Event>
<EventKey><![CDATA[http://www.9kpu.com/app/index.php?i=4&c=entry&eid=2]]></EventKey>
<MenuId>402642185</MenuId>
</xml>

2016-03-31 20:38:12 params :
------------
Array:
rule : -2 ;
module :  ;
message : Array ;

2016-03-31 20:38:12 response :
------------

2016-03-31 20:38:12 params :
------------
Array:
rule : -2 ;
module :  ;
message : Array ;

2016-03-31 20:38:12 response :
------------

2016-03-31 20:40:45 trace :
------------
String:
<xml><ToUserName><![CDATA[gh_081ee8610e82]]></ToUserName>
<FromUserName><![CDATA[ohNDtvlBtCuGnGpEOMyuUTlrZ0Gs]]></FromUserName>
<CreateTime>1459428045</CreateTime>
<MsgType><![CDATA[event]]></MsgType>
<Event><![CDATA[VIEW]]></Event>
<EventKey><![CDATA[http://www.9kpu.com/app/index.php?i=4&c=entry&eid=2]]></EventKey>
<MenuId>402642185</MenuId>
</xml>

2016-03-31 20:40:45 params :
------------
Array:
rule : -2 ;
module :  ;
message : Array ;

2016-03-31 20:40:45 response :
------------

2016-03-31 20:42:25 trace :
------------
String:
<xml><ToUserName><![CDATA[gh_081ee8610e82]]></ToUserName>
<FromUserName><![CDATA[ohNDtvlBtCuGnGpEOMyuUTlrZ0Gs]]></FromUserName>
<CreateTime>1459428145</CreateTime>
<MsgType><![CDATA[event]]></MsgType>
<Event><![CDATA[VIEW]]></Event>
<EventKey><![CDATA[http://www.9kpu.com/app/index.php?i=4&c=entry&eid=1]]></EventKey>
<MenuId>402642185</MenuId>
</xml>

2016-03-31 20:42:25 params :
------------
Array:
rule : -2 ;
module :  ;
message : Array ;

2016-03-31 20:42:25 response :
------------

2016-03-31 20:48:15 trace :
------------
String:
<xml><ToUserName><![CDATA[gh_081ee8610e82]]></ToUserName>
<FromUserName><![CDATA[ohNDtvlBtCuGnGpEOMyuUTlrZ0Gs]]></FromUserName>
<CreateTime>1459428495</CreateTime>
<MsgType><![CDATA[event]]></MsgType>
<Event><![CDATA[VIEW]]></Event>
<EventKey><![CDATA[http://www.9kpu.com/app/index.php?i=4&c=home&]]></EventKey>
<MenuId>402642185</MenuId>
</xml>

2016-03-31 20:48:15 params :
------------
Array:
rule : -2 ;
module :  ;
message : Array ;

2016-03-31 20:48:15 response :
------------

2016-03-31 20:48:20 trace :
------------
String:
<xml><ToUserName><![CDATA[gh_081ee8610e82]]></ToUserName>
<FromUserName><![CDATA[ohNDtvlBtCuGnGpEOMyuUTlrZ0Gs]]></FromUserName>
<CreateTime>1459428500</CreateTime>
<MsgType><![CDATA[event]]></MsgType>
<Event><![CDATA[VIEW]]></Event>
<EventKey><![CDATA[http://www.9kpu.com/app/index.php?i=4&c=entry&eid=1]]></EventKey>
<MenuId>402642185</MenuId>
</xml>

2016-03-31 20:48:20 params :
------------
Array:
rule : -2 ;
module :  ;
message : Array ;

2016-03-31 20:48:20 response :
------------

2016-03-31 20:58:41 trace :
------------
String:
<xml><ToUserName><![CDATA[gh_081ee8610e82]]></ToUserName>
<FromUserName><![CDATA[ohNDtvlBtCuGnGpEOMyuUTlrZ0Gs]]></FromUserName>
<CreateTime>1459429121</CreateTime>
<MsgType><![CDATA[event]]></MsgType>
<Event><![CDATA[VIEW]]></Event>
<EventKey><![CDATA[http://www.9kpu.com/app/index.php?i=4&c=entry&eid=2]]></EventKey>
<MenuId>402642185</MenuId>
</xml>

2016-03-31 20:58:41 params :
------------
Array:
rule : -2 ;
module :  ;
message : Array ;

2016-03-31 20:58:41 response :
------------

2016-03-31 21:11:13 trace :
------------
String:
<xml><ToUserName><![CDATA[gh_081ee8610e82]]></ToUserName>
<FromUserName><![CDATA[ohNDtvv8PDFqifacH9rwLYMejnDw]]></FromUserName>
<CreateTime>1459429873</CreateTime>
<MsgType><![CDATA[event]]></MsgType>
<Event><![CDATA[VIEW]]></Event>
<EventKey><![CDATA[http://www.9kpu.com/app/index.php?i=4&c=entry&eid=1]]></EventKey>
<MenuId>402642185</MenuId>
</xml>

2016-03-31 21:11:13 params :
------------
Array:
rule : -2 ;
module :  ;
message : Array ;

2016-03-31 21:11:13 response :
------------

2016-03-31 21:11:42 trace :
------------
String:
<xml><ToUserName><![CDATA[gh_081ee8610e82]]></ToUserName>
<FromUserName><![CDATA[ohNDtvv8PDFqifacH9rwLYMejnDw]]></FromUserName>
<CreateTime>1459429902</CreateTime>
<MsgType><![CDATA[event]]></MsgType>
<Event><![CDATA[VIEW]]></Event>
<EventKey><![CDATA[http://www.9kpu.com/app/index.php?i=4&c=entry&eid=2]]></EventKey>
<MenuId>402642185</MenuId>
</xml>

2016-03-31 21:11:42 params :
------------
Array:
rule : -2 ;
module :  ;
message : Array ;

2016-03-31 21:11:42 response :
------------

2016-03-31 21:19:28 trace :
------------
String:
<xml><ToUserName><![CDATA[gh_081ee8610e82]]></ToUserName>
<FromUserName><![CDATA[ohNDtvodQbJscFvVHtC4xh757R2Y]]></FromUserName>
<CreateTime>1459430368</CreateTime>
<MsgType><![CDATA[event]]></MsgType>
<Event><![CDATA[unsubscribe]]></Event>
<EventKey><![CDATA[]]></EventKey>
</xml>

2016-03-31 21:19:46 trace :
------------
String:
<xml><ToUserName><![CDATA[gh_081ee8610e82]]></ToUserName>
<FromUserName><![CDATA[ohNDtvodQbJscFvVHtC4xh757R2Y]]></FromUserName>
<CreateTime>1459430386</CreateTime>
<MsgType><![CDATA[event]]></MsgType>
<Event><![CDATA[subscribe]]></Event>
<EventKey><![CDATA[]]></EventKey>
</xml>

2016-03-31 21:19:46 params :
------------
Array:
rule : -2 ;
module :  ;
message : Array ;

2016-03-31 21:19:46 response :
------------

2016-03-31 21:19:50 trace :
------------
String:
<xml><ToUserName><![CDATA[gh_081ee8610e82]]></ToUserName>
<FromUserName><![CDATA[ohNDtvodQbJscFvVHtC4xh757R2Y]]></FromUserName>
<CreateTime>1459430390</CreateTime>
<MsgType><![CDATA[event]]></MsgType>
<Event><![CDATA[VIEW]]></Event>
<EventKey><![CDATA[http://www.9kpu.com/app/index.php?i=4&c=entry&eid=1]]></EventKey>
<MenuId>402642185</MenuId>
</xml>

2016-03-31 21:19:50 params :
------------
Array:
rule : -2 ;
module :  ;
message : Array ;

2016-03-31 21:19:50 response :
------------

2016-03-31 22:12:20 trace :
------------
String:
<xml><ToUserName><![CDATA[gh_081ee8610e82]]></ToUserName>
<FromUserName><![CDATA[ohNDtvodQbJscFvVHtC4xh757R2Y]]></FromUserName>
<CreateTime>1459433540</CreateTime>
<MsgType><![CDATA[event]]></MsgType>
<Event><![CDATA[VIEW]]></Event>
<EventKey><![CDATA[http://www.9kpu.com/app/index.php?i=4&c=entry&eid=1]]></EventKey>
<MenuId>402642185</MenuId>
</xml>

2016-03-31 22:12:20 params :
------------
Array:
rule : -2 ;
module :  ;
message : Array ;

2016-03-31 22:12:20 response :
------------

2016-03-31 22:12:36 trace :
------------
String:
<xml><ToUserName><![CDATA[gh_081ee8610e82]]></ToUserName>
<FromUserName><![CDATA[ohNDtvodQbJscFvVHtC4xh757R2Y]]></FromUserName>
<CreateTime>1459433556</CreateTime>
<MsgType><![CDATA[event]]></MsgType>
<Event><![CDATA[VIEW]]></Event>
<EventKey><![CDATA[http://www.9kpu.com/app/index.php?i=4&c=entry&eid=2]]></EventKey>
<MenuId>402642185</MenuId>
</xml>

2016-03-31 22:12:36 params :
------------
Array:
rule : -2 ;
module :  ;
message : Array ;

2016-03-31 22:12:36 response :
------------

2016-03-31 22:12:58 trace :
------------
String:
<xml><ToUserName><![CDATA[gh_081ee8610e82]]></ToUserName>
<FromUserName><![CDATA[ohNDtvodQbJscFvVHtC4xh757R2Y]]></FromUserName>
<CreateTime>1459433578</CreateTime>
<MsgType><![CDATA[event]]></MsgType>
<Event><![CDATA[VIEW]]></Event>
<EventKey><![CDATA[http://www.9kpu.com/app/index.php?i=4&c=entry&eid=2]]></EventKey>
<MenuId>402642185</MenuId>
</xml>

2016-03-31 22:12:58 params :
------------
Array:
rule : -2 ;
module :  ;
message : Array ;

2016-03-31 22:12:58 response :
------------

2016-03-31 22:44:20 trace :
------------
String:
<xml><ToUserName><![CDATA[gh_081ee8610e82]]></ToUserName>
<FromUserName><![CDATA[ohNDtvodQbJscFvVHtC4xh757R2Y]]></FromUserName>
<CreateTime>1459435460</CreateTime>
<MsgType><![CDATA[event]]></MsgType>
<Event><![CDATA[VIEW]]></Event>
<EventKey><![CDATA[http://www.9kpu.com/app/index.php?i=4&c=entry&eid=1]]></EventKey>
<MenuId>402642185</MenuId>
</xml>

2016-03-31 22:44:20 params :
------------
Array:
rule : -2 ;
module :  ;
message : Array ;

2016-03-31 22:44:20 response :
------------

2016-03-31 22:44:59 trace :
------------
String:
<xml><ToUserName><![CDATA[gh_081ee8610e82]]></ToUserName>
<FromUserName><![CDATA[ohNDtvodQbJscFvVHtC4xh757R2Y]]></FromUserName>
<CreateTime>1459435499</CreateTime>
<MsgType><![CDATA[event]]></MsgType>
<Event><![CDATA[VIEW]]></Event>
<EventKey><![CDATA[http://www.9kpu.com/app/index.php?i=4&c=entry&eid=2]]></EventKey>
<MenuId>402642185</MenuId>
</xml>

2016-03-31 22:44:59 params :
------------
Array:
rule : -2 ;
module :  ;
message : Array ;

2016-03-31 22:44:59 response :
------------

2016-03-31 23:29:49 trace :
------------
String:
<xml><ToUserName><![CDATA[gh_081ee8610e82]]></ToUserName>
<FromUserName><![CDATA[ohNDtvjueIkLU7218kMXz93i7DY8]]></FromUserName>
<CreateTime>1459438189</CreateTime>
<MsgType><![CDATA[event]]></MsgType>
<Event><![CDATA[VIEW]]></Event>
<EventKey><![CDATA[http://www.9kpu.com/app/index.php?i=4&c=entry&eid=2]]></EventKey>
<MenuId>402642185</MenuId>
</xml>

2016-03-31 23:29:49 params :
------------
Array:
rule : -2 ;
module :  ;
message : Array ;

2016-03-31 23:29:49 response :
------------

