2016-06-22 09:40:26 trace :
------------
String:
<xml><ToUserName><![CDATA[gh_e7a0c8306261]]></ToUserName>
<FromUserName><![CDATA[oRj-Fs8Kq_u_aD_S-O60rimuOjLQ]]></FromUserName>
<CreateTime>1466559626</CreateTime>
<MsgType><![CDATA[event]]></MsgType>
<Event><![CDATA[VIEW]]></Event>
<EventKey><![CDATA[http://www.9kpu.com/app/index.php?i=13&c=entry&eid=1]]></EventKey>
<MenuId>408429854</MenuId>
</xml>

2016-06-22 09:40:26 params :
------------
Array:
message : Array ;
module : basic ;
rule : 22 ;
priority : 0 ;
keyword : Array ;

2016-06-22 09:40:26 response :
------------
Array:
FromUserName : gh_e7a0c8306261 ;
ToUserName : oRj-Fs8Kq_u_aD_S-O60rimuOjLQ ;
MsgType : text ;
Content : 欢迎关注同城学堂，点击微官网查看本学校介绍信息，家长点击学生天地绑定自己小孩信息使用，老师点击教师信息绑定自己账号使用 ;

2016-06-22 09:40:46 trace :
------------
String:
<xml><ToUserName><![CDATA[gh_e7a0c8306261]]></ToUserName>
<FromUserName><![CDATA[oRj-Fs8Kq_u_aD_S-O60rimuOjLQ]]></FromUserName>
<CreateTime>1466559646</CreateTime>
<MsgType><![CDATA[event]]></MsgType>
<Event><![CDATA[VIEW]]></Event>
<EventKey><![CDATA[http://www.9kpu.com/app/index.php?i=13&c=entry&eid=2]]></EventKey>
<MenuId>408429854</MenuId>
</xml>

2016-06-22 09:40:46 params :
------------
Array:
message : Array ;
module : basic ;
rule : 22 ;
priority : 0 ;
keyword : Array ;

2016-06-22 09:40:46 response :
------------
Array:
FromUserName : gh_e7a0c8306261 ;
ToUserName : oRj-Fs8Kq_u_aD_S-O60rimuOjLQ ;
MsgType : text ;
Content : 欢迎关注同城学堂，点击微官网查看本学校介绍信息，家长点击学生天地绑定自己小孩信息使用，老师点击教师信息绑定自己账号使用 ;

2016-06-22 10:04:52 trace :
------------
String:
<xml><ToUserName><![CDATA[gh_e7a0c8306261]]></ToUserName>
<FromUserName><![CDATA[oRj-Fs8Kq_u_aD_S-O60rimuOjLQ]]></FromUserName>
<CreateTime>1466561092</CreateTime>
<MsgType><![CDATA[event]]></MsgType>
<Event><![CDATA[VIEW]]></Event>
<EventKey><![CDATA[http://www.9kpu.com/app/index.php?i=13&c=entry&eid=1]]></EventKey>
<MenuId>408429854</MenuId>
</xml>

2016-06-22 10:04:52 params :
------------
Array:
message : Array ;
module : basic ;
rule : 22 ;
priority : 0 ;
keyword : Array ;

2016-06-22 10:04:52 response :
------------
Array:
FromUserName : gh_e7a0c8306261 ;
ToUserName : oRj-Fs8Kq_u_aD_S-O60rimuOjLQ ;
MsgType : text ;
Content : 欢迎关注同城学堂，点击微官网查看本学校介绍信息，家长点击学生天地绑定自己小孩信息使用，老师点击教师信息绑定自己账号使用 ;

2016-06-22 10:07:59 trace :
------------
String:
<xml><ToUserName><![CDATA[gh_e7a0c8306261]]></ToUserName>
<FromUserName><![CDATA[oRj-Fs8Kq_u_aD_S-O60rimuOjLQ]]></FromUserName>
<CreateTime>1466561279</CreateTime>
<MsgType><![CDATA[event]]></MsgType>
<Event><![CDATA[VIEW]]></Event>
<EventKey><![CDATA[http://www.9kpu.com/app/index.php?i=13&c=entry&eid=1]]></EventKey>
<MenuId>408429854</MenuId>
</xml>

2016-06-22 10:07:59 params :
------------
Array:
message : Array ;
module : basic ;
rule : 22 ;
priority : 0 ;
keyword : Array ;

2016-06-22 10:07:59 response :
------------
Array:
FromUserName : gh_e7a0c8306261 ;
ToUserName : oRj-Fs8Kq_u_aD_S-O60rimuOjLQ ;
MsgType : text ;
Content : 欢迎关注同城学堂，点击微官网查看本学校介绍信息，家长点击学生天地绑定自己小孩信息使用，老师点击教师信息绑定自己账号使用 ;

2016-06-22 10:33:56 trace :
------------
String:
<xml><ToUserName><![CDATA[gh_e7a0c8306261]]></ToUserName>
<FromUserName><![CDATA[oRj-Fs6PvZNsiYua6-hos8B-ZUEM]]></FromUserName>
<CreateTime>1466562836</CreateTime>
<MsgType><![CDATA[event]]></MsgType>
<Event><![CDATA[VIEW]]></Event>
<EventKey><![CDATA[http://www.9kpu.com/app/index.php?i=13&c=home&]]></EventKey>
<MenuId>408429854</MenuId>
</xml>

2016-06-22 10:33:56 params :
------------
Array:
message : Array ;
module : basic ;
rule : 22 ;
priority : 0 ;
keyword : Array ;

2016-06-22 10:33:56 response :
------------
Array:
FromUserName : gh_e7a0c8306261 ;
ToUserName : oRj-Fs6PvZNsiYua6-hos8B-ZUEM ;
MsgType : text ;
Content : 欢迎关注同城学堂，点击微官网查看本学校介绍信息，家长点击学生天地绑定自己小孩信息使用，老师点击教师信息绑定自己账号使用 ;

2016-06-22 10:34:03 trace :
------------
String:
<xml><ToUserName><![CDATA[gh_e7a0c8306261]]></ToUserName>
<FromUserName><![CDATA[oRj-Fs6PvZNsiYua6-hos8B-ZUEM]]></FromUserName>
<CreateTime>1466562843</CreateTime>
<MsgType><![CDATA[event]]></MsgType>
<Event><![CDATA[VIEW]]></Event>
<EventKey><![CDATA[http://www.9kpu.com/app/index.php?i=13&c=home&]]></EventKey>
<MenuId>408429854</MenuId>
</xml>

2016-06-22 10:34:03 params :
------------
Array:
message : Array ;
module : basic ;
rule : 22 ;
priority : 0 ;
keyword : Array ;

2016-06-22 10:34:03 response :
------------
Array:
FromUserName : gh_e7a0c8306261 ;
ToUserName : oRj-Fs6PvZNsiYua6-hos8B-ZUEM ;
MsgType : text ;
Content : 欢迎关注同城学堂，点击微官网查看本学校介绍信息，家长点击学生天地绑定自己小孩信息使用，老师点击教师信息绑定自己账号使用 ;

2016-06-22 10:36:33 trace :
------------
String:
<xml><ToUserName><![CDATA[gh_e7a0c8306261]]></ToUserName>
<FromUserName><![CDATA[oRj-Fs5QjtciVl9kBRfKQQiKibmI]]></FromUserName>
<CreateTime>1466562993</CreateTime>
<MsgType><![CDATA[event]]></MsgType>
<Event><![CDATA[VIEW]]></Event>
<EventKey><![CDATA[http://www.9kpu.com/app/index.php?i=13&c=home&]]></EventKey>
<MenuId>408429854</MenuId>
</xml>

2016-06-22 10:36:33 params :
------------
Array:
message : Array ;
module : basic ;
rule : 22 ;
priority : 0 ;
keyword : Array ;

2016-06-22 10:36:33 response :
------------
Array:
FromUserName : gh_e7a0c8306261 ;
ToUserName : oRj-Fs5QjtciVl9kBRfKQQiKibmI ;
MsgType : text ;
Content : 欢迎关注同城学堂，点击微官网查看本学校介绍信息，家长点击学生天地绑定自己小孩信息使用，老师点击教师信息绑定自己账号使用 ;

2016-06-22 10:36:56 trace :
------------
String:
<xml><ToUserName><![CDATA[gh_e7a0c8306261]]></ToUserName>
<FromUserName><![CDATA[oRj-Fs5QjtciVl9kBRfKQQiKibmI]]></FromUserName>
<CreateTime>1466563016</CreateTime>
<MsgType><![CDATA[event]]></MsgType>
<Event><![CDATA[VIEW]]></Event>
<EventKey><![CDATA[http://www.9kpu.com/app/index.php?i=13&c=home&]]></EventKey>
<MenuId>408429854</MenuId>
</xml>

2016-06-22 10:36:56 params :
------------
Array:
message : Array ;
module : basic ;
rule : 22 ;
priority : 0 ;
keyword : Array ;

2016-06-22 10:36:56 response :
------------
Array:
FromUserName : gh_e7a0c8306261 ;
ToUserName : oRj-Fs5QjtciVl9kBRfKQQiKibmI ;
MsgType : text ;
Content : 欢迎关注同城学堂，点击微官网查看本学校介绍信息，家长点击学生天地绑定自己小孩信息使用，老师点击教师信息绑定自己账号使用 ;

2016-06-22 10:37:07 trace :
------------
String:
<xml><ToUserName><![CDATA[gh_e7a0c8306261]]></ToUserName>
<FromUserName><![CDATA[oRj-Fs5QjtciVl9kBRfKQQiKibmI]]></FromUserName>
<CreateTime>1466563027</CreateTime>
<MsgType><![CDATA[event]]></MsgType>
<Event><![CDATA[VIEW]]></Event>
<EventKey><![CDATA[http://www.9kpu.com/app/index.php?i=13&c=entry&eid=1]]></EventKey>
<MenuId>408429854</MenuId>
</xml>

2016-06-22 10:37:07 params :
------------
Array:
message : Array ;
module : basic ;
rule : 22 ;
priority : 0 ;
keyword : Array ;

2016-06-22 10:37:07 response :
------------
Array:
FromUserName : gh_e7a0c8306261 ;
ToUserName : oRj-Fs5QjtciVl9kBRfKQQiKibmI ;
MsgType : text ;
Content : 欢迎关注同城学堂，点击微官网查看本学校介绍信息，家长点击学生天地绑定自己小孩信息使用，老师点击教师信息绑定自己账号使用 ;

2016-06-22 10:38:02 trace :
------------
String:
<xml><ToUserName><![CDATA[gh_e7a0c8306261]]></ToUserName>
<FromUserName><![CDATA[oRj-Fs0-58f1Xolgz7rNR5ZNmCik]]></FromUserName>
<CreateTime>1466563082</CreateTime>
<MsgType><![CDATA[event]]></MsgType>
<Event><![CDATA[VIEW]]></Event>
<EventKey><![CDATA[http://www.9kpu.com/app/index.php?i=13&c=home&]]></EventKey>
<MenuId>408429854</MenuId>
</xml>

2016-06-22 10:38:02 params :
------------
Array:
message : Array ;
module : basic ;
rule : 22 ;
priority : 0 ;
keyword : Array ;

2016-06-22 10:38:02 response :
------------
Array:
FromUserName : gh_e7a0c8306261 ;
ToUserName : oRj-Fs0-58f1Xolgz7rNR5ZNmCik ;
MsgType : text ;
Content : 欢迎关注同城学堂，点击微官网查看本学校介绍信息，家长点击学生天地绑定自己小孩信息使用，老师点击教师信息绑定自己账号使用 ;

2016-06-22 10:38:32 trace :
------------
String:
<xml><ToUserName><![CDATA[gh_e7a0c8306261]]></ToUserName>
<FromUserName><![CDATA[oRj-Fs0-58f1Xolgz7rNR5ZNmCik]]></FromUserName>
<CreateTime>1466563112</CreateTime>
<MsgType><![CDATA[event]]></MsgType>
<Event><![CDATA[VIEW]]></Event>
<EventKey><![CDATA[http://www.9kpu.com/app/index.php?i=13&c=entry&eid=1]]></EventKey>
<MenuId>408429854</MenuId>
</xml>

2016-06-22 10:38:32 params :
------------
Array:
message : Array ;
module : basic ;
rule : 22 ;
priority : 0 ;
keyword : Array ;

2016-06-22 10:38:32 response :
------------
Array:
FromUserName : gh_e7a0c8306261 ;
ToUserName : oRj-Fs0-58f1Xolgz7rNR5ZNmCik ;
MsgType : text ;
Content : 欢迎关注同城学堂，点击微官网查看本学校介绍信息，家长点击学生天地绑定自己小孩信息使用，老师点击教师信息绑定自己账号使用 ;

2016-06-22 10:38:49 trace :
------------
String:
<xml><ToUserName><![CDATA[gh_e7a0c8306261]]></ToUserName>
<FromUserName><![CDATA[oRj-Fs0-58f1Xolgz7rNR5ZNmCik]]></FromUserName>
<CreateTime>1466563129</CreateTime>
<MsgType><![CDATA[event]]></MsgType>
<Event><![CDATA[VIEW]]></Event>
<EventKey><![CDATA[http://www.9kpu.com/app/index.php?i=13&c=entry&eid=2]]></EventKey>
<MenuId>408429854</MenuId>
</xml>

2016-06-22 10:38:49 params :
------------
Array:
message : Array ;
module : basic ;
rule : 22 ;
priority : 0 ;
keyword : Array ;

2016-06-22 10:38:49 response :
------------
Array:
FromUserName : gh_e7a0c8306261 ;
ToUserName : oRj-Fs0-58f1Xolgz7rNR5ZNmCik ;
MsgType : text ;
Content : 欢迎关注同城学堂，点击微官网查看本学校介绍信息，家长点击学生天地绑定自己小孩信息使用，老师点击教师信息绑定自己账号使用 ;

2016-06-22 10:39:22 trace :
------------
String:
<xml><ToUserName><![CDATA[gh_e7a0c8306261]]></ToUserName>
<FromUserName><![CDATA[oRj-Fs0-58f1Xolgz7rNR5ZNmCik]]></FromUserName>
<CreateTime>1466563162</CreateTime>
<MsgType><![CDATA[event]]></MsgType>
<Event><![CDATA[VIEW]]></Event>
<EventKey><![CDATA[http://www.9kpu.com/app/index.php?i=13&c=home&]]></EventKey>
<MenuId>408429854</MenuId>
</xml>

2016-06-22 10:39:22 params :
------------
Array:
message : Array ;
module : basic ;
rule : 22 ;
priority : 0 ;
keyword : Array ;

2016-06-22 10:39:22 response :
------------
Array:
FromUserName : gh_e7a0c8306261 ;
ToUserName : oRj-Fs0-58f1Xolgz7rNR5ZNmCik ;
MsgType : text ;
Content : 欢迎关注同城学堂，点击微官网查看本学校介绍信息，家长点击学生天地绑定自己小孩信息使用，老师点击教师信息绑定自己账号使用 ;

2016-06-22 10:41:27 trace :
------------
String:
<xml><ToUserName><![CDATA[gh_e7a0c8306261]]></ToUserName>
<FromUserName><![CDATA[oRj-Fs0-58f1Xolgz7rNR5ZNmCik]]></FromUserName>
<CreateTime>1466563287</CreateTime>
<MsgType><![CDATA[event]]></MsgType>
<Event><![CDATA[VIEW]]></Event>
<EventKey><![CDATA[http://www.9kpu.com/app/index.php?i=13&c=home&]]></EventKey>
<MenuId>408429854</MenuId>
</xml>

2016-06-22 10:41:27 params :
------------
Array:
message : Array ;
module : basic ;
rule : 22 ;
priority : 0 ;
keyword : Array ;

2016-06-22 10:41:27 response :
------------
Array:
FromUserName : gh_e7a0c8306261 ;
ToUserName : oRj-Fs0-58f1Xolgz7rNR5ZNmCik ;
MsgType : text ;
Content : 欢迎关注同城学堂，点击微官网查看本学校介绍信息，家长点击学生天地绑定自己小孩信息使用，老师点击教师信息绑定自己账号使用 ;

2016-06-22 10:46:52 trace :
------------
String:
<xml><ToUserName><![CDATA[gh_e7a0c8306261]]></ToUserName>
<FromUserName><![CDATA[oRj-Fs0-58f1Xolgz7rNR5ZNmCik]]></FromUserName>
<CreateTime>1466563612</CreateTime>
<MsgType><![CDATA[event]]></MsgType>
<Event><![CDATA[VIEW]]></Event>
<EventKey><![CDATA[http://www.9kpu.com/app/index.php?i=13&c=home&]]></EventKey>
<MenuId>408429854</MenuId>
</xml>

2016-06-22 10:46:52 params :
------------
Array:
message : Array ;
module : basic ;
rule : 22 ;
priority : 0 ;
keyword : Array ;

2016-06-22 10:46:52 response :
------------
Array:
FromUserName : gh_e7a0c8306261 ;
ToUserName : oRj-Fs0-58f1Xolgz7rNR5ZNmCik ;
MsgType : text ;
Content : 欢迎关注同城学堂，点击微官网查看本学校介绍信息，家长点击学生天地绑定自己小孩信息使用，老师点击教师信息绑定自己账号使用 ;

2016-06-22 10:47:05 trace :
------------
String:
<xml><ToUserName><![CDATA[gh_e7a0c8306261]]></ToUserName>
<FromUserName><![CDATA[oRj-Fs0-58f1Xolgz7rNR5ZNmCik]]></FromUserName>
<CreateTime>1466563625</CreateTime>
<MsgType><![CDATA[event]]></MsgType>
<Event><![CDATA[VIEW]]></Event>
<EventKey><![CDATA[http://www.9kpu.com/app/index.php?i=13&c=home&]]></EventKey>
<MenuId>408429854</MenuId>
</xml>

2016-06-22 10:47:05 params :
------------
Array:
message : Array ;
module : basic ;
rule : 22 ;
priority : 0 ;
keyword : Array ;

2016-06-22 10:47:05 response :
------------
Array:
FromUserName : gh_e7a0c8306261 ;
ToUserName : oRj-Fs0-58f1Xolgz7rNR5ZNmCik ;
MsgType : text ;
Content : 欢迎关注同城学堂，点击微官网查看本学校介绍信息，家长点击学生天地绑定自己小孩信息使用，老师点击教师信息绑定自己账号使用 ;

2016-06-22 10:47:47 trace :
------------
String:
<xml><ToUserName><![CDATA[gh_e7a0c8306261]]></ToUserName>
<FromUserName><![CDATA[oRj-Fs0-58f1Xolgz7rNR5ZNmCik]]></FromUserName>
<CreateTime>1466563667</CreateTime>
<MsgType><![CDATA[event]]></MsgType>
<Event><![CDATA[VIEW]]></Event>
<EventKey><![CDATA[http://www.9kpu.com/app/index.php?i=13&c=home&]]></EventKey>
<MenuId>408429854</MenuId>
</xml>

2016-06-22 10:47:47 params :
------------
Array:
message : Array ;
module : basic ;
rule : 22 ;
priority : 0 ;
keyword : Array ;

2016-06-22 10:47:47 response :
------------
Array:
FromUserName : gh_e7a0c8306261 ;
ToUserName : oRj-Fs0-58f1Xolgz7rNR5ZNmCik ;
MsgType : text ;
Content : 欢迎关注同城学堂，点击微官网查看本学校介绍信息，家长点击学生天地绑定自己小孩信息使用，老师点击教师信息绑定自己账号使用 ;

2016-06-22 10:47:52 trace :
------------
String:
<xml><ToUserName><![CDATA[gh_e7a0c8306261]]></ToUserName>
<FromUserName><![CDATA[oRj-Fs0-58f1Xolgz7rNR5ZNmCik]]></FromUserName>
<CreateTime>1466563672</CreateTime>
<MsgType><![CDATA[event]]></MsgType>
<Event><![CDATA[VIEW]]></Event>
<EventKey><![CDATA[http://www.9kpu.com/app/index.php?i=13&c=entry&eid=1]]></EventKey>
<MenuId>408429854</MenuId>
</xml>

2016-06-22 10:47:52 params :
------------
Array:
message : Array ;
module : basic ;
rule : 22 ;
priority : 0 ;
keyword : Array ;

2016-06-22 10:47:52 response :
------------
Array:
FromUserName : gh_e7a0c8306261 ;
ToUserName : oRj-Fs0-58f1Xolgz7rNR5ZNmCik ;
MsgType : text ;
Content : 欢迎关注同城学堂，点击微官网查看本学校介绍信息，家长点击学生天地绑定自己小孩信息使用，老师点击教师信息绑定自己账号使用 ;

2016-06-22 10:48:49 trace :
------------
String:
<xml><ToUserName><![CDATA[gh_e7a0c8306261]]></ToUserName>
<FromUserName><![CDATA[oRj-Fs0-58f1Xolgz7rNR5ZNmCik]]></FromUserName>
<CreateTime>1466563729</CreateTime>
<MsgType><![CDATA[event]]></MsgType>
<Event><![CDATA[VIEW]]></Event>
<EventKey><![CDATA[http://www.9kpu.com/app/index.php?i=13&c=home&]]></EventKey>
<MenuId>408429854</MenuId>
</xml>

2016-06-22 10:48:49 params :
------------
Array:
message : Array ;
module : basic ;
rule : 22 ;
priority : 0 ;
keyword : Array ;

2016-06-22 10:48:49 response :
------------
Array:
FromUserName : gh_e7a0c8306261 ;
ToUserName : oRj-Fs0-58f1Xolgz7rNR5ZNmCik ;
MsgType : text ;
Content : 欢迎关注同城学堂，点击微官网查看本学校介绍信息，家长点击学生天地绑定自己小孩信息使用，老师点击教师信息绑定自己账号使用 ;

2016-06-22 10:49:31 trace :
------------
String:
<xml><ToUserName><![CDATA[gh_e7a0c8306261]]></ToUserName>
<FromUserName><![CDATA[oRj-Fs0-58f1Xolgz7rNR5ZNmCik]]></FromUserName>
<CreateTime>1466563771</CreateTime>
<MsgType><![CDATA[event]]></MsgType>
<Event><![CDATA[VIEW]]></Event>
<EventKey><![CDATA[http://www.9kpu.com/app/index.php?i=13&c=home&]]></EventKey>
<MenuId>408429854</MenuId>
</xml>

2016-06-22 10:49:31 params :
------------
Array:
message : Array ;
module : basic ;
rule : 22 ;
priority : 0 ;
keyword : Array ;

2016-06-22 10:49:31 response :
------------
Array:
FromUserName : gh_e7a0c8306261 ;
ToUserName : oRj-Fs0-58f1Xolgz7rNR5ZNmCik ;
MsgType : text ;
Content : 欢迎关注同城学堂，点击微官网查看本学校介绍信息，家长点击学生天地绑定自己小孩信息使用，老师点击教师信息绑定自己账号使用 ;

2016-06-22 10:49:58 trace :
------------
String:
<xml><ToUserName><![CDATA[gh_e7a0c8306261]]></ToUserName>
<FromUserName><![CDATA[oRj-Fs5QjtciVl9kBRfKQQiKibmI]]></FromUserName>
<CreateTime>1466563798</CreateTime>
<MsgType><![CDATA[event]]></MsgType>
<Event><![CDATA[VIEW]]></Event>
<EventKey><![CDATA[http://www.9kpu.com/app/index.php?i=13&c=home&]]></EventKey>
<MenuId>408429854</MenuId>
</xml>

2016-06-22 10:49:58 params :
------------
Array:
message : Array ;
module : basic ;
rule : 22 ;
priority : 0 ;
keyword : Array ;

2016-06-22 10:49:58 response :
------------
Array:
FromUserName : gh_e7a0c8306261 ;
ToUserName : oRj-Fs5QjtciVl9kBRfKQQiKibmI ;
MsgType : text ;
Content : 欢迎关注同城学堂，点击微官网查看本学校介绍信息，家长点击学生天地绑定自己小孩信息使用，老师点击教师信息绑定自己账号使用 ;

2016-06-22 10:50:10 trace :
------------
String:
<xml><ToUserName><![CDATA[gh_e7a0c8306261]]></ToUserName>
<FromUserName><![CDATA[oRj-Fs5QjtciVl9kBRfKQQiKibmI]]></FromUserName>
<CreateTime>1466563810</CreateTime>
<MsgType><![CDATA[event]]></MsgType>
<Event><![CDATA[VIEW]]></Event>
<EventKey><![CDATA[http://www.9kpu.com/app/index.php?i=13&c=entry&eid=1]]></EventKey>
<MenuId>408429854</MenuId>
</xml>

2016-06-22 10:50:10 params :
------------
Array:
message : Array ;
module : basic ;
rule : 22 ;
priority : 0 ;
keyword : Array ;

2016-06-22 10:50:10 response :
------------
Array:
FromUserName : gh_e7a0c8306261 ;
ToUserName : oRj-Fs5QjtciVl9kBRfKQQiKibmI ;
MsgType : text ;
Content : 欢迎关注同城学堂，点击微官网查看本学校介绍信息，家长点击学生天地绑定自己小孩信息使用，老师点击教师信息绑定自己账号使用 ;

2016-06-22 11:03:36 trace :
------------
String:
<xml><ToUserName><![CDATA[gh_e7a0c8306261]]></ToUserName>
<FromUserName><![CDATA[oRj-Fs5QjtciVl9kBRfKQQiKibmI]]></FromUserName>
<CreateTime>1466564616</CreateTime>
<MsgType><![CDATA[event]]></MsgType>
<Event><![CDATA[VIEW]]></Event>
<EventKey><![CDATA[http://www.9kpu.com/app/index.php?i=13&c=entry&eid=1]]></EventKey>
<MenuId>408429854</MenuId>
</xml>

2016-06-22 11:03:36 params :
------------
Array:
message : Array ;
module : basic ;
rule : 22 ;
priority : 0 ;
keyword : Array ;

2016-06-22 11:03:36 response :
------------
Array:
FromUserName : gh_e7a0c8306261 ;
ToUserName : oRj-Fs5QjtciVl9kBRfKQQiKibmI ;
MsgType : text ;
Content : 欢迎关注同城学堂，点击微官网查看本学校介绍信息，家长点击学生天地绑定自己小孩信息使用，老师点击教师信息绑定自己账号使用 ;

2016-06-22 11:11:33 trace :
------------
String:
<xml><ToUserName><![CDATA[gh_e7a0c8306261]]></ToUserName>
<FromUserName><![CDATA[oRj-Fs0-58f1Xolgz7rNR5ZNmCik]]></FromUserName>
<CreateTime>1466565093</CreateTime>
<MsgType><![CDATA[event]]></MsgType>
<Event><![CDATA[VIEW]]></Event>
<EventKey><![CDATA[http://www.9kpu.com/app/index.php?i=13&c=home&]]></EventKey>
<MenuId>408429854</MenuId>
</xml>

2016-06-22 11:11:33 params :
------------
Array:
message : Array ;
module : basic ;
rule : 22 ;
priority : 0 ;
keyword : Array ;

2016-06-22 11:11:33 response :
------------
Array:
FromUserName : gh_e7a0c8306261 ;
ToUserName : oRj-Fs0-58f1Xolgz7rNR5ZNmCik ;
MsgType : text ;
Content : 欢迎关注同城学堂，点击微官网查看本学校介绍信息，家长点击学生天地绑定自己小孩信息使用，老师点击教师信息绑定自己账号使用 ;

2016-06-22 11:14:07 trace :
------------
String:
<xml><ToUserName><![CDATA[gh_e7a0c8306261]]></ToUserName>
<FromUserName><![CDATA[oRj-Fs0-58f1Xolgz7rNR5ZNmCik]]></FromUserName>
<CreateTime>1466565247</CreateTime>
<MsgType><![CDATA[event]]></MsgType>
<Event><![CDATA[VIEW]]></Event>
<EventKey><![CDATA[http://www.9kpu.com/app/index.php?i=13&c=home&]]></EventKey>
<MenuId>408429854</MenuId>
</xml>

2016-06-22 11:14:07 params :
------------
Array:
message : Array ;
module : basic ;
rule : 22 ;
priority : 0 ;
keyword : Array ;

2016-06-22 11:14:07 response :
------------
Array:
FromUserName : gh_e7a0c8306261 ;
ToUserName : oRj-Fs0-58f1Xolgz7rNR5ZNmCik ;
MsgType : text ;
Content : 欢迎关注同城学堂，点击微官网查看本学校介绍信息，家长点击学生天地绑定自己小孩信息使用，老师点击教师信息绑定自己账号使用 ;

2016-06-22 11:42:06 trace :
------------
String:
<xml><ToUserName><![CDATA[gh_e7a0c8306261]]></ToUserName>
<FromUserName><![CDATA[oRj-Fs8Kq_u_aD_S-O60rimuOjLQ]]></FromUserName>
<CreateTime>1466566926</CreateTime>
<MsgType><![CDATA[event]]></MsgType>
<Event><![CDATA[VIEW]]></Event>
<EventKey><![CDATA[http://www.9kpu.com/app/index.php?i=13&c=entry&eid=1]]></EventKey>
<MenuId>408429854</MenuId>
</xml>

2016-06-22 11:42:06 params :
------------
Array:
message : Array ;
module : basic ;
rule : 22 ;
priority : 0 ;
keyword : Array ;

2016-06-22 11:42:06 response :
------------
Array:
FromUserName : gh_e7a0c8306261 ;
ToUserName : oRj-Fs8Kq_u_aD_S-O60rimuOjLQ ;
MsgType : text ;
Content : 欢迎关注同城学堂，点击微官网查看本学校介绍信息，家长点击学生天地绑定自己小孩信息使用，老师点击教师信息绑定自己账号使用 ;

2016-06-22 12:32:55 trace :
------------
String:
<xml><ToUserName><![CDATA[gh_e7a0c8306261]]></ToUserName>
<FromUserName><![CDATA[oRj-Fs8Kq_u_aD_S-O60rimuOjLQ]]></FromUserName>
<CreateTime>1466569975</CreateTime>
<MsgType><![CDATA[event]]></MsgType>
<Event><![CDATA[VIEW]]></Event>
<EventKey><![CDATA[http://www.9kpu.com/app/index.php?i=13&c=entry&eid=2]]></EventKey>
<MenuId>408429854</MenuId>
</xml>

2016-06-22 12:32:55 params :
------------
Array:
message : Array ;
module : basic ;
rule : 22 ;
priority : 0 ;
keyword : Array ;

2016-06-22 12:32:55 response :
------------
Array:
FromUserName : gh_e7a0c8306261 ;
ToUserName : oRj-Fs8Kq_u_aD_S-O60rimuOjLQ ;
MsgType : text ;
Content : 欢迎关注同城学堂，点击微官网查看本学校介绍信息，家长点击学生天地绑定自己小孩信息使用，老师点击教师信息绑定自己账号使用 ;

2016-06-22 13:45:50 trace :
------------
String:
<xml><ToUserName><![CDATA[gh_e7a0c8306261]]></ToUserName>
<FromUserName><![CDATA[oRj-Fs5QjtciVl9kBRfKQQiKibmI]]></FromUserName>
<CreateTime>1466574350</CreateTime>
<MsgType><![CDATA[event]]></MsgType>
<Event><![CDATA[VIEW]]></Event>
<EventKey><![CDATA[http://www.9kpu.com/app/index.php?i=13&c=home&]]></EventKey>
<MenuId>408429854</MenuId>
</xml>

2016-06-22 13:45:50 params :
------------
Array:
message : Array ;
module : basic ;
rule : 22 ;
priority : 0 ;
keyword : Array ;

2016-06-22 13:45:50 response :
------------
Array:
FromUserName : gh_e7a0c8306261 ;
ToUserName : oRj-Fs5QjtciVl9kBRfKQQiKibmI ;
MsgType : text ;
Content : 欢迎关注同城学堂，点击微官网查看本学校介绍信息，家长点击学生天地绑定自己小孩信息使用，老师点击教师信息绑定自己账号使用 ;

2016-06-22 13:47:19 trace :
------------
String:
<xml><ToUserName><![CDATA[gh_e7a0c8306261]]></ToUserName>
<FromUserName><![CDATA[oRj-Fs5QjtciVl9kBRfKQQiKibmI]]></FromUserName>
<CreateTime>1466574439</CreateTime>
<MsgType><![CDATA[event]]></MsgType>
<Event><![CDATA[VIEW]]></Event>
<EventKey><![CDATA[http://www.9kpu.com/app/index.php?i=13&c=entry&eid=1]]></EventKey>
<MenuId>408429854</MenuId>
</xml>

2016-06-22 13:47:19 params :
------------
Array:
message : Array ;
module : basic ;
rule : 22 ;
priority : 0 ;
keyword : Array ;

2016-06-22 13:47:19 response :
------------
Array:
FromUserName : gh_e7a0c8306261 ;
ToUserName : oRj-Fs5QjtciVl9kBRfKQQiKibmI ;
MsgType : text ;
Content : 欢迎关注同城学堂，点击微官网查看本学校介绍信息，家长点击学生天地绑定自己小孩信息使用，老师点击教师信息绑定自己账号使用 ;

2016-06-22 13:56:01 trace :
------------
String:
<xml><ToUserName><![CDATA[gh_e7a0c8306261]]></ToUserName>
<FromUserName><![CDATA[oRj-Fs5QjtciVl9kBRfKQQiKibmI]]></FromUserName>
<CreateTime>1466574961</CreateTime>
<MsgType><![CDATA[event]]></MsgType>
<Event><![CDATA[VIEW]]></Event>
<EventKey><![CDATA[http://www.9kpu.com/app/index.php?i=13&c=home&]]></EventKey>
<MenuId>408429854</MenuId>
</xml>

2016-06-22 13:56:01 params :
------------
Array:
message : Array ;
module : basic ;
rule : 22 ;
priority : 0 ;
keyword : Array ;

2016-06-22 13:56:01 response :
------------
Array:
FromUserName : gh_e7a0c8306261 ;
ToUserName : oRj-Fs5QjtciVl9kBRfKQQiKibmI ;
MsgType : text ;
Content : 欢迎关注同城学堂，点击微官网查看本学校介绍信息，家长点击学生天地绑定自己小孩信息使用，老师点击教师信息绑定自己账号使用 ;

2016-06-22 13:56:08 trace :
------------
String:
<xml><ToUserName><![CDATA[gh_e7a0c8306261]]></ToUserName>
<FromUserName><![CDATA[oRj-Fs5QjtciVl9kBRfKQQiKibmI]]></FromUserName>
<CreateTime>1466574968</CreateTime>
<MsgType><![CDATA[event]]></MsgType>
<Event><![CDATA[VIEW]]></Event>
<EventKey><![CDATA[http://www.9kpu.com/app/index.php?i=13&c=entry&eid=2]]></EventKey>
<MenuId>408429854</MenuId>
</xml>

2016-06-22 13:56:08 params :
------------
Array:
message : Array ;
module : basic ;
rule : 22 ;
priority : 0 ;
keyword : Array ;

2016-06-22 13:56:08 response :
------------
Array:
FromUserName : gh_e7a0c8306261 ;
ToUserName : oRj-Fs5QjtciVl9kBRfKQQiKibmI ;
MsgType : text ;
Content : 欢迎关注同城学堂，点击微官网查看本学校介绍信息，家长点击学生天地绑定自己小孩信息使用，老师点击教师信息绑定自己账号使用 ;

2016-06-22 13:58:12 trace :
------------
String:
<xml><ToUserName><![CDATA[gh_e7a0c8306261]]></ToUserName>
<FromUserName><![CDATA[oRj-Fs5QjtciVl9kBRfKQQiKibmI]]></FromUserName>
<CreateTime>1466575092</CreateTime>
<MsgType><![CDATA[event]]></MsgType>
<Event><![CDATA[VIEW]]></Event>
<EventKey><![CDATA[http://www.9kpu.com/app/index.php?i=13&c=entry&eid=1]]></EventKey>
<MenuId>408429854</MenuId>
</xml>

2016-06-22 13:58:12 params :
------------
Array:
message : Array ;
module : basic ;
rule : 22 ;
priority : 0 ;
keyword : Array ;

2016-06-22 13:58:12 response :
------------
Array:
FromUserName : gh_e7a0c8306261 ;
ToUserName : oRj-Fs5QjtciVl9kBRfKQQiKibmI ;
MsgType : text ;
Content : 欢迎关注同城学堂，点击微官网查看本学校介绍信息，家长点击学生天地绑定自己小孩信息使用，老师点击教师信息绑定自己账号使用 ;

2016-06-22 14:01:59 trace :
------------
String:
<xml><ToUserName><![CDATA[gh_e7a0c8306261]]></ToUserName>
<FromUserName><![CDATA[oRj-Fs5QjtciVl9kBRfKQQiKibmI]]></FromUserName>
<CreateTime>1466575319</CreateTime>
<MsgType><![CDATA[event]]></MsgType>
<Event><![CDATA[VIEW]]></Event>
<EventKey><![CDATA[http://www.9kpu.com/app/index.php?i=13&c=entry&eid=1]]></EventKey>
<MenuId>408429854</MenuId>
</xml>

2016-06-22 14:01:59 params :
------------
Array:
message : Array ;
module : basic ;
rule : 22 ;
priority : 0 ;
keyword : Array ;

2016-06-22 14:01:59 response :
------------
Array:
FromUserName : gh_e7a0c8306261 ;
ToUserName : oRj-Fs5QjtciVl9kBRfKQQiKibmI ;
MsgType : text ;
Content : 欢迎关注同城学堂，点击微官网查看本学校介绍信息，家长点击学生天地绑定自己小孩信息使用，老师点击教师信息绑定自己账号使用 ;

2016-06-22 14:52:19 trace :
------------
String:
<xml><ToUserName><![CDATA[gh_e7a0c8306261]]></ToUserName>
<FromUserName><![CDATA[oRj-Fs0-58f1Xolgz7rNR5ZNmCik]]></FromUserName>
<CreateTime>1466578339</CreateTime>
<MsgType><![CDATA[event]]></MsgType>
<Event><![CDATA[VIEW]]></Event>
<EventKey><![CDATA[http://www.9kpu.com/app/index.php?i=13&c=home&]]></EventKey>
<MenuId>408429854</MenuId>
</xml>

2016-06-22 14:52:19 params :
------------
Array:
message : Array ;
module : basic ;
rule : 22 ;
priority : 0 ;
keyword : Array ;

2016-06-22 14:52:19 response :
------------
Array:
FromUserName : gh_e7a0c8306261 ;
ToUserName : oRj-Fs0-58f1Xolgz7rNR5ZNmCik ;
MsgType : text ;
Content : 欢迎关注同城学堂，点击微官网查看本学校介绍信息，家长点击学生天地绑定自己小孩信息使用，老师点击教师信息绑定自己账号使用 ;

2016-06-22 14:53:36 trace :
------------
String:
<xml><ToUserName><![CDATA[gh_e7a0c8306261]]></ToUserName>
<FromUserName><![CDATA[oRj-Fs2Og5hcQesN3spLbWYLW2MQ]]></FromUserName>
<CreateTime>1466578416</CreateTime>
<MsgType><![CDATA[event]]></MsgType>
<Event><![CDATA[VIEW]]></Event>
<EventKey><![CDATA[http://www.9kpu.com/app/index.php?i=13&c=home&]]></EventKey>
<MenuId>408429854</MenuId>
</xml>

2016-06-22 14:53:36 params :
------------
Array:
message : Array ;
module : basic ;
rule : 22 ;
priority : 0 ;
keyword : Array ;

2016-06-22 14:53:36 response :
------------
Array:
FromUserName : gh_e7a0c8306261 ;
ToUserName : oRj-Fs2Og5hcQesN3spLbWYLW2MQ ;
MsgType : text ;
Content : 欢迎关注同城学堂，点击微官网查看本学校介绍信息，家长点击学生天地绑定自己小孩信息使用，老师点击教师信息绑定自己账号使用 ;

2016-06-22 14:53:52 trace :
------------
String:
<xml><ToUserName><![CDATA[gh_e7a0c8306261]]></ToUserName>
<FromUserName><![CDATA[oRj-Fs2Og5hcQesN3spLbWYLW2MQ]]></FromUserName>
<CreateTime>1466578432</CreateTime>
<MsgType><![CDATA[event]]></MsgType>
<Event><![CDATA[VIEW]]></Event>
<EventKey><![CDATA[http://www.9kpu.com/app/index.php?i=13&c=home&]]></EventKey>
<MenuId>408429854</MenuId>
</xml>

2016-06-22 14:53:52 params :
------------
Array:
message : Array ;
module : basic ;
rule : 22 ;
priority : 0 ;
keyword : Array ;

2016-06-22 14:53:52 response :
------------
Array:
FromUserName : gh_e7a0c8306261 ;
ToUserName : oRj-Fs2Og5hcQesN3spLbWYLW2MQ ;
MsgType : text ;
Content : 欢迎关注同城学堂，点击微官网查看本学校介绍信息，家长点击学生天地绑定自己小孩信息使用，老师点击教师信息绑定自己账号使用 ;

2016-06-22 15:34:31 trace :
------------
String:
<xml><ToUserName><![CDATA[gh_7d1762dac7c2]]></ToUserName>
<FromUserName><![CDATA[o8AZcwKAANetfvm5AOZBY9Qa7g7M]]></FromUserName>
<CreateTime>1466580871</CreateTime>
<MsgType><![CDATA[event]]></MsgType>
<Event><![CDATA[subscribe]]></Event>
<EventKey><![CDATA[]]></EventKey>
</xml>

2016-06-22 15:34:31 params :
------------
Array:
rule : -2 ;
module :  ;
message : Array ;

2016-06-22 15:34:31 response :
------------

2016-06-22 15:36:43 trace :
------------
String:
<xml><ToUserName><![CDATA[gh_7d1762dac7c2]]></ToUserName>
<FromUserName><![CDATA[o8AZcwKAANetfvm5AOZBY9Qa7g7M]]></FromUserName>
<CreateTime>1466581003</CreateTime>
<MsgType><![CDATA[event]]></MsgType>
<Event><![CDATA[unsubscribe]]></Event>
<EventKey><![CDATA[]]></EventKey>
</xml>

2016-06-22 18:44:32 trace :
------------
String:
<xml><ToUserName><![CDATA[gh_081ee8610e82]]></ToUserName>
<FromUserName><![CDATA[ohNDtvpv4aB_qKO3qoLDiZ0gCFF4]]></FromUserName>
<CreateTime>1466592272</CreateTime>
<MsgType><![CDATA[event]]></MsgType>
<Event><![CDATA[VIEW]]></Event>
<EventKey><![CDATA[http://official.weixiao100.cn/custom/v3/index.html?schoolCode=zscy001&cropId=wx29a48dfc48fb3877&t=1461379426737]]></EventKey>
<MenuId>404202786</MenuId>
</xml>

2016-06-22 18:44:32 params :
------------
Array:
message : Array ;
module : basic ;
rule : 13 ;
priority : 0 ;
keyword : Array ;

2016-06-22 18:44:32 response :
------------
Array:
FromUserName : gh_081ee8610e82 ;
ToUserName : ohNDtvpv4aB_qKO3qoLDiZ0gCFF4 ;
MsgType : text ;
Content : 等你好久了，智慧微校欢迎您。如果您是来逛逛的，请点开微官网查看我们学校的介绍信息。如果您是家长，请点开学生中心，用您家孩子姓名与学号绑定，就可尽情使用微校功能。如果您是老师，请点开微办公，用系统分配的账号与密码完成绑定，使用微校完成家校互动。 ;

2016-06-22 19:22:48 trace :
------------
String:
<xml><ToUserName><![CDATA[gh_e7a0c8306261]]></ToUserName>
<FromUserName><![CDATA[oRj-Fs8Kq_u_aD_S-O60rimuOjLQ]]></FromUserName>
<CreateTime>1466594568</CreateTime>
<MsgType><![CDATA[event]]></MsgType>
<Event><![CDATA[VIEW]]></Event>
<EventKey><![CDATA[http://www.9kpu.com/app/index.php?i=13&c=entry&eid=1]]></EventKey>
<MenuId>408429854</MenuId>
</xml>

2016-06-22 19:22:48 params :
------------
Array:
message : Array ;
module : basic ;
rule : 22 ;
priority : 0 ;
keyword : Array ;

2016-06-22 19:22:48 response :
------------
Array:
FromUserName : gh_e7a0c8306261 ;
ToUserName : oRj-Fs8Kq_u_aD_S-O60rimuOjLQ ;
MsgType : text ;
Content : 欢迎关注同城学堂，点击微官网查看本学校介绍信息，家长点击学生天地绑定自己小孩信息使用，老师点击教师信息绑定自己账号使用 ;

2016-06-22 19:23:27 trace :
------------
String:
<xml><ToUserName><![CDATA[gh_e7a0c8306261]]></ToUserName>
<FromUserName><![CDATA[oRj-Fs8Kq_u_aD_S-O60rimuOjLQ]]></FromUserName>
<CreateTime>1466594607</CreateTime>
<MsgType><![CDATA[event]]></MsgType>
<Event><![CDATA[VIEW]]></Event>
<EventKey><![CDATA[http://www.9kpu.com/app/index.php?i=13&c=entry&eid=2]]></EventKey>
<MenuId>408429854</MenuId>
</xml>

2016-06-22 19:23:27 params :
------------
Array:
message : Array ;
module : basic ;
rule : 22 ;
priority : 0 ;
keyword : Array ;

2016-06-22 19:23:27 response :
------------
Array:
FromUserName : gh_e7a0c8306261 ;
ToUserName : oRj-Fs8Kq_u_aD_S-O60rimuOjLQ ;
MsgType : text ;
Content : 欢迎关注同城学堂，点击微官网查看本学校介绍信息，家长点击学生天地绑定自己小孩信息使用，老师点击教师信息绑定自己账号使用 ;

2016-06-22 19:46:03 trace :
------------
String:
<xml><ToUserName><![CDATA[gh_e7a0c8306261]]></ToUserName>
<FromUserName><![CDATA[oRj-Fs8Kq_u_aD_S-O60rimuOjLQ]]></FromUserName>
<CreateTime>1466595963</CreateTime>
<MsgType><![CDATA[event]]></MsgType>
<Event><![CDATA[VIEW]]></Event>
<EventKey><![CDATA[http://www.9kpu.com/app/index.php?i=13&c=home&]]></EventKey>
<MenuId>408429854</MenuId>
</xml>

2016-06-22 19:46:03 params :
------------
Array:
message : Array ;
module : basic ;
rule : 22 ;
priority : 0 ;
keyword : Array ;

2016-06-22 19:46:03 response :
------------
Array:
FromUserName : gh_e7a0c8306261 ;
ToUserName : oRj-Fs8Kq_u_aD_S-O60rimuOjLQ ;
MsgType : text ;
Content : 欢迎关注同城学堂，点击微官网查看本学校介绍信息，家长点击学生天地绑定自己小孩信息使用，老师点击教师信息绑定自己账号使用 ;

2016-06-22 19:47:16 trace :
------------
String:
<xml><ToUserName><![CDATA[gh_e7a0c8306261]]></ToUserName>
<FromUserName><![CDATA[oRj-Fs8Kq_u_aD_S-O60rimuOjLQ]]></FromUserName>
<CreateTime>1466596036</CreateTime>
<MsgType><![CDATA[event]]></MsgType>
<Event><![CDATA[VIEW]]></Event>
<EventKey><![CDATA[http://www.9kpu.com/app/index.php?i=13&c=entry&eid=1]]></EventKey>
<MenuId>408429854</MenuId>
</xml>

2016-06-22 19:47:16 params :
------------
Array:
message : Array ;
module : basic ;
rule : 22 ;
priority : 0 ;
keyword : Array ;

2016-06-22 19:47:16 response :
------------
Array:
FromUserName : gh_e7a0c8306261 ;
ToUserName : oRj-Fs8Kq_u_aD_S-O60rimuOjLQ ;
MsgType : text ;
Content : 欢迎关注同城学堂，点击微官网查看本学校介绍信息，家长点击学生天地绑定自己小孩信息使用，老师点击教师信息绑定自己账号使用 ;

2016-06-22 19:48:01 trace :
------------
String:
<xml><ToUserName><![CDATA[gh_e7a0c8306261]]></ToUserName>
<FromUserName><![CDATA[oRj-Fs8Kq_u_aD_S-O60rimuOjLQ]]></FromUserName>
<CreateTime>1466596081</CreateTime>
<MsgType><![CDATA[event]]></MsgType>
<Event><![CDATA[VIEW]]></Event>
<EventKey><![CDATA[http://www.9kpu.com/app/index.php?i=13&c=entry&eid=2]]></EventKey>
<MenuId>408429854</MenuId>
</xml>

2016-06-22 19:48:01 params :
------------
Array:
message : Array ;
module : basic ;
rule : 22 ;
priority : 0 ;
keyword : Array ;

2016-06-22 19:48:01 response :
------------
Array:
FromUserName : gh_e7a0c8306261 ;
ToUserName : oRj-Fs8Kq_u_aD_S-O60rimuOjLQ ;
MsgType : text ;
Content : 欢迎关注同城学堂，点击微官网查看本学校介绍信息，家长点击学生天地绑定自己小孩信息使用，老师点击教师信息绑定自己账号使用 ;

2016-06-22 21:58:11 trace :
------------
String:
<xml><ToUserName><![CDATA[gh_e7a0c8306261]]></ToUserName>
<FromUserName><![CDATA[oRj-Fs8Kq_u_aD_S-O60rimuOjLQ]]></FromUserName>
<CreateTime>1466603891</CreateTime>
<MsgType><![CDATA[event]]></MsgType>
<Event><![CDATA[VIEW]]></Event>
<EventKey><![CDATA[http://www.9kpu.com/app/index.php?i=13&c=home&]]></EventKey>
<MenuId>408429854</MenuId>
</xml>

2016-06-22 21:58:11 params :
------------
Array:
message : Array ;
module : basic ;
rule : 22 ;
priority : 0 ;
keyword : Array ;

2016-06-22 21:58:11 response :
------------
Array:
FromUserName : gh_e7a0c8306261 ;
ToUserName : oRj-Fs8Kq_u_aD_S-O60rimuOjLQ ;
MsgType : text ;
Content : 欢迎关注同城学堂，点击微官网查看本学校介绍信息，家长点击学生天地绑定自己小孩信息使用，老师点击教师信息绑定自己账号使用 ;

2016-06-22 22:05:27 trace :
------------
String:
<xml><ToUserName><![CDATA[gh_e7a0c8306261]]></ToUserName>
<FromUserName><![CDATA[oRj-Fs8Kq_u_aD_S-O60rimuOjLQ]]></FromUserName>
<CreateTime>1466604327</CreateTime>
<MsgType><![CDATA[event]]></MsgType>
<Event><![CDATA[VIEW]]></Event>
<EventKey><![CDATA[http://www.9kpu.com/app/index.php?i=13&c=entry&eid=1]]></EventKey>
<MenuId>408429854</MenuId>
</xml>

2016-06-22 22:05:27 params :
------------
Array:
message : Array ;
module : basic ;
rule : 22 ;
priority : 0 ;
keyword : Array ;

2016-06-22 22:05:27 response :
------------
Array:
FromUserName : gh_e7a0c8306261 ;
ToUserName : oRj-Fs8Kq_u_aD_S-O60rimuOjLQ ;
MsgType : text ;
Content : 欢迎关注同城学堂，点击微官网查看本学校介绍信息，家长点击学生天地绑定自己小孩信息使用，老师点击教师信息绑定自己账号使用 ;

2016-06-22 22:14:28 trace :
------------
String:
<xml><ToUserName><![CDATA[gh_e7a0c8306261]]></ToUserName>
<FromUserName><![CDATA[oRj-Fs8Kq_u_aD_S-O60rimuOjLQ]]></FromUserName>
<CreateTime>1466604868</CreateTime>
<MsgType><![CDATA[event]]></MsgType>
<Event><![CDATA[VIEW]]></Event>
<EventKey><![CDATA[http://www.9kpu.com/app/index.php?i=13&c=home&]]></EventKey>
<MenuId>408429854</MenuId>
</xml>

2016-06-22 22:14:28 params :
------------
Array:
message : Array ;
module : basic ;
rule : 22 ;
priority : 0 ;
keyword : Array ;

2016-06-22 22:14:28 response :
------------
Array:
FromUserName : gh_e7a0c8306261 ;
ToUserName : oRj-Fs8Kq_u_aD_S-O60rimuOjLQ ;
MsgType : text ;
Content : 欢迎关注同城学堂，点击微官网查看本学校介绍信息，家长点击学生天地绑定自己小孩信息使用，老师点击教师信息绑定自己账号使用 ;

2016-06-22 22:18:25 trace :
------------
String:
<xml><ToUserName><![CDATA[gh_e7a0c8306261]]></ToUserName>
<FromUserName><![CDATA[oRj-Fs8Kq_u_aD_S-O60rimuOjLQ]]></FromUserName>
<CreateTime>1466605105</CreateTime>
<MsgType><![CDATA[event]]></MsgType>
<Event><![CDATA[VIEW]]></Event>
<EventKey><![CDATA[http://www.9kpu.com/app/index.php?i=13&c=entry&eid=1]]></EventKey>
<MenuId>408429854</MenuId>
</xml>

2016-06-22 22:18:25 params :
------------
Array:
message : Array ;
module : basic ;
rule : 22 ;
priority : 0 ;
keyword : Array ;

2016-06-22 22:18:25 response :
------------
Array:
FromUserName : gh_e7a0c8306261 ;
ToUserName : oRj-Fs8Kq_u_aD_S-O60rimuOjLQ ;
MsgType : text ;
Content : 欢迎关注同城学堂，点击微官网查看本学校介绍信息，家长点击学生天地绑定自己小孩信息使用，老师点击教师信息绑定自己账号使用 ;

2016-06-22 22:20:59 trace :
------------
String:
<xml><ToUserName><![CDATA[gh_e7a0c8306261]]></ToUserName>
<FromUserName><![CDATA[oRj-Fs8Kq_u_aD_S-O60rimuOjLQ]]></FromUserName>
<CreateTime>1466605259</CreateTime>
<MsgType><![CDATA[event]]></MsgType>
<Event><![CDATA[VIEW]]></Event>
<EventKey><![CDATA[http://www.9kpu.com/app/index.php?i=13&c=entry&eid=2]]></EventKey>
<MenuId>408429854</MenuId>
</xml>

2016-06-22 22:20:59 params :
------------
Array:
message : Array ;
module : basic ;
rule : 22 ;
priority : 0 ;
keyword : Array ;

2016-06-22 22:20:59 response :
------------
Array:
FromUserName : gh_e7a0c8306261 ;
ToUserName : oRj-Fs8Kq_u_aD_S-O60rimuOjLQ ;
MsgType : text ;
Content : 欢迎关注同城学堂，点击微官网查看本学校介绍信息，家长点击学生天地绑定自己小孩信息使用，老师点击教师信息绑定自己账号使用 ;

2016-06-22 22:22:45 trace :
------------
String:
<xml><ToUserName><![CDATA[gh_e7a0c8306261]]></ToUserName>
<FromUserName><![CDATA[oRj-Fs8Kq_u_aD_S-O60rimuOjLQ]]></FromUserName>
<CreateTime>1466605365</CreateTime>
<MsgType><![CDATA[event]]></MsgType>
<Event><![CDATA[VIEW]]></Event>
<EventKey><![CDATA[http://www.9kpu.com/app/index.php?i=13&c=entry&eid=2]]></EventKey>
<MenuId>408429854</MenuId>
</xml>

2016-06-22 22:22:45 params :
------------
Array:
message : Array ;
module : basic ;
rule : 22 ;
priority : 0 ;
keyword : Array ;

2016-06-22 22:22:45 response :
------------
Array:
FromUserName : gh_e7a0c8306261 ;
ToUserName : oRj-Fs8Kq_u_aD_S-O60rimuOjLQ ;
MsgType : text ;
Content : 欢迎关注同城学堂，点击微官网查看本学校介绍信息，家长点击学生天地绑定自己小孩信息使用，老师点击教师信息绑定自己账号使用 ;

