2016-09-12 02:50:09 trace :
------------
String:
<xml><ToUserName><![CDATA[gh_c8e42a22d2ba]]></ToUserName>
<FromUserName><![CDATA[o7oRnw8bHzYiFpouRpgNK-E6zO-k]]></FromUserName>
<CreateTime>1473619809</CreateTime>
<MsgType><![CDATA[event]]></MsgType>
<Event><![CDATA[unsubscribe]]></Event>
<EventKey><![CDATA[]]></EventKey>
</xml>

2016-09-12 02:50:23 trace :
------------
String:
<xml><ToUserName><![CDATA[gh_2a23de840671]]></ToUserName>
<FromUserName><![CDATA[oQxC9wfdS-AWvPiIpXKlshaMK8tM]]></FromUserName>
<CreateTime>1473619823</CreateTime>
<MsgType><![CDATA[event]]></MsgType>
<Event><![CDATA[unsubscribe]]></Event>
<EventKey><![CDATA[]]></EventKey>
</xml>

2016-09-12 02:50:35 trace :
------------
String:
<xml><ToUserName><![CDATA[gh_e7a0c8306261]]></ToUserName>
<FromUserName><![CDATA[oRj-Fs7jLF8IDp-EPkSQ27dcgipY]]></FromUserName>
<CreateTime>1473619835</CreateTime>
<MsgType><![CDATA[event]]></MsgType>
<Event><![CDATA[unsubscribe]]></Event>
<EventKey><![CDATA[]]></EventKey>
</xml>

2016-09-12 02:50:47 trace :
------------
String:
<xml><ToUserName><![CDATA[gh_2a16c32dff4b]]></ToUserName>
<FromUserName><![CDATA[oZF73wLmRr-_4TMLspUahen040y8]]></FromUserName>
<CreateTime>1473619846</CreateTime>
<MsgType><![CDATA[event]]></MsgType>
<Event><![CDATA[unsubscribe]]></Event>
<EventKey><![CDATA[]]></EventKey>
</xml>

2016-09-12 09:54:10 trace :
------------
String:
<xml><ToUserName><![CDATA[gh_081ee8610e82]]></ToUserName>
<FromUserName><![CDATA[ohNDtvjnNs-wlmta5xYTj5zZfmSc]]></FromUserName>
<CreateTime>1473645250</CreateTime>
<MsgType><![CDATA[event]]></MsgType>
<Event><![CDATA[VIEW]]></Event>
<EventKey><![CDATA[http://m.igrow.cn/m/school/website/1390?platformid=gh_f93654b871ec&openid=oj3rPs7lPbX9A4U7mxv8dMma3uUQ]]></EventKey>
<MenuId>413852431</MenuId>
</xml>

2016-09-12 09:54:10 params :
------------
Array:
message : Array ;
module : basic ;
rule : 13 ;
priority : 0 ;
keyword : Array ;

2016-09-12 09:54:10 response :
------------
Array:
FromUserName : gh_081ee8610e82 ;
ToUserName : ohNDtvjnNs-wlmta5xYTj5zZfmSc ;
MsgType : text ;
Content : 等你好久了，智慧微校欢迎您。如果您是来逛逛的，请点开微官网查看我们学校的介绍信息。如果您是家长，请点开学生中心，用您家孩子姓名与学号绑定，就可尽情使用微校功能。如果您是老师，请点开微办公，用系统分配的账号与密码完成绑定，使用微校完成家校互动。 ;

2016-09-12 09:54:18 trace :
------------
String:
<xml><ToUserName><![CDATA[gh_081ee8610e82]]></ToUserName>
<FromUserName><![CDATA[ohNDtvjnNs-wlmta5xYTj5zZfmSc]]></FromUserName>
<CreateTime>1473645258</CreateTime>
<MsgType><![CDATA[event]]></MsgType>
<Event><![CDATA[VIEW]]></Event>
<EventKey><![CDATA[http://www.9kpu.com/app/index.php?i=4&c=entry&eid=1]]></EventKey>
<MenuId>413852431</MenuId>
</xml>

2016-09-12 09:54:18 params :
------------
Array:
message : Array ;
module : basic ;
rule : 13 ;
priority : 0 ;
keyword : Array ;

2016-09-12 09:54:18 response :
------------
Array:
FromUserName : gh_081ee8610e82 ;
ToUserName : ohNDtvjnNs-wlmta5xYTj5zZfmSc ;
MsgType : text ;
Content : 等你好久了，智慧微校欢迎您。如果您是来逛逛的，请点开微官网查看我们学校的介绍信息。如果您是家长，请点开学生中心，用您家孩子姓名与学号绑定，就可尽情使用微校功能。如果您是老师，请点开微办公，用系统分配的账号与密码完成绑定，使用微校完成家校互动。 ;

2016-09-12 09:54:34 trace :
------------
String:
<xml><ToUserName><![CDATA[gh_081ee8610e82]]></ToUserName>
<FromUserName><![CDATA[ohNDtvjnNs-wlmta5xYTj5zZfmSc]]></FromUserName>
<CreateTime>1473645274</CreateTime>
<MsgType><![CDATA[event]]></MsgType>
<Event><![CDATA[VIEW]]></Event>
<EventKey><![CDATA[http://www.9kpu.com/app/index.php?i=4&c=entry&eid=2]]></EventKey>
<MenuId>413852431</MenuId>
</xml>

2016-09-12 09:54:34 params :
------------
Array:
message : Array ;
module : basic ;
rule : 13 ;
priority : 0 ;
keyword : Array ;

2016-09-12 09:54:34 response :
------------
Array:
FromUserName : gh_081ee8610e82 ;
ToUserName : ohNDtvjnNs-wlmta5xYTj5zZfmSc ;
MsgType : text ;
Content : 等你好久了，智慧微校欢迎您。如果您是来逛逛的，请点开微官网查看我们学校的介绍信息。如果您是家长，请点开学生中心，用您家孩子姓名与学号绑定，就可尽情使用微校功能。如果您是老师，请点开微办公，用系统分配的账号与密码完成绑定，使用微校完成家校互动。 ;

2016-09-12 10:24:28 trace :
------------
String:
<xml><ToUserName><![CDATA[gh_e7a0c8306261]]></ToUserName>
<FromUserName><![CDATA[oRj-Fs5QjtciVl9kBRfKQQiKibmI]]></FromUserName>
<CreateTime>1473647068</CreateTime>
<MsgType><![CDATA[event]]></MsgType>
<Event><![CDATA[VIEW]]></Event>
<EventKey><![CDATA[http://www.9kpu.com/app/index.php?i=13&c=entry&eid=1]]></EventKey>
<MenuId>409075692</MenuId>
</xml>

2016-09-12 10:24:28 params :
------------
Array:
message : Array ;
module : basic ;
rule : 22 ;
priority : 0 ;
keyword : Array ;

2016-09-12 10:24:28 response :
------------
Array:
FromUserName : gh_e7a0c8306261 ;
ToUserName : oRj-Fs5QjtciVl9kBRfKQQiKibmI ;
MsgType : text ;
Content : 欢迎关注同城学堂，点击微官网查看本学校介绍信息，家长点击学生天地绑定自己小孩信息使用，老师点击教师信息绑定自己账号使用 ;

2016-09-12 10:24:48 trace :
------------
String:
<xml><ToUserName><![CDATA[gh_e7a0c8306261]]></ToUserName>
<FromUserName><![CDATA[oRj-Fs5QjtciVl9kBRfKQQiKibmI]]></FromUserName>
<CreateTime>1473647087</CreateTime>
<MsgType><![CDATA[event]]></MsgType>
<Event><![CDATA[VIEW]]></Event>
<EventKey><![CDATA[http://www.9kpu.com/app/index.php?i=13&c=entry&eid=1]]></EventKey>
<MenuId>409075692</MenuId>
</xml>

2016-09-12 10:24:48 params :
------------
Array:
message : Array ;
module : basic ;
rule : 22 ;
priority : 0 ;
keyword : Array ;

2016-09-12 10:24:48 response :
------------
Array:
FromUserName : gh_e7a0c8306261 ;
ToUserName : oRj-Fs5QjtciVl9kBRfKQQiKibmI ;
MsgType : text ;
Content : 欢迎关注同城学堂，点击微官网查看本学校介绍信息，家长点击学生天地绑定自己小孩信息使用，老师点击教师信息绑定自己账号使用 ;

2016-09-12 10:26:24 trace :
------------
String:
<xml><ToUserName><![CDATA[gh_e7a0c8306261]]></ToUserName>
<FromUserName><![CDATA[oRj-Fs5QjtciVl9kBRfKQQiKibmI]]></FromUserName>
<CreateTime>1473647184</CreateTime>
<MsgType><![CDATA[event]]></MsgType>
<Event><![CDATA[VIEW]]></Event>
<EventKey><![CDATA[http://www.9kpu.com/app/index.php?i=13&c=entry&eid=1]]></EventKey>
<MenuId>409075692</MenuId>
</xml>

2016-09-12 10:26:24 params :
------------
Array:
message : Array ;
module : basic ;
rule : 22 ;
priority : 0 ;
keyword : Array ;

2016-09-12 10:26:24 response :
------------
Array:
FromUserName : gh_e7a0c8306261 ;
ToUserName : oRj-Fs5QjtciVl9kBRfKQQiKibmI ;
MsgType : text ;
Content : 欢迎关注同城学堂，点击微官网查看本学校介绍信息，家长点击学生天地绑定自己小孩信息使用，老师点击教师信息绑定自己账号使用 ;

2016-09-12 10:46:45 trace :
------------
String:
<xml><ToUserName><![CDATA[gh_2ee031f2e428]]></ToUserName>
<FromUserName><![CDATA[ojDkIwtxyqdLOkx6ry5wE8GgHbBQ]]></FromUserName>
<CreateTime>1473648405</CreateTime>
<MsgType><![CDATA[event]]></MsgType>
<Event><![CDATA[VIEW]]></Event>
<EventKey><![CDATA[http://www.9kpu.com/app/index.php?i=20&c=entry&do=bangding&m=lianhu_school]]></EventKey>
<MenuId>410679894</MenuId>
</xml>

2016-09-12 10:46:45 params :
------------
Array:
rule : -2 ;
module :  ;
message : Array ;

2016-09-12 10:46:45 response :
------------

2016-09-12 12:02:30 trace :
------------
String:
<xml><ToUserName><![CDATA[gh_2a23de840671]]></ToUserName>
<FromUserName><![CDATA[oQxC9wfDGw_2VwHd-qyo3rtBLA3E]]></FromUserName>
<CreateTime>1473652950</CreateTime>
<MsgType><![CDATA[event]]></MsgType>
<Event><![CDATA[VIEW]]></Event>
<EventKey><![CDATA[http://www.9kpu.com/app/index.php?i=31&c=home&]]></EventKey>
<MenuId>408135367</MenuId>
</xml>

2016-09-12 12:02:30 params :
------------
Array:
rule : -2 ;
module :  ;
message : Array ;

2016-09-12 12:02:30 response :
------------

2016-09-12 12:02:40 trace :
------------
String:
<xml><ToUserName><![CDATA[gh_2a23de840671]]></ToUserName>
<FromUserName><![CDATA[oQxC9wfDGw_2VwHd-qyo3rtBLA3E]]></FromUserName>
<CreateTime>1473652960</CreateTime>
<MsgType><![CDATA[event]]></MsgType>
<Event><![CDATA[VIEW]]></Event>
<EventKey><![CDATA[http://www.9kpu.com/app/index.php?i=31&c=entry&eid=2]]></EventKey>
<MenuId>408135367</MenuId>
</xml>

2016-09-12 12:02:40 params :
------------
Array:
rule : -2 ;
module :  ;
message : Array ;

2016-09-12 12:02:40 response :
------------

2016-09-12 12:03:12 trace :
------------
String:
<xml><ToUserName><![CDATA[gh_2a23de840671]]></ToUserName>
<FromUserName><![CDATA[oQxC9wfDGw_2VwHd-qyo3rtBLA3E]]></FromUserName>
<CreateTime>1473652992</CreateTime>
<MsgType><![CDATA[event]]></MsgType>
<Event><![CDATA[VIEW]]></Event>
<EventKey><![CDATA[http://www.9kpu.com/app/index.php?i=31&c=entry&eid=1]]></EventKey>
<MenuId>408135367</MenuId>
</xml>

2016-09-12 12:03:12 params :
------------
Array:
rule : -2 ;
module :  ;
message : Array ;

2016-09-12 12:03:12 response :
------------

2016-09-12 12:14:26 trace :
------------
String:
<xml><ToUserName><![CDATA[gh_2a23de840671]]></ToUserName>
<FromUserName><![CDATA[oQxC9wfDGw_2VwHd-qyo3rtBLA3E]]></FromUserName>
<CreateTime>1473653666</CreateTime>
<MsgType><![CDATA[event]]></MsgType>
<Event><![CDATA[VIEW]]></Event>
<EventKey><![CDATA[http://www.9kpu.com/app/index.php?i=31&c=entry&eid=2]]></EventKey>
<MenuId>408135367</MenuId>
</xml>

2016-09-12 12:14:26 params :
------------
Array:
rule : -2 ;
module :  ;
message : Array ;

2016-09-12 12:14:26 response :
------------

2016-09-12 12:20:40 trace :
------------
String:
<xml><ToUserName><![CDATA[gh_2a23de840671]]></ToUserName>
<FromUserName><![CDATA[oQxC9wUAUX6F1qNJxig6FtZLvpBk]]></FromUserName>
<CreateTime>1473654040</CreateTime>
<MsgType><![CDATA[event]]></MsgType>
<Event><![CDATA[VIEW]]></Event>
<EventKey><![CDATA[http://www.9kpu.com/app/index.php?i=31&c=entry&eid=2]]></EventKey>
<MenuId>408135367</MenuId>
</xml>

2016-09-12 12:20:40 params :
------------
Array:
rule : -2 ;
module :  ;
message : Array ;

2016-09-12 12:20:40 response :
------------

2016-09-12 12:20:47 trace :
------------
String:
<xml><ToUserName><![CDATA[gh_2a23de840671]]></ToUserName>
<FromUserName><![CDATA[oQxC9wUAUX6F1qNJxig6FtZLvpBk]]></FromUserName>
<CreateTime>1473654047</CreateTime>
<MsgType><![CDATA[event]]></MsgType>
<Event><![CDATA[VIEW]]></Event>
<EventKey><![CDATA[http://www.9kpu.com/app/index.php?i=31&c=entry&eid=1]]></EventKey>
<MenuId>408135367</MenuId>
</xml>

2016-09-12 12:20:47 params :
------------
Array:
rule : -2 ;
module :  ;
message : Array ;

2016-09-12 12:20:47 response :
------------

2016-09-12 12:20:50 trace :
------------
String:
<xml><ToUserName><![CDATA[gh_2a23de840671]]></ToUserName>
<FromUserName><![CDATA[oQxC9wUAUX6F1qNJxig6FtZLvpBk]]></FromUserName>
<CreateTime>1473654050</CreateTime>
<MsgType><![CDATA[event]]></MsgType>
<Event><![CDATA[VIEW]]></Event>
<EventKey><![CDATA[http://www.9kpu.com/app/index.php?i=31&c=home&]]></EventKey>
<MenuId>408135367</MenuId>
</xml>

2016-09-12 12:20:50 params :
------------
Array:
rule : -2 ;
module :  ;
message : Array ;

2016-09-12 12:20:50 response :
------------

2016-09-12 12:21:12 trace :
------------
String:
<xml><ToUserName><![CDATA[gh_2a23de840671]]></ToUserName>
<FromUserName><![CDATA[oQxC9wUAUX6F1qNJxig6FtZLvpBk]]></FromUserName>
<CreateTime>1473654072</CreateTime>
<MsgType><![CDATA[event]]></MsgType>
<Event><![CDATA[VIEW]]></Event>
<EventKey><![CDATA[http://www.9kpu.com/app/index.php?i=31&c=entry&eid=2]]></EventKey>
<MenuId>408135367</MenuId>
</xml>

2016-09-12 12:21:12 params :
------------
Array:
rule : -2 ;
module :  ;
message : Array ;

2016-09-12 12:21:12 response :
------------

2016-09-12 12:31:29 trace :
------------
String:
<xml><ToUserName><![CDATA[gh_081ee8610e82]]></ToUserName>
<FromUserName><![CDATA[ohNDtvk5FHRmzjmJNacUY2f95meE]]></FromUserName>
<CreateTime>1473654689</CreateTime>
<MsgType><![CDATA[event]]></MsgType>
<Event><![CDATA[VIEW]]></Event>
<EventKey><![CDATA[http://m.igrow.cn/m/school/website/1390?platformid=gh_f93654b871ec&openid=oj3rPs7lPbX9A4U7mxv8dMma3uUQ]]></EventKey>
<MenuId>413852431</MenuId>
</xml>

2016-09-12 12:31:29 params :
------------
Array:
message : Array ;
module : basic ;
rule : 13 ;
priority : 0 ;
keyword : Array ;

2016-09-12 12:31:29 response :
------------
Array:
FromUserName : gh_081ee8610e82 ;
ToUserName : ohNDtvk5FHRmzjmJNacUY2f95meE ;
MsgType : text ;
Content : 等你好久了，智慧微校欢迎您。如果您是来逛逛的，请点开微官网查看我们学校的介绍信息。如果您是家长，请点开学生中心，用您家孩子姓名与学号绑定，就可尽情使用微校功能。如果您是老师，请点开微办公，用系统分配的账号与密码完成绑定，使用微校完成家校互动。 ;

2016-09-12 12:39:35 trace :
------------
String:
<xml><ToUserName><![CDATA[gh_2a23de840671]]></ToUserName>
<FromUserName><![CDATA[oQxC9wfDGw_2VwHd-qyo3rtBLA3E]]></FromUserName>
<CreateTime>1473655175</CreateTime>
<MsgType><![CDATA[event]]></MsgType>
<Event><![CDATA[VIEW]]></Event>
<EventKey><![CDATA[http://www.9kpu.com/app/index.php?i=31&c=entry&eid=2]]></EventKey>
<MenuId>408135367</MenuId>
</xml>

2016-09-12 12:39:35 params :
------------
Array:
rule : -2 ;
module :  ;
message : Array ;

2016-09-12 12:39:35 response :
------------

2016-09-12 12:41:27 trace :
------------
String:
<xml><ToUserName><![CDATA[gh_2a23de840671]]></ToUserName>
<FromUserName><![CDATA[oQxC9wfDGw_2VwHd-qyo3rtBLA3E]]></FromUserName>
<CreateTime>1473655287</CreateTime>
<MsgType><![CDATA[event]]></MsgType>
<Event><![CDATA[VIEW]]></Event>
<EventKey><![CDATA[http://www.9kpu.com/app/index.php?i=31&c=entry&eid=1]]></EventKey>
<MenuId>408135367</MenuId>
</xml>

2016-09-12 12:41:27 params :
------------
Array:
rule : -2 ;
module :  ;
message : Array ;

2016-09-12 12:41:27 response :
------------

2016-09-12 12:41:33 trace :
------------
String:
<xml><ToUserName><![CDATA[gh_2a23de840671]]></ToUserName>
<FromUserName><![CDATA[oQxC9wfDGw_2VwHd-qyo3rtBLA3E]]></FromUserName>
<CreateTime>1473655293</CreateTime>
<MsgType><![CDATA[event]]></MsgType>
<Event><![CDATA[VIEW]]></Event>
<EventKey><![CDATA[http://www.9kpu.com/app/index.php?i=31&c=entry&eid=2]]></EventKey>
<MenuId>408135367</MenuId>
</xml>

2016-09-12 12:41:33 params :
------------
Array:
rule : -2 ;
module :  ;
message : Array ;

2016-09-12 12:41:33 response :
------------

2016-09-12 12:41:43 trace :
------------
String:
<xml><ToUserName><![CDATA[gh_2a23de840671]]></ToUserName>
<FromUserName><![CDATA[oQxC9wUAUX6F1qNJxig6FtZLvpBk]]></FromUserName>
<CreateTime>1473655303</CreateTime>
<MsgType><![CDATA[event]]></MsgType>
<Event><![CDATA[VIEW]]></Event>
<EventKey><![CDATA[http://www.9kpu.com/app/index.php?i=31&c=entry&eid=2]]></EventKey>
<MenuId>408135367</MenuId>
</xml>

2016-09-12 12:41:43 params :
------------
Array:
rule : -2 ;
module :  ;
message : Array ;

2016-09-12 12:41:43 response :
------------

2016-09-12 12:42:00 trace :
------------
String:
<xml><ToUserName><![CDATA[gh_2a23de840671]]></ToUserName>
<FromUserName><![CDATA[oQxC9wUAUX6F1qNJxig6FtZLvpBk]]></FromUserName>
<CreateTime>1473655320</CreateTime>
<MsgType><![CDATA[event]]></MsgType>
<Event><![CDATA[VIEW]]></Event>
<EventKey><![CDATA[http://www.9kpu.com/app/index.php?i=31&c=entry&eid=2]]></EventKey>
<MenuId>408135367</MenuId>
</xml>

2016-09-12 12:42:00 params :
------------
Array:
rule : -2 ;
module :  ;
message : Array ;

2016-09-12 12:42:00 response :
------------

2016-09-12 12:42:30 trace :
------------
String:
<xml><ToUserName><![CDATA[gh_2a23de840671]]></ToUserName>
<FromUserName><![CDATA[oQxC9wUAUX6F1qNJxig6FtZLvpBk]]></FromUserName>
<CreateTime>1473655350</CreateTime>
<MsgType><![CDATA[event]]></MsgType>
<Event><![CDATA[VIEW]]></Event>
<EventKey><![CDATA[http://www.9kpu.com/app/index.php?i=31&c=entry&eid=2]]></EventKey>
<MenuId>408135367</MenuId>
</xml>

2016-09-12 12:42:30 params :
------------
Array:
rule : -2 ;
module :  ;
message : Array ;

2016-09-12 12:42:30 response :
------------

2016-09-12 12:48:17 trace :
------------
String:
<xml><ToUserName><![CDATA[gh_2a23de840671]]></ToUserName>
<FromUserName><![CDATA[oQxC9wfDGw_2VwHd-qyo3rtBLA3E]]></FromUserName>
<CreateTime>1473655696</CreateTime>
<MsgType><![CDATA[event]]></MsgType>
<Event><![CDATA[VIEW]]></Event>
<EventKey><![CDATA[http://www.9kpu.com/app/index.php?i=31&c=home&]]></EventKey>
<MenuId>408135367</MenuId>
</xml>

2016-09-12 12:48:17 params :
------------
Array:
rule : -2 ;
module :  ;
message : Array ;

2016-09-12 12:48:17 response :
------------

2016-09-12 13:16:46 trace :
------------
String:
<xml><ToUserName><![CDATA[gh_2a23de840671]]></ToUserName>
<FromUserName><![CDATA[oQxC9wfDGw_2VwHd-qyo3rtBLA3E]]></FromUserName>
<CreateTime>1473657406</CreateTime>
<MsgType><![CDATA[event]]></MsgType>
<Event><![CDATA[VIEW]]></Event>
<EventKey><![CDATA[http://www.9kpu.com/app/index.php?i=31&c=entry&eid=2]]></EventKey>
<MenuId>408135367</MenuId>
</xml>

2016-09-12 13:16:46 params :
------------
Array:
rule : -2 ;
module :  ;
message : Array ;

2016-09-12 13:16:46 response :
------------

2016-09-12 16:00:32 trace :
------------
String:
<xml><ToUserName><![CDATA[gh_081ee8610e82]]></ToUserName>
<FromUserName><![CDATA[ohNDtvv8PDFqifacH9rwLYMejnDw]]></FromUserName>
<CreateTime>1473667232</CreateTime>
<MsgType><![CDATA[event]]></MsgType>
<Event><![CDATA[VIEW]]></Event>
<EventKey><![CDATA[http://www.9kpu.com/app/index.php?i=4&c=entry&eid=2]]></EventKey>
<MenuId>413852431</MenuId>
</xml>

2016-09-12 16:00:32 params :
------------
Array:
message : Array ;
module : basic ;
rule : 13 ;
priority : 0 ;
keyword : Array ;

2016-09-12 16:00:32 response :
------------
Array:
FromUserName : gh_081ee8610e82 ;
ToUserName : ohNDtvv8PDFqifacH9rwLYMejnDw ;
MsgType : text ;
Content : 等你好久了，智慧微校欢迎您。如果您是来逛逛的，请点开微官网查看我们学校的介绍信息。如果您是家长，请点开学生中心，用您家孩子姓名与学号绑定，就可尽情使用微校功能。如果您是老师，请点开微办公，用系统分配的账号与密码完成绑定，使用微校完成家校互动。 ;

2016-09-12 16:02:10 trace :
------------
String:
<xml><ToUserName><![CDATA[gh_081ee8610e82]]></ToUserName>
<FromUserName><![CDATA[ohNDtvv8PDFqifacH9rwLYMejnDw]]></FromUserName>
<CreateTime>1473667329</CreateTime>
<MsgType><![CDATA[event]]></MsgType>
<Event><![CDATA[VIEW]]></Event>
<EventKey><![CDATA[http://www.9kpu.com/app/index.php?i=4&c=entry&eid=1]]></EventKey>
<MenuId>413852431</MenuId>
</xml>

2016-09-12 16:02:10 params :
------------
Array:
message : Array ;
module : basic ;
rule : 13 ;
priority : 0 ;
keyword : Array ;

2016-09-12 16:02:10 response :
------------
Array:
FromUserName : gh_081ee8610e82 ;
ToUserName : ohNDtvv8PDFqifacH9rwLYMejnDw ;
MsgType : text ;
Content : 等你好久了，智慧微校欢迎您。如果您是来逛逛的，请点开微官网查看我们学校的介绍信息。如果您是家长，请点开学生中心，用您家孩子姓名与学号绑定，就可尽情使用微校功能。如果您是老师，请点开微办公，用系统分配的账号与密码完成绑定，使用微校完成家校互动。 ;

2016-09-12 16:07:47 trace :
------------
String:
<xml><ToUserName><![CDATA[gh_2a16c32dff4b]]></ToUserName>
<FromUserName><![CDATA[oZF73wIXVlQR4Pr-M97VP810K6b0]]></FromUserName>
<CreateTime>1473667667</CreateTime>
<MsgType><![CDATA[event]]></MsgType>
<Event><![CDATA[VIEW]]></Event>
<EventKey><![CDATA[http://www.9kpu.com/app/index.php?i=26&c=entry&eid=1]]></EventKey>
<MenuId>443004588</MenuId>
</xml>

2016-09-12 16:07:47 params :
------------
Array:
message : Array ;
module : news ;
rule : 56 ;
priority : 0 ;
keyword : Array ;

2016-09-12 16:07:47 response :
------------
Array:
FromUserName : gh_2a16c32dff4b ;
ToUserName : oZF73wIXVlQR4Pr-M97VP810K6b0 ;
MsgType : news ;
ArticleCount : 1 ;
Articles : Array ;

2016-09-12 20:41:43 trace :
------------
String:
<xml><ToUserName><![CDATA[gh_0eab716966d4]]></ToUserName>
<FromUserName><![CDATA[oSoVuwKhacu97YVIFpVIc_VqaKRc]]></FromUserName>
<CreateTime>1473684093</CreateTime>
<MsgType><![CDATA[event]]></MsgType>
<Event><![CDATA[VIEW]]></Event>
<EventKey><![CDATA[http://www.9kpu.com/app/index.php?i=28&c=home&]]></EventKey>
<MenuId>414492131</MenuId>
</xml>

2016-09-12 20:41:43 params :
------------
Array:
rule : -2 ;
module :  ;
message : Array ;

2016-09-12 20:41:43 response :
------------

2016-09-12 20:54:47 trace :
------------
String:
<xml><ToUserName><![CDATA[gh_2a23de840671]]></ToUserName>
<FromUserName><![CDATA[oQxC9wbQkk0Z4W1kLCpZRFBhjPWo]]></FromUserName>
<CreateTime>1473684887</CreateTime>
<MsgType><![CDATA[event]]></MsgType>
<Event><![CDATA[VIEW]]></Event>
<EventKey><![CDATA[http://www.9kpu.com/app/index.php?i=31&c=home&]]></EventKey>
<MenuId>408135367</MenuId>
</xml>

2016-09-12 20:54:47 params :
------------
Array:
rule : -2 ;
module :  ;
message : Array ;

2016-09-12 20:54:47 response :
------------

2016-09-12 20:54:54 trace :
------------
String:
<xml><ToUserName><![CDATA[gh_2a23de840671]]></ToUserName>
<FromUserName><![CDATA[oQxC9wbQkk0Z4W1kLCpZRFBhjPWo]]></FromUserName>
<CreateTime>1473684894</CreateTime>
<MsgType><![CDATA[event]]></MsgType>
<Event><![CDATA[VIEW]]></Event>
<EventKey><![CDATA[http://www.9kpu.com/app/index.php?i=31&c=entry&eid=2]]></EventKey>
<MenuId>408135367</MenuId>
</xml>

2016-09-12 20:54:54 params :
------------
Array:
rule : -2 ;
module :  ;
message : Array ;

2016-09-12 20:54:54 response :
------------

2016-09-12 20:54:59 trace :
------------
String:
<xml><ToUserName><![CDATA[gh_2a23de840671]]></ToUserName>
<FromUserName><![CDATA[oQxC9wbQkk0Z4W1kLCpZRFBhjPWo]]></FromUserName>
<CreateTime>1473684899</CreateTime>
<MsgType><![CDATA[event]]></MsgType>
<Event><![CDATA[VIEW]]></Event>
<EventKey><![CDATA[http://www.9kpu.com/app/index.php?i=31&c=entry&eid=1]]></EventKey>
<MenuId>408135367</MenuId>
</xml>

2016-09-12 20:54:59 params :
------------
Array:
rule : -2 ;
module :  ;
message : Array ;

2016-09-12 20:54:59 response :
------------

2016-09-12 20:55:05 trace :
------------
String:
<xml><ToUserName><![CDATA[gh_2a23de840671]]></ToUserName>
<FromUserName><![CDATA[oQxC9wbQkk0Z4W1kLCpZRFBhjPWo]]></FromUserName>
<CreateTime>1473684905</CreateTime>
<MsgType><![CDATA[event]]></MsgType>
<Event><![CDATA[VIEW]]></Event>
<EventKey><![CDATA[http://www.9kpu.com/app/index.php?i=31&c=home&]]></EventKey>
<MenuId>408135367</MenuId>
</xml>

2016-09-12 20:55:05 params :
------------
Array:
rule : -2 ;
module :  ;
message : Array ;

2016-09-12 20:55:05 response :
------------

2016-09-12 20:56:17 trace :
------------
String:
<xml><ToUserName><![CDATA[gh_2a16c32dff4b]]></ToUserName>
<FromUserName><![CDATA[oZF73wKhrafqCtdXod-dBhSbOb-w]]></FromUserName>
<CreateTime>1473684977</CreateTime>
<MsgType><![CDATA[event]]></MsgType>
<Event><![CDATA[subscribe]]></Event>
<EventKey><![CDATA[]]></EventKey>
</xml>

2016-09-12 20:56:17 params :
------------
Array:
message : Array ;
module : news ;
rule : 56 ;
priority : 0 ;
keyword : Array ;

2016-09-12 20:56:17 response :
------------
Array:
FromUserName : gh_2a16c32dff4b ;
ToUserName : oZF73wKhrafqCtdXod-dBhSbOb-w ;
MsgType : news ;
ArticleCount : 1 ;
Articles : Array ;

2016-09-12 20:58:14 trace :
------------
String:
<xml><ToUserName><![CDATA[gh_2a16c32dff4b]]></ToUserName>
<FromUserName><![CDATA[oZF73wKhrafqCtdXod-dBhSbOb-w]]></FromUserName>
<CreateTime>1473685094</CreateTime>
<MsgType><![CDATA[event]]></MsgType>
<Event><![CDATA[VIEW]]></Event>
<EventKey><![CDATA[http://www.9kpu.com/app/index.php?i=26&c=home&]]></EventKey>
<MenuId>443004588</MenuId>
</xml>

2016-09-12 20:58:14 params :
------------
Array:
message : Array ;
module : news ;
rule : 56 ;
priority : 0 ;
keyword : Array ;

2016-09-12 20:58:14 response :
------------
Array:
FromUserName : gh_2a16c32dff4b ;
ToUserName : oZF73wKhrafqCtdXod-dBhSbOb-w ;
MsgType : news ;
ArticleCount : 1 ;
Articles : Array ;

2016-09-12 20:58:46 trace :
------------
String:
<xml><ToUserName><![CDATA[gh_2a16c32dff4b]]></ToUserName>
<FromUserName><![CDATA[oZF73wKhrafqCtdXod-dBhSbOb-w]]></FromUserName>
<CreateTime>1473685126</CreateTime>
<MsgType><![CDATA[event]]></MsgType>
<Event><![CDATA[VIEW]]></Event>
<EventKey><![CDATA[http://www.9kpu.com/app/index.php?i=26&c=entry&eid=1]]></EventKey>
<MenuId>443004588</MenuId>
</xml>

2016-09-12 20:58:46 params :
------------
Array:
message : Array ;
module : news ;
rule : 56 ;
priority : 0 ;
keyword : Array ;

2016-09-12 20:58:46 response :
------------
Array:
FromUserName : gh_2a16c32dff4b ;
ToUserName : oZF73wKhrafqCtdXod-dBhSbOb-w ;
MsgType : news ;
ArticleCount : 1 ;
Articles : Array ;

2016-09-12 20:58:52 trace :
------------
String:
<xml><ToUserName><![CDATA[gh_2a16c32dff4b]]></ToUserName>
<FromUserName><![CDATA[oZF73wKhrafqCtdXod-dBhSbOb-w]]></FromUserName>
<CreateTime>1473685132</CreateTime>
<MsgType><![CDATA[event]]></MsgType>
<Event><![CDATA[VIEW]]></Event>
<EventKey><![CDATA[http://www.9kpu.com/app/index.php?i=26&c=entry&do=teaIn&m=lianhu_school]]></EventKey>
<MenuId>443004588</MenuId>
</xml>

2016-09-12 20:58:52 params :
------------
Array:
message : Array ;
module : news ;
rule : 56 ;
priority : 0 ;
keyword : Array ;

2016-09-12 20:58:52 response :
------------
Array:
FromUserName : gh_2a16c32dff4b ;
ToUserName : oZF73wKhrafqCtdXod-dBhSbOb-w ;
MsgType : news ;
ArticleCount : 1 ;
Articles : Array ;

2016-09-12 20:59:03 trace :
------------
String:
<xml><ToUserName><![CDATA[gh_2a16c32dff4b]]></ToUserName>
<FromUserName><![CDATA[oZF73wKhrafqCtdXod-dBhSbOb-w]]></FromUserName>
<CreateTime>1473685143</CreateTime>
<MsgType><![CDATA[event]]></MsgType>
<Event><![CDATA[VIEW]]></Event>
<EventKey><![CDATA[http://www.9kpu.com/app/index.php?i=26&c=home&]]></EventKey>
<MenuId>443004588</MenuId>
</xml>

2016-09-12 20:59:03 params :
------------
Array:
message : Array ;
module : news ;
rule : 56 ;
priority : 0 ;
keyword : Array ;

2016-09-12 20:59:03 response :
------------
Array:
FromUserName : gh_2a16c32dff4b ;
ToUserName : oZF73wKhrafqCtdXod-dBhSbOb-w ;
MsgType : news ;
ArticleCount : 1 ;
Articles : Array ;

2016-09-12 21:05:33 trace :
------------
String:
<xml><ToUserName><![CDATA[gh_2a23de840671]]></ToUserName>
<FromUserName><![CDATA[oQxC9weJXTrwIzMLVNKQVk17RzZg]]></FromUserName>
<CreateTime>1473685533</CreateTime>
<MsgType><![CDATA[event]]></MsgType>
<Event><![CDATA[subscribe]]></Event>
<EventKey><![CDATA[]]></EventKey>
</xml>

2016-09-12 21:05:33 params :
------------
Array:
rule : -2 ;
module :  ;
message : Array ;

2016-09-12 21:05:33 response :
------------

2016-09-12 21:05:38 trace :
------------
String:
<xml><ToUserName><![CDATA[gh_2a23de840671]]></ToUserName>
<FromUserName><![CDATA[oQxC9weJXTrwIzMLVNKQVk17RzZg]]></FromUserName>
<CreateTime>1473685538</CreateTime>
<MsgType><![CDATA[event]]></MsgType>
<Event><![CDATA[VIEW]]></Event>
<EventKey><![CDATA[http://www.9kpu.com/app/index.php?i=31&c=home&]]></EventKey>
<MenuId>408135367</MenuId>
</xml>

2016-09-12 21:05:38 params :
------------
Array:
rule : -2 ;
module :  ;
message : Array ;

2016-09-12 21:05:38 response :
------------

2016-09-12 21:05:46 trace :
------------
String:
<xml><ToUserName><![CDATA[gh_2a23de840671]]></ToUserName>
<FromUserName><![CDATA[oQxC9weJXTrwIzMLVNKQVk17RzZg]]></FromUserName>
<CreateTime>1473685546</CreateTime>
<MsgType><![CDATA[event]]></MsgType>
<Event><![CDATA[VIEW]]></Event>
<EventKey><![CDATA[http://www.9kpu.com/app/index.php?i=31&c=entry&eid=2]]></EventKey>
<MenuId>408135367</MenuId>
</xml>

2016-09-12 21:05:46 params :
------------
Array:
rule : -2 ;
module :  ;
message : Array ;

2016-09-12 21:05:46 response :
------------

2016-09-12 21:05:50 trace :
------------
String:
<xml><ToUserName><![CDATA[gh_2a23de840671]]></ToUserName>
<FromUserName><![CDATA[oQxC9weJXTrwIzMLVNKQVk17RzZg]]></FromUserName>
<CreateTime>1473685550</CreateTime>
<MsgType><![CDATA[event]]></MsgType>
<Event><![CDATA[VIEW]]></Event>
<EventKey><![CDATA[http://www.9kpu.com/app/index.php?i=31&c=entry&eid=1]]></EventKey>
<MenuId>408135367</MenuId>
</xml>

2016-09-12 21:05:50 params :
------------
Array:
rule : -2 ;
module :  ;
message : Array ;

2016-09-12 21:05:50 response :
------------

2016-09-12 21:05:58 trace :
------------
String:
<xml><ToUserName><![CDATA[gh_2a23de840671]]></ToUserName>
<FromUserName><![CDATA[oQxC9weJXTrwIzMLVNKQVk17RzZg]]></FromUserName>
<CreateTime>1473685558</CreateTime>
<MsgType><![CDATA[event]]></MsgType>
<Event><![CDATA[VIEW]]></Event>
<EventKey><![CDATA[http://www.9kpu.com/app/index.php?i=31&c=home&]]></EventKey>
<MenuId>408135367</MenuId>
</xml>

2016-09-12 21:05:58 params :
------------
Array:
rule : -2 ;
module :  ;
message : Array ;

2016-09-12 21:05:58 response :
------------

2016-09-12 21:06:01 trace :
------------
String:
<xml><ToUserName><![CDATA[gh_2a23de840671]]></ToUserName>
<FromUserName><![CDATA[oQxC9weJXTrwIzMLVNKQVk17RzZg]]></FromUserName>
<CreateTime>1473685561</CreateTime>
<MsgType><![CDATA[event]]></MsgType>
<Event><![CDATA[VIEW]]></Event>
<EventKey><![CDATA[http://www.9kpu.com/app/index.php?i=31&c=entry&eid=1]]></EventKey>
<MenuId>408135367</MenuId>
</xml>

2016-09-12 21:06:01 params :
------------
Array:
rule : -2 ;
module :  ;
message : Array ;

2016-09-12 21:06:01 response :
------------

2016-09-12 21:06:29 trace :
------------
String:
<xml><ToUserName><![CDATA[gh_2a16c32dff4b]]></ToUserName>
<FromUserName><![CDATA[oZF73wOsVF9sGNqQZETJD7RQ3uf8]]></FromUserName>
<CreateTime>1473685589</CreateTime>
<MsgType><![CDATA[event]]></MsgType>
<Event><![CDATA[VIEW]]></Event>
<EventKey><![CDATA[http://www.9kpu.com/app/index.php?i=26&c=entry&eid=1]]></EventKey>
<MenuId>443004588</MenuId>
</xml>

2016-09-12 21:06:29 params :
------------
Array:
message : Array ;
module : news ;
rule : 56 ;
priority : 0 ;
keyword : Array ;

2016-09-12 21:06:29 response :
------------
Array:
FromUserName : gh_2a16c32dff4b ;
ToUserName : oZF73wOsVF9sGNqQZETJD7RQ3uf8 ;
MsgType : news ;
ArticleCount : 1 ;
Articles : Array ;

2016-09-12 21:06:52 trace :
------------
String:
<xml><ToUserName><![CDATA[gh_2a23de840671]]></ToUserName>
<FromUserName><![CDATA[oQxC9weJXTrwIzMLVNKQVk17RzZg]]></FromUserName>
<CreateTime>1473685612</CreateTime>
<MsgType><![CDATA[event]]></MsgType>
<Event><![CDATA[VIEW]]></Event>
<EventKey><![CDATA[http://www.9kpu.com/app/index.php?i=31&c=home&]]></EventKey>
<MenuId>408135367</MenuId>
</xml>

2016-09-12 21:06:52 params :
------------
Array:
rule : -2 ;
module :  ;
message : Array ;

2016-09-12 21:06:52 response :
------------

2016-09-12 21:07:08 trace :
------------
String:
<xml><ToUserName><![CDATA[gh_2a23de840671]]></ToUserName>
<FromUserName><![CDATA[oQxC9weJXTrwIzMLVNKQVk17RzZg]]></FromUserName>
<CreateTime>1473685628</CreateTime>
<MsgType><![CDATA[event]]></MsgType>
<Event><![CDATA[VIEW]]></Event>
<EventKey><![CDATA[http://www.9kpu.com/app/index.php?i=31&c=entry&eid=1]]></EventKey>
<MenuId>408135367</MenuId>
</xml>

2016-09-12 21:07:08 params :
------------
Array:
rule : -2 ;
module :  ;
message : Array ;

2016-09-12 21:07:08 response :
------------

2016-09-12 21:08:20 trace :
------------
String:
<xml><ToUserName><![CDATA[gh_2a23de840671]]></ToUserName>
<FromUserName><![CDATA[oQxC9weJXTrwIzMLVNKQVk17RzZg]]></FromUserName>
<CreateTime>1473685700</CreateTime>
<MsgType><![CDATA[event]]></MsgType>
<Event><![CDATA[VIEW]]></Event>
<EventKey><![CDATA[http://www.9kpu.com/app/index.php?i=31&c=home&]]></EventKey>
<MenuId>408135367</MenuId>
</xml>

2016-09-12 21:08:20 params :
------------
Array:
rule : -2 ;
module :  ;
message : Array ;

2016-09-12 21:08:20 response :
------------

2016-09-12 21:08:23 trace :
------------
String:
<xml><ToUserName><![CDATA[gh_2a23de840671]]></ToUserName>
<FromUserName><![CDATA[oQxC9weJXTrwIzMLVNKQVk17RzZg]]></FromUserName>
<CreateTime>1473685703</CreateTime>
<MsgType><![CDATA[event]]></MsgType>
<Event><![CDATA[VIEW]]></Event>
<EventKey><![CDATA[http://www.9kpu.com/app/index.php?i=31&c=entry&eid=2]]></EventKey>
<MenuId>408135367</MenuId>
</xml>

2016-09-12 21:08:23 params :
------------
Array:
rule : -2 ;
module :  ;
message : Array ;

2016-09-12 21:08:23 response :
------------

2016-09-12 21:37:29 trace :
------------
String:
<xml><ToUserName><![CDATA[gh_e7a0c8306261]]></ToUserName>
<FromUserName><![CDATA[oRj-Fs5QjtciVl9kBRfKQQiKibmI]]></FromUserName>
<CreateTime>1473687449</CreateTime>
<MsgType><![CDATA[event]]></MsgType>
<Event><![CDATA[VIEW]]></Event>
<EventKey><![CDATA[http://www.9kpu.com/app/index.php?i=13&c=entry&eid=1]]></EventKey>
<MenuId>409075692</MenuId>
</xml>

2016-09-12 21:37:29 params :
------------
Array:
message : Array ;
module : basic ;
rule : 22 ;
priority : 0 ;
keyword : Array ;

2016-09-12 21:37:29 response :
------------
Array:
FromUserName : gh_e7a0c8306261 ;
ToUserName : oRj-Fs5QjtciVl9kBRfKQQiKibmI ;
MsgType : text ;
Content : 欢迎关注同城学堂，点击微官网查看本学校介绍信息，家长点击学生天地绑定自己小孩信息使用，老师点击教师信息绑定自己账号使用 ;

2016-09-12 21:37:51 trace :
------------
String:
<xml><ToUserName><![CDATA[gh_e7a0c8306261]]></ToUserName>
<FromUserName><![CDATA[oRj-Fs5QjtciVl9kBRfKQQiKibmI]]></FromUserName>
<CreateTime>1473687471</CreateTime>
<MsgType><![CDATA[event]]></MsgType>
<Event><![CDATA[VIEW]]></Event>
<EventKey><![CDATA[http://www.9kpu.com/app/index.php?i=13&c=entry&eid=2]]></EventKey>
<MenuId>409075692</MenuId>
</xml>

2016-09-12 21:37:51 params :
------------
Array:
message : Array ;
module : basic ;
rule : 22 ;
priority : 0 ;
keyword : Array ;

2016-09-12 21:37:51 response :
------------
Array:
FromUserName : gh_e7a0c8306261 ;
ToUserName : oRj-Fs5QjtciVl9kBRfKQQiKibmI ;
MsgType : text ;
Content : 欢迎关注同城学堂，点击微官网查看本学校介绍信息，家长点击学生天地绑定自己小孩信息使用，老师点击教师信息绑定自己账号使用 ;

