2016-08-13 00:40:06 trace :
------------
String:
<xml><ToUserName><![CDATA[gh_2a16c32dff4b]]></ToUserName>
<FromUserName><![CDATA[oZF73wDhKibjcHjeAHp6nLacCh_8]]></FromUserName>
<CreateTime>1471020006</CreateTime>
<MsgType><![CDATA[event]]></MsgType>
<Event><![CDATA[VIEW]]></Event>
<EventKey><![CDATA[http://www.9kpu.com/app/index.php?i=26&c=home&]]></EventKey>
<MenuId>443004588</MenuId>
</xml>

2016-08-13 00:40:06 params :
------------
Array:
message : Array ;
module : news ;
rule : 56 ;
priority : 0 ;
keyword : Array ;

2016-08-13 00:40:06 response :
------------
Array:
FromUserName : gh_2a16c32dff4b ;
ToUserName : oZF73wDhKibjcHjeAHp6nLacCh_8 ;
MsgType : news ;
ArticleCount : 1 ;
Articles : Array ;

2016-08-13 00:40:47 trace :
------------
String:
<xml><ToUserName><![CDATA[gh_2a16c32dff4b]]></ToUserName>
<FromUserName><![CDATA[oZF73wDhKibjcHjeAHp6nLacCh_8]]></FromUserName>
<CreateTime>1471020047</CreateTime>
<MsgType><![CDATA[event]]></MsgType>
<Event><![CDATA[VIEW]]></Event>
<EventKey><![CDATA[http://www.9kpu.com/app/index.php?i=26&c=home&]]></EventKey>
<MenuId>443004588</MenuId>
</xml>

2016-08-13 00:40:47 params :
------------
Array:
message : Array ;
module : news ;
rule : 56 ;
priority : 0 ;
keyword : Array ;

2016-08-13 00:40:47 response :
------------
Array:
FromUserName : gh_2a16c32dff4b ;
ToUserName : oZF73wDhKibjcHjeAHp6nLacCh_8 ;
MsgType : news ;
ArticleCount : 1 ;
Articles : Array ;

2016-08-13 00:41:44 trace :
------------
String:
<xml><ToUserName><![CDATA[gh_2a16c32dff4b]]></ToUserName>
<FromUserName><![CDATA[oZF73wDhKibjcHjeAHp6nLacCh_8]]></FromUserName>
<CreateTime>1471020104</CreateTime>
<MsgType><![CDATA[event]]></MsgType>
<Event><![CDATA[VIEW]]></Event>
<EventKey><![CDATA[http://www.9kpu.com/app/index.php?i=26&c=home&t=43]]></EventKey>
<MenuId>443004588</MenuId>
</xml>

2016-08-13 00:41:44 params :
------------
Array:
message : Array ;
module : news ;
rule : 56 ;
priority : 0 ;
keyword : Array ;

2016-08-13 00:41:44 response :
------------
Array:
FromUserName : gh_2a16c32dff4b ;
ToUserName : oZF73wDhKibjcHjeAHp6nLacCh_8 ;
MsgType : news ;
ArticleCount : 1 ;
Articles : Array ;

2016-08-13 02:21:31 trace :
------------
String:
<xml><ToUserName><![CDATA[gh_2a16c32dff4b]]></ToUserName>
<FromUserName><![CDATA[oZF73wDhKibjcHjeAHp6nLacCh_8]]></FromUserName>
<CreateTime>1471026091</CreateTime>
<MsgType><![CDATA[event]]></MsgType>
<Event><![CDATA[VIEW]]></Event>
<EventKey><![CDATA[http://www.9kpu.com/app/index.php?i=26&c=home&]]></EventKey>
<MenuId>443004588</MenuId>
</xml>

2016-08-13 02:21:31 params :
------------
Array:
message : Array ;
module : news ;
rule : 56 ;
priority : 0 ;
keyword : Array ;

2016-08-13 02:21:31 response :
------------
Array:
FromUserName : gh_2a16c32dff4b ;
ToUserName : oZF73wDhKibjcHjeAHp6nLacCh_8 ;
MsgType : news ;
ArticleCount : 1 ;
Articles : Array ;

2016-08-13 18:12:42 trace :
------------
String:
<xml><ToUserName><![CDATA[gh_081ee8610e82]]></ToUserName>
<FromUserName><![CDATA[ohNDtvv8PDFqifacH9rwLYMejnDw]]></FromUserName>
<CreateTime>1471083162</CreateTime>
<MsgType><![CDATA[event]]></MsgType>
<Event><![CDATA[VIEW]]></Event>
<EventKey><![CDATA[http://www.9kpu.com/app/index.php?i=4&c=entry&eid=37]]></EventKey>
<MenuId>413434304</MenuId>
</xml>

2016-08-13 18:12:42 params :
------------
Array:
message : Array ;
module : basic ;
rule : 13 ;
priority : 0 ;
keyword : Array ;

2016-08-13 18:12:42 response :
------------
Array:
FromUserName : gh_081ee8610e82 ;
ToUserName : ohNDtvv8PDFqifacH9rwLYMejnDw ;
MsgType : text ;
Content : 等你好久了，智慧微校欢迎您。如果您是来逛逛的，请点开微官网查看我们学校的介绍信息。如果您是家长，请点开学生中心，用您家孩子姓名与学号绑定，就可尽情使用微校功能。如果您是老师，请点开微办公，用系统分配的账号与密码完成绑定，使用微校完成家校互动。 ;

2016-08-13 18:12:55 trace :
------------
String:
<xml><ToUserName><![CDATA[gh_081ee8610e82]]></ToUserName>
<FromUserName><![CDATA[ohNDtvv8PDFqifacH9rwLYMejnDw]]></FromUserName>
<CreateTime>1471083175</CreateTime>
<MsgType><![CDATA[event]]></MsgType>
<Event><![CDATA[VIEW]]></Event>
<EventKey><![CDATA[http://www.9kpu.com/app/index.php?i=4&c=entry&eid=1]]></EventKey>
<MenuId>413434304</MenuId>
</xml>

2016-08-13 18:12:55 params :
------------
Array:
message : Array ;
module : basic ;
rule : 13 ;
priority : 0 ;
keyword : Array ;

2016-08-13 18:12:55 response :
------------
Array:
FromUserName : gh_081ee8610e82 ;
ToUserName : ohNDtvv8PDFqifacH9rwLYMejnDw ;
MsgType : text ;
Content : 等你好久了，智慧微校欢迎您。如果您是来逛逛的，请点开微官网查看我们学校的介绍信息。如果您是家长，请点开学生中心，用您家孩子姓名与学号绑定，就可尽情使用微校功能。如果您是老师，请点开微办公，用系统分配的账号与密码完成绑定，使用微校完成家校互动。 ;

2016-08-13 18:13:07 trace :
------------
String:
<xml><ToUserName><![CDATA[gh_081ee8610e82]]></ToUserName>
<FromUserName><![CDATA[ohNDtvv8PDFqifacH9rwLYMejnDw]]></FromUserName>
<CreateTime>1471083187</CreateTime>
<MsgType><![CDATA[event]]></MsgType>
<Event><![CDATA[VIEW]]></Event>
<EventKey><![CDATA[http://www.9kpu.com/app/index.php?i=4&c=entry&eid=2]]></EventKey>
<MenuId>413434304</MenuId>
</xml>

2016-08-13 18:13:07 params :
------------
Array:
message : Array ;
module : basic ;
rule : 13 ;
priority : 0 ;
keyword : Array ;

2016-08-13 18:13:07 response :
------------
Array:
FromUserName : gh_081ee8610e82 ;
ToUserName : ohNDtvv8PDFqifacH9rwLYMejnDw ;
MsgType : text ;
Content : 等你好久了，智慧微校欢迎您。如果您是来逛逛的，请点开微官网查看我们学校的介绍信息。如果您是家长，请点开学生中心，用您家孩子姓名与学号绑定，就可尽情使用微校功能。如果您是老师，请点开微办公，用系统分配的账号与密码完成绑定，使用微校完成家校互动。 ;

