2016-05-10 14:30:28 trace :
------------
String:
<xml><ToUserName><![CDATA[gh_081ee8610e82]]></ToUserName>
<FromUserName><![CDATA[ohNDtvk5FHRmzjmJNacUY2f95meE]]></FromUserName>
<CreateTime>1462861828</CreateTime>
<MsgType><![CDATA[event]]></MsgType>
<Event><![CDATA[VIEW]]></Event>
<EventKey><![CDATA[http://official.weixiao100.cn/custom/v3/index.html?schoolCode=zscy001&cropId=wx29a48dfc48fb3877&t=1461379426737]]></EventKey>
<MenuId>404202786</MenuId>
</xml>

2016-05-10 14:30:28 params :
------------
Array:
message : Array ;
module : basic ;
rule : 13 ;
priority : 0 ;
keyword : Array ;

2016-05-10 14:30:28 response :
------------
Array:
FromUserName : gh_081ee8610e82 ;
ToUserName : ohNDtvk5FHRmzjmJNacUY2f95meE ;
MsgType : text ;
Content : 等你好久了，智慧微校欢迎您。如果您是来逛逛的，请点开微官网查看我们学校的介绍信息。如果您是家长，请点开学生中心，用您家孩子姓名与学号绑定，就可尽情使用微校功能。如果您是老师，请点开微办公，用系统分配的账号与密码完成绑定，使用微校完成家校互动。 ;

2016-05-10 14:30:40 trace :
------------
String:
<xml><ToUserName><![CDATA[gh_081ee8610e82]]></ToUserName>
<FromUserName><![CDATA[ohNDtvk5FHRmzjmJNacUY2f95meE]]></FromUserName>
<CreateTime>1462861840</CreateTime>
<MsgType><![CDATA[event]]></MsgType>
<Event><![CDATA[VIEW]]></Event>
<EventKey><![CDATA[http://www.9kpu.com/app/index.php?i=4&c=entry&eid=1]]></EventKey>
<MenuId>404202786</MenuId>
</xml>

2016-05-10 14:30:40 params :
------------
Array:
message : Array ;
module : basic ;
rule : 13 ;
priority : 0 ;
keyword : Array ;

2016-05-10 14:30:40 response :
------------
Array:
FromUserName : gh_081ee8610e82 ;
ToUserName : ohNDtvk5FHRmzjmJNacUY2f95meE ;
MsgType : text ;
Content : 等你好久了，智慧微校欢迎您。如果您是来逛逛的，请点开微官网查看我们学校的介绍信息。如果您是家长，请点开学生中心，用您家孩子姓名与学号绑定，就可尽情使用微校功能。如果您是老师，请点开微办公，用系统分配的账号与密码完成绑定，使用微校完成家校互动。 ;

2016-05-10 14:31:41 trace :
------------
String:
<xml><ToUserName><![CDATA[gh_081ee8610e82]]></ToUserName>
<FromUserName><![CDATA[ohNDtvk5FHRmzjmJNacUY2f95meE]]></FromUserName>
<CreateTime>1462861901</CreateTime>
<MsgType><![CDATA[event]]></MsgType>
<Event><![CDATA[VIEW]]></Event>
<EventKey><![CDATA[http://www.9kpu.com/app/index.php?i=4&c=entry&eid=2]]></EventKey>
<MenuId>404202786</MenuId>
</xml>

2016-05-10 14:31:41 params :
------------
Array:
message : Array ;
module : basic ;
rule : 13 ;
priority : 0 ;
keyword : Array ;

2016-05-10 14:31:41 response :
------------
Array:
FromUserName : gh_081ee8610e82 ;
ToUserName : ohNDtvk5FHRmzjmJNacUY2f95meE ;
MsgType : text ;
Content : 等你好久了，智慧微校欢迎您。如果您是来逛逛的，请点开微官网查看我们学校的介绍信息。如果您是家长，请点开学生中心，用您家孩子姓名与学号绑定，就可尽情使用微校功能。如果您是老师，请点开微办公，用系统分配的账号与密码完成绑定，使用微校完成家校互动。 ;

2016-05-10 14:32:56 trace :
------------
String:
<xml><ToUserName><![CDATA[gh_081ee8610e82]]></ToUserName>
<FromUserName><![CDATA[ohNDtvk5FHRmzjmJNacUY2f95meE]]></FromUserName>
<CreateTime>1462861976</CreateTime>
<MsgType><![CDATA[event]]></MsgType>
<Event><![CDATA[VIEW]]></Event>
<EventKey><![CDATA[http://official.weixiao100.cn/custom/v3/index.html?schoolCode=zscy001&cropId=wx29a48dfc48fb3877&t=1461379426737]]></EventKey>
<MenuId>404202786</MenuId>
</xml>

2016-05-10 14:32:56 params :
------------
Array:
message : Array ;
module : basic ;
rule : 13 ;
priority : 0 ;
keyword : Array ;

2016-05-10 14:32:56 response :
------------
Array:
FromUserName : gh_081ee8610e82 ;
ToUserName : ohNDtvk5FHRmzjmJNacUY2f95meE ;
MsgType : text ;
Content : 等你好久了，智慧微校欢迎您。如果您是来逛逛的，请点开微官网查看我们学校的介绍信息。如果您是家长，请点开学生中心，用您家孩子姓名与学号绑定，就可尽情使用微校功能。如果您是老师，请点开微办公，用系统分配的账号与密码完成绑定，使用微校完成家校互动。 ;

2016-05-10 14:33:12 trace :
------------
String:
<xml><ToUserName><![CDATA[gh_081ee8610e82]]></ToUserName>
<FromUserName><![CDATA[ohNDtvk5FHRmzjmJNacUY2f95meE]]></FromUserName>
<CreateTime>1462861992</CreateTime>
<MsgType><![CDATA[event]]></MsgType>
<Event><![CDATA[VIEW]]></Event>
<EventKey><![CDATA[http://www.9kpu.com/app/index.php?i=4&c=entry&eid=1]]></EventKey>
<MenuId>404202786</MenuId>
</xml>

2016-05-10 14:33:12 params :
------------
Array:
message : Array ;
module : basic ;
rule : 13 ;
priority : 0 ;
keyword : Array ;

2016-05-10 14:33:12 response :
------------
Array:
FromUserName : gh_081ee8610e82 ;
ToUserName : ohNDtvk5FHRmzjmJNacUY2f95meE ;
MsgType : text ;
Content : 等你好久了，智慧微校欢迎您。如果您是来逛逛的，请点开微官网查看我们学校的介绍信息。如果您是家长，请点开学生中心，用您家孩子姓名与学号绑定，就可尽情使用微校功能。如果您是老师，请点开微办公，用系统分配的账号与密码完成绑定，使用微校完成家校互动。 ;

2016-05-10 15:53:21 trace :
------------
String:
<xml><ToUserName><![CDATA[gh_7d1762dac7c2]]></ToUserName>
<FromUserName><![CDATA[o8AZcwAiJ6KrlfHjSUeM1giTIwE4]]></FromUserName>
<CreateTime>1462866800</CreateTime>
<MsgType><![CDATA[event]]></MsgType>
<Event><![CDATA[subscribe]]></Event>
<EventKey><![CDATA[]]></EventKey>
</xml>

2016-05-10 15:53:21 params :
------------
Array:
rule : -2 ;
module :  ;
message : Array ;

2016-05-10 15:53:21 response :
------------

2016-05-10 15:53:34 trace :
------------
String:
<xml><ToUserName><![CDATA[gh_7d1762dac7c2]]></ToUserName>
<FromUserName><![CDATA[o8AZcwAiJ6KrlfHjSUeM1giTIwE4]]></FromUserName>
<CreateTime>1462866814</CreateTime>
<MsgType><![CDATA[event]]></MsgType>
<Event><![CDATA[unsubscribe]]></Event>
<EventKey><![CDATA[]]></EventKey>
</xml>

2016-05-10 18:59:17 trace :
------------
String:
<xml><ToUserName><![CDATA[gh_7d1762dac7c2]]></ToUserName>
<FromUserName><![CDATA[o8AZcwI1CuM8-uXWjM0G-anlq39o]]></FromUserName>
<CreateTime>1462877957</CreateTime>
<MsgType><![CDATA[event]]></MsgType>
<Event><![CDATA[VIEW]]></Event>
<EventKey><![CDATA[http://www.9kpu.com/app/index.php?i=6&c=entry&eid=1]]></EventKey>
<MenuId>406999612</MenuId>
</xml>

2016-05-10 18:59:17 params :
------------
Array:
rule : -2 ;
module :  ;
message : Array ;

2016-05-10 18:59:17 response :
------------

2016-05-10 18:59:31 trace :
------------
String:
<xml><ToUserName><![CDATA[gh_7d1762dac7c2]]></ToUserName>
<FromUserName><![CDATA[o8AZcwI1CuM8-uXWjM0G-anlq39o]]></FromUserName>
<CreateTime>1462877971</CreateTime>
<MsgType><![CDATA[event]]></MsgType>
<Event><![CDATA[VIEW]]></Event>
<EventKey><![CDATA[http://www.9kpu.com/app/index.php?i=6&c=entry&eid=2]]></EventKey>
<MenuId>406999612</MenuId>
</xml>

2016-05-10 18:59:31 params :
------------
Array:
rule : -2 ;
module :  ;
message : Array ;

2016-05-10 18:59:31 response :
------------

2016-05-10 19:00:56 trace :
------------
String:
<xml><ToUserName><![CDATA[gh_081ee8610e82]]></ToUserName>
<FromUserName><![CDATA[ohNDtvmkH5hPI_vr3_7pO0Ijn9kU]]></FromUserName>
<CreateTime>1462878056</CreateTime>
<MsgType><![CDATA[event]]></MsgType>
<Event><![CDATA[VIEW]]></Event>
<EventKey><![CDATA[http://official.weixiao100.cn/custom/v3/index.html?schoolCode=zscy001&cropId=wx29a48dfc48fb3877&t=1461379426737]]></EventKey>
<MenuId>404202786</MenuId>
</xml>

2016-05-10 19:00:56 params :
------------
Array:
message : Array ;
module : basic ;
rule : 13 ;
priority : 0 ;
keyword : Array ;

2016-05-10 19:00:56 response :
------------
Array:
FromUserName : gh_081ee8610e82 ;
ToUserName : ohNDtvmkH5hPI_vr3_7pO0Ijn9kU ;
MsgType : text ;
Content : 等你好久了，智慧微校欢迎您。如果您是来逛逛的，请点开微官网查看我们学校的介绍信息。如果您是家长，请点开学生中心，用您家孩子姓名与学号绑定，就可尽情使用微校功能。如果您是老师，请点开微办公，用系统分配的账号与密码完成绑定，使用微校完成家校互动。 ;

2016-05-10 19:01:16 trace :
------------
String:
<xml><ToUserName><![CDATA[gh_081ee8610e82]]></ToUserName>
<FromUserName><![CDATA[ohNDtvmkH5hPI_vr3_7pO0Ijn9kU]]></FromUserName>
<CreateTime>1462878076</CreateTime>
<MsgType><![CDATA[event]]></MsgType>
<Event><![CDATA[VIEW]]></Event>
<EventKey><![CDATA[http://www.9kpu.com/app/index.php?i=4&c=entry&eid=1]]></EventKey>
<MenuId>404202786</MenuId>
</xml>

2016-05-10 19:01:16 params :
------------
Array:
message : Array ;
module : basic ;
rule : 13 ;
priority : 0 ;
keyword : Array ;

2016-05-10 19:01:16 response :
------------
Array:
FromUserName : gh_081ee8610e82 ;
ToUserName : ohNDtvmkH5hPI_vr3_7pO0Ijn9kU ;
MsgType : text ;
Content : 等你好久了，智慧微校欢迎您。如果您是来逛逛的，请点开微官网查看我们学校的介绍信息。如果您是家长，请点开学生中心，用您家孩子姓名与学号绑定，就可尽情使用微校功能。如果您是老师，请点开微办公，用系统分配的账号与密码完成绑定，使用微校完成家校互动。 ;

2016-05-10 19:01:25 trace :
------------
String:
<xml><ToUserName><![CDATA[gh_081ee8610e82]]></ToUserName>
<FromUserName><![CDATA[ohNDtvmkH5hPI_vr3_7pO0Ijn9kU]]></FromUserName>
<CreateTime>1462878085</CreateTime>
<MsgType><![CDATA[event]]></MsgType>
<Event><![CDATA[VIEW]]></Event>
<EventKey><![CDATA[http://www.9kpu.com/app/index.php?i=4&c=entry&eid=2]]></EventKey>
<MenuId>404202786</MenuId>
</xml>

2016-05-10 19:01:25 params :
------------
Array:
message : Array ;
module : basic ;
rule : 13 ;
priority : 0 ;
keyword : Array ;

2016-05-10 19:01:25 response :
------------
Array:
FromUserName : gh_081ee8610e82 ;
ToUserName : ohNDtvmkH5hPI_vr3_7pO0Ijn9kU ;
MsgType : text ;
Content : 等你好久了，智慧微校欢迎您。如果您是来逛逛的，请点开微官网查看我们学校的介绍信息。如果您是家长，请点开学生中心，用您家孩子姓名与学号绑定，就可尽情使用微校功能。如果您是老师，请点开微办公，用系统分配的账号与密码完成绑定，使用微校完成家校互动。 ;

2016-05-10 19:01:29 trace :
------------
String:
<xml><ToUserName><![CDATA[gh_081ee8610e82]]></ToUserName>
<FromUserName><![CDATA[ohNDtvmkH5hPI_vr3_7pO0Ijn9kU]]></FromUserName>
<CreateTime>1462878089</CreateTime>
<MsgType><![CDATA[event]]></MsgType>
<Event><![CDATA[VIEW]]></Event>
<EventKey><![CDATA[http://official.weixiao100.cn/custom/v3/index.html?schoolCode=zscy001&cropId=wx29a48dfc48fb3877&t=1461379426737]]></EventKey>
<MenuId>404202786</MenuId>
</xml>

2016-05-10 19:01:30 params :
------------
Array:
message : Array ;
module : basic ;
rule : 13 ;
priority : 0 ;
keyword : Array ;

2016-05-10 19:01:30 response :
------------
Array:
FromUserName : gh_081ee8610e82 ;
ToUserName : ohNDtvmkH5hPI_vr3_7pO0Ijn9kU ;
MsgType : text ;
Content : 等你好久了，智慧微校欢迎您。如果您是来逛逛的，请点开微官网查看我们学校的介绍信息。如果您是家长，请点开学生中心，用您家孩子姓名与学号绑定，就可尽情使用微校功能。如果您是老师，请点开微办公，用系统分配的账号与密码完成绑定，使用微校完成家校互动。 ;

2016-05-10 19:07:28 trace :
------------
String:
<xml><ToUserName><![CDATA[gh_081ee8610e82]]></ToUserName>
<FromUserName><![CDATA[ohNDtvmkH5hPI_vr3_7pO0Ijn9kU]]></FromUserName>
<CreateTime>1462878447</CreateTime>
<MsgType><![CDATA[event]]></MsgType>
<Event><![CDATA[VIEW]]></Event>
<EventKey><![CDATA[http://www.9kpu.com/app/index.php?i=4&c=entry&eid=1]]></EventKey>
<MenuId>404202786</MenuId>
</xml>

2016-05-10 19:07:28 params :
------------
Array:
message : Array ;
module : basic ;
rule : 13 ;
priority : 0 ;
keyword : Array ;

2016-05-10 19:07:28 response :
------------
Array:
FromUserName : gh_081ee8610e82 ;
ToUserName : ohNDtvmkH5hPI_vr3_7pO0Ijn9kU ;
MsgType : text ;
Content : 等你好久了，智慧微校欢迎您。如果您是来逛逛的，请点开微官网查看我们学校的介绍信息。如果您是家长，请点开学生中心，用您家孩子姓名与学号绑定，就可尽情使用微校功能。如果您是老师，请点开微办公，用系统分配的账号与密码完成绑定，使用微校完成家校互动。 ;

2016-05-10 19:08:13 trace :
------------
String:
<xml><ToUserName><![CDATA[gh_081ee8610e82]]></ToUserName>
<FromUserName><![CDATA[ohNDtvmkH5hPI_vr3_7pO0Ijn9kU]]></FromUserName>
<CreateTime>1462878493</CreateTime>
<MsgType><![CDATA[event]]></MsgType>
<Event><![CDATA[VIEW]]></Event>
<EventKey><![CDATA[http://www.9kpu.com/app/index.php?i=4&c=entry&eid=1]]></EventKey>
<MenuId>404202786</MenuId>
</xml>

2016-05-10 19:08:13 params :
------------
Array:
message : Array ;
module : basic ;
rule : 13 ;
priority : 0 ;
keyword : Array ;

2016-05-10 19:08:13 response :
------------
Array:
FromUserName : gh_081ee8610e82 ;
ToUserName : ohNDtvmkH5hPI_vr3_7pO0Ijn9kU ;
MsgType : text ;
Content : 等你好久了，智慧微校欢迎您。如果您是来逛逛的，请点开微官网查看我们学校的介绍信息。如果您是家长，请点开学生中心，用您家孩子姓名与学号绑定，就可尽情使用微校功能。如果您是老师，请点开微办公，用系统分配的账号与密码完成绑定，使用微校完成家校互动。 ;

