2016-08-03 10:00:15 trace :
------------
String:
<xml><ToUserName><![CDATA[gh_2a16c32dff4b]]></ToUserName>
<FromUserName><![CDATA[oZF73wBAO8cKUE_Jv7r5Ro0uWW2Q]]></FromUserName>
<CreateTime>1470189615</CreateTime>
<MsgType><![CDATA[event]]></MsgType>
<Event><![CDATA[VIEW]]></Event>
<EventKey><![CDATA[http://www.9kpu.com/app/index.php?i=26&c=entry&eid=1]]></EventKey>
<MenuId>442736005</MenuId>
</xml>

2016-08-03 10:00:15 params :
------------
Array:
rule : -2 ;
module :  ;
message : Array ;

2016-08-03 10:00:15 response :
------------

2016-08-03 10:00:28 trace :
------------
String:
<xml><ToUserName><![CDATA[gh_2a16c32dff4b]]></ToUserName>
<FromUserName><![CDATA[oZF73wBAO8cKUE_Jv7r5Ro0uWW2Q]]></FromUserName>
<CreateTime>1470189628</CreateTime>
<MsgType><![CDATA[event]]></MsgType>
<Event><![CDATA[VIEW]]></Event>
<EventKey><![CDATA[http://www.9kpu.com/app/index.php?i=26&c=entry&do=teaIn&m=lianhu_school]]></EventKey>
<MenuId>442736005</MenuId>
</xml>

2016-08-03 10:00:28 params :
------------
Array:
rule : -2 ;
module :  ;
message : Array ;

2016-08-03 10:00:28 response :
------------

2016-08-03 10:00:34 trace :
------------
String:
<xml><ToUserName><![CDATA[gh_2a16c32dff4b]]></ToUserName>
<FromUserName><![CDATA[oZF73wBAO8cKUE_Jv7r5Ro0uWW2Q]]></FromUserName>
<CreateTime>1470189634</CreateTime>
<MsgType><![CDATA[event]]></MsgType>
<Event><![CDATA[VIEW]]></Event>
<EventKey><![CDATA[http://www.9kpu.com/app/index.php?i=26&c=home&t=37]]></EventKey>
<MenuId>442736005</MenuId>
</xml>

2016-08-03 10:00:34 params :
------------
Array:
rule : -2 ;
module :  ;
message : Array ;

2016-08-03 10:00:34 response :
------------

2016-08-03 10:01:02 trace :
------------
String:
<xml><ToUserName><![CDATA[gh_2a16c32dff4b]]></ToUserName>
<FromUserName><![CDATA[oZF73wBAO8cKUE_Jv7r5Ro0uWW2Q]]></FromUserName>
<CreateTime>1470189662</CreateTime>
<MsgType><![CDATA[event]]></MsgType>
<Event><![CDATA[VIEW]]></Event>
<EventKey><![CDATA[http://www.9kpu.com/app/index.php?i=26&c=home&]]></EventKey>
<MenuId>442736005</MenuId>
</xml>

2016-08-03 10:01:02 params :
------------
Array:
rule : -2 ;
module :  ;
message : Array ;

2016-08-03 10:01:02 response :
------------

2016-08-03 10:01:13 trace :
------------
String:
<xml><ToUserName><![CDATA[gh_2a16c32dff4b]]></ToUserName>
<FromUserName><![CDATA[oZF73wBAO8cKUE_Jv7r5Ro0uWW2Q]]></FromUserName>
<CreateTime>1470189673</CreateTime>
<MsgType><![CDATA[event]]></MsgType>
<Event><![CDATA[VIEW]]></Event>
<EventKey><![CDATA[http://www.9kpu.com/app/index.php?i=26&c=home&]]></EventKey>
<MenuId>442736005</MenuId>
</xml>

2016-08-03 10:01:13 params :
------------
Array:
rule : -2 ;
module :  ;
message : Array ;

2016-08-03 10:01:13 response :
------------

2016-08-03 10:01:40 trace :
------------
String:
<xml><ToUserName><![CDATA[gh_2a16c32dff4b]]></ToUserName>
<FromUserName><![CDATA[oZF73wBAO8cKUE_Jv7r5Ro0uWW2Q]]></FromUserName>
<CreateTime>1470189700</CreateTime>
<MsgType><![CDATA[event]]></MsgType>
<Event><![CDATA[VIEW]]></Event>
<EventKey><![CDATA[http://www.9kpu.com/app/index.php?i=26&c=entry&eid=1]]></EventKey>
<MenuId>442736005</MenuId>
</xml>

2016-08-03 10:01:40 params :
------------
Array:
rule : -2 ;
module :  ;
message : Array ;

2016-08-03 10:01:40 response :
------------

2016-08-03 10:03:46 trace :
------------
String:
<xml><ToUserName><![CDATA[gh_2a16c32dff4b]]></ToUserName>
<FromUserName><![CDATA[oZF73wBAO8cKUE_Jv7r5Ro0uWW2Q]]></FromUserName>
<CreateTime>1470189826</CreateTime>
<MsgType><![CDATA[event]]></MsgType>
<Event><![CDATA[VIEW]]></Event>
<EventKey><![CDATA[http://www.9kpu.com/app/index.php?i=26&c=home&]]></EventKey>
<MenuId>442736005</MenuId>
</xml>

2016-08-03 10:03:46 params :
------------
Array:
rule : -2 ;
module :  ;
message : Array ;

2016-08-03 10:03:46 response :
------------

2016-08-03 10:03:59 trace :
------------
String:
<xml><ToUserName><![CDATA[gh_2a16c32dff4b]]></ToUserName>
<FromUserName><![CDATA[oZF73wBAO8cKUE_Jv7r5Ro0uWW2Q]]></FromUserName>
<CreateTime>1470189839</CreateTime>
<MsgType><![CDATA[event]]></MsgType>
<Event><![CDATA[VIEW]]></Event>
<EventKey><![CDATA[http://www.9kpu.com/app/index.php?i=26&c=home&t=37]]></EventKey>
<MenuId>442736005</MenuId>
</xml>

2016-08-03 10:03:59 params :
------------
Array:
rule : -2 ;
module :  ;
message : Array ;

2016-08-03 10:03:59 response :
------------

2016-08-03 10:04:08 trace :
------------
String:
<xml><ToUserName><![CDATA[gh_2a16c32dff4b]]></ToUserName>
<FromUserName><![CDATA[oZF73wBAO8cKUE_Jv7r5Ro0uWW2Q]]></FromUserName>
<CreateTime>1470189848</CreateTime>
<MsgType><![CDATA[event]]></MsgType>
<Event><![CDATA[VIEW]]></Event>
<EventKey><![CDATA[http://www.9kpu.com/app/index.php?i=26&c=home&]]></EventKey>
<MenuId>442736005</MenuId>
</xml>

2016-08-03 10:04:08 params :
------------
Array:
rule : -2 ;
module :  ;
message : Array ;

2016-08-03 10:04:08 response :
------------

2016-08-03 10:09:31 trace :
------------
String:
<xml><ToUserName><![CDATA[gh_2a16c32dff4b]]></ToUserName>
<FromUserName><![CDATA[oZF73wBAO8cKUE_Jv7r5Ro0uWW2Q]]></FromUserName>
<CreateTime>1470190171</CreateTime>
<MsgType><![CDATA[event]]></MsgType>
<Event><![CDATA[VIEW]]></Event>
<EventKey><![CDATA[http://www.9kpu.com/app/index.php?i=26&c=home&t=37]]></EventKey>
<MenuId>442736005</MenuId>
</xml>

2016-08-03 10:09:31 params :
------------
Array:
rule : -2 ;
module :  ;
message : Array ;

2016-08-03 10:09:31 response :
------------

2016-08-03 10:13:05 trace :
------------
String:
<xml><ToUserName><![CDATA[gh_2a16c32dff4b]]></ToUserName>
<FromUserName><![CDATA[oZF73wBAO8cKUE_Jv7r5Ro0uWW2Q]]></FromUserName>
<CreateTime>1470190385</CreateTime>
<MsgType><![CDATA[event]]></MsgType>
<Event><![CDATA[VIEW]]></Event>
<EventKey><![CDATA[http://www.9kpu.com/app/index.php?i=26&c=home&t=37]]></EventKey>
<MenuId>442736005</MenuId>
</xml>

2016-08-03 10:13:05 params :
------------
Array:
rule : -2 ;
module :  ;
message : Array ;

2016-08-03 10:13:05 response :
------------

2016-08-03 10:13:11 trace :
------------
String:
<xml><ToUserName><![CDATA[gh_2a16c32dff4b]]></ToUserName>
<FromUserName><![CDATA[oZF73wBAO8cKUE_Jv7r5Ro0uWW2Q]]></FromUserName>
<CreateTime>1470190391</CreateTime>
<MsgType><![CDATA[event]]></MsgType>
<Event><![CDATA[VIEW]]></Event>
<EventKey><![CDATA[http://www.9kpu.com/app/index.php?i=26&c=entry&eid=1]]></EventKey>
<MenuId>442736005</MenuId>
</xml>

2016-08-03 10:13:11 params :
------------
Array:
rule : -2 ;
module :  ;
message : Array ;

2016-08-03 10:13:11 response :
------------

2016-08-03 10:14:04 trace :
------------
String:
<xml><ToUserName><![CDATA[gh_2a16c32dff4b]]></ToUserName>
<FromUserName><![CDATA[oZF73wBAO8cKUE_Jv7r5Ro0uWW2Q]]></FromUserName>
<CreateTime>1470190444</CreateTime>
<MsgType><![CDATA[event]]></MsgType>
<Event><![CDATA[VIEW]]></Event>
<EventKey><![CDATA[http://www.9kpu.com/app/index.php?i=26&c=entry&eid=1]]></EventKey>
<MenuId>442736005</MenuId>
</xml>

2016-08-03 10:14:04 params :
------------
Array:
rule : -2 ;
module :  ;
message : Array ;

2016-08-03 10:14:04 response :
------------

2016-08-03 10:14:46 trace :
------------
String:
<xml><ToUserName><![CDATA[gh_2a16c32dff4b]]></ToUserName>
<FromUserName><![CDATA[oZF73wBAO8cKUE_Jv7r5Ro0uWW2Q]]></FromUserName>
<CreateTime>1470190486</CreateTime>
<MsgType><![CDATA[event]]></MsgType>
<Event><![CDATA[VIEW]]></Event>
<EventKey><![CDATA[http://www.9kpu.com/app/index.php?i=26&c=entry&do=teaIn&m=lianhu_school]]></EventKey>
<MenuId>442736005</MenuId>
</xml>

2016-08-03 10:14:46 params :
------------
Array:
rule : -2 ;
module :  ;
message : Array ;

2016-08-03 10:14:46 response :
------------

2016-08-03 10:15:07 trace :
------------
String:
<xml><ToUserName><![CDATA[gh_2a16c32dff4b]]></ToUserName>
<FromUserName><![CDATA[oZF73wBAO8cKUE_Jv7r5Ro0uWW2Q]]></FromUserName>
<CreateTime>1470190507</CreateTime>
<MsgType><![CDATA[event]]></MsgType>
<Event><![CDATA[VIEW]]></Event>
<EventKey><![CDATA[http://www.9kpu.com/app/index.php?i=26&c=home&t=37]]></EventKey>
<MenuId>442736005</MenuId>
</xml>

2016-08-03 10:15:07 params :
------------
Array:
rule : -2 ;
module :  ;
message : Array ;

2016-08-03 10:15:07 response :
------------

2016-08-03 10:18:04 trace :
------------
String:
<xml><ToUserName><![CDATA[gh_2a16c32dff4b]]></ToUserName>
<FromUserName><![CDATA[oZF73wBAO8cKUE_Jv7r5Ro0uWW2Q]]></FromUserName>
<CreateTime>1470190684</CreateTime>
<MsgType><![CDATA[event]]></MsgType>
<Event><![CDATA[VIEW]]></Event>
<EventKey><![CDATA[http://www.9kpu.com/app/index.php?i=26&c=entry&eid=1]]></EventKey>
<MenuId>442736005</MenuId>
</xml>

2016-08-03 10:18:04 params :
------------
Array:
rule : -2 ;
module :  ;
message : Array ;

2016-08-03 10:18:04 response :
------------

2016-08-03 10:24:22 trace :
------------
String:
<xml><ToUserName><![CDATA[gh_2a16c32dff4b]]></ToUserName>
<FromUserName><![CDATA[oZF73wBAO8cKUE_Jv7r5Ro0uWW2Q]]></FromUserName>
<CreateTime>1470191062</CreateTime>
<MsgType><![CDATA[event]]></MsgType>
<Event><![CDATA[VIEW]]></Event>
<EventKey><![CDATA[http://www.9kpu.com/app/index.php?i=26&c=entry&do=teaIn&m=lianhu_school]]></EventKey>
<MenuId>442736005</MenuId>
</xml>

2016-08-03 10:24:22 params :
------------
Array:
rule : -2 ;
module :  ;
message : Array ;

2016-08-03 10:24:22 response :
------------

2016-08-03 10:26:21 trace :
------------
String:
<xml><ToUserName><![CDATA[gh_2a16c32dff4b]]></ToUserName>
<FromUserName><![CDATA[oZF73wBAO8cKUE_Jv7r5Ro0uWW2Q]]></FromUserName>
<CreateTime>1470191181</CreateTime>
<MsgType><![CDATA[event]]></MsgType>
<Event><![CDATA[VIEW]]></Event>
<EventKey><![CDATA[http://www.9kpu.com/app/index.php?i=26&c=home&t=37]]></EventKey>
<MenuId>442736005</MenuId>
</xml>

2016-08-03 10:26:21 params :
------------
Array:
rule : -2 ;
module :  ;
message : Array ;

2016-08-03 10:26:21 response :
------------

2016-08-03 10:45:48 trace :
------------
String:
<xml><ToUserName><![CDATA[gh_2a16c32dff4b]]></ToUserName>
<FromUserName><![CDATA[oZF73wBAO8cKUE_Jv7r5Ro0uWW2Q]]></FromUserName>
<CreateTime>1470192348</CreateTime>
<MsgType><![CDATA[event]]></MsgType>
<Event><![CDATA[VIEW]]></Event>
<EventKey><![CDATA[http://www.9kpu.com/app/index.php?i=26&c=home&]]></EventKey>
<MenuId>442736005</MenuId>
</xml>

2016-08-03 10:45:48 params :
------------
Array:
rule : -2 ;
module :  ;
message : Array ;

2016-08-03 10:45:48 response :
------------

2016-08-03 10:46:41 trace :
------------
String:
<xml><ToUserName><![CDATA[gh_2a16c32dff4b]]></ToUserName>
<FromUserName><![CDATA[oZF73wBAO8cKUE_Jv7r5Ro0uWW2Q]]></FromUserName>
<CreateTime>1470192401</CreateTime>
<MsgType><![CDATA[event]]></MsgType>
<Event><![CDATA[VIEW]]></Event>
<EventKey><![CDATA[http://www.9kpu.com/app/index.php?i=26&c=entry&eid=1]]></EventKey>
<MenuId>442736005</MenuId>
</xml>

2016-08-03 10:46:41 params :
------------
Array:
rule : -2 ;
module :  ;
message : Array ;

2016-08-03 10:46:41 response :
------------

2016-08-03 10:46:48 trace :
------------
String:
<xml><ToUserName><![CDATA[gh_2a16c32dff4b]]></ToUserName>
<FromUserName><![CDATA[oZF73wBAO8cKUE_Jv7r5Ro0uWW2Q]]></FromUserName>
<CreateTime>1470192408</CreateTime>
<MsgType><![CDATA[event]]></MsgType>
<Event><![CDATA[VIEW]]></Event>
<EventKey><![CDATA[http://www.9kpu.com/app/index.php?i=26&c=entry&do=teaIn&m=lianhu_school]]></EventKey>
<MenuId>442736005</MenuId>
</xml>

2016-08-03 10:46:48 params :
------------
Array:
rule : -2 ;
module :  ;
message : Array ;

2016-08-03 10:46:48 response :
------------

2016-08-03 10:46:55 trace :
------------
String:
<xml><ToUserName><![CDATA[gh_2a16c32dff4b]]></ToUserName>
<FromUserName><![CDATA[oZF73wBAO8cKUE_Jv7r5Ro0uWW2Q]]></FromUserName>
<CreateTime>1470192415</CreateTime>
<MsgType><![CDATA[event]]></MsgType>
<Event><![CDATA[VIEW]]></Event>
<EventKey><![CDATA[http://www.9kpu.com/app/index.php?i=26&c=home&]]></EventKey>
<MenuId>442736005</MenuId>
</xml>

2016-08-03 10:46:55 params :
------------
Array:
rule : -2 ;
module :  ;
message : Array ;

2016-08-03 10:46:55 response :
------------

2016-08-03 10:53:28 trace :
------------
String:
<xml><ToUserName><![CDATA[gh_2a16c32dff4b]]></ToUserName>
<FromUserName><![CDATA[oZF73wBAO8cKUE_Jv7r5Ro0uWW2Q]]></FromUserName>
<CreateTime>1470192808</CreateTime>
<MsgType><![CDATA[event]]></MsgType>
<Event><![CDATA[VIEW]]></Event>
<EventKey><![CDATA[http://www.9kpu.com/app/index.php?i=26&c=home&]]></EventKey>
<MenuId>442736005</MenuId>
</xml>

2016-08-03 10:53:28 params :
------------
Array:
rule : -2 ;
module :  ;
message : Array ;

2016-08-03 10:53:28 response :
------------

2016-08-03 12:38:20 trace :
------------
String:
<xml><ToUserName><![CDATA[gh_2a16c32dff4b]]></ToUserName>
<FromUserName><![CDATA[oZF73wEnHzQcnfIQRJo1gILYy3bU]]></FromUserName>
<CreateTime>1470199099</CreateTime>
<MsgType><![CDATA[event]]></MsgType>
<Event><![CDATA[subscribe]]></Event>
<EventKey><![CDATA[]]></EventKey>
</xml>

2016-08-03 12:38:20 params :
------------
Array:
rule : -2 ;
module :  ;
message : Array ;

2016-08-03 12:38:20 response :
------------

2016-08-03 12:38:23 trace :
------------
String:
<xml><ToUserName><![CDATA[gh_2a16c32dff4b]]></ToUserName>
<FromUserName><![CDATA[oZF73wEnHzQcnfIQRJo1gILYy3bU]]></FromUserName>
<CreateTime>1470199103</CreateTime>
<MsgType><![CDATA[event]]></MsgType>
<Event><![CDATA[VIEW]]></Event>
<EventKey><![CDATA[http://www.9kpu.com/app/index.php?i=26&c=home&t=37]]></EventKey>
<MenuId>442736005</MenuId>
</xml>

2016-08-03 12:38:23 params :
------------
Array:
rule : -2 ;
module :  ;
message : Array ;

2016-08-03 12:38:23 response :
------------

2016-08-03 12:38:33 trace :
------------
String:
<xml><ToUserName><![CDATA[gh_2a16c32dff4b]]></ToUserName>
<FromUserName><![CDATA[oZF73wEnHzQcnfIQRJo1gILYy3bU]]></FromUserName>
<CreateTime>1470199113</CreateTime>
<MsgType><![CDATA[event]]></MsgType>
<Event><![CDATA[VIEW]]></Event>
<EventKey><![CDATA[http://www.9kpu.com/app/index.php?i=26&c=home&]]></EventKey>
<MenuId>442736005</MenuId>
</xml>

2016-08-03 12:38:33 params :
------------
Array:
rule : -2 ;
module :  ;
message : Array ;

2016-08-03 12:38:33 response :
------------

2016-08-03 12:38:45 trace :
------------
String:
<xml><ToUserName><![CDATA[gh_2a16c32dff4b]]></ToUserName>
<FromUserName><![CDATA[oZF73wEnHzQcnfIQRJo1gILYy3bU]]></FromUserName>
<CreateTime>1470199125</CreateTime>
<MsgType><![CDATA[event]]></MsgType>
<Event><![CDATA[VIEW]]></Event>
<EventKey><![CDATA[http://www.9kpu.com/app/index.php?i=26&c=home&]]></EventKey>
<MenuId>442736005</MenuId>
</xml>

2016-08-03 12:38:45 params :
------------
Array:
rule : -2 ;
module :  ;
message : Array ;

2016-08-03 12:38:45 response :
------------

2016-08-03 12:38:54 trace :
------------
String:
<xml><ToUserName><![CDATA[gh_2a16c32dff4b]]></ToUserName>
<FromUserName><![CDATA[oZF73wEnHzQcnfIQRJo1gILYy3bU]]></FromUserName>
<CreateTime>1470199134</CreateTime>
<MsgType><![CDATA[event]]></MsgType>
<Event><![CDATA[VIEW]]></Event>
<EventKey><![CDATA[http://www.9kpu.com/app/index.php?i=26&c=home&]]></EventKey>
<MenuId>442736005</MenuId>
</xml>

2016-08-03 12:38:54 params :
------------
Array:
rule : -2 ;
module :  ;
message : Array ;

2016-08-03 12:38:54 response :
------------

2016-08-03 12:39:14 trace :
------------
String:
<xml><ToUserName><![CDATA[gh_2a16c32dff4b]]></ToUserName>
<FromUserName><![CDATA[oZF73wEnHzQcnfIQRJo1gILYy3bU]]></FromUserName>
<CreateTime>1470199154</CreateTime>
<MsgType><![CDATA[event]]></MsgType>
<Event><![CDATA[VIEW]]></Event>
<EventKey><![CDATA[http://www.9kpu.com/app/index.php?i=26&c=home&t=37]]></EventKey>
<MenuId>442736005</MenuId>
</xml>

2016-08-03 12:39:14 params :
------------
Array:
rule : -2 ;
module :  ;
message : Array ;

2016-08-03 12:39:14 response :
------------

2016-08-03 14:39:00 trace :
------------
String:
<xml><ToUserName><![CDATA[gh_2a16c32dff4b]]></ToUserName>
<FromUserName><![CDATA[oZF73wEnHzQcnfIQRJo1gILYy3bU]]></FromUserName>
<CreateTime>1470206340</CreateTime>
<MsgType><![CDATA[event]]></MsgType>
<Event><![CDATA[VIEW]]></Event>
<EventKey><![CDATA[http://www.9kpu.com/app/index.php?i=26&c=home&t=37]]></EventKey>
<MenuId>442736005</MenuId>
</xml>

2016-08-03 14:39:00 params :
------------
Array:
rule : -2 ;
module :  ;
message : Array ;

2016-08-03 14:39:00 response :
------------

2016-08-03 14:39:29 trace :
------------
String:
<xml><ToUserName><![CDATA[gh_c8e42a22d2ba]]></ToUserName>
<FromUserName><![CDATA[o7oRnwxiLJ4PZwdeWWsRCslX-LL0]]></FromUserName>
<CreateTime>1470206369</CreateTime>
<MsgType><![CDATA[event]]></MsgType>
<Event><![CDATA[VIEW]]></Event>
<EventKey><![CDATA[http://www.9kpu.com/app/index.php?i=25&c=home&]]></EventKey>
<MenuId>410687554</MenuId>
</xml>

2016-08-03 14:39:29 params :
------------
Array:
message : Array ;
module : news ;
rule : 53 ;
priority : 3 ;
keyword : Array ;

2016-08-03 14:39:29 response :
------------
Array:
FromUserName : gh_c8e42a22d2ba ;
ToUserName : o7oRnwxiLJ4PZwdeWWsRCslX-LL0 ;
MsgType : news ;
ArticleCount : 2 ;
Articles : Array ;

2016-08-03 14:39:50 trace :
------------
String:
<xml><ToUserName><![CDATA[gh_e7a0c8306261]]></ToUserName>
<FromUserName><![CDATA[oRj-Fs96hybsuDhEMucbU2caOPi8]]></FromUserName>
<CreateTime>1470206390</CreateTime>
<MsgType><![CDATA[event]]></MsgType>
<Event><![CDATA[VIEW]]></Event>
<EventKey><![CDATA[http://www.9kpu.com/app/index.php?i=13&c=home&]]></EventKey>
<MenuId>409075692</MenuId>
</xml>

2016-08-03 14:39:50 params :
------------
Array:
message : Array ;
module : basic ;
rule : 22 ;
priority : 0 ;
keyword : Array ;

2016-08-03 14:39:50 response :
------------
Array:
FromUserName : gh_e7a0c8306261 ;
ToUserName : oRj-Fs96hybsuDhEMucbU2caOPi8 ;
MsgType : text ;
Content : 欢迎关注同城学堂，点击微官网查看本学校介绍信息，家长点击学生天地绑定自己小孩信息使用，老师点击教师信息绑定自己账号使用 ;

2016-08-03 14:39:51 trace :
------------
String:
<xml><ToUserName><![CDATA[gh_2a16c32dff4b]]></ToUserName>
<FromUserName><![CDATA[oZF73wBAO8cKUE_Jv7r5Ro0uWW2Q]]></FromUserName>
<CreateTime>1470206391</CreateTime>
<MsgType><![CDATA[event]]></MsgType>
<Event><![CDATA[VIEW]]></Event>
<EventKey><![CDATA[http://www.9kpu.com/app/index.php?i=26&c=home&t=37]]></EventKey>
<MenuId>442736005</MenuId>
</xml>

2016-08-03 14:39:51 params :
------------
Array:
rule : -2 ;
module :  ;
message : Array ;

2016-08-03 14:39:51 response :
------------

2016-08-03 14:42:11 trace :
------------
String:
<xml><ToUserName><![CDATA[gh_2a16c32dff4b]]></ToUserName>
<FromUserName><![CDATA[oZF73wEnHzQcnfIQRJo1gILYy3bU]]></FromUserName>
<CreateTime>1470206531</CreateTime>
<MsgType><![CDATA[event]]></MsgType>
<Event><![CDATA[VIEW]]></Event>
<EventKey><![CDATA[http://www.9kpu.com/app/index.php?i=26&c=home&]]></EventKey>
<MenuId>442736005</MenuId>
</xml>

2016-08-03 14:42:11 params :
------------
Array:
rule : -2 ;
module :  ;
message : Array ;

2016-08-03 14:42:11 response :
------------

2016-08-03 14:43:18 trace :
------------
String:
<xml><ToUserName><![CDATA[gh_2a16c32dff4b]]></ToUserName>
<FromUserName><![CDATA[oZF73wBAO8cKUE_Jv7r5Ro0uWW2Q]]></FromUserName>
<CreateTime>1470206598</CreateTime>
<MsgType><![CDATA[event]]></MsgType>
<Event><![CDATA[VIEW]]></Event>
<EventKey><![CDATA[http://www.9kpu.com/app/index.php?i=26&c=home&t=37]]></EventKey>
<MenuId>442736005</MenuId>
</xml>

2016-08-03 14:43:18 params :
------------
Array:
rule : -2 ;
module :  ;
message : Array ;

2016-08-03 14:43:18 response :
------------

2016-08-03 14:43:29 trace :
------------
String:
<xml><ToUserName><![CDATA[gh_2a16c32dff4b]]></ToUserName>
<FromUserName><![CDATA[oZF73wBAO8cKUE_Jv7r5Ro0uWW2Q]]></FromUserName>
<CreateTime>1470206609</CreateTime>
<MsgType><![CDATA[event]]></MsgType>
<Event><![CDATA[VIEW]]></Event>
<EventKey><![CDATA[http://www.9kpu.com/app/index.php?i=26&c=home&]]></EventKey>
<MenuId>442736005</MenuId>
</xml>

2016-08-03 14:43:29 params :
------------
Array:
rule : -2 ;
module :  ;
message : Array ;

2016-08-03 14:43:29 response :
------------

2016-08-03 14:43:36 trace :
------------
String:
<xml><ToUserName><![CDATA[gh_2a16c32dff4b]]></ToUserName>
<FromUserName><![CDATA[oZF73wEnHzQcnfIQRJo1gILYy3bU]]></FromUserName>
<CreateTime>1470206616</CreateTime>
<MsgType><![CDATA[event]]></MsgType>
<Event><![CDATA[VIEW]]></Event>
<EventKey><![CDATA[http://www.9kpu.com/app/index.php?i=26&c=home&]]></EventKey>
<MenuId>442736005</MenuId>
</xml>

2016-08-03 14:43:36 params :
------------
Array:
rule : -2 ;
module :  ;
message : Array ;

2016-08-03 14:43:36 response :
------------

2016-08-03 14:43:50 trace :
------------
String:
<xml><ToUserName><![CDATA[gh_2a16c32dff4b]]></ToUserName>
<FromUserName><![CDATA[oZF73wEnHzQcnfIQRJo1gILYy3bU]]></FromUserName>
<CreateTime>1470206630</CreateTime>
<MsgType><![CDATA[event]]></MsgType>
<Event><![CDATA[VIEW]]></Event>
<EventKey><![CDATA[http://www.9kpu.com/app/index.php?i=26&c=home&]]></EventKey>
<MenuId>442736005</MenuId>
</xml>

2016-08-03 14:43:50 params :
------------
Array:
rule : -2 ;
module :  ;
message : Array ;

2016-08-03 14:43:50 response :
------------

2016-08-03 14:43:55 trace :
------------
String:
<xml><ToUserName><![CDATA[gh_2a16c32dff4b]]></ToUserName>
<FromUserName><![CDATA[oZF73wEnHzQcnfIQRJo1gILYy3bU]]></FromUserName>
<CreateTime>1470206635</CreateTime>
<MsgType><![CDATA[event]]></MsgType>
<Event><![CDATA[VIEW]]></Event>
<EventKey><![CDATA[http://www.9kpu.com/app/index.php?i=26&c=home&t=37]]></EventKey>
<MenuId>442736005</MenuId>
</xml>

2016-08-03 14:43:55 params :
------------
Array:
rule : -2 ;
module :  ;
message : Array ;

2016-08-03 14:43:55 response :
------------

2016-08-03 14:44:09 trace :
------------
String:
<xml><ToUserName><![CDATA[gh_2a16c32dff4b]]></ToUserName>
<FromUserName><![CDATA[oZF73wEnHzQcnfIQRJo1gILYy3bU]]></FromUserName>
<CreateTime>1470206649</CreateTime>
<MsgType><![CDATA[event]]></MsgType>
<Event><![CDATA[VIEW]]></Event>
<EventKey><![CDATA[http://www.9kpu.com/app/index.php?i=26&c=home&]]></EventKey>
<MenuId>442736005</MenuId>
</xml>

2016-08-03 14:44:09 params :
------------
Array:
rule : -2 ;
module :  ;
message : Array ;

2016-08-03 14:44:09 response :
------------

2016-08-03 14:44:40 trace :
------------
String:
<xml><ToUserName><![CDATA[gh_2a16c32dff4b]]></ToUserName>
<FromUserName><![CDATA[oZF73wBAO8cKUE_Jv7r5Ro0uWW2Q]]></FromUserName>
<CreateTime>1470206680</CreateTime>
<MsgType><![CDATA[event]]></MsgType>
<Event><![CDATA[VIEW]]></Event>
<EventKey><![CDATA[http://www.9kpu.com/app/index.php?i=26&c=entry&do=teaIn&m=lianhu_school]]></EventKey>
<MenuId>442736005</MenuId>
</xml>

2016-08-03 14:44:40 params :
------------
Array:
rule : -2 ;
module :  ;
message : Array ;

2016-08-03 14:44:40 response :
------------

2016-08-03 14:44:43 trace :
------------
String:
<xml><ToUserName><![CDATA[gh_2a16c32dff4b]]></ToUserName>
<FromUserName><![CDATA[oZF73wBAO8cKUE_Jv7r5Ro0uWW2Q]]></FromUserName>
<CreateTime>1470206682</CreateTime>
<MsgType><![CDATA[event]]></MsgType>
<Event><![CDATA[VIEW]]></Event>
<EventKey><![CDATA[http://www.9kpu.com/app/index.php?i=26&c=entry&eid=1]]></EventKey>
<MenuId>442736005</MenuId>
</xml>

2016-08-03 14:44:43 params :
------------
Array:
rule : -2 ;
module :  ;
message : Array ;

2016-08-03 14:44:43 response :
------------

2016-08-03 14:44:58 trace :
------------
String:
<xml><ToUserName><![CDATA[gh_2a16c32dff4b]]></ToUserName>
<FromUserName><![CDATA[oZF73wBAO8cKUE_Jv7r5Ro0uWW2Q]]></FromUserName>
<CreateTime>1470206698</CreateTime>
<MsgType><![CDATA[event]]></MsgType>
<Event><![CDATA[VIEW]]></Event>
<EventKey><![CDATA[http://www.9kpu.com/app/index.php?i=26&c=entry&do=teaIn&m=lianhu_school]]></EventKey>
<MenuId>442736005</MenuId>
</xml>

2016-08-03 14:44:58 params :
------------
Array:
rule : -2 ;
module :  ;
message : Array ;

2016-08-03 14:44:58 response :
------------

2016-08-03 14:45:42 trace :
------------
String:
<xml><ToUserName><![CDATA[gh_2a16c32dff4b]]></ToUserName>
<FromUserName><![CDATA[oZF73wAKimMU1XufzSoWnPXuf02w]]></FromUserName>
<CreateTime>1470206742</CreateTime>
<MsgType><![CDATA[event]]></MsgType>
<Event><![CDATA[VIEW]]></Event>
<EventKey><![CDATA[http://www.9kpu.com/app/index.php?i=26&c=home&]]></EventKey>
<MenuId>442736005</MenuId>
</xml>

2016-08-03 14:45:42 params :
------------
Array:
rule : -2 ;
module :  ;
message : Array ;

2016-08-03 14:45:42 response :
------------

2016-08-03 14:46:00 trace :
------------
String:
<xml><ToUserName><![CDATA[gh_2a16c32dff4b]]></ToUserName>
<FromUserName><![CDATA[oZF73wAFyiMxgzLqDAQmEtgTbHOw]]></FromUserName>
<CreateTime>1470206760</CreateTime>
<MsgType><![CDATA[event]]></MsgType>
<Event><![CDATA[subscribe]]></Event>
<EventKey><![CDATA[]]></EventKey>
</xml>

2016-08-03 14:46:00 params :
------------
Array:
rule : -2 ;
module :  ;
message : Array ;

2016-08-03 14:46:00 response :
------------

2016-08-03 14:46:03 trace :
------------
String:
<xml><ToUserName><![CDATA[gh_2a16c32dff4b]]></ToUserName>
<FromUserName><![CDATA[oZF73wAFyiMxgzLqDAQmEtgTbHOw]]></FromUserName>
<CreateTime>1470206763</CreateTime>
<MsgType><![CDATA[event]]></MsgType>
<Event><![CDATA[VIEW]]></Event>
<EventKey><![CDATA[http://www.9kpu.com/app/index.php?i=26&c=home&t=37]]></EventKey>
<MenuId>442736005</MenuId>
</xml>

2016-08-03 14:46:03 params :
------------
Array:
rule : -2 ;
module :  ;
message : Array ;

2016-08-03 14:46:03 response :
------------

2016-08-03 14:46:11 trace :
------------
String:
<xml><ToUserName><![CDATA[gh_2a16c32dff4b]]></ToUserName>
<FromUserName><![CDATA[oZF73wAKimMU1XufzSoWnPXuf02w]]></FromUserName>
<CreateTime>1470206771</CreateTime>
<MsgType><![CDATA[event]]></MsgType>
<Event><![CDATA[VIEW]]></Event>
<EventKey><![CDATA[http://www.9kpu.com/app/index.php?i=26&c=home&]]></EventKey>
<MenuId>442736005</MenuId>
</xml>

2016-08-03 14:46:11 params :
------------
Array:
rule : -2 ;
module :  ;
message : Array ;

2016-08-03 14:46:11 response :
------------

2016-08-03 14:46:24 trace :
------------
String:
<xml><ToUserName><![CDATA[gh_2a16c32dff4b]]></ToUserName>
<FromUserName><![CDATA[oZF73wEnHzQcnfIQRJo1gILYy3bU]]></FromUserName>
<CreateTime>1470206784</CreateTime>
<MsgType><![CDATA[event]]></MsgType>
<Event><![CDATA[VIEW]]></Event>
<EventKey><![CDATA[http://www.9kpu.com/app/index.php?i=26&c=home&t=37]]></EventKey>
<MenuId>442736005</MenuId>
</xml>

2016-08-03 14:46:24 params :
------------
Array:
rule : -2 ;
module :  ;
message : Array ;

2016-08-03 14:46:24 response :
------------

2016-08-03 14:46:51 trace :
------------
String:
<xml><ToUserName><![CDATA[gh_2a16c32dff4b]]></ToUserName>
<FromUserName><![CDATA[oZF73wAFyiMxgzLqDAQmEtgTbHOw]]></FromUserName>
<CreateTime>1470206811</CreateTime>
<MsgType><![CDATA[event]]></MsgType>
<Event><![CDATA[VIEW]]></Event>
<EventKey><![CDATA[http://www.9kpu.com/app/index.php?i=26&c=home&t=37]]></EventKey>
<MenuId>442736005</MenuId>
</xml>

2016-08-03 14:46:51 params :
------------
Array:
rule : -2 ;
module :  ;
message : Array ;

2016-08-03 14:46:51 response :
------------

2016-08-03 14:47:08 trace :
------------
String:
<xml><ToUserName><![CDATA[gh_2a16c32dff4b]]></ToUserName>
<FromUserName><![CDATA[oZF73wAFyiMxgzLqDAQmEtgTbHOw]]></FromUserName>
<CreateTime>1470206828</CreateTime>
<MsgType><![CDATA[event]]></MsgType>
<Event><![CDATA[VIEW]]></Event>
<EventKey><![CDATA[http://www.9kpu.com/app/index.php?i=26&c=home&]]></EventKey>
<MenuId>442736005</MenuId>
</xml>

2016-08-03 14:47:08 params :
------------
Array:
rule : -2 ;
module :  ;
message : Array ;

2016-08-03 14:47:08 response :
------------

2016-08-03 14:47:23 trace :
------------
String:
<xml><ToUserName><![CDATA[gh_2a16c32dff4b]]></ToUserName>
<FromUserName><![CDATA[oZF73wAFyiMxgzLqDAQmEtgTbHOw]]></FromUserName>
<CreateTime>1470206842</CreateTime>
<MsgType><![CDATA[event]]></MsgType>
<Event><![CDATA[VIEW]]></Event>
<EventKey><![CDATA[http://www.9kpu.com/app/index.php?i=26&c=entry&eid=1]]></EventKey>
<MenuId>442736005</MenuId>
</xml>

2016-08-03 14:47:23 params :
------------
Array:
rule : -2 ;
module :  ;
message : Array ;

2016-08-03 14:47:23 response :
------------

2016-08-03 14:47:44 trace :
------------
String:
<xml><ToUserName><![CDATA[gh_2a16c32dff4b]]></ToUserName>
<FromUserName><![CDATA[oZF73wAFyiMxgzLqDAQmEtgTbHOw]]></FromUserName>
<CreateTime>1470206864</CreateTime>
<MsgType><![CDATA[event]]></MsgType>
<Event><![CDATA[VIEW]]></Event>
<EventKey><![CDATA[http://www.9kpu.com/app/index.php?i=26&c=entry&do=teaIn&m=lianhu_school]]></EventKey>
<MenuId>442736005</MenuId>
</xml>

2016-08-03 14:47:44 params :
------------
Array:
rule : -2 ;
module :  ;
message : Array ;

2016-08-03 14:47:44 response :
------------

2016-08-03 14:47:48 trace :
------------
String:
<xml><ToUserName><![CDATA[gh_2a16c32dff4b]]></ToUserName>
<FromUserName><![CDATA[oZF73wAFyiMxgzLqDAQmEtgTbHOw]]></FromUserName>
<CreateTime>1470206867</CreateTime>
<MsgType><![CDATA[event]]></MsgType>
<Event><![CDATA[VIEW]]></Event>
<EventKey><![CDATA[http://www.9kpu.com/app/index.php?i=26&c=entry&eid=1]]></EventKey>
<MenuId>442736005</MenuId>
</xml>

2016-08-03 14:47:48 params :
------------
Array:
rule : -2 ;
module :  ;
message : Array ;

2016-08-03 14:47:48 response :
------------

2016-08-03 14:47:52 trace :
------------
String:
<xml><ToUserName><![CDATA[gh_2a16c32dff4b]]></ToUserName>
<FromUserName><![CDATA[oZF73wAFyiMxgzLqDAQmEtgTbHOw]]></FromUserName>
<CreateTime>1470206872</CreateTime>
<MsgType><![CDATA[event]]></MsgType>
<Event><![CDATA[VIEW]]></Event>
<EventKey><![CDATA[http://www.9kpu.com/app/index.php?i=26&c=home&t=37]]></EventKey>
<MenuId>442736005</MenuId>
</xml>

2016-08-03 14:47:52 params :
------------
Array:
rule : -2 ;
module :  ;
message : Array ;

2016-08-03 14:47:52 response :
------------

2016-08-03 14:48:07 trace :
------------
String:
<xml><ToUserName><![CDATA[gh_2a16c32dff4b]]></ToUserName>
<FromUserName><![CDATA[oZF73wAFyiMxgzLqDAQmEtgTbHOw]]></FromUserName>
<CreateTime>1470206887</CreateTime>
<MsgType><![CDATA[event]]></MsgType>
<Event><![CDATA[VIEW]]></Event>
<EventKey><![CDATA[http://www.9kpu.com/app/index.php?i=26&c=home&]]></EventKey>
<MenuId>442736005</MenuId>
</xml>

2016-08-03 14:48:07 params :
------------
Array:
rule : -2 ;
module :  ;
message : Array ;

2016-08-03 14:48:07 response :
------------

2016-08-03 14:52:14 trace :
------------
String:
<xml><ToUserName><![CDATA[gh_2a16c32dff4b]]></ToUserName>
<FromUserName><![CDATA[oZF73wAFyiMxgzLqDAQmEtgTbHOw]]></FromUserName>
<CreateTime>1470207134</CreateTime>
<MsgType><![CDATA[event]]></MsgType>
<Event><![CDATA[VIEW]]></Event>
<EventKey><![CDATA[http://www.9kpu.com/app/index.php?i=26&c=entry&eid=1]]></EventKey>
<MenuId>442736005</MenuId>
</xml>

2016-08-03 14:52:14 params :
------------
Array:
rule : -2 ;
module :  ;
message : Array ;

2016-08-03 14:52:14 response :
------------

2016-08-03 14:52:15 trace :
------------
String:
<xml><ToUserName><![CDATA[gh_2a16c32dff4b]]></ToUserName>
<FromUserName><![CDATA[oZF73wJjbQM8OwoAOZmZY8HvrUdA]]></FromUserName>
<CreateTime>1470207135</CreateTime>
<MsgType><![CDATA[event]]></MsgType>
<Event><![CDATA[subscribe]]></Event>
<EventKey><![CDATA[]]></EventKey>
</xml>

2016-08-03 14:52:15 params :
------------
Array:
rule : -2 ;
module :  ;
message : Array ;

2016-08-03 14:52:15 response :
------------

2016-08-03 14:52:23 trace :
------------
String:
<xml><ToUserName><![CDATA[gh_2a16c32dff4b]]></ToUserName>
<FromUserName><![CDATA[oZF73wExSpN-xCQ_-1xozUDLDX5A]]></FromUserName>
<CreateTime>1470207143</CreateTime>
<MsgType><![CDATA[event]]></MsgType>
<Event><![CDATA[subscribe]]></Event>
<EventKey><![CDATA[]]></EventKey>
</xml>

2016-08-03 14:52:23 params :
------------
Array:
rule : -2 ;
module :  ;
message : Array ;

2016-08-03 14:52:23 response :
------------

2016-08-03 14:52:30 trace :
------------
String:
<xml><ToUserName><![CDATA[gh_2a16c32dff4b]]></ToUserName>
<FromUserName><![CDATA[oZF73wNvKeJOUE0kPdunF3jVFPDs]]></FromUserName>
<CreateTime>1470207150</CreateTime>
<MsgType><![CDATA[event]]></MsgType>
<Event><![CDATA[subscribe]]></Event>
<EventKey><![CDATA[]]></EventKey>
</xml>

2016-08-03 14:52:30 params :
------------
Array:
rule : -2 ;
module :  ;
message : Array ;

2016-08-03 14:52:30 response :
------------

2016-08-03 14:52:31 trace :
------------
String:
<xml><ToUserName><![CDATA[gh_2a16c32dff4b]]></ToUserName>
<FromUserName><![CDATA[oZF73wMSgk5rxsRzh6L3scR9RWS8]]></FromUserName>
<CreateTime>1470207151</CreateTime>
<MsgType><![CDATA[event]]></MsgType>
<Event><![CDATA[subscribe]]></Event>
<EventKey><![CDATA[]]></EventKey>
</xml>

2016-08-03 14:52:31 params :
------------
Array:
rule : -2 ;
module :  ;
message : Array ;

2016-08-03 14:52:31 response :
------------

2016-08-03 14:52:34 trace :
------------
String:
<xml><ToUserName><![CDATA[gh_2a16c32dff4b]]></ToUserName>
<FromUserName><![CDATA[oZF73wFCOFp9iWfMHiZj5Zd-BoG0]]></FromUserName>
<CreateTime>1470207154</CreateTime>
<MsgType><![CDATA[event]]></MsgType>
<Event><![CDATA[subscribe]]></Event>
<EventKey><![CDATA[]]></EventKey>
</xml>

2016-08-03 14:52:34 params :
------------
Array:
rule : -2 ;
module :  ;
message : Array ;

2016-08-03 14:52:34 response :
------------

2016-08-03 14:52:35 trace :
------------
String:
<xml><ToUserName><![CDATA[gh_2a16c32dff4b]]></ToUserName>
<FromUserName><![CDATA[oZF73wPiR7UoKPF3eXTfoSH_HIqA]]></FromUserName>
<CreateTime>1470207155</CreateTime>
<MsgType><![CDATA[event]]></MsgType>
<Event><![CDATA[subscribe]]></Event>
<EventKey><![CDATA[]]></EventKey>
</xml>

2016-08-03 14:52:35 params :
------------
Array:
rule : -2 ;
module :  ;
message : Array ;

2016-08-03 14:52:35 response :
------------

2016-08-03 14:52:48 trace :
------------
String:
<xml><ToUserName><![CDATA[gh_2a16c32dff4b]]></ToUserName>
<FromUserName><![CDATA[oZF73wExSpN-xCQ_-1xozUDLDX5A]]></FromUserName>
<CreateTime>1470207168</CreateTime>
<MsgType><![CDATA[event]]></MsgType>
<Event><![CDATA[VIEW]]></Event>
<EventKey><![CDATA[http://www.9kpu.com/app/index.php?i=26&c=entry&do=teaIn&m=lianhu_school]]></EventKey>
<MenuId>442736005</MenuId>
</xml>

2016-08-03 14:52:48 params :
------------
Array:
rule : -2 ;
module :  ;
message : Array ;

2016-08-03 14:52:48 response :
------------

2016-08-03 14:52:54 trace :
------------
String:
<xml><ToUserName><![CDATA[gh_2a16c32dff4b]]></ToUserName>
<FromUserName><![CDATA[oZF73wExSpN-xCQ_-1xozUDLDX5A]]></FromUserName>
<CreateTime>1470207173</CreateTime>
<MsgType><![CDATA[event]]></MsgType>
<Event><![CDATA[VIEW]]></Event>
<EventKey><![CDATA[http://www.9kpu.com/app/index.php?i=26&c=entry&eid=1]]></EventKey>
<MenuId>442736005</MenuId>
</xml>

2016-08-03 14:52:54 params :
------------
Array:
rule : -2 ;
module :  ;
message : Array ;

2016-08-03 14:52:54 response :
------------

2016-08-03 14:53:18 trace :
------------
String:
<xml><ToUserName><![CDATA[gh_2a16c32dff4b]]></ToUserName>
<FromUserName><![CDATA[oZF73wLitw4ZXvNtg5IRK_Cz0Gmk]]></FromUserName>
<CreateTime>1470207198</CreateTime>
<MsgType><![CDATA[event]]></MsgType>
<Event><![CDATA[subscribe]]></Event>
<EventKey><![CDATA[]]></EventKey>
</xml>

2016-08-03 14:53:18 params :
------------
Array:
rule : -2 ;
module :  ;
message : Array ;

2016-08-03 14:53:18 response :
------------

2016-08-03 14:53:24 trace :
------------
String:
<xml><ToUserName><![CDATA[gh_2a16c32dff4b]]></ToUserName>
<FromUserName><![CDATA[oZF73wFCOFp9iWfMHiZj5Zd-BoG0]]></FromUserName>
<CreateTime>1470207204</CreateTime>
<MsgType><![CDATA[event]]></MsgType>
<Event><![CDATA[VIEW]]></Event>
<EventKey><![CDATA[http://www.9kpu.com/app/index.php?i=26&c=home&]]></EventKey>
<MenuId>442736005</MenuId>
</xml>

2016-08-03 14:53:24 params :
------------
Array:
rule : -2 ;
module :  ;
message : Array ;

2016-08-03 14:53:24 response :
------------

2016-08-03 14:53:25 trace :
------------
String:
<xml><ToUserName><![CDATA[gh_2a16c32dff4b]]></ToUserName>
<FromUserName><![CDATA[oZF73wNvKeJOUE0kPdunF3jVFPDs]]></FromUserName>
<CreateTime>1470207205</CreateTime>
<MsgType><![CDATA[event]]></MsgType>
<Event><![CDATA[VIEW]]></Event>
<EventKey><![CDATA[http://www.9kpu.com/app/index.php?i=26&c=home&t=37]]></EventKey>
<MenuId>442736005</MenuId>
</xml>

2016-08-03 14:53:25 params :
------------
Array:
rule : -2 ;
module :  ;
message : Array ;

2016-08-03 14:53:25 response :
------------

2016-08-03 14:53:29 trace :
------------
String:
<xml><ToUserName><![CDATA[gh_2a16c32dff4b]]></ToUserName>
<FromUserName><![CDATA[oZF73wNvKeJOUE0kPdunF3jVFPDs]]></FromUserName>
<CreateTime>1470207209</CreateTime>
<MsgType><![CDATA[event]]></MsgType>
<Event><![CDATA[VIEW]]></Event>
<EventKey><![CDATA[http://www.9kpu.com/app/index.php?i=26&c=entry&eid=1]]></EventKey>
<MenuId>442736005</MenuId>
</xml>

2016-08-03 14:53:29 params :
------------
Array:
rule : -2 ;
module :  ;
message : Array ;

2016-08-03 14:53:29 response :
------------

2016-08-03 14:53:33 trace :
------------
String:
<xml><ToUserName><![CDATA[gh_2a16c32dff4b]]></ToUserName>
<FromUserName><![CDATA[oZF73wNvKeJOUE0kPdunF3jVFPDs]]></FromUserName>
<CreateTime>1470207213</CreateTime>
<MsgType><![CDATA[event]]></MsgType>
<Event><![CDATA[VIEW]]></Event>
<EventKey><![CDATA[http://www.9kpu.com/app/index.php?i=26&c=entry&do=teaIn&m=lianhu_school]]></EventKey>
<MenuId>442736005</MenuId>
</xml>

2016-08-03 14:53:33 params :
------------
Array:
rule : -2 ;
module :  ;
message : Array ;

2016-08-03 14:53:33 response :
------------

2016-08-03 14:54:18 trace :
------------
String:
<xml><ToUserName><![CDATA[gh_2a16c32dff4b]]></ToUserName>
<FromUserName><![CDATA[oZF73wNvKeJOUE0kPdunF3jVFPDs]]></FromUserName>
<CreateTime>1470207258</CreateTime>
<MsgType><![CDATA[event]]></MsgType>
<Event><![CDATA[VIEW]]></Event>
<EventKey><![CDATA[http://www.9kpu.com/app/index.php?i=26&c=entry&eid=1]]></EventKey>
<MenuId>442736005</MenuId>
</xml>

2016-08-03 14:54:18 params :
------------
Array:
rule : -2 ;
module :  ;
message : Array ;

2016-08-03 14:54:18 response :
------------

2016-08-03 14:54:30 trace :
------------
String:
<xml><ToUserName><![CDATA[gh_2a16c32dff4b]]></ToUserName>
<FromUserName><![CDATA[oZF73wNvKeJOUE0kPdunF3jVFPDs]]></FromUserName>
<CreateTime>1470207270</CreateTime>
<MsgType><![CDATA[event]]></MsgType>
<Event><![CDATA[VIEW]]></Event>
<EventKey><![CDATA[http://www.9kpu.com/app/index.php?i=26&c=entry&do=teaIn&m=lianhu_school]]></EventKey>
<MenuId>442736005</MenuId>
</xml>

2016-08-03 14:54:30 params :
------------
Array:
rule : -2 ;
module :  ;
message : Array ;

2016-08-03 14:54:30 response :
------------

2016-08-03 14:54:35 trace :
------------
String:
<xml><ToUserName><![CDATA[gh_2a16c32dff4b]]></ToUserName>
<FromUserName><![CDATA[oZF73wPiR7UoKPF3eXTfoSH_HIqA]]></FromUserName>
<CreateTime>1470207275</CreateTime>
<MsgType><![CDATA[event]]></MsgType>
<Event><![CDATA[VIEW]]></Event>
<EventKey><![CDATA[http://www.9kpu.com/app/index.php?i=26&c=home&]]></EventKey>
<MenuId>442736005</MenuId>
</xml>

2016-08-03 14:54:35 params :
------------
Array:
rule : -2 ;
module :  ;
message : Array ;

2016-08-03 14:54:35 response :
------------

2016-08-03 14:54:41 trace :
------------
String:
<xml><ToUserName><![CDATA[gh_2a16c32dff4b]]></ToUserName>
<FromUserName><![CDATA[oZF73wPiR7UoKPF3eXTfoSH_HIqA]]></FromUserName>
<CreateTime>1470207281</CreateTime>
<MsgType><![CDATA[event]]></MsgType>
<Event><![CDATA[VIEW]]></Event>
<EventKey><![CDATA[http://www.9kpu.com/app/index.php?i=26&c=entry&eid=1]]></EventKey>
<MenuId>442736005</MenuId>
</xml>

2016-08-03 14:54:41 params :
------------
Array:
rule : -2 ;
module :  ;
message : Array ;

2016-08-03 14:54:41 response :
------------

2016-08-03 14:54:45 trace :
------------
String:
<xml><ToUserName><![CDATA[gh_2a16c32dff4b]]></ToUserName>
<FromUserName><![CDATA[oZF73wPiR7UoKPF3eXTfoSH_HIqA]]></FromUserName>
<CreateTime>1470207285</CreateTime>
<MsgType><![CDATA[event]]></MsgType>
<Event><![CDATA[VIEW]]></Event>
<EventKey><![CDATA[http://www.9kpu.com/app/index.php?i=26&c=entry&do=teaIn&m=lianhu_school]]></EventKey>
<MenuId>442736005</MenuId>
</xml>

2016-08-03 14:54:45 params :
------------
Array:
rule : -2 ;
module :  ;
message : Array ;

2016-08-03 14:54:45 response :
------------

2016-08-03 14:55:03 trace :
------------
String:
<xml><ToUserName><![CDATA[gh_2a16c32dff4b]]></ToUserName>
<FromUserName><![CDATA[oZF73wBAO8cKUE_Jv7r5Ro0uWW2Q]]></FromUserName>
<CreateTime>1470207302</CreateTime>
<MsgType><![CDATA[event]]></MsgType>
<Event><![CDATA[VIEW]]></Event>
<EventKey><![CDATA[http://www.9kpu.com/app/index.php?i=26&c=entry&eid=1]]></EventKey>
<MenuId>442736005</MenuId>
</xml>

2016-08-03 14:55:03 params :
------------
Array:
rule : -2 ;
module :  ;
message : Array ;

2016-08-03 14:55:03 response :
------------

2016-08-03 14:55:14 trace :
------------
String:
<xml><ToUserName><![CDATA[gh_2a16c32dff4b]]></ToUserName>
<FromUserName><![CDATA[oZF73wPiR7UoKPF3eXTfoSH_HIqA]]></FromUserName>
<CreateTime>1470207314</CreateTime>
<MsgType><![CDATA[event]]></MsgType>
<Event><![CDATA[VIEW]]></Event>
<EventKey><![CDATA[http://www.9kpu.com/app/index.php?i=26&c=home&]]></EventKey>
<MenuId>442736005</MenuId>
</xml>

2016-08-03 14:55:14 params :
------------
Array:
rule : -2 ;
module :  ;
message : Array ;

2016-08-03 14:55:14 response :
------------

2016-08-03 14:55:29 trace :
------------
String:
<xml><ToUserName><![CDATA[gh_2a16c32dff4b]]></ToUserName>
<FromUserName><![CDATA[oZF73wPiR7UoKPF3eXTfoSH_HIqA]]></FromUserName>
<CreateTime>1470207329</CreateTime>
<MsgType><![CDATA[event]]></MsgType>
<Event><![CDATA[VIEW]]></Event>
<EventKey><![CDATA[http://www.9kpu.com/app/index.php?i=26&c=home&t=37]]></EventKey>
<MenuId>442736005</MenuId>
</xml>

2016-08-03 14:55:29 params :
------------
Array:
rule : -2 ;
module :  ;
message : Array ;

2016-08-03 14:55:29 response :
------------

2016-08-03 14:55:32 trace :
------------
String:
<xml><ToUserName><![CDATA[gh_2a16c32dff4b]]></ToUserName>
<FromUserName><![CDATA[oZF73wPiR7UoKPF3eXTfoSH_HIqA]]></FromUserName>
<CreateTime>1470207332</CreateTime>
<MsgType><![CDATA[event]]></MsgType>
<Event><![CDATA[VIEW]]></Event>
<EventKey><![CDATA[http://www.9kpu.com/app/index.php?i=26&c=entry&eid=1]]></EventKey>
<MenuId>442736005</MenuId>
</xml>

2016-08-03 14:55:32 params :
------------
Array:
rule : -2 ;
module :  ;
message : Array ;

2016-08-03 14:55:32 response :
------------

2016-08-03 14:55:36 trace :
------------
String:
<xml><ToUserName><![CDATA[gh_2a16c32dff4b]]></ToUserName>
<FromUserName><![CDATA[oZF73wNvKeJOUE0kPdunF3jVFPDs]]></FromUserName>
<CreateTime>1470207336</CreateTime>
<MsgType><![CDATA[event]]></MsgType>
<Event><![CDATA[VIEW]]></Event>
<EventKey><![CDATA[http://www.9kpu.com/app/index.php?i=26&c=entry&eid=1]]></EventKey>
<MenuId>442736005</MenuId>
</xml>

2016-08-03 14:55:36 params :
------------
Array:
rule : -2 ;
module :  ;
message : Array ;

2016-08-03 14:55:36 response :
------------

2016-08-03 14:55:36 trace :
------------
String:
<xml><ToUserName><![CDATA[gh_2a16c32dff4b]]></ToUserName>
<FromUserName><![CDATA[oZF73wPiR7UoKPF3eXTfoSH_HIqA]]></FromUserName>
<CreateTime>1470207336</CreateTime>
<MsgType><![CDATA[event]]></MsgType>
<Event><![CDATA[VIEW]]></Event>
<EventKey><![CDATA[http://www.9kpu.com/app/index.php?i=26&c=entry&do=teaIn&m=lianhu_school]]></EventKey>
<MenuId>442736005</MenuId>
</xml>

2016-08-03 14:55:36 params :
------------
Array:
rule : -2 ;
module :  ;
message : Array ;

2016-08-03 14:55:36 response :
------------

2016-08-03 14:56:59 trace :
------------
String:
<xml><ToUserName><![CDATA[gh_2a16c32dff4b]]></ToUserName>
<FromUserName><![CDATA[oZF73wBAO8cKUE_Jv7r5Ro0uWW2Q]]></FromUserName>
<CreateTime>1470207419</CreateTime>
<MsgType><![CDATA[event]]></MsgType>
<Event><![CDATA[VIEW]]></Event>
<EventKey><![CDATA[http://www.9kpu.com/app/index.php?i=26&c=home&t=37]]></EventKey>
<MenuId>442736005</MenuId>
</xml>

2016-08-03 14:56:59 params :
------------
Array:
rule : -2 ;
module :  ;
message : Array ;

2016-08-03 14:56:59 response :
------------

2016-08-03 14:57:18 trace :
------------
String:
<xml><ToUserName><![CDATA[gh_2a16c32dff4b]]></ToUserName>
<FromUserName><![CDATA[oZF73wBAO8cKUE_Jv7r5Ro0uWW2Q]]></FromUserName>
<CreateTime>1470207438</CreateTime>
<MsgType><![CDATA[event]]></MsgType>
<Event><![CDATA[VIEW]]></Event>
<EventKey><![CDATA[http://www.9kpu.com/app/index.php?i=26&c=entry&eid=1]]></EventKey>
<MenuId>442736005</MenuId>
</xml>

2016-08-03 14:57:18 params :
------------
Array:
rule : -2 ;
module :  ;
message : Array ;

2016-08-03 14:57:18 response :
------------

2016-08-03 14:57:31 trace :
------------
String:
<xml><ToUserName><![CDATA[gh_2a16c32dff4b]]></ToUserName>
<FromUserName><![CDATA[oZF73wBAO8cKUE_Jv7r5Ro0uWW2Q]]></FromUserName>
<CreateTime>1470207451</CreateTime>
<MsgType><![CDATA[event]]></MsgType>
<Event><![CDATA[VIEW]]></Event>
<EventKey><![CDATA[http://www.9kpu.com/app/index.php?i=26&c=entry&eid=1]]></EventKey>
<MenuId>442736005</MenuId>
</xml>

2016-08-03 14:57:31 params :
------------
Array:
rule : -2 ;
module :  ;
message : Array ;

2016-08-03 14:57:31 response :
------------

2016-08-03 14:57:37 trace :
------------
String:
<xml><ToUserName><![CDATA[gh_2a16c32dff4b]]></ToUserName>
<FromUserName><![CDATA[oZF73wExSpN-xCQ_-1xozUDLDX5A]]></FromUserName>
<CreateTime>1470207457</CreateTime>
<MsgType><![CDATA[event]]></MsgType>
<Event><![CDATA[VIEW]]></Event>
<EventKey><![CDATA[http://www.9kpu.com/app/index.php?i=26&c=entry&do=teaIn&m=lianhu_school]]></EventKey>
<MenuId>442736005</MenuId>
</xml>

2016-08-03 14:57:37 params :
------------
Array:
rule : -2 ;
module :  ;
message : Array ;

2016-08-03 14:57:37 response :
------------

2016-08-03 14:57:37 trace :
------------
String:
<xml><ToUserName><![CDATA[gh_2a16c32dff4b]]></ToUserName>
<FromUserName><![CDATA[oZF73wNvKeJOUE0kPdunF3jVFPDs]]></FromUserName>
<CreateTime>1470207457</CreateTime>
<MsgType><![CDATA[event]]></MsgType>
<Event><![CDATA[VIEW]]></Event>
<EventKey><![CDATA[http://www.9kpu.com/app/index.php?i=26&c=entry&eid=1]]></EventKey>
<MenuId>442736005</MenuId>
</xml>

2016-08-03 14:57:37 params :
------------
Array:
rule : -2 ;
module :  ;
message : Array ;

2016-08-03 14:57:37 response :
------------

2016-08-03 14:57:54 trace :
------------
String:
<xml><ToUserName><![CDATA[gh_2a16c32dff4b]]></ToUserName>
<FromUserName><![CDATA[oZF73wBAO8cKUE_Jv7r5Ro0uWW2Q]]></FromUserName>
<CreateTime>1470207474</CreateTime>
<MsgType><![CDATA[event]]></MsgType>
<Event><![CDATA[VIEW]]></Event>
<EventKey><![CDATA[http://www.9kpu.com/app/index.php?i=26&c=entry&eid=1]]></EventKey>
<MenuId>442736005</MenuId>
</xml>

2016-08-03 14:57:54 params :
------------
Array:
rule : -2 ;
module :  ;
message : Array ;

2016-08-03 14:57:54 response :
------------

2016-08-03 14:58:44 trace :
------------
String:
<xml><ToUserName><![CDATA[gh_2a16c32dff4b]]></ToUserName>
<FromUserName><![CDATA[oZF73wBAO8cKUE_Jv7r5Ro0uWW2Q]]></FromUserName>
<CreateTime>1470207524</CreateTime>
<MsgType><![CDATA[event]]></MsgType>
<Event><![CDATA[VIEW]]></Event>
<EventKey><![CDATA[http://www.9kpu.com/app/index.php?i=26&c=entry&do=teaIn&m=lianhu_school]]></EventKey>
<MenuId>442736005</MenuId>
</xml>

2016-08-03 14:58:44 params :
------------
Array:
rule : -2 ;
module :  ;
message : Array ;

2016-08-03 14:58:44 response :
------------

2016-08-03 14:58:59 trace :
------------
String:
<xml><ToUserName><![CDATA[gh_2a16c32dff4b]]></ToUserName>
<FromUserName><![CDATA[oZF73wBAO8cKUE_Jv7r5Ro0uWW2Q]]></FromUserName>
<CreateTime>1470207539</CreateTime>
<MsgType><![CDATA[event]]></MsgType>
<Event><![CDATA[VIEW]]></Event>
<EventKey><![CDATA[http://www.9kpu.com/app/index.php?i=26&c=entry&eid=1]]></EventKey>
<MenuId>442736005</MenuId>
</xml>

2016-08-03 14:58:59 params :
------------
Array:
rule : -2 ;
module :  ;
message : Array ;

2016-08-03 14:58:59 response :
------------

2016-08-03 14:59:44 trace :
------------
String:
<xml><ToUserName><![CDATA[gh_2a16c32dff4b]]></ToUserName>
<FromUserName><![CDATA[oZF73wAKimMU1XufzSoWnPXuf02w]]></FromUserName>
<CreateTime>1470207583</CreateTime>
<MsgType><![CDATA[event]]></MsgType>
<Event><![CDATA[VIEW]]></Event>
<EventKey><![CDATA[http://www.9kpu.com/app/index.php?i=26&c=home&]]></EventKey>
<MenuId>442736005</MenuId>
</xml>

2016-08-03 14:59:44 params :
------------
Array:
rule : -2 ;
module :  ;
message : Array ;

2016-08-03 14:59:44 response :
------------

2016-08-03 15:00:05 trace :
------------
String:
<xml><ToUserName><![CDATA[gh_2a16c32dff4b]]></ToUserName>
<FromUserName><![CDATA[oZF73wAKimMU1XufzSoWnPXuf02w]]></FromUserName>
<CreateTime>1470207604</CreateTime>
<MsgType><![CDATA[event]]></MsgType>
<Event><![CDATA[VIEW]]></Event>
<EventKey><![CDATA[http://www.9kpu.com/app/index.php?i=26&c=home&]]></EventKey>
<MenuId>442736005</MenuId>
</xml>

2016-08-03 15:00:05 params :
------------
Array:
rule : -2 ;
module :  ;
message : Array ;

2016-08-03 15:00:05 response :
------------

2016-08-03 15:00:12 trace :
------------
String:
<xml><ToUserName><![CDATA[gh_e7a0c8306261]]></ToUserName>
<FromUserName><![CDATA[oRj-Fs96hybsuDhEMucbU2caOPi8]]></FromUserName>
<CreateTime>1470207611</CreateTime>
<MsgType><![CDATA[event]]></MsgType>
<Event><![CDATA[VIEW]]></Event>
<EventKey><![CDATA[http://www.9kpu.com/app/index.php?i=13&c=home&]]></EventKey>
<MenuId>409075692</MenuId>
</xml>

2016-08-03 15:00:12 params :
------------
Array:
message : Array ;
module : basic ;
rule : 22 ;
priority : 0 ;
keyword : Array ;

2016-08-03 15:00:12 response :
------------
Array:
FromUserName : gh_e7a0c8306261 ;
ToUserName : oRj-Fs96hybsuDhEMucbU2caOPi8 ;
MsgType : text ;
Content : 欢迎关注同城学堂，点击微官网查看本学校介绍信息，家长点击学生天地绑定自己小孩信息使用，老师点击教师信息绑定自己账号使用 ;

2016-08-03 15:01:16 trace :
------------
String:
<xml><ToUserName><![CDATA[gh_e7a0c8306261]]></ToUserName>
<FromUserName><![CDATA[oRj-Fs96hybsuDhEMucbU2caOPi8]]></FromUserName>
<CreateTime>1470207676</CreateTime>
<MsgType><![CDATA[event]]></MsgType>
<Event><![CDATA[VIEW]]></Event>
<EventKey><![CDATA[http://www.9kpu.com/app/index.php?i=13&c=home&]]></EventKey>
<MenuId>409075692</MenuId>
</xml>

2016-08-03 15:01:16 params :
------------
Array:
message : Array ;
module : basic ;
rule : 22 ;
priority : 0 ;
keyword : Array ;

2016-08-03 15:01:16 response :
------------
Array:
FromUserName : gh_e7a0c8306261 ;
ToUserName : oRj-Fs96hybsuDhEMucbU2caOPi8 ;
MsgType : text ;
Content : 欢迎关注同城学堂，点击微官网查看本学校介绍信息，家长点击学生天地绑定自己小孩信息使用，老师点击教师信息绑定自己账号使用 ;

2016-08-03 15:02:02 trace :
------------
String:
<xml><ToUserName><![CDATA[gh_2a16c32dff4b]]></ToUserName>
<FromUserName><![CDATA[oZF73wEnHzQcnfIQRJo1gILYy3bU]]></FromUserName>
<CreateTime>1470207722</CreateTime>
<MsgType><![CDATA[event]]></MsgType>
<Event><![CDATA[VIEW]]></Event>
<EventKey><![CDATA[http://www.9kpu.com/app/index.php?i=26&c=home&t=37]]></EventKey>
<MenuId>442736005</MenuId>
</xml>

2016-08-03 15:02:02 params :
------------
Array:
rule : -2 ;
module :  ;
message : Array ;

2016-08-03 15:02:02 response :
------------

2016-08-03 15:02:11 trace :
------------
String:
<xml><ToUserName><![CDATA[gh_2a16c32dff4b]]></ToUserName>
<FromUserName><![CDATA[oZF73wEnHzQcnfIQRJo1gILYy3bU]]></FromUserName>
<CreateTime>1470207731</CreateTime>
<MsgType><![CDATA[event]]></MsgType>
<Event><![CDATA[VIEW]]></Event>
<EventKey><![CDATA[http://www.9kpu.com/app/index.php?i=26&c=home&t=37]]></EventKey>
<MenuId>442736005</MenuId>
</xml>

2016-08-03 15:02:11 params :
------------
Array:
rule : -2 ;
module :  ;
message : Array ;

2016-08-03 15:02:11 response :
------------

2016-08-03 15:04:51 trace :
------------
String:
<xml><ToUserName><![CDATA[gh_2a16c32dff4b]]></ToUserName>
<FromUserName><![CDATA[oZF73wBAO8cKUE_Jv7r5Ro0uWW2Q]]></FromUserName>
<CreateTime>1470207891</CreateTime>
<MsgType><![CDATA[event]]></MsgType>
<Event><![CDATA[VIEW]]></Event>
<EventKey><![CDATA[http://www.9kpu.com/app/index.php?i=26&c=home&]]></EventKey>
<MenuId>442736005</MenuId>
</xml>

2016-08-03 15:04:51 params :
------------
Array:
rule : -2 ;
module :  ;
message : Array ;

2016-08-03 15:04:51 response :
------------

2016-08-03 15:06:42 trace :
------------
String:
<xml><ToUserName><![CDATA[gh_2a16c32dff4b]]></ToUserName>
<FromUserName><![CDATA[oZF73wAKimMU1XufzSoWnPXuf02w]]></FromUserName>
<CreateTime>1470208002</CreateTime>
<MsgType><![CDATA[event]]></MsgType>
<Event><![CDATA[VIEW]]></Event>
<EventKey><![CDATA[http://www.9kpu.com/app/index.php?i=26&c=entry&eid=1]]></EventKey>
<MenuId>442736005</MenuId>
</xml>

2016-08-03 15:06:42 params :
------------
Array:
rule : -2 ;
module :  ;
message : Array ;

2016-08-03 15:06:42 response :
------------

2016-08-03 15:06:47 trace :
------------
String:
<xml><ToUserName><![CDATA[gh_e7a0c8306261]]></ToUserName>
<FromUserName><![CDATA[oRj-Fs2trqsKLtJAmxc05he785TE]]></FromUserName>
<CreateTime>1470208007</CreateTime>
<MsgType><![CDATA[event]]></MsgType>
<Event><![CDATA[VIEW]]></Event>
<EventKey><![CDATA[http://www.9kpu.com/app/index.php?i=13&c=home&]]></EventKey>
<MenuId>409075692</MenuId>
</xml>

2016-08-03 15:06:47 params :
------------
Array:
message : Array ;
module : basic ;
rule : 22 ;
priority : 0 ;
keyword : Array ;

2016-08-03 15:06:47 response :
------------
Array:
FromUserName : gh_e7a0c8306261 ;
ToUserName : oRj-Fs2trqsKLtJAmxc05he785TE ;
MsgType : text ;
Content : 欢迎关注同城学堂，点击微官网查看本学校介绍信息，家长点击学生天地绑定自己小孩信息使用，老师点击教师信息绑定自己账号使用 ;

2016-08-03 15:07:59 trace :
------------
String:
<xml><ToUserName><![CDATA[gh_2a16c32dff4b]]></ToUserName>
<FromUserName><![CDATA[oZF73wNvKeJOUE0kPdunF3jVFPDs]]></FromUserName>
<CreateTime>1470208079</CreateTime>
<MsgType><![CDATA[event]]></MsgType>
<Event><![CDATA[VIEW]]></Event>
<EventKey><![CDATA[http://www.9kpu.com/app/index.php?i=26&c=home&]]></EventKey>
<MenuId>442736005</MenuId>
</xml>

2016-08-03 15:07:59 params :
------------
Array:
rule : -2 ;
module :  ;
message : Array ;

2016-08-03 15:07:59 response :
------------

2016-08-03 15:07:59 trace :
------------
String:
<xml><ToUserName><![CDATA[gh_2a16c32dff4b]]></ToUserName>
<FromUserName><![CDATA[oZF73wOxipmBvbW-XH8DzhvyJox4]]></FromUserName>
<CreateTime>1470208079</CreateTime>
<MsgType><![CDATA[event]]></MsgType>
<Event><![CDATA[VIEW]]></Event>
<EventKey><![CDATA[http://www.9kpu.com/app/index.php?i=26&c=entry&eid=1]]></EventKey>
<MenuId>442736005</MenuId>
</xml>

2016-08-03 15:07:59 params :
------------
Array:
rule : -2 ;
module :  ;
message : Array ;

2016-08-03 15:07:59 response :
------------

2016-08-03 15:08:06 trace :
------------
String:
<xml><ToUserName><![CDATA[gh_2a16c32dff4b]]></ToUserName>
<FromUserName><![CDATA[oZF73wOxipmBvbW-XH8DzhvyJox4]]></FromUserName>
<CreateTime>1470208086</CreateTime>
<MsgType><![CDATA[event]]></MsgType>
<Event><![CDATA[VIEW]]></Event>
<EventKey><![CDATA[http://www.9kpu.com/app/index.php?i=26&c=entry&do=teaIn&m=lianhu_school]]></EventKey>
<MenuId>442736005</MenuId>
</xml>

2016-08-03 15:08:06 params :
------------
Array:
rule : -2 ;
module :  ;
message : Array ;

2016-08-03 15:08:06 response :
------------

2016-08-03 15:08:19 trace :
------------
String:
<xml><ToUserName><![CDATA[gh_2a16c32dff4b]]></ToUserName>
<FromUserName><![CDATA[oZF73wOxipmBvbW-XH8DzhvyJox4]]></FromUserName>
<CreateTime>1470208099</CreateTime>
<MsgType><![CDATA[event]]></MsgType>
<Event><![CDATA[VIEW]]></Event>
<EventKey><![CDATA[http://www.9kpu.com/app/index.php?i=26&c=home&]]></EventKey>
<MenuId>442736005</MenuId>
</xml>

2016-08-03 15:08:19 params :
------------
Array:
rule : -2 ;
module :  ;
message : Array ;

2016-08-03 15:08:19 response :
------------

2016-08-03 15:13:54 trace :
------------
String:
<xml><ToUserName><![CDATA[gh_2a16c32dff4b]]></ToUserName>
<FromUserName><![CDATA[oZF73wFCOFp9iWfMHiZj5Zd-BoG0]]></FromUserName>
<CreateTime>1470208434</CreateTime>
<MsgType><![CDATA[event]]></MsgType>
<Event><![CDATA[VIEW]]></Event>
<EventKey><![CDATA[http://www.9kpu.com/app/index.php?i=26&c=entry&eid=1]]></EventKey>
<MenuId>442736005</MenuId>
</xml>

2016-08-03 15:13:54 params :
------------
Array:
rule : -2 ;
module :  ;
message : Array ;

2016-08-03 15:13:54 response :
------------

2016-08-03 15:14:04 trace :
------------
String:
<xml><ToUserName><![CDATA[gh_2a16c32dff4b]]></ToUserName>
<FromUserName><![CDATA[oZF73wFCOFp9iWfMHiZj5Zd-BoG0]]></FromUserName>
<CreateTime>1470208444</CreateTime>
<MsgType><![CDATA[event]]></MsgType>
<Event><![CDATA[VIEW]]></Event>
<EventKey><![CDATA[http://www.9kpu.com/app/index.php?i=26&c=entry&do=teaIn&m=lianhu_school]]></EventKey>
<MenuId>442736005</MenuId>
</xml>

2016-08-03 15:14:04 params :
------------
Array:
rule : -2 ;
module :  ;
message : Array ;

2016-08-03 15:14:04 response :
------------

2016-08-03 15:14:14 trace :
------------
String:
<xml><ToUserName><![CDATA[gh_2a16c32dff4b]]></ToUserName>
<FromUserName><![CDATA[oZF73wFCOFp9iWfMHiZj5Zd-BoG0]]></FromUserName>
<CreateTime>1470208454</CreateTime>
<MsgType><![CDATA[event]]></MsgType>
<Event><![CDATA[VIEW]]></Event>
<EventKey><![CDATA[http://www.9kpu.com/app/index.php?i=26&c=home&]]></EventKey>
<MenuId>442736005</MenuId>
</xml>

2016-08-03 15:14:14 params :
------------
Array:
rule : -2 ;
module :  ;
message : Array ;

2016-08-03 15:14:14 response :
------------

2016-08-03 15:14:51 trace :
------------
String:
<xml><ToUserName><![CDATA[gh_2a16c32dff4b]]></ToUserName>
<FromUserName><![CDATA[oZF73wFCOFp9iWfMHiZj5Zd-BoG0]]></FromUserName>
<CreateTime>1470208491</CreateTime>
<MsgType><![CDATA[event]]></MsgType>
<Event><![CDATA[VIEW]]></Event>
<EventKey><![CDATA[http://www.9kpu.com/app/index.php?i=26&c=entry&do=teaIn&m=lianhu_school]]></EventKey>
<MenuId>442736005</MenuId>
</xml>

2016-08-03 15:14:51 params :
------------
Array:
rule : -2 ;
module :  ;
message : Array ;

2016-08-03 15:14:51 response :
------------

2016-08-03 15:14:55 trace :
------------
String:
<xml><ToUserName><![CDATA[gh_2a16c32dff4b]]></ToUserName>
<FromUserName><![CDATA[oZF73wFCOFp9iWfMHiZj5Zd-BoG0]]></FromUserName>
<CreateTime>1470208495</CreateTime>
<MsgType><![CDATA[event]]></MsgType>
<Event><![CDATA[VIEW]]></Event>
<EventKey><![CDATA[http://www.9kpu.com/app/index.php?i=26&c=entry&eid=1]]></EventKey>
<MenuId>442736005</MenuId>
</xml>

2016-08-03 15:14:55 params :
------------
Array:
rule : -2 ;
module :  ;
message : Array ;

2016-08-03 15:14:55 response :
------------

2016-08-03 15:15:00 trace :
------------
String:
<xml><ToUserName><![CDATA[gh_2a16c32dff4b]]></ToUserName>
<FromUserName><![CDATA[oZF73wFCOFp9iWfMHiZj5Zd-BoG0]]></FromUserName>
<CreateTime>1470208500</CreateTime>
<MsgType><![CDATA[event]]></MsgType>
<Event><![CDATA[VIEW]]></Event>
<EventKey><![CDATA[http://www.9kpu.com/app/index.php?i=26&c=home&]]></EventKey>
<MenuId>442736005</MenuId>
</xml>

2016-08-03 15:15:00 params :
------------
Array:
rule : -2 ;
module :  ;
message : Array ;

2016-08-03 15:15:00 response :
------------

2016-08-03 15:15:17 trace :
------------
String:
<xml><ToUserName><![CDATA[gh_2a16c32dff4b]]></ToUserName>
<FromUserName><![CDATA[oZF73wAKimMU1XufzSoWnPXuf02w]]></FromUserName>
<CreateTime>1470208517</CreateTime>
<MsgType><![CDATA[event]]></MsgType>
<Event><![CDATA[VIEW]]></Event>
<EventKey><![CDATA[http://www.9kpu.com/app/index.php?i=26&c=entry&eid=1]]></EventKey>
<MenuId>442736005</MenuId>
</xml>

2016-08-03 15:15:17 params :
------------
Array:
rule : -2 ;
module :  ;
message : Array ;

2016-08-03 15:15:17 response :
------------

2016-08-03 15:15:47 trace :
------------
String:
<xml><ToUserName><![CDATA[gh_e7a0c8306261]]></ToUserName>
<FromUserName><![CDATA[oRj-Fs5QjtciVl9kBRfKQQiKibmI]]></FromUserName>
<CreateTime>1470208547</CreateTime>
<MsgType><![CDATA[event]]></MsgType>
<Event><![CDATA[VIEW]]></Event>
<EventKey><![CDATA[http://www.9kpu.com/app/index.php?i=13&c=entry&eid=1]]></EventKey>
<MenuId>409075692</MenuId>
</xml>

2016-08-03 15:15:47 params :
------------
Array:
message : Array ;
module : basic ;
rule : 22 ;
priority : 0 ;
keyword : Array ;

2016-08-03 15:15:47 response :
------------
Array:
FromUserName : gh_e7a0c8306261 ;
ToUserName : oRj-Fs5QjtciVl9kBRfKQQiKibmI ;
MsgType : text ;
Content : 欢迎关注同城学堂，点击微官网查看本学校介绍信息，家长点击学生天地绑定自己小孩信息使用，老师点击教师信息绑定自己账号使用 ;

2016-08-03 15:16:10 trace :
------------
String:
<xml><ToUserName><![CDATA[gh_2a16c32dff4b]]></ToUserName>
<FromUserName><![CDATA[oZF73wFCOFp9iWfMHiZj5Zd-BoG0]]></FromUserName>
<CreateTime>1470208570</CreateTime>
<MsgType><![CDATA[event]]></MsgType>
<Event><![CDATA[VIEW]]></Event>
<EventKey><![CDATA[http://www.9kpu.com/app/index.php?i=26&c=entry&eid=1]]></EventKey>
<MenuId>442736005</MenuId>
</xml>

2016-08-03 15:16:10 params :
------------
Array:
rule : -2 ;
module :  ;
message : Array ;

2016-08-03 15:16:10 response :
------------

2016-08-03 15:16:44 trace :
------------
String:
<xml><ToUserName><![CDATA[gh_2a16c32dff4b]]></ToUserName>
<FromUserName><![CDATA[oZF73wFCOFp9iWfMHiZj5Zd-BoG0]]></FromUserName>
<CreateTime>1470208604</CreateTime>
<MsgType><![CDATA[event]]></MsgType>
<Event><![CDATA[VIEW]]></Event>
<EventKey><![CDATA[http://www.9kpu.com/app/index.php?i=26&c=entry&eid=1]]></EventKey>
<MenuId>442736005</MenuId>
</xml>

2016-08-03 15:16:44 params :
------------
Array:
rule : -2 ;
module :  ;
message : Array ;

2016-08-03 15:16:44 response :
------------

2016-08-03 15:16:48 trace :
------------
String:
<xml><ToUserName><![CDATA[gh_2a16c32dff4b]]></ToUserName>
<FromUserName><![CDATA[oZF73wBAO8cKUE_Jv7r5Ro0uWW2Q]]></FromUserName>
<CreateTime>1470208608</CreateTime>
<MsgType><![CDATA[event]]></MsgType>
<Event><![CDATA[VIEW]]></Event>
<EventKey><![CDATA[http://www.9kpu.com/app/index.php?i=26&c=entry&do=teaIn&m=lianhu_school]]></EventKey>
<MenuId>442736005</MenuId>
</xml>

2016-08-03 15:16:48 params :
------------
Array:
rule : -2 ;
module :  ;
message : Array ;

2016-08-03 15:16:48 response :
------------

2016-08-03 15:16:48 trace :
------------
String:
<xml><ToUserName><![CDATA[gh_2a16c32dff4b]]></ToUserName>
<FromUserName><![CDATA[oZF73wFCOFp9iWfMHiZj5Zd-BoG0]]></FromUserName>
<CreateTime>1470208608</CreateTime>
<MsgType><![CDATA[event]]></MsgType>
<Event><![CDATA[VIEW]]></Event>
<EventKey><![CDATA[http://www.9kpu.com/app/index.php?i=26&c=home&t=37]]></EventKey>
<MenuId>442736005</MenuId>
</xml>

2016-08-03 15:16:48 params :
------------
Array:
rule : -2 ;
module :  ;
message : Array ;

2016-08-03 15:16:48 response :
------------

2016-08-03 15:16:55 trace :
------------
String:
<xml><ToUserName><![CDATA[gh_2a16c32dff4b]]></ToUserName>
<FromUserName><![CDATA[oZF73wBAO8cKUE_Jv7r5Ro0uWW2Q]]></FromUserName>
<CreateTime>1470208615</CreateTime>
<MsgType><![CDATA[event]]></MsgType>
<Event><![CDATA[VIEW]]></Event>
<EventKey><![CDATA[http://www.9kpu.com/app/index.php?i=26&c=entry&do=teaIn&m=lianhu_school]]></EventKey>
<MenuId>442736005</MenuId>
</xml>

2016-08-03 15:16:55 params :
------------
Array:
rule : -2 ;
module :  ;
message : Array ;

2016-08-03 15:16:55 response :
------------

2016-08-03 15:17:11 trace :
------------
String:
<xml><ToUserName><![CDATA[gh_2a16c32dff4b]]></ToUserName>
<FromUserName><![CDATA[oZF73wFCOFp9iWfMHiZj5Zd-BoG0]]></FromUserName>
<CreateTime>1470208631</CreateTime>
<MsgType><![CDATA[event]]></MsgType>
<Event><![CDATA[VIEW]]></Event>
<EventKey><![CDATA[http://www.9kpu.com/app/index.php?i=26&c=home&]]></EventKey>
<MenuId>442736005</MenuId>
</xml>

2016-08-03 15:17:11 params :
------------
Array:
rule : -2 ;
module :  ;
message : Array ;

2016-08-03 15:17:11 response :
------------

2016-08-03 15:17:24 trace :
------------
String:
<xml><ToUserName><![CDATA[gh_2a16c32dff4b]]></ToUserName>
<FromUserName><![CDATA[oZF73wFCOFp9iWfMHiZj5Zd-BoG0]]></FromUserName>
<CreateTime>1470208644</CreateTime>
<MsgType><![CDATA[event]]></MsgType>
<Event><![CDATA[VIEW]]></Event>
<EventKey><![CDATA[http://www.9kpu.com/app/index.php?i=26&c=home&t=37]]></EventKey>
<MenuId>442736005</MenuId>
</xml>

2016-08-03 15:17:24 params :
------------
Array:
rule : -2 ;
module :  ;
message : Array ;

2016-08-03 15:17:24 response :
------------

2016-08-03 15:17:31 trace :
------------
String:
<xml><ToUserName><![CDATA[gh_2a16c32dff4b]]></ToUserName>
<FromUserName><![CDATA[oZF73wFCOFp9iWfMHiZj5Zd-BoG0]]></FromUserName>
<CreateTime>1470208651</CreateTime>
<MsgType><![CDATA[event]]></MsgType>
<Event><![CDATA[VIEW]]></Event>
<EventKey><![CDATA[http://www.9kpu.com/app/index.php?i=26&c=entry&eid=1]]></EventKey>
<MenuId>442736005</MenuId>
</xml>

2016-08-03 15:17:31 params :
------------
Array:
rule : -2 ;
module :  ;
message : Array ;

2016-08-03 15:17:31 response :
------------

2016-08-03 15:17:39 trace :
------------
String:
<xml><ToUserName><![CDATA[gh_2a16c32dff4b]]></ToUserName>
<FromUserName><![CDATA[oZF73wFCOFp9iWfMHiZj5Zd-BoG0]]></FromUserName>
<CreateTime>1470208659</CreateTime>
<MsgType><![CDATA[event]]></MsgType>
<Event><![CDATA[VIEW]]></Event>
<EventKey><![CDATA[http://www.9kpu.com/app/index.php?i=26&c=entry&do=teaIn&m=lianhu_school]]></EventKey>
<MenuId>442736005</MenuId>
</xml>

2016-08-03 15:17:39 params :
------------
Array:
rule : -2 ;
module :  ;
message : Array ;

2016-08-03 15:17:39 response :
------------

2016-08-03 15:17:58 trace :
------------
String:
<xml><ToUserName><![CDATA[gh_e7a0c8306261]]></ToUserName>
<FromUserName><![CDATA[oRj-Fs5QjtciVl9kBRfKQQiKibmI]]></FromUserName>
<CreateTime>1470208678</CreateTime>
<MsgType><![CDATA[event]]></MsgType>
<Event><![CDATA[VIEW]]></Event>
<EventKey><![CDATA[http://www.9kpu.com/app/index.php?i=13&c=entry&eid=1]]></EventKey>
<MenuId>409075692</MenuId>
</xml>

2016-08-03 15:17:58 params :
------------
Array:
message : Array ;
module : basic ;
rule : 22 ;
priority : 0 ;
keyword : Array ;

2016-08-03 15:17:58 response :
------------
Array:
FromUserName : gh_e7a0c8306261 ;
ToUserName : oRj-Fs5QjtciVl9kBRfKQQiKibmI ;
MsgType : text ;
Content : 欢迎关注同城学堂，点击微官网查看本学校介绍信息，家长点击学生天地绑定自己小孩信息使用，老师点击教师信息绑定自己账号使用 ;

2016-08-03 15:18:27 trace :
------------
String:
<xml><ToUserName><![CDATA[gh_e7a0c8306261]]></ToUserName>
<FromUserName><![CDATA[oRj-Fs5QjtciVl9kBRfKQQiKibmI]]></FromUserName>
<CreateTime>1470208707</CreateTime>
<MsgType><![CDATA[event]]></MsgType>
<Event><![CDATA[VIEW]]></Event>
<EventKey><![CDATA[http://www.9kpu.com/app/index.php?i=13&c=entry&eid=1]]></EventKey>
<MenuId>409075692</MenuId>
</xml>

2016-08-03 15:18:27 params :
------------
Array:
message : Array ;
module : basic ;
rule : 22 ;
priority : 0 ;
keyword : Array ;

2016-08-03 15:18:27 response :
------------
Array:
FromUserName : gh_e7a0c8306261 ;
ToUserName : oRj-Fs5QjtciVl9kBRfKQQiKibmI ;
MsgType : text ;
Content : 欢迎关注同城学堂，点击微官网查看本学校介绍信息，家长点击学生天地绑定自己小孩信息使用，老师点击教师信息绑定自己账号使用 ;

2016-08-03 15:19:04 trace :
------------
String:
<xml><ToUserName><![CDATA[gh_2a16c32dff4b]]></ToUserName>
<FromUserName><![CDATA[oZF73wBAO8cKUE_Jv7r5Ro0uWW2Q]]></FromUserName>
<CreateTime>1470208744</CreateTime>
<MsgType><![CDATA[event]]></MsgType>
<Event><![CDATA[VIEW]]></Event>
<EventKey><![CDATA[http://www.9kpu.com/app/index.php?i=26&c=entry&eid=1]]></EventKey>
<MenuId>442736005</MenuId>
</xml>

2016-08-03 15:19:04 params :
------------
Array:
rule : -2 ;
module :  ;
message : Array ;

2016-08-03 15:19:04 response :
------------

2016-08-03 15:20:00 trace :
------------
String:
<xml><ToUserName><![CDATA[gh_e7a0c8306261]]></ToUserName>
<FromUserName><![CDATA[oRj-Fs5QjtciVl9kBRfKQQiKibmI]]></FromUserName>
<CreateTime>1470208800</CreateTime>
<MsgType><![CDATA[event]]></MsgType>
<Event><![CDATA[VIEW]]></Event>
<EventKey><![CDATA[http://www.9kpu.com/app/index.php?i=13&c=entry&eid=2]]></EventKey>
<MenuId>409075692</MenuId>
</xml>

2016-08-03 15:20:00 params :
------------
Array:
message : Array ;
module : basic ;
rule : 22 ;
priority : 0 ;
keyword : Array ;

2016-08-03 15:20:00 response :
------------
Array:
FromUserName : gh_e7a0c8306261 ;
ToUserName : oRj-Fs5QjtciVl9kBRfKQQiKibmI ;
MsgType : text ;
Content : 欢迎关注同城学堂，点击微官网查看本学校介绍信息，家长点击学生天地绑定自己小孩信息使用，老师点击教师信息绑定自己账号使用 ;

2016-08-03 15:20:54 trace :
------------
String:
<xml><ToUserName><![CDATA[gh_e7a0c8306261]]></ToUserName>
<FromUserName><![CDATA[oRj-Fs5QjtciVl9kBRfKQQiKibmI]]></FromUserName>
<CreateTime>1470208854</CreateTime>
<MsgType><![CDATA[event]]></MsgType>
<Event><![CDATA[VIEW]]></Event>
<EventKey><![CDATA[http://www.9kpu.com/app/index.php?i=13&c=entry&eid=1]]></EventKey>
<MenuId>409075692</MenuId>
</xml>

2016-08-03 15:20:54 params :
------------
Array:
message : Array ;
module : basic ;
rule : 22 ;
priority : 0 ;
keyword : Array ;

2016-08-03 15:20:54 response :
------------
Array:
FromUserName : gh_e7a0c8306261 ;
ToUserName : oRj-Fs5QjtciVl9kBRfKQQiKibmI ;
MsgType : text ;
Content : 欢迎关注同城学堂，点击微官网查看本学校介绍信息，家长点击学生天地绑定自己小孩信息使用，老师点击教师信息绑定自己账号使用 ;

2016-08-03 15:21:46 trace :
------------
String:
<xml><ToUserName><![CDATA[gh_2a16c32dff4b]]></ToUserName>
<FromUserName><![CDATA[oZF73wExSpN-xCQ_-1xozUDLDX5A]]></FromUserName>
<CreateTime>1470208906</CreateTime>
<MsgType><![CDATA[event]]></MsgType>
<Event><![CDATA[VIEW]]></Event>
<EventKey><![CDATA[http://www.9kpu.com/app/index.php?i=26&c=entry&eid=1]]></EventKey>
<MenuId>442736005</MenuId>
</xml>

2016-08-03 15:21:46 params :
------------
Array:
rule : -2 ;
module :  ;
message : Array ;

2016-08-03 15:21:46 response :
------------

2016-08-03 15:21:49 trace :
------------
String:
<xml><ToUserName><![CDATA[gh_2a16c32dff4b]]></ToUserName>
<FromUserName><![CDATA[oZF73wExSpN-xCQ_-1xozUDLDX5A]]></FromUserName>
<CreateTime>1470208909</CreateTime>
<MsgType><![CDATA[event]]></MsgType>
<Event><![CDATA[VIEW]]></Event>
<EventKey><![CDATA[http://www.9kpu.com/app/index.php?i=26&c=entry&do=teaIn&m=lianhu_school]]></EventKey>
<MenuId>442736005</MenuId>
</xml>

2016-08-03 15:21:49 params :
------------
Array:
rule : -2 ;
module :  ;
message : Array ;

2016-08-03 15:21:49 response :
------------

2016-08-03 15:22:28 trace :
------------
String:
<xml><ToUserName><![CDATA[gh_2a16c32dff4b]]></ToUserName>
<FromUserName><![CDATA[oZF73wExSpN-xCQ_-1xozUDLDX5A]]></FromUserName>
<CreateTime>1470208948</CreateTime>
<MsgType><![CDATA[event]]></MsgType>
<Event><![CDATA[VIEW]]></Event>
<EventKey><![CDATA[http://www.9kpu.com/app/index.php?i=26&c=home&t=37]]></EventKey>
<MenuId>442736005</MenuId>
</xml>

2016-08-03 15:22:28 params :
------------
Array:
rule : -2 ;
module :  ;
message : Array ;

2016-08-03 15:22:28 response :
------------

2016-08-03 15:29:02 trace :
------------
String:
<xml><ToUserName><![CDATA[gh_2a16c32dff4b]]></ToUserName>
<FromUserName><![CDATA[oZF73wBAO8cKUE_Jv7r5Ro0uWW2Q]]></FromUserName>
<CreateTime>1470209342</CreateTime>
<MsgType><![CDATA[event]]></MsgType>
<Event><![CDATA[VIEW]]></Event>
<EventKey><![CDATA[http://www.9kpu.com/app/index.php?i=26&c=entry&eid=1]]></EventKey>
<MenuId>442859793</MenuId>
</xml>

2016-08-03 15:29:02 params :
------------
Array:
rule : -2 ;
module :  ;
message : Array ;

2016-08-03 15:29:02 response :
------------

2016-08-03 15:29:06 trace :
------------
String:
<xml><ToUserName><![CDATA[gh_2a16c32dff4b]]></ToUserName>
<FromUserName><![CDATA[oZF73wBAO8cKUE_Jv7r5Ro0uWW2Q]]></FromUserName>
<CreateTime>1470209346</CreateTime>
<MsgType><![CDATA[event]]></MsgType>
<Event><![CDATA[VIEW]]></Event>
<EventKey><![CDATA[http://www.9kpu.com/app/index.php?i=26&c=entry&do=teaIn&m=lianhu_school]]></EventKey>
<MenuId>442859793</MenuId>
</xml>

2016-08-03 15:29:06 params :
------------
Array:
rule : -2 ;
module :  ;
message : Array ;

2016-08-03 15:29:06 response :
------------

2016-08-03 15:29:13 trace :
------------
String:
<xml><ToUserName><![CDATA[gh_2a16c32dff4b]]></ToUserName>
<FromUserName><![CDATA[oZF73wBAO8cKUE_Jv7r5Ro0uWW2Q]]></FromUserName>
<CreateTime>1470209353</CreateTime>
<MsgType><![CDATA[event]]></MsgType>
<Event><![CDATA[VIEW]]></Event>
<EventKey><![CDATA[http://www.9kpu.com/app/index.php?i=26&c=home&]]></EventKey>
<MenuId>442859793</MenuId>
</xml>

2016-08-03 15:29:13 params :
------------
Array:
rule : -2 ;
module :  ;
message : Array ;

2016-08-03 15:29:13 response :
------------

2016-08-03 15:29:46 trace :
------------
String:
<xml><ToUserName><![CDATA[gh_2a16c32dff4b]]></ToUserName>
<FromUserName><![CDATA[oZF73wJjbQM8OwoAOZmZY8HvrUdA]]></FromUserName>
<CreateTime>1470209386</CreateTime>
<MsgType><![CDATA[event]]></MsgType>
<Event><![CDATA[VIEW]]></Event>
<EventKey><![CDATA[http://www.9kpu.com/app/index.php?i=26&c=home&]]></EventKey>
<MenuId>442859793</MenuId>
</xml>

2016-08-03 15:29:46 params :
------------
Array:
rule : -2 ;
module :  ;
message : Array ;

2016-08-03 15:29:46 response :
------------

2016-08-03 15:29:52 trace :
------------
String:
<xml><ToUserName><![CDATA[gh_2a16c32dff4b]]></ToUserName>
<FromUserName><![CDATA[oZF73wJjbQM8OwoAOZmZY8HvrUdA]]></FromUserName>
<CreateTime>1470209392</CreateTime>
<MsgType><![CDATA[event]]></MsgType>
<Event><![CDATA[VIEW]]></Event>
<EventKey><![CDATA[http://www.9kpu.com/app/index.php?i=26&c=entry&eid=1]]></EventKey>
<MenuId>442859793</MenuId>
</xml>

2016-08-03 15:29:52 params :
------------
Array:
rule : -2 ;
module :  ;
message : Array ;

2016-08-03 15:29:52 response :
------------

2016-08-03 15:29:58 trace :
------------
String:
<xml><ToUserName><![CDATA[gh_2a16c32dff4b]]></ToUserName>
<FromUserName><![CDATA[oZF73wJjbQM8OwoAOZmZY8HvrUdA]]></FromUserName>
<CreateTime>1470209398</CreateTime>
<MsgType><![CDATA[event]]></MsgType>
<Event><![CDATA[VIEW]]></Event>
<EventKey><![CDATA[http://www.9kpu.com/app/index.php?i=26&c=entry&do=teaIn&m=lianhu_school]]></EventKey>
<MenuId>442859793</MenuId>
</xml>

2016-08-03 15:29:58 params :
------------
Array:
rule : -2 ;
module :  ;
message : Array ;

2016-08-03 15:29:58 response :
------------

2016-08-03 15:29:58 trace :
------------
String:
<xml><ToUserName><![CDATA[gh_2a16c32dff4b]]></ToUserName>
<FromUserName><![CDATA[oZF73wExSpN-xCQ_-1xozUDLDX5A]]></FromUserName>
<CreateTime>1470209398</CreateTime>
<MsgType><![CDATA[event]]></MsgType>
<Event><![CDATA[VIEW]]></Event>
<EventKey><![CDATA[http://www.9kpu.com/app/index.php?i=26&c=entry&do=teaIn&m=lianhu_school]]></EventKey>
<MenuId>442859793</MenuId>
</xml>

2016-08-03 15:29:58 params :
------------
Array:
rule : -2 ;
module :  ;
message : Array ;

2016-08-03 15:29:58 response :
------------

2016-08-03 15:31:23 trace :
------------
String:
<xml><ToUserName><![CDATA[gh_2a16c32dff4b]]></ToUserName>
<FromUserName><![CDATA[oZF73wBAO8cKUE_Jv7r5Ro0uWW2Q]]></FromUserName>
<CreateTime>1470209483</CreateTime>
<MsgType><![CDATA[event]]></MsgType>
<Event><![CDATA[VIEW]]></Event>
<EventKey><![CDATA[http://www.9kpu.com/app/index.php?i=26&c=entry&do=teaIn&m=lianhu_school]]></EventKey>
<MenuId>442859793</MenuId>
</xml>

2016-08-03 15:31:23 params :
------------
Array:
rule : -2 ;
module :  ;
message : Array ;

2016-08-03 15:31:23 response :
------------

2016-08-03 15:31:25 trace :
------------
String:
<xml><ToUserName><![CDATA[gh_2a16c32dff4b]]></ToUserName>
<FromUserName><![CDATA[oZF73wJjbQM8OwoAOZmZY8HvrUdA]]></FromUserName>
<CreateTime>1470209485</CreateTime>
<MsgType><![CDATA[event]]></MsgType>
<Event><![CDATA[VIEW]]></Event>
<EventKey><![CDATA[http://www.9kpu.com/app/index.php?i=26&c=entry&do=teaIn&m=lianhu_school]]></EventKey>
<MenuId>442859793</MenuId>
</xml>

2016-08-03 15:31:25 params :
------------
Array:
rule : -2 ;
module :  ;
message : Array ;

2016-08-03 15:31:25 response :
------------

2016-08-03 15:31:29 trace :
------------
String:
<xml><ToUserName><![CDATA[gh_2a16c32dff4b]]></ToUserName>
<FromUserName><![CDATA[oZF73wEnHzQcnfIQRJo1gILYy3bU]]></FromUserName>
<CreateTime>1470209489</CreateTime>
<MsgType><![CDATA[event]]></MsgType>
<Event><![CDATA[VIEW]]></Event>
<EventKey><![CDATA[http://www.9kpu.com/app/index.php?i=26&c=entry&do=teaIn&m=lianhu_school]]></EventKey>
<MenuId>442859793</MenuId>
</xml>

2016-08-03 15:31:29 params :
------------
Array:
rule : -2 ;
module :  ;
message : Array ;

2016-08-03 15:31:29 response :
------------

2016-08-03 15:32:32 trace :
------------
String:
<xml><ToUserName><![CDATA[gh_e7a0c8306261]]></ToUserName>
<FromUserName><![CDATA[oRj-Fs5QjtciVl9kBRfKQQiKibmI]]></FromUserName>
<CreateTime>1470209552</CreateTime>
<MsgType><![CDATA[event]]></MsgType>
<Event><![CDATA[VIEW]]></Event>
<EventKey><![CDATA[http://www.9kpu.com/app/index.php?i=13&c=home&]]></EventKey>
<MenuId>409075692</MenuId>
</xml>

2016-08-03 15:32:32 params :
------------
Array:
message : Array ;
module : basic ;
rule : 22 ;
priority : 0 ;
keyword : Array ;

2016-08-03 15:32:32 response :
------------
Array:
FromUserName : gh_e7a0c8306261 ;
ToUserName : oRj-Fs5QjtciVl9kBRfKQQiKibmI ;
MsgType : text ;
Content : 欢迎关注同城学堂，点击微官网查看本学校介绍信息，家长点击学生天地绑定自己小孩信息使用，老师点击教师信息绑定自己账号使用 ;

2016-08-03 15:32:36 trace :
------------
String:
<xml><ToUserName><![CDATA[gh_2a16c32dff4b]]></ToUserName>
<FromUserName><![CDATA[oZF73wEnHzQcnfIQRJo1gILYy3bU]]></FromUserName>
<CreateTime>1470209556</CreateTime>
<MsgType><![CDATA[event]]></MsgType>
<Event><![CDATA[VIEW]]></Event>
<EventKey><![CDATA[http://www.9kpu.com/app/index.php?i=26&c=home&t=37]]></EventKey>
<MenuId>442859793</MenuId>
</xml>

2016-08-03 15:32:36 params :
------------
Array:
rule : -2 ;
module :  ;
message : Array ;

2016-08-03 15:32:36 response :
------------

2016-08-03 15:32:57 trace :
------------
String:
<xml><ToUserName><![CDATA[gh_2a16c32dff4b]]></ToUserName>
<FromUserName><![CDATA[oZF73wEnHzQcnfIQRJo1gILYy3bU]]></FromUserName>
<CreateTime>1470209577</CreateTime>
<MsgType><![CDATA[event]]></MsgType>
<Event><![CDATA[VIEW]]></Event>
<EventKey><![CDATA[http://www.9kpu.com/app/index.php?i=26&c=home&]]></EventKey>
<MenuId>442859793</MenuId>
</xml>

2016-08-03 15:32:57 params :
------------
Array:
rule : -2 ;
module :  ;
message : Array ;

2016-08-03 15:32:57 response :
------------

2016-08-03 15:33:00 trace :
------------
String:
<xml><ToUserName><![CDATA[gh_2a16c32dff4b]]></ToUserName>
<FromUserName><![CDATA[oZF73wBAO8cKUE_Jv7r5Ro0uWW2Q]]></FromUserName>
<CreateTime>1470209580</CreateTime>
<MsgType><![CDATA[event]]></MsgType>
<Event><![CDATA[VIEW]]></Event>
<EventKey><![CDATA[http://www.9kpu.com/app/index.php?i=26&c=entry&eid=1]]></EventKey>
<MenuId>442859793</MenuId>
</xml>

2016-08-03 15:33:00 params :
------------
Array:
rule : -2 ;
module :  ;
message : Array ;

2016-08-03 15:33:00 response :
------------

2016-08-03 15:33:01 trace :
------------
String:
<xml><ToUserName><![CDATA[gh_2a16c32dff4b]]></ToUserName>
<FromUserName><![CDATA[oZF73wEnHzQcnfIQRJo1gILYy3bU]]></FromUserName>
<CreateTime>1470209581</CreateTime>
<MsgType><![CDATA[event]]></MsgType>
<Event><![CDATA[VIEW]]></Event>
<EventKey><![CDATA[http://www.9kpu.com/app/index.php?i=26&c=home&t=37]]></EventKey>
<MenuId>442859793</MenuId>
</xml>

2016-08-03 15:33:01 params :
------------
Array:
rule : -2 ;
module :  ;
message : Array ;

2016-08-03 15:33:01 response :
------------

2016-08-03 15:33:05 trace :
------------
String:
<xml><ToUserName><![CDATA[gh_2a16c32dff4b]]></ToUserName>
<FromUserName><![CDATA[oZF73wBAO8cKUE_Jv7r5Ro0uWW2Q]]></FromUserName>
<CreateTime>1470209584</CreateTime>
<MsgType><![CDATA[event]]></MsgType>
<Event><![CDATA[VIEW]]></Event>
<EventKey><![CDATA[http://www.9kpu.com/app/index.php?i=26&c=entry&do=teaIn&m=lianhu_school]]></EventKey>
<MenuId>442859793</MenuId>
</xml>

2016-08-03 15:33:05 params :
------------
Array:
rule : -2 ;
module :  ;
message : Array ;

2016-08-03 15:33:05 response :
------------

2016-08-03 15:33:12 trace :
------------
String:
<xml><ToUserName><![CDATA[gh_e7a0c8306261]]></ToUserName>
<FromUserName><![CDATA[oRj-Fs2trqsKLtJAmxc05he785TE]]></FromUserName>
<CreateTime>1470209592</CreateTime>
<MsgType><![CDATA[event]]></MsgType>
<Event><![CDATA[VIEW]]></Event>
<EventKey><![CDATA[http://www.9kpu.com/app/index.php?i=13&c=home&]]></EventKey>
<MenuId>409075692</MenuId>
</xml>

2016-08-03 15:33:12 params :
------------
Array:
message : Array ;
module : basic ;
rule : 22 ;
priority : 0 ;
keyword : Array ;

2016-08-03 15:33:12 response :
------------
Array:
FromUserName : gh_e7a0c8306261 ;
ToUserName : oRj-Fs2trqsKLtJAmxc05he785TE ;
MsgType : text ;
Content : 欢迎关注同城学堂，点击微官网查看本学校介绍信息，家长点击学生天地绑定自己小孩信息使用，老师点击教师信息绑定自己账号使用 ;

2016-08-03 15:33:35 trace :
------------
String:
<xml><ToUserName><![CDATA[gh_e7a0c8306261]]></ToUserName>
<FromUserName><![CDATA[oRj-Fs5QjtciVl9kBRfKQQiKibmI]]></FromUserName>
<CreateTime>1470209615</CreateTime>
<MsgType><![CDATA[event]]></MsgType>
<Event><![CDATA[VIEW]]></Event>
<EventKey><![CDATA[http://www.9kpu.com/app/index.php?i=13&c=home&]]></EventKey>
<MenuId>409075692</MenuId>
</xml>

2016-08-03 15:33:35 params :
------------
Array:
message : Array ;
module : basic ;
rule : 22 ;
priority : 0 ;
keyword : Array ;

2016-08-03 15:33:35 response :
------------
Array:
FromUserName : gh_e7a0c8306261 ;
ToUserName : oRj-Fs5QjtciVl9kBRfKQQiKibmI ;
MsgType : text ;
Content : 欢迎关注同城学堂，点击微官网查看本学校介绍信息，家长点击学生天地绑定自己小孩信息使用，老师点击教师信息绑定自己账号使用 ;

2016-08-03 15:33:42 trace :
------------
String:
<xml><ToUserName><![CDATA[gh_e7a0c8306261]]></ToUserName>
<FromUserName><![CDATA[oRj-Fs5QjtciVl9kBRfKQQiKibmI]]></FromUserName>
<CreateTime>1470209622</CreateTime>
<MsgType><![CDATA[event]]></MsgType>
<Event><![CDATA[VIEW]]></Event>
<EventKey><![CDATA[http://www.9kpu.com/app/index.php?i=13&c=entry&eid=1]]></EventKey>
<MenuId>409075692</MenuId>
</xml>

2016-08-03 15:33:42 params :
------------
Array:
message : Array ;
module : basic ;
rule : 22 ;
priority : 0 ;
keyword : Array ;

2016-08-03 15:33:42 response :
------------
Array:
FromUserName : gh_e7a0c8306261 ;
ToUserName : oRj-Fs5QjtciVl9kBRfKQQiKibmI ;
MsgType : text ;
Content : 欢迎关注同城学堂，点击微官网查看本学校介绍信息，家长点击学生天地绑定自己小孩信息使用，老师点击教师信息绑定自己账号使用 ;

2016-08-03 15:34:06 trace :
------------
String:
<xml><ToUserName><![CDATA[gh_e7a0c8306261]]></ToUserName>
<FromUserName><![CDATA[oRj-Fs5QjtciVl9kBRfKQQiKibmI]]></FromUserName>
<CreateTime>1470209646</CreateTime>
<MsgType><![CDATA[event]]></MsgType>
<Event><![CDATA[VIEW]]></Event>
<EventKey><![CDATA[http://www.9kpu.com/app/index.php?i=13&c=home&]]></EventKey>
<MenuId>409075692</MenuId>
</xml>

2016-08-03 15:34:06 params :
------------
Array:
message : Array ;
module : basic ;
rule : 22 ;
priority : 0 ;
keyword : Array ;

2016-08-03 15:34:06 response :
------------
Array:
FromUserName : gh_e7a0c8306261 ;
ToUserName : oRj-Fs5QjtciVl9kBRfKQQiKibmI ;
MsgType : text ;
Content : 欢迎关注同城学堂，点击微官网查看本学校介绍信息，家长点击学生天地绑定自己小孩信息使用，老师点击教师信息绑定自己账号使用 ;

2016-08-03 15:40:48 trace :
------------
String:
<xml><ToUserName><![CDATA[gh_e7a0c8306261]]></ToUserName>
<FromUserName><![CDATA[oRj-Fs5QjtciVl9kBRfKQQiKibmI]]></FromUserName>
<CreateTime>1470210048</CreateTime>
<MsgType><![CDATA[event]]></MsgType>
<Event><![CDATA[VIEW]]></Event>
<EventKey><![CDATA[http://www.9kpu.com/app/index.php?i=13&c=entry&eid=1]]></EventKey>
<MenuId>409075692</MenuId>
</xml>

2016-08-03 15:40:48 params :
------------
Array:
message : Array ;
module : basic ;
rule : 22 ;
priority : 0 ;
keyword : Array ;

2016-08-03 15:40:48 response :
------------
Array:
FromUserName : gh_e7a0c8306261 ;
ToUserName : oRj-Fs5QjtciVl9kBRfKQQiKibmI ;
MsgType : text ;
Content : 欢迎关注同城学堂，点击微官网查看本学校介绍信息，家长点击学生天地绑定自己小孩信息使用，老师点击教师信息绑定自己账号使用 ;

2016-08-03 15:48:08 trace :
------------
String:
<xml><ToUserName><![CDATA[gh_e7a0c8306261]]></ToUserName>
<FromUserName><![CDATA[oRj-Fs5QjtciVl9kBRfKQQiKibmI]]></FromUserName>
<CreateTime>1470210488</CreateTime>
<MsgType><![CDATA[event]]></MsgType>
<Event><![CDATA[VIEW]]></Event>
<EventKey><![CDATA[http://www.9kpu.com/app/index.php?i=13&c=entry&eid=2]]></EventKey>
<MenuId>409075692</MenuId>
</xml>

2016-08-03 15:48:08 params :
------------
Array:
message : Array ;
module : basic ;
rule : 22 ;
priority : 0 ;
keyword : Array ;

2016-08-03 15:48:08 response :
------------
Array:
FromUserName : gh_e7a0c8306261 ;
ToUserName : oRj-Fs5QjtciVl9kBRfKQQiKibmI ;
MsgType : text ;
Content : 欢迎关注同城学堂，点击微官网查看本学校介绍信息，家长点击学生天地绑定自己小孩信息使用，老师点击教师信息绑定自己账号使用 ;

2016-08-03 15:50:19 trace :
------------
String:
<xml><ToUserName><![CDATA[gh_e7a0c8306261]]></ToUserName>
<FromUserName><![CDATA[oRj-Fs5QjtciVl9kBRfKQQiKibmI]]></FromUserName>
<CreateTime>1470210619</CreateTime>
<MsgType><![CDATA[event]]></MsgType>
<Event><![CDATA[VIEW]]></Event>
<EventKey><![CDATA[http://www.9kpu.com/app/index.php?i=13&c=home&]]></EventKey>
<MenuId>409075692</MenuId>
</xml>

2016-08-03 15:50:19 params :
------------
Array:
message : Array ;
module : basic ;
rule : 22 ;
priority : 0 ;
keyword : Array ;

2016-08-03 15:50:19 response :
------------
Array:
FromUserName : gh_e7a0c8306261 ;
ToUserName : oRj-Fs5QjtciVl9kBRfKQQiKibmI ;
MsgType : text ;
Content : 欢迎关注同城学堂，点击微官网查看本学校介绍信息，家长点击学生天地绑定自己小孩信息使用，老师点击教师信息绑定自己账号使用 ;

2016-08-03 15:51:40 trace :
------------
String:
<xml><ToUserName><![CDATA[gh_2a16c32dff4b]]></ToUserName>
<FromUserName><![CDATA[oZF73wEnHzQcnfIQRJo1gILYy3bU]]></FromUserName>
<CreateTime>1470210700</CreateTime>
<MsgType><![CDATA[event]]></MsgType>
<Event><![CDATA[VIEW]]></Event>
<EventKey><![CDATA[http://www.9kpu.com/app/index.php?i=26&c=home&t=37]]></EventKey>
<MenuId>442859793</MenuId>
</xml>

2016-08-03 15:51:40 params :
------------
Array:
rule : -2 ;
module :  ;
message : Array ;

2016-08-03 15:51:40 response :
------------

2016-08-03 15:51:47 trace :
------------
String:
<xml><ToUserName><![CDATA[gh_2a16c32dff4b]]></ToUserName>
<FromUserName><![CDATA[oZF73wEnHzQcnfIQRJo1gILYy3bU]]></FromUserName>
<CreateTime>1470210707</CreateTime>
<MsgType><![CDATA[event]]></MsgType>
<Event><![CDATA[VIEW]]></Event>
<EventKey><![CDATA[http://www.9kpu.com/app/index.php?i=26&c=home&]]></EventKey>
<MenuId>442859793</MenuId>
</xml>

2016-08-03 15:51:47 params :
------------
Array:
rule : -2 ;
module :  ;
message : Array ;

2016-08-03 15:51:47 response :
------------

2016-08-03 15:51:58 trace :
------------
String:
<xml><ToUserName><![CDATA[gh_2a16c32dff4b]]></ToUserName>
<FromUserName><![CDATA[oZF73wEnHzQcnfIQRJo1gILYy3bU]]></FromUserName>
<CreateTime>1470210718</CreateTime>
<MsgType><![CDATA[event]]></MsgType>
<Event><![CDATA[VIEW]]></Event>
<EventKey><![CDATA[http://www.9kpu.com/app/index.php?i=26&c=home&]]></EventKey>
<MenuId>442859793</MenuId>
</xml>

2016-08-03 15:51:58 params :
------------
Array:
rule : -2 ;
module :  ;
message : Array ;

2016-08-03 15:51:58 response :
------------

2016-08-03 15:52:01 trace :
------------
String:
<xml><ToUserName><![CDATA[gh_2a16c32dff4b]]></ToUserName>
<FromUserName><![CDATA[oZF73wEnHzQcnfIQRJo1gILYy3bU]]></FromUserName>
<CreateTime>1470210721</CreateTime>
<MsgType><![CDATA[event]]></MsgType>
<Event><![CDATA[VIEW]]></Event>
<EventKey><![CDATA[http://www.9kpu.com/app/index.php?i=26&c=home&t=37]]></EventKey>
<MenuId>442859793</MenuId>
</xml>

2016-08-03 15:52:01 params :
------------
Array:
rule : -2 ;
module :  ;
message : Array ;

2016-08-03 15:52:01 response :
------------

2016-08-03 15:55:02 trace :
------------
String:
<xml><ToUserName><![CDATA[gh_e7a0c8306261]]></ToUserName>
<FromUserName><![CDATA[oRj-Fs5QjtciVl9kBRfKQQiKibmI]]></FromUserName>
<CreateTime>1470210902</CreateTime>
<MsgType><![CDATA[event]]></MsgType>
<Event><![CDATA[VIEW]]></Event>
<EventKey><![CDATA[http://www.9kpu.com/app/index.php?i=13&c=home&]]></EventKey>
<MenuId>409075692</MenuId>
</xml>

2016-08-03 15:55:02 params :
------------
Array:
message : Array ;
module : basic ;
rule : 22 ;
priority : 0 ;
keyword : Array ;

2016-08-03 15:55:02 response :
------------
Array:
FromUserName : gh_e7a0c8306261 ;
ToUserName : oRj-Fs5QjtciVl9kBRfKQQiKibmI ;
MsgType : text ;
Content : 欢迎关注同城学堂，点击微官网查看本学校介绍信息，家长点击学生天地绑定自己小孩信息使用，老师点击教师信息绑定自己账号使用 ;

2016-08-03 16:01:37 trace :
------------
String:
<xml><ToUserName><![CDATA[gh_2a16c32dff4b]]></ToUserName>
<FromUserName><![CDATA[oZF73wExSpN-xCQ_-1xozUDLDX5A]]></FromUserName>
<CreateTime>1470211297</CreateTime>
<MsgType><![CDATA[event]]></MsgType>
<Event><![CDATA[VIEW]]></Event>
<EventKey><![CDATA[http://www.9kpu.com/app/index.php?i=26&c=entry&do=teaIn&m=lianhu_school]]></EventKey>
<MenuId>442859793</MenuId>
</xml>

2016-08-03 16:01:37 params :
------------
Array:
rule : -2 ;
module :  ;
message : Array ;

2016-08-03 16:01:37 response :
------------

2016-08-03 16:11:04 trace :
------------
String:
<xml><ToUserName><![CDATA[gh_e7a0c8306261]]></ToUserName>
<FromUserName><![CDATA[oRj-Fs5QjtciVl9kBRfKQQiKibmI]]></FromUserName>
<CreateTime>1470211864</CreateTime>
<MsgType><![CDATA[event]]></MsgType>
<Event><![CDATA[VIEW]]></Event>
<EventKey><![CDATA[http://www.9kpu.com/app/index.php?i=13&c=entry&eid=1]]></EventKey>
<MenuId>409075692</MenuId>
</xml>

2016-08-03 16:11:04 params :
------------
Array:
message : Array ;
module : basic ;
rule : 22 ;
priority : 0 ;
keyword : Array ;

2016-08-03 16:11:04 response :
------------
Array:
FromUserName : gh_e7a0c8306261 ;
ToUserName : oRj-Fs5QjtciVl9kBRfKQQiKibmI ;
MsgType : text ;
Content : 欢迎关注同城学堂，点击微官网查看本学校介绍信息，家长点击学生天地绑定自己小孩信息使用，老师点击教师信息绑定自己账号使用 ;

2016-08-03 16:12:18 trace :
------------
String:
<xml><ToUserName><![CDATA[gh_e7a0c8306261]]></ToUserName>
<FromUserName><![CDATA[oRj-Fs5QjtciVl9kBRfKQQiKibmI]]></FromUserName>
<CreateTime>1470211938</CreateTime>
<MsgType><![CDATA[event]]></MsgType>
<Event><![CDATA[VIEW]]></Event>
<EventKey><![CDATA[http://www.9kpu.com/app/index.php?i=13&c=entry&eid=1]]></EventKey>
<MenuId>409075692</MenuId>
</xml>

2016-08-03 16:12:18 params :
------------
Array:
message : Array ;
module : basic ;
rule : 22 ;
priority : 0 ;
keyword : Array ;

2016-08-03 16:12:18 response :
------------
Array:
FromUserName : gh_e7a0c8306261 ;
ToUserName : oRj-Fs5QjtciVl9kBRfKQQiKibmI ;
MsgType : text ;
Content : 欢迎关注同城学堂，点击微官网查看本学校介绍信息，家长点击学生天地绑定自己小孩信息使用，老师点击教师信息绑定自己账号使用 ;

2016-08-03 19:45:45 trace :
------------
String:
<xml><ToUserName><![CDATA[gh_2a16c32dff4b]]></ToUserName>
<FromUserName><![CDATA[oZF73wBAO8cKUE_Jv7r5Ro0uWW2Q]]></FromUserName>
<CreateTime>1470224745</CreateTime>
<MsgType><![CDATA[event]]></MsgType>
<Event><![CDATA[VIEW]]></Event>
<EventKey><![CDATA[http://www.9kpu.com/app/index.php?i=26&c=home&t=37]]></EventKey>
<MenuId>442859793</MenuId>
</xml>

2016-08-03 19:45:45 params :
------------
Array:
rule : -2 ;
module :  ;
message : Array ;

2016-08-03 19:45:45 response :
------------

2016-08-03 19:46:09 trace :
------------
String:
<xml><ToUserName><![CDATA[gh_2a16c32dff4b]]></ToUserName>
<FromUserName><![CDATA[oZF73wBAO8cKUE_Jv7r5Ro0uWW2Q]]></FromUserName>
<CreateTime>1470224769</CreateTime>
<MsgType><![CDATA[event]]></MsgType>
<Event><![CDATA[VIEW]]></Event>
<EventKey><![CDATA[http://www.9kpu.com/app/index.php?i=26&c=home&]]></EventKey>
<MenuId>442859793</MenuId>
</xml>

2016-08-03 19:46:09 params :
------------
Array:
rule : -2 ;
module :  ;
message : Array ;

2016-08-03 19:46:09 response :
------------

2016-08-03 19:46:24 trace :
------------
String:
<xml><ToUserName><![CDATA[gh_2a16c32dff4b]]></ToUserName>
<FromUserName><![CDATA[oZF73wBAO8cKUE_Jv7r5Ro0uWW2Q]]></FromUserName>
<CreateTime>1470224784</CreateTime>
<MsgType><![CDATA[event]]></MsgType>
<Event><![CDATA[VIEW]]></Event>
<EventKey><![CDATA[http://www.9kpu.com/app/index.php?i=26&c=home&]]></EventKey>
<MenuId>442859793</MenuId>
</xml>

2016-08-03 19:46:24 params :
------------
Array:
rule : -2 ;
module :  ;
message : Array ;

2016-08-03 19:46:24 response :
------------

2016-08-03 19:46:33 trace :
------------
String:
<xml><ToUserName><![CDATA[gh_2a16c32dff4b]]></ToUserName>
<FromUserName><![CDATA[oZF73wBAO8cKUE_Jv7r5Ro0uWW2Q]]></FromUserName>
<CreateTime>1470224793</CreateTime>
<MsgType><![CDATA[event]]></MsgType>
<Event><![CDATA[VIEW]]></Event>
<EventKey><![CDATA[http://www.9kpu.com/app/index.php?i=26&c=entry&eid=1]]></EventKey>
<MenuId>442859793</MenuId>
</xml>

2016-08-03 19:46:33 params :
------------
Array:
rule : -2 ;
module :  ;
message : Array ;

2016-08-03 19:46:33 response :
------------

2016-08-03 19:46:44 trace :
------------
String:
<xml><ToUserName><![CDATA[gh_2a16c32dff4b]]></ToUserName>
<FromUserName><![CDATA[oZF73wBAO8cKUE_Jv7r5Ro0uWW2Q]]></FromUserName>
<CreateTime>1470224804</CreateTime>
<MsgType><![CDATA[event]]></MsgType>
<Event><![CDATA[VIEW]]></Event>
<EventKey><![CDATA[http://www.9kpu.com/app/index.php?i=26&c=entry&do=teaIn&m=lianhu_school]]></EventKey>
<MenuId>442859793</MenuId>
</xml>

2016-08-03 19:46:44 params :
------------
Array:
rule : -2 ;
module :  ;
message : Array ;

2016-08-03 19:46:44 response :
------------

