2016-04-20 04:35:45 trace :
------------
String:
<xml><ToUserName><![CDATA[gh_081ee8610e82]]></ToUserName>
<FromUserName><![CDATA[ohNDtvpOAbwj25-iDrFXa3Fq8ub0]]></FromUserName>
<CreateTime>1461098145</CreateTime>
<MsgType><![CDATA[event]]></MsgType>
<Event><![CDATA[VIEW]]></Event>
<EventKey><![CDATA[http://www.9kpu.com/app/index.php?i=4&c=entry&eid=1]]></EventKey>
<MenuId>402697403</MenuId>
</xml>

2016-04-20 04:35:45 params :
------------
Array:
message : Array ;
module : basic ;
rule : 14 ;
priority : 0 ;
keyword : Array ;

2016-04-20 04:35:45 response :
------------
Array:
FromUserName : gh_081ee8610e82 ;
ToUserName : ohNDtvpOAbwj25-iDrFXa3Fq8ub0 ;
MsgType : text ;
Content : 欢迎关注杭州师范大学附属仓前实验中学，请点击菜单使用。 ;

2016-04-20 04:37:06 trace :
------------
String:
<xml><ToUserName><![CDATA[gh_081ee8610e82]]></ToUserName>
<FromUserName><![CDATA[ohNDtvpOAbwj25-iDrFXa3Fq8ub0]]></FromUserName>
<CreateTime>1461098226</CreateTime>
<MsgType><![CDATA[event]]></MsgType>
<Event><![CDATA[VIEW]]></Event>
<EventKey><![CDATA[http://www.9kpu.com/app/index.php?i=4&c=entry&eid=2]]></EventKey>
<MenuId>402697403</MenuId>
</xml>

2016-04-20 04:37:06 params :
------------
Array:
message : Array ;
module : basic ;
rule : 14 ;
priority : 0 ;
keyword : Array ;

2016-04-20 04:37:06 response :
------------
Array:
FromUserName : gh_081ee8610e82 ;
ToUserName : ohNDtvpOAbwj25-iDrFXa3Fq8ub0 ;
MsgType : text ;
Content : 欢迎关注杭州师范大学附属仓前实验中学，请点击菜单使用。 ;

2016-04-20 07:06:37 trace :
------------
String:
<xml><ToUserName><![CDATA[gh_2157a6c86a35]]></ToUserName>
<FromUserName><![CDATA[oEcottw7qP2pciewrM5tmFvI8As4]]></FromUserName>
<CreateTime>1461107197</CreateTime>
<MsgType><![CDATA[event]]></MsgType>
<Event><![CDATA[TEMPLATESENDJOBFINISH]]></Event>
<MsgID>402998883</MsgID>
<Status><![CDATA[success]]></Status>
</xml>

2016-04-20 07:06:37 params :
------------
Array:
rule : -2 ;
module :  ;
message : Array ;

2016-04-20 07:06:37 response :
------------

2016-04-20 07:24:29 trace :
------------
String:
<xml><ToUserName><![CDATA[gh_2157a6c86a35]]></ToUserName>
<FromUserName><![CDATA[oEcott-Gft4vv4qG56uwiyofjGHg]]></FromUserName>
<CreateTime>1461108269</CreateTime>
<MsgType><![CDATA[event]]></MsgType>
<Event><![CDATA[TEMPLATESENDJOBFINISH]]></Event>
<MsgID>402998956</MsgID>
<Status><![CDATA[success]]></Status>
</xml>

2016-04-20 07:24:29 params :
------------
Array:
rule : -2 ;
module :  ;
message : Array ;

2016-04-20 07:24:29 response :
------------

2016-04-20 07:51:26 trace :
------------
String:
<xml><ToUserName><![CDATA[gh_2157a6c86a35]]></ToUserName>
<FromUserName><![CDATA[oEcott_TScLOOrncqPhtzglnYENA]]></FromUserName>
<CreateTime>1461109885</CreateTime>
<MsgType><![CDATA[event]]></MsgType>
<Event><![CDATA[TEMPLATESENDJOBFINISH]]></Event>
<MsgID>402999511</MsgID>
<Status><![CDATA[success]]></Status>
</xml>

2016-04-20 07:51:26 params :
------------
Array:
rule : -2 ;
module :  ;
message : Array ;

2016-04-20 07:51:26 response :
------------

2016-04-20 07:52:49 trace :
------------
String:
<xml><ToUserName><![CDATA[gh_2157a6c86a35]]></ToUserName>
<FromUserName><![CDATA[oEcottwdRSG6HkIZwvuQXqa3QKng]]></FromUserName>
<CreateTime>1461109969</CreateTime>
<MsgType><![CDATA[event]]></MsgType>
<Event><![CDATA[TEMPLATESENDJOBFINISH]]></Event>
<MsgID>402999524</MsgID>
<Status><![CDATA[success]]></Status>
</xml>

2016-04-20 07:52:49 params :
------------
Array:
rule : -2 ;
module :  ;
message : Array ;

2016-04-20 07:52:49 response :
------------

2016-04-20 07:56:36 trace :
------------
String:
<xml><ToUserName><![CDATA[gh_2157a6c86a35]]></ToUserName>
<FromUserName><![CDATA[oEcott7ShK4TAzzs-r2z7vxof71E]]></FromUserName>
<CreateTime>1461110196</CreateTime>
<MsgType><![CDATA[event]]></MsgType>
<Event><![CDATA[TEMPLATESENDJOBFINISH]]></Event>
<MsgID>402999556</MsgID>
<Status><![CDATA[success]]></Status>
</xml>

2016-04-20 07:56:36 params :
------------
Array:
rule : -2 ;
module :  ;
message : Array ;

2016-04-20 07:56:36 response :
------------

2016-04-20 08:07:58 trace :
------------
String:
<xml><ToUserName><![CDATA[gh_2157a6c86a35]]></ToUserName>
<FromUserName><![CDATA[oEcott84pU16wJT6ChwWpKVayVsQ]]></FromUserName>
<CreateTime>1461110878</CreateTime>
<MsgType><![CDATA[event]]></MsgType>
<Event><![CDATA[TEMPLATESENDJOBFINISH]]></Event>
<MsgID>402999684</MsgID>
<Status><![CDATA[success]]></Status>
</xml>

2016-04-20 08:07:58 params :
------------
Array:
rule : -2 ;
module :  ;
message : Array ;

2016-04-20 08:07:58 response :
------------

2016-04-20 08:09:38 trace :
------------
String:
<xml><ToUserName><![CDATA[gh_2157a6c86a35]]></ToUserName>
<FromUserName><![CDATA[oEcottyNJ25zzQtzEyNqnQxM1MOA]]></FromUserName>
<CreateTime>1461110978</CreateTime>
<MsgType><![CDATA[event]]></MsgType>
<Event><![CDATA[TEMPLATESENDJOBFINISH]]></Event>
<MsgID>402999714</MsgID>
<Status><![CDATA[success]]></Status>
</xml>

2016-04-20 08:09:38 params :
------------
Array:
rule : -2 ;
module :  ;
message : Array ;

2016-04-20 08:09:38 response :
------------

2016-04-20 08:14:27 trace :
------------
String:
<xml><ToUserName><![CDATA[gh_2157a6c86a35]]></ToUserName>
<FromUserName><![CDATA[oEcott_HC4Mi8y5j3sFlJBgqhd9E]]></FromUserName>
<CreateTime>1461111267</CreateTime>
<MsgType><![CDATA[event]]></MsgType>
<Event><![CDATA[TEMPLATESENDJOBFINISH]]></Event>
<MsgID>402999788</MsgID>
<Status><![CDATA[success]]></Status>
</xml>

2016-04-20 08:14:27 params :
------------
Array:
rule : -2 ;
module :  ;
message : Array ;

2016-04-20 08:14:27 response :
------------

2016-04-20 08:15:52 trace :
------------
String:
<xml><ToUserName><![CDATA[gh_2157a6c86a35]]></ToUserName>
<FromUserName><![CDATA[oEcott9j2Z30FezqLMZANHtpKRrc]]></FromUserName>
<CreateTime>1461111352</CreateTime>
<MsgType><![CDATA[event]]></MsgType>
<Event><![CDATA[TEMPLATESENDJOBFINISH]]></Event>
<MsgID>402999814</MsgID>
<Status><![CDATA[success]]></Status>
</xml>

2016-04-20 08:15:52 params :
------------
Array:
rule : -2 ;
module :  ;
message : Array ;

2016-04-20 08:15:52 response :
------------

2016-04-20 08:17:34 trace :
------------
String:
<xml><ToUserName><![CDATA[gh_2157a6c86a35]]></ToUserName>
<FromUserName><![CDATA[oEcott0BYGm77xwFerCfTO68jYpE]]></FromUserName>
<CreateTime>1461111454</CreateTime>
<MsgType><![CDATA[event]]></MsgType>
<Event><![CDATA[TEMPLATESENDJOBFINISH]]></Event>
<MsgID>402999832</MsgID>
<Status><![CDATA[success]]></Status>
</xml>

2016-04-20 08:17:34 params :
------------
Array:
rule : -2 ;
module :  ;
message : Array ;

2016-04-20 08:17:34 response :
------------

2016-04-20 08:18:31 trace :
------------
String:
<xml><ToUserName><![CDATA[gh_2157a6c86a35]]></ToUserName>
<FromUserName><![CDATA[oEcott82FheWLXY2ft9sHxcV1YYQ]]></FromUserName>
<CreateTime>1461111511</CreateTime>
<MsgType><![CDATA[event]]></MsgType>
<Event><![CDATA[TEMPLATESENDJOBFINISH]]></Event>
<MsgID>402999847</MsgID>
<Status><![CDATA[success]]></Status>
</xml>

2016-04-20 08:18:31 params :
------------
Array:
rule : -2 ;
module :  ;
message : Array ;

2016-04-20 08:18:31 response :
------------

2016-04-20 08:19:01 trace :
------------
String:
<xml><ToUserName><![CDATA[gh_2157a6c86a35]]></ToUserName>
<FromUserName><![CDATA[oEcottwAqWW9x8Wo1YdwPF4SIpbs]]></FromUserName>
<CreateTime>1461111541</CreateTime>
<MsgType><![CDATA[event]]></MsgType>
<Event><![CDATA[TEMPLATESENDJOBFINISH]]></Event>
<MsgID>402999861</MsgID>
<Status><![CDATA[success]]></Status>
</xml>

2016-04-20 08:19:01 params :
------------
Array:
rule : -2 ;
module :  ;
message : Array ;

2016-04-20 08:19:01 response :
------------

2016-04-20 08:20:52 trace :
------------
String:
<xml><ToUserName><![CDATA[gh_2157a6c86a35]]></ToUserName>
<FromUserName><![CDATA[oEcott70voayiiyG-DpyHj7M30_4]]></FromUserName>
<CreateTime>1461111652</CreateTime>
<MsgType><![CDATA[event]]></MsgType>
<Event><![CDATA[TEMPLATESENDJOBFINISH]]></Event>
<MsgID>402999887</MsgID>
<Status><![CDATA[success]]></Status>
</xml>

2016-04-20 08:20:52 params :
------------
Array:
rule : -2 ;
module :  ;
message : Array ;

2016-04-20 08:20:52 response :
------------

2016-04-20 08:23:02 trace :
------------
String:
<xml><ToUserName><![CDATA[gh_2157a6c86a35]]></ToUserName>
<FromUserName><![CDATA[oEcott9F4fGtmM3DjKaM0uhQry4o]]></FromUserName>
<CreateTime>1461111782</CreateTime>
<MsgType><![CDATA[event]]></MsgType>
<Event><![CDATA[TEMPLATESENDJOBFINISH]]></Event>
<MsgID>402999918</MsgID>
<Status><![CDATA[success]]></Status>
</xml>

2016-04-20 08:23:02 params :
------------
Array:
rule : -2 ;
module :  ;
message : Array ;

2016-04-20 08:23:02 response :
------------

2016-04-20 08:23:07 trace :
------------
String:
<xml><ToUserName><![CDATA[gh_2157a6c86a35]]></ToUserName>
<FromUserName><![CDATA[oEcotty9Hy_CUxbMI7Ce1okwOCpk]]></FromUserName>
<CreateTime>1461111787</CreateTime>
<MsgType><![CDATA[event]]></MsgType>
<Event><![CDATA[TEMPLATESENDJOBFINISH]]></Event>
<MsgID>402999919</MsgID>
<Status><![CDATA[success]]></Status>
</xml>

2016-04-20 08:23:07 params :
------------
Array:
rule : -2 ;
module :  ;
message : Array ;

2016-04-20 08:23:07 response :
------------

2016-04-20 08:23:27 trace :
------------
String:
<xml><ToUserName><![CDATA[gh_2157a6c86a35]]></ToUserName>
<FromUserName><![CDATA[oEcott8QzR6FuIfbjGYBlK2rCCjY]]></FromUserName>
<CreateTime>1461111807</CreateTime>
<MsgType><![CDATA[event]]></MsgType>
<Event><![CDATA[TEMPLATESENDJOBFINISH]]></Event>
<MsgID>402999925</MsgID>
<Status><![CDATA[success]]></Status>
</xml>

2016-04-20 08:23:27 params :
------------
Array:
rule : -2 ;
module :  ;
message : Array ;

2016-04-20 08:23:27 response :
------------

2016-04-20 08:24:23 trace :
------------
String:
<xml><ToUserName><![CDATA[gh_2157a6c86a35]]></ToUserName>
<FromUserName><![CDATA[oEcott4a-0QekZBexvAtcmke-D4w]]></FromUserName>
<CreateTime>1461111863</CreateTime>
<MsgType><![CDATA[event]]></MsgType>
<Event><![CDATA[TEMPLATESENDJOBFINISH]]></Event>
<MsgID>402999930</MsgID>
<Status><![CDATA[success]]></Status>
</xml>

2016-04-20 08:24:23 params :
------------
Array:
rule : -2 ;
module :  ;
message : Array ;

2016-04-20 08:24:23 response :
------------

2016-04-20 08:25:15 trace :
------------
String:
<xml><ToUserName><![CDATA[gh_081ee8610e82]]></ToUserName>
<FromUserName><![CDATA[ohNDtvv8PDFqifacH9rwLYMejnDw]]></FromUserName>
<CreateTime>1461111915</CreateTime>
<MsgType><![CDATA[event]]></MsgType>
<Event><![CDATA[VIEW]]></Event>
<EventKey><![CDATA[http://www.9kpu.com/app/index.php?i=4&c=entry&eid=1]]></EventKey>
<MenuId>402697403</MenuId>
</xml>

2016-04-20 08:25:15 params :
------------
Array:
message : Array ;
module : basic ;
rule : 14 ;
priority : 0 ;
keyword : Array ;

2016-04-20 08:25:15 response :
------------
Array:
FromUserName : gh_081ee8610e82 ;
ToUserName : ohNDtvv8PDFqifacH9rwLYMejnDw ;
MsgType : text ;
Content : 欢迎关注杭州师范大学附属仓前实验中学，请点击菜单使用。 ;

2016-04-20 08:25:32 trace :
------------
String:
<xml><ToUserName><![CDATA[gh_081ee8610e82]]></ToUserName>
<FromUserName><![CDATA[ohNDtvv8PDFqifacH9rwLYMejnDw]]></FromUserName>
<CreateTime>1461111932</CreateTime>
<MsgType><![CDATA[event]]></MsgType>
<Event><![CDATA[VIEW]]></Event>
<EventKey><![CDATA[http://www.9kpu.com/app/index.php?i=4&c=entry&eid=1]]></EventKey>
<MenuId>402697403</MenuId>
</xml>

2016-04-20 08:25:32 params :
------------
Array:
message : Array ;
module : basic ;
rule : 14 ;
priority : 0 ;
keyword : Array ;

2016-04-20 08:25:32 response :
------------
Array:
FromUserName : gh_081ee8610e82 ;
ToUserName : ohNDtvv8PDFqifacH9rwLYMejnDw ;
MsgType : text ;
Content : 欢迎关注杭州师范大学附属仓前实验中学，请点击菜单使用。 ;

2016-04-20 08:25:41 trace :
------------
String:
<xml><ToUserName><![CDATA[gh_081ee8610e82]]></ToUserName>
<FromUserName><![CDATA[ohNDtvv8PDFqifacH9rwLYMejnDw]]></FromUserName>
<CreateTime>1461111941</CreateTime>
<MsgType><![CDATA[event]]></MsgType>
<Event><![CDATA[VIEW]]></Event>
<EventKey><![CDATA[http://www.9kpu.com/app/index.php?i=4&c=entry&eid=1]]></EventKey>
<MenuId>402697403</MenuId>
</xml>

2016-04-20 08:25:41 params :
------------
Array:
message : Array ;
module : basic ;
rule : 14 ;
priority : 0 ;
keyword : Array ;

2016-04-20 08:25:41 response :
------------
Array:
FromUserName : gh_081ee8610e82 ;
ToUserName : ohNDtvv8PDFqifacH9rwLYMejnDw ;
MsgType : text ;
Content : 欢迎关注杭州师范大学附属仓前实验中学，请点击菜单使用。 ;

2016-04-20 08:26:04 trace :
------------
String:
<xml><ToUserName><![CDATA[gh_081ee8610e82]]></ToUserName>
<FromUserName><![CDATA[ohNDtvv8PDFqifacH9rwLYMejnDw]]></FromUserName>
<CreateTime>1461111964</CreateTime>
<MsgType><![CDATA[event]]></MsgType>
<Event><![CDATA[VIEW]]></Event>
<EventKey><![CDATA[http://www.9kpu.com/app/index.php?i=4&c=entry&eid=2]]></EventKey>
<MenuId>402697403</MenuId>
</xml>

2016-04-20 08:26:04 params :
------------
Array:
message : Array ;
module : basic ;
rule : 14 ;
priority : 0 ;
keyword : Array ;

2016-04-20 08:26:04 response :
------------
Array:
FromUserName : gh_081ee8610e82 ;
ToUserName : ohNDtvv8PDFqifacH9rwLYMejnDw ;
MsgType : text ;
Content : 欢迎关注杭州师范大学附属仓前实验中学，请点击菜单使用。 ;

2016-04-20 08:26:16 trace :
------------
String:
<xml><ToUserName><![CDATA[gh_2157a6c86a35]]></ToUserName>
<FromUserName><![CDATA[oEcott3X8k9L_8WTQ9nt3sySoims]]></FromUserName>
<CreateTime>1461111976</CreateTime>
<MsgType><![CDATA[event]]></MsgType>
<Event><![CDATA[TEMPLATESENDJOBFINISH]]></Event>
<MsgID>402999954</MsgID>
<Status><![CDATA[success]]></Status>
</xml>

2016-04-20 08:26:16 params :
------------
Array:
rule : -2 ;
module :  ;
message : Array ;

2016-04-20 08:26:16 response :
------------

2016-04-20 08:26:18 trace :
------------
String:
<xml><ToUserName><![CDATA[gh_2157a6c86a35]]></ToUserName>
<FromUserName><![CDATA[oEcott-O08EqTyB2vYvWY1DM_DPw]]></FromUserName>
<CreateTime>1461111978</CreateTime>
<MsgType><![CDATA[event]]></MsgType>
<Event><![CDATA[TEMPLATESENDJOBFINISH]]></Event>
<MsgID>402999955</MsgID>
<Status><![CDATA[success]]></Status>
</xml>

2016-04-20 08:26:18 params :
------------
Array:
rule : -2 ;
module :  ;
message : Array ;

2016-04-20 08:26:18 response :
------------

2016-04-20 08:26:30 trace :
------------
String:
<xml><ToUserName><![CDATA[gh_081ee8610e82]]></ToUserName>
<FromUserName><![CDATA[ohNDtvv8PDFqifacH9rwLYMejnDw]]></FromUserName>
<CreateTime>1461111990</CreateTime>
<MsgType><![CDATA[event]]></MsgType>
<Event><![CDATA[VIEW]]></Event>
<EventKey><![CDATA[http://www.9kpu.com/app/index.php?i=4&c=entry&eid=2]]></EventKey>
<MenuId>402697403</MenuId>
</xml>

2016-04-20 08:26:30 params :
------------
Array:
message : Array ;
module : basic ;
rule : 14 ;
priority : 0 ;
keyword : Array ;

2016-04-20 08:26:30 response :
------------
Array:
FromUserName : gh_081ee8610e82 ;
ToUserName : ohNDtvv8PDFqifacH9rwLYMejnDw ;
MsgType : text ;
Content : 欢迎关注杭州师范大学附属仓前实验中学，请点击菜单使用。 ;

2016-04-20 08:29:32 trace :
------------
String:
<xml><ToUserName><![CDATA[gh_2157a6c86a35]]></ToUserName>
<FromUserName><![CDATA[oEcottwW2YU7yp_kBQarnTzqdlEs]]></FromUserName>
<CreateTime>1461112171</CreateTime>
<MsgType><![CDATA[event]]></MsgType>
<Event><![CDATA[TEMPLATESENDJOBFINISH]]></Event>
<MsgID>402999985</MsgID>
<Status><![CDATA[success]]></Status>
</xml>

2016-04-20 08:29:32 params :
------------
Array:
rule : -2 ;
module :  ;
message : Array ;

2016-04-20 08:29:32 response :
------------

2016-04-20 08:31:12 trace :
------------
String:
<xml><ToUserName><![CDATA[gh_2157a6c86a35]]></ToUserName>
<FromUserName><![CDATA[oEcott2dwp2nY9k0xvuKyswBnhkQ]]></FromUserName>
<CreateTime>1461112272</CreateTime>
<MsgType><![CDATA[event]]></MsgType>
<Event><![CDATA[TEMPLATESENDJOBFINISH]]></Event>
<MsgID>403000003</MsgID>
<Status><![CDATA[success]]></Status>
</xml>

2016-04-20 08:31:12 params :
------------
Array:
rule : -2 ;
module :  ;
message : Array ;

2016-04-20 08:31:12 response :
------------

2016-04-20 08:31:45 trace :
------------
String:
<xml><ToUserName><![CDATA[gh_2157a6c86a35]]></ToUserName>
<FromUserName><![CDATA[oEcott5JI0hsdoCxNPA10KHiY1kA]]></FromUserName>
<CreateTime>1461112305</CreateTime>
<MsgType><![CDATA[event]]></MsgType>
<Event><![CDATA[TEMPLATESENDJOBFINISH]]></Event>
<MsgID>403000007</MsgID>
<Status><![CDATA[success]]></Status>
</xml>

2016-04-20 08:31:45 params :
------------
Array:
rule : -2 ;
module :  ;
message : Array ;

2016-04-20 08:31:45 response :
------------

2016-04-20 08:32:19 trace :
------------
String:
<xml><ToUserName><![CDATA[gh_2157a6c86a35]]></ToUserName>
<FromUserName><![CDATA[oEcott6GqZ9xBGomF80IB9EADWzs]]></FromUserName>
<CreateTime>1461112339</CreateTime>
<MsgType><![CDATA[event]]></MsgType>
<Event><![CDATA[unsubscribe]]></Event>
<EventKey><![CDATA[]]></EventKey>
</xml>

2016-04-20 08:33:06 trace :
------------
String:
<xml><ToUserName><![CDATA[gh_2157a6c86a35]]></ToUserName>
<FromUserName><![CDATA[oEcott8j6IUHePzxE_Daw_DYK8eM]]></FromUserName>
<CreateTime>1461112385</CreateTime>
<MsgType><![CDATA[event]]></MsgType>
<Event><![CDATA[TEMPLATESENDJOBFINISH]]></Event>
<MsgID>403000019</MsgID>
<Status><![CDATA[success]]></Status>
</xml>

2016-04-20 08:33:06 params :
------------
Array:
rule : -2 ;
module :  ;
message : Array ;

2016-04-20 08:33:06 response :
------------

2016-04-20 08:33:33 trace :
------------
String:
<xml><ToUserName><![CDATA[gh_2157a6c86a35]]></ToUserName>
<FromUserName><![CDATA[oEcott-a4szibDslYFfdnKOYEzo8]]></FromUserName>
<CreateTime>1461112413</CreateTime>
<MsgType><![CDATA[event]]></MsgType>
<Event><![CDATA[CLICK]]></Event>
<EventKey><![CDATA[grow.interaction]]></EventKey>
</xml>

2016-04-20 08:33:33 params :
------------
Array:
rule : -2 ;
module :  ;
message : Array ;

2016-04-20 08:33:33 response :
------------

2016-04-20 08:33:38 trace :
------------
String:
<xml><ToUserName><![CDATA[gh_2157a6c86a35]]></ToUserName>
<FromUserName><![CDATA[oEcott-a4szibDslYFfdnKOYEzo8]]></FromUserName>
<CreateTime>1461112418</CreateTime>
<MsgType><![CDATA[event]]></MsgType>
<Event><![CDATA[CLICK]]></Event>
<EventKey><![CDATA[uc.class]]></EventKey>
</xml>

2016-04-20 08:33:38 params :
------------
Array:
rule : -2 ;
module :  ;
message : Array ;

2016-04-20 08:33:38 response :
------------

2016-04-20 08:33:57 trace :
------------
String:
<xml><ToUserName><![CDATA[gh_2157a6c86a35]]></ToUserName>
<FromUserName><![CDATA[oEcott-a4szibDslYFfdnKOYEzo8]]></FromUserName>
<CreateTime>1461112437</CreateTime>
<MsgType><![CDATA[event]]></MsgType>
<Event><![CDATA[CLICK]]></Event>
<EventKey><![CDATA[uc.profile]]></EventKey>
</xml>

2016-04-20 08:33:57 params :
------------
Array:
rule : -2 ;
module :  ;
message : Array ;

2016-04-20 08:33:57 response :
------------

2016-04-20 08:34:08 trace :
------------
String:
<xml><ToUserName><![CDATA[gh_2157a6c86a35]]></ToUserName>
<FromUserName><![CDATA[oEcott-a4szibDslYFfdnKOYEzo8]]></FromUserName>
<CreateTime>1461112448</CreateTime>
<MsgType><![CDATA[event]]></MsgType>
<Event><![CDATA[CLICK]]></Event>
<EventKey><![CDATA[uc.class]]></EventKey>
</xml>

2016-04-20 08:34:08 params :
------------
Array:
rule : -2 ;
module :  ;
message : Array ;

2016-04-20 08:34:08 response :
------------

2016-04-20 08:34:16 trace :
------------
String:
<xml><ToUserName><![CDATA[gh_2157a6c86a35]]></ToUserName>
<FromUserName><![CDATA[oEcott-a4szibDslYFfdnKOYEzo8]]></FromUserName>
<CreateTime>1461112456</CreateTime>
<MsgType><![CDATA[event]]></MsgType>
<Event><![CDATA[CLICK]]></Event>
<EventKey><![CDATA[concat.website]]></EventKey>
</xml>

2016-04-20 08:34:16 params :
------------
Array:
rule : -2 ;
module :  ;
message : Array ;

2016-04-20 08:34:16 response :
------------

2016-04-20 08:34:36 trace :
------------
String:
<xml><ToUserName><![CDATA[gh_2157a6c86a35]]></ToUserName>
<FromUserName><![CDATA[oEcott-a4szibDslYFfdnKOYEzo8]]></FromUserName>
<CreateTime>1461112476</CreateTime>
<MsgType><![CDATA[event]]></MsgType>
<Event><![CDATA[CLICK]]></Event>
<EventKey><![CDATA[uc.school]]></EventKey>
</xml>

2016-04-20 08:34:36 params :
------------
Array:
rule : -2 ;
module :  ;
message : Array ;

2016-04-20 08:34:36 response :
------------

2016-04-20 08:34:36 trace :
------------
String:
<xml><ToUserName><![CDATA[gh_2157a6c86a35]]></ToUserName>
<FromUserName><![CDATA[oEcott-a4szibDslYFfdnKOYEzo8]]></FromUserName>
<CreateTime>1461112476</CreateTime>
<MsgType><![CDATA[event]]></MsgType>
<Event><![CDATA[CLICK]]></Event>
<EventKey><![CDATA[uc.class]]></EventKey>
</xml>

2016-04-20 08:34:36 params :
------------
Array:
rule : -2 ;
module :  ;
message : Array ;

2016-04-20 08:34:36 response :
------------

2016-04-20 08:36:20 trace :
------------
String:
<xml><ToUserName><![CDATA[gh_2157a6c86a35]]></ToUserName>
<FromUserName><![CDATA[oEcottzBLHgNZQimwE8XOIsT1IY0]]></FromUserName>
<CreateTime>1461112580</CreateTime>
<MsgType><![CDATA[event]]></MsgType>
<Event><![CDATA[TEMPLATESENDJOBFINISH]]></Event>
<MsgID>403000054</MsgID>
<Status><![CDATA[success]]></Status>
</xml>

2016-04-20 08:36:20 params :
------------
Array:
rule : -2 ;
module :  ;
message : Array ;

2016-04-20 08:36:20 response :
------------

2016-04-20 08:42:01 trace :
------------
String:
<xml><ToUserName><![CDATA[gh_2157a6c86a35]]></ToUserName>
<FromUserName><![CDATA[oEcottxty6YaSaSyWDPLhYWgCpEo]]></FromUserName>
<CreateTime>1461112921</CreateTime>
<MsgType><![CDATA[event]]></MsgType>
<Event><![CDATA[TEMPLATESENDJOBFINISH]]></Event>
<MsgID>403000112</MsgID>
<Status><![CDATA[success]]></Status>
</xml>

2016-04-20 08:42:01 params :
------------
Array:
rule : -2 ;
module :  ;
message : Array ;

2016-04-20 08:42:01 response :
------------

2016-04-20 08:44:44 trace :
------------
String:
<xml><ToUserName><![CDATA[gh_2157a6c86a35]]></ToUserName>
<FromUserName><![CDATA[oEcott8bXNlBO-pF9t-0J1dTDGPs]]></FromUserName>
<CreateTime>1461113084</CreateTime>
<MsgType><![CDATA[event]]></MsgType>
<Event><![CDATA[TEMPLATESENDJOBFINISH]]></Event>
<MsgID>403000146</MsgID>
<Status><![CDATA[success]]></Status>
</xml>

2016-04-20 08:44:44 params :
------------
Array:
rule : -2 ;
module :  ;
message : Array ;

2016-04-20 08:44:44 response :
------------

2016-04-20 08:52:07 trace :
------------
String:
<xml><ToUserName><![CDATA[gh_2157a6c86a35]]></ToUserName>
<FromUserName><![CDATA[oEcottwaQKPAhCbvBdG29Qt7Ip-E]]></FromUserName>
<CreateTime>1461113527</CreateTime>
<MsgType><![CDATA[event]]></MsgType>
<Event><![CDATA[TEMPLATESENDJOBFINISH]]></Event>
<MsgID>403000197</MsgID>
<Status><![CDATA[success]]></Status>
</xml>

2016-04-20 08:52:07 params :
------------
Array:
rule : -2 ;
module :  ;
message : Array ;

2016-04-20 08:52:07 response :
------------

2016-04-20 08:52:09 trace :
------------
String:
<xml><ToUserName><![CDATA[gh_2157a6c86a35]]></ToUserName>
<FromUserName><![CDATA[oEcott8-fHoACFiURkUXBYRZHEro]]></FromUserName>
<CreateTime>1461113529</CreateTime>
<MsgType><![CDATA[event]]></MsgType>
<Event><![CDATA[TEMPLATESENDJOBFINISH]]></Event>
<MsgID>403000198</MsgID>
<Status><![CDATA[success]]></Status>
</xml>

2016-04-20 08:52:09 params :
------------
Array:
rule : -2 ;
module :  ;
message : Array ;

2016-04-20 08:52:09 response :
------------

2016-04-20 08:55:21 trace :
------------
String:
<xml><ToUserName><![CDATA[gh_2157a6c86a35]]></ToUserName>
<FromUserName><![CDATA[oEcott5b5wbU8rzCcze6w7sk3ZCE]]></FromUserName>
<CreateTime>1461113721</CreateTime>
<MsgType><![CDATA[event]]></MsgType>
<Event><![CDATA[TEMPLATESENDJOBFINISH]]></Event>
<MsgID>403000209</MsgID>
<Status><![CDATA[success]]></Status>
</xml>

2016-04-20 08:55:21 params :
------------
Array:
rule : -2 ;
module :  ;
message : Array ;

2016-04-20 08:55:21 response :
------------

2016-04-20 09:01:03 trace :
------------
String:
<xml><ToUserName><![CDATA[gh_2157a6c86a35]]></ToUserName>
<FromUserName><![CDATA[oEcottwUAPs9DpzF09MOdy_19fZQ]]></FromUserName>
<CreateTime>1461114063</CreateTime>
<MsgType><![CDATA[event]]></MsgType>
<Event><![CDATA[TEMPLATESENDJOBFINISH]]></Event>
<MsgID>403000251</MsgID>
<Status><![CDATA[success]]></Status>
</xml>

2016-04-20 09:01:03 params :
------------
Array:
rule : -2 ;
module :  ;
message : Array ;

2016-04-20 09:01:03 response :
------------

2016-04-20 09:04:54 trace :
------------
String:
<xml><ToUserName><![CDATA[gh_2157a6c86a35]]></ToUserName>
<FromUserName><![CDATA[oEcottwqUGE1u3b5ckvGD0KWlBl8]]></FromUserName>
<CreateTime>1461114294</CreateTime>
<MsgType><![CDATA[event]]></MsgType>
<Event><![CDATA[TEMPLATESENDJOBFINISH]]></Event>
<MsgID>403000293</MsgID>
<Status><![CDATA[success]]></Status>
</xml>

2016-04-20 09:04:54 params :
------------
Array:
rule : -2 ;
module :  ;
message : Array ;

2016-04-20 09:04:54 response :
------------

2016-04-20 09:09:41 trace :
------------
String:
<xml><ToUserName><![CDATA[gh_2157a6c86a35]]></ToUserName>
<FromUserName><![CDATA[oEcottyilUy5tLd8vANXKGPG4EcA]]></FromUserName>
<CreateTime>1461114581</CreateTime>
<MsgType><![CDATA[event]]></MsgType>
<Event><![CDATA[TEMPLATESENDJOBFINISH]]></Event>
<MsgID>403000343</MsgID>
<Status><![CDATA[success]]></Status>
</xml>

2016-04-20 09:09:41 params :
------------
Array:
rule : -2 ;
module :  ;
message : Array ;

2016-04-20 09:09:41 response :
------------

2016-04-20 09:46:25 trace :
------------
String:
<xml><ToUserName><![CDATA[gh_2157a6c86a35]]></ToUserName>
<FromUserName><![CDATA[oEcottzrsY0hiIxBYE3CK2zp6WYY]]></FromUserName>
<CreateTime>1461116785</CreateTime>
<MsgType><![CDATA[event]]></MsgType>
<Event><![CDATA[TEMPLATESENDJOBFINISH]]></Event>
<MsgID>403000752</MsgID>
<Status><![CDATA[success]]></Status>
</xml>

2016-04-20 09:46:25 params :
------------
Array:
rule : -2 ;
module :  ;
message : Array ;

2016-04-20 09:46:25 response :
------------

2016-04-20 09:56:47 trace :
------------
String:
<xml><ToUserName><![CDATA[gh_2157a6c86a35]]></ToUserName>
<FromUserName><![CDATA[oEcott52uezBMOS2iT-RAS8H9OZE]]></FromUserName>
<CreateTime>1461117407</CreateTime>
<MsgType><![CDATA[event]]></MsgType>
<Event><![CDATA[TEMPLATESENDJOBFINISH]]></Event>
<MsgID>403000845</MsgID>
<Status><![CDATA[success]]></Status>
</xml>

2016-04-20 09:56:47 params :
------------
Array:
rule : -2 ;
module :  ;
message : Array ;

2016-04-20 09:56:47 response :
------------

2016-04-20 10:49:13 trace :
------------
String:
<xml><ToUserName><![CDATA[gh_2157a6c86a35]]></ToUserName>
<FromUserName><![CDATA[oEcott05OrGf_wIaW8kfa-ZegwUA]]></FromUserName>
<CreateTime>1461120553</CreateTime>
<MsgType><![CDATA[event]]></MsgType>
<Event><![CDATA[CLICK]]></Event>
<EventKey><![CDATA[concat.website]]></EventKey>
</xml>

2016-04-20 10:49:13 params :
------------
Array:
rule : -2 ;
module :  ;
message : Array ;

2016-04-20 10:49:13 response :
------------

2016-04-20 10:49:21 trace :
------------
String:
<xml><ToUserName><![CDATA[gh_2157a6c86a35]]></ToUserName>
<FromUserName><![CDATA[oEcott05OrGf_wIaW8kfa-ZegwUA]]></FromUserName>
<CreateTime>1461120561</CreateTime>
<MsgType><![CDATA[event]]></MsgType>
<Event><![CDATA[CLICK]]></Event>
<EventKey><![CDATA[grow.mien]]></EventKey>
</xml>

2016-04-20 10:49:21 params :
------------
Array:
rule : -2 ;
module :  ;
message : Array ;

2016-04-20 10:49:21 response :
------------

2016-04-20 10:49:32 trace :
------------
String:
<xml><ToUserName><![CDATA[gh_2157a6c86a35]]></ToUserName>
<FromUserName><![CDATA[oEcott05OrGf_wIaW8kfa-ZegwUA]]></FromUserName>
<CreateTime>1461120572</CreateTime>
<MsgType><![CDATA[event]]></MsgType>
<Event><![CDATA[unsubscribe]]></Event>
<EventKey><![CDATA[]]></EventKey>
</xml>

2016-04-20 11:39:50 trace :
------------
String:
<xml><ToUserName><![CDATA[gh_2157a6c86a35]]></ToUserName>
<FromUserName><![CDATA[oEcottwW2YU7yp_kBQarnTzqdlEs]]></FromUserName>
<CreateTime>1461123590</CreateTime>
<MsgType><![CDATA[event]]></MsgType>
<Event><![CDATA[TEMPLATESENDJOBFINISH]]></Event>
<MsgID>403002232</MsgID>
<Status><![CDATA[success]]></Status>
</xml>

2016-04-20 11:39:50 params :
------------
Array:
rule : -2 ;
module :  ;
message : Array ;

2016-04-20 11:39:50 response :
------------

2016-04-20 15:10:47 trace :
------------
String:
<xml><ToUserName><![CDATA[gh_7d1762dac7c2]]></ToUserName>
<FromUserName><![CDATA[o8AZcwLD82QI_Nayz2BObQQ2zzmA]]></FromUserName>
<CreateTime>1461136247</CreateTime>
<MsgType><![CDATA[event]]></MsgType>
<Event><![CDATA[VIEW]]></Event>
<EventKey><![CDATA[http://www.9kpu.com/app/index.php?i=6&c=home&]]></EventKey>
<MenuId>406844801</MenuId>
</xml>

2016-04-20 15:10:47 params :
------------
Array:
rule : -2 ;
module :  ;
message : Array ;

2016-04-20 15:10:47 response :
------------

2016-04-20 15:11:49 trace :
------------
String:
<xml><ToUserName><![CDATA[gh_7d1762dac7c2]]></ToUserName>
<FromUserName><![CDATA[o8AZcwLD82QI_Nayz2BObQQ2zzmA]]></FromUserName>
<CreateTime>1461136308</CreateTime>
<MsgType><![CDATA[event]]></MsgType>
<Event><![CDATA[VIEW]]></Event>
<EventKey><![CDATA[http://www.9kpu.com/app/index.php?i=6&c=home&]]></EventKey>
<MenuId>406844801</MenuId>
</xml>

2016-04-20 15:11:49 params :
------------
Array:
rule : -2 ;
module :  ;
message : Array ;

2016-04-20 15:11:49 response :
------------

2016-04-20 15:23:09 trace :
------------
String:
<xml><ToUserName><![CDATA[gh_7d1762dac7c2]]></ToUserName>
<FromUserName><![CDATA[o8AZcwLD82QI_Nayz2BObQQ2zzmA]]></FromUserName>
<CreateTime>1461136989</CreateTime>
<MsgType><![CDATA[text]]></MsgType>
<Content><![CDATA[仓前官网]]></Content>
<MsgId>6275535583137911711</MsgId>
</xml>

2016-04-20 15:23:09 params :
------------
Array:
message : Array ;
module : cover ;
rule : 17 ;
priority : 0 ;
keyword : Array ;

2016-04-20 15:23:09 response :
------------
Array:
FromUserName : gh_7d1762dac7c2 ;
ToUserName : o8AZcwLD82QI_Nayz2BObQQ2zzmA ;
MsgType : news ;
ArticleCount : 1 ;
Articles : Array ;

2016-04-20 15:27:23 trace :
------------
String:
<xml><ToUserName><![CDATA[gh_2157a6c86a35]]></ToUserName>
<FromUserName><![CDATA[oEcott84pU16wJT6ChwWpKVayVsQ]]></FromUserName>
<CreateTime>1461137243</CreateTime>
<MsgType><![CDATA[event]]></MsgType>
<Event><![CDATA[TEMPLATESENDJOBFINISH]]></Event>
<MsgID>403004597</MsgID>
<Status><![CDATA[success]]></Status>
</xml>

2016-04-20 15:27:23 params :
------------
Array:
rule : -2 ;
module :  ;
message : Array ;

2016-04-20 15:27:23 response :
------------

2016-04-20 15:28:08 trace :
------------
String:
<xml><ToUserName><![CDATA[gh_2157a6c86a35]]></ToUserName>
<FromUserName><![CDATA[oEcott52uezBMOS2iT-RAS8H9OZE]]></FromUserName>
<CreateTime>1461137288</CreateTime>
<MsgType><![CDATA[event]]></MsgType>
<Event><![CDATA[TEMPLATESENDJOBFINISH]]></Event>
<MsgID>403004601</MsgID>
<Status><![CDATA[success]]></Status>
</xml>

2016-04-20 15:28:08 params :
------------
Array:
rule : -2 ;
module :  ;
message : Array ;

2016-04-20 15:28:08 response :
------------

2016-04-20 15:31:07 trace :
------------
String:
<xml><ToUserName><![CDATA[gh_2157a6c86a35]]></ToUserName>
<FromUserName><![CDATA[oEcott7ShK4TAzzs-r2z7vxof71E]]></FromUserName>
<CreateTime>1461137467</CreateTime>
<MsgType><![CDATA[event]]></MsgType>
<Event><![CDATA[TEMPLATESENDJOBFINISH]]></Event>
<MsgID>403004629</MsgID>
<Status><![CDATA[success]]></Status>
</xml>

2016-04-20 15:31:07 params :
------------
Array:
rule : -2 ;
module :  ;
message : Array ;

2016-04-20 15:31:07 response :
------------

2016-04-20 15:34:02 trace :
------------
String:
<xml><ToUserName><![CDATA[gh_2157a6c86a35]]></ToUserName>
<FromUserName><![CDATA[oEcott9j2Z30FezqLMZANHtpKRrc]]></FromUserName>
<CreateTime>1461137642</CreateTime>
<MsgType><![CDATA[event]]></MsgType>
<Event><![CDATA[TEMPLATESENDJOBFINISH]]></Event>
<MsgID>403004677</MsgID>
<Status><![CDATA[success]]></Status>
</xml>

2016-04-20 15:34:02 params :
------------
Array:
rule : -2 ;
module :  ;
message : Array ;

2016-04-20 15:34:02 response :
------------

2016-04-20 15:34:34 trace :
------------
String:
<xml><ToUserName><![CDATA[gh_2157a6c86a35]]></ToUserName>
<FromUserName><![CDATA[oEcott_HC4Mi8y5j3sFlJBgqhd9E]]></FromUserName>
<CreateTime>1461137674</CreateTime>
<MsgType><![CDATA[event]]></MsgType>
<Event><![CDATA[TEMPLATESENDJOBFINISH]]></Event>
<MsgID>403004685</MsgID>
<Status><![CDATA[success]]></Status>
</xml>

2016-04-20 15:34:34 params :
------------
Array:
rule : -2 ;
module :  ;
message : Array ;

2016-04-20 15:34:34 response :
------------

2016-04-20 15:35:44 trace :
------------
String:
<xml><ToUserName><![CDATA[gh_2157a6c86a35]]></ToUserName>
<FromUserName><![CDATA[oEcott8j6IUHePzxE_Daw_DYK8eM]]></FromUserName>
<CreateTime>1461137744</CreateTime>
<MsgType><![CDATA[event]]></MsgType>
<Event><![CDATA[TEMPLATESENDJOBFINISH]]></Event>
<MsgID>403004692</MsgID>
<Status><![CDATA[success]]></Status>
</xml>

2016-04-20 15:35:44 params :
------------
Array:
rule : -2 ;
module :  ;
message : Array ;

2016-04-20 15:35:44 response :
------------

2016-04-20 15:36:47 trace :
------------
String:
<xml><ToUserName><![CDATA[gh_2157a6c86a35]]></ToUserName>
<FromUserName><![CDATA[oEcott-O08EqTyB2vYvWY1DM_DPw]]></FromUserName>
<CreateTime>1461137807</CreateTime>
<MsgType><![CDATA[event]]></MsgType>
<Event><![CDATA[TEMPLATESENDJOBFINISH]]></Event>
<MsgID>403004705</MsgID>
<Status><![CDATA[success]]></Status>
</xml>

2016-04-20 15:36:47 params :
------------
Array:
rule : -2 ;
module :  ;
message : Array ;

2016-04-20 15:36:47 response :
------------

2016-04-20 15:37:59 trace :
------------
String:
<xml><ToUserName><![CDATA[gh_2157a6c86a35]]></ToUserName>
<FromUserName><![CDATA[oEcottyNJ25zzQtzEyNqnQxM1MOA]]></FromUserName>
<CreateTime>1461137879</CreateTime>
<MsgType><![CDATA[event]]></MsgType>
<Event><![CDATA[TEMPLATESENDJOBFINISH]]></Event>
<MsgID>403004714</MsgID>
<Status><![CDATA[success]]></Status>
</xml>

2016-04-20 15:37:59 params :
------------
Array:
rule : -2 ;
module :  ;
message : Array ;

2016-04-20 15:37:59 response :
------------

2016-04-20 15:38:29 trace :
------------
String:
<xml><ToUserName><![CDATA[gh_2157a6c86a35]]></ToUserName>
<FromUserName><![CDATA[oEcottzBLHgNZQimwE8XOIsT1IY0]]></FromUserName>
<CreateTime>1461137909</CreateTime>
<MsgType><![CDATA[event]]></MsgType>
<Event><![CDATA[TEMPLATESENDJOBFINISH]]></Event>
<MsgID>403004719</MsgID>
<Status><![CDATA[success]]></Status>
</xml>

2016-04-20 15:38:29 params :
------------
Array:
rule : -2 ;
module :  ;
message : Array ;

2016-04-20 15:38:29 response :
------------

2016-04-20 15:38:37 trace :
------------
String:
<xml><ToUserName><![CDATA[gh_2157a6c86a35]]></ToUserName>
<FromUserName><![CDATA[oEcott82FheWLXY2ft9sHxcV1YYQ]]></FromUserName>
<CreateTime>1461137917</CreateTime>
<MsgType><![CDATA[event]]></MsgType>
<Event><![CDATA[TEMPLATESENDJOBFINISH]]></Event>
<MsgID>403004720</MsgID>
<Status><![CDATA[success]]></Status>
</xml>

2016-04-20 15:38:38 params :
------------
Array:
rule : -2 ;
module :  ;
message : Array ;

2016-04-20 15:38:38 response :
------------

2016-04-20 15:42:14 trace :
------------
String:
<xml><ToUserName><![CDATA[gh_2157a6c86a35]]></ToUserName>
<FromUserName><![CDATA[oEcottwqUGE1u3b5ckvGD0KWlBl8]]></FromUserName>
<CreateTime>1461138134</CreateTime>
<MsgType><![CDATA[event]]></MsgType>
<Event><![CDATA[TEMPLATESENDJOBFINISH]]></Event>
<MsgID>403004741</MsgID>
<Status><![CDATA[success]]></Status>
</xml>

2016-04-20 15:42:14 params :
------------
Array:
rule : -2 ;
module :  ;
message : Array ;

2016-04-20 15:42:14 response :
------------

2016-04-20 15:45:37 trace :
------------
String:
<xml><ToUserName><![CDATA[gh_2157a6c86a35]]></ToUserName>
<FromUserName><![CDATA[oEcottwdRSG6HkIZwvuQXqa3QKng]]></FromUserName>
<CreateTime>1461138337</CreateTime>
<MsgType><![CDATA[event]]></MsgType>
<Event><![CDATA[TEMPLATESENDJOBFINISH]]></Event>
<MsgID>403004786</MsgID>
<Status><![CDATA[success]]></Status>
</xml>

2016-04-20 15:45:37 params :
------------
Array:
rule : -2 ;
module :  ;
message : Array ;

2016-04-20 15:45:37 response :
------------

2016-04-20 15:46:12 trace :
------------
String:
<xml><ToUserName><![CDATA[gh_2157a6c86a35]]></ToUserName>
<FromUserName><![CDATA[oEcott5b5wbU8rzCcze6w7sk3ZCE]]></FromUserName>
<CreateTime>1461138372</CreateTime>
<MsgType><![CDATA[event]]></MsgType>
<Event><![CDATA[TEMPLATESENDJOBFINISH]]></Event>
<MsgID>403004791</MsgID>
<Status><![CDATA[success]]></Status>
</xml>

2016-04-20 15:46:12 params :
------------
Array:
rule : -2 ;
module :  ;
message : Array ;

2016-04-20 15:46:12 response :
------------

2016-04-20 15:47:27 trace :
------------
String:
<xml><ToUserName><![CDATA[gh_2157a6c86a35]]></ToUserName>
<FromUserName><![CDATA[oEcottzrsY0hiIxBYE3CK2zp6WYY]]></FromUserName>
<CreateTime>1461138447</CreateTime>
<MsgType><![CDATA[event]]></MsgType>
<Event><![CDATA[TEMPLATESENDJOBFINISH]]></Event>
<MsgID>403004818</MsgID>
<Status><![CDATA[success]]></Status>
</xml>

2016-04-20 15:47:27 params :
------------
Array:
rule : -2 ;
module :  ;
message : Array ;

2016-04-20 15:47:27 response :
------------

2016-04-20 15:47:44 trace :
------------
String:
<xml><ToUserName><![CDATA[gh_2157a6c86a35]]></ToUserName>
<FromUserName><![CDATA[oEcott8bXNlBO-pF9t-0J1dTDGPs]]></FromUserName>
<CreateTime>1461138464</CreateTime>
<MsgType><![CDATA[event]]></MsgType>
<Event><![CDATA[TEMPLATESENDJOBFINISH]]></Event>
<MsgID>403004823</MsgID>
<Status><![CDATA[success]]></Status>
</xml>

2016-04-20 15:47:44 params :
------------
Array:
rule : -2 ;
module :  ;
message : Array ;

2016-04-20 15:47:44 response :
------------

2016-04-20 15:53:05 trace :
------------
String:
<xml><ToUserName><![CDATA[gh_2157a6c86a35]]></ToUserName>
<FromUserName><![CDATA[oEcottyilUy5tLd8vANXKGPG4EcA]]></FromUserName>
<CreateTime>1461138785</CreateTime>
<MsgType><![CDATA[event]]></MsgType>
<Event><![CDATA[TEMPLATESENDJOBFINISH]]></Event>
<MsgID>403004883</MsgID>
<Status><![CDATA[success]]></Status>
</xml>

2016-04-20 15:53:05 params :
------------
Array:
rule : -2 ;
module :  ;
message : Array ;

2016-04-20 15:53:05 response :
------------

2016-04-20 15:53:06 trace :
------------
String:
<xml><ToUserName><![CDATA[gh_2157a6c86a35]]></ToUserName>
<FromUserName><![CDATA[oEcott_TScLOOrncqPhtzglnYENA]]></FromUserName>
<CreateTime>1461138786</CreateTime>
<MsgType><![CDATA[event]]></MsgType>
<Event><![CDATA[TEMPLATESENDJOBFINISH]]></Event>
<MsgID>403004884</MsgID>
<Status><![CDATA[success]]></Status>
</xml>

2016-04-20 15:53:06 params :
------------
Array:
rule : -2 ;
module :  ;
message : Array ;

2016-04-20 15:53:06 response :
------------

2016-04-20 15:53:06 trace :
------------
String:
<xml><ToUserName><![CDATA[gh_2157a6c86a35]]></ToUserName>
<FromUserName><![CDATA[oEcott8QzR6FuIfbjGYBlK2rCCjY]]></FromUserName>
<CreateTime>1461138786</CreateTime>
<MsgType><![CDATA[event]]></MsgType>
<Event><![CDATA[TEMPLATESENDJOBFINISH]]></Event>
<MsgID>403004885</MsgID>
<Status><![CDATA[success]]></Status>
</xml>

2016-04-20 15:53:06 params :
------------
Array:
rule : -2 ;
module :  ;
message : Array ;

2016-04-20 15:53:06 response :
------------

2016-04-20 15:55:44 trace :
------------
String:
<xml><ToUserName><![CDATA[gh_2157a6c86a35]]></ToUserName>
<FromUserName><![CDATA[oEcottxty6YaSaSyWDPLhYWgCpEo]]></FromUserName>
<CreateTime>1461138944</CreateTime>
<MsgType><![CDATA[event]]></MsgType>
<Event><![CDATA[TEMPLATESENDJOBFINISH]]></Event>
<MsgID>403004930</MsgID>
<Status><![CDATA[success]]></Status>
</xml>

2016-04-20 15:55:44 params :
------------
Array:
rule : -2 ;
module :  ;
message : Array ;

2016-04-20 15:55:44 response :
------------

2016-04-20 15:56:22 trace :
------------
String:
<xml><ToUserName><![CDATA[gh_2157a6c86a35]]></ToUserName>
<FromUserName><![CDATA[oEcott-Gft4vv4qG56uwiyofjGHg]]></FromUserName>
<CreateTime>1461138982</CreateTime>
<MsgType><![CDATA[event]]></MsgType>
<Event><![CDATA[TEMPLATESENDJOBFINISH]]></Event>
<MsgID>403004938</MsgID>
<Status><![CDATA[success]]></Status>
</xml>

2016-04-20 15:56:22 params :
------------
Array:
rule : -2 ;
module :  ;
message : Array ;

2016-04-20 15:56:22 response :
------------

2016-04-20 16:07:27 trace :
------------
String:
<xml><ToUserName><![CDATA[gh_2157a6c86a35]]></ToUserName>
<FromUserName><![CDATA[oEcottw7qP2pciewrM5tmFvI8As4]]></FromUserName>
<CreateTime>1461139647</CreateTime>
<MsgType><![CDATA[event]]></MsgType>
<Event><![CDATA[TEMPLATESENDJOBFINISH]]></Event>
<MsgID>403005067</MsgID>
<Status><![CDATA[success]]></Status>
</xml>

2016-04-20 16:07:27 params :
------------
Array:
rule : -2 ;
module :  ;
message : Array ;

2016-04-20 16:07:27 response :
------------

2016-04-20 16:23:45 trace :
------------
String:
<xml><ToUserName><![CDATA[gh_2157a6c86a35]]></ToUserName>
<FromUserName><![CDATA[oEcottwVEJ256h6vTGhxIdtgmqfM]]></FromUserName>
<CreateTime>1461140625</CreateTime>
<MsgType><![CDATA[event]]></MsgType>
<Event><![CDATA[TEMPLATESENDJOBFINISH]]></Event>
<MsgID>403005324</MsgID>
<Status><![CDATA[success]]></Status>
</xml>

2016-04-20 16:23:45 params :
------------
Array:
rule : -2 ;
module :  ;
message : Array ;

2016-04-20 16:23:45 response :
------------

2016-04-20 16:23:45 trace :
------------
String:
<xml><ToUserName><![CDATA[gh_2157a6c86a35]]></ToUserName>
<FromUserName><![CDATA[oEcott4fTAgoYWAqlhp-vYkaOIHE]]></FromUserName>
<CreateTime>1461140625</CreateTime>
<MsgType><![CDATA[event]]></MsgType>
<Event><![CDATA[TEMPLATESENDJOBFINISH]]></Event>
<MsgID>403005325</MsgID>
<Status><![CDATA[success]]></Status>
</xml>

2016-04-20 16:23:45 params :
------------
Array:
rule : -2 ;
module :  ;
message : Array ;

2016-04-20 16:23:45 response :
------------

2016-04-20 16:23:45 trace :
------------
String:
<xml><ToUserName><![CDATA[gh_2157a6c86a35]]></ToUserName>
<FromUserName><![CDATA[oEcott4a-0QekZBexvAtcmke-D4w]]></FromUserName>
<CreateTime>1461140625</CreateTime>
<MsgType><![CDATA[event]]></MsgType>
<Event><![CDATA[TEMPLATESENDJOBFINISH]]></Event>
<MsgID>403005326</MsgID>
<Status><![CDATA[success]]></Status>
</xml>

2016-04-20 16:23:45 params :
------------
Array:
rule : -2 ;
module :  ;
message : Array ;

2016-04-20 16:23:45 response :
------------

2016-04-20 16:23:46 trace :
------------
String:
<xml><ToUserName><![CDATA[gh_2157a6c86a35]]></ToUserName>
<FromUserName><![CDATA[oEcott5JI0hsdoCxNPA10KHiY1kA]]></FromUserName>
<CreateTime>1461140626</CreateTime>
<MsgType><![CDATA[event]]></MsgType>
<Event><![CDATA[TEMPLATESENDJOBFINISH]]></Event>
<MsgID>403005327</MsgID>
<Status><![CDATA[success]]></Status>
</xml>

2016-04-20 16:23:46 params :
------------
Array:
rule : -2 ;
module :  ;
message : Array ;

2016-04-20 16:23:46 response :
------------

2016-04-20 16:23:46 trace :
------------
String:
<xml><ToUserName><![CDATA[gh_2157a6c86a35]]></ToUserName>
<FromUserName><![CDATA[oEcott9ljw-R0nLqj9w8n9-Ki3fk]]></FromUserName>
<CreateTime>1461140626</CreateTime>
<MsgType><![CDATA[event]]></MsgType>
<Event><![CDATA[TEMPLATESENDJOBFINISH]]></Event>
<MsgID>403005328</MsgID>
<Status><![CDATA[success]]></Status>
</xml>

2016-04-20 16:23:46 params :
------------
Array:
rule : -2 ;
module :  ;
message : Array ;

2016-04-20 16:23:46 response :
------------

2016-04-20 16:23:46 trace :
------------
String:
<xml><ToUserName><![CDATA[gh_2157a6c86a35]]></ToUserName>
<FromUserName><![CDATA[oEcott0BYGm77xwFerCfTO68jYpE]]></FromUserName>
<CreateTime>1461140626</CreateTime>
<MsgType><![CDATA[event]]></MsgType>
<Event><![CDATA[TEMPLATESENDJOBFINISH]]></Event>
<MsgID>403005329</MsgID>
<Status><![CDATA[success]]></Status>
</xml>

2016-04-20 16:23:46 params :
------------
Array:
rule : -2 ;
module :  ;
message : Array ;

2016-04-20 16:23:46 response :
------------

2016-04-20 16:23:46 trace :
------------
String:
<xml><ToUserName><![CDATA[gh_2157a6c86a35]]></ToUserName>
<FromUserName><![CDATA[oEcott9F4fGtmM3DjKaM0uhQry4o]]></FromUserName>
<CreateTime>1461140626</CreateTime>
<MsgType><![CDATA[event]]></MsgType>
<Event><![CDATA[TEMPLATESENDJOBFINISH]]></Event>
<MsgID>403005330</MsgID>
<Status><![CDATA[success]]></Status>
</xml>

2016-04-20 16:23:46 params :
------------
Array:
rule : -2 ;
module :  ;
message : Array ;

2016-04-20 16:23:46 response :
------------

2016-04-20 16:23:46 trace :
------------
String:
<xml><ToUserName><![CDATA[gh_2157a6c86a35]]></ToUserName>
<FromUserName><![CDATA[oEcottwAqWW9x8Wo1YdwPF4SIpbs]]></FromUserName>
<CreateTime>1461140626</CreateTime>
<MsgType><![CDATA[event]]></MsgType>
<Event><![CDATA[TEMPLATESENDJOBFINISH]]></Event>
<MsgID>403005331</MsgID>
<Status><![CDATA[success]]></Status>
</xml>

2016-04-20 16:23:46 params :
------------
Array:
rule : -2 ;
module :  ;
message : Array ;

2016-04-20 16:23:46 response :
------------

2016-04-20 16:23:47 trace :
------------
String:
<xml><ToUserName><![CDATA[gh_2157a6c86a35]]></ToUserName>
<FromUserName><![CDATA[oEcott635Povl9tOo6clkek3iiWI]]></FromUserName>
<CreateTime>1461140627</CreateTime>
<MsgType><![CDATA[event]]></MsgType>
<Event><![CDATA[TEMPLATESENDJOBFINISH]]></Event>
<MsgID>403005332</MsgID>
<Status><![CDATA[success]]></Status>
</xml>

2016-04-20 16:23:47 params :
------------
Array:
rule : -2 ;
module :  ;
message : Array ;

2016-04-20 16:23:47 response :
------------

2016-04-20 16:24:05 trace :
------------
String:
<xml><ToUserName><![CDATA[gh_2157a6c86a35]]></ToUserName>
<FromUserName><![CDATA[oEcott8-fHoACFiURkUXBYRZHEro]]></FromUserName>
<CreateTime>1461140645</CreateTime>
<MsgType><![CDATA[event]]></MsgType>
<Event><![CDATA[TEMPLATESENDJOBFINISH]]></Event>
<MsgID>403005333</MsgID>
<Status><![CDATA[success]]></Status>
</xml>

2016-04-20 16:24:05 params :
------------
Array:
rule : -2 ;
module :  ;
message : Array ;

2016-04-20 16:24:05 response :
------------

2016-04-20 16:24:05 trace :
------------
String:
<xml><ToUserName><![CDATA[gh_2157a6c86a35]]></ToUserName>
<FromUserName><![CDATA[oEcottwUAPs9DpzF09MOdy_19fZQ]]></FromUserName>
<CreateTime>1461140645</CreateTime>
<MsgType><![CDATA[event]]></MsgType>
<Event><![CDATA[TEMPLATESENDJOBFINISH]]></Event>
<MsgID>403005334</MsgID>
<Status><![CDATA[success]]></Status>
</xml>

2016-04-20 16:24:05 params :
------------
Array:
rule : -2 ;
module :  ;
message : Array ;

2016-04-20 16:24:05 response :
------------

2016-04-20 17:31:42 trace :
------------
String:
<xml><ToUserName><![CDATA[gh_081ee8610e82]]></ToUserName>
<FromUserName><![CDATA[ohNDtvodQbJscFvVHtC4xh757R2Y]]></FromUserName>
<CreateTime>1461144702</CreateTime>
<MsgType><![CDATA[event]]></MsgType>
<Event><![CDATA[VIEW]]></Event>
<EventKey><![CDATA[http://www.9kpu.com/app/index.php?i=4&c=entry&eid=1]]></EventKey>
<MenuId>402697403</MenuId>
</xml>

2016-04-20 17:31:42 params :
------------
Array:
message : Array ;
module : basic ;
rule : 14 ;
priority : 0 ;
keyword : Array ;

2016-04-20 17:31:42 response :
------------
Array:
FromUserName : gh_081ee8610e82 ;
ToUserName : ohNDtvodQbJscFvVHtC4xh757R2Y ;
MsgType : text ;
Content : 欢迎关注杭州师范大学附属仓前实验中学，请点击菜单使用。 ;

2016-04-20 17:57:53 trace :
------------
String:
<xml><ToUserName><![CDATA[gh_081ee8610e82]]></ToUserName>
<FromUserName><![CDATA[ohNDtvodQbJscFvVHtC4xh757R2Y]]></FromUserName>
<CreateTime>1461146272</CreateTime>
<MsgType><![CDATA[event]]></MsgType>
<Event><![CDATA[VIEW]]></Event>
<EventKey><![CDATA[http://m.igrow.cn/m/school/website/1390]]></EventKey>
<MenuId>402697403</MenuId>
</xml>

2016-04-20 17:57:53 params :
------------
Array:
message : Array ;
module : basic ;
rule : 14 ;
priority : 0 ;
keyword : Array ;

2016-04-20 17:57:53 response :
------------
Array:
FromUserName : gh_081ee8610e82 ;
ToUserName : ohNDtvodQbJscFvVHtC4xh757R2Y ;
MsgType : text ;
Content : 欢迎关注杭州师范大学附属仓前实验中学，请点击菜单使用。 ;

2016-04-20 17:58:09 trace :
------------
String:
<xml><ToUserName><![CDATA[gh_081ee8610e82]]></ToUserName>
<FromUserName><![CDATA[ohNDtvodQbJscFvVHtC4xh757R2Y]]></FromUserName>
<CreateTime>1461146289</CreateTime>
<MsgType><![CDATA[event]]></MsgType>
<Event><![CDATA[VIEW]]></Event>
<EventKey><![CDATA[http://www.9kpu.com/app/index.php?i=4&c=entry&eid=1]]></EventKey>
<MenuId>402697403</MenuId>
</xml>

2016-04-20 17:58:09 params :
------------
Array:
message : Array ;
module : basic ;
rule : 14 ;
priority : 0 ;
keyword : Array ;

2016-04-20 17:58:09 response :
------------
Array:
FromUserName : gh_081ee8610e82 ;
ToUserName : ohNDtvodQbJscFvVHtC4xh757R2Y ;
MsgType : text ;
Content : 欢迎关注杭州师范大学附属仓前实验中学，请点击菜单使用。 ;

2016-04-20 17:59:32 trace :
------------
String:
<xml><ToUserName><![CDATA[gh_081ee8610e82]]></ToUserName>
<FromUserName><![CDATA[ohNDtvodQbJscFvVHtC4xh757R2Y]]></FromUserName>
<CreateTime>1461146372</CreateTime>
<MsgType><![CDATA[event]]></MsgType>
<Event><![CDATA[VIEW]]></Event>
<EventKey><![CDATA[http://www.9kpu.com/app/index.php?i=4&c=entry&eid=1]]></EventKey>
<MenuId>402697403</MenuId>
</xml>

2016-04-20 17:59:32 params :
------------
Array:
message : Array ;
module : basic ;
rule : 14 ;
priority : 0 ;
keyword : Array ;

2016-04-20 17:59:32 response :
------------
Array:
FromUserName : gh_081ee8610e82 ;
ToUserName : ohNDtvodQbJscFvVHtC4xh757R2Y ;
MsgType : text ;
Content : 欢迎关注杭州师范大学附属仓前实验中学，请点击菜单使用。 ;

2016-04-20 17:59:34 trace :
------------
String:
<xml><ToUserName><![CDATA[gh_081ee8610e82]]></ToUserName>
<FromUserName><![CDATA[ohNDtvodQbJscFvVHtC4xh757R2Y]]></FromUserName>
<CreateTime>1461146374</CreateTime>
<MsgType><![CDATA[event]]></MsgType>
<Event><![CDATA[VIEW]]></Event>
<EventKey><![CDATA[http://www.9kpu.com/app/index.php?i=4&c=entry&eid=2]]></EventKey>
<MenuId>402697403</MenuId>
</xml>

2016-04-20 17:59:34 params :
------------
Array:
message : Array ;
module : basic ;
rule : 14 ;
priority : 0 ;
keyword : Array ;

2016-04-20 17:59:34 response :
------------
Array:
FromUserName : gh_081ee8610e82 ;
ToUserName : ohNDtvodQbJscFvVHtC4xh757R2Y ;
MsgType : text ;
Content : 欢迎关注杭州师范大学附属仓前实验中学，请点击菜单使用。 ;

2016-04-20 18:02:34 trace :
------------
String:
<xml><ToUserName><![CDATA[gh_081ee8610e82]]></ToUserName>
<FromUserName><![CDATA[ohNDtvodQbJscFvVHtC4xh757R2Y]]></FromUserName>
<CreateTime>1461146554</CreateTime>
<MsgType><![CDATA[event]]></MsgType>
<Event><![CDATA[VIEW]]></Event>
<EventKey><![CDATA[http://www.9kpu.com/app/index.php?i=4&c=entry&eid=2]]></EventKey>
<MenuId>402697403</MenuId>
</xml>

2016-04-20 18:02:34 params :
------------
Array:
message : Array ;
module : basic ;
rule : 14 ;
priority : 0 ;
keyword : Array ;

2016-04-20 18:02:34 response :
------------
Array:
FromUserName : gh_081ee8610e82 ;
ToUserName : ohNDtvodQbJscFvVHtC4xh757R2Y ;
MsgType : text ;
Content : 欢迎关注杭州师范大学附属仓前实验中学，请点击菜单使用。 ;

2016-04-20 20:13:43 trace :
------------
String:
<xml><ToUserName><![CDATA[gh_081ee8610e82]]></ToUserName>
<FromUserName><![CDATA[ohNDtvv8PDFqifacH9rwLYMejnDw]]></FromUserName>
<CreateTime>1461154423</CreateTime>
<MsgType><![CDATA[event]]></MsgType>
<Event><![CDATA[VIEW]]></Event>
<EventKey><![CDATA[http://www.9kpu.com/app/index.php?i=4&c=entry&eid=1]]></EventKey>
<MenuId>402697403</MenuId>
</xml>

2016-04-20 20:13:43 params :
------------
Array:
message : Array ;
module : basic ;
rule : 14 ;
priority : 0 ;
keyword : Array ;

2016-04-20 20:13:43 response :
------------
Array:
FromUserName : gh_081ee8610e82 ;
ToUserName : ohNDtvv8PDFqifacH9rwLYMejnDw ;
MsgType : text ;
Content : 欢迎关注杭州师范大学附属仓前实验中学，请点击菜单使用。 ;

2016-04-20 20:29:12 trace :
------------
String:
<xml><ToUserName><![CDATA[gh_081ee8610e82]]></ToUserName>
<FromUserName><![CDATA[ohNDtvjnNs-wlmta5xYTj5zZfmSc]]></FromUserName>
<CreateTime>1461155352</CreateTime>
<MsgType><![CDATA[event]]></MsgType>
<Event><![CDATA[VIEW]]></Event>
<EventKey><![CDATA[http://m.igrow.cn/m/school/website/1390]]></EventKey>
<MenuId>402697403</MenuId>
</xml>

2016-04-20 20:29:12 params :
------------
Array:
message : Array ;
module : basic ;
rule : 14 ;
priority : 0 ;
keyword : Array ;

2016-04-20 20:29:12 response :
------------
Array:
FromUserName : gh_081ee8610e82 ;
ToUserName : ohNDtvjnNs-wlmta5xYTj5zZfmSc ;
MsgType : text ;
Content : 欢迎关注杭州师范大学附属仓前实验中学，请点击菜单使用。 ;

2016-04-20 20:30:26 trace :
------------
String:
<xml><ToUserName><![CDATA[gh_081ee8610e82]]></ToUserName>
<FromUserName><![CDATA[ohNDtvjnNs-wlmta5xYTj5zZfmSc]]></FromUserName>
<CreateTime>1461155426</CreateTime>
<MsgType><![CDATA[event]]></MsgType>
<Event><![CDATA[VIEW]]></Event>
<EventKey><![CDATA[http://www.9kpu.com/app/index.php?i=4&c=entry&eid=2]]></EventKey>
<MenuId>402697403</MenuId>
</xml>

2016-04-20 20:30:26 params :
------------
Array:
message : Array ;
module : basic ;
rule : 14 ;
priority : 0 ;
keyword : Array ;

2016-04-20 20:30:26 response :
------------
Array:
FromUserName : gh_081ee8610e82 ;
ToUserName : ohNDtvjnNs-wlmta5xYTj5zZfmSc ;
MsgType : text ;
Content : 欢迎关注杭州师范大学附属仓前实验中学，请点击菜单使用。 ;

2016-04-20 20:30:42 trace :
------------
String:
<xml><ToUserName><![CDATA[gh_081ee8610e82]]></ToUserName>
<FromUserName><![CDATA[ohNDtvjnNs-wlmta5xYTj5zZfmSc]]></FromUserName>
<CreateTime>1461155442</CreateTime>
<MsgType><![CDATA[event]]></MsgType>
<Event><![CDATA[VIEW]]></Event>
<EventKey><![CDATA[http://www.9kpu.com/app/index.php?i=4&c=entry&eid=2]]></EventKey>
<MenuId>402697403</MenuId>
</xml>

2016-04-20 20:30:42 params :
------------
Array:
message : Array ;
module : basic ;
rule : 14 ;
priority : 0 ;
keyword : Array ;

2016-04-20 20:30:42 response :
------------
Array:
FromUserName : gh_081ee8610e82 ;
ToUserName : ohNDtvjnNs-wlmta5xYTj5zZfmSc ;
MsgType : text ;
Content : 欢迎关注杭州师范大学附属仓前实验中学，请点击菜单使用。 ;

2016-04-20 20:30:58 trace :
------------
String:
<xml><ToUserName><![CDATA[gh_081ee8610e82]]></ToUserName>
<FromUserName><![CDATA[ohNDtvjnNs-wlmta5xYTj5zZfmSc]]></FromUserName>
<CreateTime>1461155458</CreateTime>
<MsgType><![CDATA[event]]></MsgType>
<Event><![CDATA[VIEW]]></Event>
<EventKey><![CDATA[http://www.9kpu.com/app/index.php?i=4&c=entry&eid=1]]></EventKey>
<MenuId>402697403</MenuId>
</xml>

2016-04-20 20:30:58 params :
------------
Array:
message : Array ;
module : basic ;
rule : 14 ;
priority : 0 ;
keyword : Array ;

2016-04-20 20:30:58 response :
------------
Array:
FromUserName : gh_081ee8610e82 ;
ToUserName : ohNDtvjnNs-wlmta5xYTj5zZfmSc ;
MsgType : text ;
Content : 欢迎关注杭州师范大学附属仓前实验中学，请点击菜单使用。 ;

2016-04-20 20:31:03 trace :
------------
String:
<xml><ToUserName><![CDATA[gh_081ee8610e82]]></ToUserName>
<FromUserName><![CDATA[ohNDtvjnNs-wlmta5xYTj5zZfmSc]]></FromUserName>
<CreateTime>1461155463</CreateTime>
<MsgType><![CDATA[event]]></MsgType>
<Event><![CDATA[VIEW]]></Event>
<EventKey><![CDATA[http://www.9kpu.com/app/index.php?i=4&c=entry&eid=1]]></EventKey>
<MenuId>402697403</MenuId>
</xml>

2016-04-20 20:31:03 params :
------------
Array:
message : Array ;
module : basic ;
rule : 14 ;
priority : 0 ;
keyword : Array ;

2016-04-20 20:31:03 response :
------------
Array:
FromUserName : gh_081ee8610e82 ;
ToUserName : ohNDtvjnNs-wlmta5xYTj5zZfmSc ;
MsgType : text ;
Content : 欢迎关注杭州师范大学附属仓前实验中学，请点击菜单使用。 ;

2016-04-20 20:31:11 trace :
------------
String:
<xml><ToUserName><![CDATA[gh_081ee8610e82]]></ToUserName>
<FromUserName><![CDATA[ohNDtvjnNs-wlmta5xYTj5zZfmSc]]></FromUserName>
<CreateTime>1461155471</CreateTime>
<MsgType><![CDATA[event]]></MsgType>
<Event><![CDATA[VIEW]]></Event>
<EventKey><![CDATA[http://www.9kpu.com/app/index.php?i=4&c=entry&eid=1]]></EventKey>
<MenuId>402697403</MenuId>
</xml>

2016-04-20 20:31:11 params :
------------
Array:
message : Array ;
module : basic ;
rule : 14 ;
priority : 0 ;
keyword : Array ;

2016-04-20 20:31:11 response :
------------
Array:
FromUserName : gh_081ee8610e82 ;
ToUserName : ohNDtvjnNs-wlmta5xYTj5zZfmSc ;
MsgType : text ;
Content : 欢迎关注杭州师范大学附属仓前实验中学，请点击菜单使用。 ;

2016-04-20 20:31:20 trace :
------------
String:
<xml><ToUserName><![CDATA[gh_081ee8610e82]]></ToUserName>
<FromUserName><![CDATA[ohNDtvjnNs-wlmta5xYTj5zZfmSc]]></FromUserName>
<CreateTime>1461155480</CreateTime>
<MsgType><![CDATA[event]]></MsgType>
<Event><![CDATA[VIEW]]></Event>
<EventKey><![CDATA[http://www.9kpu.com/app/index.php?i=4&c=entry&eid=2]]></EventKey>
<MenuId>402697403</MenuId>
</xml>

2016-04-20 20:31:20 params :
------------
Array:
message : Array ;
module : basic ;
rule : 14 ;
priority : 0 ;
keyword : Array ;

2016-04-20 20:31:20 response :
------------
Array:
FromUserName : gh_081ee8610e82 ;
ToUserName : ohNDtvjnNs-wlmta5xYTj5zZfmSc ;
MsgType : text ;
Content : 欢迎关注杭州师范大学附属仓前实验中学，请点击菜单使用。 ;

2016-04-20 20:31:25 trace :
------------
String:
<xml><ToUserName><![CDATA[gh_081ee8610e82]]></ToUserName>
<FromUserName><![CDATA[ohNDtvjnNs-wlmta5xYTj5zZfmSc]]></FromUserName>
<CreateTime>1461155485</CreateTime>
<MsgType><![CDATA[event]]></MsgType>
<Event><![CDATA[VIEW]]></Event>
<EventKey><![CDATA[http://www.9kpu.com/app/index.php?i=4&c=entry&eid=1]]></EventKey>
<MenuId>402697403</MenuId>
</xml>

2016-04-20 20:31:25 params :
------------
Array:
message : Array ;
module : basic ;
rule : 14 ;
priority : 0 ;
keyword : Array ;

2016-04-20 20:31:25 response :
------------
Array:
FromUserName : gh_081ee8610e82 ;
ToUserName : ohNDtvjnNs-wlmta5xYTj5zZfmSc ;
MsgType : text ;
Content : 欢迎关注杭州师范大学附属仓前实验中学，请点击菜单使用。 ;

2016-04-20 20:31:36 trace :
------------
String:
<xml><ToUserName><![CDATA[gh_081ee8610e82]]></ToUserName>
<FromUserName><![CDATA[ohNDtvjnNs-wlmta5xYTj5zZfmSc]]></FromUserName>
<CreateTime>1461155496</CreateTime>
<MsgType><![CDATA[event]]></MsgType>
<Event><![CDATA[VIEW]]></Event>
<EventKey><![CDATA[http://m.igrow.cn/m/school/website/1390]]></EventKey>
<MenuId>402697403</MenuId>
</xml>

2016-04-20 20:31:36 params :
------------
Array:
message : Array ;
module : basic ;
rule : 14 ;
priority : 0 ;
keyword : Array ;

2016-04-20 20:31:36 response :
------------
Array:
FromUserName : gh_081ee8610e82 ;
ToUserName : ohNDtvjnNs-wlmta5xYTj5zZfmSc ;
MsgType : text ;
Content : 欢迎关注杭州师范大学附属仓前实验中学，请点击菜单使用。 ;

2016-04-20 20:31:39 trace :
------------
String:
<xml><ToUserName><![CDATA[gh_081ee8610e82]]></ToUserName>
<FromUserName><![CDATA[ohNDtvjnNs-wlmta5xYTj5zZfmSc]]></FromUserName>
<CreateTime>1461155499</CreateTime>
<MsgType><![CDATA[event]]></MsgType>
<Event><![CDATA[VIEW]]></Event>
<EventKey><![CDATA[http://www.9kpu.com/app/index.php?i=4&c=entry&eid=1]]></EventKey>
<MenuId>402697403</MenuId>
</xml>

2016-04-20 20:31:39 params :
------------
Array:
message : Array ;
module : basic ;
rule : 14 ;
priority : 0 ;
keyword : Array ;

2016-04-20 20:31:39 response :
------------
Array:
FromUserName : gh_081ee8610e82 ;
ToUserName : ohNDtvjnNs-wlmta5xYTj5zZfmSc ;
MsgType : text ;
Content : 欢迎关注杭州师范大学附属仓前实验中学，请点击菜单使用。 ;

2016-04-20 21:43:55 trace :
------------
String:
<xml><ToUserName><![CDATA[gh_081ee8610e82]]></ToUserName>
<FromUserName><![CDATA[ohNDtvjnNs-wlmta5xYTj5zZfmSc]]></FromUserName>
<CreateTime>1461159835</CreateTime>
<MsgType><![CDATA[event]]></MsgType>
<Event><![CDATA[VIEW]]></Event>
<EventKey><![CDATA[http://www.9kpu.com/app/index.php?i=4&c=entry&eid=2]]></EventKey>
<MenuId>402697403</MenuId>
</xml>

2016-04-20 21:43:55 params :
------------
Array:
message : Array ;
module : basic ;
rule : 14 ;
priority : 0 ;
keyword : Array ;

2016-04-20 21:43:55 response :
------------
Array:
FromUserName : gh_081ee8610e82 ;
ToUserName : ohNDtvjnNs-wlmta5xYTj5zZfmSc ;
MsgType : text ;
Content : 欢迎关注杭州师范大学附属仓前实验中学，请点击菜单使用。 ;

2016-04-20 21:44:30 trace :
------------
String:
<xml><ToUserName><![CDATA[gh_081ee8610e82]]></ToUserName>
<FromUserName><![CDATA[ohNDtvjnNs-wlmta5xYTj5zZfmSc]]></FromUserName>
<CreateTime>1461159870</CreateTime>
<MsgType><![CDATA[event]]></MsgType>
<Event><![CDATA[VIEW]]></Event>
<EventKey><![CDATA[http://www.9kpu.com/app/index.php?i=4&c=entry&eid=1]]></EventKey>
<MenuId>402697403</MenuId>
</xml>

2016-04-20 21:44:30 params :
------------
Array:
message : Array ;
module : basic ;
rule : 14 ;
priority : 0 ;
keyword : Array ;

2016-04-20 21:44:30 response :
------------
Array:
FromUserName : gh_081ee8610e82 ;
ToUserName : ohNDtvjnNs-wlmta5xYTj5zZfmSc ;
MsgType : text ;
Content : 欢迎关注杭州师范大学附属仓前实验中学，请点击菜单使用。 ;

