2016-08-14 04:48:09 trace :
------------
String:
<xml><ToUserName><![CDATA[gh_2a16c32dff4b]]></ToUserName>
<FromUserName><![CDATA[oZF73wAKimMU1XufzSoWnPXuf02w]]></FromUserName>
<CreateTime>1471121289</CreateTime>
<MsgType><![CDATA[event]]></MsgType>
<Event><![CDATA[VIEW]]></Event>
<EventKey><![CDATA[http://www.9kpu.com/app/index.php?i=26&c=home&]]></EventKey>
<MenuId>443004588</MenuId>
</xml>

2016-08-14 04:48:09 params :
------------
Array:
message : Array ;
module : news ;
rule : 56 ;
priority : 0 ;
keyword : Array ;

2016-08-14 04:48:09 response :
------------
Array:
FromUserName : gh_2a16c32dff4b ;
ToUserName : oZF73wAKimMU1XufzSoWnPXuf02w ;
MsgType : news ;
ArticleCount : 1 ;
Articles : Array ;

2016-08-14 04:48:32 trace :
------------
String:
<xml><ToUserName><![CDATA[gh_2a16c32dff4b]]></ToUserName>
<FromUserName><![CDATA[oZF73wAKimMU1XufzSoWnPXuf02w]]></FromUserName>
<CreateTime>1471121312</CreateTime>
<MsgType><![CDATA[event]]></MsgType>
<Event><![CDATA[VIEW]]></Event>
<EventKey><![CDATA[http://www.9kpu.com/app/index.php?i=26&c=home&]]></EventKey>
<MenuId>443004588</MenuId>
</xml>

2016-08-14 04:48:32 params :
------------
Array:
message : Array ;
module : news ;
rule : 56 ;
priority : 0 ;
keyword : Array ;

2016-08-14 04:48:32 response :
------------
Array:
FromUserName : gh_2a16c32dff4b ;
ToUserName : oZF73wAKimMU1XufzSoWnPXuf02w ;
MsgType : news ;
ArticleCount : 1 ;
Articles : Array ;

2016-08-14 14:27:42 trace :
------------
String:
<xml><ToUserName><![CDATA[gh_081ee8610e82]]></ToUserName>
<FromUserName><![CDATA[ohNDtvv8PDFqifacH9rwLYMejnDw]]></FromUserName>
<CreateTime>1471156062</CreateTime>
<MsgType><![CDATA[event]]></MsgType>
<Event><![CDATA[VIEW]]></Event>
<EventKey><![CDATA[http://www.9kpu.com/app/index.php?i=4&c=entry&eid=1]]></EventKey>
<MenuId>413434304</MenuId>
</xml>

2016-08-14 14:27:42 params :
------------
Array:
message : Array ;
module : basic ;
rule : 13 ;
priority : 0 ;
keyword : Array ;

2016-08-14 14:27:42 response :
------------
Array:
FromUserName : gh_081ee8610e82 ;
ToUserName : ohNDtvv8PDFqifacH9rwLYMejnDw ;
MsgType : text ;
Content : 等你好久了，智慧微校欢迎您。如果您是来逛逛的，请点开微官网查看我们学校的介绍信息。如果您是家长，请点开学生中心，用您家孩子姓名与学号绑定，就可尽情使用微校功能。如果您是老师，请点开微办公，用系统分配的账号与密码完成绑定，使用微校完成家校互动。 ;

2016-08-14 14:27:52 trace :
------------
String:
<xml><ToUserName><![CDATA[gh_081ee8610e82]]></ToUserName>
<FromUserName><![CDATA[ohNDtvv8PDFqifacH9rwLYMejnDw]]></FromUserName>
<CreateTime>1471156072</CreateTime>
<MsgType><![CDATA[event]]></MsgType>
<Event><![CDATA[VIEW]]></Event>
<EventKey><![CDATA[http://www.9kpu.com/app/index.php?i=4&c=entry&eid=2]]></EventKey>
<MenuId>413434304</MenuId>
</xml>

2016-08-14 14:27:52 params :
------------
Array:
message : Array ;
module : basic ;
rule : 13 ;
priority : 0 ;
keyword : Array ;

2016-08-14 14:27:52 response :
------------
Array:
FromUserName : gh_081ee8610e82 ;
ToUserName : ohNDtvv8PDFqifacH9rwLYMejnDw ;
MsgType : text ;
Content : 等你好久了，智慧微校欢迎您。如果您是来逛逛的，请点开微官网查看我们学校的介绍信息。如果您是家长，请点开学生中心，用您家孩子姓名与学号绑定，就可尽情使用微校功能。如果您是老师，请点开微办公，用系统分配的账号与密码完成绑定，使用微校完成家校互动。 ;

2016-08-14 14:52:17 trace :
------------
String:
<xml><ToUserName><![CDATA[gh_4e0c181b7380]]></ToUserName>
<FromUserName><![CDATA[oxtWnv8dKzKM6w_0eFzZG_TYcDDE]]></FromUserName>
<CreateTime>1471157537</CreateTime>
<MsgType><![CDATA[event]]></MsgType>
<Event><![CDATA[VIEW]]></Event>
<EventKey><![CDATA[http://www.9kpu.com/app/index.php?i=27&c=home&]]></EventKey>
<MenuId>431335658</MenuId>
</xml>

2016-08-14 14:52:17 params :
------------
Array:
message : Array ;
module : default ;
rule : -1 ;

2016-08-14 14:52:17 response :
------------
Array:
params : Array ;

2016-08-14 14:52:49 trace :
------------
String:
<xml><ToUserName><![CDATA[gh_4e0c181b7380]]></ToUserName>
<FromUserName><![CDATA[oxtWnv8dKzKM6w_0eFzZG_TYcDDE]]></FromUserName>
<CreateTime>1471157569</CreateTime>
<MsgType><![CDATA[event]]></MsgType>
<Event><![CDATA[VIEW]]></Event>
<EventKey><![CDATA[http://www.9kpu.com/app/index.php?i=27&c=entry&eid=2]]></EventKey>
<MenuId>431335658</MenuId>
</xml>

2016-08-14 14:52:49 params :
------------
Array:
message : Array ;
module : default ;
rule : -1 ;

2016-08-14 14:52:49 response :
------------
Array:
params : Array ;

2016-08-14 14:53:28 trace :
------------
String:
<xml><ToUserName><![CDATA[gh_4e0c181b7380]]></ToUserName>
<FromUserName><![CDATA[oxtWnv8dKzKM6w_0eFzZG_TYcDDE]]></FromUserName>
<CreateTime>1471157608</CreateTime>
<MsgType><![CDATA[event]]></MsgType>
<Event><![CDATA[VIEW]]></Event>
<EventKey><![CDATA[http://www.9kpu.com/app/index.php?i=27&c=entry&eid=2]]></EventKey>
<MenuId>431335658</MenuId>
</xml>

2016-08-14 14:53:28 params :
------------
Array:
message : Array ;
module : default ;
rule : -1 ;

2016-08-14 14:53:28 response :
------------
Array:
params : Array ;

2016-08-14 14:55:33 trace :
------------
String:
<xml><ToUserName><![CDATA[gh_4e0c181b7380]]></ToUserName>
<FromUserName><![CDATA[oxtWnv8dKzKM6w_0eFzZG_TYcDDE]]></FromUserName>
<CreateTime>1471157733</CreateTime>
<MsgType><![CDATA[event]]></MsgType>
<Event><![CDATA[VIEW]]></Event>
<EventKey><![CDATA[http://www.9kpu.com/app/index.php?i=27&c=entry&eid=1]]></EventKey>
<MenuId>431335658</MenuId>
</xml>

2016-08-14 14:55:33 params :
------------
Array:
message : Array ;
module : default ;
rule : -1 ;

2016-08-14 14:55:33 response :
------------
Array:
params : Array ;

2016-08-14 14:57:49 trace :
------------
String:
<xml><ToUserName><![CDATA[gh_4e0c181b7380]]></ToUserName>
<FromUserName><![CDATA[oxtWnv8dKzKM6w_0eFzZG_TYcDDE]]></FromUserName>
<CreateTime>1471157869</CreateTime>
<MsgType><![CDATA[text]]></MsgType>
<Content><![CDATA[1]]></Content>
<MsgId>6318574935039983528</MsgId>
</xml>

2016-08-14 14:57:49 params :
------------
Array:
message : Array ;
module : default ;
rule : -1 ;

2016-08-14 14:57:49 response :
------------
Array:
params : Array ;

2016-08-14 14:59:26 trace :
------------
String:
<xml><ToUserName><![CDATA[gh_4e0c181b7380]]></ToUserName>
<FromUserName><![CDATA[oxtWnv8dKzKM6w_0eFzZG_TYcDDE]]></FromUserName>
<CreateTime>1471157966</CreateTime>
<MsgType><![CDATA[event]]></MsgType>
<Event><![CDATA[VIEW]]></Event>
<EventKey><![CDATA[http://www.9kpu.com/app/index.php?i=27&c=entry&eid=1]]></EventKey>
<MenuId>431335658</MenuId>
</xml>

2016-08-14 14:59:26 params :
------------
Array:
message : Array ;
module : default ;
rule : -1 ;

2016-08-14 14:59:26 response :
------------
Array:
params : Array ;

2016-08-14 15:05:06 trace :
------------
String:
<xml><ToUserName><![CDATA[gh_4e0c181b7380]]></ToUserName>
<FromUserName><![CDATA[oxtWnv8dKzKM6w_0eFzZG_TYcDDE]]></FromUserName>
<CreateTime>1471158306</CreateTime>
<MsgType><![CDATA[event]]></MsgType>
<Event><![CDATA[VIEW]]></Event>
<EventKey><![CDATA[http://www.9kpu.com/app/index.php?i=27&c=home&]]></EventKey>
<MenuId>431335658</MenuId>
</xml>

2016-08-14 15:05:06 params :
------------
Array:
message : Array ;
module : default ;
rule : -1 ;

2016-08-14 15:05:06 response :
------------
Array:
params : Array ;

2016-08-14 15:05:37 trace :
------------
String:
<xml><ToUserName><![CDATA[gh_4e0c181b7380]]></ToUserName>
<FromUserName><![CDATA[oxtWnv8dKzKM6w_0eFzZG_TYcDDE]]></FromUserName>
<CreateTime>1471158337</CreateTime>
<MsgType><![CDATA[event]]></MsgType>
<Event><![CDATA[VIEW]]></Event>
<EventKey><![CDATA[http://www.9kpu.com/app/index.php?i=27&c=entry&eid=1]]></EventKey>
<MenuId>431335658</MenuId>
</xml>

2016-08-14 15:05:37 params :
------------
Array:
message : Array ;
module : default ;
rule : -1 ;

2016-08-14 15:05:37 response :
------------
Array:
params : Array ;

