2016-08-07 16:10:30 trace :
------------
String:
<xml><ToUserName><![CDATA[gh_2a16c32dff4b]]></ToUserName>
<FromUserName><![CDATA[oZF73wGNDP-o-9Y0RPG-6FfdL-EY]]></FromUserName>
<CreateTime>1470557430</CreateTime>
<MsgType><![CDATA[event]]></MsgType>
<Event><![CDATA[subscribe]]></Event>
<EventKey><![CDATA[]]></EventKey>
</xml>

2016-08-07 16:10:30 params :
------------
Array:
message : Array ;
module : news ;
rule : 56 ;
priority : 0 ;
keyword : Array ;

2016-08-07 16:10:30 response :
------------
Array:
FromUserName : gh_2a16c32dff4b ;
ToUserName : oZF73wGNDP-o-9Y0RPG-6FfdL-EY ;
MsgType : news ;
ArticleCount : 1 ;
Articles : Array ;

2016-08-07 16:12:47 trace :
------------
String:
<xml><ToUserName><![CDATA[gh_2a16c32dff4b]]></ToUserName>
<FromUserName><![CDATA[oZF73wGNDP-o-9Y0RPG-6FfdL-EY]]></FromUserName>
<CreateTime>1470557567</CreateTime>
<MsgType><![CDATA[event]]></MsgType>
<Event><![CDATA[VIEW]]></Event>
<EventKey><![CDATA[http://www.9kpu.com/app/index.php?i=26&c=home&]]></EventKey>
<MenuId>442859793</MenuId>
</xml>

2016-08-07 16:12:47 params :
------------
Array:
message : Array ;
module : news ;
rule : 56 ;
priority : 0 ;
keyword : Array ;

2016-08-07 16:12:47 response :
------------
Array:
FromUserName : gh_2a16c32dff4b ;
ToUserName : oZF73wGNDP-o-9Y0RPG-6FfdL-EY ;
MsgType : news ;
ArticleCount : 1 ;
Articles : Array ;

2016-08-07 19:25:17 trace :
------------
String:
<xml><ToUserName><![CDATA[gh_2ee031f2e428]]></ToUserName>
<FromUserName><![CDATA[ojDkIwhrUZo-cPDcCTwWPaZpnhsc]]></FromUserName>
<CreateTime>1470569117</CreateTime>
<MsgType><![CDATA[event]]></MsgType>
<Event><![CDATA[VIEW]]></Event>
<EventKey><![CDATA[http://www.9kpu.com/app/index.php?i=20&c=home&=entry&eid=1]]></EventKey>
<MenuId>410679894</MenuId>
</xml>

2016-08-07 19:25:17 params :
------------
Array:
rule : -2 ;
module :  ;
message : Array ;

2016-08-07 19:25:17 response :
------------

