2016-09-17 07:19:08 trace :
------------
String:
<xml><ToUserName><![CDATA[gh_2a23de840671]]></ToUserName>
<FromUserName><![CDATA[oQxC9wfDGw_2VwHd-qyo3rtBLA3E]]></FromUserName>
<CreateTime>1474067948</CreateTime>
<MsgType><![CDATA[event]]></MsgType>
<Event><![CDATA[VIEW]]></Event>
<EventKey><![CDATA[http://www.9kpu.com/app/index.php?i=31&c=entry&eid=1]]></EventKey>
<MenuId>408135367</MenuId>
</xml>

2016-09-17 07:19:08 params :
------------
Array:
message : Array ;
module : news ;
rule : 60 ;
priority : 0 ;
keyword : Array ;

2016-09-17 07:19:08 response :
------------
Array:
FromUserName : gh_2a23de840671 ;
ToUserName : oQxC9wfDGw_2VwHd-qyo3rtBLA3E ;
MsgType : news ;
ArticleCount : 1 ;
Articles : Array ;

2016-09-17 07:20:13 trace :
------------
String:
<xml><ToUserName><![CDATA[gh_2a23de840671]]></ToUserName>
<FromUserName><![CDATA[oQxC9wfDGw_2VwHd-qyo3rtBLA3E]]></FromUserName>
<CreateTime>1474068013</CreateTime>
<MsgType><![CDATA[event]]></MsgType>
<Event><![CDATA[VIEW]]></Event>
<EventKey><![CDATA[http://www.9kpu.com/app/index.php?i=31&c=entry&eid=1]]></EventKey>
<MenuId>408135367</MenuId>
</xml>

2016-09-17 07:20:13 params :
------------
Array:
message : Array ;
module : news ;
rule : 60 ;
priority : 0 ;
keyword : Array ;

2016-09-17 07:20:13 response :
------------
Array:
FromUserName : gh_2a23de840671 ;
ToUserName : oQxC9wfDGw_2VwHd-qyo3rtBLA3E ;
MsgType : news ;
ArticleCount : 1 ;
Articles : Array ;

2016-09-17 08:33:19 trace :
------------
String:
<xml><ToUserName><![CDATA[gh_2a23de840671]]></ToUserName>
<FromUserName><![CDATA[oQxC9wfDGw_2VwHd-qyo3rtBLA3E]]></FromUserName>
<CreateTime>1474072399</CreateTime>
<MsgType><![CDATA[event]]></MsgType>
<Event><![CDATA[VIEW]]></Event>
<EventKey><![CDATA[http://www.9kpu.com/app/index.php?i=31&c=entry&eid=1]]></EventKey>
<MenuId>408135367</MenuId>
</xml>

2016-09-17 08:33:19 params :
------------
Array:
message : Array ;
module : news ;
rule : 60 ;
priority : 0 ;
keyword : Array ;

2016-09-17 08:33:19 response :
------------
Array:
FromUserName : gh_2a23de840671 ;
ToUserName : oQxC9wfDGw_2VwHd-qyo3rtBLA3E ;
MsgType : news ;
ArticleCount : 1 ;
Articles : Array ;

2016-09-17 09:17:24 trace :
------------
String:
<xml><ToUserName><![CDATA[gh_2a23de840671]]></ToUserName>
<FromUserName><![CDATA[oQxC9wcDxzXQK6Jt-2r12zPKIvik]]></FromUserName>
<CreateTime>1474075044</CreateTime>
<MsgType><![CDATA[event]]></MsgType>
<Event><![CDATA[VIEW]]></Event>
<EventKey><![CDATA[http://www.9kpu.com/app/index.php?i=31&c=entry&eid=1]]></EventKey>
<MenuId>408135367</MenuId>
</xml>

2016-09-17 09:17:24 params :
------------
Array:
message : Array ;
module : news ;
rule : 60 ;
priority : 0 ;
keyword : Array ;

2016-09-17 09:17:24 response :
------------
Array:
FromUserName : gh_2a23de840671 ;
ToUserName : oQxC9wcDxzXQK6Jt-2r12zPKIvik ;
MsgType : news ;
ArticleCount : 1 ;
Articles : Array ;

2016-09-17 10:20:23 trace :
------------
String:
<xml><ToUserName><![CDATA[gh_e7a0c8306261]]></ToUserName>
<FromUserName><![CDATA[oRj-Fs5nka0TNOrw9JUEogJ8gX_o]]></FromUserName>
<CreateTime>1474078823</CreateTime>
<MsgType><![CDATA[event]]></MsgType>
<Event><![CDATA[VIEW]]></Event>
<EventKey><![CDATA[http://www.9kpu.com/app/index.php?i=13&c=entry&eid=2]]></EventKey>
<MenuId>409075692</MenuId>
</xml>

2016-09-17 10:20:23 params :
------------
Array:
message : Array ;
module : basic ;
rule : 22 ;
priority : 0 ;
keyword : Array ;

2016-09-17 10:20:23 response :
------------
Array:
FromUserName : gh_e7a0c8306261 ;
ToUserName : oRj-Fs5nka0TNOrw9JUEogJ8gX_o ;
MsgType : text ;
Content : 欢迎关注同城学堂，点击微官网查看本学校介绍信息，家长点击学生天地绑定自己小孩信息使用，老师点击教师信息绑定自己账号使用 ;

2016-09-17 10:40:45 trace :
------------
String:
<xml><ToUserName><![CDATA[gh_2a23de840671]]></ToUserName>
<FromUserName><![CDATA[oQxC9wQhSKTYVr7T05hTSLIRp9UE]]></FromUserName>
<CreateTime>1474080045</CreateTime>
<MsgType><![CDATA[event]]></MsgType>
<Event><![CDATA[VIEW]]></Event>
<EventKey><![CDATA[http://www.9kpu.com/app/index.php?i=31&c=entry&eid=1]]></EventKey>
<MenuId>408135367</MenuId>
</xml>

2016-09-17 10:40:45 params :
------------
Array:
message : Array ;
module : news ;
rule : 60 ;
priority : 0 ;
keyword : Array ;

2016-09-17 10:40:45 response :
------------
Array:
FromUserName : gh_2a23de840671 ;
ToUserName : oQxC9wQhSKTYVr7T05hTSLIRp9UE ;
MsgType : news ;
ArticleCount : 1 ;
Articles : Array ;

2016-09-17 14:27:20 trace :
------------
String:
<xml><ToUserName><![CDATA[gh_0eab716966d4]]></ToUserName>
<FromUserName><![CDATA[oSoVuwHCP-rge2GtbVSpEgZPFThc]]></FromUserName>
<CreateTime>1474093639</CreateTime>
<MsgType><![CDATA[event]]></MsgType>
<Event><![CDATA[subscribe]]></Event>
<EventKey><![CDATA[]]></EventKey>
</xml>

2016-09-17 14:27:20 params :
------------
Array:
rule : -2 ;
module :  ;
message : Array ;

2016-09-17 14:27:20 response :
------------

2016-09-17 14:27:32 trace :
------------
String:
<xml><ToUserName><![CDATA[gh_0eab716966d4]]></ToUserName>
<FromUserName><![CDATA[oSoVuwHCP-rge2GtbVSpEgZPFThc]]></FromUserName>
<CreateTime>1474093652</CreateTime>
<MsgType><![CDATA[event]]></MsgType>
<Event><![CDATA[VIEW]]></Event>
<EventKey><![CDATA[http://www.9kpu.com/app/index.php?i=28&c=home&]]></EventKey>
<MenuId>414492131</MenuId>
</xml>

2016-09-17 14:27:32 params :
------------
Array:
rule : -2 ;
module :  ;
message : Array ;

2016-09-17 14:27:32 response :
------------

2016-09-17 14:27:39 trace :
------------
String:
<xml><ToUserName><![CDATA[gh_0eab716966d4]]></ToUserName>
<FromUserName><![CDATA[oSoVuwHCP-rge2GtbVSpEgZPFThc]]></FromUserName>
<CreateTime>1474093659</CreateTime>
<MsgType><![CDATA[event]]></MsgType>
<Event><![CDATA[VIEW]]></Event>
<EventKey><![CDATA[http://www.9kpu.com/app/index.php?i=28&c=entry&eid=1]]></EventKey>
<MenuId>414492131</MenuId>
</xml>

2016-09-17 14:27:39 params :
------------
Array:
rule : -2 ;
module :  ;
message : Array ;

2016-09-17 14:27:39 response :
------------

2016-09-17 14:27:44 trace :
------------
String:
<xml><ToUserName><![CDATA[gh_0eab716966d4]]></ToUserName>
<FromUserName><![CDATA[oSoVuwHCP-rge2GtbVSpEgZPFThc]]></FromUserName>
<CreateTime>1474093664</CreateTime>
<MsgType><![CDATA[event]]></MsgType>
<Event><![CDATA[VIEW]]></Event>
<EventKey><![CDATA[http://www.9kpu.com/app/index.php?i=28&c=entry&eid=2]]></EventKey>
<MenuId>414492131</MenuId>
</xml>

2016-09-17 14:27:44 params :
------------
Array:
rule : -2 ;
module :  ;
message : Array ;

2016-09-17 14:27:44 response :
------------

2016-09-17 15:02:41 trace :
------------
String:
<xml><ToUserName><![CDATA[gh_e7a0c8306261]]></ToUserName>
<FromUserName><![CDATA[oRj-Fs5nka0TNOrw9JUEogJ8gX_o]]></FromUserName>
<CreateTime>1474095761</CreateTime>
<MsgType><![CDATA[event]]></MsgType>
<Event><![CDATA[VIEW]]></Event>
<EventKey><![CDATA[http://www.9kpu.com/app/index.php?i=13&c=home&]]></EventKey>
<MenuId>409075692</MenuId>
</xml>

2016-09-17 15:02:41 params :
------------
Array:
message : Array ;
module : basic ;
rule : 22 ;
priority : 0 ;
keyword : Array ;

2016-09-17 15:02:41 response :
------------
Array:
FromUserName : gh_e7a0c8306261 ;
ToUserName : oRj-Fs5nka0TNOrw9JUEogJ8gX_o ;
MsgType : text ;
Content : 欢迎关注同城学堂，点击微官网查看本学校介绍信息，家长点击学生天地绑定自己小孩信息使用，老师点击教师信息绑定自己账号使用 ;

2016-09-17 15:21:05 trace :
------------
String:
<xml><ToUserName><![CDATA[gh_2a23de840671]]></ToUserName>
<FromUserName><![CDATA[oQxC9wfDGw_2VwHd-qyo3rtBLA3E]]></FromUserName>
<CreateTime>1474096865</CreateTime>
<MsgType><![CDATA[event]]></MsgType>
<Event><![CDATA[VIEW]]></Event>
<EventKey><![CDATA[http://www.9kpu.com/app/index.php?i=31&c=entry&eid=1]]></EventKey>
<MenuId>408135367</MenuId>
</xml>

2016-09-17 15:21:05 params :
------------
Array:
message : Array ;
module : news ;
rule : 60 ;
priority : 0 ;
keyword : Array ;

2016-09-17 15:21:05 response :
------------
Array:
FromUserName : gh_2a23de840671 ;
ToUserName : oQxC9wfDGw_2VwHd-qyo3rtBLA3E ;
MsgType : news ;
ArticleCount : 1 ;
Articles : Array ;

2016-09-17 15:25:27 trace :
------------
String:
<xml><ToUserName><![CDATA[gh_2a23de840671]]></ToUserName>
<FromUserName><![CDATA[oQxC9wQr-Mxz8pXb0mcviWql4d7I]]></FromUserName>
<CreateTime>1474097127</CreateTime>
<MsgType><![CDATA[event]]></MsgType>
<Event><![CDATA[subscribe]]></Event>
<EventKey><![CDATA[]]></EventKey>
</xml>

2016-09-17 15:25:27 params :
------------
Array:
message : Array ;
module : news ;
rule : 60 ;
priority : 0 ;
keyword : Array ;

2016-09-17 15:25:27 response :
------------
Array:
FromUserName : gh_2a23de840671 ;
ToUserName : oQxC9wQr-Mxz8pXb0mcviWql4d7I ;
MsgType : news ;
ArticleCount : 1 ;
Articles : Array ;

2016-09-17 15:25:30 trace :
------------
String:
<xml><ToUserName><![CDATA[gh_2a23de840671]]></ToUserName>
<FromUserName><![CDATA[oQxC9wQr-Mxz8pXb0mcviWql4d7I]]></FromUserName>
<CreateTime>1474097130</CreateTime>
<MsgType><![CDATA[event]]></MsgType>
<Event><![CDATA[VIEW]]></Event>
<EventKey><![CDATA[http://www.9kpu.com/app/index.php?i=31&c=home&]]></EventKey>
<MenuId>408135367</MenuId>
</xml>

2016-09-17 15:25:30 params :
------------
Array:
message : Array ;
module : news ;
rule : 60 ;
priority : 0 ;
keyword : Array ;

2016-09-17 15:25:30 response :
------------
Array:
FromUserName : gh_2a23de840671 ;
ToUserName : oQxC9wQr-Mxz8pXb0mcviWql4d7I ;
MsgType : news ;
ArticleCount : 1 ;
Articles : Array ;

2016-09-17 15:26:03 trace :
------------
String:
<xml><ToUserName><![CDATA[gh_2a23de840671]]></ToUserName>
<FromUserName><![CDATA[oQxC9wQr-Mxz8pXb0mcviWql4d7I]]></FromUserName>
<CreateTime>1474097163</CreateTime>
<MsgType><![CDATA[event]]></MsgType>
<Event><![CDATA[VIEW]]></Event>
<EventKey><![CDATA[http://www.9kpu.com/app/index.php?i=31&c=entry&eid=1]]></EventKey>
<MenuId>408135367</MenuId>
</xml>

2016-09-17 15:26:03 params :
------------
Array:
message : Array ;
module : news ;
rule : 60 ;
priority : 0 ;
keyword : Array ;

2016-09-17 15:26:03 response :
------------
Array:
FromUserName : gh_2a23de840671 ;
ToUserName : oQxC9wQr-Mxz8pXb0mcviWql4d7I ;
MsgType : news ;
ArticleCount : 1 ;
Articles : Array ;

2016-09-17 15:26:17 trace :
------------
String:
<xml><ToUserName><![CDATA[gh_2a23de840671]]></ToUserName>
<FromUserName><![CDATA[oQxC9wQr-Mxz8pXb0mcviWql4d7I]]></FromUserName>
<CreateTime>1474097177</CreateTime>
<MsgType><![CDATA[event]]></MsgType>
<Event><![CDATA[VIEW]]></Event>
<EventKey><![CDATA[http://www.9kpu.com/app/index.php?i=31&c=entry&eid=2]]></EventKey>
<MenuId>408135367</MenuId>
</xml>

2016-09-17 15:26:17 params :
------------
Array:
message : Array ;
module : news ;
rule : 60 ;
priority : 0 ;
keyword : Array ;

2016-09-17 15:26:17 response :
------------
Array:
FromUserName : gh_2a23de840671 ;
ToUserName : oQxC9wQr-Mxz8pXb0mcviWql4d7I ;
MsgType : news ;
ArticleCount : 1 ;
Articles : Array ;

2016-09-17 15:26:20 trace :
------------
String:
<xml><ToUserName><![CDATA[gh_2a23de840671]]></ToUserName>
<FromUserName><![CDATA[oQxC9wQr-Mxz8pXb0mcviWql4d7I]]></FromUserName>
<CreateTime>1474097180</CreateTime>
<MsgType><![CDATA[event]]></MsgType>
<Event><![CDATA[VIEW]]></Event>
<EventKey><![CDATA[http://www.9kpu.com/app/index.php?i=31&c=home&]]></EventKey>
<MenuId>408135367</MenuId>
</xml>

2016-09-17 15:26:20 params :
------------
Array:
message : Array ;
module : news ;
rule : 60 ;
priority : 0 ;
keyword : Array ;

2016-09-17 15:26:20 response :
------------
Array:
FromUserName : gh_2a23de840671 ;
ToUserName : oQxC9wQr-Mxz8pXb0mcviWql4d7I ;
MsgType : news ;
ArticleCount : 1 ;
Articles : Array ;

2016-09-17 15:49:35 trace :
------------
String:
<xml><ToUserName><![CDATA[gh_2a23de840671]]></ToUserName>
<FromUserName><![CDATA[oQxC9wfDGw_2VwHd-qyo3rtBLA3E]]></FromUserName>
<CreateTime>1474098575</CreateTime>
<MsgType><![CDATA[event]]></MsgType>
<Event><![CDATA[VIEW]]></Event>
<EventKey><![CDATA[http://www.9kpu.com/app/index.php?i=31&c=entry&eid=1]]></EventKey>
<MenuId>408135367</MenuId>
</xml>

2016-09-17 15:49:35 params :
------------
Array:
message : Array ;
module : news ;
rule : 60 ;
priority : 0 ;
keyword : Array ;

2016-09-17 15:49:35 response :
------------
Array:
FromUserName : gh_2a23de840671 ;
ToUserName : oQxC9wfDGw_2VwHd-qyo3rtBLA3E ;
MsgType : news ;
ArticleCount : 1 ;
Articles : Array ;

2016-09-17 16:38:34 trace :
------------
String:
<xml><ToUserName><![CDATA[gh_2a23de840671]]></ToUserName>
<FromUserName><![CDATA[oQxC9wYfFzk1HYXDA9EkQuQHz5LE]]></FromUserName>
<CreateTime>1474101514</CreateTime>
<MsgType><![CDATA[event]]></MsgType>
<Event><![CDATA[VIEW]]></Event>
<EventKey><![CDATA[http://www.9kpu.com/app/index.php?i=31&c=home&]]></EventKey>
<MenuId>408135367</MenuId>
</xml>

2016-09-17 16:38:34 params :
------------
Array:
message : Array ;
module : news ;
rule : 60 ;
priority : 0 ;
keyword : Array ;

2016-09-17 16:38:34 response :
------------
Array:
FromUserName : gh_2a23de840671 ;
ToUserName : oQxC9wYfFzk1HYXDA9EkQuQHz5LE ;
MsgType : news ;
ArticleCount : 1 ;
Articles : Array ;

2016-09-17 16:43:02 trace :
------------
String:
<xml><ToUserName><![CDATA[gh_0eab716966d4]]></ToUserName>
<FromUserName><![CDATA[oSoVuwGE1n7Kg2n4sRS3lvYUFQbU]]></FromUserName>
<CreateTime>1474101782</CreateTime>
<MsgType><![CDATA[event]]></MsgType>
<Event><![CDATA[subscribe]]></Event>
<EventKey><![CDATA[]]></EventKey>
</xml>

2016-09-17 16:43:02 params :
------------
Array:
rule : -2 ;
module :  ;
message : Array ;

2016-09-17 16:43:02 response :
------------

2016-09-17 16:48:24 trace :
------------
String:
<xml><ToUserName><![CDATA[gh_2a23de840671]]></ToUserName>
<FromUserName><![CDATA[oQxC9wYfFzk1HYXDA9EkQuQHz5LE]]></FromUserName>
<CreateTime>1474102104</CreateTime>
<MsgType><![CDATA[event]]></MsgType>
<Event><![CDATA[VIEW]]></Event>
<EventKey><![CDATA[http://www.9kpu.com/app/index.php?i=31&c=entry&eid=1]]></EventKey>
<MenuId>408135367</MenuId>
</xml>

2016-09-17 16:48:24 params :
------------
Array:
message : Array ;
module : news ;
rule : 60 ;
priority : 0 ;
keyword : Array ;

2016-09-17 16:48:24 response :
------------
Array:
FromUserName : gh_2a23de840671 ;
ToUserName : oQxC9wYfFzk1HYXDA9EkQuQHz5LE ;
MsgType : news ;
ArticleCount : 1 ;
Articles : Array ;

2016-09-17 17:09:34 trace :
------------
String:
<xml><ToUserName><![CDATA[gh_4e0c181b7380]]></ToUserName>
<FromUserName><![CDATA[oxtWnv8dKzKM6w_0eFzZG_TYcDDE]]></FromUserName>
<CreateTime>1474103374</CreateTime>
<MsgType><![CDATA[event]]></MsgType>
<Event><![CDATA[VIEW]]></Event>
<EventKey><![CDATA[http://www.9kpu.com//app/index.php?c=site&a=site&do=detail&id=102&i=27]]></EventKey>
<MenuId>432523857</MenuId>
</xml>

2016-09-17 17:09:34 params :
------------
Array:
message : Array ;
module : default ;
rule : -1 ;

2016-09-17 17:09:34 response :
------------
Array:
params : Array ;

2016-09-17 17:26:10 trace :
------------
String:
<xml><ToUserName><![CDATA[gh_4e0c181b7380]]></ToUserName>
<FromUserName><![CDATA[oxtWnv8dKzKM6w_0eFzZG_TYcDDE]]></FromUserName>
<CreateTime>1474104370</CreateTime>
<MsgType><![CDATA[event]]></MsgType>
<Event><![CDATA[VIEW]]></Event>
<EventKey><![CDATA[http://www.9kpu.com//app/index.php?c=site&a=site&do=detail&id=102&i=27]]></EventKey>
<MenuId>432525989</MenuId>
</xml>

2016-09-17 17:26:10 params :
------------
Array:
message : Array ;
module : default ;
rule : -1 ;

2016-09-17 17:26:10 response :
------------
Array:
params : Array ;

2016-09-17 17:26:20 trace :
------------
String:
<xml><ToUserName><![CDATA[gh_4e0c181b7380]]></ToUserName>
<FromUserName><![CDATA[oxtWnv8dKzKM6w_0eFzZG_TYcDDE]]></FromUserName>
<CreateTime>1474104380</CreateTime>
<MsgType><![CDATA[event]]></MsgType>
<Event><![CDATA[VIEW]]></Event>
<EventKey><![CDATA[http://www.9kpu.com/app/index.php?i=27&c=entry&eid=2]]></EventKey>
<MenuId>432525989</MenuId>
</xml>

2016-09-17 17:26:20 params :
------------
Array:
message : Array ;
module : default ;
rule : -1 ;

2016-09-17 17:26:20 response :
------------
Array:
params : Array ;

2016-09-17 17:26:26 trace :
------------
String:
<xml><ToUserName><![CDATA[gh_4e0c181b7380]]></ToUserName>
<FromUserName><![CDATA[oxtWnv8dKzKM6w_0eFzZG_TYcDDE]]></FromUserName>
<CreateTime>1474104386</CreateTime>
<MsgType><![CDATA[event]]></MsgType>
<Event><![CDATA[VIEW]]></Event>
<EventKey><![CDATA[http://www.9kpu.com//app/index.php?c=site&a=site&do=detail&id=102&i=27]]></EventKey>
<MenuId>432525989</MenuId>
</xml>

2016-09-17 17:26:26 params :
------------
Array:
message : Array ;
module : default ;
rule : -1 ;

2016-09-17 17:26:26 response :
------------
Array:
params : Array ;

2016-09-17 17:27:08 trace :
------------
String:
<xml><ToUserName><![CDATA[gh_4e0c181b7380]]></ToUserName>
<FromUserName><![CDATA[oxtWnv8dKzKM6w_0eFzZG_TYcDDE]]></FromUserName>
<CreateTime>1474104428</CreateTime>
<MsgType><![CDATA[event]]></MsgType>
<Event><![CDATA[VIEW]]></Event>
<EventKey><![CDATA[http://www.9kpu.com//app/index.php?c=site&a=site&do=detail&id=102&i=27]]></EventKey>
<MenuId>432525989</MenuId>
</xml>

2016-09-17 17:27:08 params :
------------
Array:
message : Array ;
module : default ;
rule : -1 ;

2016-09-17 17:27:08 response :
------------
Array:
params : Array ;

2016-09-17 19:09:06 trace :
------------
String:
<xml><ToUserName><![CDATA[gh_4e0c181b7380]]></ToUserName>
<FromUserName><![CDATA[oxtWnv8dKzKM6w_0eFzZG_TYcDDE]]></FromUserName>
<CreateTime>1474110546</CreateTime>
<MsgType><![CDATA[event]]></MsgType>
<Event><![CDATA[VIEW]]></Event>
<EventKey><![CDATA[http://www.9kpu.com/app/index.php?i=27&c=entry&eid=2]]></EventKey>
<MenuId>432525989</MenuId>
</xml>

2016-09-17 19:09:06 params :
------------
Array:
message : Array ;
module : default ;
rule : -1 ;

2016-09-17 19:09:06 response :
------------
Array:
params : Array ;

2016-09-17 19:09:09 trace :
------------
String:
<xml><ToUserName><![CDATA[gh_4e0c181b7380]]></ToUserName>
<FromUserName><![CDATA[oxtWnv8dKzKM6w_0eFzZG_TYcDDE]]></FromUserName>
<CreateTime>1474110549</CreateTime>
<MsgType><![CDATA[event]]></MsgType>
<Event><![CDATA[VIEW]]></Event>
<EventKey><![CDATA[http://www.9kpu.com//app/index.php?c=site&a=site&do=detail&id=102&i=27]]></EventKey>
<MenuId>432525989</MenuId>
</xml>

2016-09-17 19:09:09 params :
------------
Array:
message : Array ;
module : default ;
rule : -1 ;

2016-09-17 19:09:09 response :
------------
Array:
params : Array ;

2016-09-17 19:20:00 trace :
------------
String:
<xml><ToUserName><![CDATA[gh_2a23de840671]]></ToUserName>
<FromUserName><![CDATA[oQxC9wUAUX6F1qNJxig6FtZLvpBk]]></FromUserName>
<CreateTime>1474111200</CreateTime>
<MsgType><![CDATA[event]]></MsgType>
<Event><![CDATA[VIEW]]></Event>
<EventKey><![CDATA[http://www.9kpu.com/app/index.php?i=31&c=home&]]></EventKey>
<MenuId>408135367</MenuId>
</xml>

2016-09-17 19:20:00 params :
------------
Array:
message : Array ;
module : news ;
rule : 60 ;
priority : 0 ;
keyword : Array ;

2016-09-17 19:20:00 response :
------------
Array:
FromUserName : gh_2a23de840671 ;
ToUserName : oQxC9wUAUX6F1qNJxig6FtZLvpBk ;
MsgType : news ;
ArticleCount : 1 ;
Articles : Array ;

2016-09-17 19:20:03 trace :
------------
String:
<xml><ToUserName><![CDATA[gh_2a23de840671]]></ToUserName>
<FromUserName><![CDATA[oQxC9wUAUX6F1qNJxig6FtZLvpBk]]></FromUserName>
<CreateTime>1474111203</CreateTime>
<MsgType><![CDATA[event]]></MsgType>
<Event><![CDATA[VIEW]]></Event>
<EventKey><![CDATA[http://www.9kpu.com/app/index.php?i=31&c=entry&eid=2]]></EventKey>
<MenuId>408135367</MenuId>
</xml>

2016-09-17 19:20:03 params :
------------
Array:
message : Array ;
module : news ;
rule : 60 ;
priority : 0 ;
keyword : Array ;

2016-09-17 19:20:03 response :
------------
Array:
FromUserName : gh_2a23de840671 ;
ToUserName : oQxC9wUAUX6F1qNJxig6FtZLvpBk ;
MsgType : news ;
ArticleCount : 1 ;
Articles : Array ;

2016-09-17 21:57:33 trace :
------------
String:
<xml><ToUserName><![CDATA[gh_4e0c181b7380]]></ToUserName>
<FromUserName><![CDATA[oxtWnv7-5ujbdNqeJLLvkIkTOJjM]]></FromUserName>
<CreateTime>1474120653</CreateTime>
<MsgType><![CDATA[event]]></MsgType>
<Event><![CDATA[VIEW]]></Event>
<EventKey><![CDATA[http://www.9kpu.com//app/index.php?c=site&a=site&do=detail&id=102&i=27]]></EventKey>
<MenuId>432525989</MenuId>
</xml>

2016-09-17 21:57:33 params :
------------
Array:
message : Array ;
module : default ;
rule : -1 ;

2016-09-17 21:57:33 response :
------------
Array:
params : Array ;

