2016-08-23 07:51:17 trace :
------------
String:
<xml><ToUserName><![CDATA[gh_2a16c32dff4b]]></ToUserName>
<FromUserName><![CDATA[oZF73wL-Yn_7tB1z1pKEPpg8yCMI]]></FromUserName>
<CreateTime>1471909877</CreateTime>
<MsgType><![CDATA[event]]></MsgType>
<Event><![CDATA[subscribe]]></Event>
<EventKey><![CDATA[]]></EventKey>
</xml>

2016-08-23 07:51:17 params :
------------
Array:
message : Array ;
module : news ;
rule : 56 ;
priority : 0 ;
keyword : Array ;

2016-08-23 07:51:17 response :
------------
Array:
FromUserName : gh_2a16c32dff4b ;
ToUserName : oZF73wL-Yn_7tB1z1pKEPpg8yCMI ;
MsgType : news ;
ArticleCount : 1 ;
Articles : Array ;

2016-08-23 07:51:21 trace :
------------
String:
<xml><ToUserName><![CDATA[gh_2a16c32dff4b]]></ToUserName>
<FromUserName><![CDATA[oZF73wL-Yn_7tB1z1pKEPpg8yCMI]]></FromUserName>
<CreateTime>1471909881</CreateTime>
<MsgType><![CDATA[event]]></MsgType>
<Event><![CDATA[VIEW]]></Event>
<EventKey><![CDATA[http://www.9kpu.com/app/index.php?i=26&c=entry&eid=1]]></EventKey>
<MenuId>443004588</MenuId>
</xml>

2016-08-23 07:51:21 params :
------------
Array:
message : Array ;
module : news ;
rule : 56 ;
priority : 0 ;
keyword : Array ;

2016-08-23 07:51:21 response :
------------
Array:
FromUserName : gh_2a16c32dff4b ;
ToUserName : oZF73wL-Yn_7tB1z1pKEPpg8yCMI ;
MsgType : news ;
ArticleCount : 1 ;
Articles : Array ;

2016-08-23 07:51:28 trace :
------------
String:
<xml><ToUserName><![CDATA[gh_2a16c32dff4b]]></ToUserName>
<FromUserName><![CDATA[oZF73wL-Yn_7tB1z1pKEPpg8yCMI]]></FromUserName>
<CreateTime>1471909887</CreateTime>
<MsgType><![CDATA[event]]></MsgType>
<Event><![CDATA[VIEW]]></Event>
<EventKey><![CDATA[http://www.9kpu.com/app/index.php?i=26&c=entry&do=teaIn&m=lianhu_school]]></EventKey>
<MenuId>443004588</MenuId>
</xml>

2016-08-23 07:51:28 params :
------------
Array:
message : Array ;
module : news ;
rule : 56 ;
priority : 0 ;
keyword : Array ;

2016-08-23 07:51:28 response :
------------
Array:
FromUserName : gh_2a16c32dff4b ;
ToUserName : oZF73wL-Yn_7tB1z1pKEPpg8yCMI ;
MsgType : news ;
ArticleCount : 1 ;
Articles : Array ;

2016-08-23 08:18:16 trace :
------------
String:
<xml><ToUserName><![CDATA[gh_2a16c32dff4b]]></ToUserName>
<FromUserName><![CDATA[oZF73wDhKibjcHjeAHp6nLacCh_8]]></FromUserName>
<CreateTime>1471911496</CreateTime>
<MsgType><![CDATA[event]]></MsgType>
<Event><![CDATA[VIEW]]></Event>
<EventKey><![CDATA[http://www.9kpu.com/app/index.php?i=26&c=home&]]></EventKey>
<MenuId>443004588</MenuId>
</xml>

2016-08-23 08:18:16 params :
------------
Array:
message : Array ;
module : news ;
rule : 56 ;
priority : 0 ;
keyword : Array ;

2016-08-23 08:18:16 response :
------------
Array:
FromUserName : gh_2a16c32dff4b ;
ToUserName : oZF73wDhKibjcHjeAHp6nLacCh_8 ;
MsgType : news ;
ArticleCount : 1 ;
Articles : Array ;

2016-08-23 10:40:06 trace :
------------
String:
<xml><ToUserName><![CDATA[gh_0eab716966d4]]></ToUserName>
<FromUserName><![CDATA[oSoVuwL-KU04wnisg91ynGo2rsLw]]></FromUserName>
<CreateTime>1471920005</CreateTime>
<MsgType><![CDATA[event]]></MsgType>
<Event><![CDATA[VIEW]]></Event>
<EventKey><![CDATA[http://www.9kpu.com/app/index.php?i=28&c=home&]]></EventKey>
<MenuId>414492131</MenuId>
</xml>

2016-08-23 10:40:06 params :
------------
Array:
rule : -2 ;
module :  ;
message : Array ;

2016-08-23 10:40:06 response :
------------

2016-08-23 10:46:00 trace :
------------
String:
<xml><ToUserName><![CDATA[gh_0eab716966d4]]></ToUserName>
<FromUserName><![CDATA[oSoVuwL-KU04wnisg91ynGo2rsLw]]></FromUserName>
<CreateTime>1471920360</CreateTime>
<MsgType><![CDATA[event]]></MsgType>
<Event><![CDATA[VIEW]]></Event>
<EventKey><![CDATA[http://www.9kpu.com/app/index.php?i=28&c=home&]]></EventKey>
<MenuId>414492131</MenuId>
</xml>

2016-08-23 10:46:00 params :
------------
Array:
rule : -2 ;
module :  ;
message : Array ;

2016-08-23 10:46:00 response :
------------

2016-08-23 11:14:27 trace :
------------
String:
<xml><ToUserName><![CDATA[gh_4e0c181b7380]]></ToUserName>
<FromUserName><![CDATA[oxtWnv8dKzKM6w_0eFzZG_TYcDDE]]></FromUserName>
<CreateTime>1471922067</CreateTime>
<MsgType><![CDATA[event]]></MsgType>
<Event><![CDATA[VIEW]]></Event>
<EventKey><![CDATA[http://www.9kpu.com/app/index.php?i=27&c=entry&eid=2]]></EventKey>
<MenuId>431335658</MenuId>
</xml>

2016-08-23 11:14:27 params :
------------
Array:
message : Array ;
module : default ;
rule : -1 ;

2016-08-23 11:14:27 response :
------------
Array:
params : Array ;

2016-08-23 11:14:32 trace :
------------
String:
<xml><ToUserName><![CDATA[gh_4e0c181b7380]]></ToUserName>
<FromUserName><![CDATA[oxtWnv8dKzKM6w_0eFzZG_TYcDDE]]></FromUserName>
<CreateTime>1471922072</CreateTime>
<MsgType><![CDATA[event]]></MsgType>
<Event><![CDATA[VIEW]]></Event>
<EventKey><![CDATA[http://www.9kpu.com/app/index.php?i=27&c=entry&eid=1]]></EventKey>
<MenuId>431335658</MenuId>
</xml>

2016-08-23 11:14:32 params :
------------
Array:
message : Array ;
module : default ;
rule : -1 ;

2016-08-23 11:14:32 response :
------------
Array:
params : Array ;

2016-08-23 16:26:46 trace :
------------
String:
<xml><ToUserName><![CDATA[gh_081ee8610e82]]></ToUserName>
<FromUserName><![CDATA[ohNDtvjnNs-wlmta5xYTj5zZfmSc]]></FromUserName>
<CreateTime>1471940806</CreateTime>
<MsgType><![CDATA[event]]></MsgType>
<Event><![CDATA[VIEW]]></Event>
<EventKey><![CDATA[http://www.9kpu.com/app/index.php?i=4&c=entry&eid=37]]></EventKey>
<MenuId>413434304</MenuId>
</xml>

2016-08-23 16:26:46 params :
------------
Array:
message : Array ;
module : basic ;
rule : 13 ;
priority : 0 ;
keyword : Array ;

2016-08-23 16:26:46 response :
------------
Array:
FromUserName : gh_081ee8610e82 ;
ToUserName : ohNDtvjnNs-wlmta5xYTj5zZfmSc ;
MsgType : text ;
Content : 等你好久了，智慧微校欢迎您。如果您是来逛逛的，请点开微官网查看我们学校的介绍信息。如果您是家长，请点开学生中心，用您家孩子姓名与学号绑定，就可尽情使用微校功能。如果您是老师，请点开微办公，用系统分配的账号与密码完成绑定，使用微校完成家校互动。 ;

2016-08-23 17:51:23 trace :
------------
String:
<xml><ToUserName><![CDATA[gh_0eab716966d4]]></ToUserName>
<FromUserName><![CDATA[oSoVuwDCR3_wndgsyMdCIwfCw9IU]]></FromUserName>
<CreateTime>1471945883</CreateTime>
<MsgType><![CDATA[event]]></MsgType>
<Event><![CDATA[subscribe]]></Event>
<EventKey><![CDATA[]]></EventKey>
</xml>

2016-08-23 17:51:23 params :
------------
Array:
rule : -2 ;
module :  ;
message : Array ;

2016-08-23 17:51:23 response :
------------

2016-08-23 17:51:58 trace :
------------
String:
<xml><ToUserName><![CDATA[gh_0eab716966d4]]></ToUserName>
<FromUserName><![CDATA[oSoVuwDCR3_wndgsyMdCIwfCw9IU]]></FromUserName>
<CreateTime>1471945918</CreateTime>
<MsgType><![CDATA[event]]></MsgType>
<Event><![CDATA[VIEW]]></Event>
<EventKey><![CDATA[http://www.9kpu.com/app/index.php?i=28&c=home&]]></EventKey>
<MenuId>414492131</MenuId>
</xml>

2016-08-23 17:51:58 params :
------------
Array:
rule : -2 ;
module :  ;
message : Array ;

2016-08-23 17:51:58 response :
------------

2016-08-23 17:52:17 trace :
------------
String:
<xml><ToUserName><![CDATA[gh_0eab716966d4]]></ToUserName>
<FromUserName><![CDATA[oSoVuwDCR3_wndgsyMdCIwfCw9IU]]></FromUserName>
<CreateTime>1471945937</CreateTime>
<MsgType><![CDATA[event]]></MsgType>
<Event><![CDATA[VIEW]]></Event>
<EventKey><![CDATA[http://www.9kpu.com/app/index.php?i=28&c=home&]]></EventKey>
<MenuId>414492131</MenuId>
</xml>

2016-08-23 17:52:17 params :
------------
Array:
rule : -2 ;
module :  ;
message : Array ;

2016-08-23 17:52:17 response :
------------

2016-08-23 21:13:03 trace :
------------
String:
<xml><ToUserName><![CDATA[gh_081ee8610e82]]></ToUserName>
<FromUserName><![CDATA[ohNDtvjnNs-wlmta5xYTj5zZfmSc]]></FromUserName>
<CreateTime>1471957983</CreateTime>
<MsgType><![CDATA[event]]></MsgType>
<Event><![CDATA[VIEW]]></Event>
<EventKey><![CDATA[http://www.9kpu.com/app/index.php?i=4&c=entry&eid=37]]></EventKey>
<MenuId>413434304</MenuId>
</xml>

2016-08-23 21:13:03 params :
------------
Array:
message : Array ;
module : basic ;
rule : 13 ;
priority : 0 ;
keyword : Array ;

2016-08-23 21:13:03 response :
------------
Array:
FromUserName : gh_081ee8610e82 ;
ToUserName : ohNDtvjnNs-wlmta5xYTj5zZfmSc ;
MsgType : text ;
Content : 等你好久了，智慧微校欢迎您。如果您是来逛逛的，请点开微官网查看我们学校的介绍信息。如果您是家长，请点开学生中心，用您家孩子姓名与学号绑定，就可尽情使用微校功能。如果您是老师，请点开微办公，用系统分配的账号与密码完成绑定，使用微校完成家校互动。 ;

2016-08-23 22:01:07 trace :
------------
String:
<xml><ToUserName><![CDATA[gh_7d1762dac7c2]]></ToUserName>
<FromUserName><![CDATA[o8AZcwCbnIgFY9PLGCB9fOO3Gjdo]]></FromUserName>
<CreateTime>1471960867</CreateTime>
<MsgType><![CDATA[event]]></MsgType>
<Event><![CDATA[unsubscribe]]></Event>
<EventKey><![CDATA[]]></EventKey>
</xml>

2016-08-23 22:21:40 trace :
------------
String:
<xml><ToUserName><![CDATA[gh_7d1762dac7c2]]></ToUserName>
<FromUserName><![CDATA[o8AZcwNvyECRk5mZDwxBcagcu46A]]></FromUserName>
<CreateTime>1471962100</CreateTime>
<MsgType><![CDATA[event]]></MsgType>
<Event><![CDATA[subscribe]]></Event>
<EventKey><![CDATA[]]></EventKey>
</xml>

2016-08-23 22:21:40 params :
------------
Array:
rule : -2 ;
module :  ;
message : Array ;

2016-08-23 22:21:40 response :
------------

2016-08-23 22:21:46 trace :
------------
String:
<xml><ToUserName><![CDATA[gh_7d1762dac7c2]]></ToUserName>
<FromUserName><![CDATA[o8AZcwNvyECRk5mZDwxBcagcu46A]]></FromUserName>
<CreateTime>1471962106</CreateTime>
<MsgType><![CDATA[event]]></MsgType>
<Event><![CDATA[VIEW]]></Event>
<EventKey><![CDATA[http://www.9kpu.com/app/index.php?i=6&c=home&]]></EventKey>
<MenuId>406999612</MenuId>
</xml>

2016-08-23 22:21:46 params :
------------
Array:
rule : -2 ;
module :  ;
message : Array ;

2016-08-23 22:21:46 response :
------------

2016-08-23 22:22:16 trace :
------------
String:
<xml><ToUserName><![CDATA[gh_7d1762dac7c2]]></ToUserName>
<FromUserName><![CDATA[o8AZcwNvyECRk5mZDwxBcagcu46A]]></FromUserName>
<CreateTime>1471962136</CreateTime>
<MsgType><![CDATA[event]]></MsgType>
<Event><![CDATA[VIEW]]></Event>
<EventKey><![CDATA[http://www.9kpu.com/app/index.php?i=6&c=entry&eid=1]]></EventKey>
<MenuId>406999612</MenuId>
</xml>

2016-08-23 22:22:16 params :
------------
Array:
rule : -2 ;
module :  ;
message : Array ;

2016-08-23 22:22:16 response :
------------

2016-08-23 22:35:37 trace :
------------
String:
<xml><ToUserName><![CDATA[gh_7d1762dac7c2]]></ToUserName>
<FromUserName><![CDATA[o8AZcwIkJejriQfiNoOhmK6Y7nl0]]></FromUserName>
<CreateTime>1471962937</CreateTime>
<MsgType><![CDATA[event]]></MsgType>
<Event><![CDATA[subscribe]]></Event>
<EventKey><![CDATA[]]></EventKey>
</xml>

2016-08-23 22:35:37 params :
------------
Array:
rule : -2 ;
module :  ;
message : Array ;

2016-08-23 22:35:37 response :
------------

2016-08-23 22:46:30 trace :
------------
String:
<xml><ToUserName><![CDATA[gh_c8e42a22d2ba]]></ToUserName>
<FromUserName><![CDATA[o7oRnw4i17bYoYhJm-aKqoWPCetY]]></FromUserName>
<CreateTime>1471963590</CreateTime>
<MsgType><![CDATA[event]]></MsgType>
<Event><![CDATA[VIEW]]></Event>
<EventKey><![CDATA[http://www.9kpu.com/app/index.php?i=25&c=home&t=31]]></EventKey>
<MenuId>411650313</MenuId>
</xml>

2016-08-23 22:46:30 params :
------------
Array:
message : Array ;
module : news ;
rule : 53 ;
priority : 3 ;
keyword : Array ;

2016-08-23 22:46:30 response :
------------
Array:
FromUserName : gh_c8e42a22d2ba ;
ToUserName : o7oRnw4i17bYoYhJm-aKqoWPCetY ;
MsgType : news ;
ArticleCount : 2 ;
Articles : Array ;

