2016-07-25 09:36:25 trace :
------------
String:
<xml><ToUserName><![CDATA[gh_0eab716966d4]]></ToUserName>
<FromUserName><![CDATA[oSoVuwP979Epx6NVcW6OT5sl0WtM]]></FromUserName>
<CreateTime>1469410585</CreateTime>
<MsgType><![CDATA[event]]></MsgType>
<Event><![CDATA[subscribe]]></Event>
<EventKey><![CDATA[]]></EventKey>
</xml>

2016-07-25 09:36:25 params :
------------
Array:
rule : -2 ;
module :  ;
message : Array ;

2016-07-25 09:36:25 response :
------------

2016-07-25 09:36:46 trace :
------------
String:
<xml><ToUserName><![CDATA[gh_0eab716966d4]]></ToUserName>
<FromUserName><![CDATA[oSoVuwP979Epx6NVcW6OT5sl0WtM]]></FromUserName>
<CreateTime>1469410606</CreateTime>
<MsgType><![CDATA[event]]></MsgType>
<Event><![CDATA[VIEW]]></Event>
<EventKey><![CDATA[http://www.9kpu.com/app/index.php?i=28&c=home&]]></EventKey>
<MenuId>414492131</MenuId>
</xml>

2016-07-25 09:36:46 params :
------------
Array:
rule : -2 ;
module :  ;
message : Array ;

2016-07-25 09:36:46 response :
------------

2016-07-25 09:36:52 trace :
------------
String:
<xml><ToUserName><![CDATA[gh_0eab716966d4]]></ToUserName>
<FromUserName><![CDATA[oSoVuwP979Epx6NVcW6OT5sl0WtM]]></FromUserName>
<CreateTime>1469410612</CreateTime>
<MsgType><![CDATA[event]]></MsgType>
<Event><![CDATA[VIEW]]></Event>
<EventKey><![CDATA[http://www.9kpu.com/app/index.php?i=28&c=entry&eid=1]]></EventKey>
<MenuId>414492131</MenuId>
</xml>

2016-07-25 09:36:52 params :
------------
Array:
rule : -2 ;
module :  ;
message : Array ;

2016-07-25 09:36:52 response :
------------

2016-07-25 09:37:01 trace :
------------
String:
<xml><ToUserName><![CDATA[gh_0eab716966d4]]></ToUserName>
<FromUserName><![CDATA[oSoVuwP979Epx6NVcW6OT5sl0WtM]]></FromUserName>
<CreateTime>1469410620</CreateTime>
<MsgType><![CDATA[event]]></MsgType>
<Event><![CDATA[VIEW]]></Event>
<EventKey><![CDATA[http://www.9kpu.com/app/index.php?i=28&c=entry&eid=2]]></EventKey>
<MenuId>414492131</MenuId>
</xml>

2016-07-25 09:37:01 params :
------------
Array:
rule : -2 ;
module :  ;
message : Array ;

2016-07-25 09:37:01 response :
------------

2016-07-25 11:56:27 trace :
------------
String:
<xml><ToUserName><![CDATA[gh_2a16c32dff4b]]></ToUserName>
<FromUserName><![CDATA[oZF73wIXVlQR4Pr-M97VP810K6b0]]></FromUserName>
<CreateTime>1469418987</CreateTime>
<MsgType><![CDATA[event]]></MsgType>
<Event><![CDATA[VIEW]]></Event>
<EventKey><![CDATA[http://www.9kpu.com/app/index.php?i=26&c=entry&eid=1]]></EventKey>
<MenuId>442583838</MenuId>
</xml>

2016-07-25 11:56:27 params :
------------
Array:
rule : -2 ;
module :  ;
message : Array ;

2016-07-25 11:56:27 response :
------------

2016-07-25 11:56:34 trace :
------------
String:
<xml><ToUserName><![CDATA[gh_2a16c32dff4b]]></ToUserName>
<FromUserName><![CDATA[oZF73wIXVlQR4Pr-M97VP810K6b0]]></FromUserName>
<CreateTime>1469418994</CreateTime>
<MsgType><![CDATA[event]]></MsgType>
<Event><![CDATA[VIEW]]></Event>
<EventKey><![CDATA[http://www.9kpu.com/app/index.php?i=26&c=entry&eid=1]]></EventKey>
<MenuId>442583838</MenuId>
</xml>

2016-07-25 11:56:34 params :
------------
Array:
rule : -2 ;
module :  ;
message : Array ;

2016-07-25 11:56:34 response :
------------

2016-07-25 13:29:21 trace :
------------
String:
<xml><ToUserName><![CDATA[gh_2a16c32dff4b]]></ToUserName>
<FromUserName><![CDATA[oZF73wIXVlQR4Pr-M97VP810K6b0]]></FromUserName>
<CreateTime>1469424561</CreateTime>
<MsgType><![CDATA[event]]></MsgType>
<Event><![CDATA[VIEW]]></Event>
<EventKey><![CDATA[http://www.9kpu.com/app/index.php?i=26&c=entry&eid=1]]></EventKey>
<MenuId>442583838</MenuId>
</xml>

2016-07-25 13:29:21 params :
------------
Array:
rule : -2 ;
module :  ;
message : Array ;

2016-07-25 13:29:21 response :
------------

2016-07-25 15:10:48 trace :
------------
String:
<xml><ToUserName><![CDATA[gh_081ee8610e82]]></ToUserName>
<FromUserName><![CDATA[ohNDtvjnNs-wlmta5xYTj5zZfmSc]]></FromUserName>
<CreateTime>1469430648</CreateTime>
<MsgType><![CDATA[event]]></MsgType>
<Event><![CDATA[VIEW]]></Event>
<EventKey><![CDATA[http://www.9kpu.com/app/index.php?i=4&c=entry&eid=1]]></EventKey>
<MenuId>404202786</MenuId>
</xml>

2016-07-25 15:10:48 params :
------------
Array:
message : Array ;
module : basic ;
rule : 13 ;
priority : 0 ;
keyword : Array ;

2016-07-25 15:10:48 response :
------------
Array:
FromUserName : gh_081ee8610e82 ;
ToUserName : ohNDtvjnNs-wlmta5xYTj5zZfmSc ;
MsgType : text ;
Content : 等你好久了，智慧微校欢迎您。如果您是来逛逛的，请点开微官网查看我们学校的介绍信息。如果您是家长，请点开学生中心，用您家孩子姓名与学号绑定，就可尽情使用微校功能。如果您是老师，请点开微办公，用系统分配的账号与密码完成绑定，使用微校完成家校互动。 ;

2016-07-25 16:18:03 trace :
------------
String:
<xml><ToUserName><![CDATA[gh_2a16c32dff4b]]></ToUserName>
<FromUserName><![CDATA[oZF73wAKimMU1XufzSoWnPXuf02w]]></FromUserName>
<CreateTime>1469434683</CreateTime>
<MsgType><![CDATA[event]]></MsgType>
<Event><![CDATA[VIEW]]></Event>
<EventKey><![CDATA[http://www.9kpu.com/app/index.php?i=26&c=home&]]></EventKey>
<MenuId>442583838</MenuId>
</xml>

2016-07-25 16:18:03 params :
------------
Array:
rule : -2 ;
module :  ;
message : Array ;

2016-07-25 16:18:03 response :
------------

2016-07-25 16:19:16 trace :
------------
String:
<xml><ToUserName><![CDATA[gh_2a16c32dff4b]]></ToUserName>
<FromUserName><![CDATA[oZF73wAKimMU1XufzSoWnPXuf02w]]></FromUserName>
<CreateTime>1469434756</CreateTime>
<MsgType><![CDATA[event]]></MsgType>
<Event><![CDATA[VIEW]]></Event>
<EventKey><![CDATA[http://www.9kpu.com/app/index.php?i=26&c=entry&eid=1]]></EventKey>
<MenuId>442583838</MenuId>
</xml>

2016-07-25 16:19:16 params :
------------
Array:
rule : -2 ;
module :  ;
message : Array ;

2016-07-25 16:19:16 response :
------------

2016-07-25 16:19:40 trace :
------------
String:
<xml><ToUserName><![CDATA[gh_2a16c32dff4b]]></ToUserName>
<FromUserName><![CDATA[oZF73wAKimMU1XufzSoWnPXuf02w]]></FromUserName>
<CreateTime>1469434780</CreateTime>
<MsgType><![CDATA[event]]></MsgType>
<Event><![CDATA[VIEW]]></Event>
<EventKey><![CDATA[http://www.9kpu.com/app/index.php?i=26&c=entry&eid=2]]></EventKey>
<MenuId>442583838</MenuId>
</xml>

2016-07-25 16:19:40 params :
------------
Array:
rule : -2 ;
module :  ;
message : Array ;

2016-07-25 16:19:40 response :
------------

2016-07-25 16:24:31 trace :
------------
String:
<xml><ToUserName><![CDATA[gh_2a16c32dff4b]]></ToUserName>
<FromUserName><![CDATA[oZF73wAKimMU1XufzSoWnPXuf02w]]></FromUserName>
<CreateTime>1469435071</CreateTime>
<MsgType><![CDATA[event]]></MsgType>
<Event><![CDATA[VIEW]]></Event>
<EventKey><![CDATA[http://www.9kpu.com/app/index.php?i=26&c=entry&eid=1]]></EventKey>
<MenuId>442583838</MenuId>
</xml>

2016-07-25 16:24:31 params :
------------
Array:
rule : -2 ;
module :  ;
message : Array ;

2016-07-25 16:24:31 response :
------------

2016-07-25 16:46:47 trace :
------------
String:
<xml><ToUserName><![CDATA[gh_2a16c32dff4b]]></ToUserName>
<FromUserName><![CDATA[oZF73wAKimMU1XufzSoWnPXuf02w]]></FromUserName>
<CreateTime>1469436407</CreateTime>
<MsgType><![CDATA[event]]></MsgType>
<Event><![CDATA[VIEW]]></Event>
<EventKey><![CDATA[http://www.9kpu.com/app/index.php?i=26&c=entry&eid=1]]></EventKey>
<MenuId>442736005</MenuId>
</xml>

2016-07-25 16:46:47 params :
------------
Array:
rule : -2 ;
module :  ;
message : Array ;

2016-07-25 16:46:47 response :
------------

2016-07-25 16:49:47 trace :
------------
String:
<xml><ToUserName><![CDATA[gh_2a16c32dff4b]]></ToUserName>
<FromUserName><![CDATA[oZF73wAKimMU1XufzSoWnPXuf02w]]></FromUserName>
<CreateTime>1469436587</CreateTime>
<MsgType><![CDATA[event]]></MsgType>
<Event><![CDATA[VIEW]]></Event>
<EventKey><![CDATA[http://www.9kpu.com/app/index.php?i=26&c=home&t=37]]></EventKey>
<MenuId>442736005</MenuId>
</xml>

2016-07-25 16:49:47 params :
------------
Array:
rule : -2 ;
module :  ;
message : Array ;

2016-07-25 16:49:47 response :
------------

2016-07-25 16:53:28 trace :
------------
String:
<xml><ToUserName><![CDATA[gh_2a16c32dff4b]]></ToUserName>
<FromUserName><![CDATA[oZF73wAKimMU1XufzSoWnPXuf02w]]></FromUserName>
<CreateTime>1469436808</CreateTime>
<MsgType><![CDATA[event]]></MsgType>
<Event><![CDATA[VIEW]]></Event>
<EventKey><![CDATA[http://www.9kpu.com/app/index.php?i=26&c=entry&eid=1]]></EventKey>
<MenuId>442736005</MenuId>
</xml>

2016-07-25 16:53:28 params :
------------
Array:
rule : -2 ;
module :  ;
message : Array ;

2016-07-25 16:53:28 response :
------------

2016-07-25 19:38:52 trace :
------------
String:
<xml><ToUserName><![CDATA[gh_081ee8610e82]]></ToUserName>
<FromUserName><![CDATA[ohNDtvjnNs-wlmta5xYTj5zZfmSc]]></FromUserName>
<CreateTime>1469446732</CreateTime>
<MsgType><![CDATA[event]]></MsgType>
<Event><![CDATA[VIEW]]></Event>
<EventKey><![CDATA[http://official.weixiao100.cn/custom/v3/index.html?schoolCode=zscy001&cropId=wx29a48dfc48fb3877&t=1461379426737]]></EventKey>
<MenuId>404202786</MenuId>
</xml>

2016-07-25 19:38:52 params :
------------
Array:
message : Array ;
module : basic ;
rule : 13 ;
priority : 0 ;
keyword : Array ;

2016-07-25 19:38:52 response :
------------
Array:
FromUserName : gh_081ee8610e82 ;
ToUserName : ohNDtvjnNs-wlmta5xYTj5zZfmSc ;
MsgType : text ;
Content : 等你好久了，智慧微校欢迎您。如果您是来逛逛的，请点开微官网查看我们学校的介绍信息。如果您是家长，请点开学生中心，用您家孩子姓名与学号绑定，就可尽情使用微校功能。如果您是老师，请点开微办公，用系统分配的账号与密码完成绑定，使用微校完成家校互动。 ;

2016-07-25 19:39:00 trace :
------------
String:
<xml><ToUserName><![CDATA[gh_081ee8610e82]]></ToUserName>
<FromUserName><![CDATA[ohNDtvjnNs-wlmta5xYTj5zZfmSc]]></FromUserName>
<CreateTime>1469446740</CreateTime>
<MsgType><![CDATA[event]]></MsgType>
<Event><![CDATA[VIEW]]></Event>
<EventKey><![CDATA[http://www.9kpu.com/app/index.php?i=4&c=entry&eid=1]]></EventKey>
<MenuId>404202786</MenuId>
</xml>

2016-07-25 19:39:00 params :
------------
Array:
message : Array ;
module : basic ;
rule : 13 ;
priority : 0 ;
keyword : Array ;

2016-07-25 19:39:00 response :
------------
Array:
FromUserName : gh_081ee8610e82 ;
ToUserName : ohNDtvjnNs-wlmta5xYTj5zZfmSc ;
MsgType : text ;
Content : 等你好久了，智慧微校欢迎您。如果您是来逛逛的，请点开微官网查看我们学校的介绍信息。如果您是家长，请点开学生中心，用您家孩子姓名与学号绑定，就可尽情使用微校功能。如果您是老师，请点开微办公，用系统分配的账号与密码完成绑定，使用微校完成家校互动。 ;

2016-07-25 19:39:10 trace :
------------
String:
<xml><ToUserName><![CDATA[gh_081ee8610e82]]></ToUserName>
<FromUserName><![CDATA[ohNDtvjnNs-wlmta5xYTj5zZfmSc]]></FromUserName>
<CreateTime>1469446750</CreateTime>
<MsgType><![CDATA[event]]></MsgType>
<Event><![CDATA[VIEW]]></Event>
<EventKey><![CDATA[http://www.9kpu.com/app/index.php?i=4&c=entry&eid=2]]></EventKey>
<MenuId>404202786</MenuId>
</xml>

2016-07-25 19:39:10 params :
------------
Array:
message : Array ;
module : basic ;
rule : 13 ;
priority : 0 ;
keyword : Array ;

2016-07-25 19:39:10 response :
------------
Array:
FromUserName : gh_081ee8610e82 ;
ToUserName : ohNDtvjnNs-wlmta5xYTj5zZfmSc ;
MsgType : text ;
Content : 等你好久了，智慧微校欢迎您。如果您是来逛逛的，请点开微官网查看我们学校的介绍信息。如果您是家长，请点开学生中心，用您家孩子姓名与学号绑定，就可尽情使用微校功能。如果您是老师，请点开微办公，用系统分配的账号与密码完成绑定，使用微校完成家校互动。 ;

2016-07-25 19:45:35 trace :
------------
String:
<xml><ToUserName><![CDATA[gh_7d1762dac7c2]]></ToUserName>
<FromUserName><![CDATA[o8AZcwK6pVedPxm81pvr3ctP1m8Y]]></FromUserName>
<CreateTime>1469447134</CreateTime>
<MsgType><![CDATA[event]]></MsgType>
<Event><![CDATA[subscribe]]></Event>
<EventKey><![CDATA[]]></EventKey>
</xml>

2016-07-25 19:45:35 params :
------------
Array:
rule : -2 ;
module :  ;
message : Array ;

2016-07-25 19:45:35 response :
------------

2016-07-25 19:45:37 trace :
------------
String:
<xml><ToUserName><![CDATA[gh_7d1762dac7c2]]></ToUserName>
<FromUserName><![CDATA[o8AZcwK6pVedPxm81pvr3ctP1m8Y]]></FromUserName>
<CreateTime>1469447137</CreateTime>
<MsgType><![CDATA[event]]></MsgType>
<Event><![CDATA[VIEW]]></Event>
<EventKey><![CDATA[http://www.9kpu.com/app/index.php?i=6&c=entry&eid=1]]></EventKey>
<MenuId>406999612</MenuId>
</xml>

2016-07-25 19:45:37 params :
------------
Array:
rule : -2 ;
module :  ;
message : Array ;

2016-07-25 19:45:37 response :
------------

2016-07-25 19:45:44 trace :
------------
String:
<xml><ToUserName><![CDATA[gh_7d1762dac7c2]]></ToUserName>
<FromUserName><![CDATA[o8AZcwK6pVedPxm81pvr3ctP1m8Y]]></FromUserName>
<CreateTime>1469447144</CreateTime>
<MsgType><![CDATA[event]]></MsgType>
<Event><![CDATA[VIEW]]></Event>
<EventKey><![CDATA[http://www.9kpu.com/app/index.php?i=6&c=entry&eid=2]]></EventKey>
<MenuId>406999612</MenuId>
</xml>

2016-07-25 19:45:44 params :
------------
Array:
rule : -2 ;
module :  ;
message : Array ;

2016-07-25 19:45:44 response :
------------

2016-07-25 19:45:55 trace :
------------
String:
<xml><ToUserName><![CDATA[gh_7d1762dac7c2]]></ToUserName>
<FromUserName><![CDATA[o8AZcwK6pVedPxm81pvr3ctP1m8Y]]></FromUserName>
<CreateTime>1469447155</CreateTime>
<MsgType><![CDATA[text]]></MsgType>
<Content><![CDATA[傅国忠老师电话有吗]]></Content>
<MsgId>6311227474335049691</MsgId>
</xml>

2016-07-25 19:45:55 params :
------------
Array:
rule : -2 ;
module :  ;
message : Array ;

2016-07-25 19:45:55 response :
------------

2016-07-25 20:38:37 trace :
------------
String:
<xml><ToUserName><![CDATA[gh_0eab716966d4]]></ToUserName>
<FromUserName><![CDATA[oSoVuwAs7fdAXEHg9stQ15qGLlAg]]></FromUserName>
<CreateTime>1469450317</CreateTime>
<MsgType><![CDATA[event]]></MsgType>
<Event><![CDATA[VIEW]]></Event>
<EventKey><![CDATA[http://www.9kpu.com/app/index.php?i=28&c=home&]]></EventKey>
<MenuId>414492131</MenuId>
</xml>

2016-07-25 20:38:37 params :
------------
Array:
rule : -2 ;
module :  ;
message : Array ;

2016-07-25 20:38:37 response :
------------

2016-07-25 20:57:45 trace :
------------
String:
<xml><ToUserName><![CDATA[gh_0eab716966d4]]></ToUserName>
<FromUserName><![CDATA[oSoVuwEM6RRvokO7L7ZYDoe28V-A]]></FromUserName>
<CreateTime>1469451465</CreateTime>
<MsgType><![CDATA[event]]></MsgType>
<Event><![CDATA[subscribe]]></Event>
<EventKey><![CDATA[]]></EventKey>
</xml>

2016-07-25 20:57:45 params :
------------
Array:
rule : -2 ;
module :  ;
message : Array ;

2016-07-25 20:57:45 response :
------------

2016-07-25 20:58:53 trace :
------------
String:
<xml><ToUserName><![CDATA[gh_0eab716966d4]]></ToUserName>
<FromUserName><![CDATA[oSoVuwEM6RRvokO7L7ZYDoe28V-A]]></FromUserName>
<CreateTime>1469451533</CreateTime>
<MsgType><![CDATA[event]]></MsgType>
<Event><![CDATA[VIEW]]></Event>
<EventKey><![CDATA[http://www.9kpu.com/app/index.php?i=28&c=home&]]></EventKey>
<MenuId>414492131</MenuId>
</xml>

2016-07-25 20:58:53 params :
------------
Array:
rule : -2 ;
module :  ;
message : Array ;

2016-07-25 20:58:53 response :
------------

2016-07-25 20:59:03 trace :
------------
String:
<xml><ToUserName><![CDATA[gh_0eab716966d4]]></ToUserName>
<FromUserName><![CDATA[oSoVuwEM6RRvokO7L7ZYDoe28V-A]]></FromUserName>
<CreateTime>1469451543</CreateTime>
<MsgType><![CDATA[event]]></MsgType>
<Event><![CDATA[VIEW]]></Event>
<EventKey><![CDATA[http://www.9kpu.com/app/index.php?i=28&c=home&]]></EventKey>
<MenuId>414492131</MenuId>
</xml>

2016-07-25 20:59:03 params :
------------
Array:
rule : -2 ;
module :  ;
message : Array ;

2016-07-25 20:59:03 response :
------------

2016-07-25 20:59:52 trace :
------------
String:
<xml><ToUserName><![CDATA[gh_0eab716966d4]]></ToUserName>
<FromUserName><![CDATA[oSoVuwEM6RRvokO7L7ZYDoe28V-A]]></FromUserName>
<CreateTime>1469451592</CreateTime>
<MsgType><![CDATA[event]]></MsgType>
<Event><![CDATA[VIEW]]></Event>
<EventKey><![CDATA[http://www.9kpu.com/app/index.php?i=28&c=entry&eid=1]]></EventKey>
<MenuId>414492131</MenuId>
</xml>

2016-07-25 20:59:52 params :
------------
Array:
rule : -2 ;
module :  ;
message : Array ;

2016-07-25 20:59:52 response :
------------

2016-07-25 22:02:41 trace :
------------
String:
<xml><ToUserName><![CDATA[gh_7d1762dac7c2]]></ToUserName>
<FromUserName><![CDATA[o8AZcwK6pVedPxm81pvr3ctP1m8Y]]></FromUserName>
<CreateTime>1469455361</CreateTime>
<MsgType><![CDATA[event]]></MsgType>
<Event><![CDATA[unsubscribe]]></Event>
<EventKey><![CDATA[]]></EventKey>
</xml>

2016-07-25 23:57:14 trace :
------------
String:
<xml><ToUserName><![CDATA[gh_0eab716966d4]]></ToUserName>
<FromUserName><![CDATA[oSoVuwIkR-cCLrx7oLaHnz45cCT8]]></FromUserName>
<CreateTime>1469462234</CreateTime>
<MsgType><![CDATA[event]]></MsgType>
<Event><![CDATA[subscribe]]></Event>
<EventKey><![CDATA[]]></EventKey>
</xml>

2016-07-25 23:57:14 params :
------------
Array:
rule : -2 ;
module :  ;
message : Array ;

2016-07-25 23:57:14 response :
------------

2016-07-25 23:57:17 trace :
------------
String:
<xml><ToUserName><![CDATA[gh_0eab716966d4]]></ToUserName>
<FromUserName><![CDATA[oSoVuwIkR-cCLrx7oLaHnz45cCT8]]></FromUserName>
<CreateTime>1469462237</CreateTime>
<MsgType><![CDATA[event]]></MsgType>
<Event><![CDATA[VIEW]]></Event>
<EventKey><![CDATA[http://www.9kpu.com/app/index.php?i=28&c=home&]]></EventKey>
<MenuId>414492131</MenuId>
</xml>

2016-07-25 23:57:17 params :
------------
Array:
rule : -2 ;
module :  ;
message : Array ;

2016-07-25 23:57:17 response :
------------

2016-07-25 23:57:40 trace :
------------
String:
<xml><ToUserName><![CDATA[gh_0eab716966d4]]></ToUserName>
<FromUserName><![CDATA[oSoVuwIkR-cCLrx7oLaHnz45cCT8]]></FromUserName>
<CreateTime>1469462260</CreateTime>
<MsgType><![CDATA[event]]></MsgType>
<Event><![CDATA[VIEW]]></Event>
<EventKey><![CDATA[http://www.9kpu.com/app/index.php?i=28&c=entry&eid=1]]></EventKey>
<MenuId>414492131</MenuId>
</xml>

2016-07-25 23:57:40 params :
------------
Array:
rule : -2 ;
module :  ;
message : Array ;

2016-07-25 23:57:40 response :
------------

2016-07-25 23:57:48 trace :
------------
String:
<xml><ToUserName><![CDATA[gh_0eab716966d4]]></ToUserName>
<FromUserName><![CDATA[oSoVuwIkR-cCLrx7oLaHnz45cCT8]]></FromUserName>
<CreateTime>1469462268</CreateTime>
<MsgType><![CDATA[event]]></MsgType>
<Event><![CDATA[VIEW]]></Event>
<EventKey><![CDATA[http://www.9kpu.com/app/index.php?i=28&c=entry&eid=2]]></EventKey>
<MenuId>414492131</MenuId>
</xml>

2016-07-25 23:57:48 params :
------------
Array:
rule : -2 ;
module :  ;
message : Array ;

2016-07-25 23:57:48 response :
------------

2016-07-25 23:58:00 trace :
------------
String:
<xml><ToUserName><![CDATA[gh_0eab716966d4]]></ToUserName>
<FromUserName><![CDATA[oSoVuwIkR-cCLrx7oLaHnz45cCT8]]></FromUserName>
<CreateTime>1469462280</CreateTime>
<MsgType><![CDATA[event]]></MsgType>
<Event><![CDATA[unsubscribe]]></Event>
<EventKey><![CDATA[]]></EventKey>
</xml>

