2016-09-04 07:08:59 trace :
------------
String:
<xml><ToUserName><![CDATA[gh_2ee031f2e428]]></ToUserName>
<FromUserName><![CDATA[ojDkIwun3niM2bR21QOx8GW4LUtY]]></FromUserName>
<CreateTime>1472944138</CreateTime>
<MsgType><![CDATA[event]]></MsgType>
<Event><![CDATA[subscribe]]></Event>
<EventKey><![CDATA[]]></EventKey>
</xml>

2016-09-04 07:08:59 params :
------------
Array:
rule : -2 ;
module :  ;
message : Array ;

2016-09-04 07:08:59 response :
------------

2016-09-04 07:09:13 trace :
------------
String:
<xml><ToUserName><![CDATA[gh_2ee031f2e428]]></ToUserName>
<FromUserName><![CDATA[ojDkIwun3niM2bR21QOx8GW4LUtY]]></FromUserName>
<CreateTime>1472944153</CreateTime>
<MsgType><![CDATA[event]]></MsgType>
<Event><![CDATA[VIEW]]></Event>
<EventKey><![CDATA[http://www.9kpu.com/app/index.php?i=20&c=entry&do=bangding&m=lianhu_school]]></EventKey>
<MenuId>410679894</MenuId>
</xml>

2016-09-04 07:09:13 params :
------------
Array:
rule : -2 ;
module :  ;
message : Array ;

2016-09-04 07:09:13 response :
------------

2016-09-04 08:00:43 trace :
------------
String:
<xml><ToUserName><![CDATA[gh_4e0c181b7380]]></ToUserName>
<FromUserName><![CDATA[oxtWnv88eiFQAUcAR3D5JNT5bF_Y]]></FromUserName>
<CreateTime>1472947243</CreateTime>
<MsgType><![CDATA[event]]></MsgType>
<Event><![CDATA[subscribe]]></Event>
<EventKey><![CDATA[]]></EventKey>
</xml>

2016-09-04 08:00:43 params :
------------
Array:
message : Array ;
module : default ;
rule : -1 ;

2016-09-04 08:00:43 response :
------------
Array:
params : Array ;

2016-09-04 08:00:51 trace :
------------
String:
<xml><ToUserName><![CDATA[gh_4e0c181b7380]]></ToUserName>
<FromUserName><![CDATA[oxtWnv88eiFQAUcAR3D5JNT5bF_Y]]></FromUserName>
<CreateTime>1472947250</CreateTime>
<MsgType><![CDATA[event]]></MsgType>
<Event><![CDATA[VIEW]]></Event>
<EventKey><![CDATA[http://www.9kpu.com/app/index.php?i=27&c=home&]]></EventKey>
<MenuId>431335658</MenuId>
</xml>

2016-09-04 08:00:51 params :
------------
Array:
message : Array ;
module : default ;
rule : -1 ;

2016-09-04 08:00:51 response :
------------
Array:
params : Array ;

2016-09-04 08:01:00 trace :
------------
String:
<xml><ToUserName><![CDATA[gh_4e0c181b7380]]></ToUserName>
<FromUserName><![CDATA[oxtWnv88eiFQAUcAR3D5JNT5bF_Y]]></FromUserName>
<CreateTime>1472947260</CreateTime>
<MsgType><![CDATA[event]]></MsgType>
<Event><![CDATA[VIEW]]></Event>
<EventKey><![CDATA[http://www.9kpu.com/app/index.php?i=27&c=home&]]></EventKey>
<MenuId>431335658</MenuId>
</xml>

2016-09-04 08:01:00 params :
------------
Array:
message : Array ;
module : default ;
rule : -1 ;

2016-09-04 08:01:00 response :
------------
Array:
params : Array ;

2016-09-04 08:01:58 trace :
------------
String:
<xml><ToUserName><![CDATA[gh_4e0c181b7380]]></ToUserName>
<FromUserName><![CDATA[oxtWnv88eiFQAUcAR3D5JNT5bF_Y]]></FromUserName>
<CreateTime>1472947318</CreateTime>
<MsgType><![CDATA[event]]></MsgType>
<Event><![CDATA[VIEW]]></Event>
<EventKey><![CDATA[http://www.9kpu.com/app/index.php?i=27&c=entry&eid=2]]></EventKey>
<MenuId>431335658</MenuId>
</xml>

2016-09-04 08:01:58 params :
------------
Array:
message : Array ;
module : default ;
rule : -1 ;

2016-09-04 08:01:58 response :
------------
Array:
params : Array ;

2016-09-04 11:41:08 trace :
------------
String:
<xml><ToUserName><![CDATA[gh_0eab716966d4]]></ToUserName>
<FromUserName><![CDATA[oSoVuwKenjx9xiuNuvsiqKW4wM4M]]></FromUserName>
<CreateTime>1472960467</CreateTime>
<MsgType><![CDATA[event]]></MsgType>
<Event><![CDATA[subscribe]]></Event>
<EventKey><![CDATA[]]></EventKey>
</xml>

2016-09-04 11:41:08 params :
------------
Array:
rule : -2 ;
module :  ;
message : Array ;

2016-09-04 11:41:08 response :
------------

2016-09-04 11:41:43 trace :
------------
String:
<xml><ToUserName><![CDATA[gh_0eab716966d4]]></ToUserName>
<FromUserName><![CDATA[oSoVuwKenjx9xiuNuvsiqKW4wM4M]]></FromUserName>
<CreateTime>1472960503</CreateTime>
<MsgType><![CDATA[event]]></MsgType>
<Event><![CDATA[VIEW]]></Event>
<EventKey><![CDATA[http://www.9kpu.com/app/index.php?i=28&c=home&]]></EventKey>
<MenuId>414492131</MenuId>
</xml>

2016-09-04 11:41:43 params :
------------
Array:
rule : -2 ;
module :  ;
message : Array ;

2016-09-04 11:41:43 response :
------------

2016-09-04 11:42:55 trace :
------------
String:
<xml><ToUserName><![CDATA[gh_0eab716966d4]]></ToUserName>
<FromUserName><![CDATA[oSoVuwKenjx9xiuNuvsiqKW4wM4M]]></FromUserName>
<CreateTime>1472960575</CreateTime>
<MsgType><![CDATA[event]]></MsgType>
<Event><![CDATA[VIEW]]></Event>
<EventKey><![CDATA[http://www.9kpu.com/app/index.php?i=28&c=home&]]></EventKey>
<MenuId>414492131</MenuId>
</xml>

2016-09-04 11:42:55 params :
------------
Array:
rule : -2 ;
module :  ;
message : Array ;

2016-09-04 11:42:55 response :
------------

2016-09-04 11:43:12 trace :
------------
String:
<xml><ToUserName><![CDATA[gh_0eab716966d4]]></ToUserName>
<FromUserName><![CDATA[oSoVuwKenjx9xiuNuvsiqKW4wM4M]]></FromUserName>
<CreateTime>1472960592</CreateTime>
<MsgType><![CDATA[event]]></MsgType>
<Event><![CDATA[VIEW]]></Event>
<EventKey><![CDATA[http://www.9kpu.com/app/index.php?i=28&c=home&]]></EventKey>
<MenuId>414492131</MenuId>
</xml>

2016-09-04 11:43:12 params :
------------
Array:
rule : -2 ;
module :  ;
message : Array ;

2016-09-04 11:43:12 response :
------------

2016-09-04 14:11:54 trace :
------------
String:
<xml><ToUserName><![CDATA[gh_e7a0c8306261]]></ToUserName>
<FromUserName><![CDATA[oRj-Fs5QjtciVl9kBRfKQQiKibmI]]></FromUserName>
<CreateTime>1472969514</CreateTime>
<MsgType><![CDATA[event]]></MsgType>
<Event><![CDATA[VIEW]]></Event>
<EventKey><![CDATA[http://www.9kpu.com/app/index.php?i=13&c=entry&eid=1]]></EventKey>
<MenuId>409075692</MenuId>
</xml>

2016-09-04 14:11:54 params :
------------
Array:
message : Array ;
module : basic ;
rule : 22 ;
priority : 0 ;
keyword : Array ;

2016-09-04 14:11:54 response :
------------
Array:
FromUserName : gh_e7a0c8306261 ;
ToUserName : oRj-Fs5QjtciVl9kBRfKQQiKibmI ;
MsgType : text ;
Content : 欢迎关注同城学堂，点击微官网查看本学校介绍信息，家长点击学生天地绑定自己小孩信息使用，老师点击教师信息绑定自己账号使用 ;

2016-09-04 14:29:14 trace :
------------
String:
<xml><ToUserName><![CDATA[gh_e7a0c8306261]]></ToUserName>
<FromUserName><![CDATA[oRj-Fs5QjtciVl9kBRfKQQiKibmI]]></FromUserName>
<CreateTime>1472970554</CreateTime>
<MsgType><![CDATA[event]]></MsgType>
<Event><![CDATA[VIEW]]></Event>
<EventKey><![CDATA[http://www.9kpu.com/app/index.php?i=13&c=entry&eid=1]]></EventKey>
<MenuId>409075692</MenuId>
</xml>

2016-09-04 14:29:14 params :
------------
Array:
message : Array ;
module : basic ;
rule : 22 ;
priority : 0 ;
keyword : Array ;

2016-09-04 14:29:14 response :
------------
Array:
FromUserName : gh_e7a0c8306261 ;
ToUserName : oRj-Fs5QjtciVl9kBRfKQQiKibmI ;
MsgType : text ;
Content : 欢迎关注同城学堂，点击微官网查看本学校介绍信息，家长点击学生天地绑定自己小孩信息使用，老师点击教师信息绑定自己账号使用 ;

2016-09-04 14:30:42 trace :
------------
String:
<xml><ToUserName><![CDATA[gh_e7a0c8306261]]></ToUserName>
<FromUserName><![CDATA[oRj-Fs5QjtciVl9kBRfKQQiKibmI]]></FromUserName>
<CreateTime>1472970642</CreateTime>
<MsgType><![CDATA[event]]></MsgType>
<Event><![CDATA[VIEW]]></Event>
<EventKey><![CDATA[http://www.9kpu.com/app/index.php?i=13&c=entry&eid=1]]></EventKey>
<MenuId>409075692</MenuId>
</xml>

2016-09-04 14:30:42 params :
------------
Array:
message : Array ;
module : basic ;
rule : 22 ;
priority : 0 ;
keyword : Array ;

2016-09-04 14:30:42 response :
------------
Array:
FromUserName : gh_e7a0c8306261 ;
ToUserName : oRj-Fs5QjtciVl9kBRfKQQiKibmI ;
MsgType : text ;
Content : 欢迎关注同城学堂，点击微官网查看本学校介绍信息，家长点击学生天地绑定自己小孩信息使用，老师点击教师信息绑定自己账号使用 ;

2016-09-04 14:37:28 trace :
------------
String:
<xml><ToUserName><![CDATA[gh_e7a0c8306261]]></ToUserName>
<FromUserName><![CDATA[oRj-Fs5QjtciVl9kBRfKQQiKibmI]]></FromUserName>
<CreateTime>1472971048</CreateTime>
<MsgType><![CDATA[event]]></MsgType>
<Event><![CDATA[VIEW]]></Event>
<EventKey><![CDATA[http://www.9kpu.com/app/index.php?i=13&c=home&]]></EventKey>
<MenuId>409075692</MenuId>
</xml>

2016-09-04 14:37:28 params :
------------
Array:
message : Array ;
module : basic ;
rule : 22 ;
priority : 0 ;
keyword : Array ;

2016-09-04 14:37:28 response :
------------
Array:
FromUserName : gh_e7a0c8306261 ;
ToUserName : oRj-Fs5QjtciVl9kBRfKQQiKibmI ;
MsgType : text ;
Content : 欢迎关注同城学堂，点击微官网查看本学校介绍信息，家长点击学生天地绑定自己小孩信息使用，老师点击教师信息绑定自己账号使用 ;

2016-09-04 14:51:32 trace :
------------
String:
<xml><ToUserName><![CDATA[gh_e7a0c8306261]]></ToUserName>
<FromUserName><![CDATA[oRj-Fs5QjtciVl9kBRfKQQiKibmI]]></FromUserName>
<CreateTime>1472971892</CreateTime>
<MsgType><![CDATA[event]]></MsgType>
<Event><![CDATA[VIEW]]></Event>
<EventKey><![CDATA[http://www.9kpu.com/app/index.php?i=13&c=entry&eid=1]]></EventKey>
<MenuId>409075692</MenuId>
</xml>

2016-09-04 14:51:32 params :
------------
Array:
message : Array ;
module : basic ;
rule : 22 ;
priority : 0 ;
keyword : Array ;

2016-09-04 14:51:32 response :
------------
Array:
FromUserName : gh_e7a0c8306261 ;
ToUserName : oRj-Fs5QjtciVl9kBRfKQQiKibmI ;
MsgType : text ;
Content : 欢迎关注同城学堂，点击微官网查看本学校介绍信息，家长点击学生天地绑定自己小孩信息使用，老师点击教师信息绑定自己账号使用 ;

2016-09-04 18:08:28 trace :
------------
String:
<xml><ToUserName><![CDATA[gh_081ee8610e82]]></ToUserName>
<FromUserName><![CDATA[ohNDtvjnNs-wlmta5xYTj5zZfmSc]]></FromUserName>
<CreateTime>1472983708</CreateTime>
<MsgType><![CDATA[event]]></MsgType>
<Event><![CDATA[VIEW]]></Event>
<EventKey><![CDATA[http://www.9kpu.com/app/index.php?i=4&c=entry&eid=2]]></EventKey>
<MenuId>413434304</MenuId>
</xml>

2016-09-04 18:08:28 params :
------------
Array:
message : Array ;
module : basic ;
rule : 13 ;
priority : 0 ;
keyword : Array ;

2016-09-04 18:08:28 response :
------------
Array:
FromUserName : gh_081ee8610e82 ;
ToUserName : ohNDtvjnNs-wlmta5xYTj5zZfmSc ;
MsgType : text ;
Content : 等你好久了，智慧微校欢迎您。如果您是来逛逛的，请点开微官网查看我们学校的介绍信息。如果您是家长，请点开学生中心，用您家孩子姓名与学号绑定，就可尽情使用微校功能。如果您是老师，请点开微办公，用系统分配的账号与密码完成绑定，使用微校完成家校互动。 ;

2016-09-04 18:09:59 trace :
------------
String:
<xml><ToUserName><![CDATA[gh_081ee8610e82]]></ToUserName>
<FromUserName><![CDATA[ohNDtvjnNs-wlmta5xYTj5zZfmSc]]></FromUserName>
<CreateTime>1472983799</CreateTime>
<MsgType><![CDATA[event]]></MsgType>
<Event><![CDATA[VIEW]]></Event>
<EventKey><![CDATA[http://www.9kpu.com/app/index.php?i=4&c=entry&eid=2]]></EventKey>
<MenuId>413434304</MenuId>
</xml>

2016-09-04 18:09:59 params :
------------
Array:
message : Array ;
module : basic ;
rule : 13 ;
priority : 0 ;
keyword : Array ;

2016-09-04 18:09:59 response :
------------
Array:
FromUserName : gh_081ee8610e82 ;
ToUserName : ohNDtvjnNs-wlmta5xYTj5zZfmSc ;
MsgType : text ;
Content : 等你好久了，智慧微校欢迎您。如果您是来逛逛的，请点开微官网查看我们学校的介绍信息。如果您是家长，请点开学生中心，用您家孩子姓名与学号绑定，就可尽情使用微校功能。如果您是老师，请点开微办公，用系统分配的账号与密码完成绑定，使用微校完成家校互动。 ;

2016-09-04 18:10:02 trace :
------------
String:
<xml><ToUserName><![CDATA[gh_081ee8610e82]]></ToUserName>
<FromUserName><![CDATA[ohNDtvjnNs-wlmta5xYTj5zZfmSc]]></FromUserName>
<CreateTime>1472983802</CreateTime>
<MsgType><![CDATA[event]]></MsgType>
<Event><![CDATA[VIEW]]></Event>
<EventKey><![CDATA[http://www.9kpu.com/app/index.php?i=4&c=entry&eid=1]]></EventKey>
<MenuId>413434304</MenuId>
</xml>

2016-09-04 18:10:02 params :
------------
Array:
message : Array ;
module : basic ;
rule : 13 ;
priority : 0 ;
keyword : Array ;

2016-09-04 18:10:02 response :
------------
Array:
FromUserName : gh_081ee8610e82 ;
ToUserName : ohNDtvjnNs-wlmta5xYTj5zZfmSc ;
MsgType : text ;
Content : 等你好久了，智慧微校欢迎您。如果您是来逛逛的，请点开微官网查看我们学校的介绍信息。如果您是家长，请点开学生中心，用您家孩子姓名与学号绑定，就可尽情使用微校功能。如果您是老师，请点开微办公，用系统分配的账号与密码完成绑定，使用微校完成家校互动。 ;

2016-09-04 18:45:30 trace :
------------
String:
<xml><ToUserName><![CDATA[gh_0eab716966d4]]></ToUserName>
<FromUserName><![CDATA[oSoVuwAuBxFlhdVUyIdpdTsgwdjc]]></FromUserName>
<CreateTime>1472985929</CreateTime>
<MsgType><![CDATA[event]]></MsgType>
<Event><![CDATA[subscribe]]></Event>
<EventKey><![CDATA[]]></EventKey>
</xml>

2016-09-04 18:45:30 params :
------------
Array:
rule : -2 ;
module :  ;
message : Array ;

2016-09-04 18:45:30 response :
------------

2016-09-04 18:45:50 trace :
------------
String:
<xml><ToUserName><![CDATA[gh_0eab716966d4]]></ToUserName>
<FromUserName><![CDATA[oSoVuwAuBxFlhdVUyIdpdTsgwdjc]]></FromUserName>
<CreateTime>1472985950</CreateTime>
<MsgType><![CDATA[event]]></MsgType>
<Event><![CDATA[VIEW]]></Event>
<EventKey><![CDATA[http://www.9kpu.com/app/index.php?i=28&c=entry&eid=1]]></EventKey>
<MenuId>414492131</MenuId>
</xml>

2016-09-04 18:45:50 params :
------------
Array:
rule : -2 ;
module :  ;
message : Array ;

2016-09-04 18:45:50 response :
------------

2016-09-04 18:46:11 trace :
------------
String:
<xml><ToUserName><![CDATA[gh_0eab716966d4]]></ToUserName>
<FromUserName><![CDATA[oSoVuwAuBxFlhdVUyIdpdTsgwdjc]]></FromUserName>
<CreateTime>1472985971</CreateTime>
<MsgType><![CDATA[event]]></MsgType>
<Event><![CDATA[VIEW]]></Event>
<EventKey><![CDATA[http://www.9kpu.com/app/index.php?i=28&c=entry&eid=1]]></EventKey>
<MenuId>414492131</MenuId>
</xml>

2016-09-04 18:46:11 params :
------------
Array:
rule : -2 ;
module :  ;
message : Array ;

2016-09-04 18:46:11 response :
------------

2016-09-04 18:46:29 trace :
------------
String:
<xml><ToUserName><![CDATA[gh_0eab716966d4]]></ToUserName>
<FromUserName><![CDATA[oSoVuwAuBxFlhdVUyIdpdTsgwdjc]]></FromUserName>
<CreateTime>1472985989</CreateTime>
<MsgType><![CDATA[event]]></MsgType>
<Event><![CDATA[VIEW]]></Event>
<EventKey><![CDATA[http://www.9kpu.com/app/index.php?i=28&c=entry&eid=2]]></EventKey>
<MenuId>414492131</MenuId>
</xml>

2016-09-04 18:46:29 params :
------------
Array:
rule : -2 ;
module :  ;
message : Array ;

2016-09-04 18:46:29 response :
------------

2016-09-04 18:46:35 trace :
------------
String:
<xml><ToUserName><![CDATA[gh_0eab716966d4]]></ToUserName>
<FromUserName><![CDATA[oSoVuwAuBxFlhdVUyIdpdTsgwdjc]]></FromUserName>
<CreateTime>1472985995</CreateTime>
<MsgType><![CDATA[event]]></MsgType>
<Event><![CDATA[VIEW]]></Event>
<EventKey><![CDATA[http://www.9kpu.com/app/index.php?i=28&c=entry&eid=1]]></EventKey>
<MenuId>414492131</MenuId>
</xml>

2016-09-04 18:46:35 params :
------------
Array:
rule : -2 ;
module :  ;
message : Array ;

2016-09-04 18:46:35 response :
------------

2016-09-04 18:46:36 trace :
------------
String:
<xml><ToUserName><![CDATA[gh_0eab716966d4]]></ToUserName>
<FromUserName><![CDATA[oSoVuwAuBxFlhdVUyIdpdTsgwdjc]]></FromUserName>
<CreateTime>1472985995</CreateTime>
<MsgType><![CDATA[event]]></MsgType>
<Event><![CDATA[VIEW]]></Event>
<EventKey><![CDATA[http://www.9kpu.com/app/index.php?i=28&c=home&]]></EventKey>
<MenuId>414492131</MenuId>
</xml>

2016-09-04 18:46:36 params :
------------
Array:
rule : -2 ;
module :  ;
message : Array ;

2016-09-04 18:46:36 response :
------------

2016-09-04 18:47:00 trace :
------------
String:
<xml><ToUserName><![CDATA[gh_0eab716966d4]]></ToUserName>
<FromUserName><![CDATA[oSoVuwAuBxFlhdVUyIdpdTsgwdjc]]></FromUserName>
<CreateTime>1472986020</CreateTime>
<MsgType><![CDATA[event]]></MsgType>
<Event><![CDATA[VIEW]]></Event>
<EventKey><![CDATA[http://www.9kpu.com/app/index.php?i=28&c=home&]]></EventKey>
<MenuId>414492131</MenuId>
</xml>

2016-09-04 18:47:00 params :
------------
Array:
rule : -2 ;
module :  ;
message : Array ;

2016-09-04 18:47:00 response :
------------

2016-09-04 18:47:23 trace :
------------
String:
<xml><ToUserName><![CDATA[gh_0eab716966d4]]></ToUserName>
<FromUserName><![CDATA[oSoVuwAuBxFlhdVUyIdpdTsgwdjc]]></FromUserName>
<CreateTime>1472986043</CreateTime>
<MsgType><![CDATA[event]]></MsgType>
<Event><![CDATA[VIEW]]></Event>
<EventKey><![CDATA[http://www.9kpu.com/app/index.php?i=28&c=home&]]></EventKey>
<MenuId>414492131</MenuId>
</xml>

2016-09-04 18:47:23 params :
------------
Array:
rule : -2 ;
module :  ;
message : Array ;

2016-09-04 18:47:23 response :
------------

2016-09-04 20:55:00 trace :
------------
String:
<xml><ToUserName><![CDATA[gh_0eab716966d4]]></ToUserName>
<FromUserName><![CDATA[oSoVuwL-KU04wnisg91ynGo2rsLw]]></FromUserName>
<CreateTime>1472993699</CreateTime>
<MsgType><![CDATA[event]]></MsgType>
<Event><![CDATA[VIEW]]></Event>
<EventKey><![CDATA[http://www.9kpu.com/app/index.php?i=28&c=home&]]></EventKey>
<MenuId>414492131</MenuId>
</xml>

2016-09-04 20:55:00 params :
------------
Array:
rule : -2 ;
module :  ;
message : Array ;

2016-09-04 20:55:00 response :
------------

2016-09-04 21:08:55 trace :
------------
String:
<xml><ToUserName><![CDATA[gh_2a16c32dff4b]]></ToUserName>
<FromUserName><![CDATA[oZF73wM2AlEBWRsuMLWwatUEVnRw]]></FromUserName>
<CreateTime>1472994535</CreateTime>
<MsgType><![CDATA[event]]></MsgType>
<Event><![CDATA[subscribe]]></Event>
<EventKey><![CDATA[]]></EventKey>
</xml>

2016-09-04 21:08:55 params :
------------
Array:
message : Array ;
module : news ;
rule : 56 ;
priority : 0 ;
keyword : Array ;

2016-09-04 21:08:55 response :
------------
Array:
FromUserName : gh_2a16c32dff4b ;
ToUserName : oZF73wM2AlEBWRsuMLWwatUEVnRw ;
MsgType : news ;
ArticleCount : 1 ;
Articles : Array ;

2016-09-04 21:09:10 trace :
------------
String:
<xml><ToUserName><![CDATA[gh_2a16c32dff4b]]></ToUserName>
<FromUserName><![CDATA[oZF73wM2AlEBWRsuMLWwatUEVnRw]]></FromUserName>
<CreateTime>1472994550</CreateTime>
<MsgType><![CDATA[event]]></MsgType>
<Event><![CDATA[VIEW]]></Event>
<EventKey><![CDATA[http://www.9kpu.com/app/index.php?i=26&c=entry&do=teaIn&m=lianhu_school]]></EventKey>
<MenuId>443004588</MenuId>
</xml>

2016-09-04 21:09:10 params :
------------
Array:
message : Array ;
module : news ;
rule : 56 ;
priority : 0 ;
keyword : Array ;

2016-09-04 21:09:10 response :
------------
Array:
FromUserName : gh_2a16c32dff4b ;
ToUserName : oZF73wM2AlEBWRsuMLWwatUEVnRw ;
MsgType : news ;
ArticleCount : 1 ;
Articles : Array ;

2016-09-04 21:09:13 trace :
------------
String:
<xml><ToUserName><![CDATA[gh_2a16c32dff4b]]></ToUserName>
<FromUserName><![CDATA[oZF73wM2AlEBWRsuMLWwatUEVnRw]]></FromUserName>
<CreateTime>1472994553</CreateTime>
<MsgType><![CDATA[event]]></MsgType>
<Event><![CDATA[VIEW]]></Event>
<EventKey><![CDATA[http://www.9kpu.com/app/index.php?i=26&c=entry&eid=1]]></EventKey>
<MenuId>443004588</MenuId>
</xml>

2016-09-04 21:09:13 params :
------------
Array:
message : Array ;
module : news ;
rule : 56 ;
priority : 0 ;
keyword : Array ;

2016-09-04 21:09:13 response :
------------
Array:
FromUserName : gh_2a16c32dff4b ;
ToUserName : oZF73wM2AlEBWRsuMLWwatUEVnRw ;
MsgType : news ;
ArticleCount : 1 ;
Articles : Array ;

2016-09-04 21:09:19 trace :
------------
String:
<xml><ToUserName><![CDATA[gh_2a16c32dff4b]]></ToUserName>
<FromUserName><![CDATA[oZF73wM2AlEBWRsuMLWwatUEVnRw]]></FromUserName>
<CreateTime>1472994559</CreateTime>
<MsgType><![CDATA[event]]></MsgType>
<Event><![CDATA[VIEW]]></Event>
<EventKey><![CDATA[http://www.9kpu.com/app/index.php?i=26&c=home&t=43]]></EventKey>
<MenuId>443004588</MenuId>
</xml>

2016-09-04 21:09:19 params :
------------
Array:
message : Array ;
module : news ;
rule : 56 ;
priority : 0 ;
keyword : Array ;

2016-09-04 21:09:19 response :
------------
Array:
FromUserName : gh_2a16c32dff4b ;
ToUserName : oZF73wM2AlEBWRsuMLWwatUEVnRw ;
MsgType : news ;
ArticleCount : 1 ;
Articles : Array ;

