2016-04-16 00:24:58 trace :
------------
String:
<xml><ToUserName><![CDATA[gh_081ee8610e82]]></ToUserName>
<FromUserName><![CDATA[ohNDtvjnNs-wlmta5xYTj5zZfmSc]]></FromUserName>
<CreateTime>1460737497</CreateTime>
<MsgType><![CDATA[event]]></MsgType>
<Event><![CDATA[VIEW]]></Event>
<EventKey><![CDATA[http://m.igrow.cn/m/school/website/1390]]></EventKey>
<MenuId>402697403</MenuId>
</xml>

2016-04-16 00:24:58 params :
------------
Array:
message : Array ;
module : basic ;
rule : 14 ;
priority : 0 ;
keyword : Array ;

2016-04-16 00:24:58 response :
------------
Array:
FromUserName : gh_081ee8610e82 ;
ToUserName : ohNDtvjnNs-wlmta5xYTj5zZfmSc ;
MsgType : text ;
Content : 欢迎关注杭州师范大学附属仓前实验中学，请点击菜单使用。 ;

2016-04-16 00:25:03 trace :
------------
String:
<xml><ToUserName><![CDATA[gh_081ee8610e82]]></ToUserName>
<FromUserName><![CDATA[ohNDtvjnNs-wlmta5xYTj5zZfmSc]]></FromUserName>
<CreateTime>1460737503</CreateTime>
<MsgType><![CDATA[event]]></MsgType>
<Event><![CDATA[VIEW]]></Event>
<EventKey><![CDATA[http://www.9kpu.com/app/index.php?i=4&c=entry&eid=1]]></EventKey>
<MenuId>402697403</MenuId>
</xml>

2016-04-16 00:25:03 params :
------------
Array:
message : Array ;
module : basic ;
rule : 14 ;
priority : 0 ;
keyword : Array ;

2016-04-16 00:25:03 response :
------------
Array:
FromUserName : gh_081ee8610e82 ;
ToUserName : ohNDtvjnNs-wlmta5xYTj5zZfmSc ;
MsgType : text ;
Content : 欢迎关注杭州师范大学附属仓前实验中学，请点击菜单使用。 ;

2016-04-16 00:25:07 trace :
------------
String:
<xml><ToUserName><![CDATA[gh_081ee8610e82]]></ToUserName>
<FromUserName><![CDATA[ohNDtvjnNs-wlmta5xYTj5zZfmSc]]></FromUserName>
<CreateTime>1460737507</CreateTime>
<MsgType><![CDATA[event]]></MsgType>
<Event><![CDATA[VIEW]]></Event>
<EventKey><![CDATA[http://www.9kpu.com/app/index.php?i=4&c=entry&eid=2]]></EventKey>
<MenuId>402697403</MenuId>
</xml>

2016-04-16 00:25:07 params :
------------
Array:
message : Array ;
module : basic ;
rule : 14 ;
priority : 0 ;
keyword : Array ;

2016-04-16 00:25:07 response :
------------
Array:
FromUserName : gh_081ee8610e82 ;
ToUserName : ohNDtvjnNs-wlmta5xYTj5zZfmSc ;
MsgType : text ;
Content : 欢迎关注杭州师范大学附属仓前实验中学，请点击菜单使用。 ;

2016-04-16 00:49:20 trace :
------------
String:
<xml><ToUserName><![CDATA[gh_081ee8610e82]]></ToUserName>
<FromUserName><![CDATA[ohNDtvjnNs-wlmta5xYTj5zZfmSc]]></FromUserName>
<CreateTime>1460738960</CreateTime>
<MsgType><![CDATA[event]]></MsgType>
<Event><![CDATA[VIEW]]></Event>
<EventKey><![CDATA[http://www.9kpu.com/app/index.php?i=4&c=entry&eid=2]]></EventKey>
<MenuId>402697403</MenuId>
</xml>

2016-04-16 00:49:20 params :
------------
Array:
message : Array ;
module : basic ;
rule : 14 ;
priority : 0 ;
keyword : Array ;

2016-04-16 00:49:20 response :
------------
Array:
FromUserName : gh_081ee8610e82 ;
ToUserName : ohNDtvjnNs-wlmta5xYTj5zZfmSc ;
MsgType : text ;
Content : 欢迎关注杭州师范大学附属仓前实验中学，请点击菜单使用。 ;

2016-04-16 00:49:40 trace :
------------
String:
<xml><ToUserName><![CDATA[gh_081ee8610e82]]></ToUserName>
<FromUserName><![CDATA[ohNDtvjnNs-wlmta5xYTj5zZfmSc]]></FromUserName>
<CreateTime>1460738980</CreateTime>
<MsgType><![CDATA[event]]></MsgType>
<Event><![CDATA[VIEW]]></Event>
<EventKey><![CDATA[http://www.9kpu.com/app/index.php?i=4&c=entry&eid=1]]></EventKey>
<MenuId>402697403</MenuId>
</xml>

2016-04-16 00:49:40 params :
------------
Array:
message : Array ;
module : basic ;
rule : 14 ;
priority : 0 ;
keyword : Array ;

2016-04-16 00:49:40 response :
------------
Array:
FromUserName : gh_081ee8610e82 ;
ToUserName : ohNDtvjnNs-wlmta5xYTj5zZfmSc ;
MsgType : text ;
Content : 欢迎关注杭州师范大学附属仓前实验中学，请点击菜单使用。 ;

2016-04-16 00:50:04 trace :
------------
String:
<xml><ToUserName><![CDATA[gh_081ee8610e82]]></ToUserName>
<FromUserName><![CDATA[ohNDtvjnNs-wlmta5xYTj5zZfmSc]]></FromUserName>
<CreateTime>1460739004</CreateTime>
<MsgType><![CDATA[event]]></MsgType>
<Event><![CDATA[VIEW]]></Event>
<EventKey><![CDATA[http://m.igrow.cn/m/school/website/1390]]></EventKey>
<MenuId>402697403</MenuId>
</xml>

2016-04-16 00:50:04 params :
------------
Array:
message : Array ;
module : basic ;
rule : 14 ;
priority : 0 ;
keyword : Array ;

2016-04-16 00:50:04 response :
------------
Array:
FromUserName : gh_081ee8610e82 ;
ToUserName : ohNDtvjnNs-wlmta5xYTj5zZfmSc ;
MsgType : text ;
Content : 欢迎关注杭州师范大学附属仓前实验中学，请点击菜单使用。 ;

2016-04-16 01:06:42 trace :
------------
String:
<xml><ToUserName><![CDATA[gh_081ee8610e82]]></ToUserName>
<FromUserName><![CDATA[ohNDtvjnNs-wlmta5xYTj5zZfmSc]]></FromUserName>
<CreateTime>1460740002</CreateTime>
<MsgType><![CDATA[event]]></MsgType>
<Event><![CDATA[VIEW]]></Event>
<EventKey><![CDATA[http://www.9kpu.com/app/index.php?i=4&c=entry&eid=1]]></EventKey>
<MenuId>402697403</MenuId>
</xml>

2016-04-16 01:06:42 params :
------------
Array:
message : Array ;
module : basic ;
rule : 14 ;
priority : 0 ;
keyword : Array ;

2016-04-16 01:06:42 response :
------------
Array:
FromUserName : gh_081ee8610e82 ;
ToUserName : ohNDtvjnNs-wlmta5xYTj5zZfmSc ;
MsgType : text ;
Content : 欢迎关注杭州师范大学附属仓前实验中学，请点击菜单使用。 ;

2016-04-16 01:10:40 trace :
------------
String:
<xml><ToUserName><![CDATA[gh_081ee8610e82]]></ToUserName>
<FromUserName><![CDATA[ohNDtvjnNs-wlmta5xYTj5zZfmSc]]></FromUserName>
<CreateTime>1460740240</CreateTime>
<MsgType><![CDATA[event]]></MsgType>
<Event><![CDATA[VIEW]]></Event>
<EventKey><![CDATA[http://m.igrow.cn/m/school/website/1390]]></EventKey>
<MenuId>402697403</MenuId>
</xml>

2016-04-16 01:10:40 params :
------------
Array:
message : Array ;
module : basic ;
rule : 14 ;
priority : 0 ;
keyword : Array ;

2016-04-16 01:10:40 response :
------------
Array:
FromUserName : gh_081ee8610e82 ;
ToUserName : ohNDtvjnNs-wlmta5xYTj5zZfmSc ;
MsgType : text ;
Content : 欢迎关注杭州师范大学附属仓前实验中学，请点击菜单使用。 ;

2016-04-16 04:07:01 trace :
------------
String:
<xml><ToUserName><![CDATA[gh_081ee8610e82]]></ToUserName>
<FromUserName><![CDATA[ohNDtvjueIkLU7218kMXz93i7DY8]]></FromUserName>
<CreateTime>1460750821</CreateTime>
<MsgType><![CDATA[event]]></MsgType>
<Event><![CDATA[VIEW]]></Event>
<EventKey><![CDATA[http://www.9kpu.com/app/index.php?i=4&c=entry&eid=2]]></EventKey>
<MenuId>402697403</MenuId>
</xml>

2016-04-16 04:07:01 params :
------------
Array:
message : Array ;
module : basic ;
rule : 14 ;
priority : 0 ;
keyword : Array ;

2016-04-16 04:07:01 response :
------------
Array:
FromUserName : gh_081ee8610e82 ;
ToUserName : ohNDtvjueIkLU7218kMXz93i7DY8 ;
MsgType : text ;
Content : 欢迎关注杭州师范大学附属仓前实验中学，请点击菜单使用。 ;

2016-04-16 04:08:17 trace :
------------
String:
<xml><ToUserName><![CDATA[gh_081ee8610e82]]></ToUserName>
<FromUserName><![CDATA[ohNDtvodQbJscFvVHtC4xh757R2Y]]></FromUserName>
<CreateTime>1460750897</CreateTime>
<MsgType><![CDATA[event]]></MsgType>
<Event><![CDATA[TEMPLATESENDJOBFINISH]]></Event>
<MsgID>403820996</MsgID>
<Status><![CDATA[success]]></Status>
</xml>

2016-04-16 04:08:17 params :
------------
Array:
message : Array ;
module : basic ;
rule : 14 ;
priority : 0 ;
keyword : Array ;

2016-04-16 04:08:17 response :
------------
Array:
FromUserName : gh_081ee8610e82 ;
ToUserName : ohNDtvodQbJscFvVHtC4xh757R2Y ;
MsgType : text ;
Content : 欢迎关注杭州师范大学附属仓前实验中学，请点击菜单使用。 ;

2016-04-16 04:08:19 trace :
------------
String:
<xml><ToUserName><![CDATA[gh_081ee8610e82]]></ToUserName>
<FromUserName><![CDATA[ohNDtvjueIkLU7218kMXz93i7DY8]]></FromUserName>
<CreateTime>1460750899</CreateTime>
<MsgType><![CDATA[event]]></MsgType>
<Event><![CDATA[TEMPLATESENDJOBFINISH]]></Event>
<MsgID>403820997</MsgID>
<Status><![CDATA[success]]></Status>
</xml>

2016-04-16 04:08:19 params :
------------
Array:
message : Array ;
module : basic ;
rule : 14 ;
priority : 0 ;
keyword : Array ;

2016-04-16 04:08:19 response :
------------
Array:
FromUserName : gh_081ee8610e82 ;
ToUserName : ohNDtvjueIkLU7218kMXz93i7DY8 ;
MsgType : text ;
Content : 欢迎关注杭州师范大学附属仓前实验中学，请点击菜单使用。 ;

2016-04-16 04:08:20 trace :
------------
String:
<xml><ToUserName><![CDATA[gh_081ee8610e82]]></ToUserName>
<FromUserName><![CDATA[ohNDtvkeWXnpuBxFM10UhLIOhnYQ]]></FromUserName>
<CreateTime>1460750900</CreateTime>
<MsgType><![CDATA[event]]></MsgType>
<Event><![CDATA[TEMPLATESENDJOBFINISH]]></Event>
<MsgID>403820998</MsgID>
<Status><![CDATA[success]]></Status>
</xml>

2016-04-16 04:08:20 params :
------------
Array:
message : Array ;
module : basic ;
rule : 14 ;
priority : 0 ;
keyword : Array ;

2016-04-16 04:08:20 response :
------------
Array:
FromUserName : gh_081ee8610e82 ;
ToUserName : ohNDtvkeWXnpuBxFM10UhLIOhnYQ ;
MsgType : text ;
Content : 欢迎关注杭州师范大学附属仓前实验中学，请点击菜单使用。 ;

2016-04-16 04:08:21 trace :
------------
String:
<xml><ToUserName><![CDATA[gh_081ee8610e82]]></ToUserName>
<FromUserName><![CDATA[ohNDtvv8PDFqifacH9rwLYMejnDw]]></FromUserName>
<CreateTime>1460750901</CreateTime>
<MsgType><![CDATA[event]]></MsgType>
<Event><![CDATA[TEMPLATESENDJOBFINISH]]></Event>
<MsgID>403820999</MsgID>
<Status><![CDATA[success]]></Status>
</xml>

2016-04-16 04:08:21 params :
------------
Array:
message : Array ;
module : basic ;
rule : 14 ;
priority : 0 ;
keyword : Array ;

2016-04-16 04:08:21 response :
------------
Array:
FromUserName : gh_081ee8610e82 ;
ToUserName : ohNDtvv8PDFqifacH9rwLYMejnDw ;
MsgType : text ;
Content : 欢迎关注杭州师范大学附属仓前实验中学，请点击菜单使用。 ;

2016-04-16 04:08:22 trace :
------------
String:
<xml><ToUserName><![CDATA[gh_081ee8610e82]]></ToUserName>
<FromUserName><![CDATA[ohNDtvrzJTuMXHGoR40KamuNJxCs]]></FromUserName>
<CreateTime>1460750902</CreateTime>
<MsgType><![CDATA[event]]></MsgType>
<Event><![CDATA[TEMPLATESENDJOBFINISH]]></Event>
<MsgID>403821000</MsgID>
<Status><![CDATA[success]]></Status>
</xml>

2016-04-16 04:08:22 params :
------------
Array:
message : Array ;
module : basic ;
rule : 14 ;
priority : 0 ;
keyword : Array ;

2016-04-16 04:08:22 response :
------------
Array:
FromUserName : gh_081ee8610e82 ;
ToUserName : ohNDtvrzJTuMXHGoR40KamuNJxCs ;
MsgType : text ;
Content : 欢迎关注杭州师范大学附属仓前实验中学，请点击菜单使用。 ;

2016-04-16 04:08:23 trace :
------------
String:
<xml><ToUserName><![CDATA[gh_081ee8610e82]]></ToUserName>
<FromUserName><![CDATA[ohNDtvlBtCuGnGpEOMyuUTlrZ0Gs]]></FromUserName>
<CreateTime>1460750902</CreateTime>
<MsgType><![CDATA[event]]></MsgType>
<Event><![CDATA[TEMPLATESENDJOBFINISH]]></Event>
<MsgID>403821001</MsgID>
<Status><![CDATA[failed:user block]]></Status>
</xml>

2016-04-16 04:08:23 params :
------------
Array:
message : Array ;
module : basic ;
rule : 14 ;
priority : 0 ;
keyword : Array ;

2016-04-16 04:08:23 response :
------------
Array:
FromUserName : gh_081ee8610e82 ;
ToUserName : ohNDtvlBtCuGnGpEOMyuUTlrZ0Gs ;
MsgType : text ;
Content : 欢迎关注杭州师范大学附属仓前实验中学，请点击菜单使用。 ;

2016-04-16 04:08:24 trace :
------------
String:
<xml><ToUserName><![CDATA[gh_081ee8610e82]]></ToUserName>
<FromUserName><![CDATA[ohNDtvjnNs-wlmta5xYTj5zZfmSc]]></FromUserName>
<CreateTime>1460750904</CreateTime>
<MsgType><![CDATA[event]]></MsgType>
<Event><![CDATA[TEMPLATESENDJOBFINISH]]></Event>
<MsgID>403821002</MsgID>
<Status><![CDATA[success]]></Status>
</xml>

2016-04-16 04:08:24 params :
------------
Array:
message : Array ;
module : basic ;
rule : 14 ;
priority : 0 ;
keyword : Array ;

2016-04-16 04:08:24 response :
------------
Array:
FromUserName : gh_081ee8610e82 ;
ToUserName : ohNDtvjnNs-wlmta5xYTj5zZfmSc ;
MsgType : text ;
Content : 欢迎关注杭州师范大学附属仓前实验中学，请点击菜单使用。 ;

2016-04-16 07:50:48 trace :
------------
String:
<xml><ToUserName><![CDATA[gh_081ee8610e82]]></ToUserName>
<FromUserName><![CDATA[ohNDtvv8PDFqifacH9rwLYMejnDw]]></FromUserName>
<CreateTime>1460764248</CreateTime>
<MsgType><![CDATA[event]]></MsgType>
<Event><![CDATA[VIEW]]></Event>
<EventKey><![CDATA[http://www.9kpu.com/app/index.php?i=4&c=entry&eid=2]]></EventKey>
<MenuId>402697403</MenuId>
</xml>

2016-04-16 07:50:48 params :
------------
Array:
message : Array ;
module : basic ;
rule : 14 ;
priority : 0 ;
keyword : Array ;

2016-04-16 07:50:48 response :
------------
Array:
FromUserName : gh_081ee8610e82 ;
ToUserName : ohNDtvv8PDFqifacH9rwLYMejnDw ;
MsgType : text ;
Content : 欢迎关注杭州师范大学附属仓前实验中学，请点击菜单使用。 ;

2016-04-16 08:23:50 trace :
------------
String:
<xml><ToUserName><![CDATA[gh_2157a6c86a35]]></ToUserName>
<FromUserName><![CDATA[oEcottwK_6E4HwqL0rAUqLFY2GsI]]></FromUserName>
<CreateTime>1460766230</CreateTime>
<MsgType><![CDATA[event]]></MsgType>
<Event><![CDATA[CLICK]]></Event>
<EventKey><![CDATA[concat.parent]]></EventKey>
</xml>

2016-04-16 08:23:50 params :
------------
Array:
rule : -2 ;
module :  ;
message : Array ;

2016-04-16 08:23:50 response :
------------

2016-04-16 09:26:21 trace :
------------
String:
<xml><ToUserName><![CDATA[gh_081ee8610e82]]></ToUserName>
<FromUserName><![CDATA[ohNDtvktnejqBs4Bf90vbGp9cQ_E]]></FromUserName>
<CreateTime>1460769981</CreateTime>
<MsgType><![CDATA[event]]></MsgType>
<Event><![CDATA[VIEW]]></Event>
<EventKey><![CDATA[http://www.9kpu.com/app/index.php?i=4&c=entry&eid=1]]></EventKey>
<MenuId>402697403</MenuId>
</xml>

2016-04-16 09:26:21 params :
------------
Array:
message : Array ;
module : basic ;
rule : 14 ;
priority : 0 ;
keyword : Array ;

2016-04-16 09:26:21 response :
------------
Array:
FromUserName : gh_081ee8610e82 ;
ToUserName : ohNDtvktnejqBs4Bf90vbGp9cQ_E ;
MsgType : text ;
Content : 欢迎关注杭州师范大学附属仓前实验中学，请点击菜单使用。 ;

2016-04-16 09:27:58 trace :
------------
String:
<xml><ToUserName><![CDATA[gh_081ee8610e82]]></ToUserName>
<FromUserName><![CDATA[ohNDtvktnejqBs4Bf90vbGp9cQ_E]]></FromUserName>
<CreateTime>1460770078</CreateTime>
<MsgType><![CDATA[event]]></MsgType>
<Event><![CDATA[VIEW]]></Event>
<EventKey><![CDATA[http://www.9kpu.com/app/index.php?i=4&c=entry&eid=2]]></EventKey>
<MenuId>402697403</MenuId>
</xml>

2016-04-16 09:27:58 params :
------------
Array:
message : Array ;
module : basic ;
rule : 14 ;
priority : 0 ;
keyword : Array ;

2016-04-16 09:27:58 response :
------------
Array:
FromUserName : gh_081ee8610e82 ;
ToUserName : ohNDtvktnejqBs4Bf90vbGp9cQ_E ;
MsgType : text ;
Content : 欢迎关注杭州师范大学附属仓前实验中学，请点击菜单使用。 ;

2016-04-16 09:28:05 trace :
------------
String:
<xml><ToUserName><![CDATA[gh_081ee8610e82]]></ToUserName>
<FromUserName><![CDATA[ohNDtvktnejqBs4Bf90vbGp9cQ_E]]></FromUserName>
<CreateTime>1460770085</CreateTime>
<MsgType><![CDATA[event]]></MsgType>
<Event><![CDATA[VIEW]]></Event>
<EventKey><![CDATA[http://www.9kpu.com/app/index.php?i=4&c=entry&eid=1]]></EventKey>
<MenuId>402697403</MenuId>
</xml>

2016-04-16 09:28:05 params :
------------
Array:
message : Array ;
module : basic ;
rule : 14 ;
priority : 0 ;
keyword : Array ;

2016-04-16 09:28:05 response :
------------
Array:
FromUserName : gh_081ee8610e82 ;
ToUserName : ohNDtvktnejqBs4Bf90vbGp9cQ_E ;
MsgType : text ;
Content : 欢迎关注杭州师范大学附属仓前实验中学，请点击菜单使用。 ;

2016-04-16 09:29:12 trace :
------------
String:
<xml><ToUserName><![CDATA[gh_081ee8610e82]]></ToUserName>
<FromUserName><![CDATA[ohNDtvktnejqBs4Bf90vbGp9cQ_E]]></FromUserName>
<CreateTime>1460770152</CreateTime>
<MsgType><![CDATA[event]]></MsgType>
<Event><![CDATA[VIEW]]></Event>
<EventKey><![CDATA[http://www.9kpu.com/app/index.php?i=4&c=entry&eid=2]]></EventKey>
<MenuId>402697403</MenuId>
</xml>

2016-04-16 09:29:12 params :
------------
Array:
message : Array ;
module : basic ;
rule : 14 ;
priority : 0 ;
keyword : Array ;

2016-04-16 09:29:12 response :
------------
Array:
FromUserName : gh_081ee8610e82 ;
ToUserName : ohNDtvktnejqBs4Bf90vbGp9cQ_E ;
MsgType : text ;
Content : 欢迎关注杭州师范大学附属仓前实验中学，请点击菜单使用。 ;

2016-04-16 09:40:13 trace :
------------
String:
<xml><ToUserName><![CDATA[gh_081ee8610e82]]></ToUserName>
<FromUserName><![CDATA[ohNDtvuie-H2xgJLk_GK1MFU-CNU]]></FromUserName>
<CreateTime>1460770813</CreateTime>
<MsgType><![CDATA[event]]></MsgType>
<Event><![CDATA[VIEW]]></Event>
<EventKey><![CDATA[http://www.9kpu.com/app/index.php?i=4&c=entry&eid=2]]></EventKey>
<MenuId>402697403</MenuId>
</xml>

2016-04-16 09:40:13 params :
------------
Array:
message : Array ;
module : basic ;
rule : 14 ;
priority : 0 ;
keyword : Array ;

2016-04-16 09:40:13 response :
------------
Array:
FromUserName : gh_081ee8610e82 ;
ToUserName : ohNDtvuie-H2xgJLk_GK1MFU-CNU ;
MsgType : text ;
Content : 欢迎关注杭州师范大学附属仓前实验中学，请点击菜单使用。 ;

2016-04-16 09:40:47 trace :
------------
String:
<xml><ToUserName><![CDATA[gh_081ee8610e82]]></ToUserName>
<FromUserName><![CDATA[ohNDtvktnejqBs4Bf90vbGp9cQ_E]]></FromUserName>
<CreateTime>1460770847</CreateTime>
<MsgType><![CDATA[event]]></MsgType>
<Event><![CDATA[VIEW]]></Event>
<EventKey><![CDATA[http://m.igrow.cn/m/school/website/1390]]></EventKey>
<MenuId>402697403</MenuId>
</xml>

2016-04-16 09:40:47 params :
------------
Array:
message : Array ;
module : basic ;
rule : 14 ;
priority : 0 ;
keyword : Array ;

2016-04-16 09:40:47 response :
------------
Array:
FromUserName : gh_081ee8610e82 ;
ToUserName : ohNDtvktnejqBs4Bf90vbGp9cQ_E ;
MsgType : text ;
Content : 欢迎关注杭州师范大学附属仓前实验中学，请点击菜单使用。 ;

2016-04-16 09:42:59 trace :
------------
String:
<xml><ToUserName><![CDATA[gh_081ee8610e82]]></ToUserName>
<FromUserName><![CDATA[ohNDtvktnejqBs4Bf90vbGp9cQ_E]]></FromUserName>
<CreateTime>1460770979</CreateTime>
<MsgType><![CDATA[event]]></MsgType>
<Event><![CDATA[VIEW]]></Event>
<EventKey><![CDATA[http://www.9kpu.com/app/index.php?i=4&c=entry&eid=1]]></EventKey>
<MenuId>402697403</MenuId>
</xml>

2016-04-16 09:42:59 params :
------------
Array:
message : Array ;
module : basic ;
rule : 14 ;
priority : 0 ;
keyword : Array ;

2016-04-16 09:42:59 response :
------------
Array:
FromUserName : gh_081ee8610e82 ;
ToUserName : ohNDtvktnejqBs4Bf90vbGp9cQ_E ;
MsgType : text ;
Content : 欢迎关注杭州师范大学附属仓前实验中学，请点击菜单使用。 ;

2016-04-16 09:50:41 trace :
------------
String:
<xml><ToUserName><![CDATA[gh_081ee8610e82]]></ToUserName>
<FromUserName><![CDATA[ohNDtvktnejqBs4Bf90vbGp9cQ_E]]></FromUserName>
<CreateTime>1460771441</CreateTime>
<MsgType><![CDATA[event]]></MsgType>
<Event><![CDATA[VIEW]]></Event>
<EventKey><![CDATA[http://m.igrow.cn/m/school/website/1390]]></EventKey>
<MenuId>402697403</MenuId>
</xml>

2016-04-16 09:50:41 params :
------------
Array:
message : Array ;
module : basic ;
rule : 14 ;
priority : 0 ;
keyword : Array ;

2016-04-16 09:50:41 response :
------------
Array:
FromUserName : gh_081ee8610e82 ;
ToUserName : ohNDtvktnejqBs4Bf90vbGp9cQ_E ;
MsgType : text ;
Content : 欢迎关注杭州师范大学附属仓前实验中学，请点击菜单使用。 ;

2016-04-16 10:05:13 trace :
------------
String:
<xml><ToUserName><![CDATA[gh_081ee8610e82]]></ToUserName>
<FromUserName><![CDATA[ohNDtvkuUT0Z6ifb5azdErnhHh7k]]></FromUserName>
<CreateTime>1460772313</CreateTime>
<MsgType><![CDATA[event]]></MsgType>
<Event><![CDATA[VIEW]]></Event>
<EventKey><![CDATA[http://m.igrow.cn/m/school/website/1390]]></EventKey>
<MenuId>402697403</MenuId>
</xml>

2016-04-16 10:05:13 params :
------------
Array:
message : Array ;
module : basic ;
rule : 14 ;
priority : 0 ;
keyword : Array ;

2016-04-16 10:05:13 response :
------------
Array:
FromUserName : gh_081ee8610e82 ;
ToUserName : ohNDtvkuUT0Z6ifb5azdErnhHh7k ;
MsgType : text ;
Content : 欢迎关注杭州师范大学附属仓前实验中学，请点击菜单使用。 ;

2016-04-16 10:05:39 trace :
------------
String:
<xml><ToUserName><![CDATA[gh_081ee8610e82]]></ToUserName>
<FromUserName><![CDATA[ohNDtvkuUT0Z6ifb5azdErnhHh7k]]></FromUserName>
<CreateTime>1460772339</CreateTime>
<MsgType><![CDATA[event]]></MsgType>
<Event><![CDATA[VIEW]]></Event>
<EventKey><![CDATA[http://www.9kpu.com/app/index.php?i=4&c=entry&eid=1]]></EventKey>
<MenuId>402697403</MenuId>
</xml>

2016-04-16 10:05:39 params :
------------
Array:
message : Array ;
module : basic ;
rule : 14 ;
priority : 0 ;
keyword : Array ;

2016-04-16 10:05:39 response :
------------
Array:
FromUserName : gh_081ee8610e82 ;
ToUserName : ohNDtvkuUT0Z6ifb5azdErnhHh7k ;
MsgType : text ;
Content : 欢迎关注杭州师范大学附属仓前实验中学，请点击菜单使用。 ;

2016-04-16 10:05:43 trace :
------------
String:
<xml><ToUserName><![CDATA[gh_081ee8610e82]]></ToUserName>
<FromUserName><![CDATA[ohNDtvkuUT0Z6ifb5azdErnhHh7k]]></FromUserName>
<CreateTime>1460772343</CreateTime>
<MsgType><![CDATA[event]]></MsgType>
<Event><![CDATA[VIEW]]></Event>
<EventKey><![CDATA[http://m.igrow.cn/m/school/website/1390]]></EventKey>
<MenuId>402697403</MenuId>
</xml>

2016-04-16 10:05:43 params :
------------
Array:
message : Array ;
module : basic ;
rule : 14 ;
priority : 0 ;
keyword : Array ;

2016-04-16 10:05:43 response :
------------
Array:
FromUserName : gh_081ee8610e82 ;
ToUserName : ohNDtvkuUT0Z6ifb5azdErnhHh7k ;
MsgType : text ;
Content : 欢迎关注杭州师范大学附属仓前实验中学，请点击菜单使用。 ;

2016-04-16 10:05:55 trace :
------------
String:
<xml><ToUserName><![CDATA[gh_081ee8610e82]]></ToUserName>
<FromUserName><![CDATA[ohNDtvkuUT0Z6ifb5azdErnhHh7k]]></FromUserName>
<CreateTime>1460772355</CreateTime>
<MsgType><![CDATA[event]]></MsgType>
<Event><![CDATA[VIEW]]></Event>
<EventKey><![CDATA[http://www.9kpu.com/app/index.php?i=4&c=entry&eid=1]]></EventKey>
<MenuId>402697403</MenuId>
</xml>

2016-04-16 10:05:55 params :
------------
Array:
message : Array ;
module : basic ;
rule : 14 ;
priority : 0 ;
keyword : Array ;

2016-04-16 10:05:55 response :
------------
Array:
FromUserName : gh_081ee8610e82 ;
ToUserName : ohNDtvkuUT0Z6ifb5azdErnhHh7k ;
MsgType : text ;
Content : 欢迎关注杭州师范大学附属仓前实验中学，请点击菜单使用。 ;

2016-04-16 10:06:53 trace :
------------
String:
<xml><ToUserName><![CDATA[gh_081ee8610e82]]></ToUserName>
<FromUserName><![CDATA[ohNDtvkuUT0Z6ifb5azdErnhHh7k]]></FromUserName>
<CreateTime>1460772413</CreateTime>
<MsgType><![CDATA[event]]></MsgType>
<Event><![CDATA[unsubscribe]]></Event>
<EventKey><![CDATA[]]></EventKey>
</xml>

2016-04-16 10:07:01 trace :
------------
String:
<xml><ToUserName><![CDATA[gh_081ee8610e82]]></ToUserName>
<FromUserName><![CDATA[ohNDtvktnejqBs4Bf90vbGp9cQ_E]]></FromUserName>
<CreateTime>1460772421</CreateTime>
<MsgType><![CDATA[event]]></MsgType>
<Event><![CDATA[VIEW]]></Event>
<EventKey><![CDATA[http://www.9kpu.com/app/index.php?i=4&c=entry&eid=1]]></EventKey>
<MenuId>402697403</MenuId>
</xml>

2016-04-16 10:07:01 params :
------------
Array:
message : Array ;
module : basic ;
rule : 14 ;
priority : 0 ;
keyword : Array ;

2016-04-16 10:07:01 response :
------------
Array:
FromUserName : gh_081ee8610e82 ;
ToUserName : ohNDtvktnejqBs4Bf90vbGp9cQ_E ;
MsgType : text ;
Content : 欢迎关注杭州师范大学附属仓前实验中学，请点击菜单使用。 ;

2016-04-16 10:07:24 trace :
------------
String:
<xml><ToUserName><![CDATA[gh_081ee8610e82]]></ToUserName>
<FromUserName><![CDATA[ohNDtvkuUT0Z6ifb5azdErnhHh7k]]></FromUserName>
<CreateTime>1460772444</CreateTime>
<MsgType><![CDATA[event]]></MsgType>
<Event><![CDATA[VIEW]]></Event>
<EventKey><![CDATA[http://www.9kpu.com/app/index.php?i=4&c=entry&eid=1]]></EventKey>
<MenuId>402697403</MenuId>
</xml>

2016-04-16 10:07:24 params :
------------
Array:
message : Array ;
module : basic ;
rule : 14 ;
priority : 0 ;
keyword : Array ;

2016-04-16 10:07:24 response :
------------
Array:
FromUserName : gh_081ee8610e82 ;
ToUserName : ohNDtvkuUT0Z6ifb5azdErnhHh7k ;
MsgType : text ;
Content : 欢迎关注杭州师范大学附属仓前实验中学，请点击菜单使用。 ;

2016-04-16 10:08:09 trace :
------------
String:
<xml><ToUserName><![CDATA[gh_081ee8610e82]]></ToUserName>
<FromUserName><![CDATA[ohNDtvkuUT0Z6ifb5azdErnhHh7k]]></FromUserName>
<CreateTime>1460772489</CreateTime>
<MsgType><![CDATA[event]]></MsgType>
<Event><![CDATA[VIEW]]></Event>
<EventKey><![CDATA[http://m.igrow.cn/m/school/website/1390]]></EventKey>
<MenuId>402697403</MenuId>
</xml>

2016-04-16 10:08:09 params :
------------
Array:
message : Array ;
module : basic ;
rule : 14 ;
priority : 0 ;
keyword : Array ;

2016-04-16 10:08:09 response :
------------
Array:
FromUserName : gh_081ee8610e82 ;
ToUserName : ohNDtvkuUT0Z6ifb5azdErnhHh7k ;
MsgType : text ;
Content : 欢迎关注杭州师范大学附属仓前实验中学，请点击菜单使用。 ;

2016-04-16 10:08:15 trace :
------------
String:
<xml><ToUserName><![CDATA[gh_081ee8610e82]]></ToUserName>
<FromUserName><![CDATA[ohNDtvkuUT0Z6ifb5azdErnhHh7k]]></FromUserName>
<CreateTime>1460772495</CreateTime>
<MsgType><![CDATA[event]]></MsgType>
<Event><![CDATA[VIEW]]></Event>
<EventKey><![CDATA[http://www.9kpu.com/app/index.php?i=4&c=entry&eid=1]]></EventKey>
<MenuId>402697403</MenuId>
</xml>

2016-04-16 10:08:15 params :
------------
Array:
message : Array ;
module : basic ;
rule : 14 ;
priority : 0 ;
keyword : Array ;

2016-04-16 10:08:15 response :
------------
Array:
FromUserName : gh_081ee8610e82 ;
ToUserName : ohNDtvkuUT0Z6ifb5azdErnhHh7k ;
MsgType : text ;
Content : 欢迎关注杭州师范大学附属仓前实验中学，请点击菜单使用。 ;

2016-04-16 10:10:16 trace :
------------
String:
<xml><ToUserName><![CDATA[gh_081ee8610e82]]></ToUserName>
<FromUserName><![CDATA[ohNDtvkuUT0Z6ifb5azdErnhHh7k]]></FromUserName>
<CreateTime>1460772616</CreateTime>
<MsgType><![CDATA[event]]></MsgType>
<Event><![CDATA[VIEW]]></Event>
<EventKey><![CDATA[http://www.9kpu.com/app/index.php?i=4&c=entry&eid=2]]></EventKey>
<MenuId>402697403</MenuId>
</xml>

2016-04-16 10:10:16 params :
------------
Array:
message : Array ;
module : basic ;
rule : 14 ;
priority : 0 ;
keyword : Array ;

2016-04-16 10:10:16 response :
------------
Array:
FromUserName : gh_081ee8610e82 ;
ToUserName : ohNDtvkuUT0Z6ifb5azdErnhHh7k ;
MsgType : text ;
Content : 欢迎关注杭州师范大学附属仓前实验中学，请点击菜单使用。 ;

2016-04-16 10:11:18 trace :
------------
String:
<xml><ToUserName><![CDATA[gh_081ee8610e82]]></ToUserName>
<FromUserName><![CDATA[ohNDtvktnejqBs4Bf90vbGp9cQ_E]]></FromUserName>
<CreateTime>1460772678</CreateTime>
<MsgType><![CDATA[event]]></MsgType>
<Event><![CDATA[VIEW]]></Event>
<EventKey><![CDATA[http://m.igrow.cn/m/school/website/1390]]></EventKey>
<MenuId>402697403</MenuId>
</xml>

2016-04-16 10:11:18 params :
------------
Array:
message : Array ;
module : basic ;
rule : 14 ;
priority : 0 ;
keyword : Array ;

2016-04-16 10:11:18 response :
------------
Array:
FromUserName : gh_081ee8610e82 ;
ToUserName : ohNDtvktnejqBs4Bf90vbGp9cQ_E ;
MsgType : text ;
Content : 欢迎关注杭州师范大学附属仓前实验中学，请点击菜单使用。 ;

2016-04-16 10:11:52 trace :
------------
String:
<xml><ToUserName><![CDATA[gh_081ee8610e82]]></ToUserName>
<FromUserName><![CDATA[ohNDtvktnejqBs4Bf90vbGp9cQ_E]]></FromUserName>
<CreateTime>1460772712</CreateTime>
<MsgType><![CDATA[event]]></MsgType>
<Event><![CDATA[VIEW]]></Event>
<EventKey><![CDATA[http://m.igrow.cn/m/school/website/1390]]></EventKey>
<MenuId>402697403</MenuId>
</xml>

2016-04-16 10:11:52 params :
------------
Array:
message : Array ;
module : basic ;
rule : 14 ;
priority : 0 ;
keyword : Array ;

2016-04-16 10:11:52 response :
------------
Array:
FromUserName : gh_081ee8610e82 ;
ToUserName : ohNDtvktnejqBs4Bf90vbGp9cQ_E ;
MsgType : text ;
Content : 欢迎关注杭州师范大学附属仓前实验中学，请点击菜单使用。 ;

2016-04-16 10:12:16 trace :
------------
String:
<xml><ToUserName><![CDATA[gh_081ee8610e82]]></ToUserName>
<FromUserName><![CDATA[ohNDtvkuUT0Z6ifb5azdErnhHh7k]]></FromUserName>
<CreateTime>1460772736</CreateTime>
<MsgType><![CDATA[event]]></MsgType>
<Event><![CDATA[subscribe]]></Event>
<EventKey><![CDATA[]]></EventKey>
</xml>

2016-04-16 10:12:16 params :
------------
Array:
message : Array ;
module : basic ;
rule : 14 ;
priority : 0 ;
keyword : Array ;

2016-04-16 10:12:16 response :
------------
Array:
FromUserName : gh_081ee8610e82 ;
ToUserName : ohNDtvkuUT0Z6ifb5azdErnhHh7k ;
MsgType : text ;
Content : 欢迎关注杭州师范大学附属仓前实验中学，请点击菜单使用。 ;

2016-04-16 10:12:30 trace :
------------
String:
<xml><ToUserName><![CDATA[gh_081ee8610e82]]></ToUserName>
<FromUserName><![CDATA[ohNDtvkuUT0Z6ifb5azdErnhHh7k]]></FromUserName>
<CreateTime>1460772750</CreateTime>
<MsgType><![CDATA[event]]></MsgType>
<Event><![CDATA[VIEW]]></Event>
<EventKey><![CDATA[http://m.igrow.cn/m/school/website/1390]]></EventKey>
<MenuId>402697403</MenuId>
</xml>

2016-04-16 10:12:30 params :
------------
Array:
message : Array ;
module : basic ;
rule : 14 ;
priority : 0 ;
keyword : Array ;

2016-04-16 10:12:30 response :
------------
Array:
FromUserName : gh_081ee8610e82 ;
ToUserName : ohNDtvkuUT0Z6ifb5azdErnhHh7k ;
MsgType : text ;
Content : 欢迎关注杭州师范大学附属仓前实验中学，请点击菜单使用。 ;

2016-04-16 10:12:34 trace :
------------
String:
<xml><ToUserName><![CDATA[gh_081ee8610e82]]></ToUserName>
<FromUserName><![CDATA[ohNDtvkuUT0Z6ifb5azdErnhHh7k]]></FromUserName>
<CreateTime>1460772754</CreateTime>
<MsgType><![CDATA[event]]></MsgType>
<Event><![CDATA[VIEW]]></Event>
<EventKey><![CDATA[http://www.9kpu.com/app/index.php?i=4&c=entry&eid=1]]></EventKey>
<MenuId>402697403</MenuId>
</xml>

2016-04-16 10:12:34 params :
------------
Array:
message : Array ;
module : basic ;
rule : 14 ;
priority : 0 ;
keyword : Array ;

2016-04-16 10:12:34 response :
------------
Array:
FromUserName : gh_081ee8610e82 ;
ToUserName : ohNDtvkuUT0Z6ifb5azdErnhHh7k ;
MsgType : text ;
Content : 欢迎关注杭州师范大学附属仓前实验中学，请点击菜单使用。 ;

2016-04-16 10:12:35 trace :
------------
String:
<xml><ToUserName><![CDATA[gh_081ee8610e82]]></ToUserName>
<FromUserName><![CDATA[ohNDtvktnejqBs4Bf90vbGp9cQ_E]]></FromUserName>
<CreateTime>1460772755</CreateTime>
<MsgType><![CDATA[event]]></MsgType>
<Event><![CDATA[VIEW]]></Event>
<EventKey><![CDATA[http://www.9kpu.com/app/index.php?i=4&c=entry&eid=1]]></EventKey>
<MenuId>402697403</MenuId>
</xml>

2016-04-16 10:12:35 params :
------------
Array:
message : Array ;
module : basic ;
rule : 14 ;
priority : 0 ;
keyword : Array ;

2016-04-16 10:12:35 response :
------------
Array:
FromUserName : gh_081ee8610e82 ;
ToUserName : ohNDtvktnejqBs4Bf90vbGp9cQ_E ;
MsgType : text ;
Content : 欢迎关注杭州师范大学附属仓前实验中学，请点击菜单使用。 ;

2016-04-16 10:13:10 trace :
------------
String:
<xml><ToUserName><![CDATA[gh_081ee8610e82]]></ToUserName>
<FromUserName><![CDATA[ohNDtvktnejqBs4Bf90vbGp9cQ_E]]></FromUserName>
<CreateTime>1460772790</CreateTime>
<MsgType><![CDATA[event]]></MsgType>
<Event><![CDATA[VIEW]]></Event>
<EventKey><![CDATA[http://www.9kpu.com/app/index.php?i=4&c=entry&eid=2]]></EventKey>
<MenuId>402697403</MenuId>
</xml>

2016-04-16 10:13:10 params :
------------
Array:
message : Array ;
module : basic ;
rule : 14 ;
priority : 0 ;
keyword : Array ;

2016-04-16 10:13:10 response :
------------
Array:
FromUserName : gh_081ee8610e82 ;
ToUserName : ohNDtvktnejqBs4Bf90vbGp9cQ_E ;
MsgType : text ;
Content : 欢迎关注杭州师范大学附属仓前实验中学，请点击菜单使用。 ;

2016-04-16 10:13:32 trace :
------------
String:
<xml><ToUserName><![CDATA[gh_081ee8610e82]]></ToUserName>
<FromUserName><![CDATA[ohNDtvktnejqBs4Bf90vbGp9cQ_E]]></FromUserName>
<CreateTime>1460772812</CreateTime>
<MsgType><![CDATA[event]]></MsgType>
<Event><![CDATA[VIEW]]></Event>
<EventKey><![CDATA[http://www.9kpu.com/app/index.php?i=4&c=entry&eid=1]]></EventKey>
<MenuId>402697403</MenuId>
</xml>

2016-04-16 10:13:32 params :
------------
Array:
message : Array ;
module : basic ;
rule : 14 ;
priority : 0 ;
keyword : Array ;

2016-04-16 10:13:32 response :
------------
Array:
FromUserName : gh_081ee8610e82 ;
ToUserName : ohNDtvktnejqBs4Bf90vbGp9cQ_E ;
MsgType : text ;
Content : 欢迎关注杭州师范大学附属仓前实验中学，请点击菜单使用。 ;

2016-04-16 10:14:18 trace :
------------
String:
<xml><ToUserName><![CDATA[gh_081ee8610e82]]></ToUserName>
<FromUserName><![CDATA[ohNDtvkuUT0Z6ifb5azdErnhHh7k]]></FromUserName>
<CreateTime>1460772858</CreateTime>
<MsgType><![CDATA[event]]></MsgType>
<Event><![CDATA[VIEW]]></Event>
<EventKey><![CDATA[http://www.9kpu.com/app/index.php?i=4&c=entry&eid=2]]></EventKey>
<MenuId>402697403</MenuId>
</xml>

2016-04-16 10:14:18 params :
------------
Array:
message : Array ;
module : basic ;
rule : 14 ;
priority : 0 ;
keyword : Array ;

2016-04-16 10:14:18 response :
------------
Array:
FromUserName : gh_081ee8610e82 ;
ToUserName : ohNDtvkuUT0Z6ifb5azdErnhHh7k ;
MsgType : text ;
Content : 欢迎关注杭州师范大学附属仓前实验中学，请点击菜单使用。 ;

2016-04-16 10:15:32 trace :
------------
String:
<xml><ToUserName><![CDATA[gh_081ee8610e82]]></ToUserName>
<FromUserName><![CDATA[ohNDtvktnejqBs4Bf90vbGp9cQ_E]]></FromUserName>
<CreateTime>1460772932</CreateTime>
<MsgType><![CDATA[event]]></MsgType>
<Event><![CDATA[VIEW]]></Event>
<EventKey><![CDATA[http://m.igrow.cn/m/school/website/1390]]></EventKey>
<MenuId>402697403</MenuId>
</xml>

2016-04-16 10:15:32 params :
------------
Array:
message : Array ;
module : basic ;
rule : 14 ;
priority : 0 ;
keyword : Array ;

2016-04-16 10:15:32 response :
------------
Array:
FromUserName : gh_081ee8610e82 ;
ToUserName : ohNDtvktnejqBs4Bf90vbGp9cQ_E ;
MsgType : text ;
Content : 欢迎关注杭州师范大学附属仓前实验中学，请点击菜单使用。 ;

2016-04-16 10:17:12 trace :
------------
String:
<xml><ToUserName><![CDATA[gh_081ee8610e82]]></ToUserName>
<FromUserName><![CDATA[ohNDtvkuUT0Z6ifb5azdErnhHh7k]]></FromUserName>
<CreateTime>1460773031</CreateTime>
<MsgType><![CDATA[event]]></MsgType>
<Event><![CDATA[VIEW]]></Event>
<EventKey><![CDATA[http://www.9kpu.com/app/index.php?i=4&c=entry&eid=1]]></EventKey>
<MenuId>402697403</MenuId>
</xml>

2016-04-16 10:17:12 params :
------------
Array:
message : Array ;
module : basic ;
rule : 14 ;
priority : 0 ;
keyword : Array ;

2016-04-16 10:17:12 response :
------------
Array:
FromUserName : gh_081ee8610e82 ;
ToUserName : ohNDtvkuUT0Z6ifb5azdErnhHh7k ;
MsgType : text ;
Content : 欢迎关注杭州师范大学附属仓前实验中学，请点击菜单使用。 ;

2016-04-16 10:40:36 trace :
------------
String:
<xml><ToUserName><![CDATA[gh_081ee8610e82]]></ToUserName>
<FromUserName><![CDATA[ohNDtvktnejqBs4Bf90vbGp9cQ_E]]></FromUserName>
<CreateTime>1460774436</CreateTime>
<MsgType><![CDATA[event]]></MsgType>
<Event><![CDATA[VIEW]]></Event>
<EventKey><![CDATA[http://m.igrow.cn/m/school/website/1390]]></EventKey>
<MenuId>402697403</MenuId>
</xml>

2016-04-16 10:40:36 params :
------------
Array:
message : Array ;
module : basic ;
rule : 14 ;
priority : 0 ;
keyword : Array ;

2016-04-16 10:40:36 response :
------------
Array:
FromUserName : gh_081ee8610e82 ;
ToUserName : ohNDtvktnejqBs4Bf90vbGp9cQ_E ;
MsgType : text ;
Content : 欢迎关注杭州师范大学附属仓前实验中学，请点击菜单使用。 ;

2016-04-16 15:19:37 trace :
------------
String:
<xml><ToUserName><![CDATA[gh_2157a6c86a35]]></ToUserName>
<FromUserName><![CDATA[oEcottzMceDNwEgyVsRqrdj86ftE]]></FromUserName>
<CreateTime>1460791177</CreateTime>
<MsgType><![CDATA[event]]></MsgType>
<Event><![CDATA[unsubscribe]]></Event>
<EventKey><![CDATA[]]></EventKey>
</xml>

2016-04-16 17:30:05 trace :
------------
String:
<xml><ToUserName><![CDATA[gh_7d1762dac7c2]]></ToUserName>
<FromUserName><![CDATA[o8AZcwLD82QI_Nayz2BObQQ2zzmA]]></FromUserName>
<CreateTime>1460799004</CreateTime>
<MsgType><![CDATA[event]]></MsgType>
<Event><![CDATA[VIEW]]></Event>
<EventKey><![CDATA[http://www.9kpu.com/app/index.php?i=6&c=home&]]></EventKey>
<MenuId>406844801</MenuId>
</xml>

2016-04-16 17:30:05 params :
------------
Array:
rule : -2 ;
module :  ;
message : Array ;

2016-04-16 17:30:05 response :
------------

2016-04-16 17:30:09 trace :
------------
String:
<xml><ToUserName><![CDATA[gh_7d1762dac7c2]]></ToUserName>
<FromUserName><![CDATA[o8AZcwLD82QI_Nayz2BObQQ2zzmA]]></FromUserName>
<CreateTime>1460799009</CreateTime>
<MsgType><![CDATA[event]]></MsgType>
<Event><![CDATA[VIEW]]></Event>
<EventKey><![CDATA[http://www.9kpu.com/app/index.php?i=6&c=home&]]></EventKey>
<MenuId>406844801</MenuId>
</xml>

2016-04-16 17:30:09 params :
------------
Array:
rule : -2 ;
module :  ;
message : Array ;

2016-04-16 17:30:09 response :
------------

2016-04-16 17:31:15 trace :
------------
String:
<xml><ToUserName><![CDATA[gh_7d1762dac7c2]]></ToUserName>
<FromUserName><![CDATA[o8AZcwLD82QI_Nayz2BObQQ2zzmA]]></FromUserName>
<CreateTime>1460799075</CreateTime>
<MsgType><![CDATA[event]]></MsgType>
<Event><![CDATA[VIEW]]></Event>
<EventKey><![CDATA[http://www.9kpu.com/app/index.php?i=6&c=home&]]></EventKey>
<MenuId>406844801</MenuId>
</xml>

2016-04-16 17:31:15 params :
------------
Array:
rule : -2 ;
module :  ;
message : Array ;

2016-04-16 17:31:15 response :
------------

2016-04-16 17:32:08 trace :
------------
String:
<xml><ToUserName><![CDATA[gh_081ee8610e82]]></ToUserName>
<FromUserName><![CDATA[ohNDtvodQbJscFvVHtC4xh757R2Y]]></FromUserName>
<CreateTime>1460799128</CreateTime>
<MsgType><![CDATA[event]]></MsgType>
<Event><![CDATA[VIEW]]></Event>
<EventKey><![CDATA[http://m.igrow.cn/m/school/website/1390]]></EventKey>
<MenuId>402697403</MenuId>
</xml>

2016-04-16 17:32:08 params :
------------
Array:
message : Array ;
module : basic ;
rule : 14 ;
priority : 0 ;
keyword : Array ;

2016-04-16 17:32:08 response :
------------
Array:
FromUserName : gh_081ee8610e82 ;
ToUserName : ohNDtvodQbJscFvVHtC4xh757R2Y ;
MsgType : text ;
Content : 欢迎关注杭州师范大学附属仓前实验中学，请点击菜单使用。 ;

2016-04-16 18:00:35 trace :
------------
String:
<xml><ToUserName><![CDATA[gh_081ee8610e82]]></ToUserName>
<FromUserName><![CDATA[ohNDtvpOAbwj25-iDrFXa3Fq8ub0]]></FromUserName>
<CreateTime>1460800834</CreateTime>
<MsgType><![CDATA[event]]></MsgType>
<Event><![CDATA[VIEW]]></Event>
<EventKey><![CDATA[http://www.9kpu.com/app/index.php?i=4&c=entry&eid=1]]></EventKey>
<MenuId>402697403</MenuId>
</xml>

2016-04-16 18:00:35 params :
------------
Array:
message : Array ;
module : basic ;
rule : 14 ;
priority : 0 ;
keyword : Array ;

2016-04-16 18:00:35 response :
------------
Array:
FromUserName : gh_081ee8610e82 ;
ToUserName : ohNDtvpOAbwj25-iDrFXa3Fq8ub0 ;
MsgType : text ;
Content : 欢迎关注杭州师范大学附属仓前实验中学，请点击菜单使用。 ;

2016-04-16 18:00:42 trace :
------------
String:
<xml><ToUserName><![CDATA[gh_081ee8610e82]]></ToUserName>
<FromUserName><![CDATA[ohNDtvpOAbwj25-iDrFXa3Fq8ub0]]></FromUserName>
<CreateTime>1460800842</CreateTime>
<MsgType><![CDATA[event]]></MsgType>
<Event><![CDATA[VIEW]]></Event>
<EventKey><![CDATA[http://www.9kpu.com/app/index.php?i=4&c=entry&eid=1]]></EventKey>
<MenuId>402697403</MenuId>
</xml>

2016-04-16 18:00:42 params :
------------
Array:
message : Array ;
module : basic ;
rule : 14 ;
priority : 0 ;
keyword : Array ;

2016-04-16 18:00:42 response :
------------
Array:
FromUserName : gh_081ee8610e82 ;
ToUserName : ohNDtvpOAbwj25-iDrFXa3Fq8ub0 ;
MsgType : text ;
Content : 欢迎关注杭州师范大学附属仓前实验中学，请点击菜单使用。 ;

2016-04-16 18:00:50 trace :
------------
String:
<xml><ToUserName><![CDATA[gh_081ee8610e82]]></ToUserName>
<FromUserName><![CDATA[ohNDtvpOAbwj25-iDrFXa3Fq8ub0]]></FromUserName>
<CreateTime>1460800850</CreateTime>
<MsgType><![CDATA[event]]></MsgType>
<Event><![CDATA[VIEW]]></Event>
<EventKey><![CDATA[http://www.9kpu.com/app/index.php?i=4&c=entry&eid=1]]></EventKey>
<MenuId>402697403</MenuId>
</xml>

2016-04-16 18:00:50 params :
------------
Array:
message : Array ;
module : basic ;
rule : 14 ;
priority : 0 ;
keyword : Array ;

2016-04-16 18:00:50 response :
------------
Array:
FromUserName : gh_081ee8610e82 ;
ToUserName : ohNDtvpOAbwj25-iDrFXa3Fq8ub0 ;
MsgType : text ;
Content : 欢迎关注杭州师范大学附属仓前实验中学，请点击菜单使用。 ;

2016-04-16 18:01:32 trace :
------------
String:
<xml><ToUserName><![CDATA[gh_081ee8610e82]]></ToUserName>
<FromUserName><![CDATA[ohNDtvpOAbwj25-iDrFXa3Fq8ub0]]></FromUserName>
<CreateTime>1460800892</CreateTime>
<MsgType><![CDATA[event]]></MsgType>
<Event><![CDATA[VIEW]]></Event>
<EventKey><![CDATA[http://www.9kpu.com/app/index.php?i=4&c=entry&eid=1]]></EventKey>
<MenuId>402697403</MenuId>
</xml>

2016-04-16 18:01:32 params :
------------
Array:
message : Array ;
module : basic ;
rule : 14 ;
priority : 0 ;
keyword : Array ;

2016-04-16 18:01:32 response :
------------
Array:
FromUserName : gh_081ee8610e82 ;
ToUserName : ohNDtvpOAbwj25-iDrFXa3Fq8ub0 ;
MsgType : text ;
Content : 欢迎关注杭州师范大学附属仓前实验中学，请点击菜单使用。 ;

2016-04-16 18:11:23 trace :
------------
String:
<xml><ToUserName><![CDATA[gh_081ee8610e82]]></ToUserName>
<FromUserName><![CDATA[ohNDtvpOAbwj25-iDrFXa3Fq8ub0]]></FromUserName>
<CreateTime>1460801483</CreateTime>
<MsgType><![CDATA[event]]></MsgType>
<Event><![CDATA[VIEW]]></Event>
<EventKey><![CDATA[http://www.9kpu.com/app/index.php?i=4&c=entry&eid=1]]></EventKey>
<MenuId>402697403</MenuId>
</xml>

2016-04-16 18:11:23 params :
------------
Array:
message : Array ;
module : basic ;
rule : 14 ;
priority : 0 ;
keyword : Array ;

2016-04-16 18:11:23 response :
------------
Array:
FromUserName : gh_081ee8610e82 ;
ToUserName : ohNDtvpOAbwj25-iDrFXa3Fq8ub0 ;
MsgType : text ;
Content : 欢迎关注杭州师范大学附属仓前实验中学，请点击菜单使用。 ;

2016-04-16 19:11:57 trace :
------------
String:
<xml><ToUserName><![CDATA[gh_081ee8610e82]]></ToUserName>
<FromUserName><![CDATA[ohNDtvpOAbwj25-iDrFXa3Fq8ub0]]></FromUserName>
<CreateTime>1460805117</CreateTime>
<MsgType><![CDATA[event]]></MsgType>
<Event><![CDATA[VIEW]]></Event>
<EventKey><![CDATA[http://m.igrow.cn/m/school/website/1390]]></EventKey>
<MenuId>402697403</MenuId>
</xml>

2016-04-16 19:11:57 params :
------------
Array:
message : Array ;
module : basic ;
rule : 14 ;
priority : 0 ;
keyword : Array ;

2016-04-16 19:11:57 response :
------------
Array:
FromUserName : gh_081ee8610e82 ;
ToUserName : ohNDtvpOAbwj25-iDrFXa3Fq8ub0 ;
MsgType : text ;
Content : 欢迎关注杭州师范大学附属仓前实验中学，请点击菜单使用。 ;

2016-04-16 19:12:22 trace :
------------
String:
<xml><ToUserName><![CDATA[gh_081ee8610e82]]></ToUserName>
<FromUserName><![CDATA[ohNDtvpOAbwj25-iDrFXa3Fq8ub0]]></FromUserName>
<CreateTime>1460805142</CreateTime>
<MsgType><![CDATA[event]]></MsgType>
<Event><![CDATA[VIEW]]></Event>
<EventKey><![CDATA[http://www.9kpu.com/app/index.php?i=4&c=entry&eid=2]]></EventKey>
<MenuId>402697403</MenuId>
</xml>

2016-04-16 19:12:22 params :
------------
Array:
message : Array ;
module : basic ;
rule : 14 ;
priority : 0 ;
keyword : Array ;

2016-04-16 19:12:22 response :
------------
Array:
FromUserName : gh_081ee8610e82 ;
ToUserName : ohNDtvpOAbwj25-iDrFXa3Fq8ub0 ;
MsgType : text ;
Content : 欢迎关注杭州师范大学附属仓前实验中学，请点击菜单使用。 ;

2016-04-16 19:12:39 trace :
------------
String:
<xml><ToUserName><![CDATA[gh_081ee8610e82]]></ToUserName>
<FromUserName><![CDATA[ohNDtvpOAbwj25-iDrFXa3Fq8ub0]]></FromUserName>
<CreateTime>1460805159</CreateTime>
<MsgType><![CDATA[event]]></MsgType>
<Event><![CDATA[VIEW]]></Event>
<EventKey><![CDATA[http://www.9kpu.com/app/index.php?i=4&c=entry&eid=1]]></EventKey>
<MenuId>402697403</MenuId>
</xml>

2016-04-16 19:12:39 params :
------------
Array:
message : Array ;
module : basic ;
rule : 14 ;
priority : 0 ;
keyword : Array ;

2016-04-16 19:12:39 response :
------------
Array:
FromUserName : gh_081ee8610e82 ;
ToUserName : ohNDtvpOAbwj25-iDrFXa3Fq8ub0 ;
MsgType : text ;
Content : 欢迎关注杭州师范大学附属仓前实验中学，请点击菜单使用。 ;

2016-04-16 19:12:49 trace :
------------
String:
<xml><ToUserName><![CDATA[gh_081ee8610e82]]></ToUserName>
<FromUserName><![CDATA[ohNDtvpOAbwj25-iDrFXa3Fq8ub0]]></FromUserName>
<CreateTime>1460805169</CreateTime>
<MsgType><![CDATA[event]]></MsgType>
<Event><![CDATA[VIEW]]></Event>
<EventKey><![CDATA[http://www.9kpu.com/app/index.php?i=4&c=entry&eid=1]]></EventKey>
<MenuId>402697403</MenuId>
</xml>

2016-04-16 19:12:49 params :
------------
Array:
message : Array ;
module : basic ;
rule : 14 ;
priority : 0 ;
keyword : Array ;

2016-04-16 19:12:49 response :
------------
Array:
FromUserName : gh_081ee8610e82 ;
ToUserName : ohNDtvpOAbwj25-iDrFXa3Fq8ub0 ;
MsgType : text ;
Content : 欢迎关注杭州师范大学附属仓前实验中学，请点击菜单使用。 ;

2016-04-16 19:22:05 trace :
------------
String:
<xml><ToUserName><![CDATA[gh_081ee8610e82]]></ToUserName>
<FromUserName><![CDATA[ohNDtvpOAbwj25-iDrFXa3Fq8ub0]]></FromUserName>
<CreateTime>1460805725</CreateTime>
<MsgType><![CDATA[event]]></MsgType>
<Event><![CDATA[VIEW]]></Event>
<EventKey><![CDATA[http://www.9kpu.com/app/index.php?i=4&c=entry&eid=2]]></EventKey>
<MenuId>402697403</MenuId>
</xml>

2016-04-16 19:22:05 params :
------------
Array:
message : Array ;
module : basic ;
rule : 14 ;
priority : 0 ;
keyword : Array ;

2016-04-16 19:22:05 response :
------------
Array:
FromUserName : gh_081ee8610e82 ;
ToUserName : ohNDtvpOAbwj25-iDrFXa3Fq8ub0 ;
MsgType : text ;
Content : 欢迎关注杭州师范大学附属仓前实验中学，请点击菜单使用。 ;

2016-04-16 19:27:20 trace :
------------
String:
<xml><ToUserName><![CDATA[gh_081ee8610e82]]></ToUserName>
<FromUserName><![CDATA[ohNDtvpOAbwj25-iDrFXa3Fq8ub0]]></FromUserName>
<CreateTime>1460806039</CreateTime>
<MsgType><![CDATA[event]]></MsgType>
<Event><![CDATA[VIEW]]></Event>
<EventKey><![CDATA[http://m.igrow.cn/m/school/website/1390]]></EventKey>
<MenuId>402697403</MenuId>
</xml>

2016-04-16 19:27:20 params :
------------
Array:
message : Array ;
module : basic ;
rule : 14 ;
priority : 0 ;
keyword : Array ;

2016-04-16 19:27:20 response :
------------
Array:
FromUserName : gh_081ee8610e82 ;
ToUserName : ohNDtvpOAbwj25-iDrFXa3Fq8ub0 ;
MsgType : text ;
Content : 欢迎关注杭州师范大学附属仓前实验中学，请点击菜单使用。 ;

2016-04-16 19:27:40 trace :
------------
String:
<xml><ToUserName><![CDATA[gh_081ee8610e82]]></ToUserName>
<FromUserName><![CDATA[ohNDtvpOAbwj25-iDrFXa3Fq8ub0]]></FromUserName>
<CreateTime>1460806060</CreateTime>
<MsgType><![CDATA[event]]></MsgType>
<Event><![CDATA[VIEW]]></Event>
<EventKey><![CDATA[http://www.9kpu.com/app/index.php?i=4&c=entry&eid=2]]></EventKey>
<MenuId>402697403</MenuId>
</xml>

2016-04-16 19:27:40 params :
------------
Array:
message : Array ;
module : basic ;
rule : 14 ;
priority : 0 ;
keyword : Array ;

2016-04-16 19:27:40 response :
------------
Array:
FromUserName : gh_081ee8610e82 ;
ToUserName : ohNDtvpOAbwj25-iDrFXa3Fq8ub0 ;
MsgType : text ;
Content : 欢迎关注杭州师范大学附属仓前实验中学，请点击菜单使用。 ;

2016-04-16 19:27:53 trace :
------------
String:
<xml><ToUserName><![CDATA[gh_081ee8610e82]]></ToUserName>
<FromUserName><![CDATA[ohNDtvpOAbwj25-iDrFXa3Fq8ub0]]></FromUserName>
<CreateTime>1460806073</CreateTime>
<MsgType><![CDATA[event]]></MsgType>
<Event><![CDATA[VIEW]]></Event>
<EventKey><![CDATA[http://m.igrow.cn/m/school/website/1390]]></EventKey>
<MenuId>402697403</MenuId>
</xml>

2016-04-16 19:27:53 params :
------------
Array:
message : Array ;
module : basic ;
rule : 14 ;
priority : 0 ;
keyword : Array ;

2016-04-16 19:27:53 response :
------------
Array:
FromUserName : gh_081ee8610e82 ;
ToUserName : ohNDtvpOAbwj25-iDrFXa3Fq8ub0 ;
MsgType : text ;
Content : 欢迎关注杭州师范大学附属仓前实验中学，请点击菜单使用。 ;

2016-04-16 19:31:59 trace :
------------
String:
<xml><ToUserName><![CDATA[gh_081ee8610e82]]></ToUserName>
<FromUserName><![CDATA[ohNDtvpOAbwj25-iDrFXa3Fq8ub0]]></FromUserName>
<CreateTime>1460806319</CreateTime>
<MsgType><![CDATA[event]]></MsgType>
<Event><![CDATA[VIEW]]></Event>
<EventKey><![CDATA[http://www.9kpu.com/app/index.php?i=4&c=entry&eid=2]]></EventKey>
<MenuId>402697403</MenuId>
</xml>

2016-04-16 19:31:59 params :
------------
Array:
message : Array ;
module : basic ;
rule : 14 ;
priority : 0 ;
keyword : Array ;

2016-04-16 19:31:59 response :
------------
Array:
FromUserName : gh_081ee8610e82 ;
ToUserName : ohNDtvpOAbwj25-iDrFXa3Fq8ub0 ;
MsgType : text ;
Content : 欢迎关注杭州师范大学附属仓前实验中学，请点击菜单使用。 ;

2016-04-16 19:42:56 trace :
------------
String:
<xml><ToUserName><![CDATA[gh_081ee8610e82]]></ToUserName>
<FromUserName><![CDATA[ohNDtvpOAbwj25-iDrFXa3Fq8ub0]]></FromUserName>
<CreateTime>1460806976</CreateTime>
<MsgType><![CDATA[event]]></MsgType>
<Event><![CDATA[VIEW]]></Event>
<EventKey><![CDATA[http://www.9kpu.com/app/index.php?i=4&c=entry&eid=1]]></EventKey>
<MenuId>402697403</MenuId>
</xml>

2016-04-16 19:42:56 params :
------------
Array:
message : Array ;
module : basic ;
rule : 14 ;
priority : 0 ;
keyword : Array ;

2016-04-16 19:42:56 response :
------------
Array:
FromUserName : gh_081ee8610e82 ;
ToUserName : ohNDtvpOAbwj25-iDrFXa3Fq8ub0 ;
MsgType : text ;
Content : 欢迎关注杭州师范大学附属仓前实验中学，请点击菜单使用。 ;

2016-04-16 19:43:15 trace :
------------
String:
<xml><ToUserName><![CDATA[gh_081ee8610e82]]></ToUserName>
<FromUserName><![CDATA[ohNDtvpOAbwj25-iDrFXa3Fq8ub0]]></FromUserName>
<CreateTime>1460806995</CreateTime>
<MsgType><![CDATA[event]]></MsgType>
<Event><![CDATA[VIEW]]></Event>
<EventKey><![CDATA[http://www.9kpu.com/app/index.php?i=4&c=entry&eid=2]]></EventKey>
<MenuId>402697403</MenuId>
</xml>

2016-04-16 19:43:15 params :
------------
Array:
message : Array ;
module : basic ;
rule : 14 ;
priority : 0 ;
keyword : Array ;

2016-04-16 19:43:15 response :
------------
Array:
FromUserName : gh_081ee8610e82 ;
ToUserName : ohNDtvpOAbwj25-iDrFXa3Fq8ub0 ;
MsgType : text ;
Content : 欢迎关注杭州师范大学附属仓前实验中学，请点击菜单使用。 ;

2016-04-16 19:43:18 trace :
------------
String:
<xml><ToUserName><![CDATA[gh_081ee8610e82]]></ToUserName>
<FromUserName><![CDATA[ohNDtvpOAbwj25-iDrFXa3Fq8ub0]]></FromUserName>
<CreateTime>1460806998</CreateTime>
<MsgType><![CDATA[event]]></MsgType>
<Event><![CDATA[VIEW]]></Event>
<EventKey><![CDATA[http://www.9kpu.com/app/index.php?i=4&c=entry&eid=1]]></EventKey>
<MenuId>402697403</MenuId>
</xml>

2016-04-16 19:43:18 params :
------------
Array:
message : Array ;
module : basic ;
rule : 14 ;
priority : 0 ;
keyword : Array ;

2016-04-16 19:43:18 response :
------------
Array:
FromUserName : gh_081ee8610e82 ;
ToUserName : ohNDtvpOAbwj25-iDrFXa3Fq8ub0 ;
MsgType : text ;
Content : 欢迎关注杭州师范大学附属仓前实验中学，请点击菜单使用。 ;

2016-04-16 22:55:01 trace :
------------
String:
<xml><ToUserName><![CDATA[gh_081ee8610e82]]></ToUserName>
<FromUserName><![CDATA[ohNDtvv8PDFqifacH9rwLYMejnDw]]></FromUserName>
<CreateTime>1460818501</CreateTime>
<MsgType><![CDATA[event]]></MsgType>
<Event><![CDATA[VIEW]]></Event>
<EventKey><![CDATA[http://m.igrow.cn/m/school/website/1390]]></EventKey>
<MenuId>402697403</MenuId>
</xml>

2016-04-16 22:55:01 params :
------------
Array:
message : Array ;
module : basic ;
rule : 14 ;
priority : 0 ;
keyword : Array ;

2016-04-16 22:55:01 response :
------------
Array:
FromUserName : gh_081ee8610e82 ;
ToUserName : ohNDtvv8PDFqifacH9rwLYMejnDw ;
MsgType : text ;
Content : 欢迎关注杭州师范大学附属仓前实验中学，请点击菜单使用。 ;

2016-04-16 22:55:23 trace :
------------
String:
<xml><ToUserName><![CDATA[gh_081ee8610e82]]></ToUserName>
<FromUserName><![CDATA[ohNDtvv8PDFqifacH9rwLYMejnDw]]></FromUserName>
<CreateTime>1460818523</CreateTime>
<MsgType><![CDATA[event]]></MsgType>
<Event><![CDATA[VIEW]]></Event>
<EventKey><![CDATA[http://www.9kpu.com/app/index.php?i=4&c=entry&eid=1]]></EventKey>
<MenuId>402697403</MenuId>
</xml>

2016-04-16 22:55:23 params :
------------
Array:
message : Array ;
module : basic ;
rule : 14 ;
priority : 0 ;
keyword : Array ;

2016-04-16 22:55:23 response :
------------
Array:
FromUserName : gh_081ee8610e82 ;
ToUserName : ohNDtvv8PDFqifacH9rwLYMejnDw ;
MsgType : text ;
Content : 欢迎关注杭州师范大学附属仓前实验中学，请点击菜单使用。 ;

2016-04-16 22:56:23 trace :
------------
String:
<xml><ToUserName><![CDATA[gh_081ee8610e82]]></ToUserName>
<FromUserName><![CDATA[ohNDtvv8PDFqifacH9rwLYMejnDw]]></FromUserName>
<CreateTime>1460818583</CreateTime>
<MsgType><![CDATA[event]]></MsgType>
<Event><![CDATA[VIEW]]></Event>
<EventKey><![CDATA[http://www.9kpu.com/app/index.php?i=4&c=entry&eid=2]]></EventKey>
<MenuId>402697403</MenuId>
</xml>

2016-04-16 22:56:23 params :
------------
Array:
message : Array ;
module : basic ;
rule : 14 ;
priority : 0 ;
keyword : Array ;

2016-04-16 22:56:23 response :
------------
Array:
FromUserName : gh_081ee8610e82 ;
ToUserName : ohNDtvv8PDFqifacH9rwLYMejnDw ;
MsgType : text ;
Content : 欢迎关注杭州师范大学附属仓前实验中学，请点击菜单使用。 ;

2016-04-16 23:15:12 trace :
------------
String:
<xml><ToUserName><![CDATA[gh_7d1762dac7c2]]></ToUserName>
<FromUserName><![CDATA[o8AZcwNcyEcsh6KAEtirhYG8ajlQ]]></FromUserName>
<CreateTime>1460819712</CreateTime>
<MsgType><![CDATA[event]]></MsgType>
<Event><![CDATA[subscribe]]></Event>
<EventKey><![CDATA[]]></EventKey>
</xml>

2016-04-16 23:15:12 params :
------------
Array:
rule : -2 ;
module :  ;
message : Array ;

2016-04-16 23:15:12 response :
------------

2016-04-16 23:15:15 trace :
------------
String:
<xml><ToUserName><![CDATA[gh_7d1762dac7c2]]></ToUserName>
<FromUserName><![CDATA[o8AZcwNcyEcsh6KAEtirhYG8ajlQ]]></FromUserName>
<CreateTime>1460819715</CreateTime>
<MsgType><![CDATA[event]]></MsgType>
<Event><![CDATA[VIEW]]></Event>
<EventKey><![CDATA[http://www.9kpu.com/app/index.php?i=6&c=home&]]></EventKey>
<MenuId>406844801</MenuId>
</xml>

2016-04-16 23:15:15 params :
------------
Array:
rule : -2 ;
module :  ;
message : Array ;

2016-04-16 23:15:15 response :
------------

2016-04-16 23:15:19 trace :
------------
String:
<xml><ToUserName><![CDATA[gh_7d1762dac7c2]]></ToUserName>
<FromUserName><![CDATA[o8AZcwNcyEcsh6KAEtirhYG8ajlQ]]></FromUserName>
<CreateTime>1460819719</CreateTime>
<MsgType><![CDATA[event]]></MsgType>
<Event><![CDATA[VIEW]]></Event>
<EventKey><![CDATA[http://www.9kpu.com/app/index.php?i=6&c=home&]]></EventKey>
<MenuId>406844801</MenuId>
</xml>

2016-04-16 23:15:19 params :
------------
Array:
rule : -2 ;
module :  ;
message : Array ;

2016-04-16 23:15:19 response :
------------

2016-04-16 23:15:21 trace :
------------
String:
<xml><ToUserName><![CDATA[gh_7d1762dac7c2]]></ToUserName>
<FromUserName><![CDATA[o8AZcwNcyEcsh6KAEtirhYG8ajlQ]]></FromUserName>
<CreateTime>1460819721</CreateTime>
<MsgType><![CDATA[event]]></MsgType>
<Event><![CDATA[VIEW]]></Event>
<EventKey><![CDATA[http://www.9kpu.com/app/index.php?i=6&c=entry&eid=1]]></EventKey>
<MenuId>406844801</MenuId>
</xml>

2016-04-16 23:15:21 params :
------------
Array:
rule : -2 ;
module :  ;
message : Array ;

2016-04-16 23:15:21 response :
------------

2016-04-16 23:15:24 trace :
------------
String:
<xml><ToUserName><![CDATA[gh_7d1762dac7c2]]></ToUserName>
<FromUserName><![CDATA[o8AZcwNcyEcsh6KAEtirhYG8ajlQ]]></FromUserName>
<CreateTime>1460819724</CreateTime>
<MsgType><![CDATA[event]]></MsgType>
<Event><![CDATA[VIEW]]></Event>
<EventKey><![CDATA[http://www.9kpu.com/app/index.php?i=6&c=entry&eid=2]]></EventKey>
<MenuId>406844801</MenuId>
</xml>

2016-04-16 23:15:24 params :
------------
Array:
rule : -2 ;
module :  ;
message : Array ;

2016-04-16 23:15:24 response :
------------

2016-04-16 23:15:34 trace :
------------
String:
<xml><ToUserName><![CDATA[gh_7d1762dac7c2]]></ToUserName>
<FromUserName><![CDATA[o8AZcwNcyEcsh6KAEtirhYG8ajlQ]]></FromUserName>
<CreateTime>1460819734</CreateTime>
<MsgType><![CDATA[event]]></MsgType>
<Event><![CDATA[VIEW]]></Event>
<EventKey><![CDATA[http://www.9kpu.com/app/index.php?i=6&c=home&]]></EventKey>
<MenuId>406844801</MenuId>
</xml>

2016-04-16 23:15:34 params :
------------
Array:
rule : -2 ;
module :  ;
message : Array ;

2016-04-16 23:15:34 response :
------------

2016-04-16 23:15:44 trace :
------------
String:
<xml><ToUserName><![CDATA[gh_7d1762dac7c2]]></ToUserName>
<FromUserName><![CDATA[o8AZcwNcyEcsh6KAEtirhYG8ajlQ]]></FromUserName>
<CreateTime>1460819744</CreateTime>
<MsgType><![CDATA[event]]></MsgType>
<Event><![CDATA[unsubscribe]]></Event>
<EventKey><![CDATA[]]></EventKey>
</xml>

2016-04-16 23:40:13 trace :
------------
String:
<xml><ToUserName><![CDATA[gh_2157a6c86a35]]></ToUserName>
<FromUserName><![CDATA[oEcott6xoUrpDM2h257GD7-2N7jY]]></FromUserName>
<CreateTime>1460821213</CreateTime>
<MsgType><![CDATA[event]]></MsgType>
<Event><![CDATA[unsubscribe]]></Event>
<EventKey><![CDATA[]]></EventKey>
</xml>

2016-04-16 23:49:11 trace :
------------
String:
<xml><ToUserName><![CDATA[gh_081ee8610e82]]></ToUserName>
<FromUserName><![CDATA[ohNDtvpOAbwj25-iDrFXa3Fq8ub0]]></FromUserName>
<CreateTime>1460821751</CreateTime>
<MsgType><![CDATA[event]]></MsgType>
<Event><![CDATA[VIEW]]></Event>
<EventKey><![CDATA[http://www.9kpu.com/app/index.php?i=4&c=entry&eid=2]]></EventKey>
<MenuId>402697403</MenuId>
</xml>

2016-04-16 23:49:11 params :
------------
Array:
message : Array ;
module : basic ;
rule : 14 ;
priority : 0 ;
keyword : Array ;

2016-04-16 23:49:11 response :
------------
Array:
FromUserName : gh_081ee8610e82 ;
ToUserName : ohNDtvpOAbwj25-iDrFXa3Fq8ub0 ;
MsgType : text ;
Content : 欢迎关注杭州师范大学附属仓前实验中学，请点击菜单使用。 ;

2016-04-16 23:53:46 trace :
------------
String:
<xml><ToUserName><![CDATA[gh_081ee8610e82]]></ToUserName>
<FromUserName><![CDATA[ohNDtvpOAbwj25-iDrFXa3Fq8ub0]]></FromUserName>
<CreateTime>1460822026</CreateTime>
<MsgType><![CDATA[event]]></MsgType>
<Event><![CDATA[VIEW]]></Event>
<EventKey><![CDATA[http://www.9kpu.com/app/index.php?i=4&c=entry&eid=1]]></EventKey>
<MenuId>402697403</MenuId>
</xml>

2016-04-16 23:53:46 params :
------------
Array:
message : Array ;
module : basic ;
rule : 14 ;
priority : 0 ;
keyword : Array ;

2016-04-16 23:53:46 response :
------------
Array:
FromUserName : gh_081ee8610e82 ;
ToUserName : ohNDtvpOAbwj25-iDrFXa3Fq8ub0 ;
MsgType : text ;
Content : 欢迎关注杭州师范大学附属仓前实验中学，请点击菜单使用。 ;

2016-04-16 23:54:34 trace :
------------
String:
<xml><ToUserName><![CDATA[gh_081ee8610e82]]></ToUserName>
<FromUserName><![CDATA[ohNDtvpOAbwj25-iDrFXa3Fq8ub0]]></FromUserName>
<CreateTime>1460822074</CreateTime>
<MsgType><![CDATA[event]]></MsgType>
<Event><![CDATA[VIEW]]></Event>
<EventKey><![CDATA[http://www.9kpu.com/app/index.php?i=4&c=entry&eid=1]]></EventKey>
<MenuId>402697403</MenuId>
</xml>

2016-04-16 23:54:34 params :
------------
Array:
message : Array ;
module : basic ;
rule : 14 ;
priority : 0 ;
keyword : Array ;

2016-04-16 23:54:34 response :
------------
Array:
FromUserName : gh_081ee8610e82 ;
ToUserName : ohNDtvpOAbwj25-iDrFXa3Fq8ub0 ;
MsgType : text ;
Content : 欢迎关注杭州师范大学附属仓前实验中学，请点击菜单使用。 ;

2016-04-16 23:54:47 trace :
------------
String:
<xml><ToUserName><![CDATA[gh_081ee8610e82]]></ToUserName>
<FromUserName><![CDATA[ohNDtvpOAbwj25-iDrFXa3Fq8ub0]]></FromUserName>
<CreateTime>1460822087</CreateTime>
<MsgType><![CDATA[event]]></MsgType>
<Event><![CDATA[VIEW]]></Event>
<EventKey><![CDATA[http://www.9kpu.com/app/index.php?i=4&c=entry&eid=1]]></EventKey>
<MenuId>402697403</MenuId>
</xml>

2016-04-16 23:54:47 params :
------------
Array:
message : Array ;
module : basic ;
rule : 14 ;
priority : 0 ;
keyword : Array ;

2016-04-16 23:54:47 response :
------------
Array:
FromUserName : gh_081ee8610e82 ;
ToUserName : ohNDtvpOAbwj25-iDrFXa3Fq8ub0 ;
MsgType : text ;
Content : 欢迎关注杭州师范大学附属仓前实验中学，请点击菜单使用。 ;

2016-04-16 23:55:19 trace :
------------
String:
<xml><ToUserName><![CDATA[gh_081ee8610e82]]></ToUserName>
<FromUserName><![CDATA[ohNDtvpOAbwj25-iDrFXa3Fq8ub0]]></FromUserName>
<CreateTime>1460822119</CreateTime>
<MsgType><![CDATA[event]]></MsgType>
<Event><![CDATA[VIEW]]></Event>
<EventKey><![CDATA[http://www.9kpu.com/app/index.php?i=4&c=entry&eid=1]]></EventKey>
<MenuId>402697403</MenuId>
</xml>

2016-04-16 23:55:19 params :
------------
Array:
message : Array ;
module : basic ;
rule : 14 ;
priority : 0 ;
keyword : Array ;

2016-04-16 23:55:19 response :
------------
Array:
FromUserName : gh_081ee8610e82 ;
ToUserName : ohNDtvpOAbwj25-iDrFXa3Fq8ub0 ;
MsgType : text ;
Content : 欢迎关注杭州师范大学附属仓前实验中学，请点击菜单使用。 ;

