2016-09-29 00:27:20 trace :
------------
String:
<xml><ToUserName><![CDATA[gh_2a23de840671]]></ToUserName>
<FromUserName><![CDATA[oQxC9wTFW_fdyGR9ViV-xxcza0vI]]></FromUserName>
<CreateTime>1475080040</CreateTime>
<MsgType><![CDATA[event]]></MsgType>
<Event><![CDATA[VIEW]]></Event>
<EventKey><![CDATA[http://www.9kpu.com/app/index.php?i=31&c=home&]]></EventKey>
<MenuId>408135367</MenuId>
</xml>

2016-09-29 00:27:20 params :
------------
Array:
message : Array ;
module : news ;
rule : 60 ;
priority : 0 ;
keyword : Array ;

2016-09-29 00:27:20 response :
------------
Array:
FromUserName : gh_2a23de840671 ;
ToUserName : oQxC9wTFW_fdyGR9ViV-xxcza0vI ;
MsgType : news ;
ArticleCount : 1 ;
Articles : Array ;

2016-09-29 07:39:50 trace :
------------
String:
<xml><ToUserName><![CDATA[gh_2a16c32dff4b]]></ToUserName>
<FromUserName><![CDATA[oZF73wLnK7hlHwt5lZGGxUr7kQV0]]></FromUserName>
<CreateTime>1475105990</CreateTime>
<MsgType><![CDATA[event]]></MsgType>
<Event><![CDATA[MASSSENDJOBFINISH]]></Event>
<MsgID>1000000005</MsgID>
<Status><![CDATA[send success]]></Status>
<TotalCount>94</TotalCount>
<FilterCount>94</FilterCount>
<SentCount>94</SentCount>
<ErrorCount>0</ErrorCount>
</xml>

2016-09-29 07:39:50 params :
------------
Array:
message : Array ;
module : news ;
rule : 56 ;
priority : 0 ;
keyword : Array ;

2016-09-29 07:39:50 response :
------------
Array:
FromUserName : gh_2a16c32dff4b ;
ToUserName : oZF73wLnK7hlHwt5lZGGxUr7kQV0 ;
MsgType : news ;
ArticleCount : 1 ;
Articles : Array ;

2016-09-29 07:43:56 trace :
------------
String:
<xml><ToUserName><![CDATA[gh_2a16c32dff4b]]></ToUserName>
<FromUserName><![CDATA[oZF73wBAO8cKUE_Jv7r5Ro0uWW2Q]]></FromUserName>
<CreateTime>1475106236</CreateTime>
<MsgType><![CDATA[event]]></MsgType>
<Event><![CDATA[VIEW]]></Event>
<EventKey><![CDATA[http://www.9kpu.com/app/index.php?i=26&c=home&]]></EventKey>
<MenuId>443004588</MenuId>
</xml>

2016-09-29 07:43:56 params :
------------
Array:
message : Array ;
module : news ;
rule : 56 ;
priority : 0 ;
keyword : Array ;

2016-09-29 07:43:56 response :
------------
Array:
FromUserName : gh_2a16c32dff4b ;
ToUserName : oZF73wBAO8cKUE_Jv7r5Ro0uWW2Q ;
MsgType : news ;
ArticleCount : 1 ;
Articles : Array ;

2016-09-29 07:44:08 trace :
------------
String:
<xml><ToUserName><![CDATA[gh_2a16c32dff4b]]></ToUserName>
<FromUserName><![CDATA[oZF73wBAO8cKUE_Jv7r5Ro0uWW2Q]]></FromUserName>
<CreateTime>1475106248</CreateTime>
<MsgType><![CDATA[event]]></MsgType>
<Event><![CDATA[VIEW]]></Event>
<EventKey><![CDATA[http://www.9kpu.com/app/index.php?i=26&c=home&t=37]]></EventKey>
<MenuId>443004588</MenuId>
</xml>

2016-09-29 07:44:08 params :
------------
Array:
message : Array ;
module : news ;
rule : 56 ;
priority : 0 ;
keyword : Array ;

2016-09-29 07:44:08 response :
------------
Array:
FromUserName : gh_2a16c32dff4b ;
ToUserName : oZF73wBAO8cKUE_Jv7r5Ro0uWW2Q ;
MsgType : news ;
ArticleCount : 1 ;
Articles : Array ;

2016-09-29 07:44:13 trace :
------------
String:
<xml><ToUserName><![CDATA[gh_2a16c32dff4b]]></ToUserName>
<FromUserName><![CDATA[oZF73wBAO8cKUE_Jv7r5Ro0uWW2Q]]></FromUserName>
<CreateTime>1475106253</CreateTime>
<MsgType><![CDATA[event]]></MsgType>
<Event><![CDATA[VIEW]]></Event>
<EventKey><![CDATA[http://www.9kpu.com/app/index.php?i=26&c=home&t=43]]></EventKey>
<MenuId>443004588</MenuId>
</xml>

2016-09-29 07:44:13 params :
------------
Array:
message : Array ;
module : news ;
rule : 56 ;
priority : 0 ;
keyword : Array ;

2016-09-29 07:44:13 response :
------------
Array:
FromUserName : gh_2a16c32dff4b ;
ToUserName : oZF73wBAO8cKUE_Jv7r5Ro0uWW2Q ;
MsgType : news ;
ArticleCount : 1 ;
Articles : Array ;

2016-09-29 07:44:19 trace :
------------
String:
<xml><ToUserName><![CDATA[gh_2a16c32dff4b]]></ToUserName>
<FromUserName><![CDATA[oZF73wBAO8cKUE_Jv7r5Ro0uWW2Q]]></FromUserName>
<CreateTime>1475106258</CreateTime>
<MsgType><![CDATA[event]]></MsgType>
<Event><![CDATA[VIEW]]></Event>
<EventKey><![CDATA[http://www.9kpu.com/app/index.php?i=26&c=home&]]></EventKey>
<MenuId>443004588</MenuId>
</xml>

2016-09-29 07:44:19 params :
------------
Array:
message : Array ;
module : news ;
rule : 56 ;
priority : 0 ;
keyword : Array ;

2016-09-29 07:44:19 response :
------------
Array:
FromUserName : gh_2a16c32dff4b ;
ToUserName : oZF73wBAO8cKUE_Jv7r5Ro0uWW2Q ;
MsgType : news ;
ArticleCount : 1 ;
Articles : Array ;

2016-09-29 07:44:47 trace :
------------
String:
<xml><ToUserName><![CDATA[gh_2a16c32dff4b]]></ToUserName>
<FromUserName><![CDATA[oZF73wBAO8cKUE_Jv7r5Ro0uWW2Q]]></FromUserName>
<CreateTime>1475106287</CreateTime>
<MsgType><![CDATA[event]]></MsgType>
<Event><![CDATA[VIEW]]></Event>
<EventKey><![CDATA[http://www.9kpu.com/app/index.php?i=26&c=home&]]></EventKey>
<MenuId>443004588</MenuId>
</xml>

2016-09-29 07:44:47 params :
------------
Array:
message : Array ;
module : news ;
rule : 56 ;
priority : 0 ;
keyword : Array ;

2016-09-29 07:44:47 response :
------------
Array:
FromUserName : gh_2a16c32dff4b ;
ToUserName : oZF73wBAO8cKUE_Jv7r5Ro0uWW2Q ;
MsgType : news ;
ArticleCount : 1 ;
Articles : Array ;

2016-09-29 07:46:29 trace :
------------
String:
<xml><ToUserName><![CDATA[gh_2a16c32dff4b]]></ToUserName>
<FromUserName><![CDATA[oZF73wLnK7hlHwt5lZGGxUr7kQV0]]></FromUserName>
<CreateTime>1475106389</CreateTime>
<MsgType><![CDATA[event]]></MsgType>
<Event><![CDATA[MASSSENDJOBFINISH]]></Event>
<MsgID>1000000006</MsgID>
<Status><![CDATA[send success]]></Status>
<TotalCount>94</TotalCount>
<FilterCount>94</FilterCount>
<SentCount>94</SentCount>
<ErrorCount>0</ErrorCount>
</xml>

2016-09-29 07:46:29 params :
------------
Array:
message : Array ;
module : news ;
rule : 56 ;
priority : 0 ;
keyword : Array ;

2016-09-29 07:46:29 response :
------------
Array:
FromUserName : gh_2a16c32dff4b ;
ToUserName : oZF73wLnK7hlHwt5lZGGxUr7kQV0 ;
MsgType : news ;
ArticleCount : 1 ;
Articles : Array ;

2016-09-29 07:46:43 trace :
------------
String:
<xml><ToUserName><![CDATA[gh_2a16c32dff4b]]></ToUserName>
<FromUserName><![CDATA[oZF73wExSpN-xCQ_-1xozUDLDX5A]]></FromUserName>
<CreateTime>1475106403</CreateTime>
<MsgType><![CDATA[event]]></MsgType>
<Event><![CDATA[VIEW]]></Event>
<EventKey><![CDATA[http://www.9kpu.com/app/index.php?i=26&c=home&]]></EventKey>
<MenuId>443004588</MenuId>
</xml>

2016-09-29 07:46:43 params :
------------
Array:
message : Array ;
module : news ;
rule : 56 ;
priority : 0 ;
keyword : Array ;

2016-09-29 07:46:43 response :
------------
Array:
FromUserName : gh_2a16c32dff4b ;
ToUserName : oZF73wExSpN-xCQ_-1xozUDLDX5A ;
MsgType : news ;
ArticleCount : 1 ;
Articles : Array ;

2016-09-29 07:48:48 trace :
------------
String:
<xml><ToUserName><![CDATA[gh_2a16c32dff4b]]></ToUserName>
<FromUserName><![CDATA[oZF73wA-PmbjV8OMqBPH3-UCIrbU]]></FromUserName>
<CreateTime>1475106528</CreateTime>
<MsgType><![CDATA[event]]></MsgType>
<Event><![CDATA[VIEW]]></Event>
<EventKey><![CDATA[http://www.9kpu.com/app/index.php?i=26&c=home&t=43]]></EventKey>
<MenuId>443004588</MenuId>
</xml>

2016-09-29 07:48:48 params :
------------
Array:
message : Array ;
module : news ;
rule : 56 ;
priority : 0 ;
keyword : Array ;

2016-09-29 07:48:48 response :
------------
Array:
FromUserName : gh_2a16c32dff4b ;
ToUserName : oZF73wA-PmbjV8OMqBPH3-UCIrbU ;
MsgType : news ;
ArticleCount : 1 ;
Articles : Array ;

2016-09-29 07:58:49 trace :
------------
String:
<xml><ToUserName><![CDATA[gh_2a16c32dff4b]]></ToUserName>
<FromUserName><![CDATA[oZF73wIXVlQR4Pr-M97VP810K6b0]]></FromUserName>
<CreateTime>1475107129</CreateTime>
<MsgType><![CDATA[event]]></MsgType>
<Event><![CDATA[VIEW]]></Event>
<EventKey><![CDATA[http://www.9kpu.com/app/index.php?i=26&c=home&]]></EventKey>
<MenuId>443004588</MenuId>
</xml>

2016-09-29 07:58:49 params :
------------
Array:
message : Array ;
module : news ;
rule : 56 ;
priority : 0 ;
keyword : Array ;

2016-09-29 07:58:49 response :
------------
Array:
FromUserName : gh_2a16c32dff4b ;
ToUserName : oZF73wIXVlQR4Pr-M97VP810K6b0 ;
MsgType : news ;
ArticleCount : 1 ;
Articles : Array ;

2016-09-29 08:12:54 trace :
------------
String:
<xml><ToUserName><![CDATA[gh_2a16c32dff4b]]></ToUserName>
<FromUserName><![CDATA[oZF73wAKimMU1XufzSoWnPXuf02w]]></FromUserName>
<CreateTime>1475107974</CreateTime>
<MsgType><![CDATA[event]]></MsgType>
<Event><![CDATA[VIEW]]></Event>
<EventKey><![CDATA[http://www.9kpu.com/app/index.php?i=26&c=home&]]></EventKey>
<MenuId>443004588</MenuId>
</xml>

2016-09-29 08:12:54 params :
------------
Array:
message : Array ;
module : news ;
rule : 56 ;
priority : 0 ;
keyword : Array ;

2016-09-29 08:12:54 response :
------------
Array:
FromUserName : gh_2a16c32dff4b ;
ToUserName : oZF73wAKimMU1XufzSoWnPXuf02w ;
MsgType : news ;
ArticleCount : 1 ;
Articles : Array ;

2016-09-29 09:06:53 trace :
------------
String:
<xml><ToUserName><![CDATA[gh_4e0c181b7380]]></ToUserName>
<FromUserName><![CDATA[oxtWnv8dKzKM6w_0eFzZG_TYcDDE]]></FromUserName>
<CreateTime>1475111213</CreateTime>
<MsgType><![CDATA[event]]></MsgType>
<Event><![CDATA[VIEW]]></Event>
<EventKey><![CDATA[http://www.9kpu.com/app/index.php?i=27&c=entry&eid=1]]></EventKey>
<MenuId>432581458</MenuId>
</xml>

2016-09-29 09:06:53 params :
------------
Array:
message : Array ;
module : default ;
rule : -1 ;

2016-09-29 09:06:53 response :
------------
Array:
params : Array ;

2016-09-29 09:42:45 trace :
------------
String:
<xml><ToUserName><![CDATA[gh_2a16c32dff4b]]></ToUserName>
<FromUserName><![CDATA[oZF73wNsdM4ctUop2t7X_g8-jbCY]]></FromUserName>
<CreateTime>1475113365</CreateTime>
<MsgType><![CDATA[event]]></MsgType>
<Event><![CDATA[VIEW]]></Event>
<EventKey><![CDATA[http://www.9kpu.com/app/index.php?i=26&c=home&t=37]]></EventKey>
<MenuId>443004588</MenuId>
</xml>

2016-09-29 09:42:45 params :
------------
Array:
message : Array ;
module : news ;
rule : 56 ;
priority : 0 ;
keyword : Array ;

2016-09-29 09:42:45 response :
------------
Array:
FromUserName : gh_2a16c32dff4b ;
ToUserName : oZF73wNsdM4ctUop2t7X_g8-jbCY ;
MsgType : news ;
ArticleCount : 1 ;
Articles : Array ;

2016-09-29 09:42:51 trace :
------------
String:
<xml><ToUserName><![CDATA[gh_2a16c32dff4b]]></ToUserName>
<FromUserName><![CDATA[oZF73wNsdM4ctUop2t7X_g8-jbCY]]></FromUserName>
<CreateTime>1475113371</CreateTime>
<MsgType><![CDATA[event]]></MsgType>
<Event><![CDATA[VIEW]]></Event>
<EventKey><![CDATA[http://www.9kpu.com/app/index.php?i=26&c=home&]]></EventKey>
<MenuId>443004588</MenuId>
</xml>

2016-09-29 09:42:51 params :
------------
Array:
message : Array ;
module : news ;
rule : 56 ;
priority : 0 ;
keyword : Array ;

2016-09-29 09:42:51 response :
------------
Array:
FromUserName : gh_2a16c32dff4b ;
ToUserName : oZF73wNsdM4ctUop2t7X_g8-jbCY ;
MsgType : news ;
ArticleCount : 1 ;
Articles : Array ;

2016-09-29 09:54:43 trace :
------------
String:
<xml><ToUserName><![CDATA[gh_2a16c32dff4b]]></ToUserName>
<FromUserName><![CDATA[oZF73wNWh-YfE3_1OBhUMwSn1lpo]]></FromUserName>
<CreateTime>1475114083</CreateTime>
<MsgType><![CDATA[event]]></MsgType>
<Event><![CDATA[subscribe]]></Event>
<EventKey><![CDATA[]]></EventKey>
</xml>

2016-09-29 09:54:43 params :
------------
Array:
message : Array ;
module : news ;
rule : 56 ;
priority : 0 ;
keyword : Array ;

2016-09-29 09:54:43 response :
------------
Array:
FromUserName : gh_2a16c32dff4b ;
ToUserName : oZF73wNWh-YfE3_1OBhUMwSn1lpo ;
MsgType : news ;
ArticleCount : 1 ;
Articles : Array ;

2016-09-29 09:54:47 trace :
------------
String:
<xml><ToUserName><![CDATA[gh_2a16c32dff4b]]></ToUserName>
<FromUserName><![CDATA[oZF73wNWh-YfE3_1OBhUMwSn1lpo]]></FromUserName>
<CreateTime>1475114087</CreateTime>
<MsgType><![CDATA[event]]></MsgType>
<Event><![CDATA[VIEW]]></Event>
<EventKey><![CDATA[http://www.9kpu.com/app/index.php?i=26&c=home&]]></EventKey>
<MenuId>443004588</MenuId>
</xml>

2016-09-29 09:54:47 params :
------------
Array:
message : Array ;
module : news ;
rule : 56 ;
priority : 0 ;
keyword : Array ;

2016-09-29 09:54:47 response :
------------
Array:
FromUserName : gh_2a16c32dff4b ;
ToUserName : oZF73wNWh-YfE3_1OBhUMwSn1lpo ;
MsgType : news ;
ArticleCount : 1 ;
Articles : Array ;

2016-09-29 09:55:50 trace :
------------
String:
<xml><ToUserName><![CDATA[gh_2a16c32dff4b]]></ToUserName>
<FromUserName><![CDATA[oZF73wNWh-YfE3_1OBhUMwSn1lpo]]></FromUserName>
<CreateTime>1475114150</CreateTime>
<MsgType><![CDATA[event]]></MsgType>
<Event><![CDATA[unsubscribe]]></Event>
<EventKey><![CDATA[]]></EventKey>
</xml>

2016-09-29 10:07:34 trace :
------------
String:
<xml><ToUserName><![CDATA[gh_4e0c181b7380]]></ToUserName>
<FromUserName><![CDATA[oxtWnvw8iaAf2usszFEf7DqIHY-g]]></FromUserName>
<CreateTime>1475114854</CreateTime>
<MsgType><![CDATA[event]]></MsgType>
<Event><![CDATA[VIEW]]></Event>
<EventKey><![CDATA[http://www.9kpu.com/app/index.php?i=27&c=home&]]></EventKey>
<MenuId>432581458</MenuId>
</xml>

2016-09-29 10:07:34 params :
------------
Array:
message : Array ;
module : default ;
rule : -1 ;

2016-09-29 10:07:34 response :
------------
Array:
params : Array ;

2016-09-29 10:41:34 trace :
------------
String:
<xml><ToUserName><![CDATA[gh_2a16c32dff4b]]></ToUserName>
<FromUserName><![CDATA[oZF73wGLlyn3U7tUMQDzS_0BQXq0]]></FromUserName>
<CreateTime>1475116894</CreateTime>
<MsgType><![CDATA[event]]></MsgType>
<Event><![CDATA[unsubscribe]]></Event>
<EventKey><![CDATA[]]></EventKey>
</xml>

2016-09-29 10:58:59 trace :
------------
String:
<xml><ToUserName><![CDATA[gh_2a16c32dff4b]]></ToUserName>
<FromUserName><![CDATA[oZF73wPjzORMRDiM5fG7lihY4XhI]]></FromUserName>
<CreateTime>1475117939</CreateTime>
<MsgType><![CDATA[event]]></MsgType>
<Event><![CDATA[VIEW]]></Event>
<EventKey><![CDATA[http://www.9kpu.com/app/index.php?i=26&c=home&]]></EventKey>
<MenuId>443004588</MenuId>
</xml>

2016-09-29 10:58:59 params :
------------
Array:
message : Array ;
module : news ;
rule : 56 ;
priority : 0 ;
keyword : Array ;

2016-09-29 10:58:59 response :
------------
Array:
FromUserName : gh_2a16c32dff4b ;
ToUserName : oZF73wPjzORMRDiM5fG7lihY4XhI ;
MsgType : news ;
ArticleCount : 1 ;
Articles : Array ;

2016-09-29 11:17:01 trace :
------------
String:
<xml><ToUserName><![CDATA[gh_0eab716966d4]]></ToUserName>
<FromUserName><![CDATA[oSoVuwNHuNvMhTGopAhNycC6q3m4]]></FromUserName>
<CreateTime>1475119021</CreateTime>
<MsgType><![CDATA[event]]></MsgType>
<Event><![CDATA[subscribe]]></Event>
<EventKey><![CDATA[]]></EventKey>
</xml>

2016-09-29 11:17:02 params :
------------
Array:
rule : -2 ;
module :  ;
message : Array ;

2016-09-29 11:17:02 response :
------------

2016-09-29 12:05:43 trace :
------------
String:
<xml><ToUserName><![CDATA[gh_2a23de840671]]></ToUserName>
<FromUserName><![CDATA[oQxC9wbnkPfFDtS354N7Wd-vvFhM]]></FromUserName>
<CreateTime>1475121943</CreateTime>
<MsgType><![CDATA[event]]></MsgType>
<Event><![CDATA[VIEW]]></Event>
<EventKey><![CDATA[http://www.9kpu.com/app/index.php?i=31&c=entry&eid=1]]></EventKey>
<MenuId>408135367</MenuId>
</xml>

2016-09-29 12:05:43 params :
------------
Array:
message : Array ;
module : news ;
rule : 60 ;
priority : 0 ;
keyword : Array ;

2016-09-29 12:05:43 response :
------------
Array:
FromUserName : gh_2a23de840671 ;
ToUserName : oQxC9wbnkPfFDtS354N7Wd-vvFhM ;
MsgType : news ;
ArticleCount : 1 ;
Articles : Array ;

2016-09-29 12:05:44 trace :
------------
String:
<xml><ToUserName><![CDATA[gh_2a23de840671]]></ToUserName>
<FromUserName><![CDATA[oQxC9wbnkPfFDtS354N7Wd-vvFhM]]></FromUserName>
<CreateTime>1475121944</CreateTime>
<MsgType><![CDATA[event]]></MsgType>
<Event><![CDATA[VIEW]]></Event>
<EventKey><![CDATA[http://www.9kpu.com/app/index.php?i=31&c=entry&eid=1]]></EventKey>
<MenuId>408135367</MenuId>
</xml>

2016-09-29 12:05:44 params :
------------
Array:
message : Array ;
module : news ;
rule : 60 ;
priority : 0 ;
keyword : Array ;

2016-09-29 12:05:44 response :
------------
Array:
FromUserName : gh_2a23de840671 ;
ToUserName : oQxC9wbnkPfFDtS354N7Wd-vvFhM ;
MsgType : news ;
ArticleCount : 1 ;
Articles : Array ;

2016-09-29 13:26:12 trace :
------------
String:
<xml><ToUserName><![CDATA[gh_4e0c181b7380]]></ToUserName>
<FromUserName><![CDATA[oxtWnv6y3d0OAM4ZbQ6aoKQNVHK0]]></FromUserName>
<CreateTime>1475126772</CreateTime>
<MsgType><![CDATA[event]]></MsgType>
<Event><![CDATA[VIEW]]></Event>
<EventKey><![CDATA[http://www.9kpu.com/app/index.php?i=27&c=home&]]></EventKey>
<MenuId>432581458</MenuId>
</xml>

2016-09-29 13:26:12 params :
------------
Array:
message : Array ;
module : default ;
rule : -1 ;

2016-09-29 13:26:12 response :
------------
Array:
params : Array ;

2016-09-29 13:26:22 trace :
------------
String:
<xml><ToUserName><![CDATA[gh_4e0c181b7380]]></ToUserName>
<FromUserName><![CDATA[oxtWnv6y3d0OAM4ZbQ6aoKQNVHK0]]></FromUserName>
<CreateTime>1475126782</CreateTime>
<MsgType><![CDATA[event]]></MsgType>
<Event><![CDATA[VIEW]]></Event>
<EventKey><![CDATA[http://www.9kpu.com/app/index.php?i=27&c=home&t=52]]></EventKey>
<MenuId>432581458</MenuId>
</xml>

2016-09-29 13:26:22 params :
------------
Array:
message : Array ;
module : default ;
rule : -1 ;

2016-09-29 13:26:22 response :
------------
Array:
params : Array ;

2016-09-29 13:27:34 trace :
------------
String:
<xml><ToUserName><![CDATA[gh_4e0c181b7380]]></ToUserName>
<FromUserName><![CDATA[oxtWnv6y3d0OAM4ZbQ6aoKQNVHK0]]></FromUserName>
<CreateTime>1475126854</CreateTime>
<MsgType><![CDATA[event]]></MsgType>
<Event><![CDATA[VIEW]]></Event>
<EventKey><![CDATA[http://www.9kpu.com/app/index.php?i=27&c=home&]]></EventKey>
<MenuId>432581458</MenuId>
</xml>

2016-09-29 13:27:34 params :
------------
Array:
message : Array ;
module : default ;
rule : -1 ;

2016-09-29 13:27:34 response :
------------
Array:
params : Array ;

2016-09-29 13:27:36 trace :
------------
String:
<xml><ToUserName><![CDATA[gh_2a23de840671]]></ToUserName>
<FromUserName><![CDATA[oQxC9wa8NMoopCiEGOs6AmGszfkM]]></FromUserName>
<CreateTime>1475126856</CreateTime>
<MsgType><![CDATA[event]]></MsgType>
<Event><![CDATA[VIEW]]></Event>
<EventKey><![CDATA[http://www.9kpu.com/app/index.php?i=31&c=entry&eid=1]]></EventKey>
<MenuId>408135367</MenuId>
</xml>

2016-09-29 13:27:36 params :
------------
Array:
message : Array ;
module : news ;
rule : 60 ;
priority : 0 ;
keyword : Array ;

2016-09-29 13:27:36 response :
------------
Array:
FromUserName : gh_2a23de840671 ;
ToUserName : oQxC9wa8NMoopCiEGOs6AmGszfkM ;
MsgType : news ;
ArticleCount : 1 ;
Articles : Array ;

2016-09-29 13:28:18 trace :
------------
String:
<xml><ToUserName><![CDATA[gh_4e0c181b7380]]></ToUserName>
<FromUserName><![CDATA[oxtWnv6y3d0OAM4ZbQ6aoKQNVHK0]]></FromUserName>
<CreateTime>1475126898</CreateTime>
<MsgType><![CDATA[event]]></MsgType>
<Event><![CDATA[VIEW]]></Event>
<EventKey><![CDATA[http://www.9kpu.com/app/index.php?i=27&c=entry&eid=1]]></EventKey>
<MenuId>432581458</MenuId>
</xml>

2016-09-29 13:28:18 params :
------------
Array:
message : Array ;
module : default ;
rule : -1 ;

2016-09-29 13:28:18 response :
------------
Array:
params : Array ;

2016-09-29 13:29:13 trace :
------------
String:
<xml><ToUserName><![CDATA[gh_4e0c181b7380]]></ToUserName>
<FromUserName><![CDATA[oxtWnv6y3d0OAM4ZbQ6aoKQNVHK0]]></FromUserName>
<CreateTime>1475126953</CreateTime>
<MsgType><![CDATA[event]]></MsgType>
<Event><![CDATA[VIEW]]></Event>
<EventKey><![CDATA[http://www.9kpu.com/app/index.php?i=27&c=entry&eid=2]]></EventKey>
<MenuId>432581458</MenuId>
</xml>

2016-09-29 13:29:13 params :
------------
Array:
message : Array ;
module : default ;
rule : -1 ;

2016-09-29 13:29:13 response :
------------
Array:
params : Array ;

2016-09-29 13:36:25 trace :
------------
String:
<xml><ToUserName><![CDATA[gh_081ee8610e82]]></ToUserName>
<FromUserName><![CDATA[ohNDtvqVV-OU9ldsn-ECUQusc4SE]]></FromUserName>
<CreateTime>1475127385</CreateTime>
<MsgType><![CDATA[event]]></MsgType>
<Event><![CDATA[VIEW]]></Event>
<EventKey><![CDATA[http://www.9kpu.com/app/index.php?i=4&c=entry&eid=1]]></EventKey>
<MenuId>414118623</MenuId>
</xml>

2016-09-29 13:36:25 params :
------------
Array:
message : Array ;
module : basic ;
rule : 13 ;
priority : 0 ;
keyword : Array ;

2016-09-29 13:36:25 response :
------------
Array:
FromUserName : gh_081ee8610e82 ;
ToUserName : ohNDtvqVV-OU9ldsn-ECUQusc4SE ;
MsgType : text ;
Content : 等你好久了，智慧微校欢迎您。如果您是来逛逛的，请点开微官网查看我们学校的介绍信息。如果您是家长，请点开学生中心，用您家孩子姓名与学号绑定，就可尽情使用微校功能。如果您是老师，请点开微办公，用系统分配的账号与密码完成绑定，使用微校完成家校互动。 ;

2016-09-29 13:36:36 trace :
------------
String:
<xml><ToUserName><![CDATA[gh_081ee8610e82]]></ToUserName>
<FromUserName><![CDATA[ohNDtvqVV-OU9ldsn-ECUQusc4SE]]></FromUserName>
<CreateTime>1475127396</CreateTime>
<MsgType><![CDATA[event]]></MsgType>
<Event><![CDATA[VIEW]]></Event>
<EventKey><![CDATA[http://www.9kpu.com/app/index.php?i=4&c=entry&eid=2]]></EventKey>
<MenuId>414118623</MenuId>
</xml>

2016-09-29 13:36:36 params :
------------
Array:
message : Array ;
module : basic ;
rule : 13 ;
priority : 0 ;
keyword : Array ;

2016-09-29 13:36:36 response :
------------
Array:
FromUserName : gh_081ee8610e82 ;
ToUserName : ohNDtvqVV-OU9ldsn-ECUQusc4SE ;
MsgType : text ;
Content : 等你好久了，智慧微校欢迎您。如果您是来逛逛的，请点开微官网查看我们学校的介绍信息。如果您是家长，请点开学生中心，用您家孩子姓名与学号绑定，就可尽情使用微校功能。如果您是老师，请点开微办公，用系统分配的账号与密码完成绑定，使用微校完成家校互动。 ;

2016-09-29 14:13:50 trace :
------------
String:
<xml><ToUserName><![CDATA[gh_2a16c32dff4b]]></ToUserName>
<FromUserName><![CDATA[oZF73wBqgimKaTg5e5fPDtmAuKVM]]></FromUserName>
<CreateTime>1475129630</CreateTime>
<MsgType><![CDATA[event]]></MsgType>
<Event><![CDATA[VIEW]]></Event>
<EventKey><![CDATA[http://www.9kpu.com/app/index.php?i=26&c=entry&eid=1]]></EventKey>
<MenuId>443004588</MenuId>
</xml>

2016-09-29 14:13:50 params :
------------
Array:
message : Array ;
module : news ;
rule : 56 ;
priority : 0 ;
keyword : Array ;

2016-09-29 14:13:50 response :
------------
Array:
FromUserName : gh_2a16c32dff4b ;
ToUserName : oZF73wBqgimKaTg5e5fPDtmAuKVM ;
MsgType : news ;
ArticleCount : 1 ;
Articles : Array ;

2016-09-29 14:13:55 trace :
------------
String:
<xml><ToUserName><![CDATA[gh_4e0c181b7380]]></ToUserName>
<FromUserName><![CDATA[oxtWnv7-5ujbdNqeJLLvkIkTOJjM]]></FromUserName>
<CreateTime>1475129635</CreateTime>
<MsgType><![CDATA[event]]></MsgType>
<Event><![CDATA[VIEW]]></Event>
<EventKey><![CDATA[http://www.9kpu.com/app/index.php?i=27&c=entry&eid=1]]></EventKey>
<MenuId>432581458</MenuId>
</xml>

2016-09-29 14:13:55 params :
------------
Array:
message : Array ;
module : default ;
rule : -1 ;

2016-09-29 14:13:55 response :
------------
Array:
params : Array ;

2016-09-29 14:14:04 trace :
------------
String:
<xml><ToUserName><![CDATA[gh_4e0c181b7380]]></ToUserName>
<FromUserName><![CDATA[oxtWnv7-5ujbdNqeJLLvkIkTOJjM]]></FromUserName>
<CreateTime>1475129644</CreateTime>
<MsgType><![CDATA[event]]></MsgType>
<Event><![CDATA[VIEW]]></Event>
<EventKey><![CDATA[http://www.9kpu.com/app/index.php?i=25&c=entry&do=teaIn&m=lianhu_school]]></EventKey>
<MenuId>432581458</MenuId>
</xml>

2016-09-29 14:14:04 params :
------------
Array:
message : Array ;
module : default ;
rule : -1 ;

2016-09-29 14:14:04 response :
------------
Array:
params : Array ;

2016-09-29 14:15:00 trace :
------------
String:
<xml><ToUserName><![CDATA[gh_4e0c181b7380]]></ToUserName>
<FromUserName><![CDATA[oxtWnv7-5ujbdNqeJLLvkIkTOJjM]]></FromUserName>
<CreateTime>1475129700</CreateTime>
<MsgType><![CDATA[event]]></MsgType>
<Event><![CDATA[VIEW]]></Event>
<EventKey><![CDATA[http://www.9kpu.com/app/index.php?i=25&c=entry&do=teaIn&m=lianhu_school]]></EventKey>
<MenuId>432581458</MenuId>
</xml>

2016-09-29 14:15:00 params :
------------
Array:
message : Array ;
module : default ;
rule : -1 ;

2016-09-29 14:15:00 response :
------------
Array:
params : Array ;

2016-09-29 14:15:10 trace :
------------
String:
<xml><ToUserName><![CDATA[gh_2a16c32dff4b]]></ToUserName>
<FromUserName><![CDATA[oZF73wBqgimKaTg5e5fPDtmAuKVM]]></FromUserName>
<CreateTime>1475129710</CreateTime>
<MsgType><![CDATA[event]]></MsgType>
<Event><![CDATA[VIEW]]></Event>
<EventKey><![CDATA[http://www.9kpu.com/app/index.php?i=26&c=entry&eid=1]]></EventKey>
<MenuId>443004588</MenuId>
</xml>

2016-09-29 14:15:10 params :
------------
Array:
message : Array ;
module : news ;
rule : 56 ;
priority : 0 ;
keyword : Array ;

2016-09-29 14:15:10 response :
------------
Array:
FromUserName : gh_2a16c32dff4b ;
ToUserName : oZF73wBqgimKaTg5e5fPDtmAuKVM ;
MsgType : news ;
ArticleCount : 1 ;
Articles : Array ;

2016-09-29 14:17:10 trace :
------------
String:
<xml><ToUserName><![CDATA[gh_4e0c181b7380]]></ToUserName>
<FromUserName><![CDATA[oxtWnv7-5ujbdNqeJLLvkIkTOJjM]]></FromUserName>
<CreateTime>1475129830</CreateTime>
<MsgType><![CDATA[event]]></MsgType>
<Event><![CDATA[VIEW]]></Event>
<EventKey><![CDATA[http://www.9kpu.com/app/index.php?i=27&c=entry&eid=1]]></EventKey>
<MenuId>432581458</MenuId>
</xml>

2016-09-29 14:17:10 params :
------------
Array:
message : Array ;
module : default ;
rule : -1 ;

2016-09-29 14:17:10 response :
------------
Array:
params : Array ;

2016-09-29 14:17:39 trace :
------------
String:
<xml><ToUserName><![CDATA[gh_4e0c181b7380]]></ToUserName>
<FromUserName><![CDATA[oxtWnv7-5ujbdNqeJLLvkIkTOJjM]]></FromUserName>
<CreateTime>1475129859</CreateTime>
<MsgType><![CDATA[event]]></MsgType>
<Event><![CDATA[VIEW]]></Event>
<EventKey><![CDATA[http://www.9kpu.com/app/index.php?i=27&c=entry&eid=1]]></EventKey>
<MenuId>432581458</MenuId>
</xml>

2016-09-29 14:17:39 params :
------------
Array:
message : Array ;
module : default ;
rule : -1 ;

2016-09-29 14:17:39 response :
------------
Array:
params : Array ;

2016-09-29 14:17:58 trace :
------------
String:
<xml><ToUserName><![CDATA[gh_4e0c181b7380]]></ToUserName>
<FromUserName><![CDATA[oxtWnv7-5ujbdNqeJLLvkIkTOJjM]]></FromUserName>
<CreateTime>1475129878</CreateTime>
<MsgType><![CDATA[event]]></MsgType>
<Event><![CDATA[VIEW]]></Event>
<EventKey><![CDATA[http://www.9kpu.com/app/index.php?i=27&c=entry&eid=1]]></EventKey>
<MenuId>432581458</MenuId>
</xml>

2016-09-29 14:17:58 params :
------------
Array:
message : Array ;
module : default ;
rule : -1 ;

2016-09-29 14:17:58 response :
------------
Array:
params : Array ;

2016-09-29 14:18:41 trace :
------------
String:
<xml><ToUserName><![CDATA[gh_4e0c181b7380]]></ToUserName>
<FromUserName><![CDATA[oxtWnv7-5ujbdNqeJLLvkIkTOJjM]]></FromUserName>
<CreateTime>1475129921</CreateTime>
<MsgType><![CDATA[event]]></MsgType>
<Event><![CDATA[VIEW]]></Event>
<EventKey><![CDATA[http://www.9kpu.com/app/index.php?i=27&c=home&t=52]]></EventKey>
<MenuId>432581458</MenuId>
</xml>

2016-09-29 14:18:41 params :
------------
Array:
message : Array ;
module : default ;
rule : -1 ;

2016-09-29 14:18:41 response :
------------
Array:
params : Array ;

2016-09-29 14:46:51 trace :
------------
String:
<xml><ToUserName><![CDATA[gh_4e0c181b7380]]></ToUserName>
<FromUserName><![CDATA[oxtWnvzhsyl757soaneweZSbmzbs]]></FromUserName>
<CreateTime>1475131611</CreateTime>
<MsgType><![CDATA[event]]></MsgType>
<Event><![CDATA[VIEW]]></Event>
<EventKey><![CDATA[http://www.9kpu.com/app/index.php?i=27&c=home&t=52]]></EventKey>
<MenuId>432581458</MenuId>
</xml>

2016-09-29 14:46:51 params :
------------
Array:
message : Array ;
module : default ;
rule : -1 ;

2016-09-29 14:46:51 response :
------------
Array:
params : Array ;

2016-09-29 14:46:55 trace :
------------
String:
<xml><ToUserName><![CDATA[gh_4e0c181b7380]]></ToUserName>
<FromUserName><![CDATA[oxtWnvzhsyl757soaneweZSbmzbs]]></FromUserName>
<CreateTime>1475131615</CreateTime>
<MsgType><![CDATA[event]]></MsgType>
<Event><![CDATA[VIEW]]></Event>
<EventKey><![CDATA[http://www.9kpu.com/app/index.php?i=25&c=entry&do=teaIn&m=lianhu_school]]></EventKey>
<MenuId>432581458</MenuId>
</xml>

2016-09-29 14:46:55 params :
------------
Array:
message : Array ;
module : default ;
rule : -1 ;

2016-09-29 14:46:55 response :
------------
Array:
params : Array ;

2016-09-29 14:47:11 trace :
------------
String:
<xml><ToUserName><![CDATA[gh_4e0c181b7380]]></ToUserName>
<FromUserName><![CDATA[oxtWnvzhsyl757soaneweZSbmzbs]]></FromUserName>
<CreateTime>1475131631</CreateTime>
<MsgType><![CDATA[event]]></MsgType>
<Event><![CDATA[VIEW]]></Event>
<EventKey><![CDATA[http://www.9kpu.com/app/index.php?i=25&c=entry&do=teaIn&m=lianhu_school]]></EventKey>
<MenuId>432581458</MenuId>
</xml>

2016-09-29 14:47:11 params :
------------
Array:
message : Array ;
module : default ;
rule : -1 ;

2016-09-29 14:47:11 response :
------------
Array:
params : Array ;

2016-09-29 14:47:36 trace :
------------
String:
<xml><ToUserName><![CDATA[gh_4e0c181b7380]]></ToUserName>
<FromUserName><![CDATA[oxtWnvzhsyl757soaneweZSbmzbs]]></FromUserName>
<CreateTime>1475131656</CreateTime>
<MsgType><![CDATA[event]]></MsgType>
<Event><![CDATA[VIEW]]></Event>
<EventKey><![CDATA[http://www.9kpu.com/app/index.php?i=27&c=entry&eid=2]]></EventKey>
<MenuId>432581458</MenuId>
</xml>

2016-09-29 14:47:36 params :
------------
Array:
message : Array ;
module : default ;
rule : -1 ;

2016-09-29 14:47:36 response :
------------
Array:
params : Array ;

2016-09-29 14:47:50 trace :
------------
String:
<xml><ToUserName><![CDATA[gh_4e0c181b7380]]></ToUserName>
<FromUserName><![CDATA[oxtWnvzhsyl757soaneweZSbmzbs]]></FromUserName>
<CreateTime>1475131670</CreateTime>
<MsgType><![CDATA[event]]></MsgType>
<Event><![CDATA[VIEW]]></Event>
<EventKey><![CDATA[http://www.9kpu.com/app/index.php?i=27&c=entry&eid=2]]></EventKey>
<MenuId>432581458</MenuId>
</xml>

2016-09-29 14:47:50 params :
------------
Array:
message : Array ;
module : default ;
rule : -1 ;

2016-09-29 14:47:50 response :
------------
Array:
params : Array ;

2016-09-29 14:58:13 trace :
------------
String:
<xml><ToUserName><![CDATA[gh_4e0c181b7380]]></ToUserName>
<FromUserName><![CDATA[oxtWnv8dKzKM6w_0eFzZG_TYcDDE]]></FromUserName>
<CreateTime>1475132293</CreateTime>
<MsgType><![CDATA[event]]></MsgType>
<Event><![CDATA[VIEW]]></Event>
<EventKey><![CDATA[http://www.9kpu.com/app/index.php?i=27&c=entry&eid=2]]></EventKey>
<MenuId>432581458</MenuId>
</xml>

2016-09-29 14:58:13 params :
------------
Array:
message : Array ;
module : default ;
rule : -1 ;

2016-09-29 14:58:13 response :
------------
Array:
params : Array ;

2016-09-29 14:58:38 trace :
------------
String:
<xml><ToUserName><![CDATA[gh_4e0c181b7380]]></ToUserName>
<FromUserName><![CDATA[oxtWnv8dKzKM6w_0eFzZG_TYcDDE]]></FromUserName>
<CreateTime>1475132318</CreateTime>
<MsgType><![CDATA[event]]></MsgType>
<Event><![CDATA[VIEW]]></Event>
<EventKey><![CDATA[http://www.9kpu.com/app/index.php?i=27&c=entry&eid=2]]></EventKey>
<MenuId>432581458</MenuId>
</xml>

2016-09-29 14:58:38 params :
------------
Array:
message : Array ;
module : default ;
rule : -1 ;

2016-09-29 14:58:38 response :
------------
Array:
params : Array ;

2016-09-29 14:59:06 trace :
------------
String:
<xml><ToUserName><![CDATA[gh_4e0c181b7380]]></ToUserName>
<FromUserName><![CDATA[oxtWnv8dKzKM6w_0eFzZG_TYcDDE]]></FromUserName>
<CreateTime>1475132346</CreateTime>
<MsgType><![CDATA[event]]></MsgType>
<Event><![CDATA[VIEW]]></Event>
<EventKey><![CDATA[http://www.9kpu.com/app/index.php?i=27&c=entry&eid=2]]></EventKey>
<MenuId>432581458</MenuId>
</xml>

2016-09-29 14:59:06 params :
------------
Array:
message : Array ;
module : default ;
rule : -1 ;

2016-09-29 14:59:06 response :
------------
Array:
params : Array ;

2016-09-29 15:00:19 trace :
------------
String:
<xml><ToUserName><![CDATA[gh_4e0c181b7380]]></ToUserName>
<FromUserName><![CDATA[oxtWnv5DsG5j6c07VOhsWKudhsHQ]]></FromUserName>
<CreateTime>1475132419</CreateTime>
<MsgType><![CDATA[event]]></MsgType>
<Event><![CDATA[VIEW]]></Event>
<EventKey><![CDATA[http://www.9kpu.com/app/index.php?i=27&c=home&]]></EventKey>
<MenuId>432581458</MenuId>
</xml>

2016-09-29 15:00:19 params :
------------
Array:
message : Array ;
module : default ;
rule : -1 ;

2016-09-29 15:00:19 response :
------------
Array:
params : Array ;

2016-09-29 15:01:02 trace :
------------
String:
<xml><ToUserName><![CDATA[gh_4e0c181b7380]]></ToUserName>
<FromUserName><![CDATA[oxtWnv8dKzKM6w_0eFzZG_TYcDDE]]></FromUserName>
<CreateTime>1475132462</CreateTime>
<MsgType><![CDATA[event]]></MsgType>
<Event><![CDATA[VIEW]]></Event>
<EventKey><![CDATA[http://www.9kpu.com/app/index.php?i=27&c=entry&eid=2]]></EventKey>
<MenuId>432581458</MenuId>
</xml>

2016-09-29 15:01:02 params :
------------
Array:
message : Array ;
module : default ;
rule : -1 ;

2016-09-29 15:01:02 response :
------------
Array:
params : Array ;

2016-09-29 15:01:18 trace :
------------
String:
<xml><ToUserName><![CDATA[gh_2a16c32dff4b]]></ToUserName>
<FromUserName><![CDATA[oZF73wA27rUpJ0AJwL7L_BiGU51g]]></FromUserName>
<CreateTime>1475132478</CreateTime>
<MsgType><![CDATA[event]]></MsgType>
<Event><![CDATA[VIEW]]></Event>
<EventKey><![CDATA[http://www.9kpu.com/app/index.php?i=26&c=home&t=37]]></EventKey>
<MenuId>443004588</MenuId>
</xml>

2016-09-29 15:01:18 params :
------------
Array:
message : Array ;
module : news ;
rule : 56 ;
priority : 0 ;
keyword : Array ;

2016-09-29 15:01:18 response :
------------
Array:
FromUserName : gh_2a16c32dff4b ;
ToUserName : oZF73wA27rUpJ0AJwL7L_BiGU51g ;
MsgType : news ;
ArticleCount : 1 ;
Articles : Array ;

2016-09-29 15:01:29 trace :
------------
String:
<xml><ToUserName><![CDATA[gh_2a16c32dff4b]]></ToUserName>
<FromUserName><![CDATA[oZF73wA27rUpJ0AJwL7L_BiGU51g]]></FromUserName>
<CreateTime>1475132489</CreateTime>
<MsgType><![CDATA[event]]></MsgType>
<Event><![CDATA[VIEW]]></Event>
<EventKey><![CDATA[http://www.9kpu.com/app/index.php?i=26&c=home&t=43]]></EventKey>
<MenuId>443004588</MenuId>
</xml>

2016-09-29 15:01:29 params :
------------
Array:
message : Array ;
module : news ;
rule : 56 ;
priority : 0 ;
keyword : Array ;

2016-09-29 15:01:29 response :
------------
Array:
FromUserName : gh_2a16c32dff4b ;
ToUserName : oZF73wA27rUpJ0AJwL7L_BiGU51g ;
MsgType : news ;
ArticleCount : 1 ;
Articles : Array ;

2016-09-29 15:01:56 trace :
------------
String:
<xml><ToUserName><![CDATA[gh_2a16c32dff4b]]></ToUserName>
<FromUserName><![CDATA[oZF73wA27rUpJ0AJwL7L_BiGU51g]]></FromUserName>
<CreateTime>1475132516</CreateTime>
<MsgType><![CDATA[event]]></MsgType>
<Event><![CDATA[VIEW]]></Event>
<EventKey><![CDATA[http://www.9kpu.com/app/index.php?i=26&c=entry&eid=1]]></EventKey>
<MenuId>443004588</MenuId>
</xml>

2016-09-29 15:01:56 params :
------------
Array:
message : Array ;
module : news ;
rule : 56 ;
priority : 0 ;
keyword : Array ;

2016-09-29 15:01:56 response :
------------
Array:
FromUserName : gh_2a16c32dff4b ;
ToUserName : oZF73wA27rUpJ0AJwL7L_BiGU51g ;
MsgType : news ;
ArticleCount : 1 ;
Articles : Array ;

2016-09-29 15:02:32 trace :
------------
String:
<xml><ToUserName><![CDATA[gh_4e0c181b7380]]></ToUserName>
<FromUserName><![CDATA[oxtWnv8dKzKM6w_0eFzZG_TYcDDE]]></FromUserName>
<CreateTime>1475132551</CreateTime>
<MsgType><![CDATA[event]]></MsgType>
<Event><![CDATA[VIEW]]></Event>
<EventKey><![CDATA[http://www.9kpu.com/app/index.php?i=27&c=entry&eid=2]]></EventKey>
<MenuId>432581458</MenuId>
</xml>

2016-09-29 15:02:32 params :
------------
Array:
message : Array ;
module : default ;
rule : -1 ;

2016-09-29 15:02:32 response :
------------
Array:
params : Array ;

2016-09-29 15:06:00 trace :
------------
String:
<xml><ToUserName><![CDATA[gh_4e0c181b7380]]></ToUserName>
<FromUserName><![CDATA[oxtWnv8dKzKM6w_0eFzZG_TYcDDE]]></FromUserName>
<CreateTime>1475132760</CreateTime>
<MsgType><![CDATA[event]]></MsgType>
<Event><![CDATA[VIEW]]></Event>
<EventKey><![CDATA[http://www.9kpu.com/app/index.php?i=27&c=entry&eid=2]]></EventKey>
<MenuId>432581458</MenuId>
</xml>

2016-09-29 15:06:00 params :
------------
Array:
message : Array ;
module : default ;
rule : -1 ;

2016-09-29 15:06:00 response :
------------
Array:
params : Array ;

2016-09-29 15:08:10 trace :
------------
String:
<xml><ToUserName><![CDATA[gh_4e0c181b7380]]></ToUserName>
<FromUserName><![CDATA[oxtWnv8dKzKM6w_0eFzZG_TYcDDE]]></FromUserName>
<CreateTime>1475132890</CreateTime>
<MsgType><![CDATA[event]]></MsgType>
<Event><![CDATA[VIEW]]></Event>
<EventKey><![CDATA[http://www.9kpu.com/app/index.php?i=27&c=entry&eid=2]]></EventKey>
<MenuId>432581458</MenuId>
</xml>

2016-09-29 15:08:10 params :
------------
Array:
message : Array ;
module : default ;
rule : -1 ;

2016-09-29 15:08:10 response :
------------
Array:
params : Array ;

2016-09-29 15:16:08 trace :
------------
String:
<xml><ToUserName><![CDATA[gh_4e0c181b7380]]></ToUserName>
<FromUserName><![CDATA[oxtWnv7-5ujbdNqeJLLvkIkTOJjM]]></FromUserName>
<CreateTime>1475133368</CreateTime>
<MsgType><![CDATA[event]]></MsgType>
<Event><![CDATA[VIEW]]></Event>
<EventKey><![CDATA[http://www.9kpu.com/app/index.php?i=27&c=entry&eid=1]]></EventKey>
<MenuId>432687017</MenuId>
</xml>

2016-09-29 15:16:08 params :
------------
Array:
message : Array ;
module : default ;
rule : -1 ;

2016-09-29 15:16:08 response :
------------
Array:
params : Array ;

2016-09-29 15:16:26 trace :
------------
String:
<xml><ToUserName><![CDATA[gh_4e0c181b7380]]></ToUserName>
<FromUserName><![CDATA[oxtWnv7-5ujbdNqeJLLvkIkTOJjM]]></FromUserName>
<CreateTime>1475133386</CreateTime>
<MsgType><![CDATA[event]]></MsgType>
<Event><![CDATA[VIEW]]></Event>
<EventKey><![CDATA[http://www.9kpu.com/app/index.php?i=27&c=entry&eid=2]]></EventKey>
<MenuId>432687017</MenuId>
</xml>

2016-09-29 15:16:26 params :
------------
Array:
message : Array ;
module : default ;
rule : -1 ;

2016-09-29 15:16:26 response :
------------
Array:
params : Array ;

2016-09-29 15:32:03 trace :
------------
String:
<xml><ToUserName><![CDATA[gh_7d1762dac7c2]]></ToUserName>
<FromUserName><![CDATA[o8AZcwEUfjxfjGOcX15QicoE2B_I]]></FromUserName>
<CreateTime>1475134323</CreateTime>
<MsgType><![CDATA[event]]></MsgType>
<Event><![CDATA[subscribe]]></Event>
<EventKey><![CDATA[]]></EventKey>
</xml>

2016-09-29 15:32:03 params :
------------
Array:
rule : -2 ;
module :  ;
message : Array ;

2016-09-29 15:32:03 response :
------------

2016-09-29 15:32:05 trace :
------------
String:
<xml><ToUserName><![CDATA[gh_7d1762dac7c2]]></ToUserName>
<FromUserName><![CDATA[o8AZcwEUfjxfjGOcX15QicoE2B_I]]></FromUserName>
<CreateTime>1475134325</CreateTime>
<MsgType><![CDATA[event]]></MsgType>
<Event><![CDATA[VIEW]]></Event>
<EventKey><![CDATA[http://www.9kpu.com/app/index.php?i=6&c=home&]]></EventKey>
<MenuId>406999612</MenuId>
</xml>

2016-09-29 15:32:05 params :
------------
Array:
rule : -2 ;
module :  ;
message : Array ;

2016-09-29 15:32:05 response :
------------

2016-09-29 15:32:23 trace :
------------
String:
<xml><ToUserName><![CDATA[gh_7d1762dac7c2]]></ToUserName>
<FromUserName><![CDATA[o8AZcwEUfjxfjGOcX15QicoE2B_I]]></FromUserName>
<CreateTime>1475134343</CreateTime>
<MsgType><![CDATA[event]]></MsgType>
<Event><![CDATA[VIEW]]></Event>
<EventKey><![CDATA[http://www.9kpu.com/app/index.php?i=6&c=home&]]></EventKey>
<MenuId>406999612</MenuId>
</xml>

2016-09-29 15:32:23 params :
------------
Array:
rule : -2 ;
module :  ;
message : Array ;

2016-09-29 15:32:23 response :
------------

2016-09-29 15:32:41 trace :
------------
String:
<xml><ToUserName><![CDATA[gh_7d1762dac7c2]]></ToUserName>
<FromUserName><![CDATA[o8AZcwEUfjxfjGOcX15QicoE2B_I]]></FromUserName>
<CreateTime>1475134361</CreateTime>
<MsgType><![CDATA[event]]></MsgType>
<Event><![CDATA[unsubscribe]]></Event>
<EventKey><![CDATA[]]></EventKey>
</xml>

2016-09-29 15:50:52 trace :
------------
String:
<xml><ToUserName><![CDATA[gh_2a23de840671]]></ToUserName>
<FromUserName><![CDATA[oQxC9wa8NMoopCiEGOs6AmGszfkM]]></FromUserName>
<CreateTime>1475135452</CreateTime>
<MsgType><![CDATA[event]]></MsgType>
<Event><![CDATA[VIEW]]></Event>
<EventKey><![CDATA[http://www.9kpu.com/app/index.php?i=31&c=entry&eid=1]]></EventKey>
<MenuId>408135367</MenuId>
</xml>

2016-09-29 15:50:52 params :
------------
Array:
message : Array ;
module : news ;
rule : 60 ;
priority : 0 ;
keyword : Array ;

2016-09-29 15:50:52 response :
------------
Array:
FromUserName : gh_2a23de840671 ;
ToUserName : oQxC9wa8NMoopCiEGOs6AmGszfkM ;
MsgType : news ;
ArticleCount : 1 ;
Articles : Array ;

2016-09-29 16:11:02 trace :
------------
String:
<xml><ToUserName><![CDATA[gh_4e0c181b7380]]></ToUserName>
<FromUserName><![CDATA[oxtWnv8dKzKM6w_0eFzZG_TYcDDE]]></FromUserName>
<CreateTime>1475136662</CreateTime>
<MsgType><![CDATA[event]]></MsgType>
<Event><![CDATA[VIEW]]></Event>
<EventKey><![CDATA[http://www.9kpu.com/app/index.php?i=27&c=entry&eid=2]]></EventKey>
<MenuId>432687017</MenuId>
</xml>

2016-09-29 16:11:02 params :
------------
Array:
message : Array ;
module : default ;
rule : -1 ;

2016-09-29 16:11:02 response :
------------
Array:
params : Array ;

2016-09-29 16:15:54 trace :
------------
String:
<xml><ToUserName><![CDATA[gh_4e0c181b7380]]></ToUserName>
<FromUserName><![CDATA[oxtWnv8dKzKM6w_0eFzZG_TYcDDE]]></FromUserName>
<CreateTime>1475136954</CreateTime>
<MsgType><![CDATA[event]]></MsgType>
<Event><![CDATA[VIEW]]></Event>
<EventKey><![CDATA[http://www.9kpu.com/app/index.php?i=27&c=entry&eid=1]]></EventKey>
<MenuId>432687017</MenuId>
</xml>

2016-09-29 16:15:54 params :
------------
Array:
message : Array ;
module : default ;
rule : -1 ;

2016-09-29 16:15:54 response :
------------
Array:
params : Array ;

2016-09-29 16:18:40 trace :
------------
String:
<xml><ToUserName><![CDATA[gh_4e0c181b7380]]></ToUserName>
<FromUserName><![CDATA[oxtWnv8dKzKM6w_0eFzZG_TYcDDE]]></FromUserName>
<CreateTime>1475137120</CreateTime>
<MsgType><![CDATA[event]]></MsgType>
<Event><![CDATA[VIEW]]></Event>
<EventKey><![CDATA[http://www.9kpu.com/app/index.php?i=27&c=entry&eid=1]]></EventKey>
<MenuId>432687017</MenuId>
</xml>

2016-09-29 16:18:40 params :
------------
Array:
message : Array ;
module : default ;
rule : -1 ;

2016-09-29 16:18:40 response :
------------
Array:
params : Array ;

2016-09-29 16:19:30 trace :
------------
String:
<xml><ToUserName><![CDATA[gh_4e0c181b7380]]></ToUserName>
<FromUserName><![CDATA[oxtWnv8dKzKM6w_0eFzZG_TYcDDE]]></FromUserName>
<CreateTime>1475137169</CreateTime>
<MsgType><![CDATA[event]]></MsgType>
<Event><![CDATA[VIEW]]></Event>
<EventKey><![CDATA[http://www.9kpu.com/app/index.php?i=27&c=entry&eid=1]]></EventKey>
<MenuId>432687017</MenuId>
</xml>

2016-09-29 16:19:30 params :
------------
Array:
message : Array ;
module : default ;
rule : -1 ;

2016-09-29 16:19:30 response :
------------
Array:
params : Array ;

2016-09-29 16:22:01 trace :
------------
String:
<xml><ToUserName><![CDATA[gh_4e0c181b7380]]></ToUserName>
<FromUserName><![CDATA[oxtWnv8dKzKM6w_0eFzZG_TYcDDE]]></FromUserName>
<CreateTime>1475137321</CreateTime>
<MsgType><![CDATA[event]]></MsgType>
<Event><![CDATA[VIEW]]></Event>
<EventKey><![CDATA[http://www.9kpu.com/app/index.php?i=27&c=entry&eid=2]]></EventKey>
<MenuId>432687017</MenuId>
</xml>

2016-09-29 16:22:01 params :
------------
Array:
message : Array ;
module : default ;
rule : -1 ;

2016-09-29 16:22:01 response :
------------
Array:
params : Array ;

2016-09-29 16:22:18 trace :
------------
String:
<xml><ToUserName><![CDATA[gh_4e0c181b7380]]></ToUserName>
<FromUserName><![CDATA[oxtWnv8dKzKM6w_0eFzZG_TYcDDE]]></FromUserName>
<CreateTime>1475137338</CreateTime>
<MsgType><![CDATA[event]]></MsgType>
<Event><![CDATA[VIEW]]></Event>
<EventKey><![CDATA[http://www.9kpu.com/app/index.php?i=27&c=entry&eid=1]]></EventKey>
<MenuId>432687017</MenuId>
</xml>

2016-09-29 16:22:18 params :
------------
Array:
message : Array ;
module : default ;
rule : -1 ;

2016-09-29 16:22:18 response :
------------
Array:
params : Array ;

2016-09-29 16:24:31 trace :
------------
String:
<xml><ToUserName><![CDATA[gh_4e0c181b7380]]></ToUserName>
<FromUserName><![CDATA[oxtWnv8dKzKM6w_0eFzZG_TYcDDE]]></FromUserName>
<CreateTime>1475137471</CreateTime>
<MsgType><![CDATA[event]]></MsgType>
<Event><![CDATA[VIEW]]></Event>
<EventKey><![CDATA[http://www.9kpu.com/app/index.php?i=27&c=entry&eid=1]]></EventKey>
<MenuId>432687017</MenuId>
</xml>

2016-09-29 16:24:31 params :
------------
Array:
message : Array ;
module : default ;
rule : -1 ;

2016-09-29 16:24:31 response :
------------
Array:
params : Array ;

2016-09-29 16:26:00 trace :
------------
String:
<xml><ToUserName><![CDATA[gh_4e0c181b7380]]></ToUserName>
<FromUserName><![CDATA[oxtWnv7-5ujbdNqeJLLvkIkTOJjM]]></FromUserName>
<CreateTime>1475137560</CreateTime>
<MsgType><![CDATA[event]]></MsgType>
<Event><![CDATA[VIEW]]></Event>
<EventKey><![CDATA[http://www.9kpu.com/app/index.php?i=27&c=entry&eid=1]]></EventKey>
<MenuId>432687017</MenuId>
</xml>

2016-09-29 16:26:00 params :
------------
Array:
message : Array ;
module : default ;
rule : -1 ;

2016-09-29 16:26:00 response :
------------
Array:
params : Array ;

2016-09-29 16:27:02 trace :
------------
String:
<xml><ToUserName><![CDATA[gh_4e0c181b7380]]></ToUserName>
<FromUserName><![CDATA[oxtWnv8dKzKM6w_0eFzZG_TYcDDE]]></FromUserName>
<CreateTime>1475137622</CreateTime>
<MsgType><![CDATA[event]]></MsgType>
<Event><![CDATA[VIEW]]></Event>
<EventKey><![CDATA[http://www.9kpu.com/app/index.php?i=27&c=entry&eid=1]]></EventKey>
<MenuId>432687017</MenuId>
</xml>

2016-09-29 16:27:02 params :
------------
Array:
message : Array ;
module : default ;
rule : -1 ;

2016-09-29 16:27:02 response :
------------
Array:
params : Array ;

2016-09-29 16:30:46 trace :
------------
String:
<xml><ToUserName><![CDATA[gh_4e0c181b7380]]></ToUserName>
<FromUserName><![CDATA[oxtWnv8dKzKM6w_0eFzZG_TYcDDE]]></FromUserName>
<CreateTime>1475137846</CreateTime>
<MsgType><![CDATA[event]]></MsgType>
<Event><![CDATA[VIEW]]></Event>
<EventKey><![CDATA[http://www.9kpu.com/app/index.php?i=27&c=entry&eid=2]]></EventKey>
<MenuId>432687017</MenuId>
</xml>

2016-09-29 16:30:46 params :
------------
Array:
message : Array ;
module : default ;
rule : -1 ;

2016-09-29 16:30:46 response :
------------
Array:
params : Array ;

2016-09-29 16:31:45 trace :
------------
String:
<xml><ToUserName><![CDATA[gh_4e0c181b7380]]></ToUserName>
<FromUserName><![CDATA[oxtWnv7-5ujbdNqeJLLvkIkTOJjM]]></FromUserName>
<CreateTime>1475137904</CreateTime>
<MsgType><![CDATA[event]]></MsgType>
<Event><![CDATA[VIEW]]></Event>
<EventKey><![CDATA[http://www.9kpu.com/app/index.php?i=27&c=entry&eid=2]]></EventKey>
<MenuId>432687017</MenuId>
</xml>

2016-09-29 16:31:45 params :
------------
Array:
message : Array ;
module : default ;
rule : -1 ;

2016-09-29 16:31:45 response :
------------
Array:
params : Array ;

2016-09-29 17:04:09 trace :
------------
String:
<xml><ToUserName><![CDATA[gh_e7a0c8306261]]></ToUserName>
<FromUserName><![CDATA[oRj-Fs0-58f1Xolgz7rNR5ZNmCik]]></FromUserName>
<CreateTime>1475139849</CreateTime>
<MsgType><![CDATA[event]]></MsgType>
<Event><![CDATA[VIEW]]></Event>
<EventKey><![CDATA[http://www.9kpu.com/app/index.php?i=13&c=entry&eid=1]]></EventKey>
<MenuId>409075692</MenuId>
</xml>

2016-09-29 17:04:09 params :
------------
Array:
message : Array ;
module : basic ;
rule : 22 ;
priority : 0 ;
keyword : Array ;

2016-09-29 17:04:09 response :
------------
Array:
FromUserName : gh_e7a0c8306261 ;
ToUserName : oRj-Fs0-58f1Xolgz7rNR5ZNmCik ;
MsgType : text ;
Content : 欢迎关注同城学堂，点击微官网查看本学校介绍信息，家长点击学生天地绑定自己小孩信息使用，老师点击教师信息绑定自己账号使用 ;

2016-09-29 17:44:45 trace :
------------
String:
<xml><ToUserName><![CDATA[gh_2a16c32dff4b]]></ToUserName>
<FromUserName><![CDATA[oZF73wNnb31H9HiMZSZoKZrBT9fQ]]></FromUserName>
<CreateTime>1475142284</CreateTime>
<MsgType><![CDATA[event]]></MsgType>
<Event><![CDATA[subscribe]]></Event>
<EventKey><![CDATA[]]></EventKey>
</xml>

2016-09-29 17:44:45 params :
------------
Array:
message : Array ;
module : news ;
rule : 56 ;
priority : 0 ;
keyword : Array ;

2016-09-29 17:44:45 response :
------------
Array:
FromUserName : gh_2a16c32dff4b ;
ToUserName : oZF73wNnb31H9HiMZSZoKZrBT9fQ ;
MsgType : news ;
ArticleCount : 1 ;
Articles : Array ;

2016-09-29 19:01:00 trace :
------------
String:
<xml><ToUserName><![CDATA[gh_4e0c181b7380]]></ToUserName>
<FromUserName><![CDATA[oxtWnvxVnTU-1Qhk5mInL2F1I2yk]]></FromUserName>
<CreateTime>1475146860</CreateTime>
<MsgType><![CDATA[event]]></MsgType>
<Event><![CDATA[subscribe]]></Event>
<EventKey><![CDATA[]]></EventKey>
</xml>

2016-09-29 19:01:00 params :
------------
Array:
message : Array ;
module : default ;
rule : -1 ;

2016-09-29 19:01:00 response :
------------
Array:
params : Array ;

2016-09-29 19:36:42 trace :
------------
String:
<xml><ToUserName><![CDATA[gh_2a23de840671]]></ToUserName>
<FromUserName><![CDATA[oQxC9wTFW_fdyGR9ViV-xxcza0vI]]></FromUserName>
<CreateTime>1475149002</CreateTime>
<MsgType><![CDATA[event]]></MsgType>
<Event><![CDATA[VIEW]]></Event>
<EventKey><![CDATA[http://www.9kpu.com/app/index.php?i=31&c=home&]]></EventKey>
<MenuId>408135367</MenuId>
</xml>

2016-09-29 19:36:42 params :
------------
Array:
message : Array ;
module : news ;
rule : 60 ;
priority : 0 ;
keyword : Array ;

2016-09-29 19:36:42 response :
------------
Array:
FromUserName : gh_2a23de840671 ;
ToUserName : oQxC9wTFW_fdyGR9ViV-xxcza0vI ;
MsgType : news ;
ArticleCount : 1 ;
Articles : Array ;

2016-09-29 19:41:47 trace :
------------
String:
<xml><ToUserName><![CDATA[gh_2a23de840671]]></ToUserName>
<FromUserName><![CDATA[oQxC9wfyAdGjP0PmwNOf34edjiEg]]></FromUserName>
<CreateTime>1475149307</CreateTime>
<MsgType><![CDATA[event]]></MsgType>
<Event><![CDATA[VIEW]]></Event>
<EventKey><![CDATA[http://www.9kpu.com/app/index.php?i=31&c=entry&eid=1]]></EventKey>
<MenuId>408135367</MenuId>
</xml>

2016-09-29 19:41:47 params :
------------
Array:
message : Array ;
module : news ;
rule : 60 ;
priority : 0 ;
keyword : Array ;

2016-09-29 19:41:47 response :
------------
Array:
FromUserName : gh_2a23de840671 ;
ToUserName : oQxC9wfyAdGjP0PmwNOf34edjiEg ;
MsgType : news ;
ArticleCount : 1 ;
Articles : Array ;

2016-09-29 19:48:45 trace :
------------
String:
<xml><ToUserName><![CDATA[gh_2a23de840671]]></ToUserName>
<FromUserName><![CDATA[oQxC9wfyAdGjP0PmwNOf34edjiEg]]></FromUserName>
<CreateTime>1475149725</CreateTime>
<MsgType><![CDATA[event]]></MsgType>
<Event><![CDATA[VIEW]]></Event>
<EventKey><![CDATA[http://www.9kpu.com/app/index.php?i=31&c=entry&eid=1]]></EventKey>
<MenuId>408135367</MenuId>
</xml>

2016-09-29 19:48:45 params :
------------
Array:
message : Array ;
module : news ;
rule : 60 ;
priority : 0 ;
keyword : Array ;

2016-09-29 19:48:45 response :
------------
Array:
FromUserName : gh_2a23de840671 ;
ToUserName : oQxC9wfyAdGjP0PmwNOf34edjiEg ;
MsgType : news ;
ArticleCount : 1 ;
Articles : Array ;

2016-09-29 20:01:46 trace :
------------
String:
<xml><ToUserName><![CDATA[gh_2a23de840671]]></ToUserName>
<FromUserName><![CDATA[oQxC9wfyAdGjP0PmwNOf34edjiEg]]></FromUserName>
<CreateTime>1475150505</CreateTime>
<MsgType><![CDATA[event]]></MsgType>
<Event><![CDATA[VIEW]]></Event>
<EventKey><![CDATA[http://www.9kpu.com/app/index.php?i=31&c=entry&eid=1]]></EventKey>
<MenuId>408135367</MenuId>
</xml>

2016-09-29 20:01:46 params :
------------
Array:
message : Array ;
module : news ;
rule : 60 ;
priority : 0 ;
keyword : Array ;

2016-09-29 20:01:46 response :
------------
Array:
FromUserName : gh_2a23de840671 ;
ToUserName : oQxC9wfyAdGjP0PmwNOf34edjiEg ;
MsgType : news ;
ArticleCount : 1 ;
Articles : Array ;

2016-09-29 20:17:25 trace :
------------
String:
<xml><ToUserName><![CDATA[gh_2a23de840671]]></ToUserName>
<FromUserName><![CDATA[oQxC9wd_RYbZadQRwMi-wbdmwiIg]]></FromUserName>
<CreateTime>1475151445</CreateTime>
<MsgType><![CDATA[event]]></MsgType>
<Event><![CDATA[VIEW]]></Event>
<EventKey><![CDATA[http://www.9kpu.com/app/index.php?i=31&c=entry&eid=1]]></EventKey>
<MenuId>408135367</MenuId>
</xml>

2016-09-29 20:17:25 params :
------------
Array:
message : Array ;
module : news ;
rule : 60 ;
priority : 0 ;
keyword : Array ;

2016-09-29 20:17:25 response :
------------
Array:
FromUserName : gh_2a23de840671 ;
ToUserName : oQxC9wd_RYbZadQRwMi-wbdmwiIg ;
MsgType : news ;
ArticleCount : 1 ;
Articles : Array ;

2016-09-29 20:56:00 trace :
------------
String:
<xml><ToUserName><![CDATA[gh_2a23de840671]]></ToUserName>
<FromUserName><![CDATA[oQxC9wSnty-GyHF0KbG52A28ZCZE]]></FromUserName>
<CreateTime>1475153760</CreateTime>
<MsgType><![CDATA[event]]></MsgType>
<Event><![CDATA[VIEW]]></Event>
<EventKey><![CDATA[http://www.9kpu.com/app/index.php?i=31&c=entry&eid=1]]></EventKey>
<MenuId>408135367</MenuId>
</xml>

2016-09-29 20:56:00 params :
------------
Array:
message : Array ;
module : news ;
rule : 60 ;
priority : 0 ;
keyword : Array ;

2016-09-29 20:56:00 response :
------------
Array:
FromUserName : gh_2a23de840671 ;
ToUserName : oQxC9wSnty-GyHF0KbG52A28ZCZE ;
MsgType : news ;
ArticleCount : 1 ;
Articles : Array ;

2016-09-29 22:45:09 trace :
------------
String:
<xml><ToUserName><![CDATA[gh_2ee031f2e428]]></ToUserName>
<FromUserName><![CDATA[ojDkIwrzsglgxrM80lHFESSpnno0]]></FromUserName>
<CreateTime>1475160309</CreateTime>
<MsgType><![CDATA[event]]></MsgType>
<Event><![CDATA[subscribe]]></Event>
<EventKey><![CDATA[]]></EventKey>
</xml>

2016-09-29 22:45:09 params :
------------
Array:
rule : -2 ;
module :  ;
message : Array ;

2016-09-29 22:45:09 response :
------------

