2016-06-27 00:31:10 trace :
------------
String:
<xml><ToUserName><![CDATA[gh_2ee031f2e428]]></ToUserName>
<FromUserName><![CDATA[ojDkIwoKbWEe5KNLVQXj1L4x7KzU]]></FromUserName>
<CreateTime>1466958670</CreateTime>
<MsgType><![CDATA[event]]></MsgType>
<Event><![CDATA[subscribe]]></Event>
<EventKey><![CDATA[]]></EventKey>
</xml>

2016-06-27 00:31:10 params :
------------
Array:
rule : -2 ;
module :  ;
message : Array ;

2016-06-27 00:31:10 response :
------------

2016-06-27 00:33:05 trace :
------------
String:
<xml><ToUserName><![CDATA[gh_2ee031f2e428]]></ToUserName>
<FromUserName><![CDATA[ojDkIwoKbWEe5KNLVQXj1L4x7KzU]]></FromUserName>
<CreateTime>1466958785</CreateTime>
<MsgType><![CDATA[event]]></MsgType>
<Event><![CDATA[unsubscribe]]></Event>
<EventKey><![CDATA[]]></EventKey>
</xml>

2016-06-27 08:40:50 trace :
------------
String:
<xml><ToUserName><![CDATA[gh_e7a0c8306261]]></ToUserName>
<FromUserName><![CDATA[oRj-Fs0-58f1Xolgz7rNR5ZNmCik]]></FromUserName>
<CreateTime>1466988050</CreateTime>
<MsgType><![CDATA[event]]></MsgType>
<Event><![CDATA[VIEW]]></Event>
<EventKey><![CDATA[http://www.9kpu.com/app/index.php?i=13&c=home&]]></EventKey>
<MenuId>408429854</MenuId>
</xml>

2016-06-27 08:40:50 params :
------------
Array:
message : Array ;
module : basic ;
rule : 22 ;
priority : 0 ;
keyword : Array ;

2016-06-27 08:40:50 response :
------------
Array:
FromUserName : gh_e7a0c8306261 ;
ToUserName : oRj-Fs0-58f1Xolgz7rNR5ZNmCik ;
MsgType : text ;
Content : 欢迎关注同城学堂，点击微官网查看本学校介绍信息，家长点击学生天地绑定自己小孩信息使用，老师点击教师信息绑定自己账号使用 ;

2016-06-27 09:38:09 trace :
------------
String:
<xml><ToUserName><![CDATA[gh_e7a0c8306261]]></ToUserName>
<FromUserName><![CDATA[oRj-Fs5QjtciVl9kBRfKQQiKibmI]]></FromUserName>
<CreateTime>1466991489</CreateTime>
<MsgType><![CDATA[event]]></MsgType>
<Event><![CDATA[VIEW]]></Event>
<EventKey><![CDATA[http://www.9kpu.com/app/index.php?i=13&c=entry&eid=1]]></EventKey>
<MenuId>408429854</MenuId>
</xml>

2016-06-27 09:38:09 params :
------------
Array:
message : Array ;
module : basic ;
rule : 22 ;
priority : 0 ;
keyword : Array ;

2016-06-27 09:38:09 response :
------------
Array:
FromUserName : gh_e7a0c8306261 ;
ToUserName : oRj-Fs5QjtciVl9kBRfKQQiKibmI ;
MsgType : text ;
Content : 欢迎关注同城学堂，点击微官网查看本学校介绍信息，家长点击学生天地绑定自己小孩信息使用，老师点击教师信息绑定自己账号使用 ;

2016-06-27 09:41:18 trace :
------------
String:
<xml><ToUserName><![CDATA[gh_7d1762dac7c2]]></ToUserName>
<FromUserName><![CDATA[o8AZcwPsgyo4MicT9oxbcc3taS9M]]></FromUserName>
<CreateTime>1466991678</CreateTime>
<MsgType><![CDATA[event]]></MsgType>
<Event><![CDATA[subscribe]]></Event>
<EventKey><![CDATA[]]></EventKey>
</xml>

2016-06-27 09:41:18 params :
------------
Array:
rule : -2 ;
module :  ;
message : Array ;

2016-06-27 09:41:18 response :
------------

2016-06-27 09:41:21 trace :
------------
String:
<xml><ToUserName><![CDATA[gh_7d1762dac7c2]]></ToUserName>
<FromUserName><![CDATA[o8AZcwPsgyo4MicT9oxbcc3taS9M]]></FromUserName>
<CreateTime>1466991680</CreateTime>
<MsgType><![CDATA[event]]></MsgType>
<Event><![CDATA[VIEW]]></Event>
<EventKey><![CDATA[http://www.9kpu.com/app/index.php?i=6&c=home&]]></EventKey>
<MenuId>406999612</MenuId>
</xml>

2016-06-27 09:41:21 params :
------------
Array:
rule : -2 ;
module :  ;
message : Array ;

2016-06-27 09:41:21 response :
------------

2016-06-27 09:41:24 trace :
------------
String:
<xml><ToUserName><![CDATA[gh_7d1762dac7c2]]></ToUserName>
<FromUserName><![CDATA[o8AZcwPsgyo4MicT9oxbcc3taS9M]]></FromUserName>
<CreateTime>1466991684</CreateTime>
<MsgType><![CDATA[event]]></MsgType>
<Event><![CDATA[VIEW]]></Event>
<EventKey><![CDATA[http://www.9kpu.com/app/index.php?i=6&c=entry&eid=1]]></EventKey>
<MenuId>406999612</MenuId>
</xml>

2016-06-27 09:41:24 params :
------------
Array:
rule : -2 ;
module :  ;
message : Array ;

2016-06-27 09:41:24 response :
------------

2016-06-27 09:41:30 trace :
------------
String:
<xml><ToUserName><![CDATA[gh_7d1762dac7c2]]></ToUserName>
<FromUserName><![CDATA[o8AZcwPsgyo4MicT9oxbcc3taS9M]]></FromUserName>
<CreateTime>1466991690</CreateTime>
<MsgType><![CDATA[event]]></MsgType>
<Event><![CDATA[VIEW]]></Event>
<EventKey><![CDATA[http://www.9kpu.com/app/index.php?i=6&c=entry&eid=2]]></EventKey>
<MenuId>406999612</MenuId>
</xml>

2016-06-27 09:41:30 params :
------------
Array:
rule : -2 ;
module :  ;
message : Array ;

2016-06-27 09:41:30 response :
------------

2016-06-27 09:41:32 trace :
------------
String:
<xml><ToUserName><![CDATA[gh_7d1762dac7c2]]></ToUserName>
<FromUserName><![CDATA[o8AZcwPsgyo4MicT9oxbcc3taS9M]]></FromUserName>
<CreateTime>1466991692</CreateTime>
<MsgType><![CDATA[event]]></MsgType>
<Event><![CDATA[VIEW]]></Event>
<EventKey><![CDATA[http://www.9kpu.com/app/index.php?i=6&c=entry&eid=1]]></EventKey>
<MenuId>406999612</MenuId>
</xml>

2016-06-27 09:41:32 params :
------------
Array:
rule : -2 ;
module :  ;
message : Array ;

2016-06-27 09:41:32 response :
------------

2016-06-27 09:41:34 trace :
------------
String:
<xml><ToUserName><![CDATA[gh_7d1762dac7c2]]></ToUserName>
<FromUserName><![CDATA[o8AZcwPsgyo4MicT9oxbcc3taS9M]]></FromUserName>
<CreateTime>1466991694</CreateTime>
<MsgType><![CDATA[event]]></MsgType>
<Event><![CDATA[VIEW]]></Event>
<EventKey><![CDATA[http://www.9kpu.com/app/index.php?i=6&c=entry&eid=2]]></EventKey>
<MenuId>406999612</MenuId>
</xml>

2016-06-27 09:41:34 params :
------------
Array:
rule : -2 ;
module :  ;
message : Array ;

2016-06-27 09:41:34 response :
------------

2016-06-27 09:41:37 trace :
------------
String:
<xml><ToUserName><![CDATA[gh_7d1762dac7c2]]></ToUserName>
<FromUserName><![CDATA[o8AZcwPsgyo4MicT9oxbcc3taS9M]]></FromUserName>
<CreateTime>1466991697</CreateTime>
<MsgType><![CDATA[event]]></MsgType>
<Event><![CDATA[VIEW]]></Event>
<EventKey><![CDATA[http://www.9kpu.com/app/index.php?i=6&c=home&]]></EventKey>
<MenuId>406999612</MenuId>
</xml>

2016-06-27 09:41:37 params :
------------
Array:
rule : -2 ;
module :  ;
message : Array ;

2016-06-27 09:41:37 response :
------------

2016-06-27 09:42:14 trace :
------------
String:
<xml><ToUserName><![CDATA[gh_7d1762dac7c2]]></ToUserName>
<FromUserName><![CDATA[o8AZcwPsgyo4MicT9oxbcc3taS9M]]></FromUserName>
<CreateTime>1466991734</CreateTime>
<MsgType><![CDATA[event]]></MsgType>
<Event><![CDATA[VIEW]]></Event>
<EventKey><![CDATA[http://www.9kpu.com/app/index.php?i=6&c=entry&eid=2]]></EventKey>
<MenuId>406999612</MenuId>
</xml>

2016-06-27 09:42:14 params :
------------
Array:
rule : -2 ;
module :  ;
message : Array ;

2016-06-27 09:42:14 response :
------------

2016-06-27 09:42:18 trace :
------------
String:
<xml><ToUserName><![CDATA[gh_7d1762dac7c2]]></ToUserName>
<FromUserName><![CDATA[o8AZcwPsgyo4MicT9oxbcc3taS9M]]></FromUserName>
<CreateTime>1466991738</CreateTime>
<MsgType><![CDATA[event]]></MsgType>
<Event><![CDATA[VIEW]]></Event>
<EventKey><![CDATA[http://www.9kpu.com/app/index.php?i=6&c=home&]]></EventKey>
<MenuId>406999612</MenuId>
</xml>

2016-06-27 09:42:18 params :
------------
Array:
rule : -2 ;
module :  ;
message : Array ;

2016-06-27 09:42:18 response :
------------

2016-06-27 09:42:33 trace :
------------
String:
<xml><ToUserName><![CDATA[gh_7d1762dac7c2]]></ToUserName>
<FromUserName><![CDATA[o8AZcwPsgyo4MicT9oxbcc3taS9M]]></FromUserName>
<CreateTime>1466991753</CreateTime>
<MsgType><![CDATA[event]]></MsgType>
<Event><![CDATA[VIEW]]></Event>
<EventKey><![CDATA[http://www.9kpu.com/app/index.php?i=6&c=home&]]></EventKey>
<MenuId>406999612</MenuId>
</xml>

2016-06-27 09:42:33 params :
------------
Array:
rule : -2 ;
module :  ;
message : Array ;

2016-06-27 09:42:33 response :
------------

2016-06-27 09:43:04 trace :
------------
String:
<xml><ToUserName><![CDATA[gh_7d1762dac7c2]]></ToUserName>
<FromUserName><![CDATA[o8AZcwPsgyo4MicT9oxbcc3taS9M]]></FromUserName>
<CreateTime>1466991783</CreateTime>
<MsgType><![CDATA[event]]></MsgType>
<Event><![CDATA[unsubscribe]]></Event>
<EventKey><![CDATA[]]></EventKey>
</xml>

2016-06-27 10:12:53 trace :
------------
String:
<xml><ToUserName><![CDATA[gh_c8e42a22d2ba]]></ToUserName>
<FromUserName><![CDATA[o7oRnw-djgy1IB9-KzwO-lnW9wVs]]></FromUserName>
<CreateTime>1466993573</CreateTime>
<MsgType><![CDATA[event]]></MsgType>
<Event><![CDATA[VIEW]]></Event>
<EventKey><![CDATA[http://www.9kpu.com]]></EventKey>
<MenuId>410601283</MenuId>
</xml>

2016-06-27 10:12:53 params :
------------
Array:
rule : -2 ;
module :  ;
message : Array ;

2016-06-27 10:12:53 response :
------------

2016-06-27 10:13:16 trace :
------------
String:
<xml><ToUserName><![CDATA[gh_c8e42a22d2ba]]></ToUserName>
<FromUserName><![CDATA[o7oRnw-djgy1IB9-KzwO-lnW9wVs]]></FromUserName>
<CreateTime>1466993595</CreateTime>
<MsgType><![CDATA[event]]></MsgType>
<Event><![CDATA[VIEW]]></Event>
<EventKey><![CDATA[http://www.9kpu.com]]></EventKey>
<MenuId>410601283</MenuId>
</xml>

2016-06-27 10:13:16 params :
------------
Array:
rule : -2 ;
module :  ;
message : Array ;

2016-06-27 10:13:16 response :
------------

2016-06-27 10:14:13 trace :
------------
String:
<xml><ToUserName><![CDATA[gh_c8e42a22d2ba]]></ToUserName>
<FromUserName><![CDATA[o7oRnw-djgy1IB9-KzwO-lnW9wVs]]></FromUserName>
<CreateTime>1466993652</CreateTime>
<MsgType><![CDATA[event]]></MsgType>
<Event><![CDATA[VIEW]]></Event>
<EventKey><![CDATA[http://www.9kpu.com]]></EventKey>
<MenuId>410601283</MenuId>
</xml>

2016-06-27 10:14:13 params :
------------
Array:
rule : -2 ;
module :  ;
message : Array ;

2016-06-27 10:14:13 response :
------------

2016-06-27 10:14:23 trace :
------------
String:
<xml><ToUserName><![CDATA[gh_c8e42a22d2ba]]></ToUserName>
<FromUserName><![CDATA[o7oRnw-djgy1IB9-KzwO-lnW9wVs]]></FromUserName>
<CreateTime>1466993663</CreateTime>
<MsgType><![CDATA[event]]></MsgType>
<Event><![CDATA[VIEW]]></Event>
<EventKey><![CDATA[http://www.9kpu.com]]></EventKey>
<MenuId>410601283</MenuId>
</xml>

2016-06-27 10:14:23 params :
------------
Array:
rule : -2 ;
module :  ;
message : Array ;

2016-06-27 10:14:23 response :
------------

2016-06-27 10:15:02 trace :
------------
String:
<xml><ToUserName><![CDATA[gh_c8e42a22d2ba]]></ToUserName>
<FromUserName><![CDATA[o7oRnwzQRQ9XY6SbwM4LNZj3taCo]]></FromUserName>
<CreateTime>1466993702</CreateTime>
<MsgType><![CDATA[event]]></MsgType>
<Event><![CDATA[subscribe]]></Event>
<EventKey><![CDATA[]]></EventKey>
</xml>

2016-06-27 10:15:02 params :
------------
Array:
rule : -2 ;
module :  ;
message : Array ;

2016-06-27 10:15:02 response :
------------

2016-06-27 10:15:04 trace :
------------
String:
<xml><ToUserName><![CDATA[gh_c8e42a22d2ba]]></ToUserName>
<FromUserName><![CDATA[o7oRnwzQRQ9XY6SbwM4LNZj3taCo]]></FromUserName>
<CreateTime>1466993704</CreateTime>
<MsgType><![CDATA[event]]></MsgType>
<Event><![CDATA[VIEW]]></Event>
<EventKey><![CDATA[http://www.9kpu.com]]></EventKey>
<MenuId>410601283</MenuId>
</xml>

2016-06-27 10:15:04 params :
------------
Array:
rule : -2 ;
module :  ;
message : Array ;

2016-06-27 10:15:04 response :
------------

2016-06-27 10:15:16 trace :
------------
String:
<xml><ToUserName><![CDATA[gh_c8e42a22d2ba]]></ToUserName>
<FromUserName><![CDATA[o7oRnwzQRQ9XY6SbwM4LNZj3taCo]]></FromUserName>
<CreateTime>1466993716</CreateTime>
<MsgType><![CDATA[event]]></MsgType>
<Event><![CDATA[VIEW]]></Event>
<EventKey><![CDATA[http://www.9kpu.com]]></EventKey>
<MenuId>410601283</MenuId>
</xml>

2016-06-27 10:15:16 params :
------------
Array:
rule : -2 ;
module :  ;
message : Array ;

2016-06-27 10:15:16 response :
------------

2016-06-27 10:15:21 trace :
------------
String:
<xml><ToUserName><![CDATA[gh_c8e42a22d2ba]]></ToUserName>
<FromUserName><![CDATA[o7oRnwzQRQ9XY6SbwM4LNZj3taCo]]></FromUserName>
<CreateTime>1466993721</CreateTime>
<MsgType><![CDATA[event]]></MsgType>
<Event><![CDATA[VIEW]]></Event>
<EventKey><![CDATA[http://www.9kpu.com]]></EventKey>
<MenuId>410601283</MenuId>
</xml>

2016-06-27 10:15:21 params :
------------
Array:
rule : -2 ;
module :  ;
message : Array ;

2016-06-27 10:15:21 response :
------------

2016-06-27 10:20:08 trace :
------------
String:
<xml><ToUserName><![CDATA[gh_2ee031f2e428]]></ToUserName>
<FromUserName><![CDATA[ojDkIwhTwjH55PYAR-kJDFw27p9k]]></FromUserName>
<CreateTime>1466994007</CreateTime>
<MsgType><![CDATA[event]]></MsgType>
<Event><![CDATA[subscribe]]></Event>
<EventKey><![CDATA[]]></EventKey>
</xml>

2016-06-27 10:20:08 params :
------------
Array:
rule : -2 ;
module :  ;
message : Array ;

2016-06-27 10:20:08 response :
------------

2016-06-27 10:20:16 trace :
------------
String:
<xml><ToUserName><![CDATA[gh_2ee031f2e428]]></ToUserName>
<FromUserName><![CDATA[ojDkIwhTwjH55PYAR-kJDFw27p9k]]></FromUserName>
<CreateTime>1466994016</CreateTime>
<MsgType><![CDATA[text]]></MsgType>
<Content><![CDATA[  。。]]></Content>
<MsgId>6300691322558294103</MsgId>
</xml>

2016-06-27 10:20:16 params :
------------
Array:
rule : -2 ;
module :  ;
message : Array ;

2016-06-27 10:20:16 response :
------------

2016-06-27 10:29:06 trace :
------------
String:
<xml><ToUserName><![CDATA[gh_c8e42a22d2ba]]></ToUserName>
<FromUserName><![CDATA[o7oRnwzQRQ9XY6SbwM4LNZj3taCo]]></FromUserName>
<CreateTime>1466994546</CreateTime>
<MsgType><![CDATA[event]]></MsgType>
<Event><![CDATA[VIEW]]></Event>
<EventKey><![CDATA[http://www.9kpu.com]]></EventKey>
<MenuId>410601283</MenuId>
</xml>

2016-06-27 10:29:06 params :
------------
Array:
rule : -2 ;
module :  ;
message : Array ;

2016-06-27 10:29:06 response :
------------

2016-06-27 10:29:08 trace :
------------
String:
<xml><ToUserName><![CDATA[gh_c8e42a22d2ba]]></ToUserName>
<FromUserName><![CDATA[o7oRnwzQRQ9XY6SbwM4LNZj3taCo]]></FromUserName>
<CreateTime>1466994548</CreateTime>
<MsgType><![CDATA[event]]></MsgType>
<Event><![CDATA[VIEW]]></Event>
<EventKey><![CDATA[http://www.9kpu.com]]></EventKey>
<MenuId>410601283</MenuId>
</xml>

2016-06-27 10:29:08 params :
------------
Array:
rule : -2 ;
module :  ;
message : Array ;

2016-06-27 10:29:08 response :
------------

2016-06-27 10:29:10 trace :
------------
String:
<xml><ToUserName><![CDATA[gh_c8e42a22d2ba]]></ToUserName>
<FromUserName><![CDATA[o7oRnwzQRQ9XY6SbwM4LNZj3taCo]]></FromUserName>
<CreateTime>1466994550</CreateTime>
<MsgType><![CDATA[event]]></MsgType>
<Event><![CDATA[VIEW]]></Event>
<EventKey><![CDATA[http://www.9kpu.com]]></EventKey>
<MenuId>410601283</MenuId>
</xml>

2016-06-27 10:29:11 params :
------------
Array:
rule : -2 ;
module :  ;
message : Array ;

2016-06-27 10:29:11 response :
------------

2016-06-27 10:45:49 trace :
------------
String:
<xml><ToUserName><![CDATA[gh_e7a0c8306261]]></ToUserName>
<FromUserName><![CDATA[oRj-Fs8qDmUEEZ0jIsDIcoU5gSxI]]></FromUserName>
<CreateTime>1466995549</CreateTime>
<MsgType><![CDATA[event]]></MsgType>
<Event><![CDATA[TEMPLATESENDJOBFINISH]]></Event>
<MsgID>408797243</MsgID>
<Status><![CDATA[success]]></Status>
</xml>

2016-06-27 10:45:49 params :
------------
Array:
message : Array ;
module : basic ;
rule : 22 ;
priority : 0 ;
keyword : Array ;

2016-06-27 10:45:49 response :
------------
Array:
FromUserName : gh_e7a0c8306261 ;
ToUserName : oRj-Fs8qDmUEEZ0jIsDIcoU5gSxI ;
MsgType : text ;
Content : 欢迎关注同城学堂，点击微官网查看本学校介绍信息，家长点击学生天地绑定自己小孩信息使用，老师点击教师信息绑定自己账号使用 ;

2016-06-27 10:47:41 trace :
------------
String:
<xml><ToUserName><![CDATA[gh_e7a0c8306261]]></ToUserName>
<FromUserName><![CDATA[oRj-Fs8qDmUEEZ0jIsDIcoU5gSxI]]></FromUserName>
<CreateTime>1466995661</CreateTime>
<MsgType><![CDATA[event]]></MsgType>
<Event><![CDATA[VIEW]]></Event>
<EventKey><![CDATA[http://www.9kpu.com/app/index.php?i=13&c=home&]]></EventKey>
<MenuId>408429854</MenuId>
</xml>

2016-06-27 10:47:41 params :
------------
Array:
message : Array ;
module : basic ;
rule : 22 ;
priority : 0 ;
keyword : Array ;

2016-06-27 10:47:41 response :
------------
Array:
FromUserName : gh_e7a0c8306261 ;
ToUserName : oRj-Fs8qDmUEEZ0jIsDIcoU5gSxI ;
MsgType : text ;
Content : 欢迎关注同城学堂，点击微官网查看本学校介绍信息，家长点击学生天地绑定自己小孩信息使用，老师点击教师信息绑定自己账号使用 ;

2016-06-27 10:47:53 trace :
------------
String:
<xml><ToUserName><![CDATA[gh_e7a0c8306261]]></ToUserName>
<FromUserName><![CDATA[oRj-Fs8qDmUEEZ0jIsDIcoU5gSxI]]></FromUserName>
<CreateTime>1466995673</CreateTime>
<MsgType><![CDATA[event]]></MsgType>
<Event><![CDATA[VIEW]]></Event>
<EventKey><![CDATA[http://www.9kpu.com/app/index.php?i=13&c=entry&eid=1]]></EventKey>
<MenuId>408429854</MenuId>
</xml>

2016-06-27 10:47:53 params :
------------
Array:
message : Array ;
module : basic ;
rule : 22 ;
priority : 0 ;
keyword : Array ;

2016-06-27 10:47:53 response :
------------
Array:
FromUserName : gh_e7a0c8306261 ;
ToUserName : oRj-Fs8qDmUEEZ0jIsDIcoU5gSxI ;
MsgType : text ;
Content : 欢迎关注同城学堂，点击微官网查看本学校介绍信息，家长点击学生天地绑定自己小孩信息使用，老师点击教师信息绑定自己账号使用 ;

2016-06-27 10:48:11 pay :
------------
String:
array (
  'appid' => 'wxfd01bb7d30330daa',
  'attach' => '4',
  'bank_type' => 'CFT',
  'cash_fee' => '1',
  'fee_type' => 'CNY',
  'is_subscribe' => 'Y',
  'mch_id' => '1328846301',
  'nonce_str' => 'ozu6Xi8a',
  'openid' => 'ohNDtvt_GTETaYwoTsI9JkUOkwZU',
  'out_trade_no' => '2016062710480200001256245429',
  'result_code' => 'SUCCESS',
  'return_code' => 'SUCCESS',
  'sign' => 'BBA2A3A0C1D8B429DAA8F1A82D20AF75',
  'time_end' => '20160627104810',
  'total_fee' => '1',
  'trade_type' => 'JSAPI',
  'transaction_id' => '4009122001201606277955482281',
)

2016-06-27 10:48:37 trace :
------------
String:
<xml><ToUserName><![CDATA[gh_e7a0c8306261]]></ToUserName>
<FromUserName><![CDATA[oRj-Fs8qDmUEEZ0jIsDIcoU5gSxI]]></FromUserName>
<CreateTime>1466995717</CreateTime>
<MsgType><![CDATA[event]]></MsgType>
<Event><![CDATA[VIEW]]></Event>
<EventKey><![CDATA[http://www.9kpu.com/app/index.php?i=13&c=entry&eid=1]]></EventKey>
<MenuId>408429854</MenuId>
</xml>

2016-06-27 10:48:37 params :
------------
Array:
message : Array ;
module : basic ;
rule : 22 ;
priority : 0 ;
keyword : Array ;

2016-06-27 10:48:37 response :
------------
Array:
FromUserName : gh_e7a0c8306261 ;
ToUserName : oRj-Fs8qDmUEEZ0jIsDIcoU5gSxI ;
MsgType : text ;
Content : 欢迎关注同城学堂，点击微官网查看本学校介绍信息，家长点击学生天地绑定自己小孩信息使用，老师点击教师信息绑定自己账号使用 ;

2016-06-27 10:49:09 trace :
------------
String:
<xml><ToUserName><![CDATA[gh_e7a0c8306261]]></ToUserName>
<FromUserName><![CDATA[oRj-Fs8qDmUEEZ0jIsDIcoU5gSxI]]></FromUserName>
<CreateTime>1466995748</CreateTime>
<MsgType><![CDATA[event]]></MsgType>
<Event><![CDATA[VIEW]]></Event>
<EventKey><![CDATA[http://www.9kpu.com/app/index.php?i=13&c=entry&eid=1]]></EventKey>
<MenuId>408429854</MenuId>
</xml>

2016-06-27 10:49:09 params :
------------
Array:
message : Array ;
module : basic ;
rule : 22 ;
priority : 0 ;
keyword : Array ;

2016-06-27 10:49:09 response :
------------
Array:
FromUserName : gh_e7a0c8306261 ;
ToUserName : oRj-Fs8qDmUEEZ0jIsDIcoU5gSxI ;
MsgType : text ;
Content : 欢迎关注同城学堂，点击微官网查看本学校介绍信息，家长点击学生天地绑定自己小孩信息使用，老师点击教师信息绑定自己账号使用 ;

2016-06-27 12:05:41 trace :
------------
String:
<xml><ToUserName><![CDATA[gh_2ee031f2e428]]></ToUserName>
<FromUserName><![CDATA[ojDkIwgVDFXlv2kyZdLsVQkC9iwc]]></FromUserName>
<CreateTime>1467000341</CreateTime>
<MsgType><![CDATA[event]]></MsgType>
<Event><![CDATA[subscribe]]></Event>
<EventKey><![CDATA[]]></EventKey>
</xml>

2016-06-27 12:05:41 params :
------------
Array:
rule : -2 ;
module :  ;
message : Array ;

2016-06-27 12:05:41 response :
------------

2016-06-27 12:14:23 trace :
------------
String:
<xml><ToUserName><![CDATA[gh_2ee031f2e428]]></ToUserName>
<FromUserName><![CDATA[ojDkIwvhkwZNK4uFM9rcfZyZkOgg]]></FromUserName>
<CreateTime>1467000862</CreateTime>
<MsgType><![CDATA[event]]></MsgType>
<Event><![CDATA[subscribe]]></Event>
<EventKey><![CDATA[]]></EventKey>
</xml>

2016-06-27 12:14:23 params :
------------
Array:
rule : -2 ;
module :  ;
message : Array ;

2016-06-27 12:14:23 response :
------------

2016-06-27 12:15:13 trace :
------------
String:
<xml><ToUserName><![CDATA[gh_2ee031f2e428]]></ToUserName>
<FromUserName><![CDATA[ojDkIwnUvN16ErRo49kF1CIsOyAQ]]></FromUserName>
<CreateTime>1467000913</CreateTime>
<MsgType><![CDATA[event]]></MsgType>
<Event><![CDATA[subscribe]]></Event>
<EventKey><![CDATA[]]></EventKey>
</xml>

2016-06-27 12:15:13 params :
------------
Array:
rule : -2 ;
module :  ;
message : Array ;

2016-06-27 12:15:14 response :
------------

2016-06-27 12:19:40 trace :
------------
String:
<xml><ToUserName><![CDATA[gh_2ee031f2e428]]></ToUserName>
<FromUserName><![CDATA[ojDkIwh4cGi84KaiDcdG5B9LLorg]]></FromUserName>
<CreateTime>1467001180</CreateTime>
<MsgType><![CDATA[event]]></MsgType>
<Event><![CDATA[subscribe]]></Event>
<EventKey><![CDATA[]]></EventKey>
</xml>

2016-06-27 12:19:40 params :
------------
Array:
rule : -2 ;
module :  ;
message : Array ;

2016-06-27 12:19:40 response :
------------

2016-06-27 13:11:35 trace :
------------
String:
<xml><ToUserName><![CDATA[gh_2ee031f2e428]]></ToUserName>
<FromUserName><![CDATA[ojDkIwhrUZo-cPDcCTwWPaZpnhsc]]></FromUserName>
<CreateTime>1467004295</CreateTime>
<MsgType><![CDATA[event]]></MsgType>
<Event><![CDATA[subscribe]]></Event>
<EventKey><![CDATA[]]></EventKey>
</xml>

2016-06-27 13:11:35 params :
------------
Array:
rule : -2 ;
module :  ;
message : Array ;

2016-06-27 13:11:35 response :
------------

2016-06-27 14:10:26 trace :
------------
String:
<xml><ToUserName><![CDATA[gh_c8e42a22d2ba]]></ToUserName>
<FromUserName><![CDATA[o7oRnwzQRQ9XY6SbwM4LNZj3taCo]]></FromUserName>
<CreateTime>1467007826</CreateTime>
<MsgType><![CDATA[event]]></MsgType>
<Event><![CDATA[VIEW]]></Event>
<EventKey><![CDATA[http://www.9kpu.com/app/themes/mihua03]]></EventKey>
<MenuId>410606951</MenuId>
</xml>

2016-06-27 14:10:26 params :
------------
Array:
rule : -2 ;
module :  ;
message : Array ;

2016-06-27 14:10:26 response :
------------

2016-06-27 14:10:31 trace :
------------
String:
<xml><ToUserName><![CDATA[gh_c8e42a22d2ba]]></ToUserName>
<FromUserName><![CDATA[o7oRnwzQRQ9XY6SbwM4LNZj3taCo]]></FromUserName>
<CreateTime>1467007831</CreateTime>
<MsgType><![CDATA[event]]></MsgType>
<Event><![CDATA[VIEW]]></Event>
<EventKey><![CDATA[http://www.9kpu.com/app/index.php?i=17&c=entry&do=bangding&m=lianhu_school]]></EventKey>
<MenuId>410606951</MenuId>
</xml>

2016-06-27 14:10:31 params :
------------
Array:
rule : -2 ;
module :  ;
message : Array ;

2016-06-27 14:10:31 response :
------------

2016-06-27 14:10:36 trace :
------------
String:
<xml><ToUserName><![CDATA[gh_c8e42a22d2ba]]></ToUserName>
<FromUserName><![CDATA[o7oRnwzQRQ9XY6SbwM4LNZj3taCo]]></FromUserName>
<CreateTime>1467007836</CreateTime>
<MsgType><![CDATA[event]]></MsgType>
<Event><![CDATA[VIEW]]></Event>
<EventKey><![CDATA[http://www.9kpu.com/app/index.php?i=17&c=entry&do=bangding&m=lianhu_school]]></EventKey>
<MenuId>410606951</MenuId>
</xml>

2016-06-27 14:10:36 params :
------------
Array:
rule : -2 ;
module :  ;
message : Array ;

2016-06-27 14:10:36 response :
------------

2016-06-27 14:10:39 trace :
------------
String:
<xml><ToUserName><![CDATA[gh_c8e42a22d2ba]]></ToUserName>
<FromUserName><![CDATA[o7oRnwzQRQ9XY6SbwM4LNZj3taCo]]></FromUserName>
<CreateTime>1467007839</CreateTime>
<MsgType><![CDATA[event]]></MsgType>
<Event><![CDATA[VIEW]]></Event>
<EventKey><![CDATA[http://www.9kpu.com/app/index.php?i=17&c=entry&do=teaIn&m=lianhu_school]]></EventKey>
<MenuId>410606951</MenuId>
</xml>

2016-06-27 14:10:39 params :
------------
Array:
rule : -2 ;
module :  ;
message : Array ;

2016-06-27 14:10:39 response :
------------

2016-06-27 14:10:48 trace :
------------
String:
<xml><ToUserName><![CDATA[gh_c8e42a22d2ba]]></ToUserName>
<FromUserName><![CDATA[o7oRnwzQRQ9XY6SbwM4LNZj3taCo]]></FromUserName>
<CreateTime>1467007848</CreateTime>
<MsgType><![CDATA[event]]></MsgType>
<Event><![CDATA[VIEW]]></Event>
<EventKey><![CDATA[http://www.9kpu.com/app/index.php?i=17&c=entry&do=bangding&m=lianhu_school]]></EventKey>
<MenuId>410606951</MenuId>
</xml>

2016-06-27 14:10:48 params :
------------
Array:
rule : -2 ;
module :  ;
message : Array ;

2016-06-27 14:10:48 response :
------------

2016-06-27 14:10:51 trace :
------------
String:
<xml><ToUserName><![CDATA[gh_c8e42a22d2ba]]></ToUserName>
<FromUserName><![CDATA[o7oRnwzQRQ9XY6SbwM4LNZj3taCo]]></FromUserName>
<CreateTime>1467007851</CreateTime>
<MsgType><![CDATA[event]]></MsgType>
<Event><![CDATA[VIEW]]></Event>
<EventKey><![CDATA[http://www.9kpu.com/app/themes/mihua03]]></EventKey>
<MenuId>410606951</MenuId>
</xml>

2016-06-27 14:10:51 params :
------------
Array:
rule : -2 ;
module :  ;
message : Array ;

2016-06-27 14:10:51 response :
------------

2016-06-27 14:13:11 trace :
------------
String:
<xml><ToUserName><![CDATA[gh_c8e42a22d2ba]]></ToUserName>
<FromUserName><![CDATA[o7oRnwzQRQ9XY6SbwM4LNZj3taCo]]></FromUserName>
<CreateTime>1467007991</CreateTime>
<MsgType><![CDATA[event]]></MsgType>
<Event><![CDATA[VIEW]]></Event>
<EventKey><![CDATA[http://www.9kpu.com/app/themes/mihua03]]></EventKey>
<MenuId>410606951</MenuId>
</xml>

2016-06-27 14:13:11 params :
------------
Array:
rule : -2 ;
module :  ;
message : Array ;

2016-06-27 14:13:11 response :
------------

2016-06-27 14:13:13 trace :
------------
String:
<xml><ToUserName><![CDATA[gh_c8e42a22d2ba]]></ToUserName>
<FromUserName><![CDATA[o7oRnwzQRQ9XY6SbwM4LNZj3taCo]]></FromUserName>
<CreateTime>1467007993</CreateTime>
<MsgType><![CDATA[event]]></MsgType>
<Event><![CDATA[VIEW]]></Event>
<EventKey><![CDATA[http://www.9kpu.com/app/index.php?i=17&c=entry&do=bangding&m=lianhu_school]]></EventKey>
<MenuId>410606951</MenuId>
</xml>

2016-06-27 14:13:13 params :
------------
Array:
rule : -2 ;
module :  ;
message : Array ;

2016-06-27 14:13:13 response :
------------

2016-06-27 14:16:01 trace :
------------
String:
<xml><ToUserName><![CDATA[gh_c8e42a22d2ba]]></ToUserName>
<FromUserName><![CDATA[o7oRnwzQRQ9XY6SbwM4LNZj3taCo]]></FromUserName>
<CreateTime>1467008161</CreateTime>
<MsgType><![CDATA[event]]></MsgType>
<Event><![CDATA[VIEW]]></Event>
<EventKey><![CDATA[http://www.9kpu.com/app/index.php?i=17&c=home&]]></EventKey>
<MenuId>410607159</MenuId>
</xml>

2016-06-27 14:16:01 params :
------------
Array:
rule : -2 ;
module :  ;
message : Array ;

2016-06-27 14:16:01 response :
------------

2016-06-27 14:16:19 trace :
------------
String:
<xml><ToUserName><![CDATA[gh_c8e42a22d2ba]]></ToUserName>
<FromUserName><![CDATA[o7oRnwzQRQ9XY6SbwM4LNZj3taCo]]></FromUserName>
<CreateTime>1467008179</CreateTime>
<MsgType><![CDATA[event]]></MsgType>
<Event><![CDATA[VIEW]]></Event>
<EventKey><![CDATA[http://www.9kpu.com/app/index.php?i=17&c=entry&do=bangding&m=lianhu_school]]></EventKey>
<MenuId>410607159</MenuId>
</xml>

2016-06-27 14:16:19 params :
------------
Array:
rule : -2 ;
module :  ;
message : Array ;

2016-06-27 14:16:19 response :
------------

2016-06-27 14:16:22 trace :
------------
String:
<xml><ToUserName><![CDATA[gh_c8e42a22d2ba]]></ToUserName>
<FromUserName><![CDATA[o7oRnwzQRQ9XY6SbwM4LNZj3taCo]]></FromUserName>
<CreateTime>1467008182</CreateTime>
<MsgType><![CDATA[event]]></MsgType>
<Event><![CDATA[VIEW]]></Event>
<EventKey><![CDATA[http://www.9kpu.com/app/index.php?i=17&c=entry&do=teaIn&m=lianhu_school]]></EventKey>
<MenuId>410607159</MenuId>
</xml>

2016-06-27 14:16:22 params :
------------
Array:
rule : -2 ;
module :  ;
message : Array ;

2016-06-27 14:16:22 response :
------------

2016-06-27 16:07:03 trace :
------------
String:
<xml><ToUserName><![CDATA[gh_c8e42a22d2ba]]></ToUserName>
<FromUserName><![CDATA[o7oRnwzQRQ9XY6SbwM4LNZj3taCo]]></FromUserName>
<CreateTime>1467014823</CreateTime>
<MsgType><![CDATA[event]]></MsgType>
<Event><![CDATA[VIEW]]></Event>
<EventKey><![CDATA[http://www.9kpu.com/app/index.php?i=17&c=home&]]></EventKey>
<MenuId>410607159</MenuId>
</xml>

2016-06-27 16:07:03 params :
------------
Array:
rule : -2 ;
module :  ;
message : Array ;

2016-06-27 16:07:03 response :
------------

2016-06-27 16:07:06 trace :
------------
String:
<xml><ToUserName><![CDATA[gh_c8e42a22d2ba]]></ToUserName>
<FromUserName><![CDATA[o7oRnwzQRQ9XY6SbwM4LNZj3taCo]]></FromUserName>
<CreateTime>1467014826</CreateTime>
<MsgType><![CDATA[event]]></MsgType>
<Event><![CDATA[VIEW]]></Event>
<EventKey><![CDATA[http://www.9kpu.com/app/index.php?i=17&c=entry&do=bangding&m=lianhu_school]]></EventKey>
<MenuId>410607159</MenuId>
</xml>

2016-06-27 16:07:06 params :
------------
Array:
rule : -2 ;
module :  ;
message : Array ;

2016-06-27 16:07:06 response :
------------

2016-06-27 16:59:29 trace :
------------
String:
<xml><ToUserName><![CDATA[gh_e7a0c8306261]]></ToUserName>
<FromUserName><![CDATA[oRj-Fs5QjtciVl9kBRfKQQiKibmI]]></FromUserName>
<CreateTime>1467017969</CreateTime>
<MsgType><![CDATA[event]]></MsgType>
<Event><![CDATA[VIEW]]></Event>
<EventKey><![CDATA[http://www.9kpu.com/app/index.php?i=13&c=entry&eid=2]]></EventKey>
<MenuId>408429854</MenuId>
</xml>

2016-06-27 16:59:29 params :
------------
Array:
message : Array ;
module : basic ;
rule : 22 ;
priority : 0 ;
keyword : Array ;

2016-06-27 16:59:29 response :
------------
Array:
FromUserName : gh_e7a0c8306261 ;
ToUserName : oRj-Fs5QjtciVl9kBRfKQQiKibmI ;
MsgType : text ;
Content : 欢迎关注同城学堂，点击微官网查看本学校介绍信息，家长点击学生天地绑定自己小孩信息使用，老师点击教师信息绑定自己账号使用 ;

2016-06-27 16:59:34 trace :
------------
String:
<xml><ToUserName><![CDATA[gh_e7a0c8306261]]></ToUserName>
<FromUserName><![CDATA[oRj-Fs5QjtciVl9kBRfKQQiKibmI]]></FromUserName>
<CreateTime>1467017974</CreateTime>
<MsgType><![CDATA[event]]></MsgType>
<Event><![CDATA[VIEW]]></Event>
<EventKey><![CDATA[http://www.9kpu.com/app/index.php?i=13&c=entry&eid=1]]></EventKey>
<MenuId>408429854</MenuId>
</xml>

2016-06-27 16:59:34 params :
------------
Array:
message : Array ;
module : basic ;
rule : 22 ;
priority : 0 ;
keyword : Array ;

2016-06-27 16:59:34 response :
------------
Array:
FromUserName : gh_e7a0c8306261 ;
ToUserName : oRj-Fs5QjtciVl9kBRfKQQiKibmI ;
MsgType : text ;
Content : 欢迎关注同城学堂，点击微官网查看本学校介绍信息，家长点击学生天地绑定自己小孩信息使用，老师点击教师信息绑定自己账号使用 ;

2016-06-27 17:00:33 trace :
------------
String:
<xml><ToUserName><![CDATA[gh_e7a0c8306261]]></ToUserName>
<FromUserName><![CDATA[oRj-Fs0-58f1Xolgz7rNR5ZNmCik]]></FromUserName>
<CreateTime>1467018033</CreateTime>
<MsgType><![CDATA[event]]></MsgType>
<Event><![CDATA[VIEW]]></Event>
<EventKey><![CDATA[http://www.9kpu.com/app/index.php?i=13&c=home&]]></EventKey>
<MenuId>408429854</MenuId>
</xml>

2016-06-27 17:00:33 params :
------------
Array:
message : Array ;
module : basic ;
rule : 22 ;
priority : 0 ;
keyword : Array ;

2016-06-27 17:00:33 response :
------------
Array:
FromUserName : gh_e7a0c8306261 ;
ToUserName : oRj-Fs0-58f1Xolgz7rNR5ZNmCik ;
MsgType : text ;
Content : 欢迎关注同城学堂，点击微官网查看本学校介绍信息，家长点击学生天地绑定自己小孩信息使用，老师点击教师信息绑定自己账号使用 ;

2016-06-27 17:00:38 trace :
------------
String:
<xml><ToUserName><![CDATA[gh_e7a0c8306261]]></ToUserName>
<FromUserName><![CDATA[oRj-Fs0-58f1Xolgz7rNR5ZNmCik]]></FromUserName>
<CreateTime>1467018038</CreateTime>
<MsgType><![CDATA[event]]></MsgType>
<Event><![CDATA[VIEW]]></Event>
<EventKey><![CDATA[http://www.9kpu.com/app/index.php?i=13&c=entry&eid=1]]></EventKey>
<MenuId>408429854</MenuId>
</xml>

2016-06-27 17:00:38 params :
------------
Array:
message : Array ;
module : basic ;
rule : 22 ;
priority : 0 ;
keyword : Array ;

2016-06-27 17:00:38 response :
------------
Array:
FromUserName : gh_e7a0c8306261 ;
ToUserName : oRj-Fs0-58f1Xolgz7rNR5ZNmCik ;
MsgType : text ;
Content : 欢迎关注同城学堂，点击微官网查看本学校介绍信息，家长点击学生天地绑定自己小孩信息使用，老师点击教师信息绑定自己账号使用 ;

2016-06-27 17:01:50 trace :
------------
String:
<xml><ToUserName><![CDATA[gh_e7a0c8306261]]></ToUserName>
<FromUserName><![CDATA[oRj-Fs0-58f1Xolgz7rNR5ZNmCik]]></FromUserName>
<CreateTime>1467018110</CreateTime>
<MsgType><![CDATA[event]]></MsgType>
<Event><![CDATA[VIEW]]></Event>
<EventKey><![CDATA[http://www.9kpu.com/app/index.php?i=13&c=home&]]></EventKey>
<MenuId>408429854</MenuId>
</xml>

2016-06-27 17:01:50 params :
------------
Array:
message : Array ;
module : basic ;
rule : 22 ;
priority : 0 ;
keyword : Array ;

2016-06-27 17:01:50 response :
------------
Array:
FromUserName : gh_e7a0c8306261 ;
ToUserName : oRj-Fs0-58f1Xolgz7rNR5ZNmCik ;
MsgType : text ;
Content : 欢迎关注同城学堂，点击微官网查看本学校介绍信息，家长点击学生天地绑定自己小孩信息使用，老师点击教师信息绑定自己账号使用 ;

2016-06-27 19:13:00 trace :
------------
String:
<xml><ToUserName><![CDATA[gh_2ee031f2e428]]></ToUserName>
<FromUserName><![CDATA[ojDkIwjjmnzB77wVt3Z-vlHVIxMs]]></FromUserName>
<CreateTime>1467025979</CreateTime>
<MsgType><![CDATA[event]]></MsgType>
<Event><![CDATA[subscribe]]></Event>
<EventKey><![CDATA[]]></EventKey>
</xml>

2016-06-27 19:13:00 params :
------------
Array:
rule : -2 ;
module :  ;
message : Array ;

2016-06-27 19:13:00 response :
------------

2016-06-27 19:16:41 trace :
------------
String:
<xml><ToUserName><![CDATA[gh_2ee031f2e428]]></ToUserName>
<FromUserName><![CDATA[ojDkIwjjmnzB77wVt3Z-vlHVIxMs]]></FromUserName>
<CreateTime>1467026201</CreateTime>
<MsgType><![CDATA[text]]></MsgType>
<Content><![CDATA[1]]></Content>
<MsgId>6300829556080734417</MsgId>
</xml>

2016-06-27 19:16:41 params :
------------
Array:
rule : -2 ;
module :  ;
message : Array ;

2016-06-27 19:16:41 response :
------------

2016-06-27 19:19:09 trace :
------------
String:
<xml><ToUserName><![CDATA[gh_2ee031f2e428]]></ToUserName>
<FromUserName><![CDATA[ojDkIwjjmnzB77wVt3Z-vlHVIxMs]]></FromUserName>
<CreateTime>1467026349</CreateTime>
<MsgType><![CDATA[event]]></MsgType>
<Event><![CDATA[unsubscribe]]></Event>
<EventKey><![CDATA[]]></EventKey>
</xml>

2016-06-27 19:20:13 trace :
------------
String:
<xml><ToUserName><![CDATA[gh_2ee031f2e428]]></ToUserName>
<FromUserName><![CDATA[ojDkIwjjmnzB77wVt3Z-vlHVIxMs]]></FromUserName>
<CreateTime>1467026413</CreateTime>
<MsgType><![CDATA[event]]></MsgType>
<Event><![CDATA[subscribe]]></Event>
<EventKey><![CDATA[]]></EventKey>
</xml>

2016-06-27 19:20:13 params :
------------
Array:
rule : -2 ;
module :  ;
message : Array ;

2016-06-27 19:20:13 response :
------------

2016-06-27 20:32:32 trace :
------------
String:
<xml><ToUserName><![CDATA[gh_c8e42a22d2ba]]></ToUserName>
<FromUserName><![CDATA[o7oRnw-djgy1IB9-KzwO-lnW9wVs]]></FromUserName>
<CreateTime>1467030752</CreateTime>
<MsgType><![CDATA[event]]></MsgType>
<Event><![CDATA[VIEW]]></Event>
<EventKey><![CDATA[http://www.9kpu.com/app/index.php?i=17&c=home&]]></EventKey>
<MenuId>410607159</MenuId>
</xml>

2016-06-27 20:32:32 params :
------------
Array:
rule : -2 ;
module :  ;
message : Array ;

2016-06-27 20:32:32 response :
------------

2016-06-27 21:14:42 trace :
------------
String:
<xml><ToUserName><![CDATA[gh_7d1762dac7c2]]></ToUserName>
<FromUserName><![CDATA[o8AZcwBAqb4t-3IZg2U-kqhiE9Vs]]></FromUserName>
<CreateTime>1467033282</CreateTime>
<MsgType><![CDATA[event]]></MsgType>
<Event><![CDATA[subscribe]]></Event>
<EventKey><![CDATA[]]></EventKey>
</xml>

2016-06-27 21:14:42 params :
------------
Array:
rule : -2 ;
module :  ;
message : Array ;

2016-06-27 21:14:42 response :
------------

