2016-03-30 00:09:07 trace :
------------
String:
<xml><ToUserName><![CDATA[gh_2157a6c86a35]]></ToUserName>
<FromUserName><![CDATA[oEcott8Nonb6CbgzptTqzhYdn5jA]]></FromUserName>
<CreateTime>1459267747</CreateTime>
<MsgType><![CDATA[event]]></MsgType>
<Event><![CDATA[unsubscribe]]></Event>
<EventKey><![CDATA[]]></EventKey>
</xml>

2016-03-30 07:05:11 trace :
------------
String:
<xml><ToUserName><![CDATA[gh_2157a6c86a35]]></ToUserName>
<FromUserName><![CDATA[oEcottw7qP2pciewrM5tmFvI8As4]]></FromUserName>
<CreateTime>1459292711</CreateTime>
<MsgType><![CDATA[event]]></MsgType>
<Event><![CDATA[TEMPLATESENDJOBFINISH]]></Event>
<MsgID>402726243</MsgID>
<Status><![CDATA[success]]></Status>
</xml>

2016-03-30 07:05:11 params :
------------
Array:
rule : -2 ;
module :  ;
message : Array ;

2016-03-30 07:05:11 response :
------------

2016-03-30 07:15:39 trace :
------------
String:
<xml><ToUserName><![CDATA[gh_2157a6c86a35]]></ToUserName>
<FromUserName><![CDATA[oEcottwtC-3ft3xuJtsyqIZnzwGI]]></FromUserName>
<CreateTime>1459293339</CreateTime>
<MsgType><![CDATA[event]]></MsgType>
<Event><![CDATA[TEMPLATESENDJOBFINISH]]></Event>
<MsgID>402726297</MsgID>
<Status><![CDATA[success]]></Status>
</xml>

2016-03-30 07:15:39 params :
------------
Array:
rule : -2 ;
module :  ;
message : Array ;

2016-03-30 07:15:39 response :
------------

2016-03-30 07:33:38 trace :
------------
String:
<xml><ToUserName><![CDATA[gh_2157a6c86a35]]></ToUserName>
<FromUserName><![CDATA[oEcottwqUGE1u3b5ckvGD0KWlBl8]]></FromUserName>
<CreateTime>1459294418</CreateTime>
<MsgType><![CDATA[event]]></MsgType>
<Event><![CDATA[TEMPLATESENDJOBFINISH]]></Event>
<MsgID>402726404</MsgID>
<Status><![CDATA[success]]></Status>
</xml>

2016-03-30 07:33:38 params :
------------
Array:
rule : -2 ;
module :  ;
message : Array ;

2016-03-30 07:33:38 response :
------------

2016-03-30 07:34:09 trace :
------------
String:
<xml><ToUserName><![CDATA[gh_2157a6c86a35]]></ToUserName>
<FromUserName><![CDATA[oEcott-Gft4vv4qG56uwiyofjGHg]]></FromUserName>
<CreateTime>1459294450</CreateTime>
<MsgType><![CDATA[event]]></MsgType>
<Event><![CDATA[TEMPLATESENDJOBFINISH]]></Event>
<MsgID>402726408</MsgID>
<Status><![CDATA[success]]></Status>
</xml>

2016-03-30 07:34:09 params :
------------
Array:
rule : -2 ;
module :  ;
message : Array ;

2016-03-30 07:34:09 response :
------------

2016-03-30 07:47:48 trace :
------------
String:
<xml><ToUserName><![CDATA[gh_2157a6c86a35]]></ToUserName>
<FromUserName><![CDATA[oEcottwdRSG6HkIZwvuQXqa3QKng]]></FromUserName>
<CreateTime>1459295268</CreateTime>
<MsgType><![CDATA[event]]></MsgType>
<Event><![CDATA[TEMPLATESENDJOBFINISH]]></Event>
<MsgID>402726493</MsgID>
<Status><![CDATA[success]]></Status>
</xml>

2016-03-30 07:47:48 params :
------------
Array:
rule : -2 ;
module :  ;
message : Array ;

2016-03-30 07:47:48 response :
------------

2016-03-30 07:52:50 trace :
------------
String:
<xml><ToUserName><![CDATA[gh_2157a6c86a35]]></ToUserName>
<FromUserName><![CDATA[oEcott_TScLOOrncqPhtzglnYENA]]></FromUserName>
<CreateTime>1459295570</CreateTime>
<MsgType><![CDATA[event]]></MsgType>
<Event><![CDATA[TEMPLATESENDJOBFINISH]]></Event>
<MsgID>402726544</MsgID>
<Status><![CDATA[success]]></Status>
</xml>

2016-03-30 07:52:50 params :
------------
Array:
rule : -2 ;
module :  ;
message : Array ;

2016-03-30 07:52:50 response :
------------

2016-03-30 07:56:17 trace :
------------
String:
<xml><ToUserName><![CDATA[gh_2157a6c86a35]]></ToUserName>
<FromUserName><![CDATA[oEcottzrsY0hiIxBYE3CK2zp6WYY]]></FromUserName>
<CreateTime>1459295777</CreateTime>
<MsgType><![CDATA[event]]></MsgType>
<Event><![CDATA[TEMPLATESENDJOBFINISH]]></Event>
<MsgID>402726606</MsgID>
<Status><![CDATA[success]]></Status>
</xml>

2016-03-30 07:56:17 params :
------------
Array:
rule : -2 ;
module :  ;
message : Array ;

2016-03-30 07:56:17 response :
------------

2016-03-30 07:59:47 trace :
------------
String:
<xml><ToUserName><![CDATA[gh_2157a6c86a35]]></ToUserName>
<FromUserName><![CDATA[oEcott8j6IUHePzxE_Daw_DYK8eM]]></FromUserName>
<CreateTime>1459295987</CreateTime>
<MsgType><![CDATA[event]]></MsgType>
<Event><![CDATA[TEMPLATESENDJOBFINISH]]></Event>
<MsgID>402726637</MsgID>
<Status><![CDATA[success]]></Status>
</xml>

2016-03-30 07:59:47 params :
------------
Array:
rule : -2 ;
module :  ;
message : Array ;

2016-03-30 07:59:47 response :
------------

2016-03-30 08:00:28 trace :
------------
String:
<xml><ToUserName><![CDATA[gh_2157a6c86a35]]></ToUserName>
<FromUserName><![CDATA[oEcottyNJ25zzQtzEyNqnQxM1MOA]]></FromUserName>
<CreateTime>1459296028</CreateTime>
<MsgType><![CDATA[event]]></MsgType>
<Event><![CDATA[TEMPLATESENDJOBFINISH]]></Event>
<MsgID>402726645</MsgID>
<Status><![CDATA[success]]></Status>
</xml>

2016-03-30 08:00:28 params :
------------
Array:
rule : -2 ;
module :  ;
message : Array ;

2016-03-30 08:00:28 response :
------------

2016-03-30 08:09:51 trace :
------------
String:
<xml><ToUserName><![CDATA[gh_2157a6c86a35]]></ToUserName>
<FromUserName><![CDATA[oEcott84pU16wJT6ChwWpKVayVsQ]]></FromUserName>
<CreateTime>1459296591</CreateTime>
<MsgType><![CDATA[event]]></MsgType>
<Event><![CDATA[TEMPLATESENDJOBFINISH]]></Event>
<MsgID>402726796</MsgID>
<Status><![CDATA[success]]></Status>
</xml>

2016-03-30 08:09:51 params :
------------
Array:
rule : -2 ;
module :  ;
message : Array ;

2016-03-30 08:09:51 response :
------------

2016-03-30 08:19:17 trace :
------------
String:
<xml><ToUserName><![CDATA[gh_2157a6c86a35]]></ToUserName>
<FromUserName><![CDATA[oEcott-O08EqTyB2vYvWY1DM_DPw]]></FromUserName>
<CreateTime>1459297157</CreateTime>
<MsgType><![CDATA[event]]></MsgType>
<Event><![CDATA[TEMPLATESENDJOBFINISH]]></Event>
<MsgID>402726954</MsgID>
<Status><![CDATA[success]]></Status>
</xml>

2016-03-30 08:19:17 params :
------------
Array:
rule : -2 ;
module :  ;
message : Array ;

2016-03-30 08:19:17 response :
------------

2016-03-30 08:23:46 trace :
------------
String:
<xml><ToUserName><![CDATA[gh_2157a6c86a35]]></ToUserName>
<FromUserName><![CDATA[oEcott_HC4Mi8y5j3sFlJBgqhd9E]]></FromUserName>
<CreateTime>1459297426</CreateTime>
<MsgType><![CDATA[event]]></MsgType>
<Event><![CDATA[TEMPLATESENDJOBFINISH]]></Event>
<MsgID>402727034</MsgID>
<Status><![CDATA[success]]></Status>
</xml>

2016-03-30 08:23:46 params :
------------
Array:
rule : -2 ;
module :  ;
message : Array ;

2016-03-30 08:23:46 response :
------------

2016-03-30 08:31:03 trace :
------------
String:
<xml><ToUserName><![CDATA[gh_2157a6c86a35]]></ToUserName>
<FromUserName><![CDATA[oEcottw-XpAyVDw19kaEaIYggcQM]]></FromUserName>
<CreateTime>1459297863</CreateTime>
<MsgType><![CDATA[event]]></MsgType>
<Event><![CDATA[TEMPLATESENDJOBFINISH]]></Event>
<MsgID>402727114</MsgID>
<Status><![CDATA[success]]></Status>
</xml>

2016-03-30 08:31:03 params :
------------
Array:
rule : -2 ;
module :  ;
message : Array ;

2016-03-30 08:31:03 response :
------------

2016-03-30 08:41:15 trace :
------------
String:
<xml><ToUserName><![CDATA[gh_2157a6c86a35]]></ToUserName>
<FromUserName><![CDATA[oEcott8QzR6FuIfbjGYBlK2rCCjY]]></FromUserName>
<CreateTime>1459298475</CreateTime>
<MsgType><![CDATA[event]]></MsgType>
<Event><![CDATA[TEMPLATESENDJOBFINISH]]></Event>
<MsgID>402727235</MsgID>
<Status><![CDATA[success]]></Status>
</xml>

2016-03-30 08:41:15 params :
------------
Array:
rule : -2 ;
module :  ;
message : Array ;

2016-03-30 08:41:15 response :
------------

2016-03-30 08:42:28 trace :
------------
String:
<xml><ToUserName><![CDATA[gh_2157a6c86a35]]></ToUserName>
<FromUserName><![CDATA[oEcott2dwp2nY9k0xvuKyswBnhkQ]]></FromUserName>
<CreateTime>1459298548</CreateTime>
<MsgType><![CDATA[event]]></MsgType>
<Event><![CDATA[TEMPLATESENDJOBFINISH]]></Event>
<MsgID>402727249</MsgID>
<Status><![CDATA[success]]></Status>
</xml>

2016-03-30 08:42:28 params :
------------
Array:
rule : -2 ;
module :  ;
message : Array ;

2016-03-30 08:42:28 response :
------------

2016-03-30 08:42:28 trace :
------------
String:
<xml><ToUserName><![CDATA[gh_2157a6c86a35]]></ToUserName>
<FromUserName><![CDATA[oEcott5JI0hsdoCxNPA10KHiY1kA]]></FromUserName>
<CreateTime>1459298548</CreateTime>
<MsgType><![CDATA[event]]></MsgType>
<Event><![CDATA[TEMPLATESENDJOBFINISH]]></Event>
<MsgID>402727250</MsgID>
<Status><![CDATA[success]]></Status>
</xml>

2016-03-30 08:42:28 params :
------------
Array:
rule : -2 ;
module :  ;
message : Array ;

2016-03-30 08:42:28 response :
------------

2016-03-30 08:42:29 trace :
------------
String:
<xml><ToUserName><![CDATA[gh_2157a6c86a35]]></ToUserName>
<FromUserName><![CDATA[oEcott9ljw-R0nLqj9w8n9-Ki3fk]]></FromUserName>
<CreateTime>1459298549</CreateTime>
<MsgType><![CDATA[event]]></MsgType>
<Event><![CDATA[TEMPLATESENDJOBFINISH]]></Event>
<MsgID>402727251</MsgID>
<Status><![CDATA[success]]></Status>
</xml>

2016-03-30 08:42:29 params :
------------
Array:
rule : -2 ;
module :  ;
message : Array ;

2016-03-30 08:42:29 response :
------------

2016-03-30 08:42:29 trace :
------------
String:
<xml><ToUserName><![CDATA[gh_2157a6c86a35]]></ToUserName>
<FromUserName><![CDATA[oEcott0BYGm77xwFerCfTO68jYpE]]></FromUserName>
<CreateTime>1459298549</CreateTime>
<MsgType><![CDATA[event]]></MsgType>
<Event><![CDATA[TEMPLATESENDJOBFINISH]]></Event>
<MsgID>402727252</MsgID>
<Status><![CDATA[success]]></Status>
</xml>

2016-03-30 08:42:29 params :
------------
Array:
rule : -2 ;
module :  ;
message : Array ;

2016-03-30 08:42:29 response :
------------

2016-03-30 08:42:30 trace :
------------
String:
<xml><ToUserName><![CDATA[gh_2157a6c86a35]]></ToUserName>
<FromUserName><![CDATA[oEcott9F4fGtmM3DjKaM0uhQry4o]]></FromUserName>
<CreateTime>1459298550</CreateTime>
<MsgType><![CDATA[event]]></MsgType>
<Event><![CDATA[TEMPLATESENDJOBFINISH]]></Event>
<MsgID>402727253</MsgID>
<Status><![CDATA[success]]></Status>
</xml>

2016-03-30 08:42:30 params :
------------
Array:
rule : -2 ;
module :  ;
message : Array ;

2016-03-30 08:42:30 response :
------------

2016-03-30 08:42:30 trace :
------------
String:
<xml><ToUserName><![CDATA[gh_2157a6c86a35]]></ToUserName>
<FromUserName><![CDATA[oEcottwcgxXGOVdfIJ0iDGWxOKZQ]]></FromUserName>
<CreateTime>1459298550</CreateTime>
<MsgType><![CDATA[event]]></MsgType>
<Event><![CDATA[TEMPLATESENDJOBFINISH]]></Event>
<MsgID>402727254</MsgID>
<Status><![CDATA[success]]></Status>
</xml>

2016-03-30 08:42:30 params :
------------
Array:
rule : -2 ;
module :  ;
message : Array ;

2016-03-30 08:42:30 response :
------------

2016-03-30 08:42:31 trace :
------------
String:
<xml><ToUserName><![CDATA[gh_2157a6c86a35]]></ToUserName>
<FromUserName><![CDATA[oEcott3J9KhtJb00_3ga_Kkmz2wo]]></FromUserName>
<CreateTime>1459298551</CreateTime>
<MsgType><![CDATA[event]]></MsgType>
<Event><![CDATA[TEMPLATESENDJOBFINISH]]></Event>
<MsgID>402727255</MsgID>
<Status><![CDATA[success]]></Status>
</xml>

2016-03-30 08:42:31 params :
------------
Array:
rule : -2 ;
module :  ;
message : Array ;

2016-03-30 08:42:31 response :
------------

2016-03-30 08:42:32 trace :
------------
String:
<xml><ToUserName><![CDATA[gh_2157a6c86a35]]></ToUserName>
<FromUserName><![CDATA[oEcottwAqWW9x8Wo1YdwPF4SIpbs]]></FromUserName>
<CreateTime>1459298552</CreateTime>
<MsgType><![CDATA[event]]></MsgType>
<Event><![CDATA[TEMPLATESENDJOBFINISH]]></Event>
<MsgID>402727256</MsgID>
<Status><![CDATA[success]]></Status>
</xml>

2016-03-30 08:42:32 params :
------------
Array:
rule : -2 ;
module :  ;
message : Array ;

2016-03-30 08:42:32 response :
------------

2016-03-30 08:45:15 trace :
------------
String:
<xml><ToUserName><![CDATA[gh_2157a6c86a35]]></ToUserName>
<FromUserName><![CDATA[oEcott82FheWLXY2ft9sHxcV1YYQ]]></FromUserName>
<CreateTime>1459298715</CreateTime>
<MsgType><![CDATA[event]]></MsgType>
<Event><![CDATA[TEMPLATESENDJOBFINISH]]></Event>
<MsgID>402727275</MsgID>
<Status><![CDATA[success]]></Status>
</xml>

2016-03-30 08:45:15 params :
------------
Array:
rule : -2 ;
module :  ;
message : Array ;

2016-03-30 08:45:15 response :
------------

2016-03-30 08:46:07 trace :
------------
String:
<xml><ToUserName><![CDATA[gh_2157a6c86a35]]></ToUserName>
<FromUserName><![CDATA[oEcotty9Hy_CUxbMI7Ce1okwOCpk]]></FromUserName>
<CreateTime>1459298767</CreateTime>
<MsgType><![CDATA[event]]></MsgType>
<Event><![CDATA[TEMPLATESENDJOBFINISH]]></Event>
<MsgID>402727282</MsgID>
<Status><![CDATA[success]]></Status>
</xml>

2016-03-30 08:46:07 params :
------------
Array:
rule : -2 ;
module :  ;
message : Array ;

2016-03-30 08:46:07 response :
------------

2016-03-30 08:47:45 trace :
------------
String:
<xml><ToUserName><![CDATA[gh_2157a6c86a35]]></ToUserName>
<FromUserName><![CDATA[oEcottzCV5JhVrZZC-RlZ-MmtUSY]]></FromUserName>
<CreateTime>1459298865</CreateTime>
<MsgType><![CDATA[event]]></MsgType>
<Event><![CDATA[TEMPLATESENDJOBFINISH]]></Event>
<MsgID>402727298</MsgID>
<Status><![CDATA[success]]></Status>
</xml>

2016-03-30 08:47:45 params :
------------
Array:
rule : -2 ;
module :  ;
message : Array ;

2016-03-30 08:47:45 response :
------------

2016-03-30 08:49:04 trace :
------------
String:
<xml><ToUserName><![CDATA[gh_2157a6c86a35]]></ToUserName>
<FromUserName><![CDATA[oEcott8bXNlBO-pF9t-0J1dTDGPs]]></FromUserName>
<CreateTime>1459298944</CreateTime>
<MsgType><![CDATA[event]]></MsgType>
<Event><![CDATA[TEMPLATESENDJOBFINISH]]></Event>
<MsgID>402727327</MsgID>
<Status><![CDATA[success]]></Status>
</xml>

2016-03-30 08:49:04 params :
------------
Array:
rule : -2 ;
module :  ;
message : Array ;

2016-03-30 08:49:04 response :
------------

2016-03-30 08:49:05 trace :
------------
String:
<xml><ToUserName><![CDATA[gh_2157a6c86a35]]></ToUserName>
<FromUserName><![CDATA[oEcottzBLHgNZQimwE8XOIsT1IY0]]></FromUserName>
<CreateTime>1459298945</CreateTime>
<MsgType><![CDATA[event]]></MsgType>
<Event><![CDATA[TEMPLATESENDJOBFINISH]]></Event>
<MsgID>402727329</MsgID>
<Status><![CDATA[success]]></Status>
</xml>

2016-03-30 08:49:05 params :
------------
Array:
rule : -2 ;
module :  ;
message : Array ;

2016-03-30 08:49:05 response :
------------

2016-03-30 08:49:41 trace :
------------
String:
<xml><ToUserName><![CDATA[gh_2157a6c86a35]]></ToUserName>
<FromUserName><![CDATA[oEcott70voayiiyG-DpyHj7M30_4]]></FromUserName>
<CreateTime>1459298981</CreateTime>
<MsgType><![CDATA[event]]></MsgType>
<Event><![CDATA[TEMPLATESENDJOBFINISH]]></Event>
<MsgID>402727342</MsgID>
<Status><![CDATA[success]]></Status>
</xml>

2016-03-30 08:49:41 params :
------------
Array:
rule : -2 ;
module :  ;
message : Array ;

2016-03-30 08:49:41 response :
------------

2016-03-30 08:50:18 trace :
------------
String:
<xml><ToUserName><![CDATA[gh_2157a6c86a35]]></ToUserName>
<FromUserName><![CDATA[oEcott-ABRgmooGIBYo6pfmvHqa8]]></FromUserName>
<CreateTime>1459299018</CreateTime>
<MsgType><![CDATA[event]]></MsgType>
<Event><![CDATA[TEMPLATESENDJOBFINISH]]></Event>
<MsgID>402727348</MsgID>
<Status><![CDATA[success]]></Status>
</xml>

2016-03-30 08:50:18 params :
------------
Array:
rule : -2 ;
module :  ;
message : Array ;

2016-03-30 08:50:18 response :
------------

2016-03-30 08:52:54 trace :
------------
String:
<xml><ToUserName><![CDATA[gh_2157a6c86a35]]></ToUserName>
<FromUserName><![CDATA[oEcottxty6YaSaSyWDPLhYWgCpEo]]></FromUserName>
<CreateTime>1459299174</CreateTime>
<MsgType><![CDATA[event]]></MsgType>
<Event><![CDATA[TEMPLATESENDJOBFINISH]]></Event>
<MsgID>402727401</MsgID>
<Status><![CDATA[success]]></Status>
</xml>

2016-03-30 08:52:54 params :
------------
Array:
rule : -2 ;
module :  ;
message : Array ;

2016-03-30 08:52:54 response :
------------

2016-03-30 08:58:42 trace :
------------
String:
<xml><ToUserName><![CDATA[gh_2157a6c86a35]]></ToUserName>
<FromUserName><![CDATA[oEcott5b5wbU8rzCcze6w7sk3ZCE]]></FromUserName>
<CreateTime>1459299522</CreateTime>
<MsgType><![CDATA[event]]></MsgType>
<Event><![CDATA[TEMPLATESENDJOBFINISH]]></Event>
<MsgID>402727471</MsgID>
<Status><![CDATA[success]]></Status>
</xml>

2016-03-30 08:58:42 params :
------------
Array:
rule : -2 ;
module :  ;
message : Array ;

2016-03-30 08:58:42 response :
------------

2016-03-30 09:06:02 trace :
------------
String:
<xml><ToUserName><![CDATA[gh_2157a6c86a35]]></ToUserName>
<FromUserName><![CDATA[oEcott8uPOcRCY8tXMBEE0jVLvLM]]></FromUserName>
<CreateTime>1459299962</CreateTime>
<MsgType><![CDATA[event]]></MsgType>
<Event><![CDATA[unsubscribe]]></Event>
<EventKey><![CDATA[]]></EventKey>
</xml>

2016-03-30 09:15:45 trace :
------------
String:
<xml><ToUserName><![CDATA[gh_2157a6c86a35]]></ToUserName>
<FromUserName><![CDATA[oEcott7ShK4TAzzs-r2z7vxof71E]]></FromUserName>
<CreateTime>1459300545</CreateTime>
<MsgType><![CDATA[event]]></MsgType>
<Event><![CDATA[TEMPLATESENDJOBFINISH]]></Event>
<MsgID>402727639</MsgID>
<Status><![CDATA[success]]></Status>
</xml>

2016-03-30 09:15:45 params :
------------
Array:
rule : -2 ;
module :  ;
message : Array ;

2016-03-30 09:15:45 response :
------------

2016-03-30 09:16:51 trace :
------------
String:
<xml><ToUserName><![CDATA[gh_2157a6c86a35]]></ToUserName>
<FromUserName><![CDATA[oEcottwaQKPAhCbvBdG29Qt7Ip-E]]></FromUserName>
<CreateTime>1459300611</CreateTime>
<MsgType><![CDATA[event]]></MsgType>
<Event><![CDATA[TEMPLATESENDJOBFINISH]]></Event>
<MsgID>402727664</MsgID>
<Status><![CDATA[success]]></Status>
</xml>

2016-03-30 09:16:51 params :
------------
Array:
rule : -2 ;
module :  ;
message : Array ;

2016-03-30 09:16:51 response :
------------

2016-03-30 09:19:09 trace :
------------
String:
<xml><ToUserName><![CDATA[gh_2157a6c86a35]]></ToUserName>
<FromUserName><![CDATA[oEcottyilUy5tLd8vANXKGPG4EcA]]></FromUserName>
<CreateTime>1459300749</CreateTime>
<MsgType><![CDATA[event]]></MsgType>
<Event><![CDATA[TEMPLATESENDJOBFINISH]]></Event>
<MsgID>402727683</MsgID>
<Status><![CDATA[success]]></Status>
</xml>

2016-03-30 09:19:09 params :
------------
Array:
rule : -2 ;
module :  ;
message : Array ;

2016-03-30 09:19:09 response :
------------

2016-03-30 09:22:13 trace :
------------
String:
<xml><ToUserName><![CDATA[gh_2157a6c86a35]]></ToUserName>
<FromUserName><![CDATA[oEcottweuKMCfyRDSq_VzSWdhHL4]]></FromUserName>
<CreateTime>1459300933</CreateTime>
<MsgType><![CDATA[event]]></MsgType>
<Event><![CDATA[TEMPLATESENDJOBFINISH]]></Event>
<MsgID>402727737</MsgID>
<Status><![CDATA[success]]></Status>
</xml>

2016-03-30 09:22:13 params :
------------
Array:
rule : -2 ;
module :  ;
message : Array ;

2016-03-30 09:22:13 response :
------------

2016-03-30 09:23:43 trace :
------------
String:
<xml><ToUserName><![CDATA[gh_2157a6c86a35]]></ToUserName>
<FromUserName><![CDATA[oEcott5JBy_cI3HgnkPVqsrHbWso]]></FromUserName>
<CreateTime>1459301023</CreateTime>
<MsgType><![CDATA[event]]></MsgType>
<Event><![CDATA[TEMPLATESENDJOBFINISH]]></Event>
<MsgID>402727758</MsgID>
<Status><![CDATA[success]]></Status>
</xml>

2016-03-30 09:23:43 params :
------------
Array:
rule : -2 ;
module :  ;
message : Array ;

2016-03-30 09:23:43 response :
------------

2016-03-30 09:53:23 trace :
------------
String:
<xml><ToUserName><![CDATA[gh_2157a6c86a35]]></ToUserName>
<FromUserName><![CDATA[oEcott52uezBMOS2iT-RAS8H9OZE]]></FromUserName>
<CreateTime>1459302802</CreateTime>
<MsgType><![CDATA[event]]></MsgType>
<Event><![CDATA[TEMPLATESENDJOBFINISH]]></Event>
<MsgID>402728104</MsgID>
<Status><![CDATA[success]]></Status>
</xml>

2016-03-30 09:53:23 params :
------------
Array:
rule : -2 ;
module :  ;
message : Array ;

2016-03-30 09:53:23 response :
------------

2016-03-30 09:53:45 trace :
------------
String:
<xml><ToUserName><![CDATA[gh_2157a6c86a35]]></ToUserName>
<FromUserName><![CDATA[oEcottwUAPs9DpzF09MOdy_19fZQ]]></FromUserName>
<CreateTime>1459302815</CreateTime>
<MsgType><![CDATA[event]]></MsgType>
<Event><![CDATA[TEMPLATESENDJOBFINISH]]></Event>
<MsgID>402728105</MsgID>
<Status><![CDATA[success]]></Status>
</xml>

2016-03-30 09:53:45 params :
------------
Array:
rule : -2 ;
module :  ;
message : Array ;

2016-03-30 09:53:45 response :
------------

2016-03-30 10:29:52 trace :
------------
String:
<xml><ToUserName><![CDATA[gh_2157a6c86a35]]></ToUserName>
<FromUserName><![CDATA[oEcott3X8k9L_8WTQ9nt3sySoims]]></FromUserName>
<CreateTime>1459304992</CreateTime>
<MsgType><![CDATA[event]]></MsgType>
<Event><![CDATA[TEMPLATESENDJOBFINISH]]></Event>
<MsgID>402728636</MsgID>
<Status><![CDATA[success]]></Status>
</xml>

2016-03-30 10:29:52 params :
------------
Array:
rule : -2 ;
module :  ;
message : Array ;

2016-03-30 10:29:52 response :
------------

2016-03-30 11:14:52 trace :
------------
String:
<xml><ToUserName><![CDATA[gh_2157a6c86a35]]></ToUserName>
<FromUserName><![CDATA[oEcott5INKVqUc7p_KorfQOq6Wx8]]></FromUserName>
<CreateTime>1459307692</CreateTime>
<MsgType><![CDATA[event]]></MsgType>
<Event><![CDATA[subscribe]]></Event>
<EventKey><![CDATA[]]></EventKey>
</xml>

2016-03-30 11:14:52 params :
------------
Array:
rule : -2 ;
module :  ;
message : Array ;

2016-03-30 11:14:52 response :
------------

2016-03-30 11:15:08 trace :
------------
String:
<xml><ToUserName><![CDATA[gh_2157a6c86a35]]></ToUserName>
<FromUserName><![CDATA[oEcott5INKVqUc7p_KorfQOq6Wx8]]></FromUserName>
<CreateTime>1459307708</CreateTime>
<MsgType><![CDATA[event]]></MsgType>
<Event><![CDATA[VIEW]]></Event>
<EventKey><![CDATA[http://www.9kpu.com/app/index.php?i=3&c=entry&eid=2]]></EventKey>
<MenuId>402655615</MenuId>
</xml>

2016-03-30 11:15:08 params :
------------
Array:
rule : -2 ;
module :  ;
message : Array ;

2016-03-30 11:15:08 response :
------------

2016-03-30 12:28:19 trace :
------------
String:
<xml><ToUserName><![CDATA[gh_2157a6c86a35]]></ToUserName>
<FromUserName><![CDATA[oEcott5IDE3Ugpj6joUI4BDTqY3A]]></FromUserName>
<CreateTime>1459312099</CreateTime>
<MsgType><![CDATA[event]]></MsgType>
<Event><![CDATA[unsubscribe]]></Event>
<EventKey><![CDATA[]]></EventKey>
</xml>

2016-03-30 13:16:56 trace :
------------
String:
<xml><ToUserName><![CDATA[gh_2157a6c86a35]]></ToUserName>
<FromUserName><![CDATA[oEcott0ACg-U7x8AAVa7xqtU-4es]]></FromUserName>
<CreateTime>1459315016</CreateTime>
<MsgType><![CDATA[event]]></MsgType>
<Event><![CDATA[subscribe]]></Event>
<EventKey><![CDATA[]]></EventKey>
</xml>

2016-03-30 13:16:56 params :
------------
Array:
rule : -2 ;
module :  ;
message : Array ;

2016-03-30 13:16:56 response :
------------

2016-03-30 13:35:21 trace :
------------
String:
<xml><ToUserName><![CDATA[gh_2157a6c86a35]]></ToUserName>
<FromUserName><![CDATA[oEcott0QXgWkVFqaHlK5n9seunC8]]></FromUserName>
<CreateTime>1459316121</CreateTime>
<MsgType><![CDATA[event]]></MsgType>
<Event><![CDATA[VIEW]]></Event>
<EventKey><![CDATA[http://www.9kpu.com/app/index.php?i=3&c=home&]]></EventKey>
<MenuId>402655615</MenuId>
</xml>

2016-03-30 13:35:21 params :
------------
Array:
rule : -2 ;
module :  ;
message : Array ;

2016-03-30 13:35:21 response :
------------

2016-03-30 13:35:57 trace :
------------
String:
<xml><ToUserName><![CDATA[gh_2157a6c86a35]]></ToUserName>
<FromUserName><![CDATA[oEcott0QXgWkVFqaHlK5n9seunC8]]></FromUserName>
<CreateTime>1459316157</CreateTime>
<MsgType><![CDATA[event]]></MsgType>
<Event><![CDATA[VIEW]]></Event>
<EventKey><![CDATA[http://www.9kpu.com/app/index.php?i=3&c=mc&a=card&do=notice&]]></EventKey>
<MenuId>402655615</MenuId>
</xml>

2016-03-30 13:35:57 params :
------------
Array:
rule : -2 ;
module :  ;
message : Array ;

2016-03-30 13:35:57 response :
------------

2016-03-30 13:36:52 trace :
------------
String:
<xml><ToUserName><![CDATA[gh_2157a6c86a35]]></ToUserName>
<FromUserName><![CDATA[oEcott0QXgWkVFqaHlK5n9seunC8]]></FromUserName>
<CreateTime>1459316212</CreateTime>
<MsgType><![CDATA[event]]></MsgType>
<Event><![CDATA[unsubscribe]]></Event>
<EventKey><![CDATA[]]></EventKey>
</xml>

2016-03-30 13:37:22 trace :
------------
String:
<xml><ToUserName><![CDATA[gh_2157a6c86a35]]></ToUserName>
<FromUserName><![CDATA[oEcott0QXgWkVFqaHlK5n9seunC8]]></FromUserName>
<CreateTime>1459316242</CreateTime>
<MsgType><![CDATA[event]]></MsgType>
<Event><![CDATA[subscribe]]></Event>
<EventKey><![CDATA[]]></EventKey>
</xml>

2016-03-30 13:37:22 params :
------------
Array:
rule : -2 ;
module :  ;
message : Array ;

2016-03-30 13:37:22 response :
------------

2016-03-30 13:37:28 trace :
------------
String:
<xml><ToUserName><![CDATA[gh_2157a6c86a35]]></ToUserName>
<FromUserName><![CDATA[oEcott0QXgWkVFqaHlK5n9seunC8]]></FromUserName>
<CreateTime>1459316248</CreateTime>
<MsgType><![CDATA[event]]></MsgType>
<Event><![CDATA[VIEW]]></Event>
<EventKey><![CDATA[http://www.9kpu.com/app/index.php?i=3&c=mc&]]></EventKey>
<MenuId>402655615</MenuId>
</xml>

2016-03-30 13:37:28 params :
------------
Array:
rule : -2 ;
module :  ;
message : Array ;

2016-03-30 13:37:28 response :
------------

2016-03-30 13:37:47 trace :
------------
String:
<xml><ToUserName><![CDATA[gh_2157a6c86a35]]></ToUserName>
<FromUserName><![CDATA[oEcott0QXgWkVFqaHlK5n9seunC8]]></FromUserName>
<CreateTime>1459316267</CreateTime>
<MsgType><![CDATA[event]]></MsgType>
<Event><![CDATA[VIEW]]></Event>
<EventKey><![CDATA[http://www.9kpu.com/app/index.php?i=3&c=home&]]></EventKey>
<MenuId>402655615</MenuId>
</xml>

2016-03-30 13:37:47 params :
------------
Array:
rule : -2 ;
module :  ;
message : Array ;

2016-03-30 13:37:47 response :
------------

2016-03-30 13:37:59 trace :
------------
String:
<xml><ToUserName><![CDATA[gh_2157a6c86a35]]></ToUserName>
<FromUserName><![CDATA[oEcott0QXgWkVFqaHlK5n9seunC8]]></FromUserName>
<CreateTime>1459316279</CreateTime>
<MsgType><![CDATA[event]]></MsgType>
<Event><![CDATA[CLICK]]></Event>
<EventKey><![CDATA[图文介绍]]></EventKey>
</xml>

2016-03-30 13:37:59 params :
------------
Array:
message : Array ;
module : news ;
rule : 12 ;
priority : 0 ;
keyword : Array ;

2016-03-30 13:37:59 response :
------------
Array:
FromUserName : gh_2157a6c86a35 ;
ToUserName : oEcott0QXgWkVFqaHlK5n9seunC8 ;
MsgType : news ;
ArticleCount : 1 ;
Articles : Array ;

2016-03-30 13:38:06 trace :
------------
String:
<xml><ToUserName><![CDATA[gh_2157a6c86a35]]></ToUserName>
<FromUserName><![CDATA[oEcott0QXgWkVFqaHlK5n9seunC8]]></FromUserName>
<CreateTime>1459316286</CreateTime>
<MsgType><![CDATA[event]]></MsgType>
<Event><![CDATA[VIEW]]></Event>
<EventKey><![CDATA[http://www.9kpu.com/app/index.php?i=3&c=entry&eid=2]]></EventKey>
<MenuId>402655615</MenuId>
</xml>

2016-03-30 13:38:06 params :
------------
Array:
rule : -2 ;
module :  ;
message : Array ;

2016-03-30 13:38:06 response :
------------

2016-03-30 15:31:19 trace :
------------
String:
<xml><ToUserName><![CDATA[gh_2157a6c86a35]]></ToUserName>
<FromUserName><![CDATA[oEcott84pU16wJT6ChwWpKVayVsQ]]></FromUserName>
<CreateTime>1459323079</CreateTime>
<MsgType><![CDATA[event]]></MsgType>
<Event><![CDATA[TEMPLATESENDJOBFINISH]]></Event>
<MsgID>402733801</MsgID>
<Status><![CDATA[success]]></Status>
</xml>

2016-03-30 15:31:19 params :
------------
Array:
rule : -2 ;
module :  ;
message : Array ;

2016-03-30 15:31:19 response :
------------

2016-03-30 15:31:26 trace :
------------
String:
<xml><ToUserName><![CDATA[gh_2157a6c86a35]]></ToUserName>
<FromUserName><![CDATA[oEcottwtC-3ft3xuJtsyqIZnzwGI]]></FromUserName>
<CreateTime>1459323086</CreateTime>
<MsgType><![CDATA[event]]></MsgType>
<Event><![CDATA[TEMPLATESENDJOBFINISH]]></Event>
<MsgID>402733805</MsgID>
<Status><![CDATA[success]]></Status>
</xml>

2016-03-30 15:31:26 params :
------------
Array:
rule : -2 ;
module :  ;
message : Array ;

2016-03-30 15:31:26 response :
------------

2016-03-30 15:31:32 trace :
------------
String:
<xml><ToUserName><![CDATA[gh_2157a6c86a35]]></ToUserName>
<FromUserName><![CDATA[oEcott_HC4Mi8y5j3sFlJBgqhd9E]]></FromUserName>
<CreateTime>1459323092</CreateTime>
<MsgType><![CDATA[event]]></MsgType>
<Event><![CDATA[TEMPLATESENDJOBFINISH]]></Event>
<MsgID>402733807</MsgID>
<Status><![CDATA[success]]></Status>
</xml>

2016-03-30 15:31:32 params :
------------
Array:
rule : -2 ;
module :  ;
message : Array ;

2016-03-30 15:31:32 response :
------------

2016-03-30 15:31:48 trace :
------------
String:
<xml><ToUserName><![CDATA[gh_2157a6c86a35]]></ToUserName>
<FromUserName><![CDATA[oEcottw-XpAyVDw19kaEaIYggcQM]]></FromUserName>
<CreateTime>1459323108</CreateTime>
<MsgType><![CDATA[event]]></MsgType>
<Event><![CDATA[TEMPLATESENDJOBFINISH]]></Event>
<MsgID>402733811</MsgID>
<Status><![CDATA[success]]></Status>
</xml>

2016-03-30 15:31:48 params :
------------
Array:
rule : -2 ;
module :  ;
message : Array ;

2016-03-30 15:31:48 response :
------------

2016-03-30 15:32:01 trace :
------------
String:
<xml><ToUserName><![CDATA[gh_2157a6c86a35]]></ToUserName>
<FromUserName><![CDATA[oEcottzBLHgNZQimwE8XOIsT1IY0]]></FromUserName>
<CreateTime>1459323120</CreateTime>
<MsgType><![CDATA[event]]></MsgType>
<Event><![CDATA[TEMPLATESENDJOBFINISH]]></Event>
<MsgID>402733816</MsgID>
<Status><![CDATA[success]]></Status>
</xml>

2016-03-30 15:32:01 params :
------------
Array:
rule : -2 ;
module :  ;
message : Array ;

2016-03-30 15:32:01 response :
------------

2016-03-30 15:32:27 trace :
------------
String:
<xml><ToUserName><![CDATA[gh_2157a6c86a35]]></ToUserName>
<FromUserName><![CDATA[oEcott52uezBMOS2iT-RAS8H9OZE]]></FromUserName>
<CreateTime>1459323147</CreateTime>
<MsgType><![CDATA[event]]></MsgType>
<Event><![CDATA[TEMPLATESENDJOBFINISH]]></Event>
<MsgID>402733822</MsgID>
<Status><![CDATA[success]]></Status>
</xml>

2016-03-30 15:32:27 params :
------------
Array:
rule : -2 ;
module :  ;
message : Array ;

2016-03-30 15:32:27 response :
------------

2016-03-30 15:32:59 trace :
------------
String:
<xml><ToUserName><![CDATA[gh_2157a6c86a35]]></ToUserName>
<FromUserName><![CDATA[oEcott_TScLOOrncqPhtzglnYENA]]></FromUserName>
<CreateTime>1459323179</CreateTime>
<MsgType><![CDATA[event]]></MsgType>
<Event><![CDATA[TEMPLATESENDJOBFINISH]]></Event>
<MsgID>402733825</MsgID>
<Status><![CDATA[success]]></Status>
</xml>

2016-03-30 15:32:59 params :
------------
Array:
rule : -2 ;
module :  ;
message : Array ;

2016-03-30 15:32:59 response :
------------

2016-03-30 15:33:19 trace :
------------
String:
<xml><ToUserName><![CDATA[gh_2157a6c86a35]]></ToUserName>
<FromUserName><![CDATA[oEcottweuKMCfyRDSq_VzSWdhHL4]]></FromUserName>
<CreateTime>1459323199</CreateTime>
<MsgType><![CDATA[event]]></MsgType>
<Event><![CDATA[TEMPLATESENDJOBFINISH]]></Event>
<MsgID>402733827</MsgID>
<Status><![CDATA[success]]></Status>
</xml>

2016-03-30 15:33:19 params :
------------
Array:
rule : -2 ;
module :  ;
message : Array ;

2016-03-30 15:33:19 response :
------------

2016-03-30 15:36:45 trace :
------------
String:
<xml><ToUserName><![CDATA[gh_2157a6c86a35]]></ToUserName>
<FromUserName><![CDATA[oEcott5b5wbU8rzCcze6w7sk3ZCE]]></FromUserName>
<CreateTime>1459323405</CreateTime>
<MsgType><![CDATA[event]]></MsgType>
<Event><![CDATA[TEMPLATESENDJOBFINISH]]></Event>
<MsgID>402733863</MsgID>
<Status><![CDATA[success]]></Status>
</xml>

2016-03-30 15:36:45 params :
------------
Array:
rule : -2 ;
module :  ;
message : Array ;

2016-03-30 15:36:45 response :
------------

2016-03-30 15:38:15 trace :
------------
String:
<xml><ToUserName><![CDATA[gh_2157a6c86a35]]></ToUserName>
<FromUserName><![CDATA[oEcott-Gft4vv4qG56uwiyofjGHg]]></FromUserName>
<CreateTime>1459323495</CreateTime>
<MsgType><![CDATA[event]]></MsgType>
<Event><![CDATA[TEMPLATESENDJOBFINISH]]></Event>
<MsgID>402733872</MsgID>
<Status><![CDATA[success]]></Status>
</xml>

2016-03-30 15:38:15 params :
------------
Array:
rule : -2 ;
module :  ;
message : Array ;

2016-03-30 15:38:15 response :
------------

2016-03-30 15:42:05 trace :
------------
String:
<xml><ToUserName><![CDATA[gh_2157a6c86a35]]></ToUserName>
<FromUserName><![CDATA[oEcottyilUy5tLd8vANXKGPG4EcA]]></FromUserName>
<CreateTime>1459323725</CreateTime>
<MsgType><![CDATA[event]]></MsgType>
<Event><![CDATA[TEMPLATESENDJOBFINISH]]></Event>
<MsgID>402733924</MsgID>
<Status><![CDATA[success]]></Status>
</xml>

2016-03-30 15:42:05 params :
------------
Array:
rule : -2 ;
module :  ;
message : Array ;

2016-03-30 15:42:05 response :
------------

2016-03-30 15:42:28 trace :
------------
String:
<xml><ToUserName><![CDATA[gh_2157a6c86a35]]></ToUserName>
<FromUserName><![CDATA[oEcottzCV5JhVrZZC-RlZ-MmtUSY]]></FromUserName>
<CreateTime>1459323747</CreateTime>
<MsgType><![CDATA[event]]></MsgType>
<Event><![CDATA[TEMPLATESENDJOBFINISH]]></Event>
<MsgID>402733929</MsgID>
<Status><![CDATA[success]]></Status>
</xml>

2016-03-30 15:42:28 params :
------------
Array:
rule : -2 ;
module :  ;
message : Array ;

2016-03-30 15:42:28 response :
------------

2016-03-30 15:42:31 trace :
------------
String:
<xml><ToUserName><![CDATA[gh_2157a6c86a35]]></ToUserName>
<FromUserName><![CDATA[oEcottxty6YaSaSyWDPLhYWgCpEo]]></FromUserName>
<CreateTime>1459323751</CreateTime>
<MsgType><![CDATA[event]]></MsgType>
<Event><![CDATA[TEMPLATESENDJOBFINISH]]></Event>
<MsgID>402733930</MsgID>
<Status><![CDATA[success]]></Status>
</xml>

2016-03-30 15:42:31 params :
------------
Array:
rule : -2 ;
module :  ;
message : Array ;

2016-03-30 15:42:31 response :
------------

2016-03-30 15:43:31 trace :
------------
String:
<xml><ToUserName><![CDATA[gh_2157a6c86a35]]></ToUserName>
<FromUserName><![CDATA[oEcott7ShK4TAzzs-r2z7vxof71E]]></FromUserName>
<CreateTime>1459323811</CreateTime>
<MsgType><![CDATA[event]]></MsgType>
<Event><![CDATA[TEMPLATESENDJOBFINISH]]></Event>
<MsgID>402733947</MsgID>
<Status><![CDATA[success]]></Status>
</xml>

2016-03-30 15:43:31 params :
------------
Array:
rule : -2 ;
module :  ;
message : Array ;

2016-03-30 15:43:31 response :
------------

2016-03-30 15:45:18 trace :
------------
String:
<xml><ToUserName><![CDATA[gh_2157a6c86a35]]></ToUserName>
<FromUserName><![CDATA[oEcottzrsY0hiIxBYE3CK2zp6WYY]]></FromUserName>
<CreateTime>1459323918</CreateTime>
<MsgType><![CDATA[event]]></MsgType>
<Event><![CDATA[TEMPLATESENDJOBFINISH]]></Event>
<MsgID>402733954</MsgID>
<Status><![CDATA[success]]></Status>
</xml>

2016-03-30 15:45:18 params :
------------
Array:
rule : -2 ;
module :  ;
message : Array ;

2016-03-30 15:45:18 response :
------------

2016-03-30 15:45:21 trace :
------------
String:
<xml><ToUserName><![CDATA[gh_2157a6c86a35]]></ToUserName>
<FromUserName><![CDATA[oEcottwdRSG6HkIZwvuQXqa3QKng]]></FromUserName>
<CreateTime>1459323921</CreateTime>
<MsgType><![CDATA[event]]></MsgType>
<Event><![CDATA[TEMPLATESENDJOBFINISH]]></Event>
<MsgID>402733955</MsgID>
<Status><![CDATA[success]]></Status>
</xml>

2016-03-30 15:45:21 params :
------------
Array:
rule : -2 ;
module :  ;
message : Array ;

2016-03-30 15:45:21 response :
------------

2016-03-30 15:45:52 trace :
------------
String:
<xml><ToUserName><![CDATA[gh_2157a6c86a35]]></ToUserName>
<FromUserName><![CDATA[oEcottwqUGE1u3b5ckvGD0KWlBl8]]></FromUserName>
<CreateTime>1459323952</CreateTime>
<MsgType><![CDATA[event]]></MsgType>
<Event><![CDATA[TEMPLATESENDJOBFINISH]]></Event>
<MsgID>402733983</MsgID>
<Status><![CDATA[success]]></Status>
</xml>

2016-03-30 15:45:52 params :
------------
Array:
rule : -2 ;
module :  ;
message : Array ;

2016-03-30 15:45:52 response :
------------

2016-03-30 15:49:24 trace :
------------
String:
<xml><ToUserName><![CDATA[gh_2157a6c86a35]]></ToUserName>
<FromUserName><![CDATA[oEcott-O08EqTyB2vYvWY1DM_DPw]]></FromUserName>
<CreateTime>1459324164</CreateTime>
<MsgType><![CDATA[event]]></MsgType>
<Event><![CDATA[TEMPLATESENDJOBFINISH]]></Event>
<MsgID>402734032</MsgID>
<Status><![CDATA[success]]></Status>
</xml>

2016-03-30 15:49:24 params :
------------
Array:
rule : -2 ;
module :  ;
message : Array ;

2016-03-30 15:49:24 response :
------------

2016-03-30 15:49:57 trace :
------------
String:
<xml><ToUserName><![CDATA[gh_2157a6c86a35]]></ToUserName>
<FromUserName><![CDATA[oEcott0BYGm77xwFerCfTO68jYpE]]></FromUserName>
<CreateTime>1459324197</CreateTime>
<MsgType><![CDATA[event]]></MsgType>
<Event><![CDATA[TEMPLATESENDJOBFINISH]]></Event>
<MsgID>402734036</MsgID>
<Status><![CDATA[success]]></Status>
</xml>

2016-03-30 15:49:57 params :
------------
Array:
rule : -2 ;
module :  ;
message : Array ;

2016-03-30 15:49:57 response :
------------

2016-03-30 15:50:08 trace :
------------
String:
<xml><ToUserName><![CDATA[gh_2157a6c86a35]]></ToUserName>
<FromUserName><![CDATA[oEcott70voayiiyG-DpyHj7M30_4]]></FromUserName>
<CreateTime>1459324208</CreateTime>
<MsgType><![CDATA[event]]></MsgType>
<Event><![CDATA[TEMPLATESENDJOBFINISH]]></Event>
<MsgID>402734038</MsgID>
<Status><![CDATA[success]]></Status>
</xml>

2016-03-30 15:50:08 params :
------------
Array:
rule : -2 ;
module :  ;
message : Array ;

2016-03-30 15:50:08 response :
------------

2016-03-30 15:50:08 trace :
------------
String:
<xml><ToUserName><![CDATA[gh_2157a6c86a35]]></ToUserName>
<FromUserName><![CDATA[oEcotty9Hy_CUxbMI7Ce1okwOCpk]]></FromUserName>
<CreateTime>1459324208</CreateTime>
<MsgType><![CDATA[event]]></MsgType>
<Event><![CDATA[TEMPLATESENDJOBFINISH]]></Event>
<MsgID>402734039</MsgID>
<Status><![CDATA[success]]></Status>
</xml>

2016-03-30 15:50:08 params :
------------
Array:
rule : -2 ;
module :  ;
message : Array ;

2016-03-30 15:50:08 response :
------------

2016-03-30 15:50:18 trace :
------------
String:
<xml><ToUserName><![CDATA[gh_2157a6c86a35]]></ToUserName>
<FromUserName><![CDATA[oEcott5JBy_cI3HgnkPVqsrHbWso]]></FromUserName>
<CreateTime>1459324218</CreateTime>
<MsgType><![CDATA[event]]></MsgType>
<Event><![CDATA[TEMPLATESENDJOBFINISH]]></Event>
<MsgID>402734043</MsgID>
<Status><![CDATA[success]]></Status>
</xml>

2016-03-30 15:50:18 params :
------------
Array:
rule : -2 ;
module :  ;
message : Array ;

2016-03-30 15:50:18 response :
------------

2016-03-30 15:50:18 trace :
------------
String:
<xml><ToUserName><![CDATA[gh_2157a6c86a35]]></ToUserName>
<FromUserName><![CDATA[oEcott9F4fGtmM3DjKaM0uhQry4o]]></FromUserName>
<CreateTime>1459324218</CreateTime>
<MsgType><![CDATA[event]]></MsgType>
<Event><![CDATA[TEMPLATESENDJOBFINISH]]></Event>
<MsgID>402734044</MsgID>
<Status><![CDATA[success]]></Status>
</xml>

2016-03-30 15:50:18 params :
------------
Array:
rule : -2 ;
module :  ;
message : Array ;

2016-03-30 15:50:18 response :
------------

2016-03-30 15:50:44 trace :
------------
String:
<xml><ToUserName><![CDATA[gh_2157a6c86a35]]></ToUserName>
<FromUserName><![CDATA[oEcottwcgxXGOVdfIJ0iDGWxOKZQ]]></FromUserName>
<CreateTime>1459324244</CreateTime>
<MsgType><![CDATA[event]]></MsgType>
<Event><![CDATA[TEMPLATESENDJOBFINISH]]></Event>
<MsgID>402734050</MsgID>
<Status><![CDATA[success]]></Status>
</xml>

2016-03-30 15:50:44 params :
------------
Array:
rule : -2 ;
module :  ;
message : Array ;

2016-03-30 15:50:44 response :
------------

2016-03-30 15:51:24 trace :
------------
String:
<xml><ToUserName><![CDATA[gh_2157a6c86a35]]></ToUserName>
<FromUserName><![CDATA[oEcott2dwp2nY9k0xvuKyswBnhkQ]]></FromUserName>
<CreateTime>1459324284</CreateTime>
<MsgType><![CDATA[event]]></MsgType>
<Event><![CDATA[TEMPLATESENDJOBFINISH]]></Event>
<MsgID>402734063</MsgID>
<Status><![CDATA[success]]></Status>
</xml>

2016-03-30 15:51:24 params :
------------
Array:
rule : -2 ;
module :  ;
message : Array ;

2016-03-30 15:51:24 response :
------------

2016-03-30 15:51:51 trace :
------------
String:
<xml><ToUserName><![CDATA[gh_2157a6c86a35]]></ToUserName>
<FromUserName><![CDATA[oEcott5JI0hsdoCxNPA10KHiY1kA]]></FromUserName>
<CreateTime>1459324311</CreateTime>
<MsgType><![CDATA[event]]></MsgType>
<Event><![CDATA[TEMPLATESENDJOBFINISH]]></Event>
<MsgID>402734065</MsgID>
<Status><![CDATA[success]]></Status>
</xml>

2016-03-30 15:51:51 params :
------------
Array:
rule : -2 ;
module :  ;
message : Array ;

2016-03-30 15:51:51 response :
------------

2016-03-30 15:52:02 trace :
------------
String:
<xml><ToUserName><![CDATA[gh_2157a6c86a35]]></ToUserName>
<FromUserName><![CDATA[oEcottwAqWW9x8Wo1YdwPF4SIpbs]]></FromUserName>
<CreateTime>1459324322</CreateTime>
<MsgType><![CDATA[event]]></MsgType>
<Event><![CDATA[TEMPLATESENDJOBFINISH]]></Event>
<MsgID>402734066</MsgID>
<Status><![CDATA[success]]></Status>
</xml>

2016-03-30 15:52:02 params :
------------
Array:
rule : -2 ;
module :  ;
message : Array ;

2016-03-30 15:52:02 response :
------------

2016-03-30 15:52:20 trace :
------------
String:
<xml><ToUserName><![CDATA[gh_2157a6c86a35]]></ToUserName>
<FromUserName><![CDATA[oEcott82FheWLXY2ft9sHxcV1YYQ]]></FromUserName>
<CreateTime>1459324340</CreateTime>
<MsgType><![CDATA[event]]></MsgType>
<Event><![CDATA[TEMPLATESENDJOBFINISH]]></Event>
<MsgID>402734067</MsgID>
<Status><![CDATA[success]]></Status>
</xml>

2016-03-30 15:52:20 params :
------------
Array:
rule : -2 ;
module :  ;
message : Array ;

2016-03-30 15:52:20 response :
------------

2016-03-30 15:52:57 trace :
------------
String:
<xml><ToUserName><![CDATA[gh_2157a6c86a35]]></ToUserName>
<FromUserName><![CDATA[oEcott9ljw-R0nLqj9w8n9-Ki3fk]]></FromUserName>
<CreateTime>1459324377</CreateTime>
<MsgType><![CDATA[event]]></MsgType>
<Event><![CDATA[TEMPLATESENDJOBFINISH]]></Event>
<MsgID>402734076</MsgID>
<Status><![CDATA[success]]></Status>
</xml>

2016-03-30 15:52:57 params :
------------
Array:
rule : -2 ;
module :  ;
message : Array ;

2016-03-30 15:52:57 response :
------------

2016-03-30 15:52:58 trace :
------------
String:
<xml><ToUserName><![CDATA[gh_2157a6c86a35]]></ToUserName>
<FromUserName><![CDATA[oEcott3J9KhtJb00_3ga_Kkmz2wo]]></FromUserName>
<CreateTime>1459324378</CreateTime>
<MsgType><![CDATA[event]]></MsgType>
<Event><![CDATA[TEMPLATESENDJOBFINISH]]></Event>
<MsgID>402734077</MsgID>
<Status><![CDATA[success]]></Status>
</xml>

2016-03-30 15:52:58 params :
------------
Array:
rule : -2 ;
module :  ;
message : Array ;

2016-03-30 15:52:58 response :
------------

2016-03-30 15:53:20 trace :
------------
String:
<xml><ToUserName><![CDATA[gh_2157a6c86a35]]></ToUserName>
<FromUserName><![CDATA[oEcott-ABRgmooGIBYo6pfmvHqa8]]></FromUserName>
<CreateTime>1459324400</CreateTime>
<MsgType><![CDATA[event]]></MsgType>
<Event><![CDATA[TEMPLATESENDJOBFINISH]]></Event>
<MsgID>402734079</MsgID>
<Status><![CDATA[success]]></Status>
</xml>

2016-03-30 15:53:20 params :
------------
Array:
rule : -2 ;
module :  ;
message : Array ;

2016-03-30 15:53:20 response :
------------

2016-03-30 15:54:30 trace :
------------
String:
<xml><ToUserName><![CDATA[gh_2157a6c86a35]]></ToUserName>
<FromUserName><![CDATA[oEcott8QzR6FuIfbjGYBlK2rCCjY]]></FromUserName>
<CreateTime>1459324470</CreateTime>
<MsgType><![CDATA[event]]></MsgType>
<Event><![CDATA[TEMPLATESENDJOBFINISH]]></Event>
<MsgID>402734105</MsgID>
<Status><![CDATA[success]]></Status>
</xml>

2016-03-30 15:54:30 params :
------------
Array:
rule : -2 ;
module :  ;
message : Array ;

2016-03-30 15:54:30 response :
------------

2016-03-30 15:55:46 trace :
------------
String:
<xml><ToUserName><![CDATA[gh_2157a6c86a35]]></ToUserName>
<FromUserName><![CDATA[oEcottwVEJ256h6vTGhxIdtgmqfM]]></FromUserName>
<CreateTime>1459324546</CreateTime>
<MsgType><![CDATA[event]]></MsgType>
<Event><![CDATA[TEMPLATESENDJOBFINISH]]></Event>
<MsgID>402734132</MsgID>
<Status><![CDATA[success]]></Status>
</xml>

2016-03-30 15:55:46 params :
------------
Array:
rule : -2 ;
module :  ;
message : Array ;

2016-03-30 15:55:46 response :
------------

2016-03-30 15:57:17 trace :
------------
String:
<xml><ToUserName><![CDATA[gh_2157a6c86a35]]></ToUserName>
<FromUserName><![CDATA[oEcottyNJ25zzQtzEyNqnQxM1MOA]]></FromUserName>
<CreateTime>1459324637</CreateTime>
<MsgType><![CDATA[event]]></MsgType>
<Event><![CDATA[TEMPLATESENDJOBFINISH]]></Event>
<MsgID>402734146</MsgID>
<Status><![CDATA[success]]></Status>
</xml>

2016-03-30 15:57:17 params :
------------
Array:
rule : -2 ;
module :  ;
message : Array ;

2016-03-30 15:57:17 response :
------------

2016-03-30 15:59:45 trace :
------------
String:
<xml><ToUserName><![CDATA[gh_2157a6c86a35]]></ToUserName>
<FromUserName><![CDATA[oEcott3X8k9L_8WTQ9nt3sySoims]]></FromUserName>
<CreateTime>1459324785</CreateTime>
<MsgType><![CDATA[event]]></MsgType>
<Event><![CDATA[TEMPLATESENDJOBFINISH]]></Event>
<MsgID>402734177</MsgID>
<Status><![CDATA[success]]></Status>
</xml>

2016-03-30 15:59:45 params :
------------
Array:
rule : -2 ;
module :  ;
message : Array ;

2016-03-30 15:59:45 response :
------------

2016-03-30 16:01:29 trace :
------------
String:
<xml><ToUserName><![CDATA[gh_2157a6c86a35]]></ToUserName>
<FromUserName><![CDATA[oEcottw7qP2pciewrM5tmFvI8As4]]></FromUserName>
<CreateTime>1459324889</CreateTime>
<MsgType><![CDATA[event]]></MsgType>
<Event><![CDATA[TEMPLATESENDJOBFINISH]]></Event>
<MsgID>402734194</MsgID>
<Status><![CDATA[success]]></Status>
</xml>

2016-03-30 16:01:29 params :
------------
Array:
rule : -2 ;
module :  ;
message : Array ;

2016-03-30 16:01:29 response :
------------

2016-03-30 16:09:37 trace :
------------
String:
<xml><ToUserName><![CDATA[gh_2157a6c86a35]]></ToUserName>
<FromUserName><![CDATA[oEcott3nJuxjFu-NKKpc3ZmQp0YE]]></FromUserName>
<CreateTime>1459325377</CreateTime>
<MsgType><![CDATA[event]]></MsgType>
<Event><![CDATA[TEMPLATESENDJOBFINISH]]></Event>
<MsgID>402734317</MsgID>
<Status><![CDATA[success]]></Status>
</xml>

2016-03-30 16:09:37 params :
------------
Array:
rule : -2 ;
module :  ;
message : Array ;

2016-03-30 16:09:37 response :
------------

2016-03-30 16:15:08 trace :
------------
String:
<xml><ToUserName><![CDATA[gh_2157a6c86a35]]></ToUserName>
<FromUserName><![CDATA[oEcott8-fHoACFiURkUXBYRZHEro]]></FromUserName>
<CreateTime>1459325708</CreateTime>
<MsgType><![CDATA[event]]></MsgType>
<Event><![CDATA[TEMPLATESENDJOBFINISH]]></Event>
<MsgID>402734404</MsgID>
<Status><![CDATA[success]]></Status>
</xml>

2016-03-30 16:15:08 params :
------------
Array:
rule : -2 ;
module :  ;
message : Array ;

2016-03-30 16:15:08 response :
------------

2016-03-30 16:16:13 trace :
------------
String:
<xml><ToUserName><![CDATA[gh_2157a6c86a35]]></ToUserName>
<FromUserName><![CDATA[oEcottwW2YU7yp_kBQarnTzqdlEs]]></FromUserName>
<CreateTime>1459325773</CreateTime>
<MsgType><![CDATA[event]]></MsgType>
<Event><![CDATA[TEMPLATESENDJOBFINISH]]></Event>
<MsgID>402734440</MsgID>
<Status><![CDATA[success]]></Status>
</xml>

2016-03-30 16:16:13 params :
------------
Array:
rule : -2 ;
module :  ;
message : Array ;

2016-03-30 16:16:13 response :
------------

2016-03-30 16:17:29 trace :
------------
String:
<xml><ToUserName><![CDATA[gh_2157a6c86a35]]></ToUserName>
<FromUserName><![CDATA[oEcottwUAPs9DpzF09MOdy_19fZQ]]></FromUserName>
<CreateTime>1459325849</CreateTime>
<MsgType><![CDATA[event]]></MsgType>
<Event><![CDATA[TEMPLATESENDJOBFINISH]]></Event>
<MsgID>402734461</MsgID>
<Status><![CDATA[success]]></Status>
</xml>

2016-03-30 16:17:29 params :
------------
Array:
rule : -2 ;
module :  ;
message : Array ;

2016-03-30 16:17:29 response :
------------

2016-03-30 16:44:33 trace :
------------
String:
<xml><ToUserName><![CDATA[gh_2157a6c86a35]]></ToUserName>
<FromUserName><![CDATA[oEcottxty6YaSaSyWDPLhYWgCpEo]]></FromUserName>
<CreateTime>1459327473</CreateTime>
<MsgType><![CDATA[event]]></MsgType>
<Event><![CDATA[VIEW]]></Event>
<EventKey><![CDATA[http://www.9kpu.com/app/index.php?i=3&c=entry&eid=2]]></EventKey>
<MenuId>402655615</MenuId>
</xml>

2016-03-30 16:44:33 params :
------------
Array:
rule : -2 ;
module :  ;
message : Array ;

2016-03-30 16:44:33 response :
------------

2016-03-30 16:45:09 trace :
------------
String:
<xml><ToUserName><![CDATA[gh_2157a6c86a35]]></ToUserName>
<FromUserName><![CDATA[oEcottxty6YaSaSyWDPLhYWgCpEo]]></FromUserName>
<CreateTime>1459327509</CreateTime>
<MsgType><![CDATA[event]]></MsgType>
<Event><![CDATA[VIEW]]></Event>
<EventKey><![CDATA[http://www.9kpu.com/app/index.php?i=3&c=mc&]]></EventKey>
<MenuId>402655615</MenuId>
</xml>

2016-03-30 16:45:09 params :
------------
Array:
rule : -2 ;
module :  ;
message : Array ;

2016-03-30 16:45:09 response :
------------

2016-03-30 16:45:31 trace :
------------
String:
<xml><ToUserName><![CDATA[gh_2157a6c86a35]]></ToUserName>
<FromUserName><![CDATA[oEcottxty6YaSaSyWDPLhYWgCpEo]]></FromUserName>
<CreateTime>1459327531</CreateTime>
<MsgType><![CDATA[event]]></MsgType>
<Event><![CDATA[VIEW]]></Event>
<EventKey><![CDATA[http://www.9kpu.com/app/index.php?i=3&c=mc&a=card&do=notice&]]></EventKey>
<MenuId>402655615</MenuId>
</xml>

2016-03-30 16:45:31 params :
------------
Array:
rule : -2 ;
module :  ;
message : Array ;

2016-03-30 16:45:31 response :
------------

2016-03-30 16:45:41 trace :
------------
String:
<xml><ToUserName><![CDATA[gh_2157a6c86a35]]></ToUserName>
<FromUserName><![CDATA[oEcottxty6YaSaSyWDPLhYWgCpEo]]></FromUserName>
<CreateTime>1459327541</CreateTime>
<MsgType><![CDATA[event]]></MsgType>
<Event><![CDATA[VIEW]]></Event>
<EventKey><![CDATA[http://www.9kpu.com/app/index.php?i=3&c=entry&eid=1]]></EventKey>
<MenuId>402655615</MenuId>
</xml>

2016-03-30 16:45:41 params :
------------
Array:
rule : -2 ;
module :  ;
message : Array ;

2016-03-30 16:45:41 response :
------------

2016-03-30 19:50:06 trace :
------------
String:
<xml><ToUserName><![CDATA[gh_2157a6c86a35]]></ToUserName>
<FromUserName><![CDATA[oEcott6NqQb3D_CQKLgjNtKDM_Ok]]></FromUserName>
<CreateTime>1459338606</CreateTime>
<MsgType><![CDATA[event]]></MsgType>
<Event><![CDATA[unsubscribe]]></Event>
<EventKey><![CDATA[]]></EventKey>
</xml>

