2016-07-27 06:31:38 trace :
------------
String:
<xml><ToUserName><![CDATA[gh_7d1762dac7c2]]></ToUserName>
<FromUserName><![CDATA[o8AZcwB0QRvd32Z_JCTTkhRZhV1A]]></FromUserName>
<CreateTime>1469572298</CreateTime>
<MsgType><![CDATA[event]]></MsgType>
<Event><![CDATA[subscribe]]></Event>
<EventKey><![CDATA[]]></EventKey>
</xml>

2016-07-27 06:31:38 params :
------------
Array:
rule : -2 ;
module :  ;
message : Array ;

2016-07-27 06:31:38 response :
------------

2016-07-27 06:31:42 trace :
------------
String:
<xml><ToUserName><![CDATA[gh_7d1762dac7c2]]></ToUserName>
<FromUserName><![CDATA[o8AZcwB0QRvd32Z_JCTTkhRZhV1A]]></FromUserName>
<CreateTime>1469572302</CreateTime>
<MsgType><![CDATA[event]]></MsgType>
<Event><![CDATA[VIEW]]></Event>
<EventKey><![CDATA[http://www.9kpu.com/app/index.php?i=6&c=home&]]></EventKey>
<MenuId>406999612</MenuId>
</xml>

2016-07-27 06:31:42 params :
------------
Array:
rule : -2 ;
module :  ;
message : Array ;

2016-07-27 06:31:42 response :
------------

2016-07-27 06:32:12 trace :
------------
String:
<xml><ToUserName><![CDATA[gh_7d1762dac7c2]]></ToUserName>
<FromUserName><![CDATA[o8AZcwB0QRvd32Z_JCTTkhRZhV1A]]></FromUserName>
<CreateTime>1469572332</CreateTime>
<MsgType><![CDATA[event]]></MsgType>
<Event><![CDATA[VIEW]]></Event>
<EventKey><![CDATA[http://www.9kpu.com/app/index.php?i=6&c=entry&eid=1]]></EventKey>
<MenuId>406999612</MenuId>
</xml>

2016-07-27 06:32:12 params :
------------
Array:
rule : -2 ;
module :  ;
message : Array ;

2016-07-27 06:32:12 response :
------------

2016-07-27 06:32:17 trace :
------------
String:
<xml><ToUserName><![CDATA[gh_7d1762dac7c2]]></ToUserName>
<FromUserName><![CDATA[o8AZcwB0QRvd32Z_JCTTkhRZhV1A]]></FromUserName>
<CreateTime>1469572337</CreateTime>
<MsgType><![CDATA[event]]></MsgType>
<Event><![CDATA[VIEW]]></Event>
<EventKey><![CDATA[http://www.9kpu.com/app/index.php?i=6&c=entry&eid=2]]></EventKey>
<MenuId>406999612</MenuId>
</xml>

2016-07-27 06:32:17 params :
------------
Array:
rule : -2 ;
module :  ;
message : Array ;

2016-07-27 06:32:17 response :
------------

2016-07-27 07:43:59 trace :
------------
String:
<xml><ToUserName><![CDATA[gh_7d1762dac7c2]]></ToUserName>
<FromUserName><![CDATA[o8AZcwB0QRvd32Z_JCTTkhRZhV1A]]></FromUserName>
<CreateTime>1469576639</CreateTime>
<MsgType><![CDATA[event]]></MsgType>
<Event><![CDATA[unsubscribe]]></Event>
<EventKey><![CDATA[]]></EventKey>
</xml>

2016-07-27 08:39:17 trace :
------------
String:
<xml><ToUserName><![CDATA[gh_2a16c32dff4b]]></ToUserName>
<FromUserName><![CDATA[oZF73wAKimMU1XufzSoWnPXuf02w]]></FromUserName>
<CreateTime>1469579957</CreateTime>
<MsgType><![CDATA[event]]></MsgType>
<Event><![CDATA[VIEW]]></Event>
<EventKey><![CDATA[http://www.9kpu.com/app/index.php?i=26&c=entry&do=teaIn&m=lianhu_school]]></EventKey>
<MenuId>442736005</MenuId>
</xml>

2016-07-27 08:39:17 params :
------------
Array:
rule : -2 ;
module :  ;
message : Array ;

2016-07-27 08:39:17 response :
------------

2016-07-27 12:43:47 trace :
------------
String:
<xml><ToUserName><![CDATA[gh_2a16c32dff4b]]></ToUserName>
<FromUserName><![CDATA[oZF73wFmlpQ1mQZOe2H9D9ZBDtvM]]></FromUserName>
<CreateTime>1469594627</CreateTime>
<MsgType><![CDATA[event]]></MsgType>
<Event><![CDATA[subscribe]]></Event>
<EventKey><![CDATA[]]></EventKey>
</xml>

2016-07-27 12:43:47 params :
------------
Array:
rule : -2 ;
module :  ;
message : Array ;

2016-07-27 12:43:47 response :
------------

2016-07-27 12:43:51 trace :
------------
String:
<xml><ToUserName><![CDATA[gh_2a16c32dff4b]]></ToUserName>
<FromUserName><![CDATA[oZF73wFmlpQ1mQZOe2H9D9ZBDtvM]]></FromUserName>
<CreateTime>1469594631</CreateTime>
<MsgType><![CDATA[event]]></MsgType>
<Event><![CDATA[VIEW]]></Event>
<EventKey><![CDATA[http://www.9kpu.com/app/index.php?i=26&c=entry&eid=1]]></EventKey>
<MenuId>442736005</MenuId>
</xml>

2016-07-27 12:43:51 params :
------------
Array:
rule : -2 ;
module :  ;
message : Array ;

2016-07-27 12:43:51 response :
------------

2016-07-27 12:44:08 trace :
------------
String:
<xml><ToUserName><![CDATA[gh_2a16c32dff4b]]></ToUserName>
<FromUserName><![CDATA[oZF73wFmlpQ1mQZOe2H9D9ZBDtvM]]></FromUserName>
<CreateTime>1469594648</CreateTime>
<MsgType><![CDATA[event]]></MsgType>
<Event><![CDATA[VIEW]]></Event>
<EventKey><![CDATA[http://www.9kpu.com/app/index.php?i=26&c=home&]]></EventKey>
<MenuId>442736005</MenuId>
</xml>

2016-07-27 12:44:08 params :
------------
Array:
rule : -2 ;
module :  ;
message : Array ;

2016-07-27 12:44:08 response :
------------

2016-07-27 12:44:28 trace :
------------
String:
<xml><ToUserName><![CDATA[gh_2a16c32dff4b]]></ToUserName>
<FromUserName><![CDATA[oZF73wFmlpQ1mQZOe2H9D9ZBDtvM]]></FromUserName>
<CreateTime>1469594668</CreateTime>
<MsgType><![CDATA[event]]></MsgType>
<Event><![CDATA[VIEW]]></Event>
<EventKey><![CDATA[http://www.9kpu.com/app/index.php?i=26&c=home&]]></EventKey>
<MenuId>442736005</MenuId>
</xml>

2016-07-27 12:44:28 params :
------------
Array:
rule : -2 ;
module :  ;
message : Array ;

2016-07-27 12:44:28 response :
------------

2016-07-27 12:44:43 trace :
------------
String:
<xml><ToUserName><![CDATA[gh_2a16c32dff4b]]></ToUserName>
<FromUserName><![CDATA[oZF73wFmlpQ1mQZOe2H9D9ZBDtvM]]></FromUserName>
<CreateTime>1469594683</CreateTime>
<MsgType><![CDATA[event]]></MsgType>
<Event><![CDATA[VIEW]]></Event>
<EventKey><![CDATA[http://www.9kpu.com/app/index.php?i=26&c=entry&do=teaIn&m=lianhu_school]]></EventKey>
<MenuId>442736005</MenuId>
</xml>

2016-07-27 12:44:43 params :
------------
Array:
rule : -2 ;
module :  ;
message : Array ;

2016-07-27 12:44:43 response :
------------

2016-07-27 12:45:00 trace :
------------
String:
<xml><ToUserName><![CDATA[gh_2a16c32dff4b]]></ToUserName>
<FromUserName><![CDATA[oZF73wFmlpQ1mQZOe2H9D9ZBDtvM]]></FromUserName>
<CreateTime>1469594700</CreateTime>
<MsgType><![CDATA[event]]></MsgType>
<Event><![CDATA[VIEW]]></Event>
<EventKey><![CDATA[http://www.9kpu.com/app/index.php?i=26&c=entry&eid=1]]></EventKey>
<MenuId>442736005</MenuId>
</xml>

2016-07-27 12:45:00 params :
------------
Array:
rule : -2 ;
module :  ;
message : Array ;

2016-07-27 12:45:00 response :
------------

2016-07-27 12:45:31 trace :
------------
String:
<xml><ToUserName><![CDATA[gh_2a16c32dff4b]]></ToUserName>
<FromUserName><![CDATA[oZF73wFmlpQ1mQZOe2H9D9ZBDtvM]]></FromUserName>
<CreateTime>1469594731</CreateTime>
<MsgType><![CDATA[event]]></MsgType>
<Event><![CDATA[VIEW]]></Event>
<EventKey><![CDATA[http://www.9kpu.com/app/index.php?i=26&c=home&]]></EventKey>
<MenuId>442736005</MenuId>
</xml>

2016-07-27 12:45:31 params :
------------
Array:
rule : -2 ;
module :  ;
message : Array ;

2016-07-27 12:45:31 response :
------------

2016-07-27 12:45:48 trace :
------------
String:
<xml><ToUserName><![CDATA[gh_2a16c32dff4b]]></ToUserName>
<FromUserName><![CDATA[oZF73wFmlpQ1mQZOe2H9D9ZBDtvM]]></FromUserName>
<CreateTime>1469594748</CreateTime>
<MsgType><![CDATA[event]]></MsgType>
<Event><![CDATA[VIEW]]></Event>
<EventKey><![CDATA[http://www.9kpu.com/app/index.php?i=26&c=home&]]></EventKey>
<MenuId>442736005</MenuId>
</xml>

2016-07-27 12:45:48 params :
------------
Array:
rule : -2 ;
module :  ;
message : Array ;

2016-07-27 12:45:48 response :
------------

2016-07-27 12:45:57 trace :
------------
String:
<xml><ToUserName><![CDATA[gh_2a16c32dff4b]]></ToUserName>
<FromUserName><![CDATA[oZF73wFmlpQ1mQZOe2H9D9ZBDtvM]]></FromUserName>
<CreateTime>1469594757</CreateTime>
<MsgType><![CDATA[event]]></MsgType>
<Event><![CDATA[VIEW]]></Event>
<EventKey><![CDATA[http://www.9kpu.com/app/index.php?i=26&c=home&]]></EventKey>
<MenuId>442736005</MenuId>
</xml>

2016-07-27 12:45:57 params :
------------
Array:
rule : -2 ;
module :  ;
message : Array ;

2016-07-27 12:45:57 response :
------------

2016-07-27 12:48:22 trace :
------------
String:
<xml><ToUserName><![CDATA[gh_2a16c32dff4b]]></ToUserName>
<FromUserName><![CDATA[oZF73wFmlpQ1mQZOe2H9D9ZBDtvM]]></FromUserName>
<CreateTime>1469594902</CreateTime>
<MsgType><![CDATA[event]]></MsgType>
<Event><![CDATA[unsubscribe]]></Event>
<EventKey><![CDATA[]]></EventKey>
</xml>

2016-07-27 13:59:12 trace :
------------
String:
<xml><ToUserName><![CDATA[gh_081ee8610e82]]></ToUserName>
<FromUserName><![CDATA[ohNDtvpn5kSUa8Xv6Wi6HDDBj5UI]]></FromUserName>
<CreateTime>1469599152</CreateTime>
<MsgType><![CDATA[event]]></MsgType>
<Event><![CDATA[VIEW]]></Event>
<EventKey><![CDATA[http://www.9kpu.com/app/index.php?i=4&c=entry&eid=1]]></EventKey>
<MenuId>404202786</MenuId>
</xml>

2016-07-27 13:59:12 params :
------------
Array:
message : Array ;
module : basic ;
rule : 13 ;
priority : 0 ;
keyword : Array ;

2016-07-27 13:59:12 response :
------------
Array:
FromUserName : gh_081ee8610e82 ;
ToUserName : ohNDtvpn5kSUa8Xv6Wi6HDDBj5UI ;
MsgType : text ;
Content : 等你好久了，智慧微校欢迎您。如果您是来逛逛的，请点开微官网查看我们学校的介绍信息。如果您是家长，请点开学生中心，用您家孩子姓名与学号绑定，就可尽情使用微校功能。如果您是老师，请点开微办公，用系统分配的账号与密码完成绑定，使用微校完成家校互动。 ;

2016-07-27 14:21:46 trace :
------------
String:
<xml><ToUserName><![CDATA[gh_7d1762dac7c2]]></ToUserName>
<FromUserName><![CDATA[o8AZcwJNU8UJpTWOBd5g_YPjPyrI]]></FromUserName>
<CreateTime>1469600506</CreateTime>
<MsgType><![CDATA[event]]></MsgType>
<Event><![CDATA[subscribe]]></Event>
<EventKey><![CDATA[]]></EventKey>
</xml>

2016-07-27 14:21:46 params :
------------
Array:
rule : -2 ;
module :  ;
message : Array ;

2016-07-27 14:21:46 response :
------------

2016-07-27 14:21:52 trace :
------------
String:
<xml><ToUserName><![CDATA[gh_7d1762dac7c2]]></ToUserName>
<FromUserName><![CDATA[o8AZcwJNU8UJpTWOBd5g_YPjPyrI]]></FromUserName>
<CreateTime>1469600512</CreateTime>
<MsgType><![CDATA[event]]></MsgType>
<Event><![CDATA[VIEW]]></Event>
<EventKey><![CDATA[http://www.9kpu.com/app/index.php?i=6&c=home&]]></EventKey>
<MenuId>406999612</MenuId>
</xml>

2016-07-27 14:21:52 params :
------------
Array:
rule : -2 ;
module :  ;
message : Array ;

2016-07-27 14:21:52 response :
------------

2016-07-27 14:23:05 trace :
------------
String:
<xml><ToUserName><![CDATA[gh_7d1762dac7c2]]></ToUserName>
<FromUserName><![CDATA[o8AZcwJNU8UJpTWOBd5g_YPjPyrI]]></FromUserName>
<CreateTime>1469600585</CreateTime>
<MsgType><![CDATA[event]]></MsgType>
<Event><![CDATA[VIEW]]></Event>
<EventKey><![CDATA[http://www.9kpu.com/app/index.php?i=6&c=entry&eid=1]]></EventKey>
<MenuId>406999612</MenuId>
</xml>

2016-07-27 14:23:05 params :
------------
Array:
rule : -2 ;
module :  ;
message : Array ;

2016-07-27 14:23:05 response :
------------

2016-07-27 14:23:18 trace :
------------
String:
<xml><ToUserName><![CDATA[gh_7d1762dac7c2]]></ToUserName>
<FromUserName><![CDATA[o8AZcwJNU8UJpTWOBd5g_YPjPyrI]]></FromUserName>
<CreateTime>1469600598</CreateTime>
<MsgType><![CDATA[event]]></MsgType>
<Event><![CDATA[VIEW]]></Event>
<EventKey><![CDATA[http://www.9kpu.com/app/index.php?i=6&c=entry&eid=2]]></EventKey>
<MenuId>406999612</MenuId>
</xml>

2016-07-27 14:23:18 params :
------------
Array:
rule : -2 ;
module :  ;
message : Array ;

2016-07-27 14:23:18 response :
------------

2016-07-27 14:23:24 trace :
------------
String:
<xml><ToUserName><![CDATA[gh_7d1762dac7c2]]></ToUserName>
<FromUserName><![CDATA[o8AZcwJNU8UJpTWOBd5g_YPjPyrI]]></FromUserName>
<CreateTime>1469600604</CreateTime>
<MsgType><![CDATA[event]]></MsgType>
<Event><![CDATA[VIEW]]></Event>
<EventKey><![CDATA[http://www.9kpu.com/app/index.php?i=6&c=home&]]></EventKey>
<MenuId>406999612</MenuId>
</xml>

2016-07-27 14:23:24 params :
------------
Array:
rule : -2 ;
module :  ;
message : Array ;

2016-07-27 14:23:24 response :
------------

2016-07-27 16:00:02 trace :
------------
String:
<xml><ToUserName><![CDATA[gh_2a16c32dff4b]]></ToUserName>
<FromUserName><![CDATA[oZF73wAKimMU1XufzSoWnPXuf02w]]></FromUserName>
<CreateTime>1469606402</CreateTime>
<MsgType><![CDATA[event]]></MsgType>
<Event><![CDATA[VIEW]]></Event>
<EventKey><![CDATA[http://www.9kpu.com/app/index.php?i=26&c=home&]]></EventKey>
<MenuId>442736005</MenuId>
</xml>

2016-07-27 16:00:02 params :
------------
Array:
rule : -2 ;
module :  ;
message : Array ;

2016-07-27 16:00:02 response :
------------

2016-07-27 16:00:31 trace :
------------
String:
<xml><ToUserName><![CDATA[gh_2a16c32dff4b]]></ToUserName>
<FromUserName><![CDATA[oZF73wAKimMU1XufzSoWnPXuf02w]]></FromUserName>
<CreateTime>1469606431</CreateTime>
<MsgType><![CDATA[event]]></MsgType>
<Event><![CDATA[VIEW]]></Event>
<EventKey><![CDATA[http://www.9kpu.com/app/index.php?i=26&c=entry&eid=1]]></EventKey>
<MenuId>442736005</MenuId>
</xml>

2016-07-27 16:00:31 params :
------------
Array:
rule : -2 ;
module :  ;
message : Array ;

2016-07-27 16:00:31 response :
------------

2016-07-27 16:01:05 trace :
------------
String:
<xml><ToUserName><![CDATA[gh_e7a0c8306261]]></ToUserName>
<FromUserName><![CDATA[oRj-Fs5QjtciVl9kBRfKQQiKibmI]]></FromUserName>
<CreateTime>1469606464</CreateTime>
<MsgType><![CDATA[event]]></MsgType>
<Event><![CDATA[VIEW]]></Event>
<EventKey><![CDATA[http://www.9kpu.com/app/index.php?i=13&c=entry&eid=1]]></EventKey>
<MenuId>409075692</MenuId>
</xml>

2016-07-27 16:01:05 params :
------------
Array:
message : Array ;
module : basic ;
rule : 22 ;
priority : 0 ;
keyword : Array ;

2016-07-27 16:01:05 response :
------------
Array:
FromUserName : gh_e7a0c8306261 ;
ToUserName : oRj-Fs5QjtciVl9kBRfKQQiKibmI ;
MsgType : text ;
Content : 欢迎关注同城学堂，点击微官网查看本学校介绍信息，家长点击学生天地绑定自己小孩信息使用，老师点击教师信息绑定自己账号使用 ;

2016-07-27 16:10:51 trace :
------------
String:
<xml><ToUserName><![CDATA[gh_e7a0c8306261]]></ToUserName>
<FromUserName><![CDATA[oRj-Fs5QjtciVl9kBRfKQQiKibmI]]></FromUserName>
<CreateTime>1469607051</CreateTime>
<MsgType><![CDATA[event]]></MsgType>
<Event><![CDATA[VIEW]]></Event>
<EventKey><![CDATA[http://www.9kpu.com/app/index.php?i=13&c=home&]]></EventKey>
<MenuId>409075692</MenuId>
</xml>

2016-07-27 16:10:51 params :
------------
Array:
message : Array ;
module : basic ;
rule : 22 ;
priority : 0 ;
keyword : Array ;

2016-07-27 16:10:51 response :
------------
Array:
FromUserName : gh_e7a0c8306261 ;
ToUserName : oRj-Fs5QjtciVl9kBRfKQQiKibmI ;
MsgType : text ;
Content : 欢迎关注同城学堂，点击微官网查看本学校介绍信息，家长点击学生天地绑定自己小孩信息使用，老师点击教师信息绑定自己账号使用 ;

2016-07-27 16:13:11 trace :
------------
String:
<xml><ToUserName><![CDATA[gh_e7a0c8306261]]></ToUserName>
<FromUserName><![CDATA[oRj-Fs5QjtciVl9kBRfKQQiKibmI]]></FromUserName>
<CreateTime>1469607191</CreateTime>
<MsgType><![CDATA[event]]></MsgType>
<Event><![CDATA[VIEW]]></Event>
<EventKey><![CDATA[http://www.9kpu.com/app/index.php?i=13&c=entry&eid=1]]></EventKey>
<MenuId>409075692</MenuId>
</xml>

2016-07-27 16:13:11 params :
------------
Array:
message : Array ;
module : basic ;
rule : 22 ;
priority : 0 ;
keyword : Array ;

2016-07-27 16:13:11 response :
------------
Array:
FromUserName : gh_e7a0c8306261 ;
ToUserName : oRj-Fs5QjtciVl9kBRfKQQiKibmI ;
MsgType : text ;
Content : 欢迎关注同城学堂，点击微官网查看本学校介绍信息，家长点击学生天地绑定自己小孩信息使用，老师点击教师信息绑定自己账号使用 ;

2016-07-27 17:32:10 trace :
------------
String:
<xml><ToUserName><![CDATA[gh_081ee8610e82]]></ToUserName>
<FromUserName><![CDATA[ohNDtvksQRq8SxJSKDmQYsVgHNPs]]></FromUserName>
<CreateTime>1469611930</CreateTime>
<MsgType><![CDATA[event]]></MsgType>
<Event><![CDATA[subscribe]]></Event>
<EventKey><![CDATA[]]></EventKey>
</xml>

2016-07-27 17:32:10 params :
------------
Array:
message : Array ;
module : basic ;
rule : 13 ;
priority : 0 ;
keyword : Array ;

2016-07-27 17:32:10 response :
------------
Array:
FromUserName : gh_081ee8610e82 ;
ToUserName : ohNDtvksQRq8SxJSKDmQYsVgHNPs ;
MsgType : text ;
Content : 等你好久了，智慧微校欢迎您。如果您是来逛逛的，请点开微官网查看我们学校的介绍信息。如果您是家长，请点开学生中心，用您家孩子姓名与学号绑定，就可尽情使用微校功能。如果您是老师，请点开微办公，用系统分配的账号与密码完成绑定，使用微校完成家校互动。 ;

2016-07-27 17:32:17 trace :
------------
String:
<xml><ToUserName><![CDATA[gh_081ee8610e82]]></ToUserName>
<FromUserName><![CDATA[ohNDtvksQRq8SxJSKDmQYsVgHNPs]]></FromUserName>
<CreateTime>1469611937</CreateTime>
<MsgType><![CDATA[event]]></MsgType>
<Event><![CDATA[VIEW]]></Event>
<EventKey><![CDATA[http://official.weixiao100.cn/custom/v3/index.html?schoolCode=zscy001&cropId=wx29a48dfc48fb3877&t=1461379426737]]></EventKey>
<MenuId>404202786</MenuId>
</xml>

2016-07-27 17:32:17 params :
------------
Array:
message : Array ;
module : basic ;
rule : 13 ;
priority : 0 ;
keyword : Array ;

2016-07-27 17:32:17 response :
------------
Array:
FromUserName : gh_081ee8610e82 ;
ToUserName : ohNDtvksQRq8SxJSKDmQYsVgHNPs ;
MsgType : text ;
Content : 等你好久了，智慧微校欢迎您。如果您是来逛逛的，请点开微官网查看我们学校的介绍信息。如果您是家长，请点开学生中心，用您家孩子姓名与学号绑定，就可尽情使用微校功能。如果您是老师，请点开微办公，用系统分配的账号与密码完成绑定，使用微校完成家校互动。 ;

2016-07-27 17:33:35 trace :
------------
String:
<xml><ToUserName><![CDATA[gh_081ee8610e82]]></ToUserName>
<FromUserName><![CDATA[ohNDtvksQRq8SxJSKDmQYsVgHNPs]]></FromUserName>
<CreateTime>1469612015</CreateTime>
<MsgType><![CDATA[event]]></MsgType>
<Event><![CDATA[VIEW]]></Event>
<EventKey><![CDATA[http://www.9kpu.com/app/index.php?i=4&c=entry&eid=1]]></EventKey>
<MenuId>404202786</MenuId>
</xml>

2016-07-27 17:33:35 params :
------------
Array:
message : Array ;
module : basic ;
rule : 13 ;
priority : 0 ;
keyword : Array ;

2016-07-27 17:33:35 response :
------------
Array:
FromUserName : gh_081ee8610e82 ;
ToUserName : ohNDtvksQRq8SxJSKDmQYsVgHNPs ;
MsgType : text ;
Content : 等你好久了，智慧微校欢迎您。如果您是来逛逛的，请点开微官网查看我们学校的介绍信息。如果您是家长，请点开学生中心，用您家孩子姓名与学号绑定，就可尽情使用微校功能。如果您是老师，请点开微办公，用系统分配的账号与密码完成绑定，使用微校完成家校互动。 ;

2016-07-27 17:34:18 trace :
------------
String:
<xml><ToUserName><![CDATA[gh_081ee8610e82]]></ToUserName>
<FromUserName><![CDATA[ohNDtvksQRq8SxJSKDmQYsVgHNPs]]></FromUserName>
<CreateTime>1469612058</CreateTime>
<MsgType><![CDATA[event]]></MsgType>
<Event><![CDATA[VIEW]]></Event>
<EventKey><![CDATA[http://www.9kpu.com/app/index.php?i=4&c=entry&eid=1]]></EventKey>
<MenuId>404202786</MenuId>
</xml>

2016-07-27 17:34:18 params :
------------
Array:
message : Array ;
module : basic ;
rule : 13 ;
priority : 0 ;
keyword : Array ;

2016-07-27 17:34:18 response :
------------
Array:
FromUserName : gh_081ee8610e82 ;
ToUserName : ohNDtvksQRq8SxJSKDmQYsVgHNPs ;
MsgType : text ;
Content : 等你好久了，智慧微校欢迎您。如果您是来逛逛的，请点开微官网查看我们学校的介绍信息。如果您是家长，请点开学生中心，用您家孩子姓名与学号绑定，就可尽情使用微校功能。如果您是老师，请点开微办公，用系统分配的账号与密码完成绑定，使用微校完成家校互动。 ;

2016-07-27 17:37:17 trace :
------------
String:
<xml><ToUserName><![CDATA[gh_081ee8610e82]]></ToUserName>
<FromUserName><![CDATA[ohNDtvksQRq8SxJSKDmQYsVgHNPs]]></FromUserName>
<CreateTime>1469612237</CreateTime>
<MsgType><![CDATA[event]]></MsgType>
<Event><![CDATA[VIEW]]></Event>
<EventKey><![CDATA[http://www.9kpu.com/app/index.php?i=4&c=entry&eid=1]]></EventKey>
<MenuId>404202786</MenuId>
</xml>

2016-07-27 17:37:17 params :
------------
Array:
message : Array ;
module : basic ;
rule : 13 ;
priority : 0 ;
keyword : Array ;

2016-07-27 17:37:17 response :
------------
Array:
FromUserName : gh_081ee8610e82 ;
ToUserName : ohNDtvksQRq8SxJSKDmQYsVgHNPs ;
MsgType : text ;
Content : 等你好久了，智慧微校欢迎您。如果您是来逛逛的，请点开微官网查看我们学校的介绍信息。如果您是家长，请点开学生中心，用您家孩子姓名与学号绑定，就可尽情使用微校功能。如果您是老师，请点开微办公，用系统分配的账号与密码完成绑定，使用微校完成家校互动。 ;

2016-07-27 17:38:56 trace :
------------
String:
<xml><ToUserName><![CDATA[gh_081ee8610e82]]></ToUserName>
<FromUserName><![CDATA[ohNDtvksQRq8SxJSKDmQYsVgHNPs]]></FromUserName>
<CreateTime>1469612336</CreateTime>
<MsgType><![CDATA[event]]></MsgType>
<Event><![CDATA[VIEW]]></Event>
<EventKey><![CDATA[http://www.9kpu.com/app/index.php?i=4&c=entry&eid=1]]></EventKey>
<MenuId>404202786</MenuId>
</xml>

2016-07-27 17:38:56 params :
------------
Array:
message : Array ;
module : basic ;
rule : 13 ;
priority : 0 ;
keyword : Array ;

2016-07-27 17:38:56 response :
------------
Array:
FromUserName : gh_081ee8610e82 ;
ToUserName : ohNDtvksQRq8SxJSKDmQYsVgHNPs ;
MsgType : text ;
Content : 等你好久了，智慧微校欢迎您。如果您是来逛逛的，请点开微官网查看我们学校的介绍信息。如果您是家长，请点开学生中心，用您家孩子姓名与学号绑定，就可尽情使用微校功能。如果您是老师，请点开微办公，用系统分配的账号与密码完成绑定，使用微校完成家校互动。 ;

