2016-07-21 18:56:31 trace :
------------
String:
<xml><ToUserName><![CDATA[gh_7d1762dac7c2]]></ToUserName>
<FromUserName><![CDATA[o8AZcwNifaIjf9o_AHeIOeUfcKoM]]></FromUserName>
<CreateTime>1469098590</CreateTime>
<MsgType><![CDATA[event]]></MsgType>
<Event><![CDATA[subscribe]]></Event>
<EventKey><![CDATA[]]></EventKey>
</xml>

2016-07-21 18:56:31 params :
------------
Array:
rule : -2 ;
module :  ;
message : Array ;

2016-07-21 18:56:31 response :
------------

2016-07-21 18:56:47 trace :
------------
String:
<xml><ToUserName><![CDATA[gh_7d1762dac7c2]]></ToUserName>
<FromUserName><![CDATA[o8AZcwNifaIjf9o_AHeIOeUfcKoM]]></FromUserName>
<CreateTime>1469098607</CreateTime>
<MsgType><![CDATA[event]]></MsgType>
<Event><![CDATA[unsubscribe]]></Event>
<EventKey><![CDATA[]]></EventKey>
</xml>

2016-07-21 19:22:02 trace :
------------
String:
<xml><ToUserName><![CDATA[gh_7d1762dac7c2]]></ToUserName>
<FromUserName><![CDATA[o8AZcwBVvWkrJBraXy8XkIPMS4N0]]></FromUserName>
<CreateTime>1469100122</CreateTime>
<MsgType><![CDATA[text]]></MsgType>
<Content><![CDATA[王俊杰]]></Content>
<MsgId>6309736978949351546</MsgId>
</xml>

2016-07-21 19:22:02 params :
------------
Array:
rule : -2 ;
module :  ;
message : Array ;

2016-07-21 19:22:02 response :
------------

2016-07-21 19:22:16 trace :
------------
String:
<xml><ToUserName><![CDATA[gh_7d1762dac7c2]]></ToUserName>
<FromUserName><![CDATA[o8AZcwBVvWkrJBraXy8XkIPMS4N0]]></FromUserName>
<CreateTime>1469100135</CreateTime>
<MsgType><![CDATA[text]]></MsgType>
<Content><![CDATA[有沒有考上]]></Content>
<MsgId>6309737034783926400</MsgId>
</xml>

2016-07-21 19:22:16 params :
------------
Array:
rule : -2 ;
module :  ;
message : Array ;

2016-07-21 19:22:16 response :
------------

2016-07-21 22:10:51 trace :
------------
String:
<xml><ToUserName><![CDATA[gh_7d1762dac7c2]]></ToUserName>
<FromUserName><![CDATA[o8AZcwBVvWkrJBraXy8XkIPMS4N0]]></FromUserName>
<CreateTime>1469110251</CreateTime>
<MsgType><![CDATA[text]]></MsgType>
<Content><![CDATA[有沒有考上]]></Content>
<MsgId>6309780482673094807</MsgId>
</xml>

2016-07-21 22:10:51 params :
------------
Array:
rule : -2 ;
module :  ;
message : Array ;

2016-07-21 22:10:51 response :
------------

2016-07-21 22:10:55 trace :
------------
String:
<xml><ToUserName><![CDATA[gh_7d1762dac7c2]]></ToUserName>
<FromUserName><![CDATA[o8AZcwBVvWkrJBraXy8XkIPMS4N0]]></FromUserName>
<CreateTime>1469110255</CreateTime>
<MsgType><![CDATA[text]]></MsgType>
<Content><![CDATA[中学？]]></Content>
<MsgId>6309780499852963994</MsgId>
</xml>

2016-07-21 22:10:55 params :
------------
Array:
rule : -2 ;
module :  ;
message : Array ;

2016-07-21 22:10:55 response :
------------

2016-07-21 23:36:46 trace :
------------
String:
<xml><ToUserName><![CDATA[gh_081ee8610e82]]></ToUserName>
<FromUserName><![CDATA[ohNDtvjnNs-wlmta5xYTj5zZfmSc]]></FromUserName>
<CreateTime>1469115406</CreateTime>
<MsgType><![CDATA[event]]></MsgType>
<Event><![CDATA[VIEW]]></Event>
<EventKey><![CDATA[http://official.weixiao100.cn/custom/v3/index.html?schoolCode=zscy001&cropId=wx29a48dfc48fb3877&t=1461379426737]]></EventKey>
<MenuId>404202786</MenuId>
</xml>

2016-07-21 23:36:46 params :
------------
Array:
message : Array ;
module : basic ;
rule : 13 ;
priority : 0 ;
keyword : Array ;

2016-07-21 23:36:46 response :
------------
Array:
FromUserName : gh_081ee8610e82 ;
ToUserName : ohNDtvjnNs-wlmta5xYTj5zZfmSc ;
MsgType : text ;
Content : 等你好久了，智慧微校欢迎您。如果您是来逛逛的，请点开微官网查看我们学校的介绍信息。如果您是家长，请点开学生中心，用您家孩子姓名与学号绑定，就可尽情使用微校功能。如果您是老师，请点开微办公，用系统分配的账号与密码完成绑定，使用微校完成家校互动。 ;

2016-07-21 23:36:55 trace :
------------
String:
<xml><ToUserName><![CDATA[gh_081ee8610e82]]></ToUserName>
<FromUserName><![CDATA[ohNDtvjnNs-wlmta5xYTj5zZfmSc]]></FromUserName>
<CreateTime>1469115415</CreateTime>
<MsgType><![CDATA[event]]></MsgType>
<Event><![CDATA[VIEW]]></Event>
<EventKey><![CDATA[http://www.9kpu.com/app/index.php?i=4&c=entry&eid=1]]></EventKey>
<MenuId>404202786</MenuId>
</xml>

2016-07-21 23:36:55 params :
------------
Array:
message : Array ;
module : basic ;
rule : 13 ;
priority : 0 ;
keyword : Array ;

2016-07-21 23:36:55 response :
------------
Array:
FromUserName : gh_081ee8610e82 ;
ToUserName : ohNDtvjnNs-wlmta5xYTj5zZfmSc ;
MsgType : text ;
Content : 等你好久了，智慧微校欢迎您。如果您是来逛逛的，请点开微官网查看我们学校的介绍信息。如果您是家长，请点开学生中心，用您家孩子姓名与学号绑定，就可尽情使用微校功能。如果您是老师，请点开微办公，用系统分配的账号与密码完成绑定，使用微校完成家校互动。 ;

2016-07-21 23:37:07 trace :
------------
String:
<xml><ToUserName><![CDATA[gh_081ee8610e82]]></ToUserName>
<FromUserName><![CDATA[ohNDtvjnNs-wlmta5xYTj5zZfmSc]]></FromUserName>
<CreateTime>1469115427</CreateTime>
<MsgType><![CDATA[event]]></MsgType>
<Event><![CDATA[VIEW]]></Event>
<EventKey><![CDATA[http://www.9kpu.com/app/index.php?i=4&c=entry&eid=2]]></EventKey>
<MenuId>404202786</MenuId>
</xml>

2016-07-21 23:37:07 params :
------------
Array:
message : Array ;
module : basic ;
rule : 13 ;
priority : 0 ;
keyword : Array ;

2016-07-21 23:37:07 response :
------------
Array:
FromUserName : gh_081ee8610e82 ;
ToUserName : ohNDtvjnNs-wlmta5xYTj5zZfmSc ;
MsgType : text ;
Content : 等你好久了，智慧微校欢迎您。如果您是来逛逛的，请点开微官网查看我们学校的介绍信息。如果您是家长，请点开学生中心，用您家孩子姓名与学号绑定，就可尽情使用微校功能。如果您是老师，请点开微办公，用系统分配的账号与密码完成绑定，使用微校完成家校互动。 ;

