2016-05-30 00:01:02 trace :
------------
String:
<xml><ToUserName><![CDATA[gh_e7a0c8306261]]></ToUserName>
<FromUserName><![CDATA[oRj-Fs0-58f1Xolgz7rNR5ZNmCik]]></FromUserName>
<CreateTime>1464537662</CreateTime>
<MsgType><![CDATA[event]]></MsgType>
<Event><![CDATA[VIEW]]></Event>
<EventKey><![CDATA[http://www.9kpu.com/app/index.php?i=13&c=entry&eid=2]]></EventKey>
<MenuId>408332563</MenuId>
</xml>

2016-05-30 00:01:02 params :
------------
Array:
message : Array ;
module : basic ;
rule : 22 ;
priority : 0 ;
keyword : Array ;

2016-05-30 00:01:02 response :
------------
Array:
FromUserName : gh_e7a0c8306261 ;
ToUserName : oRj-Fs0-58f1Xolgz7rNR5ZNmCik ;
MsgType : text ;
Content : 欢迎关注同城学堂，点击微官网查看本学校介绍信息，家长点击学生天地绑定自己小孩信息使用，老师点击教师信息绑定自己账号使用 ;

2016-05-30 00:01:15 trace :
------------
String:
<xml><ToUserName><![CDATA[gh_e7a0c8306261]]></ToUserName>
<FromUserName><![CDATA[oRj-Fs0-58f1Xolgz7rNR5ZNmCik]]></FromUserName>
<CreateTime>1464537675</CreateTime>
<MsgType><![CDATA[event]]></MsgType>
<Event><![CDATA[VIEW]]></Event>
<EventKey><![CDATA[http://www.9kpu.com/app/index.php?i=13&c=entry&eid=1]]></EventKey>
<MenuId>408332563</MenuId>
</xml>

2016-05-30 00:01:15 params :
------------
Array:
message : Array ;
module : basic ;
rule : 22 ;
priority : 0 ;
keyword : Array ;

2016-05-30 00:01:15 response :
------------
Array:
FromUserName : gh_e7a0c8306261 ;
ToUserName : oRj-Fs0-58f1Xolgz7rNR5ZNmCik ;
MsgType : text ;
Content : 欢迎关注同城学堂，点击微官网查看本学校介绍信息，家长点击学生天地绑定自己小孩信息使用，老师点击教师信息绑定自己账号使用 ;

2016-05-30 08:46:53 trace :
------------
String:
<xml><ToUserName><![CDATA[gh_e7a0c8306261]]></ToUserName>
<FromUserName><![CDATA[oRj-Fs8qDmUEEZ0jIsDIcoU5gSxI]]></FromUserName>
<CreateTime>1464569212</CreateTime>
<MsgType><![CDATA[event]]></MsgType>
<Event><![CDATA[VIEW]]></Event>
<EventKey><![CDATA[http://www.9kpu.com/app/index.php?i=13&c=entry&eid=2]]></EventKey>
<MenuId>408332563</MenuId>
</xml>

2016-05-30 08:46:53 params :
------------
Array:
message : Array ;
module : basic ;
rule : 22 ;
priority : 0 ;
keyword : Array ;

2016-05-30 08:46:53 response :
------------
Array:
FromUserName : gh_e7a0c8306261 ;
ToUserName : oRj-Fs8qDmUEEZ0jIsDIcoU5gSxI ;
MsgType : text ;
Content : 欢迎关注同城学堂，点击微官网查看本学校介绍信息，家长点击学生天地绑定自己小孩信息使用，老师点击教师信息绑定自己账号使用 ;

2016-05-30 08:47:21 trace :
------------
String:
<xml><ToUserName><![CDATA[gh_e7a0c8306261]]></ToUserName>
<FromUserName><![CDATA[oRj-Fs8qDmUEEZ0jIsDIcoU5gSxI]]></FromUserName>
<CreateTime>1464569241</CreateTime>
<MsgType><![CDATA[event]]></MsgType>
<Event><![CDATA[VIEW]]></Event>
<EventKey><![CDATA[http://www.9kpu.com/app/index.php?i=13&c=home&]]></EventKey>
<MenuId>408332563</MenuId>
</xml>

2016-05-30 08:47:21 params :
------------
Array:
message : Array ;
module : basic ;
rule : 22 ;
priority : 0 ;
keyword : Array ;

2016-05-30 08:47:21 response :
------------
Array:
FromUserName : gh_e7a0c8306261 ;
ToUserName : oRj-Fs8qDmUEEZ0jIsDIcoU5gSxI ;
MsgType : text ;
Content : 欢迎关注同城学堂，点击微官网查看本学校介绍信息，家长点击学生天地绑定自己小孩信息使用，老师点击教师信息绑定自己账号使用 ;

2016-05-30 08:47:24 trace :
------------
String:
<xml><ToUserName><![CDATA[gh_e7a0c8306261]]></ToUserName>
<FromUserName><![CDATA[oRj-Fs0-58f1Xolgz7rNR5ZNmCik]]></FromUserName>
<CreateTime>1464569244</CreateTime>
<MsgType><![CDATA[event]]></MsgType>
<Event><![CDATA[VIEW]]></Event>
<EventKey><![CDATA[http://www.9kpu.com/app/index.php?i=13&c=entry&eid=2]]></EventKey>
<MenuId>408332563</MenuId>
</xml>

2016-05-30 08:47:24 params :
------------
Array:
message : Array ;
module : basic ;
rule : 22 ;
priority : 0 ;
keyword : Array ;

2016-05-30 08:47:24 response :
------------
Array:
FromUserName : gh_e7a0c8306261 ;
ToUserName : oRj-Fs0-58f1Xolgz7rNR5ZNmCik ;
MsgType : text ;
Content : 欢迎关注同城学堂，点击微官网查看本学校介绍信息，家长点击学生天地绑定自己小孩信息使用，老师点击教师信息绑定自己账号使用 ;

2016-05-30 08:48:05 trace :
------------
String:
<xml><ToUserName><![CDATA[gh_e7a0c8306261]]></ToUserName>
<FromUserName><![CDATA[oRj-Fs8qDmUEEZ0jIsDIcoU5gSxI]]></FromUserName>
<CreateTime>1464569285</CreateTime>
<MsgType><![CDATA[event]]></MsgType>
<Event><![CDATA[VIEW]]></Event>
<EventKey><![CDATA[http://www.9kpu.com/app/index.php?i=13&c=home&]]></EventKey>
<MenuId>408332563</MenuId>
</xml>

2016-05-30 08:48:05 params :
------------
Array:
message : Array ;
module : basic ;
rule : 22 ;
priority : 0 ;
keyword : Array ;

2016-05-30 08:48:05 response :
------------
Array:
FromUserName : gh_e7a0c8306261 ;
ToUserName : oRj-Fs8qDmUEEZ0jIsDIcoU5gSxI ;
MsgType : text ;
Content : 欢迎关注同城学堂，点击微官网查看本学校介绍信息，家长点击学生天地绑定自己小孩信息使用，老师点击教师信息绑定自己账号使用 ;

2016-05-30 08:48:06 trace :
------------
String:
<xml><ToUserName><![CDATA[gh_e7a0c8306261]]></ToUserName>
<FromUserName><![CDATA[oRj-Fs0-58f1Xolgz7rNR5ZNmCik]]></FromUserName>
<CreateTime>1464569286</CreateTime>
<MsgType><![CDATA[event]]></MsgType>
<Event><![CDATA[VIEW]]></Event>
<EventKey><![CDATA[http://www.9kpu.com/app/index.php?i=13&c=home&]]></EventKey>
<MenuId>408332563</MenuId>
</xml>

2016-05-30 08:48:06 params :
------------
Array:
message : Array ;
module : basic ;
rule : 22 ;
priority : 0 ;
keyword : Array ;

2016-05-30 08:48:06 response :
------------
Array:
FromUserName : gh_e7a0c8306261 ;
ToUserName : oRj-Fs0-58f1Xolgz7rNR5ZNmCik ;
MsgType : text ;
Content : 欢迎关注同城学堂，点击微官网查看本学校介绍信息，家长点击学生天地绑定自己小孩信息使用，老师点击教师信息绑定自己账号使用 ;

2016-05-30 08:48:12 trace :
------------
String:
<xml><ToUserName><![CDATA[gh_e7a0c8306261]]></ToUserName>
<FromUserName><![CDATA[oRj-Fs8qDmUEEZ0jIsDIcoU5gSxI]]></FromUserName>
<CreateTime>1464569292</CreateTime>
<MsgType><![CDATA[event]]></MsgType>
<Event><![CDATA[VIEW]]></Event>
<EventKey><![CDATA[http://www.9kpu.com/app/index.php?i=13&c=home&]]></EventKey>
<MenuId>408332563</MenuId>
</xml>

2016-05-30 08:48:12 params :
------------
Array:
message : Array ;
module : basic ;
rule : 22 ;
priority : 0 ;
keyword : Array ;

2016-05-30 08:48:12 response :
------------
Array:
FromUserName : gh_e7a0c8306261 ;
ToUserName : oRj-Fs8qDmUEEZ0jIsDIcoU5gSxI ;
MsgType : text ;
Content : 欢迎关注同城学堂，点击微官网查看本学校介绍信息，家长点击学生天地绑定自己小孩信息使用，老师点击教师信息绑定自己账号使用 ;

2016-05-30 08:48:14 trace :
------------
String:
<xml><ToUserName><![CDATA[gh_e7a0c8306261]]></ToUserName>
<FromUserName><![CDATA[oRj-Fs8qDmUEEZ0jIsDIcoU5gSxI]]></FromUserName>
<CreateTime>1464569294</CreateTime>
<MsgType><![CDATA[event]]></MsgType>
<Event><![CDATA[VIEW]]></Event>
<EventKey><![CDATA[http://www.9kpu.com/app/index.php?i=13&c=entry&eid=1]]></EventKey>
<MenuId>408332563</MenuId>
</xml>

2016-05-30 08:48:14 params :
------------
Array:
message : Array ;
module : basic ;
rule : 22 ;
priority : 0 ;
keyword : Array ;

2016-05-30 08:48:14 response :
------------
Array:
FromUserName : gh_e7a0c8306261 ;
ToUserName : oRj-Fs8qDmUEEZ0jIsDIcoU5gSxI ;
MsgType : text ;
Content : 欢迎关注同城学堂，点击微官网查看本学校介绍信息，家长点击学生天地绑定自己小孩信息使用，老师点击教师信息绑定自己账号使用 ;

2016-05-30 08:50:18 trace :
------------
String:
<xml><ToUserName><![CDATA[gh_e7a0c8306261]]></ToUserName>
<FromUserName><![CDATA[oRj-Fs0-58f1Xolgz7rNR5ZNmCik]]></FromUserName>
<CreateTime>1464569418</CreateTime>
<MsgType><![CDATA[event]]></MsgType>
<Event><![CDATA[VIEW]]></Event>
<EventKey><![CDATA[http://www.9kpu.com/app/index.php?i=13&c=entry&eid=1]]></EventKey>
<MenuId>408332563</MenuId>
</xml>

2016-05-30 08:50:19 params :
------------
Array:
message : Array ;
module : basic ;
rule : 22 ;
priority : 0 ;
keyword : Array ;

2016-05-30 08:50:19 response :
------------
Array:
FromUserName : gh_e7a0c8306261 ;
ToUserName : oRj-Fs0-58f1Xolgz7rNR5ZNmCik ;
MsgType : text ;
Content : 欢迎关注同城学堂，点击微官网查看本学校介绍信息，家长点击学生天地绑定自己小孩信息使用，老师点击教师信息绑定自己账号使用 ;

2016-05-30 08:58:00 trace :
------------
String:
<xml><ToUserName><![CDATA[gh_e7a0c8306261]]></ToUserName>
<FromUserName><![CDATA[oRj-Fs8qDmUEEZ0jIsDIcoU5gSxI]]></FromUserName>
<CreateTime>1464569880</CreateTime>
<MsgType><![CDATA[event]]></MsgType>
<Event><![CDATA[VIEW]]></Event>
<EventKey><![CDATA[http://www.9kpu.com/app/index.php?i=13&c=home&]]></EventKey>
<MenuId>408332563</MenuId>
</xml>

2016-05-30 08:58:00 params :
------------
Array:
message : Array ;
module : basic ;
rule : 22 ;
priority : 0 ;
keyword : Array ;

2016-05-30 08:58:00 response :
------------
Array:
FromUserName : gh_e7a0c8306261 ;
ToUserName : oRj-Fs8qDmUEEZ0jIsDIcoU5gSxI ;
MsgType : text ;
Content : 欢迎关注同城学堂，点击微官网查看本学校介绍信息，家长点击学生天地绑定自己小孩信息使用，老师点击教师信息绑定自己账号使用 ;

2016-05-30 09:02:27 trace :
------------
String:
<xml><ToUserName><![CDATA[gh_e7a0c8306261]]></ToUserName>
<FromUserName><![CDATA[oRj-Fs8qDmUEEZ0jIsDIcoU5gSxI]]></FromUserName>
<CreateTime>1464570147</CreateTime>
<MsgType><![CDATA[event]]></MsgType>
<Event><![CDATA[VIEW]]></Event>
<EventKey><![CDATA[http://www.9kpu.com/app/index.php?i=13&c=entry&eid=1]]></EventKey>
<MenuId>408332563</MenuId>
</xml>

2016-05-30 09:02:27 params :
------------
Array:
message : Array ;
module : basic ;
rule : 22 ;
priority : 0 ;
keyword : Array ;

2016-05-30 09:02:27 response :
------------
Array:
FromUserName : gh_e7a0c8306261 ;
ToUserName : oRj-Fs8qDmUEEZ0jIsDIcoU5gSxI ;
MsgType : text ;
Content : 欢迎关注同城学堂，点击微官网查看本学校介绍信息，家长点击学生天地绑定自己小孩信息使用，老师点击教师信息绑定自己账号使用 ;

2016-05-30 09:12:20 trace :
------------
String:
<xml><ToUserName><![CDATA[gh_e7a0c8306261]]></ToUserName>
<FromUserName><![CDATA[oRj-Fs0-58f1Xolgz7rNR5ZNmCik]]></FromUserName>
<CreateTime>1464570740</CreateTime>
<MsgType><![CDATA[event]]></MsgType>
<Event><![CDATA[VIEW]]></Event>
<EventKey><![CDATA[http://www.9kpu.com/app/index.php?i=13&c=home&]]></EventKey>
<MenuId>408332563</MenuId>
</xml>

2016-05-30 09:12:20 params :
------------
Array:
message : Array ;
module : basic ;
rule : 22 ;
priority : 0 ;
keyword : Array ;

2016-05-30 09:12:20 response :
------------
Array:
FromUserName : gh_e7a0c8306261 ;
ToUserName : oRj-Fs0-58f1Xolgz7rNR5ZNmCik ;
MsgType : text ;
Content : 欢迎关注同城学堂，点击微官网查看本学校介绍信息，家长点击学生天地绑定自己小孩信息使用，老师点击教师信息绑定自己账号使用 ;

2016-05-30 09:13:32 trace :
------------
String:
<xml><ToUserName><![CDATA[gh_e7a0c8306261]]></ToUserName>
<FromUserName><![CDATA[oRj-Fs0-58f1Xolgz7rNR5ZNmCik]]></FromUserName>
<CreateTime>1464570812</CreateTime>
<MsgType><![CDATA[event]]></MsgType>
<Event><![CDATA[VIEW]]></Event>
<EventKey><![CDATA[http://www.9kpu.com/app/index.php?i=13&c=entry&eid=2]]></EventKey>
<MenuId>408332563</MenuId>
</xml>

2016-05-30 09:13:32 params :
------------
Array:
message : Array ;
module : basic ;
rule : 22 ;
priority : 0 ;
keyword : Array ;

2016-05-30 09:13:32 response :
------------
Array:
FromUserName : gh_e7a0c8306261 ;
ToUserName : oRj-Fs0-58f1Xolgz7rNR5ZNmCik ;
MsgType : text ;
Content : 欢迎关注同城学堂，点击微官网查看本学校介绍信息，家长点击学生天地绑定自己小孩信息使用，老师点击教师信息绑定自己账号使用 ;

2016-05-30 09:19:28 trace :
------------
String:
<xml><ToUserName><![CDATA[gh_e7a0c8306261]]></ToUserName>
<FromUserName><![CDATA[oRj-Fs2Og5hcQesN3spLbWYLW2MQ]]></FromUserName>
<CreateTime>1464571168</CreateTime>
<MsgType><![CDATA[event]]></MsgType>
<Event><![CDATA[VIEW]]></Event>
<EventKey><![CDATA[http://www.9kpu.com/app/index.php?i=13&c=home&]]></EventKey>
<MenuId>408332563</MenuId>
</xml>

2016-05-30 09:19:28 params :
------------
Array:
message : Array ;
module : basic ;
rule : 22 ;
priority : 0 ;
keyword : Array ;

2016-05-30 09:19:28 response :
------------
Array:
FromUserName : gh_e7a0c8306261 ;
ToUserName : oRj-Fs2Og5hcQesN3spLbWYLW2MQ ;
MsgType : text ;
Content : 欢迎关注同城学堂，点击微官网查看本学校介绍信息，家长点击学生天地绑定自己小孩信息使用，老师点击教师信息绑定自己账号使用 ;

2016-05-30 09:20:09 trace :
------------
String:
<xml><ToUserName><![CDATA[gh_e7a0c8306261]]></ToUserName>
<FromUserName><![CDATA[oRj-Fs2Og5hcQesN3spLbWYLW2MQ]]></FromUserName>
<CreateTime>1464571209</CreateTime>
<MsgType><![CDATA[event]]></MsgType>
<Event><![CDATA[VIEW]]></Event>
<EventKey><![CDATA[http://www.9kpu.com/app/index.php?i=13&c=entry&eid=1]]></EventKey>
<MenuId>408332563</MenuId>
</xml>

2016-05-30 09:20:09 params :
------------
Array:
message : Array ;
module : basic ;
rule : 22 ;
priority : 0 ;
keyword : Array ;

2016-05-30 09:20:09 response :
------------
Array:
FromUserName : gh_e7a0c8306261 ;
ToUserName : oRj-Fs2Og5hcQesN3spLbWYLW2MQ ;
MsgType : text ;
Content : 欢迎关注同城学堂，点击微官网查看本学校介绍信息，家长点击学生天地绑定自己小孩信息使用，老师点击教师信息绑定自己账号使用 ;

2016-05-30 09:20:11 trace :
------------
String:
<xml><ToUserName><![CDATA[gh_e7a0c8306261]]></ToUserName>
<FromUserName><![CDATA[oRj-Fs2Og5hcQesN3spLbWYLW2MQ]]></FromUserName>
<CreateTime>1464571211</CreateTime>
<MsgType><![CDATA[event]]></MsgType>
<Event><![CDATA[VIEW]]></Event>
<EventKey><![CDATA[http://www.9kpu.com/app/index.php?i=13&c=entry&eid=2]]></EventKey>
<MenuId>408332563</MenuId>
</xml>

2016-05-30 09:20:11 params :
------------
Array:
message : Array ;
module : basic ;
rule : 22 ;
priority : 0 ;
keyword : Array ;

2016-05-30 09:20:11 response :
------------
Array:
FromUserName : gh_e7a0c8306261 ;
ToUserName : oRj-Fs2Og5hcQesN3spLbWYLW2MQ ;
MsgType : text ;
Content : 欢迎关注同城学堂，点击微官网查看本学校介绍信息，家长点击学生天地绑定自己小孩信息使用，老师点击教师信息绑定自己账号使用 ;

2016-05-30 09:24:16 trace :
------------
String:
<xml><ToUserName><![CDATA[gh_e7a0c8306261]]></ToUserName>
<FromUserName><![CDATA[oRj-Fs-PhyPTkIQtO_xnTG8cJwlQ]]></FromUserName>
<CreateTime>1464571455</CreateTime>
<MsgType><![CDATA[event]]></MsgType>
<Event><![CDATA[VIEW]]></Event>
<EventKey><![CDATA[http://www.9kpu.com/app/index.php?i=13&c=entry&eid=1]]></EventKey>
<MenuId>408332563</MenuId>
</xml>

2016-05-30 09:24:16 params :
------------
Array:
message : Array ;
module : basic ;
rule : 22 ;
priority : 0 ;
keyword : Array ;

2016-05-30 09:24:16 response :
------------
Array:
FromUserName : gh_e7a0c8306261 ;
ToUserName : oRj-Fs-PhyPTkIQtO_xnTG8cJwlQ ;
MsgType : text ;
Content : 欢迎关注同城学堂，点击微官网查看本学校介绍信息，家长点击学生天地绑定自己小孩信息使用，老师点击教师信息绑定自己账号使用 ;

2016-05-30 09:24:42 trace :
------------
String:
<xml><ToUserName><![CDATA[gh_e7a0c8306261]]></ToUserName>
<FromUserName><![CDATA[oRj-Fs-PhyPTkIQtO_xnTG8cJwlQ]]></FromUserName>
<CreateTime>1464571482</CreateTime>
<MsgType><![CDATA[event]]></MsgType>
<Event><![CDATA[VIEW]]></Event>
<EventKey><![CDATA[http://www.9kpu.com/app/index.php?i=13&c=entry&eid=1]]></EventKey>
<MenuId>408332563</MenuId>
</xml>

2016-05-30 09:24:42 params :
------------
Array:
message : Array ;
module : basic ;
rule : 22 ;
priority : 0 ;
keyword : Array ;

2016-05-30 09:24:42 response :
------------
Array:
FromUserName : gh_e7a0c8306261 ;
ToUserName : oRj-Fs-PhyPTkIQtO_xnTG8cJwlQ ;
MsgType : text ;
Content : 欢迎关注同城学堂，点击微官网查看本学校介绍信息，家长点击学生天地绑定自己小孩信息使用，老师点击教师信息绑定自己账号使用 ;

2016-05-30 09:24:49 trace :
------------
String:
<xml><ToUserName><![CDATA[gh_e7a0c8306261]]></ToUserName>
<FromUserName><![CDATA[oRj-Fs-PhyPTkIQtO_xnTG8cJwlQ]]></FromUserName>
<CreateTime>1464571489</CreateTime>
<MsgType><![CDATA[event]]></MsgType>
<Event><![CDATA[unsubscribe]]></Event>
<EventKey><![CDATA[]]></EventKey>
</xml>

2016-05-30 09:25:06 trace :
------------
String:
<xml><ToUserName><![CDATA[gh_e7a0c8306261]]></ToUserName>
<FromUserName><![CDATA[oRj-Fs0-58f1Xolgz7rNR5ZNmCik]]></FromUserName>
<CreateTime>1464571506</CreateTime>
<MsgType><![CDATA[event]]></MsgType>
<Event><![CDATA[VIEW]]></Event>
<EventKey><![CDATA[http://www.9kpu.com/app/index.php?i=13&c=home&]]></EventKey>
<MenuId>408332563</MenuId>
</xml>

2016-05-30 09:25:06 params :
------------
Array:
message : Array ;
module : basic ;
rule : 22 ;
priority : 0 ;
keyword : Array ;

2016-05-30 09:25:06 response :
------------
Array:
FromUserName : gh_e7a0c8306261 ;
ToUserName : oRj-Fs0-58f1Xolgz7rNR5ZNmCik ;
MsgType : text ;
Content : 欢迎关注同城学堂，点击微官网查看本学校介绍信息，家长点击学生天地绑定自己小孩信息使用，老师点击教师信息绑定自己账号使用 ;

2016-05-30 09:25:10 trace :
------------
String:
<xml><ToUserName><![CDATA[gh_e7a0c8306261]]></ToUserName>
<FromUserName><![CDATA[oRj-Fs-PhyPTkIQtO_xnTG8cJwlQ]]></FromUserName>
<CreateTime>1464571510</CreateTime>
<MsgType><![CDATA[event]]></MsgType>
<Event><![CDATA[subscribe]]></Event>
<EventKey><![CDATA[]]></EventKey>
</xml>

2016-05-30 09:25:10 params :
------------
Array:
message : Array ;
module : basic ;
rule : 22 ;
priority : 0 ;
keyword : Array ;

2016-05-30 09:25:10 response :
------------
Array:
FromUserName : gh_e7a0c8306261 ;
ToUserName : oRj-Fs-PhyPTkIQtO_xnTG8cJwlQ ;
MsgType : text ;
Content : 欢迎关注同城学堂，点击微官网查看本学校介绍信息，家长点击学生天地绑定自己小孩信息使用，老师点击教师信息绑定自己账号使用 ;

2016-05-30 09:25:14 trace :
------------
String:
<xml><ToUserName><![CDATA[gh_e7a0c8306261]]></ToUserName>
<FromUserName><![CDATA[oRj-Fs-PhyPTkIQtO_xnTG8cJwlQ]]></FromUserName>
<CreateTime>1464571514</CreateTime>
<MsgType><![CDATA[event]]></MsgType>
<Event><![CDATA[VIEW]]></Event>
<EventKey><![CDATA[http://www.9kpu.com/app/index.php?i=13&c=entry&eid=1]]></EventKey>
<MenuId>408332563</MenuId>
</xml>

2016-05-30 09:25:14 params :
------------
Array:
message : Array ;
module : basic ;
rule : 22 ;
priority : 0 ;
keyword : Array ;

2016-05-30 09:25:14 response :
------------
Array:
FromUserName : gh_e7a0c8306261 ;
ToUserName : oRj-Fs-PhyPTkIQtO_xnTG8cJwlQ ;
MsgType : text ;
Content : 欢迎关注同城学堂，点击微官网查看本学校介绍信息，家长点击学生天地绑定自己小孩信息使用，老师点击教师信息绑定自己账号使用 ;

2016-05-30 09:25:54 trace :
------------
String:
<xml><ToUserName><![CDATA[gh_e7a0c8306261]]></ToUserName>
<FromUserName><![CDATA[oRj-Fs0-58f1Xolgz7rNR5ZNmCik]]></FromUserName>
<CreateTime>1464571554</CreateTime>
<MsgType><![CDATA[event]]></MsgType>
<Event><![CDATA[VIEW]]></Event>
<EventKey><![CDATA[http://www.9kpu.com/app/index.php?i=13&c=entry&eid=2]]></EventKey>
<MenuId>408332563</MenuId>
</xml>

2016-05-30 09:25:54 params :
------------
Array:
message : Array ;
module : basic ;
rule : 22 ;
priority : 0 ;
keyword : Array ;

2016-05-30 09:25:54 response :
------------
Array:
FromUserName : gh_e7a0c8306261 ;
ToUserName : oRj-Fs0-58f1Xolgz7rNR5ZNmCik ;
MsgType : text ;
Content : 欢迎关注同城学堂，点击微官网查看本学校介绍信息，家长点击学生天地绑定自己小孩信息使用，老师点击教师信息绑定自己账号使用 ;

2016-05-30 09:26:05 trace :
------------
String:
<xml><ToUserName><![CDATA[gh_e7a0c8306261]]></ToUserName>
<FromUserName><![CDATA[oRj-Fs0-58f1Xolgz7rNR5ZNmCik]]></FromUserName>
<CreateTime>1464571565</CreateTime>
<MsgType><![CDATA[event]]></MsgType>
<Event><![CDATA[VIEW]]></Event>
<EventKey><![CDATA[http://www.9kpu.com/app/index.php?i=13&c=entry&eid=1]]></EventKey>
<MenuId>408332563</MenuId>
</xml>

2016-05-30 09:26:05 params :
------------
Array:
message : Array ;
module : basic ;
rule : 22 ;
priority : 0 ;
keyword : Array ;

2016-05-30 09:26:05 response :
------------
Array:
FromUserName : gh_e7a0c8306261 ;
ToUserName : oRj-Fs0-58f1Xolgz7rNR5ZNmCik ;
MsgType : text ;
Content : 欢迎关注同城学堂，点击微官网查看本学校介绍信息，家长点击学生天地绑定自己小孩信息使用，老师点击教师信息绑定自己账号使用 ;

2016-05-30 09:31:08 trace :
------------
String:
<xml><ToUserName><![CDATA[gh_e7a0c8306261]]></ToUserName>
<FromUserName><![CDATA[oRj-Fs2Og5hcQesN3spLbWYLW2MQ]]></FromUserName>
<CreateTime>1464571868</CreateTime>
<MsgType><![CDATA[event]]></MsgType>
<Event><![CDATA[VIEW]]></Event>
<EventKey><![CDATA[http://www.9kpu.com/app/index.php?i=13&c=home&]]></EventKey>
<MenuId>408332563</MenuId>
</xml>

2016-05-30 09:31:08 params :
------------
Array:
message : Array ;
module : basic ;
rule : 22 ;
priority : 0 ;
keyword : Array ;

2016-05-30 09:31:08 response :
------------
Array:
FromUserName : gh_e7a0c8306261 ;
ToUserName : oRj-Fs2Og5hcQesN3spLbWYLW2MQ ;
MsgType : text ;
Content : 欢迎关注同城学堂，点击微官网查看本学校介绍信息，家长点击学生天地绑定自己小孩信息使用，老师点击教师信息绑定自己账号使用 ;

2016-05-30 09:38:07 trace :
------------
String:
<xml><ToUserName><![CDATA[gh_e7a0c8306261]]></ToUserName>
<FromUserName><![CDATA[oRj-Fs8qDmUEEZ0jIsDIcoU5gSxI]]></FromUserName>
<CreateTime>1464572287</CreateTime>
<MsgType><![CDATA[event]]></MsgType>
<Event><![CDATA[VIEW]]></Event>
<EventKey><![CDATA[http://www.9kpu.com/app/index.php?i=13&c=entry&eid=2]]></EventKey>
<MenuId>408332563</MenuId>
</xml>

2016-05-30 09:38:07 params :
------------
Array:
message : Array ;
module : basic ;
rule : 22 ;
priority : 0 ;
keyword : Array ;

2016-05-30 09:38:07 response :
------------
Array:
FromUserName : gh_e7a0c8306261 ;
ToUserName : oRj-Fs8qDmUEEZ0jIsDIcoU5gSxI ;
MsgType : text ;
Content : 欢迎关注同城学堂，点击微官网查看本学校介绍信息，家长点击学生天地绑定自己小孩信息使用，老师点击教师信息绑定自己账号使用 ;

2016-05-30 09:38:09 trace :
------------
String:
<xml><ToUserName><![CDATA[gh_e7a0c8306261]]></ToUserName>
<FromUserName><![CDATA[oRj-Fs2Og5hcQesN3spLbWYLW2MQ]]></FromUserName>
<CreateTime>1464572289</CreateTime>
<MsgType><![CDATA[event]]></MsgType>
<Event><![CDATA[VIEW]]></Event>
<EventKey><![CDATA[http://www.9kpu.com/app/index.php?i=13&c=home&]]></EventKey>
<MenuId>408332563</MenuId>
</xml>

2016-05-30 09:38:09 params :
------------
Array:
message : Array ;
module : basic ;
rule : 22 ;
priority : 0 ;
keyword : Array ;

2016-05-30 09:38:09 response :
------------
Array:
FromUserName : gh_e7a0c8306261 ;
ToUserName : oRj-Fs2Og5hcQesN3spLbWYLW2MQ ;
MsgType : text ;
Content : 欢迎关注同城学堂，点击微官网查看本学校介绍信息，家长点击学生天地绑定自己小孩信息使用，老师点击教师信息绑定自己账号使用 ;

2016-05-30 09:38:57 trace :
------------
String:
<xml><ToUserName><![CDATA[gh_e7a0c8306261]]></ToUserName>
<FromUserName><![CDATA[oRj-Fs2Og5hcQesN3spLbWYLW2MQ]]></FromUserName>
<CreateTime>1464572337</CreateTime>
<MsgType><![CDATA[event]]></MsgType>
<Event><![CDATA[VIEW]]></Event>
<EventKey><![CDATA[http://www.9kpu.com/app/index.php?i=13&c=home&]]></EventKey>
<MenuId>408332563</MenuId>
</xml>

2016-05-30 09:38:57 params :
------------
Array:
message : Array ;
module : basic ;
rule : 22 ;
priority : 0 ;
keyword : Array ;

2016-05-30 09:38:57 response :
------------
Array:
FromUserName : gh_e7a0c8306261 ;
ToUserName : oRj-Fs2Og5hcQesN3spLbWYLW2MQ ;
MsgType : text ;
Content : 欢迎关注同城学堂，点击微官网查看本学校介绍信息，家长点击学生天地绑定自己小孩信息使用，老师点击教师信息绑定自己账号使用 ;

2016-05-30 09:40:49 trace :
------------
String:
<xml><ToUserName><![CDATA[gh_e7a0c8306261]]></ToUserName>
<FromUserName><![CDATA[oRj-Fs-PhyPTkIQtO_xnTG8cJwlQ]]></FromUserName>
<CreateTime>1464572449</CreateTime>
<MsgType><![CDATA[event]]></MsgType>
<Event><![CDATA[VIEW]]></Event>
<EventKey><![CDATA[http://www.9kpu.com/app/index.php?i=13&c=entry&eid=1]]></EventKey>
<MenuId>408332563</MenuId>
</xml>

2016-05-30 09:40:49 params :
------------
Array:
message : Array ;
module : basic ;
rule : 22 ;
priority : 0 ;
keyword : Array ;

2016-05-30 09:40:49 response :
------------
Array:
FromUserName : gh_e7a0c8306261 ;
ToUserName : oRj-Fs-PhyPTkIQtO_xnTG8cJwlQ ;
MsgType : text ;
Content : 欢迎关注同城学堂，点击微官网查看本学校介绍信息，家长点击学生天地绑定自己小孩信息使用，老师点击教师信息绑定自己账号使用 ;

2016-05-30 09:42:22 trace :
------------
String:
<xml><ToUserName><![CDATA[gh_081ee8610e82]]></ToUserName>
<FromUserName><![CDATA[ohNDtvodQbJscFvVHtC4xh757R2Y]]></FromUserName>
<CreateTime>1464572542</CreateTime>
<MsgType><![CDATA[event]]></MsgType>
<Event><![CDATA[VIEW]]></Event>
<EventKey><![CDATA[http://www.9kpu.com/app/index.php?i=4&c=entry&eid=1]]></EventKey>
<MenuId>404202786</MenuId>
</xml>

2016-05-30 09:42:22 params :
------------
Array:
message : Array ;
module : basic ;
rule : 13 ;
priority : 0 ;
keyword : Array ;

2016-05-30 09:42:22 response :
------------
Array:
FromUserName : gh_081ee8610e82 ;
ToUserName : ohNDtvodQbJscFvVHtC4xh757R2Y ;
MsgType : text ;
Content : 等你好久了，智慧微校欢迎您。如果您是来逛逛的，请点开微官网查看我们学校的介绍信息。如果您是家长，请点开学生中心，用您家孩子姓名与学号绑定，就可尽情使用微校功能。如果您是老师，请点开微办公，用系统分配的账号与密码完成绑定，使用微校完成家校互动。 ;

2016-05-30 09:45:09 trace :
------------
String:
<xml><ToUserName><![CDATA[gh_e7a0c8306261]]></ToUserName>
<FromUserName><![CDATA[oRj-Fs-PhyPTkIQtO_xnTG8cJwlQ]]></FromUserName>
<CreateTime>1464572709</CreateTime>
<MsgType><![CDATA[event]]></MsgType>
<Event><![CDATA[VIEW]]></Event>
<EventKey><![CDATA[http://www.9kpu.com/app/index.php?i=13&c=entry&eid=1]]></EventKey>
<MenuId>408332563</MenuId>
</xml>

2016-05-30 09:45:09 params :
------------
Array:
message : Array ;
module : basic ;
rule : 22 ;
priority : 0 ;
keyword : Array ;

2016-05-30 09:45:09 response :
------------
Array:
FromUserName : gh_e7a0c8306261 ;
ToUserName : oRj-Fs-PhyPTkIQtO_xnTG8cJwlQ ;
MsgType : text ;
Content : 欢迎关注同城学堂，点击微官网查看本学校介绍信息，家长点击学生天地绑定自己小孩信息使用，老师点击教师信息绑定自己账号使用 ;

2016-05-30 09:48:09 trace :
------------
String:
<xml><ToUserName><![CDATA[gh_e7a0c8306261]]></ToUserName>
<FromUserName><![CDATA[oRj-Fs-PhyPTkIQtO_xnTG8cJwlQ]]></FromUserName>
<CreateTime>1464572889</CreateTime>
<MsgType><![CDATA[event]]></MsgType>
<Event><![CDATA[VIEW]]></Event>
<EventKey><![CDATA[http://www.9kpu.com/app/index.php?i=13&c=entry&eid=1]]></EventKey>
<MenuId>408332563</MenuId>
</xml>

2016-05-30 09:48:09 params :
------------
Array:
message : Array ;
module : basic ;
rule : 22 ;
priority : 0 ;
keyword : Array ;

2016-05-30 09:48:09 response :
------------
Array:
FromUserName : gh_e7a0c8306261 ;
ToUserName : oRj-Fs-PhyPTkIQtO_xnTG8cJwlQ ;
MsgType : text ;
Content : 欢迎关注同城学堂，点击微官网查看本学校介绍信息，家长点击学生天地绑定自己小孩信息使用，老师点击教师信息绑定自己账号使用 ;

2016-05-30 09:55:18 trace :
------------
String:
<xml><ToUserName><![CDATA[gh_e7a0c8306261]]></ToUserName>
<FromUserName><![CDATA[oRj-Fs2Og5hcQesN3spLbWYLW2MQ]]></FromUserName>
<CreateTime>1464573318</CreateTime>
<MsgType><![CDATA[event]]></MsgType>
<Event><![CDATA[VIEW]]></Event>
<EventKey><![CDATA[http://www.9kpu.com/app/index.php?i=13&c=home&]]></EventKey>
<MenuId>408332563</MenuId>
</xml>

2016-05-30 09:55:18 params :
------------
Array:
message : Array ;
module : basic ;
rule : 22 ;
priority : 0 ;
keyword : Array ;

2016-05-30 09:55:18 response :
------------
Array:
FromUserName : gh_e7a0c8306261 ;
ToUserName : oRj-Fs2Og5hcQesN3spLbWYLW2MQ ;
MsgType : text ;
Content : 欢迎关注同城学堂，点击微官网查看本学校介绍信息，家长点击学生天地绑定自己小孩信息使用，老师点击教师信息绑定自己账号使用 ;

2016-05-30 09:55:28 trace :
------------
String:
<xml><ToUserName><![CDATA[gh_e7a0c8306261]]></ToUserName>
<FromUserName><![CDATA[oRj-Fs2Og5hcQesN3spLbWYLW2MQ]]></FromUserName>
<CreateTime>1464573328</CreateTime>
<MsgType><![CDATA[event]]></MsgType>
<Event><![CDATA[VIEW]]></Event>
<EventKey><![CDATA[http://www.9kpu.com/app/index.php?i=13&c=home&]]></EventKey>
<MenuId>408332563</MenuId>
</xml>

2016-05-30 09:55:28 params :
------------
Array:
message : Array ;
module : basic ;
rule : 22 ;
priority : 0 ;
keyword : Array ;

2016-05-30 09:55:28 response :
------------
Array:
FromUserName : gh_e7a0c8306261 ;
ToUserName : oRj-Fs2Og5hcQesN3spLbWYLW2MQ ;
MsgType : text ;
Content : 欢迎关注同城学堂，点击微官网查看本学校介绍信息，家长点击学生天地绑定自己小孩信息使用，老师点击教师信息绑定自己账号使用 ;

2016-05-30 10:29:45 trace :
------------
String:
<xml><ToUserName><![CDATA[gh_e7a0c8306261]]></ToUserName>
<FromUserName><![CDATA[oRj-Fs2Og5hcQesN3spLbWYLW2MQ]]></FromUserName>
<CreateTime>1464575385</CreateTime>
<MsgType><![CDATA[event]]></MsgType>
<Event><![CDATA[VIEW]]></Event>
<EventKey><![CDATA[http://www.9kpu.com/app/index.php?i=13&c=entry&eid=1]]></EventKey>
<MenuId>408332563</MenuId>
</xml>

2016-05-30 10:29:45 params :
------------
Array:
message : Array ;
module : basic ;
rule : 22 ;
priority : 0 ;
keyword : Array ;

2016-05-30 10:29:45 response :
------------
Array:
FromUserName : gh_e7a0c8306261 ;
ToUserName : oRj-Fs2Og5hcQesN3spLbWYLW2MQ ;
MsgType : text ;
Content : 欢迎关注同城学堂，点击微官网查看本学校介绍信息，家长点击学生天地绑定自己小孩信息使用，老师点击教师信息绑定自己账号使用 ;

2016-05-30 10:30:10 trace :
------------
String:
<xml><ToUserName><![CDATA[gh_e7a0c8306261]]></ToUserName>
<FromUserName><![CDATA[oRj-Fs2Og5hcQesN3spLbWYLW2MQ]]></FromUserName>
<CreateTime>1464575410</CreateTime>
<MsgType><![CDATA[event]]></MsgType>
<Event><![CDATA[VIEW]]></Event>
<EventKey><![CDATA[http://www.9kpu.com/app/index.php?i=13&c=home&]]></EventKey>
<MenuId>408332563</MenuId>
</xml>

2016-05-30 10:30:10 params :
------------
Array:
message : Array ;
module : basic ;
rule : 22 ;
priority : 0 ;
keyword : Array ;

2016-05-30 10:30:10 response :
------------
Array:
FromUserName : gh_e7a0c8306261 ;
ToUserName : oRj-Fs2Og5hcQesN3spLbWYLW2MQ ;
MsgType : text ;
Content : 欢迎关注同城学堂，点击微官网查看本学校介绍信息，家长点击学生天地绑定自己小孩信息使用，老师点击教师信息绑定自己账号使用 ;

2016-05-30 10:30:19 trace :
------------
String:
<xml><ToUserName><![CDATA[gh_e7a0c8306261]]></ToUserName>
<FromUserName><![CDATA[oRj-Fs2Og5hcQesN3spLbWYLW2MQ]]></FromUserName>
<CreateTime>1464575419</CreateTime>
<MsgType><![CDATA[event]]></MsgType>
<Event><![CDATA[VIEW]]></Event>
<EventKey><![CDATA[http://www.9kpu.com/app/index.php?i=13&c=entry&eid=2]]></EventKey>
<MenuId>408332563</MenuId>
</xml>

2016-05-30 10:30:19 params :
------------
Array:
message : Array ;
module : basic ;
rule : 22 ;
priority : 0 ;
keyword : Array ;

2016-05-30 10:30:19 response :
------------
Array:
FromUserName : gh_e7a0c8306261 ;
ToUserName : oRj-Fs2Og5hcQesN3spLbWYLW2MQ ;
MsgType : text ;
Content : 欢迎关注同城学堂，点击微官网查看本学校介绍信息，家长点击学生天地绑定自己小孩信息使用，老师点击教师信息绑定自己账号使用 ;

2016-05-30 10:30:21 trace :
------------
String:
<xml><ToUserName><![CDATA[gh_e7a0c8306261]]></ToUserName>
<FromUserName><![CDATA[oRj-Fs2Og5hcQesN3spLbWYLW2MQ]]></FromUserName>
<CreateTime>1464575421</CreateTime>
<MsgType><![CDATA[event]]></MsgType>
<Event><![CDATA[VIEW]]></Event>
<EventKey><![CDATA[http://www.9kpu.com/app/index.php?i=13&c=entry&eid=1]]></EventKey>
<MenuId>408332563</MenuId>
</xml>

2016-05-30 10:30:21 params :
------------
Array:
message : Array ;
module : basic ;
rule : 22 ;
priority : 0 ;
keyword : Array ;

2016-05-30 10:30:21 response :
------------
Array:
FromUserName : gh_e7a0c8306261 ;
ToUserName : oRj-Fs2Og5hcQesN3spLbWYLW2MQ ;
MsgType : text ;
Content : 欢迎关注同城学堂，点击微官网查看本学校介绍信息，家长点击学生天地绑定自己小孩信息使用，老师点击教师信息绑定自己账号使用 ;

2016-05-30 10:37:59 trace :
------------
String:
<xml><ToUserName><![CDATA[gh_e7a0c8306261]]></ToUserName>
<FromUserName><![CDATA[oRj-Fs2Og5hcQesN3spLbWYLW2MQ]]></FromUserName>
<CreateTime>1464575879</CreateTime>
<MsgType><![CDATA[event]]></MsgType>
<Event><![CDATA[VIEW]]></Event>
<EventKey><![CDATA[http://www.9kpu.com/app/index.php?i=13&c=entry&eid=1]]></EventKey>
<MenuId>408332563</MenuId>
</xml>

2016-05-30 10:37:59 params :
------------
Array:
message : Array ;
module : basic ;
rule : 22 ;
priority : 0 ;
keyword : Array ;

2016-05-30 10:37:59 response :
------------
Array:
FromUserName : gh_e7a0c8306261 ;
ToUserName : oRj-Fs2Og5hcQesN3spLbWYLW2MQ ;
MsgType : text ;
Content : 欢迎关注同城学堂，点击微官网查看本学校介绍信息，家长点击学生天地绑定自己小孩信息使用，老师点击教师信息绑定自己账号使用 ;

2016-05-30 10:39:08 trace :
------------
String:
<xml><ToUserName><![CDATA[gh_e7a0c8306261]]></ToUserName>
<FromUserName><![CDATA[oRj-Fs2trqsKLtJAmxc05he785TE]]></FromUserName>
<CreateTime>1464575948</CreateTime>
<MsgType><![CDATA[event]]></MsgType>
<Event><![CDATA[TEMPLATESENDJOBFINISH]]></Event>
<MsgID>408395976</MsgID>
<Status><![CDATA[success]]></Status>
</xml>

2016-05-30 10:39:08 params :
------------
Array:
message : Array ;
module : basic ;
rule : 22 ;
priority : 0 ;
keyword : Array ;

2016-05-30 10:39:08 response :
------------
Array:
FromUserName : gh_e7a0c8306261 ;
ToUserName : oRj-Fs2trqsKLtJAmxc05he785TE ;
MsgType : text ;
Content : 欢迎关注同城学堂，点击微官网查看本学校介绍信息，家长点击学生天地绑定自己小孩信息使用，老师点击教师信息绑定自己账号使用 ;

2016-05-30 10:39:09 trace :
------------
String:
<xml><ToUserName><![CDATA[gh_e7a0c8306261]]></ToUserName>
<FromUserName><![CDATA[oRj-Fs73-gNVAMBSuBIdn6H_G5H8]]></FromUserName>
<CreateTime>1464575948</CreateTime>
<MsgType><![CDATA[event]]></MsgType>
<Event><![CDATA[TEMPLATESENDJOBFINISH]]></Event>
<MsgID>408395977</MsgID>
<Status><![CDATA[success]]></Status>
</xml>

2016-05-30 10:39:09 params :
------------
Array:
message : Array ;
module : basic ;
rule : 22 ;
priority : 0 ;
keyword : Array ;

2016-05-30 10:39:09 response :
------------
Array:
FromUserName : gh_e7a0c8306261 ;
ToUserName : oRj-Fs73-gNVAMBSuBIdn6H_G5H8 ;
MsgType : text ;
Content : 欢迎关注同城学堂，点击微官网查看本学校介绍信息，家长点击学生天地绑定自己小孩信息使用，老师点击教师信息绑定自己账号使用 ;

2016-05-30 10:39:10 trace :
------------
String:
<xml><ToUserName><![CDATA[gh_e7a0c8306261]]></ToUserName>
<FromUserName><![CDATA[oRj-Fs96hybsuDhEMucbU2caOPi8]]></FromUserName>
<CreateTime>1464575949</CreateTime>
<MsgType><![CDATA[event]]></MsgType>
<Event><![CDATA[TEMPLATESENDJOBFINISH]]></Event>
<MsgID>408395979</MsgID>
<Status><![CDATA[success]]></Status>
</xml>

2016-05-30 10:39:10 params :
------------
Array:
message : Array ;
module : basic ;
rule : 22 ;
priority : 0 ;
keyword : Array ;

2016-05-30 10:39:10 response :
------------
Array:
FromUserName : gh_e7a0c8306261 ;
ToUserName : oRj-Fs96hybsuDhEMucbU2caOPi8 ;
MsgType : text ;
Content : 欢迎关注同城学堂，点击微官网查看本学校介绍信息，家长点击学生天地绑定自己小孩信息使用，老师点击教师信息绑定自己账号使用 ;

2016-05-30 10:39:11 trace :
------------
String:
<xml><ToUserName><![CDATA[gh_e7a0c8306261]]></ToUserName>
<FromUserName><![CDATA[oRj-Fsx19g3KRG3G-UQJaHaoZB18]]></FromUserName>
<CreateTime>1464575950</CreateTime>
<MsgType><![CDATA[event]]></MsgType>
<Event><![CDATA[TEMPLATESENDJOBFINISH]]></Event>
<MsgID>408395982</MsgID>
<Status><![CDATA[failed:user block]]></Status>
</xml>

2016-05-30 10:39:11 params :
------------
Array:
message : Array ;
module : basic ;
rule : 22 ;
priority : 0 ;
keyword : Array ;

2016-05-30 10:39:11 response :
------------
Array:
FromUserName : gh_e7a0c8306261 ;
ToUserName : oRj-Fsx19g3KRG3G-UQJaHaoZB18 ;
MsgType : text ;
Content : 欢迎关注同城学堂，点击微官网查看本学校介绍信息，家长点击学生天地绑定自己小孩信息使用，老师点击教师信息绑定自己账号使用 ;

2016-05-30 10:39:12 trace :
------------
String:
<xml><ToUserName><![CDATA[gh_e7a0c8306261]]></ToUserName>
<FromUserName><![CDATA[oRj-Fs2Og5hcQesN3spLbWYLW2MQ]]></FromUserName>
<CreateTime>1464575951</CreateTime>
<MsgType><![CDATA[event]]></MsgType>
<Event><![CDATA[TEMPLATESENDJOBFINISH]]></Event>
<MsgID>408395985</MsgID>
<Status><![CDATA[success]]></Status>
</xml>

2016-05-30 10:39:12 params :
------------
Array:
message : Array ;
module : basic ;
rule : 22 ;
priority : 0 ;
keyword : Array ;

2016-05-30 10:39:12 response :
------------
Array:
FromUserName : gh_e7a0c8306261 ;
ToUserName : oRj-Fs2Og5hcQesN3spLbWYLW2MQ ;
MsgType : text ;
Content : 欢迎关注同城学堂，点击微官网查看本学校介绍信息，家长点击学生天地绑定自己小孩信息使用，老师点击教师信息绑定自己账号使用 ;

2016-05-30 10:39:13 trace :
------------
String:
<xml><ToUserName><![CDATA[gh_e7a0c8306261]]></ToUserName>
<FromUserName><![CDATA[oRj-Fs7jLF8IDp-EPkSQ27dcgipY]]></FromUserName>
<CreateTime>1464575952</CreateTime>
<MsgType><![CDATA[event]]></MsgType>
<Event><![CDATA[TEMPLATESENDJOBFINISH]]></Event>
<MsgID>408395988</MsgID>
<Status><![CDATA[success]]></Status>
</xml>

2016-05-30 10:39:13 params :
------------
Array:
message : Array ;
module : basic ;
rule : 22 ;
priority : 0 ;
keyword : Array ;

2016-05-30 10:39:13 response :
------------
Array:
FromUserName : gh_e7a0c8306261 ;
ToUserName : oRj-Fs7jLF8IDp-EPkSQ27dcgipY ;
MsgType : text ;
Content : 欢迎关注同城学堂，点击微官网查看本学校介绍信息，家长点击学生天地绑定自己小孩信息使用，老师点击教师信息绑定自己账号使用 ;

2016-05-30 10:39:14 trace :
------------
String:
<xml><ToUserName><![CDATA[gh_e7a0c8306261]]></ToUserName>
<FromUserName><![CDATA[oRj-Fs5nka0TNOrw9JUEogJ8gX_o]]></FromUserName>
<CreateTime>1464575953</CreateTime>
<MsgType><![CDATA[event]]></MsgType>
<Event><![CDATA[TEMPLATESENDJOBFINISH]]></Event>
<MsgID>408395990</MsgID>
<Status><![CDATA[success]]></Status>
</xml>

2016-05-30 10:39:14 params :
------------
Array:
message : Array ;
module : basic ;
rule : 22 ;
priority : 0 ;
keyword : Array ;

2016-05-30 10:39:14 response :
------------
Array:
FromUserName : gh_e7a0c8306261 ;
ToUserName : oRj-Fs5nka0TNOrw9JUEogJ8gX_o ;
MsgType : text ;
Content : 欢迎关注同城学堂，点击微官网查看本学校介绍信息，家长点击学生天地绑定自己小孩信息使用，老师点击教师信息绑定自己账号使用 ;

2016-05-30 10:39:15 trace :
------------
String:
<xml><ToUserName><![CDATA[gh_e7a0c8306261]]></ToUserName>
<FromUserName><![CDATA[oRj-Fs5QjtciVl9kBRfKQQiKibmI]]></FromUserName>
<CreateTime>1464575955</CreateTime>
<MsgType><![CDATA[event]]></MsgType>
<Event><![CDATA[TEMPLATESENDJOBFINISH]]></Event>
<MsgID>408395991</MsgID>
<Status><![CDATA[success]]></Status>
</xml>

2016-05-30 10:39:15 params :
------------
Array:
message : Array ;
module : basic ;
rule : 22 ;
priority : 0 ;
keyword : Array ;

2016-05-30 10:39:15 response :
------------
Array:
FromUserName : gh_e7a0c8306261 ;
ToUserName : oRj-Fs5QjtciVl9kBRfKQQiKibmI ;
MsgType : text ;
Content : 欢迎关注同城学堂，点击微官网查看本学校介绍信息，家长点击学生天地绑定自己小孩信息使用，老师点击教师信息绑定自己账号使用 ;

2016-05-30 10:39:16 trace :
------------
String:
<xml><ToUserName><![CDATA[gh_e7a0c8306261]]></ToUserName>
<FromUserName><![CDATA[oRj-Fs4KVCW7NffCHNOWH-s4TUeU]]></FromUserName>
<CreateTime>1464575955</CreateTime>
<MsgType><![CDATA[event]]></MsgType>
<Event><![CDATA[TEMPLATESENDJOBFINISH]]></Event>
<MsgID>408395994</MsgID>
<Status><![CDATA[success]]></Status>
</xml>

2016-05-30 10:39:16 params :
------------
Array:
message : Array ;
module : basic ;
rule : 22 ;
priority : 0 ;
keyword : Array ;

2016-05-30 10:39:16 response :
------------
Array:
FromUserName : gh_e7a0c8306261 ;
ToUserName : oRj-Fs4KVCW7NffCHNOWH-s4TUeU ;
MsgType : text ;
Content : 欢迎关注同城学堂，点击微官网查看本学校介绍信息，家长点击学生天地绑定自己小孩信息使用，老师点击教师信息绑定自己账号使用 ;

2016-05-30 10:39:17 trace :
------------
String:
<xml><ToUserName><![CDATA[gh_e7a0c8306261]]></ToUserName>
<FromUserName><![CDATA[oRj-Fs8qDmUEEZ0jIsDIcoU5gSxI]]></FromUserName>
<CreateTime>1464575956</CreateTime>
<MsgType><![CDATA[event]]></MsgType>
<Event><![CDATA[TEMPLATESENDJOBFINISH]]></Event>
<MsgID>408395995</MsgID>
<Status><![CDATA[success]]></Status>
</xml>

2016-05-30 10:39:17 params :
------------
Array:
message : Array ;
module : basic ;
rule : 22 ;
priority : 0 ;
keyword : Array ;

2016-05-30 10:39:17 response :
------------
Array:
FromUserName : gh_e7a0c8306261 ;
ToUserName : oRj-Fs8qDmUEEZ0jIsDIcoU5gSxI ;
MsgType : text ;
Content : 欢迎关注同城学堂，点击微官网查看本学校介绍信息，家长点击学生天地绑定自己小孩信息使用，老师点击教师信息绑定自己账号使用 ;

2016-05-30 10:39:18 trace :
------------
String:
<xml><ToUserName><![CDATA[gh_e7a0c8306261]]></ToUserName>
<FromUserName><![CDATA[oRj-Fs-PhyPTkIQtO_xnTG8cJwlQ]]></FromUserName>
<CreateTime>1464575957</CreateTime>
<MsgType><![CDATA[event]]></MsgType>
<Event><![CDATA[TEMPLATESENDJOBFINISH]]></Event>
<MsgID>408395998</MsgID>
<Status><![CDATA[success]]></Status>
</xml>

2016-05-30 10:39:18 params :
------------
Array:
message : Array ;
module : basic ;
rule : 22 ;
priority : 0 ;
keyword : Array ;

2016-05-30 10:39:18 response :
------------
Array:
FromUserName : gh_e7a0c8306261 ;
ToUserName : oRj-Fs-PhyPTkIQtO_xnTG8cJwlQ ;
MsgType : text ;
Content : 欢迎关注同城学堂，点击微官网查看本学校介绍信息，家长点击学生天地绑定自己小孩信息使用，老师点击教师信息绑定自己账号使用 ;

2016-05-30 10:43:45 trace :
------------
String:
<xml><ToUserName><![CDATA[gh_081ee8610e82]]></ToUserName>
<FromUserName><![CDATA[ohNDtvvAu3je4PeictiuLIaO4daU]]></FromUserName>
<CreateTime>1464576225</CreateTime>
<MsgType><![CDATA[event]]></MsgType>
<Event><![CDATA[VIEW]]></Event>
<EventKey><![CDATA[http://www.9kpu.com/app/index.php?i=4&c=entry&eid=2]]></EventKey>
<MenuId>404202786</MenuId>
</xml>

2016-05-30 10:43:45 params :
------------
Array:
message : Array ;
module : basic ;
rule : 13 ;
priority : 0 ;
keyword : Array ;

2016-05-30 10:43:45 response :
------------
Array:
FromUserName : gh_081ee8610e82 ;
ToUserName : ohNDtvvAu3je4PeictiuLIaO4daU ;
MsgType : text ;
Content : 等你好久了，智慧微校欢迎您。如果您是来逛逛的，请点开微官网查看我们学校的介绍信息。如果您是家长，请点开学生中心，用您家孩子姓名与学号绑定，就可尽情使用微校功能。如果您是老师，请点开微办公，用系统分配的账号与密码完成绑定，使用微校完成家校互动。 ;

2016-05-30 14:26:03 trace :
------------
String:
<xml><ToUserName><![CDATA[gh_081ee8610e82]]></ToUserName>
<FromUserName><![CDATA[ohNDtvrpzdE_H4JSsPQJQsYNA12Y]]></FromUserName>
<CreateTime>1464589563</CreateTime>
<MsgType><![CDATA[event]]></MsgType>
<Event><![CDATA[VIEW]]></Event>
<EventKey><![CDATA[http://www.9kpu.com/app/index.php?i=4&c=entry&eid=2]]></EventKey>
<MenuId>404202786</MenuId>
</xml>

2016-05-30 14:26:03 params :
------------
Array:
message : Array ;
module : basic ;
rule : 13 ;
priority : 0 ;
keyword : Array ;

2016-05-30 14:26:03 response :
------------
Array:
FromUserName : gh_081ee8610e82 ;
ToUserName : ohNDtvrpzdE_H4JSsPQJQsYNA12Y ;
MsgType : text ;
Content : 等你好久了，智慧微校欢迎您。如果您是来逛逛的，请点开微官网查看我们学校的介绍信息。如果您是家长，请点开学生中心，用您家孩子姓名与学号绑定，就可尽情使用微校功能。如果您是老师，请点开微办公，用系统分配的账号与密码完成绑定，使用微校完成家校互动。 ;

2016-05-30 14:26:11 trace :
------------
String:
<xml><ToUserName><![CDATA[gh_081ee8610e82]]></ToUserName>
<FromUserName><![CDATA[ohNDtvrpzdE_H4JSsPQJQsYNA12Y]]></FromUserName>
<CreateTime>1464589571</CreateTime>
<MsgType><![CDATA[event]]></MsgType>
<Event><![CDATA[VIEW]]></Event>
<EventKey><![CDATA[http://www.9kpu.com/app/index.php?i=4&c=entry&eid=1]]></EventKey>
<MenuId>404202786</MenuId>
</xml>

2016-05-30 14:26:11 params :
------------
Array:
message : Array ;
module : basic ;
rule : 13 ;
priority : 0 ;
keyword : Array ;

2016-05-30 14:26:11 response :
------------
Array:
FromUserName : gh_081ee8610e82 ;
ToUserName : ohNDtvrpzdE_H4JSsPQJQsYNA12Y ;
MsgType : text ;
Content : 等你好久了，智慧微校欢迎您。如果您是来逛逛的，请点开微官网查看我们学校的介绍信息。如果您是家长，请点开学生中心，用您家孩子姓名与学号绑定，就可尽情使用微校功能。如果您是老师，请点开微办公，用系统分配的账号与密码完成绑定，使用微校完成家校互动。 ;

2016-05-30 14:46:13 trace :
------------
String:
<xml><ToUserName><![CDATA[gh_081ee8610e82]]></ToUserName>
<FromUserName><![CDATA[ohNDtvrpzdE_H4JSsPQJQsYNA12Y]]></FromUserName>
<CreateTime>1464590773</CreateTime>
<MsgType><![CDATA[event]]></MsgType>
<Event><![CDATA[VIEW]]></Event>
<EventKey><![CDATA[http://www.9kpu.com/app/index.php?i=4&c=entry&eid=1]]></EventKey>
<MenuId>404202786</MenuId>
</xml>

2016-05-30 14:46:13 params :
------------
Array:
message : Array ;
module : basic ;
rule : 13 ;
priority : 0 ;
keyword : Array ;

2016-05-30 14:46:13 response :
------------
Array:
FromUserName : gh_081ee8610e82 ;
ToUserName : ohNDtvrpzdE_H4JSsPQJQsYNA12Y ;
MsgType : text ;
Content : 等你好久了，智慧微校欢迎您。如果您是来逛逛的，请点开微官网查看我们学校的介绍信息。如果您是家长，请点开学生中心，用您家孩子姓名与学号绑定，就可尽情使用微校功能。如果您是老师，请点开微办公，用系统分配的账号与密码完成绑定，使用微校完成家校互动。 ;

2016-05-30 15:02:16 trace :
------------
String:
<xml><ToUserName><![CDATA[gh_e7a0c8306261]]></ToUserName>
<FromUserName><![CDATA[oRj-Fs-PhyPTkIQtO_xnTG8cJwlQ]]></FromUserName>
<CreateTime>1464591736</CreateTime>
<MsgType><![CDATA[event]]></MsgType>
<Event><![CDATA[VIEW]]></Event>
<EventKey><![CDATA[http://www.9kpu.com/app/index.php?i=13&c=entry&eid=1]]></EventKey>
<MenuId>408332563</MenuId>
</xml>

2016-05-30 15:02:16 params :
------------
Array:
message : Array ;
module : basic ;
rule : 22 ;
priority : 0 ;
keyword : Array ;

2016-05-30 15:02:16 response :
------------
Array:
FromUserName : gh_e7a0c8306261 ;
ToUserName : oRj-Fs-PhyPTkIQtO_xnTG8cJwlQ ;
MsgType : text ;
Content : 欢迎关注同城学堂，点击微官网查看本学校介绍信息，家长点击学生天地绑定自己小孩信息使用，老师点击教师信息绑定自己账号使用 ;

2016-05-30 15:03:50 trace :
------------
String:
<xml><ToUserName><![CDATA[gh_e7a0c8306261]]></ToUserName>
<FromUserName><![CDATA[oRj-Fs2trqsKLtJAmxc05he785TE]]></FromUserName>
<CreateTime>1464591830</CreateTime>
<MsgType><![CDATA[event]]></MsgType>
<Event><![CDATA[TEMPLATESENDJOBFINISH]]></Event>
<MsgID>408406543</MsgID>
<Status><![CDATA[success]]></Status>
</xml>

2016-05-30 15:03:50 params :
------------
Array:
message : Array ;
module : basic ;
rule : 22 ;
priority : 0 ;
keyword : Array ;

2016-05-30 15:03:50 response :
------------
Array:
FromUserName : gh_e7a0c8306261 ;
ToUserName : oRj-Fs2trqsKLtJAmxc05he785TE ;
MsgType : text ;
Content : 欢迎关注同城学堂，点击微官网查看本学校介绍信息，家长点击学生天地绑定自己小孩信息使用，老师点击教师信息绑定自己账号使用 ;

2016-05-30 15:03:51 trace :
------------
String:
<xml><ToUserName><![CDATA[gh_e7a0c8306261]]></ToUserName>
<FromUserName><![CDATA[oRj-Fs73-gNVAMBSuBIdn6H_G5H8]]></FromUserName>
<CreateTime>1464591831</CreateTime>
<MsgType><![CDATA[event]]></MsgType>
<Event><![CDATA[TEMPLATESENDJOBFINISH]]></Event>
<MsgID>408406546</MsgID>
<Status><![CDATA[success]]></Status>
</xml>

2016-05-30 15:03:51 params :
------------
Array:
message : Array ;
module : basic ;
rule : 22 ;
priority : 0 ;
keyword : Array ;

2016-05-30 15:03:51 response :
------------
Array:
FromUserName : gh_e7a0c8306261 ;
ToUserName : oRj-Fs73-gNVAMBSuBIdn6H_G5H8 ;
MsgType : text ;
Content : 欢迎关注同城学堂，点击微官网查看本学校介绍信息，家长点击学生天地绑定自己小孩信息使用，老师点击教师信息绑定自己账号使用 ;

2016-05-30 15:03:54 trace :
------------
String:
<xml><ToUserName><![CDATA[gh_e7a0c8306261]]></ToUserName>
<FromUserName><![CDATA[oRj-Fs_t3g7L7mxDZkBsReAJQj4Y]]></FromUserName>
<CreateTime>1464591834</CreateTime>
<MsgType><![CDATA[event]]></MsgType>
<Event><![CDATA[TEMPLATESENDJOBFINISH]]></Event>
<MsgID>408406550</MsgID>
<Status><![CDATA[success]]></Status>
</xml>

2016-05-30 15:03:54 params :
------------
Array:
message : Array ;
module : basic ;
rule : 22 ;
priority : 0 ;
keyword : Array ;

2016-05-30 15:03:54 response :
------------
Array:
FromUserName : gh_e7a0c8306261 ;
ToUserName : oRj-Fs_t3g7L7mxDZkBsReAJQj4Y ;
MsgType : text ;
Content : 欢迎关注同城学堂，点击微官网查看本学校介绍信息，家长点击学生天地绑定自己小孩信息使用，老师点击教师信息绑定自己账号使用 ;

2016-05-30 15:03:55 trace :
------------
String:
<xml><ToUserName><![CDATA[gh_e7a0c8306261]]></ToUserName>
<FromUserName><![CDATA[oRj-Fs96hybsuDhEMucbU2caOPi8]]></FromUserName>
<CreateTime>1464591835</CreateTime>
<MsgType><![CDATA[event]]></MsgType>
<Event><![CDATA[TEMPLATESENDJOBFINISH]]></Event>
<MsgID>408406552</MsgID>
<Status><![CDATA[success]]></Status>
</xml>

2016-05-30 15:03:55 params :
------------
Array:
message : Array ;
module : basic ;
rule : 22 ;
priority : 0 ;
keyword : Array ;

2016-05-30 15:03:55 response :
------------
Array:
FromUserName : gh_e7a0c8306261 ;
ToUserName : oRj-Fs96hybsuDhEMucbU2caOPi8 ;
MsgType : text ;
Content : 欢迎关注同城学堂，点击微官网查看本学校介绍信息，家长点击学生天地绑定自己小孩信息使用，老师点击教师信息绑定自己账号使用 ;

2016-05-30 15:03:56 trace :
------------
String:
<xml><ToUserName><![CDATA[gh_e7a0c8306261]]></ToUserName>
<FromUserName><![CDATA[oRj-Fsx19g3KRG3G-UQJaHaoZB18]]></FromUserName>
<CreateTime>1464591836</CreateTime>
<MsgType><![CDATA[event]]></MsgType>
<Event><![CDATA[TEMPLATESENDJOBFINISH]]></Event>
<MsgID>408406555</MsgID>
<Status><![CDATA[failed:user block]]></Status>
</xml>

2016-05-30 15:03:56 params :
------------
Array:
message : Array ;
module : basic ;
rule : 22 ;
priority : 0 ;
keyword : Array ;

2016-05-30 15:03:56 response :
------------
Array:
FromUserName : gh_e7a0c8306261 ;
ToUserName : oRj-Fsx19g3KRG3G-UQJaHaoZB18 ;
MsgType : text ;
Content : 欢迎关注同城学堂，点击微官网查看本学校介绍信息，家长点击学生天地绑定自己小孩信息使用，老师点击教师信息绑定自己账号使用 ;

2016-05-30 15:03:57 trace :
------------
String:
<xml><ToUserName><![CDATA[gh_e7a0c8306261]]></ToUserName>
<FromUserName><![CDATA[oRj-Fs_t3g7L7mxDZkBsReAJQj4Y]]></FromUserName>
<CreateTime>1464591837</CreateTime>
<MsgType><![CDATA[event]]></MsgType>
<Event><![CDATA[TEMPLATESENDJOBFINISH]]></Event>
<MsgID>408406556</MsgID>
<Status><![CDATA[success]]></Status>
</xml>

2016-05-30 15:03:57 params :
------------
Array:
message : Array ;
module : basic ;
rule : 22 ;
priority : 0 ;
keyword : Array ;

2016-05-30 15:03:57 response :
------------
Array:
FromUserName : gh_e7a0c8306261 ;
ToUserName : oRj-Fs_t3g7L7mxDZkBsReAJQj4Y ;
MsgType : text ;
Content : 欢迎关注同城学堂，点击微官网查看本学校介绍信息，家长点击学生天地绑定自己小孩信息使用，老师点击教师信息绑定自己账号使用 ;

2016-05-30 15:03:58 trace :
------------
String:
<xml><ToUserName><![CDATA[gh_e7a0c8306261]]></ToUserName>
<FromUserName><![CDATA[oRj-Fs2Og5hcQesN3spLbWYLW2MQ]]></FromUserName>
<CreateTime>1464591838</CreateTime>
<MsgType><![CDATA[event]]></MsgType>
<Event><![CDATA[TEMPLATESENDJOBFINISH]]></Event>
<MsgID>408406559</MsgID>
<Status><![CDATA[success]]></Status>
</xml>

2016-05-30 15:03:58 params :
------------
Array:
message : Array ;
module : basic ;
rule : 22 ;
priority : 0 ;
keyword : Array ;

2016-05-30 15:03:58 response :
------------
Array:
FromUserName : gh_e7a0c8306261 ;
ToUserName : oRj-Fs2Og5hcQesN3spLbWYLW2MQ ;
MsgType : text ;
Content : 欢迎关注同城学堂，点击微官网查看本学校介绍信息，家长点击学生天地绑定自己小孩信息使用，老师点击教师信息绑定自己账号使用 ;

2016-05-30 15:03:59 trace :
------------
String:
<xml><ToUserName><![CDATA[gh_e7a0c8306261]]></ToUserName>
<FromUserName><![CDATA[oRj-Fs7jLF8IDp-EPkSQ27dcgipY]]></FromUserName>
<CreateTime>1464591839</CreateTime>
<MsgType><![CDATA[event]]></MsgType>
<Event><![CDATA[TEMPLATESENDJOBFINISH]]></Event>
<MsgID>408406560</MsgID>
<Status><![CDATA[success]]></Status>
</xml>

2016-05-30 15:03:59 params :
------------
Array:
message : Array ;
module : basic ;
rule : 22 ;
priority : 0 ;
keyword : Array ;

2016-05-30 15:03:59 response :
------------
Array:
FromUserName : gh_e7a0c8306261 ;
ToUserName : oRj-Fs7jLF8IDp-EPkSQ27dcgipY ;
MsgType : text ;
Content : 欢迎关注同城学堂，点击微官网查看本学校介绍信息，家长点击学生天地绑定自己小孩信息使用，老师点击教师信息绑定自己账号使用 ;

2016-05-30 15:04:00 trace :
------------
String:
<xml><ToUserName><![CDATA[gh_e7a0c8306261]]></ToUserName>
<FromUserName><![CDATA[oRj-Fs5nka0TNOrw9JUEogJ8gX_o]]></FromUserName>
<CreateTime>1464591840</CreateTime>
<MsgType><![CDATA[event]]></MsgType>
<Event><![CDATA[TEMPLATESENDJOBFINISH]]></Event>
<MsgID>408406562</MsgID>
<Status><![CDATA[success]]></Status>
</xml>

2016-05-30 15:04:00 params :
------------
Array:
message : Array ;
module : basic ;
rule : 22 ;
priority : 0 ;
keyword : Array ;

2016-05-30 15:04:00 response :
------------
Array:
FromUserName : gh_e7a0c8306261 ;
ToUserName : oRj-Fs5nka0TNOrw9JUEogJ8gX_o ;
MsgType : text ;
Content : 欢迎关注同城学堂，点击微官网查看本学校介绍信息，家长点击学生天地绑定自己小孩信息使用，老师点击教师信息绑定自己账号使用 ;

2016-05-30 15:04:01 trace :
------------
String:
<xml><ToUserName><![CDATA[gh_e7a0c8306261]]></ToUserName>
<FromUserName><![CDATA[oRj-Fs5QjtciVl9kBRfKQQiKibmI]]></FromUserName>
<CreateTime>1464591841</CreateTime>
<MsgType><![CDATA[event]]></MsgType>
<Event><![CDATA[TEMPLATESENDJOBFINISH]]></Event>
<MsgID>408406564</MsgID>
<Status><![CDATA[success]]></Status>
</xml>

2016-05-30 15:04:01 params :
------------
Array:
message : Array ;
module : basic ;
rule : 22 ;
priority : 0 ;
keyword : Array ;

2016-05-30 15:04:01 response :
------------
Array:
FromUserName : gh_e7a0c8306261 ;
ToUserName : oRj-Fs5QjtciVl9kBRfKQQiKibmI ;
MsgType : text ;
Content : 欢迎关注同城学堂，点击微官网查看本学校介绍信息，家长点击学生天地绑定自己小孩信息使用，老师点击教师信息绑定自己账号使用 ;

2016-05-30 15:04:03 trace :
------------
String:
<xml><ToUserName><![CDATA[gh_e7a0c8306261]]></ToUserName>
<FromUserName><![CDATA[oRj-Fs4KVCW7NffCHNOWH-s4TUeU]]></FromUserName>
<CreateTime>1464591843</CreateTime>
<MsgType><![CDATA[event]]></MsgType>
<Event><![CDATA[TEMPLATESENDJOBFINISH]]></Event>
<MsgID>408406571</MsgID>
<Status><![CDATA[success]]></Status>
</xml>

2016-05-30 15:04:03 params :
------------
Array:
message : Array ;
module : basic ;
rule : 22 ;
priority : 0 ;
keyword : Array ;

2016-05-30 15:04:03 response :
------------
Array:
FromUserName : gh_e7a0c8306261 ;
ToUserName : oRj-Fs4KVCW7NffCHNOWH-s4TUeU ;
MsgType : text ;
Content : 欢迎关注同城学堂，点击微官网查看本学校介绍信息，家长点击学生天地绑定自己小孩信息使用，老师点击教师信息绑定自己账号使用 ;

2016-05-30 15:04:03 trace :
------------
String:
<xml><ToUserName><![CDATA[gh_e7a0c8306261]]></ToUserName>
<FromUserName><![CDATA[oRj-Fs0-58f1Xolgz7rNR5ZNmCik]]></FromUserName>
<CreateTime>1464591833</CreateTime>
<MsgType><![CDATA[event]]></MsgType>
<Event><![CDATA[TEMPLATESENDJOBFINISH]]></Event>
<MsgID>408406549</MsgID>
<Status><![CDATA[success]]></Status>
</xml>

2016-05-30 15:04:03 params :
------------
Array:
message : Array ;
module : basic ;
rule : 22 ;
priority : 0 ;
keyword : Array ;

2016-05-30 15:04:03 response :
------------
Array:
FromUserName : gh_e7a0c8306261 ;
ToUserName : oRj-Fs0-58f1Xolgz7rNR5ZNmCik ;
MsgType : text ;
Content : 欢迎关注同城学堂，点击微官网查看本学校介绍信息，家长点击学生天地绑定自己小孩信息使用，老师点击教师信息绑定自己账号使用 ;

2016-05-30 15:04:04 trace :
------------
String:
<xml><ToUserName><![CDATA[gh_e7a0c8306261]]></ToUserName>
<FromUserName><![CDATA[oRj-Fs8qDmUEEZ0jIsDIcoU5gSxI]]></FromUserName>
<CreateTime>1464591844</CreateTime>
<MsgType><![CDATA[event]]></MsgType>
<Event><![CDATA[TEMPLATESENDJOBFINISH]]></Event>
<MsgID>408406572</MsgID>
<Status><![CDATA[success]]></Status>
</xml>

2016-05-30 15:04:04 params :
------------
Array:
message : Array ;
module : basic ;
rule : 22 ;
priority : 0 ;
keyword : Array ;

2016-05-30 15:04:04 response :
------------
Array:
FromUserName : gh_e7a0c8306261 ;
ToUserName : oRj-Fs8qDmUEEZ0jIsDIcoU5gSxI ;
MsgType : text ;
Content : 欢迎关注同城学堂，点击微官网查看本学校介绍信息，家长点击学生天地绑定自己小孩信息使用，老师点击教师信息绑定自己账号使用 ;

2016-05-30 15:04:05 trace :
------------
String:
<xml><ToUserName><![CDATA[gh_e7a0c8306261]]></ToUserName>
<FromUserName><![CDATA[oRj-Fs-PhyPTkIQtO_xnTG8cJwlQ]]></FromUserName>
<CreateTime>1464591845</CreateTime>
<MsgType><![CDATA[event]]></MsgType>
<Event><![CDATA[TEMPLATESENDJOBFINISH]]></Event>
<MsgID>408406573</MsgID>
<Status><![CDATA[success]]></Status>
</xml>

2016-05-30 15:04:05 params :
------------
Array:
message : Array ;
module : basic ;
rule : 22 ;
priority : 0 ;
keyword : Array ;

2016-05-30 15:04:05 response :
------------
Array:
FromUserName : gh_e7a0c8306261 ;
ToUserName : oRj-Fs-PhyPTkIQtO_xnTG8cJwlQ ;
MsgType : text ;
Content : 欢迎关注同城学堂，点击微官网查看本学校介绍信息，家长点击学生天地绑定自己小孩信息使用，老师点击教师信息绑定自己账号使用 ;

2016-05-30 15:14:30 trace :
------------
String:
<xml><ToUserName><![CDATA[gh_e7a0c8306261]]></ToUserName>
<FromUserName><![CDATA[oRj-Fs2Og5hcQesN3spLbWYLW2MQ]]></FromUserName>
<CreateTime>1464592470</CreateTime>
<MsgType><![CDATA[event]]></MsgType>
<Event><![CDATA[VIEW]]></Event>
<EventKey><![CDATA[http://www.9kpu.com/app/index.php?i=13&c=home&]]></EventKey>
<MenuId>408332563</MenuId>
</xml>

2016-05-30 15:14:30 params :
------------
Array:
message : Array ;
module : basic ;
rule : 22 ;
priority : 0 ;
keyword : Array ;

2016-05-30 15:14:30 response :
------------
Array:
FromUserName : gh_e7a0c8306261 ;
ToUserName : oRj-Fs2Og5hcQesN3spLbWYLW2MQ ;
MsgType : text ;
Content : 欢迎关注同城学堂，点击微官网查看本学校介绍信息，家长点击学生天地绑定自己小孩信息使用，老师点击教师信息绑定自己账号使用 ;

2016-05-30 15:17:47 trace :
------------
String:
<xml><ToUserName><![CDATA[gh_e7a0c8306261]]></ToUserName>
<FromUserName><![CDATA[oRj-Fs2Og5hcQesN3spLbWYLW2MQ]]></FromUserName>
<CreateTime>1464592667</CreateTime>
<MsgType><![CDATA[event]]></MsgType>
<Event><![CDATA[VIEW]]></Event>
<EventKey><![CDATA[http://www.9kpu.com/app/index.php?i=13&c=entry&eid=2]]></EventKey>
<MenuId>408332563</MenuId>
</xml>

2016-05-30 15:17:47 params :
------------
Array:
message : Array ;
module : basic ;
rule : 22 ;
priority : 0 ;
keyword : Array ;

2016-05-30 15:17:47 response :
------------
Array:
FromUserName : gh_e7a0c8306261 ;
ToUserName : oRj-Fs2Og5hcQesN3spLbWYLW2MQ ;
MsgType : text ;
Content : 欢迎关注同城学堂，点击微官网查看本学校介绍信息，家长点击学生天地绑定自己小孩信息使用，老师点击教师信息绑定自己账号使用 ;

2016-05-30 15:17:50 trace :
------------
String:
<xml><ToUserName><![CDATA[gh_e7a0c8306261]]></ToUserName>
<FromUserName><![CDATA[oRj-Fs2Og5hcQesN3spLbWYLW2MQ]]></FromUserName>
<CreateTime>1464592670</CreateTime>
<MsgType><![CDATA[event]]></MsgType>
<Event><![CDATA[VIEW]]></Event>
<EventKey><![CDATA[http://www.9kpu.com/app/index.php?i=13&c=entry&eid=1]]></EventKey>
<MenuId>408332563</MenuId>
</xml>

2016-05-30 15:17:50 params :
------------
Array:
message : Array ;
module : basic ;
rule : 22 ;
priority : 0 ;
keyword : Array ;

2016-05-30 15:17:50 response :
------------
Array:
FromUserName : gh_e7a0c8306261 ;
ToUserName : oRj-Fs2Og5hcQesN3spLbWYLW2MQ ;
MsgType : text ;
Content : 欢迎关注同城学堂，点击微官网查看本学校介绍信息，家长点击学生天地绑定自己小孩信息使用，老师点击教师信息绑定自己账号使用 ;

2016-05-30 15:18:01 trace :
------------
String:
<xml><ToUserName><![CDATA[gh_e7a0c8306261]]></ToUserName>
<FromUserName><![CDATA[oRj-Fs2Og5hcQesN3spLbWYLW2MQ]]></FromUserName>
<CreateTime>1464592681</CreateTime>
<MsgType><![CDATA[event]]></MsgType>
<Event><![CDATA[VIEW]]></Event>
<EventKey><![CDATA[http://www.9kpu.com/app/index.php?i=13&c=home&]]></EventKey>
<MenuId>408332563</MenuId>
</xml>

2016-05-30 15:18:01 params :
------------
Array:
message : Array ;
module : basic ;
rule : 22 ;
priority : 0 ;
keyword : Array ;

2016-05-30 15:18:01 response :
------------
Array:
FromUserName : gh_e7a0c8306261 ;
ToUserName : oRj-Fs2Og5hcQesN3spLbWYLW2MQ ;
MsgType : text ;
Content : 欢迎关注同城学堂，点击微官网查看本学校介绍信息，家长点击学生天地绑定自己小孩信息使用，老师点击教师信息绑定自己账号使用 ;

2016-05-30 15:20:57 trace :
------------
String:
<xml><ToUserName><![CDATA[gh_e7a0c8306261]]></ToUserName>
<FromUserName><![CDATA[oRj-Fs2Og5hcQesN3spLbWYLW2MQ]]></FromUserName>
<CreateTime>1464592857</CreateTime>
<MsgType><![CDATA[event]]></MsgType>
<Event><![CDATA[VIEW]]></Event>
<EventKey><![CDATA[http://www.9kpu.com/app/index.php?i=13&c=entry&eid=2]]></EventKey>
<MenuId>408332563</MenuId>
</xml>

2016-05-30 15:20:57 params :
------------
Array:
message : Array ;
module : basic ;
rule : 22 ;
priority : 0 ;
keyword : Array ;

2016-05-30 15:20:57 response :
------------
Array:
FromUserName : gh_e7a0c8306261 ;
ToUserName : oRj-Fs2Og5hcQesN3spLbWYLW2MQ ;
MsgType : text ;
Content : 欢迎关注同城学堂，点击微官网查看本学校介绍信息，家长点击学生天地绑定自己小孩信息使用，老师点击教师信息绑定自己账号使用 ;

2016-05-30 15:21:01 trace :
------------
String:
<xml><ToUserName><![CDATA[gh_e7a0c8306261]]></ToUserName>
<FromUserName><![CDATA[oRj-Fs2Og5hcQesN3spLbWYLW2MQ]]></FromUserName>
<CreateTime>1464592861</CreateTime>
<MsgType><![CDATA[event]]></MsgType>
<Event><![CDATA[VIEW]]></Event>
<EventKey><![CDATA[http://www.9kpu.com/app/index.php?i=13&c=entry&eid=1]]></EventKey>
<MenuId>408332563</MenuId>
</xml>

2016-05-30 15:21:01 params :
------------
Array:
message : Array ;
module : basic ;
rule : 22 ;
priority : 0 ;
keyword : Array ;

2016-05-30 15:21:01 response :
------------
Array:
FromUserName : gh_e7a0c8306261 ;
ToUserName : oRj-Fs2Og5hcQesN3spLbWYLW2MQ ;
MsgType : text ;
Content : 欢迎关注同城学堂，点击微官网查看本学校介绍信息，家长点击学生天地绑定自己小孩信息使用，老师点击教师信息绑定自己账号使用 ;

2016-05-30 15:21:52 trace :
------------
String:
<xml><ToUserName><![CDATA[gh_e7a0c8306261]]></ToUserName>
<FromUserName><![CDATA[oRj-Fs2Og5hcQesN3spLbWYLW2MQ]]></FromUserName>
<CreateTime>1464592912</CreateTime>
<MsgType><![CDATA[event]]></MsgType>
<Event><![CDATA[VIEW]]></Event>
<EventKey><![CDATA[http://www.9kpu.com/app/index.php?i=13&c=entry&eid=2]]></EventKey>
<MenuId>408332563</MenuId>
</xml>

2016-05-30 15:21:52 params :
------------
Array:
message : Array ;
module : basic ;
rule : 22 ;
priority : 0 ;
keyword : Array ;

2016-05-30 15:21:52 response :
------------
Array:
FromUserName : gh_e7a0c8306261 ;
ToUserName : oRj-Fs2Og5hcQesN3spLbWYLW2MQ ;
MsgType : text ;
Content : 欢迎关注同城学堂，点击微官网查看本学校介绍信息，家长点击学生天地绑定自己小孩信息使用，老师点击教师信息绑定自己账号使用 ;

2016-05-30 15:22:36 trace :
------------
String:
<xml><ToUserName><![CDATA[gh_e7a0c8306261]]></ToUserName>
<FromUserName><![CDATA[oRj-Fs2Og5hcQesN3spLbWYLW2MQ]]></FromUserName>
<CreateTime>1464592956</CreateTime>
<MsgType><![CDATA[event]]></MsgType>
<Event><![CDATA[VIEW]]></Event>
<EventKey><![CDATA[http://www.9kpu.com/app/index.php?i=13&c=entry&eid=1]]></EventKey>
<MenuId>408332563</MenuId>
</xml>

2016-05-30 15:22:36 params :
------------
Array:
message : Array ;
module : basic ;
rule : 22 ;
priority : 0 ;
keyword : Array ;

2016-05-30 15:22:36 response :
------------
Array:
FromUserName : gh_e7a0c8306261 ;
ToUserName : oRj-Fs2Og5hcQesN3spLbWYLW2MQ ;
MsgType : text ;
Content : 欢迎关注同城学堂，点击微官网查看本学校介绍信息，家长点击学生天地绑定自己小孩信息使用，老师点击教师信息绑定自己账号使用 ;

2016-05-30 15:22:47 trace :
------------
String:
<xml><ToUserName><![CDATA[gh_e7a0c8306261]]></ToUserName>
<FromUserName><![CDATA[oRj-Fs2Og5hcQesN3spLbWYLW2MQ]]></FromUserName>
<CreateTime>1464592966</CreateTime>
<MsgType><![CDATA[event]]></MsgType>
<Event><![CDATA[VIEW]]></Event>
<EventKey><![CDATA[http://www.9kpu.com/app/index.php?i=13&c=home&]]></EventKey>
<MenuId>408332563</MenuId>
</xml>

2016-05-30 15:22:47 params :
------------
Array:
message : Array ;
module : basic ;
rule : 22 ;
priority : 0 ;
keyword : Array ;

2016-05-30 15:22:47 response :
------------
Array:
FromUserName : gh_e7a0c8306261 ;
ToUserName : oRj-Fs2Og5hcQesN3spLbWYLW2MQ ;
MsgType : text ;
Content : 欢迎关注同城学堂，点击微官网查看本学校介绍信息，家长点击学生天地绑定自己小孩信息使用，老师点击教师信息绑定自己账号使用 ;

2016-05-30 15:27:50 trace :
------------
String:
<xml><ToUserName><![CDATA[gh_e7a0c8306261]]></ToUserName>
<FromUserName><![CDATA[oRj-Fs2Og5hcQesN3spLbWYLW2MQ]]></FromUserName>
<CreateTime>1464593270</CreateTime>
<MsgType><![CDATA[event]]></MsgType>
<Event><![CDATA[VIEW]]></Event>
<EventKey><![CDATA[http://www.9kpu.com/app/index.php?i=13&c=home&]]></EventKey>
<MenuId>408332563</MenuId>
</xml>

2016-05-30 15:27:50 params :
------------
Array:
message : Array ;
module : basic ;
rule : 22 ;
priority : 0 ;
keyword : Array ;

2016-05-30 15:27:50 response :
------------
Array:
FromUserName : gh_e7a0c8306261 ;
ToUserName : oRj-Fs2Og5hcQesN3spLbWYLW2MQ ;
MsgType : text ;
Content : 欢迎关注同城学堂，点击微官网查看本学校介绍信息，家长点击学生天地绑定自己小孩信息使用，老师点击教师信息绑定自己账号使用 ;

2016-05-30 15:29:05 trace :
------------
String:
<xml><ToUserName><![CDATA[gh_e7a0c8306261]]></ToUserName>
<FromUserName><![CDATA[oRj-Fs8qDmUEEZ0jIsDIcoU5gSxI]]></FromUserName>
<CreateTime>1464593345</CreateTime>
<MsgType><![CDATA[event]]></MsgType>
<Event><![CDATA[VIEW]]></Event>
<EventKey><![CDATA[http://www.9kpu.com/app/index.php?i=13&c=home&]]></EventKey>
<MenuId>408332563</MenuId>
</xml>

2016-05-30 15:29:05 params :
------------
Array:
message : Array ;
module : basic ;
rule : 22 ;
priority : 0 ;
keyword : Array ;

2016-05-30 15:29:05 response :
------------
Array:
FromUserName : gh_e7a0c8306261 ;
ToUserName : oRj-Fs8qDmUEEZ0jIsDIcoU5gSxI ;
MsgType : text ;
Content : 欢迎关注同城学堂，点击微官网查看本学校介绍信息，家长点击学生天地绑定自己小孩信息使用，老师点击教师信息绑定自己账号使用 ;

2016-05-30 15:30:04 trace :
------------
String:
<xml><ToUserName><![CDATA[gh_e7a0c8306261]]></ToUserName>
<FromUserName><![CDATA[oRj-Fs8qDmUEEZ0jIsDIcoU5gSxI]]></FromUserName>
<CreateTime>1464593404</CreateTime>
<MsgType><![CDATA[event]]></MsgType>
<Event><![CDATA[VIEW]]></Event>
<EventKey><![CDATA[http://www.9kpu.com/app/index.php?i=13&c=home&]]></EventKey>
<MenuId>408332563</MenuId>
</xml>

2016-05-30 15:30:04 params :
------------
Array:
message : Array ;
module : basic ;
rule : 22 ;
priority : 0 ;
keyword : Array ;

2016-05-30 15:30:04 response :
------------
Array:
FromUserName : gh_e7a0c8306261 ;
ToUserName : oRj-Fs8qDmUEEZ0jIsDIcoU5gSxI ;
MsgType : text ;
Content : 欢迎关注同城学堂，点击微官网查看本学校介绍信息，家长点击学生天地绑定自己小孩信息使用，老师点击教师信息绑定自己账号使用 ;

2016-05-30 15:32:21 trace :
------------
String:
<xml><ToUserName><![CDATA[gh_e7a0c8306261]]></ToUserName>
<FromUserName><![CDATA[oRj-Fs2Og5hcQesN3spLbWYLW2MQ]]></FromUserName>
<CreateTime>1464593541</CreateTime>
<MsgType><![CDATA[event]]></MsgType>
<Event><![CDATA[VIEW]]></Event>
<EventKey><![CDATA[http://www.9kpu.com/app/index.php?i=13&c=entry&eid=2]]></EventKey>
<MenuId>408332563</MenuId>
</xml>

2016-05-30 15:32:21 params :
------------
Array:
message : Array ;
module : basic ;
rule : 22 ;
priority : 0 ;
keyword : Array ;

2016-05-30 15:32:21 response :
------------
Array:
FromUserName : gh_e7a0c8306261 ;
ToUserName : oRj-Fs2Og5hcQesN3spLbWYLW2MQ ;
MsgType : text ;
Content : 欢迎关注同城学堂，点击微官网查看本学校介绍信息，家长点击学生天地绑定自己小孩信息使用，老师点击教师信息绑定自己账号使用 ;

2016-05-30 16:25:28 trace :
------------
String:
<xml><ToUserName><![CDATA[gh_e7a0c8306261]]></ToUserName>
<FromUserName><![CDATA[oRj-Fs8qDmUEEZ0jIsDIcoU5gSxI]]></FromUserName>
<CreateTime>1464596728</CreateTime>
<MsgType><![CDATA[event]]></MsgType>
<Event><![CDATA[VIEW]]></Event>
<EventKey><![CDATA[http://www.9kpu.com/app/index.php?i=13&c=home&]]></EventKey>
<MenuId>408332563</MenuId>
</xml>

2016-05-30 16:25:28 params :
------------
Array:
message : Array ;
module : basic ;
rule : 22 ;
priority : 0 ;
keyword : Array ;

2016-05-30 16:25:28 response :
------------
Array:
FromUserName : gh_e7a0c8306261 ;
ToUserName : oRj-Fs8qDmUEEZ0jIsDIcoU5gSxI ;
MsgType : text ;
Content : 欢迎关注同城学堂，点击微官网查看本学校介绍信息，家长点击学生天地绑定自己小孩信息使用，老师点击教师信息绑定自己账号使用 ;

2016-05-30 16:25:55 trace :
------------
String:
<xml><ToUserName><![CDATA[gh_e7a0c8306261]]></ToUserName>
<FromUserName><![CDATA[oRj-Fs8qDmUEEZ0jIsDIcoU5gSxI]]></FromUserName>
<CreateTime>1464596755</CreateTime>
<MsgType><![CDATA[event]]></MsgType>
<Event><![CDATA[VIEW]]></Event>
<EventKey><![CDATA[http://www.9kpu.com/app/index.php?i=13&c=entry&eid=2]]></EventKey>
<MenuId>408332563</MenuId>
</xml>

2016-05-30 16:25:55 params :
------------
Array:
message : Array ;
module : basic ;
rule : 22 ;
priority : 0 ;
keyword : Array ;

2016-05-30 16:25:55 response :
------------
Array:
FromUserName : gh_e7a0c8306261 ;
ToUserName : oRj-Fs8qDmUEEZ0jIsDIcoU5gSxI ;
MsgType : text ;
Content : 欢迎关注同城学堂，点击微官网查看本学校介绍信息，家长点击学生天地绑定自己小孩信息使用，老师点击教师信息绑定自己账号使用 ;

2016-05-30 16:26:00 trace :
------------
String:
<xml><ToUserName><![CDATA[gh_081ee8610e82]]></ToUserName>
<FromUserName><![CDATA[ohNDtvv8PDFqifacH9rwLYMejnDw]]></FromUserName>
<CreateTime>1464596760</CreateTime>
<MsgType><![CDATA[event]]></MsgType>
<Event><![CDATA[VIEW]]></Event>
<EventKey><![CDATA[http://official.weixiao100.cn/custom/v3/index.html?schoolCode=zscy001&cropId=wx29a48dfc48fb3877&t=1461379426737]]></EventKey>
<MenuId>404202786</MenuId>
</xml>

2016-05-30 16:26:00 params :
------------
Array:
message : Array ;
module : basic ;
rule : 13 ;
priority : 0 ;
keyword : Array ;

2016-05-30 16:26:00 response :
------------
Array:
FromUserName : gh_081ee8610e82 ;
ToUserName : ohNDtvv8PDFqifacH9rwLYMejnDw ;
MsgType : text ;
Content : 等你好久了，智慧微校欢迎您。如果您是来逛逛的，请点开微官网查看我们学校的介绍信息。如果您是家长，请点开学生中心，用您家孩子姓名与学号绑定，就可尽情使用微校功能。如果您是老师，请点开微办公，用系统分配的账号与密码完成绑定，使用微校完成家校互动。 ;

2016-05-30 16:26:27 trace :
------------
String:
<xml><ToUserName><![CDATA[gh_081ee8610e82]]></ToUserName>
<FromUserName><![CDATA[ohNDtvv8PDFqifacH9rwLYMejnDw]]></FromUserName>
<CreateTime>1464596787</CreateTime>
<MsgType><![CDATA[event]]></MsgType>
<Event><![CDATA[VIEW]]></Event>
<EventKey><![CDATA[http://www.9kpu.com/app/index.php?i=4&c=entry&eid=1]]></EventKey>
<MenuId>404202786</MenuId>
</xml>

2016-05-30 16:26:27 params :
------------
Array:
message : Array ;
module : basic ;
rule : 13 ;
priority : 0 ;
keyword : Array ;

2016-05-30 16:26:27 response :
------------
Array:
FromUserName : gh_081ee8610e82 ;
ToUserName : ohNDtvv8PDFqifacH9rwLYMejnDw ;
MsgType : text ;
Content : 等你好久了，智慧微校欢迎您。如果您是来逛逛的，请点开微官网查看我们学校的介绍信息。如果您是家长，请点开学生中心，用您家孩子姓名与学号绑定，就可尽情使用微校功能。如果您是老师，请点开微办公，用系统分配的账号与密码完成绑定，使用微校完成家校互动。 ;

2016-05-30 16:26:45 trace :
------------
String:
<xml><ToUserName><![CDATA[gh_081ee8610e82]]></ToUserName>
<FromUserName><![CDATA[ohNDtvv8PDFqifacH9rwLYMejnDw]]></FromUserName>
<CreateTime>1464596805</CreateTime>
<MsgType><![CDATA[event]]></MsgType>
<Event><![CDATA[VIEW]]></Event>
<EventKey><![CDATA[http://www.9kpu.com/app/index.php?i=4&c=entry&eid=2]]></EventKey>
<MenuId>404202786</MenuId>
</xml>

2016-05-30 16:26:45 params :
------------
Array:
message : Array ;
module : basic ;
rule : 13 ;
priority : 0 ;
keyword : Array ;

2016-05-30 16:26:45 response :
------------
Array:
FromUserName : gh_081ee8610e82 ;
ToUserName : ohNDtvv8PDFqifacH9rwLYMejnDw ;
MsgType : text ;
Content : 等你好久了，智慧微校欢迎您。如果您是来逛逛的，请点开微官网查看我们学校的介绍信息。如果您是家长，请点开学生中心，用您家孩子姓名与学号绑定，就可尽情使用微校功能。如果您是老师，请点开微办公，用系统分配的账号与密码完成绑定，使用微校完成家校互动。 ;

2016-05-30 16:26:49 trace :
------------
String:
<xml><ToUserName><![CDATA[gh_e7a0c8306261]]></ToUserName>
<FromUserName><![CDATA[oRj-Fs0-58f1Xolgz7rNR5ZNmCik]]></FromUserName>
<CreateTime>1464596808</CreateTime>
<MsgType><![CDATA[event]]></MsgType>
<Event><![CDATA[VIEW]]></Event>
<EventKey><![CDATA[http://www.9kpu.com/app/index.php?i=13&c=home&]]></EventKey>
<MenuId>408332563</MenuId>
</xml>

2016-05-30 16:26:49 params :
------------
Array:
message : Array ;
module : basic ;
rule : 22 ;
priority : 0 ;
keyword : Array ;

2016-05-30 16:26:49 response :
------------
Array:
FromUserName : gh_e7a0c8306261 ;
ToUserName : oRj-Fs0-58f1Xolgz7rNR5ZNmCik ;
MsgType : text ;
Content : 欢迎关注同城学堂，点击微官网查看本学校介绍信息，家长点击学生天地绑定自己小孩信息使用，老师点击教师信息绑定自己账号使用 ;

2016-05-30 16:27:07 trace :
------------
String:
<xml><ToUserName><![CDATA[gh_e7a0c8306261]]></ToUserName>
<FromUserName><![CDATA[oRj-Fs0-58f1Xolgz7rNR5ZNmCik]]></FromUserName>
<CreateTime>1464596827</CreateTime>
<MsgType><![CDATA[event]]></MsgType>
<Event><![CDATA[VIEW]]></Event>
<EventKey><![CDATA[http://www.9kpu.com/app/index.php?i=13&c=home&]]></EventKey>
<MenuId>408332563</MenuId>
</xml>

2016-05-30 16:27:07 params :
------------
Array:
message : Array ;
module : basic ;
rule : 22 ;
priority : 0 ;
keyword : Array ;

2016-05-30 16:27:07 response :
------------
Array:
FromUserName : gh_e7a0c8306261 ;
ToUserName : oRj-Fs0-58f1Xolgz7rNR5ZNmCik ;
MsgType : text ;
Content : 欢迎关注同城学堂，点击微官网查看本学校介绍信息，家长点击学生天地绑定自己小孩信息使用，老师点击教师信息绑定自己账号使用 ;

2016-05-30 16:27:17 trace :
------------
String:
<xml><ToUserName><![CDATA[gh_e7a0c8306261]]></ToUserName>
<FromUserName><![CDATA[oRj-Fs0-58f1Xolgz7rNR5ZNmCik]]></FromUserName>
<CreateTime>1464596837</CreateTime>
<MsgType><![CDATA[event]]></MsgType>
<Event><![CDATA[VIEW]]></Event>
<EventKey><![CDATA[http://www.9kpu.com/app/index.php?i=13&c=home&]]></EventKey>
<MenuId>408332563</MenuId>
</xml>

2016-05-30 16:27:17 params :
------------
Array:
message : Array ;
module : basic ;
rule : 22 ;
priority : 0 ;
keyword : Array ;

2016-05-30 16:27:17 response :
------------
Array:
FromUserName : gh_e7a0c8306261 ;
ToUserName : oRj-Fs0-58f1Xolgz7rNR5ZNmCik ;
MsgType : text ;
Content : 欢迎关注同城学堂，点击微官网查看本学校介绍信息，家长点击学生天地绑定自己小孩信息使用，老师点击教师信息绑定自己账号使用 ;

2016-05-30 16:27:39 trace :
------------
String:
<xml><ToUserName><![CDATA[gh_e7a0c8306261]]></ToUserName>
<FromUserName><![CDATA[oRj-Fs8qDmUEEZ0jIsDIcoU5gSxI]]></FromUserName>
<CreateTime>1464596859</CreateTime>
<MsgType><![CDATA[event]]></MsgType>
<Event><![CDATA[VIEW]]></Event>
<EventKey><![CDATA[http://www.9kpu.com/app/index.php?i=13&c=home&]]></EventKey>
<MenuId>408332563</MenuId>
</xml>

2016-05-30 16:27:39 params :
------------
Array:
message : Array ;
module : basic ;
rule : 22 ;
priority : 0 ;
keyword : Array ;

2016-05-30 16:27:39 response :
------------
Array:
FromUserName : gh_e7a0c8306261 ;
ToUserName : oRj-Fs8qDmUEEZ0jIsDIcoU5gSxI ;
MsgType : text ;
Content : 欢迎关注同城学堂，点击微官网查看本学校介绍信息，家长点击学生天地绑定自己小孩信息使用，老师点击教师信息绑定自己账号使用 ;

2016-05-30 16:27:45 trace :
------------
String:
<xml><ToUserName><![CDATA[gh_081ee8610e82]]></ToUserName>
<FromUserName><![CDATA[ohNDtvv8PDFqifacH9rwLYMejnDw]]></FromUserName>
<CreateTime>1464596865</CreateTime>
<MsgType><![CDATA[event]]></MsgType>
<Event><![CDATA[VIEW]]></Event>
<EventKey><![CDATA[http://official.weixiao100.cn/custom/v3/index.html?schoolCode=zscy001&cropId=wx29a48dfc48fb3877&t=1461379426737]]></EventKey>
<MenuId>404202786</MenuId>
</xml>

2016-05-30 16:27:45 params :
------------
Array:
message : Array ;
module : basic ;
rule : 13 ;
priority : 0 ;
keyword : Array ;

2016-05-30 16:27:45 response :
------------
Array:
FromUserName : gh_081ee8610e82 ;
ToUserName : ohNDtvv8PDFqifacH9rwLYMejnDw ;
MsgType : text ;
Content : 等你好久了，智慧微校欢迎您。如果您是来逛逛的，请点开微官网查看我们学校的介绍信息。如果您是家长，请点开学生中心，用您家孩子姓名与学号绑定，就可尽情使用微校功能。如果您是老师，请点开微办公，用系统分配的账号与密码完成绑定，使用微校完成家校互动。 ;

2016-05-30 16:27:57 trace :
------------
String:
<xml><ToUserName><![CDATA[gh_081ee8610e82]]></ToUserName>
<FromUserName><![CDATA[ohNDtvv8PDFqifacH9rwLYMejnDw]]></FromUserName>
<CreateTime>1464596877</CreateTime>
<MsgType><![CDATA[event]]></MsgType>
<Event><![CDATA[VIEW]]></Event>
<EventKey><![CDATA[http://www.9kpu.com/app/index.php?i=4&c=entry&eid=1]]></EventKey>
<MenuId>404202786</MenuId>
</xml>

2016-05-30 16:27:57 params :
------------
Array:
message : Array ;
module : basic ;
rule : 13 ;
priority : 0 ;
keyword : Array ;

2016-05-30 16:27:57 response :
------------
Array:
FromUserName : gh_081ee8610e82 ;
ToUserName : ohNDtvv8PDFqifacH9rwLYMejnDw ;
MsgType : text ;
Content : 等你好久了，智慧微校欢迎您。如果您是来逛逛的，请点开微官网查看我们学校的介绍信息。如果您是家长，请点开学生中心，用您家孩子姓名与学号绑定，就可尽情使用微校功能。如果您是老师，请点开微办公，用系统分配的账号与密码完成绑定，使用微校完成家校互动。 ;

2016-05-30 16:28:13 trace :
------------
String:
<xml><ToUserName><![CDATA[gh_081ee8610e82]]></ToUserName>
<FromUserName><![CDATA[ohNDtvv8PDFqifacH9rwLYMejnDw]]></FromUserName>
<CreateTime>1464596893</CreateTime>
<MsgType><![CDATA[event]]></MsgType>
<Event><![CDATA[VIEW]]></Event>
<EventKey><![CDATA[http://www.9kpu.com/app/index.php?i=4&c=entry&eid=2]]></EventKey>
<MenuId>404202786</MenuId>
</xml>

2016-05-30 16:28:13 params :
------------
Array:
message : Array ;
module : basic ;
rule : 13 ;
priority : 0 ;
keyword : Array ;

2016-05-30 16:28:13 response :
------------
Array:
FromUserName : gh_081ee8610e82 ;
ToUserName : ohNDtvv8PDFqifacH9rwLYMejnDw ;
MsgType : text ;
Content : 等你好久了，智慧微校欢迎您。如果您是来逛逛的，请点开微官网查看我们学校的介绍信息。如果您是家长，请点开学生中心，用您家孩子姓名与学号绑定，就可尽情使用微校功能。如果您是老师，请点开微办公，用系统分配的账号与密码完成绑定，使用微校完成家校互动。 ;

2016-05-30 16:29:27 trace :
------------
String:
<xml><ToUserName><![CDATA[gh_e7a0c8306261]]></ToUserName>
<FromUserName><![CDATA[oRj-Fs2Og5hcQesN3spLbWYLW2MQ]]></FromUserName>
<CreateTime>1464596967</CreateTime>
<MsgType><![CDATA[event]]></MsgType>
<Event><![CDATA[VIEW]]></Event>
<EventKey><![CDATA[http://www.9kpu.com/app/index.php?i=13&c=entry&eid=1]]></EventKey>
<MenuId>408332563</MenuId>
</xml>

2016-05-30 16:29:27 params :
------------
Array:
message : Array ;
module : basic ;
rule : 22 ;
priority : 0 ;
keyword : Array ;

2016-05-30 16:29:27 response :
------------
Array:
FromUserName : gh_e7a0c8306261 ;
ToUserName : oRj-Fs2Og5hcQesN3spLbWYLW2MQ ;
MsgType : text ;
Content : 欢迎关注同城学堂，点击微官网查看本学校介绍信息，家长点击学生天地绑定自己小孩信息使用，老师点击教师信息绑定自己账号使用 ;

2016-05-30 16:29:50 trace :
------------
String:
<xml><ToUserName><![CDATA[gh_e7a0c8306261]]></ToUserName>
<FromUserName><![CDATA[oRj-Fs2Og5hcQesN3spLbWYLW2MQ]]></FromUserName>
<CreateTime>1464596990</CreateTime>
<MsgType><![CDATA[event]]></MsgType>
<Event><![CDATA[VIEW]]></Event>
<EventKey><![CDATA[http://www.9kpu.com/app/index.php?i=13&c=entry&eid=1]]></EventKey>
<MenuId>408332563</MenuId>
</xml>

2016-05-30 16:29:50 params :
------------
Array:
message : Array ;
module : basic ;
rule : 22 ;
priority : 0 ;
keyword : Array ;

2016-05-30 16:29:50 response :
------------
Array:
FromUserName : gh_e7a0c8306261 ;
ToUserName : oRj-Fs2Og5hcQesN3spLbWYLW2MQ ;
MsgType : text ;
Content : 欢迎关注同城学堂，点击微官网查看本学校介绍信息，家长点击学生天地绑定自己小孩信息使用，老师点击教师信息绑定自己账号使用 ;

2016-05-30 16:30:17 trace :
------------
String:
<xml><ToUserName><![CDATA[gh_081ee8610e82]]></ToUserName>
<FromUserName><![CDATA[ohNDtvv8PDFqifacH9rwLYMejnDw]]></FromUserName>
<CreateTime>1464597017</CreateTime>
<MsgType><![CDATA[event]]></MsgType>
<Event><![CDATA[VIEW]]></Event>
<EventKey><![CDATA[http://www.9kpu.com/app/index.php?i=4&c=entry&eid=2]]></EventKey>
<MenuId>404202786</MenuId>
</xml>

2016-05-30 16:30:17 params :
------------
Array:
message : Array ;
module : basic ;
rule : 13 ;
priority : 0 ;
keyword : Array ;

2016-05-30 16:30:17 response :
------------
Array:
FromUserName : gh_081ee8610e82 ;
ToUserName : ohNDtvv8PDFqifacH9rwLYMejnDw ;
MsgType : text ;
Content : 等你好久了，智慧微校欢迎您。如果您是来逛逛的，请点开微官网查看我们学校的介绍信息。如果您是家长，请点开学生中心，用您家孩子姓名与学号绑定，就可尽情使用微校功能。如果您是老师，请点开微办公，用系统分配的账号与密码完成绑定，使用微校完成家校互动。 ;

2016-05-30 16:30:42 trace :
------------
String:
<xml><ToUserName><![CDATA[gh_081ee8610e82]]></ToUserName>
<FromUserName><![CDATA[ohNDtvv8PDFqifacH9rwLYMejnDw]]></FromUserName>
<CreateTime>1464597042</CreateTime>
<MsgType><![CDATA[event]]></MsgType>
<Event><![CDATA[VIEW]]></Event>
<EventKey><![CDATA[http://www.9kpu.com/app/index.php?i=4&c=entry&eid=1]]></EventKey>
<MenuId>404202786</MenuId>
</xml>

2016-05-30 16:30:42 params :
------------
Array:
message : Array ;
module : basic ;
rule : 13 ;
priority : 0 ;
keyword : Array ;

2016-05-30 16:30:42 response :
------------
Array:
FromUserName : gh_081ee8610e82 ;
ToUserName : ohNDtvv8PDFqifacH9rwLYMejnDw ;
MsgType : text ;
Content : 等你好久了，智慧微校欢迎您。如果您是来逛逛的，请点开微官网查看我们学校的介绍信息。如果您是家长，请点开学生中心，用您家孩子姓名与学号绑定，就可尽情使用微校功能。如果您是老师，请点开微办公，用系统分配的账号与密码完成绑定，使用微校完成家校互动。 ;

2016-05-30 16:30:57 trace :
------------
String:
<xml><ToUserName><![CDATA[gh_081ee8610e82]]></ToUserName>
<FromUserName><![CDATA[ohNDtvv8PDFqifacH9rwLYMejnDw]]></FromUserName>
<CreateTime>1464597057</CreateTime>
<MsgType><![CDATA[event]]></MsgType>
<Event><![CDATA[VIEW]]></Event>
<EventKey><![CDATA[http://www.9kpu.com/app/index.php?i=4&c=entry&eid=1]]></EventKey>
<MenuId>404202786</MenuId>
</xml>

2016-05-30 16:30:57 params :
------------
Array:
message : Array ;
module : basic ;
rule : 13 ;
priority : 0 ;
keyword : Array ;

2016-05-30 16:30:57 response :
------------
Array:
FromUserName : gh_081ee8610e82 ;
ToUserName : ohNDtvv8PDFqifacH9rwLYMejnDw ;
MsgType : text ;
Content : 等你好久了，智慧微校欢迎您。如果您是来逛逛的，请点开微官网查看我们学校的介绍信息。如果您是家长，请点开学生中心，用您家孩子姓名与学号绑定，就可尽情使用微校功能。如果您是老师，请点开微办公，用系统分配的账号与密码完成绑定，使用微校完成家校互动。 ;

2016-05-30 16:31:03 trace :
------------
String:
<xml><ToUserName><![CDATA[gh_081ee8610e82]]></ToUserName>
<FromUserName><![CDATA[ohNDtvv8PDFqifacH9rwLYMejnDw]]></FromUserName>
<CreateTime>1464597063</CreateTime>
<MsgType><![CDATA[event]]></MsgType>
<Event><![CDATA[VIEW]]></Event>
<EventKey><![CDATA[http://official.weixiao100.cn/custom/v3/index.html?schoolCode=zscy001&cropId=wx29a48dfc48fb3877&t=1461379426737]]></EventKey>
<MenuId>404202786</MenuId>
</xml>

2016-05-30 16:31:03 params :
------------
Array:
message : Array ;
module : basic ;
rule : 13 ;
priority : 0 ;
keyword : Array ;

2016-05-30 16:31:03 response :
------------
Array:
FromUserName : gh_081ee8610e82 ;
ToUserName : ohNDtvv8PDFqifacH9rwLYMejnDw ;
MsgType : text ;
Content : 等你好久了，智慧微校欢迎您。如果您是来逛逛的，请点开微官网查看我们学校的介绍信息。如果您是家长，请点开学生中心，用您家孩子姓名与学号绑定，就可尽情使用微校功能。如果您是老师，请点开微办公，用系统分配的账号与密码完成绑定，使用微校完成家校互动。 ;

2016-05-30 16:31:30 trace :
------------
String:
<xml><ToUserName><![CDATA[gh_e7a0c8306261]]></ToUserName>
<FromUserName><![CDATA[oRj-Fs2Og5hcQesN3spLbWYLW2MQ]]></FromUserName>
<CreateTime>1464597090</CreateTime>
<MsgType><![CDATA[event]]></MsgType>
<Event><![CDATA[VIEW]]></Event>
<EventKey><![CDATA[http://www.9kpu.com/app/index.php?i=13&c=entry&eid=1]]></EventKey>
<MenuId>408332563</MenuId>
</xml>

2016-05-30 16:31:30 params :
------------
Array:
message : Array ;
module : basic ;
rule : 22 ;
priority : 0 ;
keyword : Array ;

2016-05-30 16:31:30 response :
------------
Array:
FromUserName : gh_e7a0c8306261 ;
ToUserName : oRj-Fs2Og5hcQesN3spLbWYLW2MQ ;
MsgType : text ;
Content : 欢迎关注同城学堂，点击微官网查看本学校介绍信息，家长点击学生天地绑定自己小孩信息使用，老师点击教师信息绑定自己账号使用 ;

2016-05-30 16:31:33 trace :
------------
String:
<xml><ToUserName><![CDATA[gh_e7a0c8306261]]></ToUserName>
<FromUserName><![CDATA[oRj-Fs2Og5hcQesN3spLbWYLW2MQ]]></FromUserName>
<CreateTime>1464597093</CreateTime>
<MsgType><![CDATA[event]]></MsgType>
<Event><![CDATA[VIEW]]></Event>
<EventKey><![CDATA[http://www.9kpu.com/app/index.php?i=13&c=home&]]></EventKey>
<MenuId>408332563</MenuId>
</xml>

2016-05-30 16:31:33 params :
------------
Array:
message : Array ;
module : basic ;
rule : 22 ;
priority : 0 ;
keyword : Array ;

2016-05-30 16:31:33 response :
------------
Array:
FromUserName : gh_e7a0c8306261 ;
ToUserName : oRj-Fs2Og5hcQesN3spLbWYLW2MQ ;
MsgType : text ;
Content : 欢迎关注同城学堂，点击微官网查看本学校介绍信息，家长点击学生天地绑定自己小孩信息使用，老师点击教师信息绑定自己账号使用 ;

2016-05-30 16:31:45 trace :
------------
String:
<xml><ToUserName><![CDATA[gh_e7a0c8306261]]></ToUserName>
<FromUserName><![CDATA[oRj-Fs2Og5hcQesN3spLbWYLW2MQ]]></FromUserName>
<CreateTime>1464597105</CreateTime>
<MsgType><![CDATA[event]]></MsgType>
<Event><![CDATA[VIEW]]></Event>
<EventKey><![CDATA[http://www.9kpu.com/app/index.php?i=13&c=entry&eid=1]]></EventKey>
<MenuId>408332563</MenuId>
</xml>

2016-05-30 16:31:45 params :
------------
Array:
message : Array ;
module : basic ;
rule : 22 ;
priority : 0 ;
keyword : Array ;

2016-05-30 16:31:45 response :
------------
Array:
FromUserName : gh_e7a0c8306261 ;
ToUserName : oRj-Fs2Og5hcQesN3spLbWYLW2MQ ;
MsgType : text ;
Content : 欢迎关注同城学堂，点击微官网查看本学校介绍信息，家长点击学生天地绑定自己小孩信息使用，老师点击教师信息绑定自己账号使用 ;

2016-05-30 16:35:17 trace :
------------
String:
<xml><ToUserName><![CDATA[gh_e7a0c8306261]]></ToUserName>
<FromUserName><![CDATA[oRj-Fsx19g3KRG3G-UQJaHaoZB18]]></FromUserName>
<CreateTime>1464597317</CreateTime>
<MsgType><![CDATA[event]]></MsgType>
<Event><![CDATA[VIEW]]></Event>
<EventKey><![CDATA[http://www.9kpu.com/app/index.php?i=13&c=home&]]></EventKey>
<MenuId>408332563</MenuId>
</xml>

2016-05-30 16:35:17 params :
------------
Array:
message : Array ;
module : basic ;
rule : 22 ;
priority : 0 ;
keyword : Array ;

2016-05-30 16:35:17 response :
------------
Array:
FromUserName : gh_e7a0c8306261 ;
ToUserName : oRj-Fsx19g3KRG3G-UQJaHaoZB18 ;
MsgType : text ;
Content : 欢迎关注同城学堂，点击微官网查看本学校介绍信息，家长点击学生天地绑定自己小孩信息使用，老师点击教师信息绑定自己账号使用 ;

2016-05-30 16:35:38 trace :
------------
String:
<xml><ToUserName><![CDATA[gh_e7a0c8306261]]></ToUserName>
<FromUserName><![CDATA[oRj-Fs8qDmUEEZ0jIsDIcoU5gSxI]]></FromUserName>
<CreateTime>1464597338</CreateTime>
<MsgType><![CDATA[event]]></MsgType>
<Event><![CDATA[VIEW]]></Event>
<EventKey><![CDATA[http://www.9kpu.com/app/index.php?i=13&c=home&]]></EventKey>
<MenuId>408332563</MenuId>
</xml>

2016-05-30 16:35:38 params :
------------
Array:
message : Array ;
module : basic ;
rule : 22 ;
priority : 0 ;
keyword : Array ;

2016-05-30 16:35:38 response :
------------
Array:
FromUserName : gh_e7a0c8306261 ;
ToUserName : oRj-Fs8qDmUEEZ0jIsDIcoU5gSxI ;
MsgType : text ;
Content : 欢迎关注同城学堂，点击微官网查看本学校介绍信息，家长点击学生天地绑定自己小孩信息使用，老师点击教师信息绑定自己账号使用 ;

2016-05-30 16:35:41 trace :
------------
String:
<xml><ToUserName><![CDATA[gh_e7a0c8306261]]></ToUserName>
<FromUserName><![CDATA[oRj-Fs0-58f1Xolgz7rNR5ZNmCik]]></FromUserName>
<CreateTime>1464597341</CreateTime>
<MsgType><![CDATA[event]]></MsgType>
<Event><![CDATA[VIEW]]></Event>
<EventKey><![CDATA[http://www.9kpu.com/app/index.php?i=13&c=entry&eid=1]]></EventKey>
<MenuId>408332563</MenuId>
</xml>

2016-05-30 16:35:41 params :
------------
Array:
message : Array ;
module : basic ;
rule : 22 ;
priority : 0 ;
keyword : Array ;

2016-05-30 16:35:41 response :
------------
Array:
FromUserName : gh_e7a0c8306261 ;
ToUserName : oRj-Fs0-58f1Xolgz7rNR5ZNmCik ;
MsgType : text ;
Content : 欢迎关注同城学堂，点击微官网查看本学校介绍信息，家长点击学生天地绑定自己小孩信息使用，老师点击教师信息绑定自己账号使用 ;

2016-05-30 16:36:11 trace :
------------
String:
<xml><ToUserName><![CDATA[gh_e7a0c8306261]]></ToUserName>
<FromUserName><![CDATA[oRj-Fs2Og5hcQesN3spLbWYLW2MQ]]></FromUserName>
<CreateTime>1464597371</CreateTime>
<MsgType><![CDATA[event]]></MsgType>
<Event><![CDATA[VIEW]]></Event>
<EventKey><![CDATA[http://www.9kpu.com/app/index.php?i=13&c=entry&eid=1]]></EventKey>
<MenuId>408332563</MenuId>
</xml>

2016-05-30 16:36:11 params :
------------
Array:
message : Array ;
module : basic ;
rule : 22 ;
priority : 0 ;
keyword : Array ;

2016-05-30 16:36:11 response :
------------
Array:
FromUserName : gh_e7a0c8306261 ;
ToUserName : oRj-Fs2Og5hcQesN3spLbWYLW2MQ ;
MsgType : text ;
Content : 欢迎关注同城学堂，点击微官网查看本学校介绍信息，家长点击学生天地绑定自己小孩信息使用，老师点击教师信息绑定自己账号使用 ;

2016-05-30 16:37:20 trace :
------------
String:
<xml><ToUserName><![CDATA[gh_081ee8610e82]]></ToUserName>
<FromUserName><![CDATA[ohNDtvv8PDFqifacH9rwLYMejnDw]]></FromUserName>
<CreateTime>1464597440</CreateTime>
<MsgType><![CDATA[event]]></MsgType>
<Event><![CDATA[VIEW]]></Event>
<EventKey><![CDATA[http://www.9kpu.com/app/index.php?i=4&c=entry&eid=1]]></EventKey>
<MenuId>404202786</MenuId>
</xml>

2016-05-30 16:37:20 params :
------------
Array:
message : Array ;
module : basic ;
rule : 13 ;
priority : 0 ;
keyword : Array ;

2016-05-30 16:37:20 response :
------------
Array:
FromUserName : gh_081ee8610e82 ;
ToUserName : ohNDtvv8PDFqifacH9rwLYMejnDw ;
MsgType : text ;
Content : 等你好久了，智慧微校欢迎您。如果您是来逛逛的，请点开微官网查看我们学校的介绍信息。如果您是家长，请点开学生中心，用您家孩子姓名与学号绑定，就可尽情使用微校功能。如果您是老师，请点开微办公，用系统分配的账号与密码完成绑定，使用微校完成家校互动。 ;

2016-05-30 16:43:36 trace :
------------
String:
<xml><ToUserName><![CDATA[gh_e7a0c8306261]]></ToUserName>
<FromUserName><![CDATA[oRj-Fs-PhyPTkIQtO_xnTG8cJwlQ]]></FromUserName>
<CreateTime>1464597816</CreateTime>
<MsgType><![CDATA[event]]></MsgType>
<Event><![CDATA[VIEW]]></Event>
<EventKey><![CDATA[http://www.9kpu.com/app/index.php?i=13&c=entry&eid=1]]></EventKey>
<MenuId>408332563</MenuId>
</xml>

2016-05-30 16:43:36 params :
------------
Array:
message : Array ;
module : basic ;
rule : 22 ;
priority : 0 ;
keyword : Array ;

2016-05-30 16:43:36 response :
------------
Array:
FromUserName : gh_e7a0c8306261 ;
ToUserName : oRj-Fs-PhyPTkIQtO_xnTG8cJwlQ ;
MsgType : text ;
Content : 欢迎关注同城学堂，点击微官网查看本学校介绍信息，家长点击学生天地绑定自己小孩信息使用，老师点击教师信息绑定自己账号使用 ;

2016-05-30 16:45:31 trace :
------------
String:
<xml><ToUserName><![CDATA[gh_e7a0c8306261]]></ToUserName>
<FromUserName><![CDATA[oRj-Fs-PhyPTkIQtO_xnTG8cJwlQ]]></FromUserName>
<CreateTime>1464597931</CreateTime>
<MsgType><![CDATA[event]]></MsgType>
<Event><![CDATA[VIEW]]></Event>
<EventKey><![CDATA[http://www.9kpu.com/app/index.php?i=13&c=entry&eid=2]]></EventKey>
<MenuId>408332563</MenuId>
</xml>

2016-05-30 16:45:31 params :
------------
Array:
message : Array ;
module : basic ;
rule : 22 ;
priority : 0 ;
keyword : Array ;

2016-05-30 16:45:31 response :
------------
Array:
FromUserName : gh_e7a0c8306261 ;
ToUserName : oRj-Fs-PhyPTkIQtO_xnTG8cJwlQ ;
MsgType : text ;
Content : 欢迎关注同城学堂，点击微官网查看本学校介绍信息，家长点击学生天地绑定自己小孩信息使用，老师点击教师信息绑定自己账号使用 ;

2016-05-30 16:49:54 trace :
------------
String:
<xml><ToUserName><![CDATA[gh_e7a0c8306261]]></ToUserName>
<FromUserName><![CDATA[oRj-Fs0-58f1Xolgz7rNR5ZNmCik]]></FromUserName>
<CreateTime>1464598194</CreateTime>
<MsgType><![CDATA[event]]></MsgType>
<Event><![CDATA[VIEW]]></Event>
<EventKey><![CDATA[http://www.9kpu.com/app/index.php?i=13&c=home&]]></EventKey>
<MenuId>408332563</MenuId>
</xml>

2016-05-30 16:49:54 params :
------------
Array:
message : Array ;
module : basic ;
rule : 22 ;
priority : 0 ;
keyword : Array ;

2016-05-30 16:49:54 response :
------------
Array:
FromUserName : gh_e7a0c8306261 ;
ToUserName : oRj-Fs0-58f1Xolgz7rNR5ZNmCik ;
MsgType : text ;
Content : 欢迎关注同城学堂，点击微官网查看本学校介绍信息，家长点击学生天地绑定自己小孩信息使用，老师点击教师信息绑定自己账号使用 ;

2016-05-30 16:50:30 trace :
------------
String:
<xml><ToUserName><![CDATA[gh_e7a0c8306261]]></ToUserName>
<FromUserName><![CDATA[oRj-Fs0-58f1Xolgz7rNR5ZNmCik]]></FromUserName>
<CreateTime>1464598230</CreateTime>
<MsgType><![CDATA[event]]></MsgType>
<Event><![CDATA[VIEW]]></Event>
<EventKey><![CDATA[http://www.9kpu.com/app/index.php?i=13&c=home&]]></EventKey>
<MenuId>408332563</MenuId>
</xml>

2016-05-30 16:50:30 params :
------------
Array:
message : Array ;
module : basic ;
rule : 22 ;
priority : 0 ;
keyword : Array ;

2016-05-30 16:50:30 response :
------------
Array:
FromUserName : gh_e7a0c8306261 ;
ToUserName : oRj-Fs0-58f1Xolgz7rNR5ZNmCik ;
MsgType : text ;
Content : 欢迎关注同城学堂，点击微官网查看本学校介绍信息，家长点击学生天地绑定自己小孩信息使用，老师点击教师信息绑定自己账号使用 ;

2016-05-30 16:53:26 trace :
------------
String:
<xml><ToUserName><![CDATA[gh_081ee8610e82]]></ToUserName>
<FromUserName><![CDATA[ohNDtvv1t-_a65jcwSqD5QvOtTHM]]></FromUserName>
<CreateTime>1464598406</CreateTime>
<MsgType><![CDATA[event]]></MsgType>
<Event><![CDATA[VIEW]]></Event>
<EventKey><![CDATA[http://official.weixiao100.cn/custom/v3/index.html?schoolCode=zscy001&cropId=wx29a48dfc48fb3877&t=1461379426737]]></EventKey>
<MenuId>404202786</MenuId>
</xml>

2016-05-30 16:53:26 params :
------------
Array:
message : Array ;
module : basic ;
rule : 13 ;
priority : 0 ;
keyword : Array ;

2016-05-30 16:53:26 response :
------------
Array:
FromUserName : gh_081ee8610e82 ;
ToUserName : ohNDtvv1t-_a65jcwSqD5QvOtTHM ;
MsgType : text ;
Content : 等你好久了，智慧微校欢迎您。如果您是来逛逛的，请点开微官网查看我们学校的介绍信息。如果您是家长，请点开学生中心，用您家孩子姓名与学号绑定，就可尽情使用微校功能。如果您是老师，请点开微办公，用系统分配的账号与密码完成绑定，使用微校完成家校互动。 ;

2016-05-30 17:01:47 trace :
------------
String:
<xml><ToUserName><![CDATA[gh_081ee8610e82]]></ToUserName>
<FromUserName><![CDATA[ohNDtvv8PDFqifacH9rwLYMejnDw]]></FromUserName>
<CreateTime>1464598906</CreateTime>
<MsgType><![CDATA[event]]></MsgType>
<Event><![CDATA[VIEW]]></Event>
<EventKey><![CDATA[http://www.9kpu.com/app/index.php?i=4&c=entry&eid=2]]></EventKey>
<MenuId>404202786</MenuId>
</xml>

2016-05-30 17:01:47 params :
------------
Array:
message : Array ;
module : basic ;
rule : 13 ;
priority : 0 ;
keyword : Array ;

2016-05-30 17:01:47 response :
------------
Array:
FromUserName : gh_081ee8610e82 ;
ToUserName : ohNDtvv8PDFqifacH9rwLYMejnDw ;
MsgType : text ;
Content : 等你好久了，智慧微校欢迎您。如果您是来逛逛的，请点开微官网查看我们学校的介绍信息。如果您是家长，请点开学生中心，用您家孩子姓名与学号绑定，就可尽情使用微校功能。如果您是老师，请点开微办公，用系统分配的账号与密码完成绑定，使用微校完成家校互动。 ;

2016-05-30 17:02:09 trace :
------------
String:
<xml><ToUserName><![CDATA[gh_081ee8610e82]]></ToUserName>
<FromUserName><![CDATA[ohNDtvv8PDFqifacH9rwLYMejnDw]]></FromUserName>
<CreateTime>1464598929</CreateTime>
<MsgType><![CDATA[event]]></MsgType>
<Event><![CDATA[VIEW]]></Event>
<EventKey><![CDATA[http://www.9kpu.com/app/index.php?i=4&c=entry&eid=2]]></EventKey>
<MenuId>404202786</MenuId>
</xml>

2016-05-30 17:02:09 params :
------------
Array:
message : Array ;
module : basic ;
rule : 13 ;
priority : 0 ;
keyword : Array ;

2016-05-30 17:02:09 response :
------------
Array:
FromUserName : gh_081ee8610e82 ;
ToUserName : ohNDtvv8PDFqifacH9rwLYMejnDw ;
MsgType : text ;
Content : 等你好久了，智慧微校欢迎您。如果您是来逛逛的，请点开微官网查看我们学校的介绍信息。如果您是家长，请点开学生中心，用您家孩子姓名与学号绑定，就可尽情使用微校功能。如果您是老师，请点开微办公，用系统分配的账号与密码完成绑定，使用微校完成家校互动。 ;

2016-05-30 17:02:33 trace :
------------
String:
<xml><ToUserName><![CDATA[gh_081ee8610e82]]></ToUserName>
<FromUserName><![CDATA[ohNDtvv8PDFqifacH9rwLYMejnDw]]></FromUserName>
<CreateTime>1464598953</CreateTime>
<MsgType><![CDATA[event]]></MsgType>
<Event><![CDATA[VIEW]]></Event>
<EventKey><![CDATA[http://www.9kpu.com/app/index.php?i=4&c=entry&eid=1]]></EventKey>
<MenuId>404202786</MenuId>
</xml>

2016-05-30 17:02:33 params :
------------
Array:
message : Array ;
module : basic ;
rule : 13 ;
priority : 0 ;
keyword : Array ;

2016-05-30 17:02:33 response :
------------
Array:
FromUserName : gh_081ee8610e82 ;
ToUserName : ohNDtvv8PDFqifacH9rwLYMejnDw ;
MsgType : text ;
Content : 等你好久了，智慧微校欢迎您。如果您是来逛逛的，请点开微官网查看我们学校的介绍信息。如果您是家长，请点开学生中心，用您家孩子姓名与学号绑定，就可尽情使用微校功能。如果您是老师，请点开微办公，用系统分配的账号与密码完成绑定，使用微校完成家校互动。 ;

2016-05-30 17:02:41 trace :
------------
String:
<xml><ToUserName><![CDATA[gh_081ee8610e82]]></ToUserName>
<FromUserName><![CDATA[ohNDtvv8PDFqifacH9rwLYMejnDw]]></FromUserName>
<CreateTime>1464598961</CreateTime>
<MsgType><![CDATA[event]]></MsgType>
<Event><![CDATA[VIEW]]></Event>
<EventKey><![CDATA[http://official.weixiao100.cn/custom/v3/index.html?schoolCode=zscy001&cropId=wx29a48dfc48fb3877&t=1461379426737]]></EventKey>
<MenuId>404202786</MenuId>
</xml>

2016-05-30 17:02:41 params :
------------
Array:
message : Array ;
module : basic ;
rule : 13 ;
priority : 0 ;
keyword : Array ;

2016-05-30 17:02:41 response :
------------
Array:
FromUserName : gh_081ee8610e82 ;
ToUserName : ohNDtvv8PDFqifacH9rwLYMejnDw ;
MsgType : text ;
Content : 等你好久了，智慧微校欢迎您。如果您是来逛逛的，请点开微官网查看我们学校的介绍信息。如果您是家长，请点开学生中心，用您家孩子姓名与学号绑定，就可尽情使用微校功能。如果您是老师，请点开微办公，用系统分配的账号与密码完成绑定，使用微校完成家校互动。 ;

2016-05-30 17:33:02 trace :
------------
String:
<xml><ToUserName><![CDATA[gh_e7a0c8306261]]></ToUserName>
<FromUserName><![CDATA[oRj-Fs-PhyPTkIQtO_xnTG8cJwlQ]]></FromUserName>
<CreateTime>1464600782</CreateTime>
<MsgType><![CDATA[event]]></MsgType>
<Event><![CDATA[VIEW]]></Event>
<EventKey><![CDATA[http://www.9kpu.com/app/index.php?i=13&c=entry&eid=1]]></EventKey>
<MenuId>408332563</MenuId>
</xml>

2016-05-30 17:33:02 params :
------------
Array:
message : Array ;
module : basic ;
rule : 22 ;
priority : 0 ;
keyword : Array ;

2016-05-30 17:33:02 response :
------------
Array:
FromUserName : gh_e7a0c8306261 ;
ToUserName : oRj-Fs-PhyPTkIQtO_xnTG8cJwlQ ;
MsgType : text ;
Content : 欢迎关注同城学堂，点击微官网查看本学校介绍信息，家长点击学生天地绑定自己小孩信息使用，老师点击教师信息绑定自己账号使用 ;

2016-05-30 18:20:20 trace :
------------
String:
<xml><ToUserName><![CDATA[gh_081ee8610e82]]></ToUserName>
<FromUserName><![CDATA[ohNDtvmkH5hPI_vr3_7pO0Ijn9kU]]></FromUserName>
<CreateTime>1464603620</CreateTime>
<MsgType><![CDATA[event]]></MsgType>
<Event><![CDATA[VIEW]]></Event>
<EventKey><![CDATA[http://official.weixiao100.cn/custom/v3/index.html?schoolCode=zscy001&cropId=wx29a48dfc48fb3877&t=1461379426737]]></EventKey>
<MenuId>404202786</MenuId>
</xml>

2016-05-30 18:20:20 params :
------------
Array:
message : Array ;
module : basic ;
rule : 13 ;
priority : 0 ;
keyword : Array ;

2016-05-30 18:20:20 response :
------------
Array:
FromUserName : gh_081ee8610e82 ;
ToUserName : ohNDtvmkH5hPI_vr3_7pO0Ijn9kU ;
MsgType : text ;
Content : 等你好久了，智慧微校欢迎您。如果您是来逛逛的，请点开微官网查看我们学校的介绍信息。如果您是家长，请点开学生中心，用您家孩子姓名与学号绑定，就可尽情使用微校功能。如果您是老师，请点开微办公，用系统分配的账号与密码完成绑定，使用微校完成家校互动。 ;

2016-05-30 18:20:26 trace :
------------
String:
<xml><ToUserName><![CDATA[gh_081ee8610e82]]></ToUserName>
<FromUserName><![CDATA[ohNDtvmkH5hPI_vr3_7pO0Ijn9kU]]></FromUserName>
<CreateTime>1464603626</CreateTime>
<MsgType><![CDATA[event]]></MsgType>
<Event><![CDATA[VIEW]]></Event>
<EventKey><![CDATA[http://www.9kpu.com/app/index.php?i=4&c=entry&eid=2]]></EventKey>
<MenuId>404202786</MenuId>
</xml>

2016-05-30 18:20:26 params :
------------
Array:
message : Array ;
module : basic ;
rule : 13 ;
priority : 0 ;
keyword : Array ;

2016-05-30 18:20:26 response :
------------
Array:
FromUserName : gh_081ee8610e82 ;
ToUserName : ohNDtvmkH5hPI_vr3_7pO0Ijn9kU ;
MsgType : text ;
Content : 等你好久了，智慧微校欢迎您。如果您是来逛逛的，请点开微官网查看我们学校的介绍信息。如果您是家长，请点开学生中心，用您家孩子姓名与学号绑定，就可尽情使用微校功能。如果您是老师，请点开微办公，用系统分配的账号与密码完成绑定，使用微校完成家校互动。 ;

2016-05-30 18:20:34 trace :
------------
String:
<xml><ToUserName><![CDATA[gh_081ee8610e82]]></ToUserName>
<FromUserName><![CDATA[ohNDtvmkH5hPI_vr3_7pO0Ijn9kU]]></FromUserName>
<CreateTime>1464603634</CreateTime>
<MsgType><![CDATA[event]]></MsgType>
<Event><![CDATA[VIEW]]></Event>
<EventKey><![CDATA[http://www.9kpu.com/app/index.php?i=4&c=entry&eid=1]]></EventKey>
<MenuId>404202786</MenuId>
</xml>

2016-05-30 18:20:34 params :
------------
Array:
message : Array ;
module : basic ;
rule : 13 ;
priority : 0 ;
keyword : Array ;

2016-05-30 18:20:34 response :
------------
Array:
FromUserName : gh_081ee8610e82 ;
ToUserName : ohNDtvmkH5hPI_vr3_7pO0Ijn9kU ;
MsgType : text ;
Content : 等你好久了，智慧微校欢迎您。如果您是来逛逛的，请点开微官网查看我们学校的介绍信息。如果您是家长，请点开学生中心，用您家孩子姓名与学号绑定，就可尽情使用微校功能。如果您是老师，请点开微办公，用系统分配的账号与密码完成绑定，使用微校完成家校互动。 ;

2016-05-30 18:22:18 trace :
------------
String:
<xml><ToUserName><![CDATA[gh_081ee8610e82]]></ToUserName>
<FromUserName><![CDATA[ohNDtvpv4aB_qKO3qoLDiZ0gCFF4]]></FromUserName>
<CreateTime>1464603738</CreateTime>
<MsgType><![CDATA[event]]></MsgType>
<Event><![CDATA[VIEW]]></Event>
<EventKey><![CDATA[http://official.weixiao100.cn/custom/v3/index.html?schoolCode=zscy001&cropId=wx29a48dfc48fb3877&t=1461379426737]]></EventKey>
<MenuId>404202786</MenuId>
</xml>

2016-05-30 18:22:18 params :
------------
Array:
message : Array ;
module : basic ;
rule : 13 ;
priority : 0 ;
keyword : Array ;

2016-05-30 18:22:18 response :
------------
Array:
FromUserName : gh_081ee8610e82 ;
ToUserName : ohNDtvpv4aB_qKO3qoLDiZ0gCFF4 ;
MsgType : text ;
Content : 等你好久了，智慧微校欢迎您。如果您是来逛逛的，请点开微官网查看我们学校的介绍信息。如果您是家长，请点开学生中心，用您家孩子姓名与学号绑定，就可尽情使用微校功能。如果您是老师，请点开微办公，用系统分配的账号与密码完成绑定，使用微校完成家校互动。 ;

2016-05-30 19:37:40 trace :
------------
String:
<xml><ToUserName><![CDATA[gh_e7a0c8306261]]></ToUserName>
<FromUserName><![CDATA[oRj-FsxemEjMM3YvEtpMovS657bg]]></FromUserName>
<CreateTime>1464608260</CreateTime>
<MsgType><![CDATA[event]]></MsgType>
<Event><![CDATA[unsubscribe]]></Event>
<EventKey><![CDATA[]]></EventKey>
</xml>

2016-05-30 23:18:25 trace :
------------
String:
<xml><ToUserName><![CDATA[gh_081ee8610e82]]></ToUserName>
<FromUserName><![CDATA[ohNDtvpv4aB_qKO3qoLDiZ0gCFF4]]></FromUserName>
<CreateTime>1464621505</CreateTime>
<MsgType><![CDATA[event]]></MsgType>
<Event><![CDATA[VIEW]]></Event>
<EventKey><![CDATA[http://official.weixiao100.cn/custom/v3/index.html?schoolCode=zscy001&cropId=wx29a48dfc48fb3877&t=1461379426737]]></EventKey>
<MenuId>404202786</MenuId>
</xml>

2016-05-30 23:18:25 params :
------------
Array:
message : Array ;
module : basic ;
rule : 13 ;
priority : 0 ;
keyword : Array ;

2016-05-30 23:18:25 response :
------------
Array:
FromUserName : gh_081ee8610e82 ;
ToUserName : ohNDtvpv4aB_qKO3qoLDiZ0gCFF4 ;
MsgType : text ;
Content : 等你好久了，智慧微校欢迎您。如果您是来逛逛的，请点开微官网查看我们学校的介绍信息。如果您是家长，请点开学生中心，用您家孩子姓名与学号绑定，就可尽情使用微校功能。如果您是老师，请点开微办公，用系统分配的账号与密码完成绑定，使用微校完成家校互动。 ;

2016-05-30 23:19:10 trace :
------------
String:
<xml><ToUserName><![CDATA[gh_081ee8610e82]]></ToUserName>
<FromUserName><![CDATA[ohNDtvpv4aB_qKO3qoLDiZ0gCFF4]]></FromUserName>
<CreateTime>1464621550</CreateTime>
<MsgType><![CDATA[event]]></MsgType>
<Event><![CDATA[VIEW]]></Event>
<EventKey><![CDATA[http://www.9kpu.com/app/index.php?i=4&c=entry&eid=1]]></EventKey>
<MenuId>404202786</MenuId>
</xml>

2016-05-30 23:19:10 params :
------------
Array:
message : Array ;
module : basic ;
rule : 13 ;
priority : 0 ;
keyword : Array ;

2016-05-30 23:19:10 response :
------------
Array:
FromUserName : gh_081ee8610e82 ;
ToUserName : ohNDtvpv4aB_qKO3qoLDiZ0gCFF4 ;
MsgType : text ;
Content : 等你好久了，智慧微校欢迎您。如果您是来逛逛的，请点开微官网查看我们学校的介绍信息。如果您是家长，请点开学生中心，用您家孩子姓名与学号绑定，就可尽情使用微校功能。如果您是老师，请点开微办公，用系统分配的账号与密码完成绑定，使用微校完成家校互动。 ;

2016-05-30 23:19:18 trace :
------------
String:
<xml><ToUserName><![CDATA[gh_081ee8610e82]]></ToUserName>
<FromUserName><![CDATA[ohNDtvpv4aB_qKO3qoLDiZ0gCFF4]]></FromUserName>
<CreateTime>1464621558</CreateTime>
<MsgType><![CDATA[event]]></MsgType>
<Event><![CDATA[VIEW]]></Event>
<EventKey><![CDATA[http://official.weixiao100.cn/custom/v3/index.html?schoolCode=zscy001&cropId=wx29a48dfc48fb3877&t=1461379426737]]></EventKey>
<MenuId>404202786</MenuId>
</xml>

2016-05-30 23:19:18 params :
------------
Array:
message : Array ;
module : basic ;
rule : 13 ;
priority : 0 ;
keyword : Array ;

2016-05-30 23:19:18 response :
------------
Array:
FromUserName : gh_081ee8610e82 ;
ToUserName : ohNDtvpv4aB_qKO3qoLDiZ0gCFF4 ;
MsgType : text ;
Content : 等你好久了，智慧微校欢迎您。如果您是来逛逛的，请点开微官网查看我们学校的介绍信息。如果您是家长，请点开学生中心，用您家孩子姓名与学号绑定，就可尽情使用微校功能。如果您是老师，请点开微办公，用系统分配的账号与密码完成绑定，使用微校完成家校互动。 ;

2016-05-30 23:19:21 trace :
------------
String:
<xml><ToUserName><![CDATA[gh_081ee8610e82]]></ToUserName>
<FromUserName><![CDATA[ohNDtvpv4aB_qKO3qoLDiZ0gCFF4]]></FromUserName>
<CreateTime>1464621561</CreateTime>
<MsgType><![CDATA[event]]></MsgType>
<Event><![CDATA[VIEW]]></Event>
<EventKey><![CDATA[http://www.9kpu.com/app/index.php?i=4&c=entry&eid=2]]></EventKey>
<MenuId>404202786</MenuId>
</xml>

2016-05-30 23:19:21 params :
------------
Array:
message : Array ;
module : basic ;
rule : 13 ;
priority : 0 ;
keyword : Array ;

2016-05-30 23:19:21 response :
------------
Array:
FromUserName : gh_081ee8610e82 ;
ToUserName : ohNDtvpv4aB_qKO3qoLDiZ0gCFF4 ;
MsgType : text ;
Content : 等你好久了，智慧微校欢迎您。如果您是来逛逛的，请点开微官网查看我们学校的介绍信息。如果您是家长，请点开学生中心，用您家孩子姓名与学号绑定，就可尽情使用微校功能。如果您是老师，请点开微办公，用系统分配的账号与密码完成绑定，使用微校完成家校互动。 ;

2016-05-30 23:19:45 trace :
------------
String:
<xml><ToUserName><![CDATA[gh_081ee8610e82]]></ToUserName>
<FromUserName><![CDATA[ohNDtvpv4aB_qKO3qoLDiZ0gCFF4]]></FromUserName>
<CreateTime>1464621585</CreateTime>
<MsgType><![CDATA[event]]></MsgType>
<Event><![CDATA[VIEW]]></Event>
<EventKey><![CDATA[http://official.weixiao100.cn/custom/v3/index.html?schoolCode=zscy001&cropId=wx29a48dfc48fb3877&t=1461379426737]]></EventKey>
<MenuId>404202786</MenuId>
</xml>

2016-05-30 23:19:45 params :
------------
Array:
message : Array ;
module : basic ;
rule : 13 ;
priority : 0 ;
keyword : Array ;

2016-05-30 23:19:45 response :
------------
Array:
FromUserName : gh_081ee8610e82 ;
ToUserName : ohNDtvpv4aB_qKO3qoLDiZ0gCFF4 ;
MsgType : text ;
Content : 等你好久了，智慧微校欢迎您。如果您是来逛逛的，请点开微官网查看我们学校的介绍信息。如果您是家长，请点开学生中心，用您家孩子姓名与学号绑定，就可尽情使用微校功能。如果您是老师，请点开微办公，用系统分配的账号与密码完成绑定，使用微校完成家校互动。 ;

