2016-09-11 08:41:21 trace :
------------
String:
<xml><ToUserName><![CDATA[gh_2a16c32dff4b]]></ToUserName>
<FromUserName><![CDATA[oZF73wAKimMU1XufzSoWnPXuf02w]]></FromUserName>
<CreateTime>1473554481</CreateTime>
<MsgType><![CDATA[event]]></MsgType>
<Event><![CDATA[VIEW]]></Event>
<EventKey><![CDATA[http://www.9kpu.com/app/index.php?i=26&c=home&]]></EventKey>
<MenuId>443004588</MenuId>
</xml>

2016-09-11 08:41:21 params :
------------
Array:
message : Array ;
module : news ;
rule : 56 ;
priority : 0 ;
keyword : Array ;

2016-09-11 08:41:21 response :
------------
Array:
FromUserName : gh_2a16c32dff4b ;
ToUserName : oZF73wAKimMU1XufzSoWnPXuf02w ;
MsgType : news ;
ArticleCount : 1 ;
Articles : Array ;

2016-09-11 09:07:47 trace :
------------
String:
<xml><ToUserName><![CDATA[gh_2a16c32dff4b]]></ToUserName>
<FromUserName><![CDATA[oZF73wMezSOkH2Qg5cgDZ8NZYCQU]]></FromUserName>
<CreateTime>1473556067</CreateTime>
<MsgType><![CDATA[event]]></MsgType>
<Event><![CDATA[VIEW]]></Event>
<EventKey><![CDATA[http://www.9kpu.com/app/index.php?i=26&c=home&t=37]]></EventKey>
<MenuId>443004588</MenuId>
</xml>

2016-09-11 09:07:47 params :
------------
Array:
message : Array ;
module : news ;
rule : 56 ;
priority : 0 ;
keyword : Array ;

2016-09-11 09:07:47 response :
------------
Array:
FromUserName : gh_2a16c32dff4b ;
ToUserName : oZF73wMezSOkH2Qg5cgDZ8NZYCQU ;
MsgType : news ;
ArticleCount : 1 ;
Articles : Array ;

2016-09-11 09:15:59 trace :
------------
String:
<xml><ToUserName><![CDATA[gh_2a16c32dff4b]]></ToUserName>
<FromUserName><![CDATA[oZF73wMezSOkH2Qg5cgDZ8NZYCQU]]></FromUserName>
<CreateTime>1473556559</CreateTime>
<MsgType><![CDATA[event]]></MsgType>
<Event><![CDATA[VIEW]]></Event>
<EventKey><![CDATA[http://www.9kpu.com/app/index.php?i=26&c=entry&eid=1]]></EventKey>
<MenuId>443004588</MenuId>
</xml>

2016-09-11 09:15:59 params :
------------
Array:
message : Array ;
module : news ;
rule : 56 ;
priority : 0 ;
keyword : Array ;

2016-09-11 09:15:59 response :
------------
Array:
FromUserName : gh_2a16c32dff4b ;
ToUserName : oZF73wMezSOkH2Qg5cgDZ8NZYCQU ;
MsgType : news ;
ArticleCount : 1 ;
Articles : Array ;

2016-09-11 09:16:17 trace :
------------
String:
<xml><ToUserName><![CDATA[gh_2a16c32dff4b]]></ToUserName>
<FromUserName><![CDATA[oZF73wMezSOkH2Qg5cgDZ8NZYCQU]]></FromUserName>
<CreateTime>1473556577</CreateTime>
<MsgType><![CDATA[event]]></MsgType>
<Event><![CDATA[VIEW]]></Event>
<EventKey><![CDATA[http://www.9kpu.com/app/index.php?i=26&c=entry&do=teaIn&m=lianhu_school]]></EventKey>
<MenuId>443004588</MenuId>
</xml>

2016-09-11 09:16:17 params :
------------
Array:
message : Array ;
module : news ;
rule : 56 ;
priority : 0 ;
keyword : Array ;

2016-09-11 09:16:17 response :
------------
Array:
FromUserName : gh_2a16c32dff4b ;
ToUserName : oZF73wMezSOkH2Qg5cgDZ8NZYCQU ;
MsgType : news ;
ArticleCount : 1 ;
Articles : Array ;

2016-09-11 09:16:18 trace :
------------
String:
<xml><ToUserName><![CDATA[gh_2a16c32dff4b]]></ToUserName>
<FromUserName><![CDATA[oZF73wMezSOkH2Qg5cgDZ8NZYCQU]]></FromUserName>
<CreateTime>1473556578</CreateTime>
<MsgType><![CDATA[event]]></MsgType>
<Event><![CDATA[VIEW]]></Event>
<EventKey><![CDATA[http://www.9kpu.com/app/index.php?i=26&c=entry&do=teaIn&m=lianhu_school]]></EventKey>
<MenuId>443004588</MenuId>
</xml>

2016-09-11 09:16:18 params :
------------
Array:
message : Array ;
module : news ;
rule : 56 ;
priority : 0 ;
keyword : Array ;

2016-09-11 09:16:18 response :
------------
Array:
FromUserName : gh_2a16c32dff4b ;
ToUserName : oZF73wMezSOkH2Qg5cgDZ8NZYCQU ;
MsgType : news ;
ArticleCount : 1 ;
Articles : Array ;

2016-09-11 09:16:31 trace :
------------
String:
<xml><ToUserName><![CDATA[gh_2a16c32dff4b]]></ToUserName>
<FromUserName><![CDATA[oZF73wMezSOkH2Qg5cgDZ8NZYCQU]]></FromUserName>
<CreateTime>1473556591</CreateTime>
<MsgType><![CDATA[event]]></MsgType>
<Event><![CDATA[VIEW]]></Event>
<EventKey><![CDATA[http://www.9kpu.com/app/index.php?i=26&c=home&t=37]]></EventKey>
<MenuId>443004588</MenuId>
</xml>

2016-09-11 09:16:31 params :
------------
Array:
message : Array ;
module : news ;
rule : 56 ;
priority : 0 ;
keyword : Array ;

2016-09-11 09:16:31 response :
------------
Array:
FromUserName : gh_2a16c32dff4b ;
ToUserName : oZF73wMezSOkH2Qg5cgDZ8NZYCQU ;
MsgType : news ;
ArticleCount : 1 ;
Articles : Array ;

2016-09-11 10:44:05 trace :
------------
String:
<xml><ToUserName><![CDATA[gh_2a16c32dff4b]]></ToUserName>
<FromUserName><![CDATA[oZF73wEx3YMCKoliXLc3_oo4jYsw]]></FromUserName>
<CreateTime>1473561845</CreateTime>
<MsgType><![CDATA[event]]></MsgType>
<Event><![CDATA[VIEW]]></Event>
<EventKey><![CDATA[http://www.9kpu.com/app/index.php?i=26&c=entry&do=teaIn&m=lianhu_school]]></EventKey>
<MenuId>443004588</MenuId>
</xml>

2016-09-11 10:44:05 params :
------------
Array:
message : Array ;
module : news ;
rule : 56 ;
priority : 0 ;
keyword : Array ;

2016-09-11 10:44:05 response :
------------
Array:
FromUserName : gh_2a16c32dff4b ;
ToUserName : oZF73wEx3YMCKoliXLc3_oo4jYsw ;
MsgType : news ;
ArticleCount : 1 ;
Articles : Array ;

2016-09-11 10:58:05 trace :
------------
String:
<xml><ToUserName><![CDATA[gh_4e0c181b7380]]></ToUserName>
<FromUserName><![CDATA[oxtWnv-CVluHysFeCaUiq5-o-0MQ]]></FromUserName>
<CreateTime>1473562685</CreateTime>
<MsgType><![CDATA[event]]></MsgType>
<Event><![CDATA[VIEW]]></Event>
<EventKey><![CDATA[http://www.9kpu.com/app/index.php?i=27&c=home&]]></EventKey>
<MenuId>431335658</MenuId>
</xml>

2016-09-11 10:58:05 params :
------------
Array:
message : Array ;
module : default ;
rule : -1 ;

2016-09-11 10:58:05 response :
------------
Array:
params : Array ;

2016-09-11 10:59:49 trace :
------------
String:
<xml><ToUserName><![CDATA[gh_4e0c181b7380]]></ToUserName>
<FromUserName><![CDATA[oxtWnv-CVluHysFeCaUiq5-o-0MQ]]></FromUserName>
<CreateTime>1473562789</CreateTime>
<MsgType><![CDATA[event]]></MsgType>
<Event><![CDATA[VIEW]]></Event>
<EventKey><![CDATA[http://www.9kpu.com/app/index.php?i=27&c=entry&eid=2]]></EventKey>
<MenuId>431335658</MenuId>
</xml>

2016-09-11 10:59:49 params :
------------
Array:
message : Array ;
module : default ;
rule : -1 ;

2016-09-11 10:59:49 response :
------------
Array:
params : Array ;

2016-09-11 11:01:03 trace :
------------
String:
<xml><ToUserName><![CDATA[gh_4e0c181b7380]]></ToUserName>
<FromUserName><![CDATA[oxtWnv-CVluHysFeCaUiq5-o-0MQ]]></FromUserName>
<CreateTime>1473562863</CreateTime>
<MsgType><![CDATA[event]]></MsgType>
<Event><![CDATA[VIEW]]></Event>
<EventKey><![CDATA[http://www.9kpu.com/app/index.php?i=25&c=entry&do=bangding&m=lianhu_school]]></EventKey>
<MenuId>431335658</MenuId>
</xml>

2016-09-11 11:01:03 params :
------------
Array:
message : Array ;
module : default ;
rule : -1 ;

2016-09-11 11:01:03 response :
------------
Array:
params : Array ;

2016-09-11 11:01:10 trace :
------------
String:
<xml><ToUserName><![CDATA[gh_4e0c181b7380]]></ToUserName>
<FromUserName><![CDATA[oxtWnv-CVluHysFeCaUiq5-o-0MQ]]></FromUserName>
<CreateTime>1473562870</CreateTime>
<MsgType><![CDATA[event]]></MsgType>
<Event><![CDATA[VIEW]]></Event>
<EventKey><![CDATA[http://www.9kpu.com/app/index.php?i=27&c=home&]]></EventKey>
<MenuId>431335658</MenuId>
</xml>

2016-09-11 11:01:10 params :
------------
Array:
message : Array ;
module : default ;
rule : -1 ;

2016-09-11 11:01:10 response :
------------
Array:
params : Array ;

2016-09-11 11:03:34 trace :
------------
String:
<xml><ToUserName><![CDATA[gh_4e0c181b7380]]></ToUserName>
<FromUserName><![CDATA[oxtWnv4U10jKhNEUMt9LUe6ySWVc]]></FromUserName>
<CreateTime>1473563014</CreateTime>
<MsgType><![CDATA[event]]></MsgType>
<Event><![CDATA[subscribe]]></Event>
<EventKey><![CDATA[]]></EventKey>
</xml>

2016-09-11 11:03:34 params :
------------
Array:
message : Array ;
module : default ;
rule : -1 ;

2016-09-11 11:03:34 response :
------------
Array:
params : Array ;

2016-09-11 11:03:36 trace :
------------
String:
<xml><ToUserName><![CDATA[gh_4e0c181b7380]]></ToUserName>
<FromUserName><![CDATA[oxtWnv4U10jKhNEUMt9LUe6ySWVc]]></FromUserName>
<CreateTime>1473563016</CreateTime>
<MsgType><![CDATA[event]]></MsgType>
<Event><![CDATA[VIEW]]></Event>
<EventKey><![CDATA[http://www.9kpu.com/app/index.php?i=27&c=home&]]></EventKey>
<MenuId>431335658</MenuId>
</xml>

2016-09-11 11:03:36 params :
------------
Array:
message : Array ;
module : default ;
rule : -1 ;

2016-09-11 11:03:36 response :
------------
Array:
params : Array ;

2016-09-11 11:03:41 trace :
------------
String:
<xml><ToUserName><![CDATA[gh_4e0c181b7380]]></ToUserName>
<FromUserName><![CDATA[oxtWnv4U10jKhNEUMt9LUe6ySWVc]]></FromUserName>
<CreateTime>1473563021</CreateTime>
<MsgType><![CDATA[event]]></MsgType>
<Event><![CDATA[VIEW]]></Event>
<EventKey><![CDATA[http://www.9kpu.com/app/index.php?i=27&c=entry&eid=1]]></EventKey>
<MenuId>431335658</MenuId>
</xml>

2016-09-11 11:03:41 params :
------------
Array:
message : Array ;
module : default ;
rule : -1 ;

2016-09-11 11:03:41 response :
------------
Array:
params : Array ;

2016-09-11 11:04:16 trace :
------------
String:
<xml><ToUserName><![CDATA[gh_4e0c181b7380]]></ToUserName>
<FromUserName><![CDATA[oxtWnv4U10jKhNEUMt9LUe6ySWVc]]></FromUserName>
<CreateTime>1473563056</CreateTime>
<MsgType><![CDATA[event]]></MsgType>
<Event><![CDATA[VIEW]]></Event>
<EventKey><![CDATA[http://www.9kpu.com/app/index.php?i=27&c=entry&eid=2]]></EventKey>
<MenuId>431335658</MenuId>
</xml>

2016-09-11 11:04:16 params :
------------
Array:
message : Array ;
module : default ;
rule : -1 ;

2016-09-11 11:04:16 response :
------------
Array:
params : Array ;

2016-09-11 11:04:21 trace :
------------
String:
<xml><ToUserName><![CDATA[gh_4e0c181b7380]]></ToUserName>
<FromUserName><![CDATA[oxtWnv4U10jKhNEUMt9LUe6ySWVc]]></FromUserName>
<CreateTime>1473563061</CreateTime>
<MsgType><![CDATA[event]]></MsgType>
<Event><![CDATA[VIEW]]></Event>
<EventKey><![CDATA[http://www.9kpu.com/app/index.php?i=27&c=home&]]></EventKey>
<MenuId>431335658</MenuId>
</xml>

2016-09-11 11:04:21 params :
------------
Array:
message : Array ;
module : default ;
rule : -1 ;

2016-09-11 11:04:21 response :
------------
Array:
params : Array ;

2016-09-11 11:40:56 trace :
------------
String:
<xml><ToUserName><![CDATA[gh_0eab716966d4]]></ToUserName>
<FromUserName><![CDATA[oSoVuwKMqkdedecuWpFKx2S-1tyI]]></FromUserName>
<CreateTime>1473565256</CreateTime>
<MsgType><![CDATA[event]]></MsgType>
<Event><![CDATA[VIEW]]></Event>
<EventKey><![CDATA[http://www.9kpu.com/app/index.php?i=28&c=home&]]></EventKey>
<MenuId>414492131</MenuId>
</xml>

2016-09-11 11:40:56 params :
------------
Array:
rule : -2 ;
module :  ;
message : Array ;

2016-09-11 11:40:56 response :
------------

2016-09-11 11:41:04 trace :
------------
String:
<xml><ToUserName><![CDATA[gh_0eab716966d4]]></ToUserName>
<FromUserName><![CDATA[oSoVuwKMqkdedecuWpFKx2S-1tyI]]></FromUserName>
<CreateTime>1473565264</CreateTime>
<MsgType><![CDATA[event]]></MsgType>
<Event><![CDATA[VIEW]]></Event>
<EventKey><![CDATA[http://www.9kpu.com/app/index.php?i=28&c=entry&eid=1]]></EventKey>
<MenuId>414492131</MenuId>
</xml>

2016-09-11 11:41:04 params :
------------
Array:
rule : -2 ;
module :  ;
message : Array ;

2016-09-11 11:41:04 response :
------------

2016-09-11 11:41:24 trace :
------------
String:
<xml><ToUserName><![CDATA[gh_0eab716966d4]]></ToUserName>
<FromUserName><![CDATA[oSoVuwKMqkdedecuWpFKx2S-1tyI]]></FromUserName>
<CreateTime>1473565284</CreateTime>
<MsgType><![CDATA[event]]></MsgType>
<Event><![CDATA[VIEW]]></Event>
<EventKey><![CDATA[http://www.9kpu.com/app/index.php?i=28&c=entry&eid=1]]></EventKey>
<MenuId>414492131</MenuId>
</xml>

2016-09-11 11:41:24 params :
------------
Array:
rule : -2 ;
module :  ;
message : Array ;

2016-09-11 11:41:24 response :
------------

2016-09-11 11:41:41 trace :
------------
String:
<xml><ToUserName><![CDATA[gh_0eab716966d4]]></ToUserName>
<FromUserName><![CDATA[oSoVuwKMqkdedecuWpFKx2S-1tyI]]></FromUserName>
<CreateTime>1473565301</CreateTime>
<MsgType><![CDATA[event]]></MsgType>
<Event><![CDATA[VIEW]]></Event>
<EventKey><![CDATA[http://www.9kpu.com/app/index.php?i=28&c=entry&eid=2]]></EventKey>
<MenuId>414492131</MenuId>
</xml>

2016-09-11 11:41:41 params :
------------
Array:
rule : -2 ;
module :  ;
message : Array ;

2016-09-11 11:41:41 response :
------------

2016-09-11 11:41:52 trace :
------------
String:
<xml><ToUserName><![CDATA[gh_0eab716966d4]]></ToUserName>
<FromUserName><![CDATA[oSoVuwKMqkdedecuWpFKx2S-1tyI]]></FromUserName>
<CreateTime>1473565312</CreateTime>
<MsgType><![CDATA[event]]></MsgType>
<Event><![CDATA[VIEW]]></Event>
<EventKey><![CDATA[http://www.9kpu.com/app/index.php?i=28&c=home&]]></EventKey>
<MenuId>414492131</MenuId>
</xml>

2016-09-11 11:41:52 params :
------------
Array:
rule : -2 ;
module :  ;
message : Array ;

2016-09-11 11:41:52 response :
------------

2016-09-11 11:43:34 trace :
------------
String:
<xml><ToUserName><![CDATA[gh_4e0c181b7380]]></ToUserName>
<FromUserName><![CDATA[oxtWnv8dKzKM6w_0eFzZG_TYcDDE]]></FromUserName>
<CreateTime>1473565414</CreateTime>
<MsgType><![CDATA[event]]></MsgType>
<Event><![CDATA[VIEW]]></Event>
<EventKey><![CDATA[http://www.9kpu.com/app/index.php?i=25&c=entry&do=bangding&m=lianhu_school]]></EventKey>
<MenuId>431335658</MenuId>
</xml>

2016-09-11 11:43:34 params :
------------
Array:
message : Array ;
module : default ;
rule : -1 ;

2016-09-11 11:43:34 response :
------------
Array:
params : Array ;

2016-09-11 11:43:42 trace :
------------
String:
<xml><ToUserName><![CDATA[gh_4e0c181b7380]]></ToUserName>
<FromUserName><![CDATA[oxtWnv8dKzKM6w_0eFzZG_TYcDDE]]></FromUserName>
<CreateTime>1473565422</CreateTime>
<MsgType><![CDATA[event]]></MsgType>
<Event><![CDATA[VIEW]]></Event>
<EventKey><![CDATA[http://www.9kpu.com/app/index.php?i=27&c=entry&eid=2]]></EventKey>
<MenuId>431335658</MenuId>
</xml>

2016-09-11 11:43:42 params :
------------
Array:
message : Array ;
module : default ;
rule : -1 ;

2016-09-11 11:43:42 response :
------------
Array:
params : Array ;

2016-09-11 11:46:02 trace :
------------
String:
<xml><ToUserName><![CDATA[gh_4e0c181b7380]]></ToUserName>
<FromUserName><![CDATA[oxtWnv8dKzKM6w_0eFzZG_TYcDDE]]></FromUserName>
<CreateTime>1473565562</CreateTime>
<MsgType><![CDATA[event]]></MsgType>
<Event><![CDATA[VIEW]]></Event>
<EventKey><![CDATA[http://www.9kpu.com/app/index.php?i=25&c=entry&do=bangding&m=lianhu_school]]></EventKey>
<MenuId>431335658</MenuId>
</xml>

2016-09-11 11:46:02 params :
------------
Array:
message : Array ;
module : default ;
rule : -1 ;

2016-09-11 11:46:02 response :
------------
Array:
params : Array ;

2016-09-11 11:46:24 trace :
------------
String:
<xml><ToUserName><![CDATA[gh_4e0c181b7380]]></ToUserName>
<FromUserName><![CDATA[oxtWnv8dKzKM6w_0eFzZG_TYcDDE]]></FromUserName>
<CreateTime>1473565584</CreateTime>
<MsgType><![CDATA[event]]></MsgType>
<Event><![CDATA[VIEW]]></Event>
<EventKey><![CDATA[http://www.9kpu.com/app/index.php?i=25&c=entry&do=bangding&m=lianhu_school]]></EventKey>
<MenuId>431335658</MenuId>
</xml>

2016-09-11 11:46:24 params :
------------
Array:
message : Array ;
module : default ;
rule : -1 ;

2016-09-11 11:46:24 response :
------------
Array:
params : Array ;

2016-09-11 11:46:27 trace :
------------
String:
<xml><ToUserName><![CDATA[gh_4e0c181b7380]]></ToUserName>
<FromUserName><![CDATA[oxtWnv8dKzKM6w_0eFzZG_TYcDDE]]></FromUserName>
<CreateTime>1473565587</CreateTime>
<MsgType><![CDATA[event]]></MsgType>
<Event><![CDATA[VIEW]]></Event>
<EventKey><![CDATA[http://www.9kpu.com/app/index.php?i=27&c=entry&eid=2]]></EventKey>
<MenuId>431335658</MenuId>
</xml>

2016-09-11 11:46:27 params :
------------
Array:
message : Array ;
module : default ;
rule : -1 ;

2016-09-11 11:46:27 response :
------------
Array:
params : Array ;

2016-09-11 11:49:18 trace :
------------
String:
<xml><ToUserName><![CDATA[gh_4e0c181b7380]]></ToUserName>
<FromUserName><![CDATA[oxtWnv8dKzKM6w_0eFzZG_TYcDDE]]></FromUserName>
<CreateTime>1473565758</CreateTime>
<MsgType><![CDATA[event]]></MsgType>
<Event><![CDATA[VIEW]]></Event>
<EventKey><![CDATA[http://www.9kpu.com/app/index.php?i=25&c=entry&do=bangding&m=lianhu_school]]></EventKey>
<MenuId>431335658</MenuId>
</xml>

2016-09-11 11:49:18 params :
------------
Array:
message : Array ;
module : default ;
rule : -1 ;

2016-09-11 11:49:18 response :
------------
Array:
params : Array ;

2016-09-11 11:49:25 trace :
------------
String:
<xml><ToUserName><![CDATA[gh_4e0c181b7380]]></ToUserName>
<FromUserName><![CDATA[oxtWnv8dKzKM6w_0eFzZG_TYcDDE]]></FromUserName>
<CreateTime>1473565764</CreateTime>
<MsgType><![CDATA[event]]></MsgType>
<Event><![CDATA[VIEW]]></Event>
<EventKey><![CDATA[http://www.9kpu.com/app/index.php?i=27&c=entry&eid=2]]></EventKey>
<MenuId>431335658</MenuId>
</xml>

2016-09-11 11:49:25 params :
------------
Array:
message : Array ;
module : default ;
rule : -1 ;

2016-09-11 11:49:25 response :
------------
Array:
params : Array ;

2016-09-11 11:50:12 trace :
------------
String:
<xml><ToUserName><![CDATA[gh_4e0c181b7380]]></ToUserName>
<FromUserName><![CDATA[oxtWnv8dKzKM6w_0eFzZG_TYcDDE]]></FromUserName>
<CreateTime>1473565812</CreateTime>
<MsgType><![CDATA[event]]></MsgType>
<Event><![CDATA[VIEW]]></Event>
<EventKey><![CDATA[http://www.9kpu.com/app/index.php?i=25&c=entry&do=bangding&m=lianhu_school]]></EventKey>
<MenuId>431335658</MenuId>
</xml>

2016-09-11 11:50:12 params :
------------
Array:
message : Array ;
module : default ;
rule : -1 ;

2016-09-11 11:50:12 response :
------------
Array:
params : Array ;

2016-09-11 11:50:24 trace :
------------
String:
<xml><ToUserName><![CDATA[gh_4e0c181b7380]]></ToUserName>
<FromUserName><![CDATA[oxtWnv8dKzKM6w_0eFzZG_TYcDDE]]></FromUserName>
<CreateTime>1473565824</CreateTime>
<MsgType><![CDATA[event]]></MsgType>
<Event><![CDATA[VIEW]]></Event>
<EventKey><![CDATA[http://www.9kpu.com/app/index.php?i=25&c=entry&do=bangding&m=lianhu_school]]></EventKey>
<MenuId>431335658</MenuId>
</xml>

2016-09-11 11:50:24 params :
------------
Array:
message : Array ;
module : default ;
rule : -1 ;

2016-09-11 11:50:24 response :
------------
Array:
params : Array ;

2016-09-11 11:50:57 trace :
------------
String:
<xml><ToUserName><![CDATA[gh_4e0c181b7380]]></ToUserName>
<FromUserName><![CDATA[oxtWnv8dKzKM6w_0eFzZG_TYcDDE]]></FromUserName>
<CreateTime>1473565856</CreateTime>
<MsgType><![CDATA[event]]></MsgType>
<Event><![CDATA[VIEW]]></Event>
<EventKey><![CDATA[http://www.9kpu.com/app/index.php?i=25&c=entry&do=bangding&m=lianhu_school]]></EventKey>
<MenuId>431335658</MenuId>
</xml>

2016-09-11 11:50:57 params :
------------
Array:
message : Array ;
module : default ;
rule : -1 ;

2016-09-11 11:50:57 response :
------------
Array:
params : Array ;

2016-09-11 11:51:09 trace :
------------
String:
<xml><ToUserName><![CDATA[gh_4e0c181b7380]]></ToUserName>
<FromUserName><![CDATA[oxtWnv8dKzKM6w_0eFzZG_TYcDDE]]></FromUserName>
<CreateTime>1473565869</CreateTime>
<MsgType><![CDATA[event]]></MsgType>
<Event><![CDATA[VIEW]]></Event>
<EventKey><![CDATA[http://www.9kpu.com/app/index.php?i=25&c=entry&do=bangding&m=lianhu_school]]></EventKey>
<MenuId>431335658</MenuId>
</xml>

2016-09-11 11:51:09 params :
------------
Array:
message : Array ;
module : default ;
rule : -1 ;

2016-09-11 11:51:09 response :
------------
Array:
params : Array ;

2016-09-11 11:56:45 trace :
------------
String:
<xml><ToUserName><![CDATA[gh_4e0c181b7380]]></ToUserName>
<FromUserName><![CDATA[oxtWnv8dKzKM6w_0eFzZG_TYcDDE]]></FromUserName>
<CreateTime>1473566205</CreateTime>
<MsgType><![CDATA[event]]></MsgType>
<Event><![CDATA[unsubscribe]]></Event>
<EventKey><![CDATA[]]></EventKey>
</xml>

2016-09-11 11:56:50 trace :
------------
String:
<xml><ToUserName><![CDATA[gh_4e0c181b7380]]></ToUserName>
<FromUserName><![CDATA[oxtWnv8dKzKM6w_0eFzZG_TYcDDE]]></FromUserName>
<CreateTime>1473566210</CreateTime>
<MsgType><![CDATA[event]]></MsgType>
<Event><![CDATA[subscribe]]></Event>
<EventKey><![CDATA[]]></EventKey>
</xml>

2016-09-11 11:56:50 params :
------------
Array:
message : Array ;
module : default ;
rule : -1 ;

2016-09-11 11:56:50 response :
------------
Array:
params : Array ;

2016-09-11 11:57:22 trace :
------------
String:
<xml><ToUserName><![CDATA[gh_4e0c181b7380]]></ToUserName>
<FromUserName><![CDATA[oxtWnv8dKzKM6w_0eFzZG_TYcDDE]]></FromUserName>
<CreateTime>1473566242</CreateTime>
<MsgType><![CDATA[event]]></MsgType>
<Event><![CDATA[VIEW]]></Event>
<EventKey><![CDATA[http://www.9kpu.com/app/index.php?i=25&c=entry&do=teaIn&m=lianhu_school]]></EventKey>
<MenuId>432421071</MenuId>
</xml>

2016-09-11 11:57:22 params :
------------
Array:
message : Array ;
module : default ;
rule : -1 ;

2016-09-11 11:57:22 response :
------------
Array:
params : Array ;

2016-09-11 12:27:15 trace :
------------
String:
<xml><ToUserName><![CDATA[gh_0eab716966d4]]></ToUserName>
<FromUserName><![CDATA[oSoVuwBOYgBONu58Gg_fGJpnDoZY]]></FromUserName>
<CreateTime>1473568034</CreateTime>
<MsgType><![CDATA[event]]></MsgType>
<Event><![CDATA[VIEW]]></Event>
<EventKey><![CDATA[http://www.9kpu.com/app/index.php?i=28&c=home&]]></EventKey>
<MenuId>414492131</MenuId>
</xml>

2016-09-11 12:27:15 params :
------------
Array:
rule : -2 ;
module :  ;
message : Array ;

2016-09-11 12:27:15 response :
------------

2016-09-11 14:23:27 trace :
------------
String:
<xml><ToUserName><![CDATA[gh_4e0c181b7380]]></ToUserName>
<FromUserName><![CDATA[oxtWnv5DsG5j6c07VOhsWKudhsHQ]]></FromUserName>
<CreateTime>1473575007</CreateTime>
<MsgType><![CDATA[event]]></MsgType>
<Event><![CDATA[VIEW]]></Event>
<EventKey><![CDATA[http://www.9kpu.com/app/index.php?i=27&c=home&]]></EventKey>
<MenuId>432421071</MenuId>
</xml>

2016-09-11 14:23:27 params :
------------
Array:
message : Array ;
module : default ;
rule : -1 ;

2016-09-11 14:23:27 response :
------------
Array:
params : Array ;

2016-09-11 14:23:36 trace :
------------
String:
<xml><ToUserName><![CDATA[gh_4e0c181b7380]]></ToUserName>
<FromUserName><![CDATA[oxtWnv5DsG5j6c07VOhsWKudhsHQ]]></FromUserName>
<CreateTime>1473575016</CreateTime>
<MsgType><![CDATA[event]]></MsgType>
<Event><![CDATA[VIEW]]></Event>
<EventKey><![CDATA[http://www.9kpu.com/app/index.php?i=27&c=entry&eid=1]]></EventKey>
<MenuId>432421071</MenuId>
</xml>

2016-09-11 14:23:36 params :
------------
Array:
message : Array ;
module : default ;
rule : -1 ;

2016-09-11 14:23:36 response :
------------
Array:
params : Array ;

2016-09-11 14:23:46 trace :
------------
String:
<xml><ToUserName><![CDATA[gh_4e0c181b7380]]></ToUserName>
<FromUserName><![CDATA[oxtWnv5DsG5j6c07VOhsWKudhsHQ]]></FromUserName>
<CreateTime>1473575026</CreateTime>
<MsgType><![CDATA[event]]></MsgType>
<Event><![CDATA[VIEW]]></Event>
<EventKey><![CDATA[http://www.9kpu.com/app/index.php?i=25&c=entry&do=teaIn&m=lianhu_school]]></EventKey>
<MenuId>432421071</MenuId>
</xml>

2016-09-11 14:23:46 params :
------------
Array:
message : Array ;
module : default ;
rule : -1 ;

2016-09-11 14:23:46 response :
------------
Array:
params : Array ;

2016-09-11 14:24:12 trace :
------------
String:
<xml><ToUserName><![CDATA[gh_4e0c181b7380]]></ToUserName>
<FromUserName><![CDATA[oxtWnv5DsG5j6c07VOhsWKudhsHQ]]></FromUserName>
<CreateTime>1473575052</CreateTime>
<MsgType><![CDATA[event]]></MsgType>
<Event><![CDATA[VIEW]]></Event>
<EventKey><![CDATA[http://www.9kpu.com/app/index.php?i=27&c=entry&eid=1]]></EventKey>
<MenuId>432421071</MenuId>
</xml>

2016-09-11 14:24:12 params :
------------
Array:
message : Array ;
module : default ;
rule : -1 ;

2016-09-11 14:24:12 response :
------------
Array:
params : Array ;

2016-09-11 14:24:41 trace :
------------
String:
<xml><ToUserName><![CDATA[gh_4e0c181b7380]]></ToUserName>
<FromUserName><![CDATA[oxtWnv5DsG5j6c07VOhsWKudhsHQ]]></FromUserName>
<CreateTime>1473575081</CreateTime>
<MsgType><![CDATA[event]]></MsgType>
<Event><![CDATA[VIEW]]></Event>
<EventKey><![CDATA[http://www.9kpu.com/app/index.php?i=27&c=entry&eid=2]]></EventKey>
<MenuId>432421071</MenuId>
</xml>

2016-09-11 14:24:41 params :
------------
Array:
message : Array ;
module : default ;
rule : -1 ;

2016-09-11 14:24:41 response :
------------
Array:
params : Array ;

2016-09-11 14:26:56 trace :
------------
String:
<xml><ToUserName><![CDATA[gh_e7a0c8306261]]></ToUserName>
<FromUserName><![CDATA[oRj-Fs0-58f1Xolgz7rNR5ZNmCik]]></FromUserName>
<CreateTime>1473575216</CreateTime>
<MsgType><![CDATA[event]]></MsgType>
<Event><![CDATA[VIEW]]></Event>
<EventKey><![CDATA[http://www.9kpu.com/app/index.php?i=13&c=entry&eid=1]]></EventKey>
<MenuId>409075692</MenuId>
</xml>

2016-09-11 14:26:56 params :
------------
Array:
message : Array ;
module : basic ;
rule : 22 ;
priority : 0 ;
keyword : Array ;

2016-09-11 14:26:56 response :
------------
Array:
FromUserName : gh_e7a0c8306261 ;
ToUserName : oRj-Fs0-58f1Xolgz7rNR5ZNmCik ;
MsgType : text ;
Content : 欢迎关注同城学堂，点击微官网查看本学校介绍信息，家长点击学生天地绑定自己小孩信息使用，老师点击教师信息绑定自己账号使用 ;

2016-09-11 14:37:37 trace :
------------
String:
<xml><ToUserName><![CDATA[gh_4e0c181b7380]]></ToUserName>
<FromUserName><![CDATA[oxtWnv5DsG5j6c07VOhsWKudhsHQ]]></FromUserName>
<CreateTime>1473575857</CreateTime>
<MsgType><![CDATA[event]]></MsgType>
<Event><![CDATA[VIEW]]></Event>
<EventKey><![CDATA[http://www.9kpu.com/app/index.php?i=25&c=entry&do=teaIn&m=lianhu_school]]></EventKey>
<MenuId>432421071</MenuId>
</xml>

2016-09-11 14:37:37 params :
------------
Array:
message : Array ;
module : default ;
rule : -1 ;

2016-09-11 14:37:37 response :
------------
Array:
params : Array ;

2016-09-11 14:44:06 trace :
------------
String:
<xml><ToUserName><![CDATA[gh_4e0c181b7380]]></ToUserName>
<FromUserName><![CDATA[oxtWnv5DsG5j6c07VOhsWKudhsHQ]]></FromUserName>
<CreateTime>1473576246</CreateTime>
<MsgType><![CDATA[event]]></MsgType>
<Event><![CDATA[VIEW]]></Event>
<EventKey><![CDATA[http://www.9kpu.com/app/index.php?i=25&c=entry&do=teaIn&m=lianhu_school]]></EventKey>
<MenuId>432421071</MenuId>
</xml>

2016-09-11 14:44:06 params :
------------
Array:
message : Array ;
module : default ;
rule : -1 ;

2016-09-11 14:44:06 response :
------------
Array:
params : Array ;

2016-09-11 14:50:48 trace :
------------
String:
<xml><ToUserName><![CDATA[gh_0eab716966d4]]></ToUserName>
<FromUserName><![CDATA[oSoVuwF35bkWtmZaR4t8AnADZZms]]></FromUserName>
<CreateTime>1473576648</CreateTime>
<MsgType><![CDATA[event]]></MsgType>
<Event><![CDATA[subscribe]]></Event>
<EventKey><![CDATA[]]></EventKey>
</xml>

2016-09-11 14:50:48 params :
------------
Array:
rule : -2 ;
module :  ;
message : Array ;

2016-09-11 14:50:48 response :
------------

2016-09-11 14:51:24 trace :
------------
String:
<xml><ToUserName><![CDATA[gh_0eab716966d4]]></ToUserName>
<FromUserName><![CDATA[oSoVuwF35bkWtmZaR4t8AnADZZms]]></FromUserName>
<CreateTime>1473576684</CreateTime>
<MsgType><![CDATA[event]]></MsgType>
<Event><![CDATA[unsubscribe]]></Event>
<EventKey><![CDATA[]]></EventKey>
</xml>

2016-09-11 14:51:27 trace :
------------
String:
<xml><ToUserName><![CDATA[gh_0eab716966d4]]></ToUserName>
<FromUserName><![CDATA[oSoVuwF35bkWtmZaR4t8AnADZZms]]></FromUserName>
<CreateTime>1473576687</CreateTime>
<MsgType><![CDATA[event]]></MsgType>
<Event><![CDATA[subscribe]]></Event>
<EventKey><![CDATA[]]></EventKey>
</xml>

2016-09-11 14:51:27 params :
------------
Array:
rule : -2 ;
module :  ;
message : Array ;

2016-09-11 14:51:27 response :
------------

2016-09-11 14:51:43 trace :
------------
String:
<xml><ToUserName><![CDATA[gh_0eab716966d4]]></ToUserName>
<FromUserName><![CDATA[oSoVuwF35bkWtmZaR4t8AnADZZms]]></FromUserName>
<CreateTime>1473576703</CreateTime>
<MsgType><![CDATA[event]]></MsgType>
<Event><![CDATA[VIEW]]></Event>
<EventKey><![CDATA[http://www.9kpu.com/app/index.php?i=28&c=entry&eid=2]]></EventKey>
<MenuId>414492131</MenuId>
</xml>

2016-09-11 14:51:43 params :
------------
Array:
rule : -2 ;
module :  ;
message : Array ;

2016-09-11 14:51:43 response :
------------

2016-09-11 14:51:55 trace :
------------
String:
<xml><ToUserName><![CDATA[gh_0eab716966d4]]></ToUserName>
<FromUserName><![CDATA[oSoVuwF35bkWtmZaR4t8AnADZZms]]></FromUserName>
<CreateTime>1473576715</CreateTime>
<MsgType><![CDATA[event]]></MsgType>
<Event><![CDATA[unsubscribe]]></Event>
<EventKey><![CDATA[]]></EventKey>
</xml>

2016-09-11 15:33:34 trace :
------------
String:
<xml><ToUserName><![CDATA[gh_4e0c181b7380]]></ToUserName>
<FromUserName><![CDATA[oxtWnv5ZT8r1HFtI21mtgqpIrOR0]]></FromUserName>
<CreateTime>1473579214</CreateTime>
<MsgType><![CDATA[event]]></MsgType>
<Event><![CDATA[unsubscribe]]></Event>
<EventKey><![CDATA[]]></EventKey>
</xml>

2016-09-11 15:38:26 trace :
------------
String:
<xml><ToUserName><![CDATA[gh_0eab716966d4]]></ToUserName>
<FromUserName><![CDATA[oSoVuwFT8k9AqaU0FH1l0DJf4lvY]]></FromUserName>
<CreateTime>1473579505</CreateTime>
<MsgType><![CDATA[event]]></MsgType>
<Event><![CDATA[subscribe]]></Event>
<EventKey><![CDATA[]]></EventKey>
</xml>

2016-09-11 15:38:26 params :
------------
Array:
rule : -2 ;
module :  ;
message : Array ;

2016-09-11 15:38:26 response :
------------

2016-09-11 15:38:29 trace :
------------
String:
<xml><ToUserName><![CDATA[gh_0eab716966d4]]></ToUserName>
<FromUserName><![CDATA[oSoVuwFT8k9AqaU0FH1l0DJf4lvY]]></FromUserName>
<CreateTime>1473579509</CreateTime>
<MsgType><![CDATA[event]]></MsgType>
<Event><![CDATA[VIEW]]></Event>
<EventKey><![CDATA[http://www.9kpu.com/app/index.php?i=28&c=home&]]></EventKey>
<MenuId>414492131</MenuId>
</xml>

2016-09-11 15:38:29 params :
------------
Array:
rule : -2 ;
module :  ;
message : Array ;

2016-09-11 15:38:29 response :
------------

2016-09-11 15:38:34 trace :
------------
String:
<xml><ToUserName><![CDATA[gh_0eab716966d4]]></ToUserName>
<FromUserName><![CDATA[oSoVuwFT8k9AqaU0FH1l0DJf4lvY]]></FromUserName>
<CreateTime>1473579514</CreateTime>
<MsgType><![CDATA[event]]></MsgType>
<Event><![CDATA[VIEW]]></Event>
<EventKey><![CDATA[http://www.9kpu.com/app/index.php?i=28&c=entry&eid=2]]></EventKey>
<MenuId>414492131</MenuId>
</xml>

2016-09-11 15:38:34 params :
------------
Array:
rule : -2 ;
module :  ;
message : Array ;

2016-09-11 15:38:34 response :
------------

2016-09-11 15:38:39 trace :
------------
String:
<xml><ToUserName><![CDATA[gh_0eab716966d4]]></ToUserName>
<FromUserName><![CDATA[oSoVuwFT8k9AqaU0FH1l0DJf4lvY]]></FromUserName>
<CreateTime>1473579519</CreateTime>
<MsgType><![CDATA[event]]></MsgType>
<Event><![CDATA[VIEW]]></Event>
<EventKey><![CDATA[http://www.9kpu.com/app/index.php?i=28&c=entry&eid=1]]></EventKey>
<MenuId>414492131</MenuId>
</xml>

2016-09-11 15:38:39 params :
------------
Array:
rule : -2 ;
module :  ;
message : Array ;

2016-09-11 15:38:39 response :
------------

2016-09-11 15:38:44 trace :
------------
String:
<xml><ToUserName><![CDATA[gh_0eab716966d4]]></ToUserName>
<FromUserName><![CDATA[oSoVuwFT8k9AqaU0FH1l0DJf4lvY]]></FromUserName>
<CreateTime>1473579524</CreateTime>
<MsgType><![CDATA[event]]></MsgType>
<Event><![CDATA[VIEW]]></Event>
<EventKey><![CDATA[http://www.9kpu.com/app/index.php?i=28&c=home&]]></EventKey>
<MenuId>414492131</MenuId>
</xml>

2016-09-11 15:38:44 params :
------------
Array:
rule : -2 ;
module :  ;
message : Array ;

2016-09-11 15:38:44 response :
------------

2016-09-11 15:40:54 trace :
------------
String:
<xml><ToUserName><![CDATA[gh_081ee8610e82]]></ToUserName>
<FromUserName><![CDATA[ohNDtvvlFx2LdL3HaR10FhxVILfc]]></FromUserName>
<CreateTime>1473579654</CreateTime>
<MsgType><![CDATA[event]]></MsgType>
<Event><![CDATA[subscribe]]></Event>
<EventKey><![CDATA[]]></EventKey>
</xml>

2016-09-11 15:40:54 params :
------------
Array:
message : Array ;
module : basic ;
rule : 13 ;
priority : 0 ;
keyword : Array ;

2016-09-11 15:40:54 response :
------------
Array:
FromUserName : gh_081ee8610e82 ;
ToUserName : ohNDtvvlFx2LdL3HaR10FhxVILfc ;
MsgType : text ;
Content : 等你好久了，智慧微校欢迎您。如果您是来逛逛的，请点开微官网查看我们学校的介绍信息。如果您是家长，请点开学生中心，用您家孩子姓名与学号绑定，就可尽情使用微校功能。如果您是老师，请点开微办公，用系统分配的账号与密码完成绑定，使用微校完成家校互动。 ;

2016-09-11 15:41:18 trace :
------------
String:
<xml><ToUserName><![CDATA[gh_081ee8610e82]]></ToUserName>
<FromUserName><![CDATA[ohNDtvvlFx2LdL3HaR10FhxVILfc]]></FromUserName>
<CreateTime>1473579678</CreateTime>
<MsgType><![CDATA[event]]></MsgType>
<Event><![CDATA[VIEW]]></Event>
<EventKey><![CDATA[http://www.9kpu.com/app/index.php?i=4&c=entry&eid=37]]></EventKey>
<MenuId>413434304</MenuId>
</xml>

2016-09-11 15:41:18 params :
------------
Array:
message : Array ;
module : basic ;
rule : 13 ;
priority : 0 ;
keyword : Array ;

2016-09-11 15:41:18 response :
------------
Array:
FromUserName : gh_081ee8610e82 ;
ToUserName : ohNDtvvlFx2LdL3HaR10FhxVILfc ;
MsgType : text ;
Content : 等你好久了，智慧微校欢迎您。如果您是来逛逛的，请点开微官网查看我们学校的介绍信息。如果您是家长，请点开学生中心，用您家孩子姓名与学号绑定，就可尽情使用微校功能。如果您是老师，请点开微办公，用系统分配的账号与密码完成绑定，使用微校完成家校互动。 ;

2016-09-11 15:41:37 trace :
------------
String:
<xml><ToUserName><![CDATA[gh_081ee8610e82]]></ToUserName>
<FromUserName><![CDATA[ohNDtvvlFx2LdL3HaR10FhxVILfc]]></FromUserName>
<CreateTime>1473579697</CreateTime>
<MsgType><![CDATA[event]]></MsgType>
<Event><![CDATA[VIEW]]></Event>
<EventKey><![CDATA[http://www.9kpu.com/app/index.php?i=4&c=entry&eid=1]]></EventKey>
<MenuId>413434304</MenuId>
</xml>

2016-09-11 15:41:37 params :
------------
Array:
message : Array ;
module : basic ;
rule : 13 ;
priority : 0 ;
keyword : Array ;

2016-09-11 15:41:37 response :
------------
Array:
FromUserName : gh_081ee8610e82 ;
ToUserName : ohNDtvvlFx2LdL3HaR10FhxVILfc ;
MsgType : text ;
Content : 等你好久了，智慧微校欢迎您。如果您是来逛逛的，请点开微官网查看我们学校的介绍信息。如果您是家长，请点开学生中心，用您家孩子姓名与学号绑定，就可尽情使用微校功能。如果您是老师，请点开微办公，用系统分配的账号与密码完成绑定，使用微校完成家校互动。 ;

2016-09-11 15:41:43 trace :
------------
String:
<xml><ToUserName><![CDATA[gh_081ee8610e82]]></ToUserName>
<FromUserName><![CDATA[ohNDtvvlFx2LdL3HaR10FhxVILfc]]></FromUserName>
<CreateTime>1473579703</CreateTime>
<MsgType><![CDATA[event]]></MsgType>
<Event><![CDATA[VIEW]]></Event>
<EventKey><![CDATA[http://www.9kpu.com/app/index.php?i=4&c=entry&eid=2]]></EventKey>
<MenuId>413434304</MenuId>
</xml>

2016-09-11 15:41:43 params :
------------
Array:
message : Array ;
module : basic ;
rule : 13 ;
priority : 0 ;
keyword : Array ;

2016-09-11 15:41:43 response :
------------
Array:
FromUserName : gh_081ee8610e82 ;
ToUserName : ohNDtvvlFx2LdL3HaR10FhxVILfc ;
MsgType : text ;
Content : 等你好久了，智慧微校欢迎您。如果您是来逛逛的，请点开微官网查看我们学校的介绍信息。如果您是家长，请点开学生中心，用您家孩子姓名与学号绑定，就可尽情使用微校功能。如果您是老师，请点开微办公，用系统分配的账号与密码完成绑定，使用微校完成家校互动。 ;

2016-09-11 15:42:08 trace :
------------
String:
<xml><ToUserName><![CDATA[gh_081ee8610e82]]></ToUserName>
<FromUserName><![CDATA[ohNDtvvlFx2LdL3HaR10FhxVILfc]]></FromUserName>
<CreateTime>1473579728</CreateTime>
<MsgType><![CDATA[event]]></MsgType>
<Event><![CDATA[VIEW]]></Event>
<EventKey><![CDATA[http://www.9kpu.com/app/index.php?i=4&c=entry&eid=1]]></EventKey>
<MenuId>413434304</MenuId>
</xml>

2016-09-11 15:42:08 params :
------------
Array:
message : Array ;
module : basic ;
rule : 13 ;
priority : 0 ;
keyword : Array ;

2016-09-11 15:42:08 response :
------------
Array:
FromUserName : gh_081ee8610e82 ;
ToUserName : ohNDtvvlFx2LdL3HaR10FhxVILfc ;
MsgType : text ;
Content : 等你好久了，智慧微校欢迎您。如果您是来逛逛的，请点开微官网查看我们学校的介绍信息。如果您是家长，请点开学生中心，用您家孩子姓名与学号绑定，就可尽情使用微校功能。如果您是老师，请点开微办公，用系统分配的账号与密码完成绑定，使用微校完成家校互动。 ;

2016-09-11 15:43:00 trace :
------------
String:
<xml><ToUserName><![CDATA[gh_081ee8610e82]]></ToUserName>
<FromUserName><![CDATA[ohNDtvvlFx2LdL3HaR10FhxVILfc]]></FromUserName>
<CreateTime>1473579780</CreateTime>
<MsgType><![CDATA[event]]></MsgType>
<Event><![CDATA[VIEW]]></Event>
<EventKey><![CDATA[http://www.9kpu.com/app/index.php?i=4&c=entry&eid=2]]></EventKey>
<MenuId>413434304</MenuId>
</xml>

2016-09-11 15:43:00 params :
------------
Array:
message : Array ;
module : basic ;
rule : 13 ;
priority : 0 ;
keyword : Array ;

2016-09-11 15:43:00 response :
------------
Array:
FromUserName : gh_081ee8610e82 ;
ToUserName : ohNDtvvlFx2LdL3HaR10FhxVILfc ;
MsgType : text ;
Content : 等你好久了，智慧微校欢迎您。如果您是来逛逛的，请点开微官网查看我们学校的介绍信息。如果您是家长，请点开学生中心，用您家孩子姓名与学号绑定，就可尽情使用微校功能。如果您是老师，请点开微办公，用系统分配的账号与密码完成绑定，使用微校完成家校互动。 ;

2016-09-11 15:43:24 trace :
------------
String:
<xml><ToUserName><![CDATA[gh_081ee8610e82]]></ToUserName>
<FromUserName><![CDATA[ohNDtvvlFx2LdL3HaR10FhxVILfc]]></FromUserName>
<CreateTime>1473579804</CreateTime>
<MsgType><![CDATA[event]]></MsgType>
<Event><![CDATA[VIEW]]></Event>
<EventKey><![CDATA[http://www.9kpu.com/app/index.php?i=4&c=entry&eid=37]]></EventKey>
<MenuId>413434304</MenuId>
</xml>

2016-09-11 15:43:24 params :
------------
Array:
message : Array ;
module : basic ;
rule : 13 ;
priority : 0 ;
keyword : Array ;

2016-09-11 15:43:24 response :
------------
Array:
FromUserName : gh_081ee8610e82 ;
ToUserName : ohNDtvvlFx2LdL3HaR10FhxVILfc ;
MsgType : text ;
Content : 等你好久了，智慧微校欢迎您。如果您是来逛逛的，请点开微官网查看我们学校的介绍信息。如果您是家长，请点开学生中心，用您家孩子姓名与学号绑定，就可尽情使用微校功能。如果您是老师，请点开微办公，用系统分配的账号与密码完成绑定，使用微校完成家校互动。 ;

2016-09-11 16:18:03 trace :
------------
String:
<xml><ToUserName><![CDATA[gh_0eab716966d4]]></ToUserName>
<FromUserName><![CDATA[oSoVuwKhacu97YVIFpVIc_VqaKRc]]></FromUserName>
<CreateTime>1473581883</CreateTime>
<MsgType><![CDATA[event]]></MsgType>
<Event><![CDATA[VIEW]]></Event>
<EventKey><![CDATA[http://www.9kpu.com/app/index.php?i=28&c=home&]]></EventKey>
<MenuId>414492131</MenuId>
</xml>

2016-09-11 16:18:03 params :
------------
Array:
rule : -2 ;
module :  ;
message : Array ;

2016-09-11 16:18:03 response :
------------

2016-09-11 16:18:08 trace :
------------
String:
<xml><ToUserName><![CDATA[gh_0eab716966d4]]></ToUserName>
<FromUserName><![CDATA[oSoVuwKhacu97YVIFpVIc_VqaKRc]]></FromUserName>
<CreateTime>1473581888</CreateTime>
<MsgType><![CDATA[event]]></MsgType>
<Event><![CDATA[VIEW]]></Event>
<EventKey><![CDATA[http://www.9kpu.com/app/index.php?i=28&c=home&]]></EventKey>
<MenuId>414492131</MenuId>
</xml>

2016-09-11 16:18:08 params :
------------
Array:
rule : -2 ;
module :  ;
message : Array ;

2016-09-11 16:18:08 response :
------------

2016-09-11 16:19:02 trace :
------------
String:
<xml><ToUserName><![CDATA[gh_0eab716966d4]]></ToUserName>
<FromUserName><![CDATA[oSoVuwKhacu97YVIFpVIc_VqaKRc]]></FromUserName>
<CreateTime>1473581942</CreateTime>
<MsgType><![CDATA[event]]></MsgType>
<Event><![CDATA[VIEW]]></Event>
<EventKey><![CDATA[http://www.9kpu.com/app/index.php?i=28&c=home&]]></EventKey>
<MenuId>414492131</MenuId>
</xml>

2016-09-11 16:19:02 params :
------------
Array:
rule : -2 ;
module :  ;
message : Array ;

2016-09-11 16:19:02 response :
------------

2016-09-11 16:53:28 trace :
------------
String:
<xml><ToUserName><![CDATA[gh_2a16c32dff4b]]></ToUserName>
<FromUserName><![CDATA[oZF73wEYrq0SNdX_hAL43HM0vHLk]]></FromUserName>
<CreateTime>1473584008</CreateTime>
<MsgType><![CDATA[event]]></MsgType>
<Event><![CDATA[subscribe]]></Event>
<EventKey><![CDATA[]]></EventKey>
</xml>

2016-09-11 16:53:28 params :
------------
Array:
message : Array ;
module : news ;
rule : 56 ;
priority : 0 ;
keyword : Array ;

2016-09-11 16:53:28 response :
------------
Array:
FromUserName : gh_2a16c32dff4b ;
ToUserName : oZF73wEYrq0SNdX_hAL43HM0vHLk ;
MsgType : news ;
ArticleCount : 1 ;
Articles : Array ;

2016-09-11 16:53:43 trace :
------------
String:
<xml><ToUserName><![CDATA[gh_2a16c32dff4b]]></ToUserName>
<FromUserName><![CDATA[oZF73wEYrq0SNdX_hAL43HM0vHLk]]></FromUserName>
<CreateTime>1473584023</CreateTime>
<MsgType><![CDATA[event]]></MsgType>
<Event><![CDATA[VIEW]]></Event>
<EventKey><![CDATA[http://www.9kpu.com/app/index.php?i=26&c=home&]]></EventKey>
<MenuId>443004588</MenuId>
</xml>

2016-09-11 16:53:43 params :
------------
Array:
message : Array ;
module : news ;
rule : 56 ;
priority : 0 ;
keyword : Array ;

2016-09-11 16:53:43 response :
------------
Array:
FromUserName : gh_2a16c32dff4b ;
ToUserName : oZF73wEYrq0SNdX_hAL43HM0vHLk ;
MsgType : news ;
ArticleCount : 1 ;
Articles : Array ;

2016-09-11 16:54:18 trace :
------------
String:
<xml><ToUserName><![CDATA[gh_2a16c32dff4b]]></ToUserName>
<FromUserName><![CDATA[oZF73wEYrq0SNdX_hAL43HM0vHLk]]></FromUserName>
<CreateTime>1473584058</CreateTime>
<MsgType><![CDATA[event]]></MsgType>
<Event><![CDATA[VIEW]]></Event>
<EventKey><![CDATA[http://www.9kpu.com/app/index.php?i=26&c=entry&eid=1]]></EventKey>
<MenuId>443004588</MenuId>
</xml>

2016-09-11 16:54:18 params :
------------
Array:
message : Array ;
module : news ;
rule : 56 ;
priority : 0 ;
keyword : Array ;

2016-09-11 16:54:18 response :
------------
Array:
FromUserName : gh_2a16c32dff4b ;
ToUserName : oZF73wEYrq0SNdX_hAL43HM0vHLk ;
MsgType : news ;
ArticleCount : 1 ;
Articles : Array ;

2016-09-11 16:56:03 trace :
------------
String:
<xml><ToUserName><![CDATA[gh_2a16c32dff4b]]></ToUserName>
<FromUserName><![CDATA[oZF73wEYrq0SNdX_hAL43HM0vHLk]]></FromUserName>
<CreateTime>1473584163</CreateTime>
<MsgType><![CDATA[event]]></MsgType>
<Event><![CDATA[VIEW]]></Event>
<EventKey><![CDATA[http://www.9kpu.com/app/index.php?i=26&c=entry&do=teaIn&m=lianhu_school]]></EventKey>
<MenuId>443004588</MenuId>
</xml>

2016-09-11 16:56:03 params :
------------
Array:
message : Array ;
module : news ;
rule : 56 ;
priority : 0 ;
keyword : Array ;

2016-09-11 16:56:03 response :
------------
Array:
FromUserName : gh_2a16c32dff4b ;
ToUserName : oZF73wEYrq0SNdX_hAL43HM0vHLk ;
MsgType : news ;
ArticleCount : 1 ;
Articles : Array ;

2016-09-11 16:56:11 trace :
------------
String:
<xml><ToUserName><![CDATA[gh_2a16c32dff4b]]></ToUserName>
<FromUserName><![CDATA[oZF73wEYrq0SNdX_hAL43HM0vHLk]]></FromUserName>
<CreateTime>1473584171</CreateTime>
<MsgType><![CDATA[event]]></MsgType>
<Event><![CDATA[VIEW]]></Event>
<EventKey><![CDATA[http://www.9kpu.com/app/index.php?i=26&c=entry&eid=1]]></EventKey>
<MenuId>443004588</MenuId>
</xml>

2016-09-11 16:56:11 params :
------------
Array:
message : Array ;
module : news ;
rule : 56 ;
priority : 0 ;
keyword : Array ;

2016-09-11 16:56:11 response :
------------
Array:
FromUserName : gh_2a16c32dff4b ;
ToUserName : oZF73wEYrq0SNdX_hAL43HM0vHLk ;
MsgType : news ;
ArticleCount : 1 ;
Articles : Array ;

2016-09-11 16:56:22 trace :
------------
String:
<xml><ToUserName><![CDATA[gh_2a16c32dff4b]]></ToUserName>
<FromUserName><![CDATA[oZF73wEYrq0SNdX_hAL43HM0vHLk]]></FromUserName>
<CreateTime>1473584182</CreateTime>
<MsgType><![CDATA[event]]></MsgType>
<Event><![CDATA[VIEW]]></Event>
<EventKey><![CDATA[http://www.9kpu.com/app/index.php?i=26&c=entry&eid=1]]></EventKey>
<MenuId>443004588</MenuId>
</xml>

2016-09-11 16:56:22 params :
------------
Array:
message : Array ;
module : news ;
rule : 56 ;
priority : 0 ;
keyword : Array ;

2016-09-11 16:56:22 response :
------------
Array:
FromUserName : gh_2a16c32dff4b ;
ToUserName : oZF73wEYrq0SNdX_hAL43HM0vHLk ;
MsgType : news ;
ArticleCount : 1 ;
Articles : Array ;

2016-09-11 16:56:28 trace :
------------
String:
<xml><ToUserName><![CDATA[gh_2a16c32dff4b]]></ToUserName>
<FromUserName><![CDATA[oZF73wEYrq0SNdX_hAL43HM0vHLk]]></FromUserName>
<CreateTime>1473584188</CreateTime>
<MsgType><![CDATA[event]]></MsgType>
<Event><![CDATA[VIEW]]></Event>
<EventKey><![CDATA[http://www.9kpu.com/app/index.php?i=26&c=home&]]></EventKey>
<MenuId>443004588</MenuId>
</xml>

2016-09-11 16:56:28 params :
------------
Array:
message : Array ;
module : news ;
rule : 56 ;
priority : 0 ;
keyword : Array ;

2016-09-11 16:56:28 response :
------------
Array:
FromUserName : gh_2a16c32dff4b ;
ToUserName : oZF73wEYrq0SNdX_hAL43HM0vHLk ;
MsgType : news ;
ArticleCount : 1 ;
Articles : Array ;

2016-09-11 17:24:33 trace :
------------
String:
<xml><ToUserName><![CDATA[gh_081ee8610e82]]></ToUserName>
<FromUserName><![CDATA[ohNDtvodQbJscFvVHtC4xh757R2Y]]></FromUserName>
<CreateTime>1473585873</CreateTime>
<MsgType><![CDATA[event]]></MsgType>
<Event><![CDATA[VIEW]]></Event>
<EventKey><![CDATA[http://m.igrow.cn/m/school/website/1390?platformid=gh_f93654b871ec&openid=oj3rPs7lPbX9A4U7mxv8dMma3uUQ]]></EventKey>
<MenuId>413852431</MenuId>
</xml>

2016-09-11 17:24:33 params :
------------
Array:
message : Array ;
module : basic ;
rule : 13 ;
priority : 0 ;
keyword : Array ;

2016-09-11 17:24:33 response :
------------
Array:
FromUserName : gh_081ee8610e82 ;
ToUserName : ohNDtvodQbJscFvVHtC4xh757R2Y ;
MsgType : text ;
Content : 等你好久了，智慧微校欢迎您。如果您是来逛逛的，请点开微官网查看我们学校的介绍信息。如果您是家长，请点开学生中心，用您家孩子姓名与学号绑定，就可尽情使用微校功能。如果您是老师，请点开微办公，用系统分配的账号与密码完成绑定，使用微校完成家校互动。 ;

2016-09-11 17:29:44 trace :
------------
String:
<xml><ToUserName><![CDATA[gh_2a23de840671]]></ToUserName>
<FromUserName><![CDATA[oQxC9wdXA99_VUTkftsQ03iNU08w]]></FromUserName>
<CreateTime>1473586184</CreateTime>
<MsgType><![CDATA[event]]></MsgType>
<Event><![CDATA[subscribe]]></Event>
<EventKey><![CDATA[]]></EventKey>
</xml>

2016-09-11 17:29:44 params :
------------
Array:
rule : -2 ;
module :  ;
message : Array ;

2016-09-11 17:29:44 response :
------------

2016-09-11 17:31:49 trace :
------------
String:
<xml><ToUserName><![CDATA[gh_2a23de840671]]></ToUserName>
<FromUserName><![CDATA[oQxC9wdXA99_VUTkftsQ03iNU08w]]></FromUserName>
<CreateTime>1473586309</CreateTime>
<MsgType><![CDATA[event]]></MsgType>
<Event><![CDATA[VIEW]]></Event>
<EventKey><![CDATA[http://www.9kpu.com/app/index.php?i=31&c=home&]]></EventKey>
<MenuId>408135367</MenuId>
</xml>

2016-09-11 17:31:49 params :
------------
Array:
rule : -2 ;
module :  ;
message : Array ;

2016-09-11 17:31:49 response :
------------

2016-09-11 17:32:02 trace :
------------
String:
<xml><ToUserName><![CDATA[gh_2a23de840671]]></ToUserName>
<FromUserName><![CDATA[oQxC9wdXA99_VUTkftsQ03iNU08w]]></FromUserName>
<CreateTime>1473586322</CreateTime>
<MsgType><![CDATA[event]]></MsgType>
<Event><![CDATA[VIEW]]></Event>
<EventKey><![CDATA[http://www.9kpu.com/app/index.php?i=31&c=entry&eid=1]]></EventKey>
<MenuId>408135367</MenuId>
</xml>

2016-09-11 17:32:02 params :
------------
Array:
rule : -2 ;
module :  ;
message : Array ;

2016-09-11 17:32:02 response :
------------

2016-09-11 17:46:05 trace :
------------
String:
<xml><ToUserName><![CDATA[gh_081ee8610e82]]></ToUserName>
<FromUserName><![CDATA[ohNDtvv8PDFqifacH9rwLYMejnDw]]></FromUserName>
<CreateTime>1473587164</CreateTime>
<MsgType><![CDATA[event]]></MsgType>
<Event><![CDATA[VIEW]]></Event>
<EventKey><![CDATA[http://m.igrow.cn/m/school/website/1390?platformid=gh_f93654b871ec&openid=oj3rPs7lPbX9A4U7mxv8dMma3uUQ]]></EventKey>
<MenuId>413852431</MenuId>
</xml>

2016-09-11 17:46:05 params :
------------
Array:
message : Array ;
module : basic ;
rule : 13 ;
priority : 0 ;
keyword : Array ;

2016-09-11 17:46:05 response :
------------
Array:
FromUserName : gh_081ee8610e82 ;
ToUserName : ohNDtvv8PDFqifacH9rwLYMejnDw ;
MsgType : text ;
Content : 等你好久了，智慧微校欢迎您。如果您是来逛逛的，请点开微官网查看我们学校的介绍信息。如果您是家长，请点开学生中心，用您家孩子姓名与学号绑定，就可尽情使用微校功能。如果您是老师，请点开微办公，用系统分配的账号与密码完成绑定，使用微校完成家校互动。 ;

2016-09-11 17:46:11 trace :
------------
String:
<xml><ToUserName><![CDATA[gh_081ee8610e82]]></ToUserName>
<FromUserName><![CDATA[ohNDtvv8PDFqifacH9rwLYMejnDw]]></FromUserName>
<CreateTime>1473587171</CreateTime>
<MsgType><![CDATA[event]]></MsgType>
<Event><![CDATA[VIEW]]></Event>
<EventKey><![CDATA[http://www.9kpu.com/app/index.php?i=4&c=entry&eid=1]]></EventKey>
<MenuId>413852431</MenuId>
</xml>

2016-09-11 17:46:11 params :
------------
Array:
message : Array ;
module : basic ;
rule : 13 ;
priority : 0 ;
keyword : Array ;

2016-09-11 17:46:11 response :
------------
Array:
FromUserName : gh_081ee8610e82 ;
ToUserName : ohNDtvv8PDFqifacH9rwLYMejnDw ;
MsgType : text ;
Content : 等你好久了，智慧微校欢迎您。如果您是来逛逛的，请点开微官网查看我们学校的介绍信息。如果您是家长，请点开学生中心，用您家孩子姓名与学号绑定，就可尽情使用微校功能。如果您是老师，请点开微办公，用系统分配的账号与密码完成绑定，使用微校完成家校互动。 ;

2016-09-11 17:46:15 trace :
------------
String:
<xml><ToUserName><![CDATA[gh_081ee8610e82]]></ToUserName>
<FromUserName><![CDATA[ohNDtvv8PDFqifacH9rwLYMejnDw]]></FromUserName>
<CreateTime>1473587175</CreateTime>
<MsgType><![CDATA[event]]></MsgType>
<Event><![CDATA[VIEW]]></Event>
<EventKey><![CDATA[http://www.9kpu.com/app/index.php?i=4&c=entry&eid=2]]></EventKey>
<MenuId>413852431</MenuId>
</xml>

2016-09-11 17:46:15 params :
------------
Array:
message : Array ;
module : basic ;
rule : 13 ;
priority : 0 ;
keyword : Array ;

2016-09-11 17:46:15 response :
------------
Array:
FromUserName : gh_081ee8610e82 ;
ToUserName : ohNDtvv8PDFqifacH9rwLYMejnDw ;
MsgType : text ;
Content : 等你好久了，智慧微校欢迎您。如果您是来逛逛的，请点开微官网查看我们学校的介绍信息。如果您是家长，请点开学生中心，用您家孩子姓名与学号绑定，就可尽情使用微校功能。如果您是老师，请点开微办公，用系统分配的账号与密码完成绑定，使用微校完成家校互动。 ;

2016-09-11 18:10:15 trace :
------------
String:
<xml><ToUserName><![CDATA[gh_081ee8610e82]]></ToUserName>
<FromUserName><![CDATA[ohNDtvv8PDFqifacH9rwLYMejnDw]]></FromUserName>
<CreateTime>1473588614</CreateTime>
<MsgType><![CDATA[event]]></MsgType>
<Event><![CDATA[VIEW]]></Event>
<EventKey><![CDATA[http://m.igrow.cn/m/school/website/1390?platformid=gh_f93654b871ec&openid=oj3rPs7lPbX9A4U7mxv8dMma3uUQ]]></EventKey>
<MenuId>413852431</MenuId>
</xml>

2016-09-11 18:10:15 params :
------------
Array:
message : Array ;
module : basic ;
rule : 13 ;
priority : 0 ;
keyword : Array ;

2016-09-11 18:10:15 response :
------------
Array:
FromUserName : gh_081ee8610e82 ;
ToUserName : ohNDtvv8PDFqifacH9rwLYMejnDw ;
MsgType : text ;
Content : 等你好久了，智慧微校欢迎您。如果您是来逛逛的，请点开微官网查看我们学校的介绍信息。如果您是家长，请点开学生中心，用您家孩子姓名与学号绑定，就可尽情使用微校功能。如果您是老师，请点开微办公，用系统分配的账号与密码完成绑定，使用微校完成家校互动。 ;

2016-09-11 18:10:24 trace :
------------
String:
<xml><ToUserName><![CDATA[gh_081ee8610e82]]></ToUserName>
<FromUserName><![CDATA[ohNDtvv8PDFqifacH9rwLYMejnDw]]></FromUserName>
<CreateTime>1473588624</CreateTime>
<MsgType><![CDATA[event]]></MsgType>
<Event><![CDATA[VIEW]]></Event>
<EventKey><![CDATA[http://www.9kpu.com/app/index.php?i=4&c=entry&eid=1]]></EventKey>
<MenuId>413852431</MenuId>
</xml>

2016-09-11 18:10:24 params :
------------
Array:
message : Array ;
module : basic ;
rule : 13 ;
priority : 0 ;
keyword : Array ;

2016-09-11 18:10:24 response :
------------
Array:
FromUserName : gh_081ee8610e82 ;
ToUserName : ohNDtvv8PDFqifacH9rwLYMejnDw ;
MsgType : text ;
Content : 等你好久了，智慧微校欢迎您。如果您是来逛逛的，请点开微官网查看我们学校的介绍信息。如果您是家长，请点开学生中心，用您家孩子姓名与学号绑定，就可尽情使用微校功能。如果您是老师，请点开微办公，用系统分配的账号与密码完成绑定，使用微校完成家校互动。 ;

2016-09-11 18:10:40 trace :
------------
String:
<xml><ToUserName><![CDATA[gh_081ee8610e82]]></ToUserName>
<FromUserName><![CDATA[ohNDtvv8PDFqifacH9rwLYMejnDw]]></FromUserName>
<CreateTime>1473588640</CreateTime>
<MsgType><![CDATA[event]]></MsgType>
<Event><![CDATA[VIEW]]></Event>
<EventKey><![CDATA[http://www.9kpu.com/app/index.php?i=4&c=entry&eid=2]]></EventKey>
<MenuId>413852431</MenuId>
</xml>

2016-09-11 18:10:40 params :
------------
Array:
message : Array ;
module : basic ;
rule : 13 ;
priority : 0 ;
keyword : Array ;

2016-09-11 18:10:40 response :
------------
Array:
FromUserName : gh_081ee8610e82 ;
ToUserName : ohNDtvv8PDFqifacH9rwLYMejnDw ;
MsgType : text ;
Content : 等你好久了，智慧微校欢迎您。如果您是来逛逛的，请点开微官网查看我们学校的介绍信息。如果您是家长，请点开学生中心，用您家孩子姓名与学号绑定，就可尽情使用微校功能。如果您是老师，请点开微办公，用系统分配的账号与密码完成绑定，使用微校完成家校互动。 ;

2016-09-11 19:16:55 trace :
------------
String:
<xml><ToUserName><![CDATA[gh_2ee031f2e428]]></ToUserName>
<FromUserName><![CDATA[ojDkIwpNnx5NznoNYVIMaz9EbT7A]]></FromUserName>
<CreateTime>1473592615</CreateTime>
<MsgType><![CDATA[event]]></MsgType>
<Event><![CDATA[VIEW]]></Event>
<EventKey><![CDATA[http://www.9kpu.com/app/index.php?i=20&c=home&=entry&eid=1]]></EventKey>
<MenuId>410679894</MenuId>
</xml>

2016-09-11 19:16:55 params :
------------
Array:
rule : -2 ;
module :  ;
message : Array ;

2016-09-11 19:16:55 response :
------------

2016-09-11 19:17:06 trace :
------------
String:
<xml><ToUserName><![CDATA[gh_2ee031f2e428]]></ToUserName>
<FromUserName><![CDATA[ojDkIwpNnx5NznoNYVIMaz9EbT7A]]></FromUserName>
<CreateTime>1473592626</CreateTime>
<MsgType><![CDATA[event]]></MsgType>
<Event><![CDATA[VIEW]]></Event>
<EventKey><![CDATA[http://www.9kpu.com/app/index.php?i=20&c=entry&do=bangding&m=lianhu_school]]></EventKey>
<MenuId>410679894</MenuId>
</xml>

2016-09-11 19:17:06 params :
------------
Array:
rule : -2 ;
module :  ;
message : Array ;

2016-09-11 19:17:06 response :
------------

2016-09-11 19:17:06 trace :
------------
String:
<xml><ToUserName><![CDATA[gh_e7a0c8306261]]></ToUserName>
<FromUserName><![CDATA[oRj-Fs-r4Rp9KYFUj5kwVlcSmGIE]]></FromUserName>
<CreateTime>1473592626</CreateTime>
<MsgType><![CDATA[event]]></MsgType>
<Event><![CDATA[unsubscribe]]></Event>
<EventKey><![CDATA[]]></EventKey>
</xml>

2016-09-11 19:28:01 trace :
------------
String:
<xml><ToUserName><![CDATA[gh_2a23de840671]]></ToUserName>
<FromUserName><![CDATA[oQxC9wYYBbw5iQ_YEwoz_eYoKZfs]]></FromUserName>
<CreateTime>1473593280</CreateTime>
<MsgType><![CDATA[event]]></MsgType>
<Event><![CDATA[subscribe]]></Event>
<EventKey><![CDATA[]]></EventKey>
</xml>

2016-09-11 19:28:01 params :
------------
Array:
rule : -2 ;
module :  ;
message : Array ;

2016-09-11 19:28:01 response :
------------

2016-09-11 19:28:04 trace :
------------
String:
<xml><ToUserName><![CDATA[gh_2a23de840671]]></ToUserName>
<FromUserName><![CDATA[oQxC9wYYBbw5iQ_YEwoz_eYoKZfs]]></FromUserName>
<CreateTime>1473593284</CreateTime>
<MsgType><![CDATA[event]]></MsgType>
<Event><![CDATA[VIEW]]></Event>
<EventKey><![CDATA[http://www.9kpu.com/app/index.php?i=31&c=home&]]></EventKey>
<MenuId>408135367</MenuId>
</xml>

2016-09-11 19:28:04 params :
------------
Array:
rule : -2 ;
module :  ;
message : Array ;

2016-09-11 19:28:04 response :
------------

2016-09-11 19:28:15 trace :
------------
String:
<xml><ToUserName><![CDATA[gh_2a23de840671]]></ToUserName>
<FromUserName><![CDATA[oQxC9wYYBbw5iQ_YEwoz_eYoKZfs]]></FromUserName>
<CreateTime>1473593294</CreateTime>
<MsgType><![CDATA[event]]></MsgType>
<Event><![CDATA[VIEW]]></Event>
<EventKey><![CDATA[http://www.9kpu.com/app/index.php?i=31&c=entry&eid=1]]></EventKey>
<MenuId>408135367</MenuId>
</xml>

2016-09-11 19:28:15 params :
------------
Array:
rule : -2 ;
module :  ;
message : Array ;

2016-09-11 19:28:15 response :
------------

2016-09-11 20:52:40 trace :
------------
String:
<xml><ToUserName><![CDATA[gh_0eab716966d4]]></ToUserName>
<FromUserName><![CDATA[oSoVuwE0NtWNYlbyKtM6SLODuBGo]]></FromUserName>
<CreateTime>1473598360</CreateTime>
<MsgType><![CDATA[event]]></MsgType>
<Event><![CDATA[subscribe]]></Event>
<EventKey><![CDATA[]]></EventKey>
</xml>

2016-09-11 20:52:40 params :
------------
Array:
rule : -2 ;
module :  ;
message : Array ;

2016-09-11 20:52:40 response :
------------

2016-09-11 20:52:43 trace :
------------
String:
<xml><ToUserName><![CDATA[gh_0eab716966d4]]></ToUserName>
<FromUserName><![CDATA[oSoVuwE0NtWNYlbyKtM6SLODuBGo]]></FromUserName>
<CreateTime>1473598363</CreateTime>
<MsgType><![CDATA[event]]></MsgType>
<Event><![CDATA[VIEW]]></Event>
<EventKey><![CDATA[http://www.9kpu.com/app/index.php?i=28&c=entry&eid=1]]></EventKey>
<MenuId>414492131</MenuId>
</xml>

2016-09-11 20:52:43 params :
------------
Array:
rule : -2 ;
module :  ;
message : Array ;

2016-09-11 20:52:43 response :
------------

2016-09-11 20:52:58 trace :
------------
String:
<xml><ToUserName><![CDATA[gh_0eab716966d4]]></ToUserName>
<FromUserName><![CDATA[oSoVuwE0NtWNYlbyKtM6SLODuBGo]]></FromUserName>
<CreateTime>1473598378</CreateTime>
<MsgType><![CDATA[event]]></MsgType>
<Event><![CDATA[VIEW]]></Event>
<EventKey><![CDATA[http://www.9kpu.com/app/index.php?i=28&c=home&]]></EventKey>
<MenuId>414492131</MenuId>
</xml>

2016-09-11 20:52:58 params :
------------
Array:
rule : -2 ;
module :  ;
message : Array ;

2016-09-11 20:52:58 response :
------------

2016-09-11 20:53:16 trace :
------------
String:
<xml><ToUserName><![CDATA[gh_0eab716966d4]]></ToUserName>
<FromUserName><![CDATA[oSoVuwE0NtWNYlbyKtM6SLODuBGo]]></FromUserName>
<CreateTime>1473598395</CreateTime>
<MsgType><![CDATA[text]]></MsgType>
<Content><![CDATA[开学仪式]]></Content>
<MsgId>6329056914381599103</MsgId>
</xml>

2016-09-11 20:53:16 params :
------------
Array:
rule : -2 ;
module :  ;
message : Array ;

2016-09-11 20:53:16 response :
------------

2016-09-11 20:53:23 trace :
------------
String:
<xml><ToUserName><![CDATA[gh_0eab716966d4]]></ToUserName>
<FromUserName><![CDATA[oSoVuwE0NtWNYlbyKtM6SLODuBGo]]></FromUserName>
<CreateTime>1473598403</CreateTime>
<MsgType><![CDATA[event]]></MsgType>
<Event><![CDATA[VIEW]]></Event>
<EventKey><![CDATA[http://www.9kpu.com/app/index.php?i=28&c=entry&eid=2]]></EventKey>
<MenuId>414492131</MenuId>
</xml>

2016-09-11 20:53:23 params :
------------
Array:
rule : -2 ;
module :  ;
message : Array ;

2016-09-11 20:53:23 response :
------------

2016-09-11 20:53:26 trace :
------------
String:
<xml><ToUserName><![CDATA[gh_0eab716966d4]]></ToUserName>
<FromUserName><![CDATA[oSoVuwE0NtWNYlbyKtM6SLODuBGo]]></FromUserName>
<CreateTime>1473598406</CreateTime>
<MsgType><![CDATA[event]]></MsgType>
<Event><![CDATA[VIEW]]></Event>
<EventKey><![CDATA[http://www.9kpu.com/app/index.php?i=28&c=entry&eid=1]]></EventKey>
<MenuId>414492131</MenuId>
</xml>

2016-09-11 20:53:26 params :
------------
Array:
rule : -2 ;
module :  ;
message : Array ;

2016-09-11 20:53:26 response :
------------

2016-09-11 20:56:02 trace :
------------
String:
<xml><ToUserName><![CDATA[gh_0eab716966d4]]></ToUserName>
<FromUserName><![CDATA[oSoVuwE0NtWNYlbyKtM6SLODuBGo]]></FromUserName>
<CreateTime>1473598562</CreateTime>
<MsgType><![CDATA[event]]></MsgType>
<Event><![CDATA[VIEW]]></Event>
<EventKey><![CDATA[http://www.9kpu.com/app/index.php?i=28&c=home&]]></EventKey>
<MenuId>414492131</MenuId>
</xml>

2016-09-11 20:56:02 params :
------------
Array:
rule : -2 ;
module :  ;
message : Array ;

2016-09-11 20:56:02 response :
------------

2016-09-11 23:12:15 trace :
------------
String:
<xml><ToUserName><![CDATA[gh_4e0c181b7380]]></ToUserName>
<FromUserName><![CDATA[oxtWnv8wDYtzEbuWEiG0KWJEQ61U]]></FromUserName>
<CreateTime>1473606735</CreateTime>
<MsgType><![CDATA[event]]></MsgType>
<Event><![CDATA[subscribe]]></Event>
<EventKey><![CDATA[]]></EventKey>
</xml>

2016-09-11 23:12:15 params :
------------
Array:
message : Array ;
module : default ;
rule : -1 ;

2016-09-11 23:12:15 response :
------------
Array:
params : Array ;

2016-09-11 23:12:18 trace :
------------
String:
<xml><ToUserName><![CDATA[gh_4e0c181b7380]]></ToUserName>
<FromUserName><![CDATA[oxtWnv8wDYtzEbuWEiG0KWJEQ61U]]></FromUserName>
<CreateTime>1473606738</CreateTime>
<MsgType><![CDATA[event]]></MsgType>
<Event><![CDATA[VIEW]]></Event>
<EventKey><![CDATA[http://www.9kpu.com/app/index.php?i=27&c=home&]]></EventKey>
<MenuId>432421071</MenuId>
</xml>

2016-09-11 23:12:18 params :
------------
Array:
message : Array ;
module : default ;
rule : -1 ;

2016-09-11 23:12:18 response :
------------
Array:
params : Array ;

2016-09-11 23:14:57 trace :
------------
String:
<xml><ToUserName><![CDATA[gh_4e0c181b7380]]></ToUserName>
<FromUserName><![CDATA[oxtWnv8wDYtzEbuWEiG0KWJEQ61U]]></FromUserName>
<CreateTime>1473606897</CreateTime>
<MsgType><![CDATA[event]]></MsgType>
<Event><![CDATA[VIEW]]></Event>
<EventKey><![CDATA[http://www.9kpu.com/app/index.php?i=27&c=entry&eid=2]]></EventKey>
<MenuId>432421071</MenuId>
</xml>

2016-09-11 23:14:57 params :
------------
Array:
message : Array ;
module : default ;
rule : -1 ;

2016-09-11 23:14:57 response :
------------
Array:
params : Array ;

2016-09-11 23:15:18 trace :
------------
String:
<xml><ToUserName><![CDATA[gh_4e0c181b7380]]></ToUserName>
<FromUserName><![CDATA[oxtWnv8wDYtzEbuWEiG0KWJEQ61U]]></FromUserName>
<CreateTime>1473606918</CreateTime>
<MsgType><![CDATA[event]]></MsgType>
<Event><![CDATA[VIEW]]></Event>
<EventKey><![CDATA[http://www.9kpu.com/app/index.php?i=27&c=entry&eid=2]]></EventKey>
<MenuId>432421071</MenuId>
</xml>

2016-09-11 23:15:18 params :
------------
Array:
message : Array ;
module : default ;
rule : -1 ;

2016-09-11 23:15:18 response :
------------
Array:
params : Array ;

2016-09-11 23:15:24 trace :
------------
String:
<xml><ToUserName><![CDATA[gh_4e0c181b7380]]></ToUserName>
<FromUserName><![CDATA[oxtWnv8wDYtzEbuWEiG0KWJEQ61U]]></FromUserName>
<CreateTime>1473606924</CreateTime>
<MsgType><![CDATA[event]]></MsgType>
<Event><![CDATA[VIEW]]></Event>
<EventKey><![CDATA[http://www.9kpu.com/app/index.php?i=27&c=entry&eid=1]]></EventKey>
<MenuId>432421071</MenuId>
</xml>

2016-09-11 23:15:24 params :
------------
Array:
message : Array ;
module : default ;
rule : -1 ;

2016-09-11 23:15:24 response :
------------
Array:
params : Array ;

2016-09-11 23:16:17 trace :
------------
String:
<xml><ToUserName><![CDATA[gh_4e0c181b7380]]></ToUserName>
<FromUserName><![CDATA[oxtWnv8wDYtzEbuWEiG0KWJEQ61U]]></FromUserName>
<CreateTime>1473606977</CreateTime>
<MsgType><![CDATA[event]]></MsgType>
<Event><![CDATA[VIEW]]></Event>
<EventKey><![CDATA[http://www.9kpu.com/app/index.php?i=27&c=home&]]></EventKey>
<MenuId>432421071</MenuId>
</xml>

2016-09-11 23:16:17 params :
------------
Array:
message : Array ;
module : default ;
rule : -1 ;

2016-09-11 23:16:17 response :
------------
Array:
params : Array ;

2016-09-11 23:20:49 trace :
------------
String:
<xml><ToUserName><![CDATA[gh_0eab716966d4]]></ToUserName>
<FromUserName><![CDATA[oSoVuwC6osQZg_ij3h0z09RKYbaI]]></FromUserName>
<CreateTime>1473607248</CreateTime>
<MsgType><![CDATA[event]]></MsgType>
<Event><![CDATA[subscribe]]></Event>
<EventKey><![CDATA[]]></EventKey>
</xml>

2016-09-11 23:20:49 params :
------------
Array:
rule : -2 ;
module :  ;
message : Array ;

2016-09-11 23:20:49 response :
------------

2016-09-11 23:29:24 trace :
------------
String:
<xml><ToUserName><![CDATA[gh_2a16c32dff4b]]></ToUserName>
<FromUserName><![CDATA[oZF73wNvKeJOUE0kPdunF3jVFPDs]]></FromUserName>
<CreateTime>1473607764</CreateTime>
<MsgType><![CDATA[event]]></MsgType>
<Event><![CDATA[VIEW]]></Event>
<EventKey><![CDATA[http://www.9kpu.com/app/index.php?i=26&c=home&t=43]]></EventKey>
<MenuId>443004588</MenuId>
</xml>

2016-09-11 23:29:24 params :
------------
Array:
message : Array ;
module : news ;
rule : 56 ;
priority : 0 ;
keyword : Array ;

2016-09-11 23:29:24 response :
------------
Array:
FromUserName : gh_2a16c32dff4b ;
ToUserName : oZF73wNvKeJOUE0kPdunF3jVFPDs ;
MsgType : news ;
ArticleCount : 1 ;
Articles : Array ;

2016-09-11 23:30:00 trace :
------------
String:
<xml><ToUserName><![CDATA[gh_2a16c32dff4b]]></ToUserName>
<FromUserName><![CDATA[oZF73wNvKeJOUE0kPdunF3jVFPDs]]></FromUserName>
<CreateTime>1473607800</CreateTime>
<MsgType><![CDATA[event]]></MsgType>
<Event><![CDATA[VIEW]]></Event>
<EventKey><![CDATA[http://www.9kpu.com/app/index.php?i=26&c=home&]]></EventKey>
<MenuId>443004588</MenuId>
</xml>

2016-09-11 23:30:00 params :
------------
Array:
message : Array ;
module : news ;
rule : 56 ;
priority : 0 ;
keyword : Array ;

2016-09-11 23:30:00 response :
------------
Array:
FromUserName : gh_2a16c32dff4b ;
ToUserName : oZF73wNvKeJOUE0kPdunF3jVFPDs ;
MsgType : news ;
ArticleCount : 1 ;
Articles : Array ;

2016-09-11 23:30:12 trace :
------------
String:
<xml><ToUserName><![CDATA[gh_2a16c32dff4b]]></ToUserName>
<FromUserName><![CDATA[oZF73wNvKeJOUE0kPdunF3jVFPDs]]></FromUserName>
<CreateTime>1473607812</CreateTime>
<MsgType><![CDATA[event]]></MsgType>
<Event><![CDATA[VIEW]]></Event>
<EventKey><![CDATA[http://www.9kpu.com/app/index.php?i=26&c=home&t=43]]></EventKey>
<MenuId>443004588</MenuId>
</xml>

2016-09-11 23:30:12 params :
------------
Array:
message : Array ;
module : news ;
rule : 56 ;
priority : 0 ;
keyword : Array ;

2016-09-11 23:30:12 response :
------------
Array:
FromUserName : gh_2a16c32dff4b ;
ToUserName : oZF73wNvKeJOUE0kPdunF3jVFPDs ;
MsgType : news ;
ArticleCount : 1 ;
Articles : Array ;

2016-09-11 23:30:20 trace :
------------
String:
<xml><ToUserName><![CDATA[gh_2a16c32dff4b]]></ToUserName>
<FromUserName><![CDATA[oZF73wNvKeJOUE0kPdunF3jVFPDs]]></FromUserName>
<CreateTime>1473607820</CreateTime>
<MsgType><![CDATA[event]]></MsgType>
<Event><![CDATA[VIEW]]></Event>
<EventKey><![CDATA[http://www.9kpu.com/app/index.php?i=26&c=home&t=37]]></EventKey>
<MenuId>443004588</MenuId>
</xml>

2016-09-11 23:30:20 params :
------------
Array:
message : Array ;
module : news ;
rule : 56 ;
priority : 0 ;
keyword : Array ;

2016-09-11 23:30:20 response :
------------
Array:
FromUserName : gh_2a16c32dff4b ;
ToUserName : oZF73wNvKeJOUE0kPdunF3jVFPDs ;
MsgType : news ;
ArticleCount : 1 ;
Articles : Array ;

2016-09-11 23:30:25 trace :
------------
String:
<xml><ToUserName><![CDATA[gh_2a16c32dff4b]]></ToUserName>
<FromUserName><![CDATA[oZF73wNvKeJOUE0kPdunF3jVFPDs]]></FromUserName>
<CreateTime>1473607825</CreateTime>
<MsgType><![CDATA[event]]></MsgType>
<Event><![CDATA[VIEW]]></Event>
<EventKey><![CDATA[http://www.9kpu.com/app/index.php?i=26&c=entry&eid=1]]></EventKey>
<MenuId>443004588</MenuId>
</xml>

2016-09-11 23:30:25 params :
------------
Array:
message : Array ;
module : news ;
rule : 56 ;
priority : 0 ;
keyword : Array ;

2016-09-11 23:30:25 response :
------------
Array:
FromUserName : gh_2a16c32dff4b ;
ToUserName : oZF73wNvKeJOUE0kPdunF3jVFPDs ;
MsgType : news ;
ArticleCount : 1 ;
Articles : Array ;

2016-09-11 23:30:31 trace :
------------
String:
<xml><ToUserName><![CDATA[gh_2a16c32dff4b]]></ToUserName>
<FromUserName><![CDATA[oZF73wNvKeJOUE0kPdunF3jVFPDs]]></FromUserName>
<CreateTime>1473607831</CreateTime>
<MsgType><![CDATA[event]]></MsgType>
<Event><![CDATA[VIEW]]></Event>
<EventKey><![CDATA[http://www.9kpu.com/app/index.php?i=26&c=entry&do=teaIn&m=lianhu_school]]></EventKey>
<MenuId>443004588</MenuId>
</xml>

2016-09-11 23:30:31 params :
------------
Array:
message : Array ;
module : news ;
rule : 56 ;
priority : 0 ;
keyword : Array ;

2016-09-11 23:30:31 response :
------------
Array:
FromUserName : gh_2a16c32dff4b ;
ToUserName : oZF73wNvKeJOUE0kPdunF3jVFPDs ;
MsgType : news ;
ArticleCount : 1 ;
Articles : Array ;

