2016-09-19 08:52:58 trace :
------------
String:
<xml><ToUserName><![CDATA[gh_2a23de840671]]></ToUserName>
<FromUserName><![CDATA[oQxC9wfDGw_2VwHd-qyo3rtBLA3E]]></FromUserName>
<CreateTime>1474246378</CreateTime>
<MsgType><![CDATA[event]]></MsgType>
<Event><![CDATA[VIEW]]></Event>
<EventKey><![CDATA[http://www.9kpu.com/app/index.php?i=31&c=entry&eid=1]]></EventKey>
<MenuId>408135367</MenuId>
</xml>

2016-09-19 08:52:58 params :
------------
Array:
message : Array ;
module : news ;
rule : 60 ;
priority : 0 ;
keyword : Array ;

2016-09-19 08:52:58 response :
------------
Array:
FromUserName : gh_2a23de840671 ;
ToUserName : oQxC9wfDGw_2VwHd-qyo3rtBLA3E ;
MsgType : news ;
ArticleCount : 1 ;
Articles : Array ;

2016-09-19 12:44:49 trace :
------------
String:
<xml><ToUserName><![CDATA[gh_081ee8610e82]]></ToUserName>
<FromUserName><![CDATA[ohNDtvslI5J6H5bYOClReEU9OQco]]></FromUserName>
<CreateTime>1474260289</CreateTime>
<MsgType><![CDATA[event]]></MsgType>
<Event><![CDATA[VIEW]]></Event>
<EventKey><![CDATA[http://m.igrow.cn/m/school/website/1390?platformid=gh_f93654b871ec&openid=oj3rPs7lPbX9A4U7mxv8dMma3uUQ]]></EventKey>
<MenuId>413852431</MenuId>
</xml>

2016-09-19 12:44:49 params :
------------
Array:
message : Array ;
module : basic ;
rule : 13 ;
priority : 0 ;
keyword : Array ;

2016-09-19 12:44:49 response :
------------
Array:
FromUserName : gh_081ee8610e82 ;
ToUserName : ohNDtvslI5J6H5bYOClReEU9OQco ;
MsgType : text ;
Content : 等你好久了，智慧微校欢迎您。如果您是来逛逛的，请点开微官网查看我们学校的介绍信息。如果您是家长，请点开学生中心，用您家孩子姓名与学号绑定，就可尽情使用微校功能。如果您是老师，请点开微办公，用系统分配的账号与密码完成绑定，使用微校完成家校互动。 ;

2016-09-19 12:45:13 trace :
------------
String:
<xml><ToUserName><![CDATA[gh_081ee8610e82]]></ToUserName>
<FromUserName><![CDATA[ohNDtvslI5J6H5bYOClReEU9OQco]]></FromUserName>
<CreateTime>1474260313</CreateTime>
<MsgType><![CDATA[event]]></MsgType>
<Event><![CDATA[VIEW]]></Event>
<EventKey><![CDATA[http://www.9kpu.com/app/index.php?i=4&c=entry&eid=1]]></EventKey>
<MenuId>413852431</MenuId>
</xml>

2016-09-19 12:45:13 params :
------------
Array:
message : Array ;
module : basic ;
rule : 13 ;
priority : 0 ;
keyword : Array ;

2016-09-19 12:45:13 response :
------------
Array:
FromUserName : gh_081ee8610e82 ;
ToUserName : ohNDtvslI5J6H5bYOClReEU9OQco ;
MsgType : text ;
Content : 等你好久了，智慧微校欢迎您。如果您是来逛逛的，请点开微官网查看我们学校的介绍信息。如果您是家长，请点开学生中心，用您家孩子姓名与学号绑定，就可尽情使用微校功能。如果您是老师，请点开微办公，用系统分配的账号与密码完成绑定，使用微校完成家校互动。 ;

2016-09-19 12:45:30 trace :
------------
String:
<xml><ToUserName><![CDATA[gh_081ee8610e82]]></ToUserName>
<FromUserName><![CDATA[ohNDtvslI5J6H5bYOClReEU9OQco]]></FromUserName>
<CreateTime>1474260330</CreateTime>
<MsgType><![CDATA[event]]></MsgType>
<Event><![CDATA[VIEW]]></Event>
<EventKey><![CDATA[http://www.9kpu.com/app/index.php?i=4&c=entry&eid=2]]></EventKey>
<MenuId>413852431</MenuId>
</xml>

2016-09-19 12:45:30 params :
------------
Array:
message : Array ;
module : basic ;
rule : 13 ;
priority : 0 ;
keyword : Array ;

2016-09-19 12:45:30 response :
------------
Array:
FromUserName : gh_081ee8610e82 ;
ToUserName : ohNDtvslI5J6H5bYOClReEU9OQco ;
MsgType : text ;
Content : 等你好久了，智慧微校欢迎您。如果您是来逛逛的，请点开微官网查看我们学校的介绍信息。如果您是家长，请点开学生中心，用您家孩子姓名与学号绑定，就可尽情使用微校功能。如果您是老师，请点开微办公，用系统分配的账号与密码完成绑定，使用微校完成家校互动。 ;

2016-09-19 12:45:32 trace :
------------
String:
<xml><ToUserName><![CDATA[gh_081ee8610e82]]></ToUserName>
<FromUserName><![CDATA[ohNDtvslI5J6H5bYOClReEU9OQco]]></FromUserName>
<CreateTime>1474260332</CreateTime>
<MsgType><![CDATA[event]]></MsgType>
<Event><![CDATA[VIEW]]></Event>
<EventKey><![CDATA[http://m.igrow.cn/m/school/website/1390?platformid=gh_f93654b871ec&openid=oj3rPs7lPbX9A4U7mxv8dMma3uUQ]]></EventKey>
<MenuId>413852431</MenuId>
</xml>

2016-09-19 12:45:32 params :
------------
Array:
message : Array ;
module : basic ;
rule : 13 ;
priority : 0 ;
keyword : Array ;

2016-09-19 12:45:32 response :
------------
Array:
FromUserName : gh_081ee8610e82 ;
ToUserName : ohNDtvslI5J6H5bYOClReEU9OQco ;
MsgType : text ;
Content : 等你好久了，智慧微校欢迎您。如果您是来逛逛的，请点开微官网查看我们学校的介绍信息。如果您是家长，请点开学生中心，用您家孩子姓名与学号绑定，就可尽情使用微校功能。如果您是老师，请点开微办公，用系统分配的账号与密码完成绑定，使用微校完成家校互动。 ;

2016-09-19 12:48:13 trace :
------------
String:
<xml><ToUserName><![CDATA[gh_081ee8610e82]]></ToUserName>
<FromUserName><![CDATA[ohNDtvlwM-2dSn6CNbIOPaVKQ5DY]]></FromUserName>
<CreateTime>1474260493</CreateTime>
<MsgType><![CDATA[event]]></MsgType>
<Event><![CDATA[subscribe]]></Event>
<EventKey><![CDATA[]]></EventKey>
</xml>

2016-09-19 12:48:13 params :
------------
Array:
message : Array ;
module : basic ;
rule : 13 ;
priority : 0 ;
keyword : Array ;

2016-09-19 12:48:13 response :
------------
Array:
FromUserName : gh_081ee8610e82 ;
ToUserName : ohNDtvlwM-2dSn6CNbIOPaVKQ5DY ;
MsgType : text ;
Content : 等你好久了，智慧微校欢迎您。如果您是来逛逛的，请点开微官网查看我们学校的介绍信息。如果您是家长，请点开学生中心，用您家孩子姓名与学号绑定，就可尽情使用微校功能。如果您是老师，请点开微办公，用系统分配的账号与密码完成绑定，使用微校完成家校互动。 ;

2016-09-19 12:48:16 trace :
------------
String:
<xml><ToUserName><![CDATA[gh_081ee8610e82]]></ToUserName>
<FromUserName><![CDATA[ohNDtvlwM-2dSn6CNbIOPaVKQ5DY]]></FromUserName>
<CreateTime>1474260496</CreateTime>
<MsgType><![CDATA[event]]></MsgType>
<Event><![CDATA[VIEW]]></Event>
<EventKey><![CDATA[http://www.9kpu.com/app/index.php?i=4&c=entry&eid=2]]></EventKey>
<MenuId>413852431</MenuId>
</xml>

2016-09-19 12:48:16 params :
------------
Array:
message : Array ;
module : basic ;
rule : 13 ;
priority : 0 ;
keyword : Array ;

2016-09-19 12:48:16 response :
------------
Array:
FromUserName : gh_081ee8610e82 ;
ToUserName : ohNDtvlwM-2dSn6CNbIOPaVKQ5DY ;
MsgType : text ;
Content : 等你好久了，智慧微校欢迎您。如果您是来逛逛的，请点开微官网查看我们学校的介绍信息。如果您是家长，请点开学生中心，用您家孩子姓名与学号绑定，就可尽情使用微校功能。如果您是老师，请点开微办公，用系统分配的账号与密码完成绑定，使用微校完成家校互动。 ;

2016-09-19 12:48:25 trace :
------------
String:
<xml><ToUserName><![CDATA[gh_081ee8610e82]]></ToUserName>
<FromUserName><![CDATA[ohNDtvlwM-2dSn6CNbIOPaVKQ5DY]]></FromUserName>
<CreateTime>1474260505</CreateTime>
<MsgType><![CDATA[event]]></MsgType>
<Event><![CDATA[VIEW]]></Event>
<EventKey><![CDATA[http://www.9kpu.com/app/index.php?i=4&c=entry&eid=1]]></EventKey>
<MenuId>413852431</MenuId>
</xml>

2016-09-19 12:48:25 params :
------------
Array:
message : Array ;
module : basic ;
rule : 13 ;
priority : 0 ;
keyword : Array ;

2016-09-19 12:48:25 response :
------------
Array:
FromUserName : gh_081ee8610e82 ;
ToUserName : ohNDtvlwM-2dSn6CNbIOPaVKQ5DY ;
MsgType : text ;
Content : 等你好久了，智慧微校欢迎您。如果您是来逛逛的，请点开微官网查看我们学校的介绍信息。如果您是家长，请点开学生中心，用您家孩子姓名与学号绑定，就可尽情使用微校功能。如果您是老师，请点开微办公，用系统分配的账号与密码完成绑定，使用微校完成家校互动。 ;

2016-09-19 12:48:30 trace :
------------
String:
<xml><ToUserName><![CDATA[gh_081ee8610e82]]></ToUserName>
<FromUserName><![CDATA[ohNDtvlwM-2dSn6CNbIOPaVKQ5DY]]></FromUserName>
<CreateTime>1474260510</CreateTime>
<MsgType><![CDATA[event]]></MsgType>
<Event><![CDATA[VIEW]]></Event>
<EventKey><![CDATA[http://m.igrow.cn/m/school/website/1390?platformid=gh_f93654b871ec&openid=oj3rPs7lPbX9A4U7mxv8dMma3uUQ]]></EventKey>
<MenuId>413852431</MenuId>
</xml>

2016-09-19 12:48:30 params :
------------
Array:
message : Array ;
module : basic ;
rule : 13 ;
priority : 0 ;
keyword : Array ;

2016-09-19 12:48:30 response :
------------
Array:
FromUserName : gh_081ee8610e82 ;
ToUserName : ohNDtvlwM-2dSn6CNbIOPaVKQ5DY ;
MsgType : text ;
Content : 等你好久了，智慧微校欢迎您。如果您是来逛逛的，请点开微官网查看我们学校的介绍信息。如果您是家长，请点开学生中心，用您家孩子姓名与学号绑定，就可尽情使用微校功能。如果您是老师，请点开微办公，用系统分配的账号与密码完成绑定，使用微校完成家校互动。 ;

2016-09-19 12:48:40 trace :
------------
String:
<xml><ToUserName><![CDATA[gh_081ee8610e82]]></ToUserName>
<FromUserName><![CDATA[ohNDtvlwM-2dSn6CNbIOPaVKQ5DY]]></FromUserName>
<CreateTime>1474260519</CreateTime>
<MsgType><![CDATA[event]]></MsgType>
<Event><![CDATA[VIEW]]></Event>
<EventKey><![CDATA[http://m.igrow.cn/m/school/website/1390?platformid=gh_f93654b871ec&openid=oj3rPs7lPbX9A4U7mxv8dMma3uUQ]]></EventKey>
<MenuId>413852431</MenuId>
</xml>

2016-09-19 12:48:40 params :
------------
Array:
message : Array ;
module : basic ;
rule : 13 ;
priority : 0 ;
keyword : Array ;

2016-09-19 12:48:40 response :
------------
Array:
FromUserName : gh_081ee8610e82 ;
ToUserName : ohNDtvlwM-2dSn6CNbIOPaVKQ5DY ;
MsgType : text ;
Content : 等你好久了，智慧微校欢迎您。如果您是来逛逛的，请点开微官网查看我们学校的介绍信息。如果您是家长，请点开学生中心，用您家孩子姓名与学号绑定，就可尽情使用微校功能。如果您是老师，请点开微办公，用系统分配的账号与密码完成绑定，使用微校完成家校互动。 ;

2016-09-19 15:33:53 trace :
------------
String:
<xml><ToUserName><![CDATA[gh_7d1762dac7c2]]></ToUserName>
<FromUserName><![CDATA[o8AZcwIS84Z0RWlOZeIhVNIvjW6w]]></FromUserName>
<CreateTime>1474270433</CreateTime>
<MsgType><![CDATA[event]]></MsgType>
<Event><![CDATA[subscribe]]></Event>
<EventKey><![CDATA[]]></EventKey>
</xml>

2016-09-19 15:33:53 params :
------------
Array:
rule : -2 ;
module :  ;
message : Array ;

2016-09-19 15:33:53 response :
------------

2016-09-19 15:33:56 trace :
------------
String:
<xml><ToUserName><![CDATA[gh_7d1762dac7c2]]></ToUserName>
<FromUserName><![CDATA[o8AZcwIS84Z0RWlOZeIhVNIvjW6w]]></FromUserName>
<CreateTime>1474270436</CreateTime>
<MsgType><![CDATA[event]]></MsgType>
<Event><![CDATA[VIEW]]></Event>
<EventKey><![CDATA[http://www.9kpu.com/app/index.php?i=6&c=entry&eid=1]]></EventKey>
<MenuId>406999612</MenuId>
</xml>

2016-09-19 15:33:56 params :
------------
Array:
rule : -2 ;
module :  ;
message : Array ;

2016-09-19 15:33:56 response :
------------

2016-09-19 15:34:32 trace :
------------
String:
<xml><ToUserName><![CDATA[gh_7d1762dac7c2]]></ToUserName>
<FromUserName><![CDATA[o8AZcwIS84Z0RWlOZeIhVNIvjW6w]]></FromUserName>
<CreateTime>1474270472</CreateTime>
<MsgType><![CDATA[event]]></MsgType>
<Event><![CDATA[VIEW]]></Event>
<EventKey><![CDATA[http://www.9kpu.com/app/index.php?i=6&c=entry&eid=2]]></EventKey>
<MenuId>406999612</MenuId>
</xml>

2016-09-19 15:34:32 params :
------------
Array:
rule : -2 ;
module :  ;
message : Array ;

2016-09-19 15:34:32 response :
------------

2016-09-19 15:34:35 trace :
------------
String:
<xml><ToUserName><![CDATA[gh_7d1762dac7c2]]></ToUserName>
<FromUserName><![CDATA[o8AZcwIS84Z0RWlOZeIhVNIvjW6w]]></FromUserName>
<CreateTime>1474270475</CreateTime>
<MsgType><![CDATA[event]]></MsgType>
<Event><![CDATA[VIEW]]></Event>
<EventKey><![CDATA[http://www.9kpu.com/app/index.php?i=6&c=home&]]></EventKey>
<MenuId>406999612</MenuId>
</xml>

2016-09-19 15:34:35 params :
------------
Array:
rule : -2 ;
module :  ;
message : Array ;

2016-09-19 15:34:35 response :
------------

2016-09-19 15:35:25 trace :
------------
String:
<xml><ToUserName><![CDATA[gh_7d1762dac7c2]]></ToUserName>
<FromUserName><![CDATA[o8AZcwIS84Z0RWlOZeIhVNIvjW6w]]></FromUserName>
<CreateTime>1474270525</CreateTime>
<MsgType><![CDATA[event]]></MsgType>
<Event><![CDATA[VIEW]]></Event>
<EventKey><![CDATA[http://www.9kpu.com/app/index.php?i=6&c=home&]]></EventKey>
<MenuId>406999612</MenuId>
</xml>

2016-09-19 15:35:25 params :
------------
Array:
rule : -2 ;
module :  ;
message : Array ;

2016-09-19 15:35:25 response :
------------

2016-09-19 15:54:12 trace :
------------
String:
<xml><ToUserName><![CDATA[gh_2a16c32dff4b]]></ToUserName>
<FromUserName><![CDATA[oZF73wNWh-YfE3_1OBhUMwSn1lpo]]></FromUserName>
<CreateTime>1474271652</CreateTime>
<MsgType><![CDATA[event]]></MsgType>
<Event><![CDATA[subscribe]]></Event>
<EventKey><![CDATA[]]></EventKey>
</xml>

2016-09-19 15:54:12 params :
------------
Array:
message : Array ;
module : news ;
rule : 56 ;
priority : 0 ;
keyword : Array ;

2016-09-19 15:54:12 response :
------------
Array:
FromUserName : gh_2a16c32dff4b ;
ToUserName : oZF73wNWh-YfE3_1OBhUMwSn1lpo ;
MsgType : news ;
ArticleCount : 1 ;
Articles : Array ;

2016-09-19 15:54:18 trace :
------------
String:
<xml><ToUserName><![CDATA[gh_2a16c32dff4b]]></ToUserName>
<FromUserName><![CDATA[oZF73wNWh-YfE3_1OBhUMwSn1lpo]]></FromUserName>
<CreateTime>1474271658</CreateTime>
<MsgType><![CDATA[event]]></MsgType>
<Event><![CDATA[VIEW]]></Event>
<EventKey><![CDATA[http://www.9kpu.com/app/index.php?i=26&c=home&]]></EventKey>
<MenuId>443004588</MenuId>
</xml>

2016-09-19 15:54:18 params :
------------
Array:
message : Array ;
module : news ;
rule : 56 ;
priority : 0 ;
keyword : Array ;

2016-09-19 15:54:18 response :
------------
Array:
FromUserName : gh_2a16c32dff4b ;
ToUserName : oZF73wNWh-YfE3_1OBhUMwSn1lpo ;
MsgType : news ;
ArticleCount : 1 ;
Articles : Array ;

2016-09-19 15:55:14 trace :
------------
String:
<xml><ToUserName><![CDATA[gh_2a16c32dff4b]]></ToUserName>
<FromUserName><![CDATA[oZF73wNWh-YfE3_1OBhUMwSn1lpo]]></FromUserName>
<CreateTime>1474271714</CreateTime>
<MsgType><![CDATA[event]]></MsgType>
<Event><![CDATA[VIEW]]></Event>
<EventKey><![CDATA[http://www.9kpu.com/app/index.php?i=26&c=home&]]></EventKey>
<MenuId>443004588</MenuId>
</xml>

2016-09-19 15:55:14 params :
------------
Array:
message : Array ;
module : news ;
rule : 56 ;
priority : 0 ;
keyword : Array ;

2016-09-19 15:55:14 response :
------------
Array:
FromUserName : gh_2a16c32dff4b ;
ToUserName : oZF73wNWh-YfE3_1OBhUMwSn1lpo ;
MsgType : news ;
ArticleCount : 1 ;
Articles : Array ;

2016-09-19 15:55:27 trace :
------------
String:
<xml><ToUserName><![CDATA[gh_2a16c32dff4b]]></ToUserName>
<FromUserName><![CDATA[oZF73wNWh-YfE3_1OBhUMwSn1lpo]]></FromUserName>
<CreateTime>1474271727</CreateTime>
<MsgType><![CDATA[event]]></MsgType>
<Event><![CDATA[VIEW]]></Event>
<EventKey><![CDATA[http://www.9kpu.com/app/index.php?i=26&c=home&]]></EventKey>
<MenuId>443004588</MenuId>
</xml>

2016-09-19 15:55:27 params :
------------
Array:
message : Array ;
module : news ;
rule : 56 ;
priority : 0 ;
keyword : Array ;

2016-09-19 15:55:27 response :
------------
Array:
FromUserName : gh_2a16c32dff4b ;
ToUserName : oZF73wNWh-YfE3_1OBhUMwSn1lpo ;
MsgType : news ;
ArticleCount : 1 ;
Articles : Array ;

2016-09-19 15:55:46 trace :
------------
String:
<xml><ToUserName><![CDATA[gh_2a16c32dff4b]]></ToUserName>
<FromUserName><![CDATA[oZF73wNWh-YfE3_1OBhUMwSn1lpo]]></FromUserName>
<CreateTime>1474271746</CreateTime>
<MsgType><![CDATA[event]]></MsgType>
<Event><![CDATA[VIEW]]></Event>
<EventKey><![CDATA[http://www.9kpu.com/app/index.php?i=26&c=entry&eid=1]]></EventKey>
<MenuId>443004588</MenuId>
</xml>

2016-09-19 15:55:46 params :
------------
Array:
message : Array ;
module : news ;
rule : 56 ;
priority : 0 ;
keyword : Array ;

2016-09-19 15:55:46 response :
------------
Array:
FromUserName : gh_2a16c32dff4b ;
ToUserName : oZF73wNWh-YfE3_1OBhUMwSn1lpo ;
MsgType : news ;
ArticleCount : 1 ;
Articles : Array ;

2016-09-19 15:55:53 trace :
------------
String:
<xml><ToUserName><![CDATA[gh_2a16c32dff4b]]></ToUserName>
<FromUserName><![CDATA[oZF73wNWh-YfE3_1OBhUMwSn1lpo]]></FromUserName>
<CreateTime>1474271753</CreateTime>
<MsgType><![CDATA[event]]></MsgType>
<Event><![CDATA[VIEW]]></Event>
<EventKey><![CDATA[http://www.9kpu.com/app/index.php?i=26&c=entry&do=teaIn&m=lianhu_school]]></EventKey>
<MenuId>443004588</MenuId>
</xml>

2016-09-19 15:55:53 params :
------------
Array:
message : Array ;
module : news ;
rule : 56 ;
priority : 0 ;
keyword : Array ;

2016-09-19 15:55:53 response :
------------
Array:
FromUserName : gh_2a16c32dff4b ;
ToUserName : oZF73wNWh-YfE3_1OBhUMwSn1lpo ;
MsgType : news ;
ArticleCount : 1 ;
Articles : Array ;

2016-09-19 15:56:51 trace :
------------
String:
<xml><ToUserName><![CDATA[gh_2a16c32dff4b]]></ToUserName>
<FromUserName><![CDATA[oZF73wNWh-YfE3_1OBhUMwSn1lpo]]></FromUserName>
<CreateTime>1474271810</CreateTime>
<MsgType><![CDATA[event]]></MsgType>
<Event><![CDATA[VIEW]]></Event>
<EventKey><![CDATA[http://www.9kpu.com/app/index.php?i=26&c=home&t=37]]></EventKey>
<MenuId>443004588</MenuId>
</xml>

2016-09-19 15:56:51 params :
------------
Array:
message : Array ;
module : news ;
rule : 56 ;
priority : 0 ;
keyword : Array ;

2016-09-19 15:56:51 response :
------------
Array:
FromUserName : gh_2a16c32dff4b ;
ToUserName : oZF73wNWh-YfE3_1OBhUMwSn1lpo ;
MsgType : news ;
ArticleCount : 1 ;
Articles : Array ;

2016-09-19 15:56:56 trace :
------------
String:
<xml><ToUserName><![CDATA[gh_2a16c32dff4b]]></ToUserName>
<FromUserName><![CDATA[oZF73wNWh-YfE3_1OBhUMwSn1lpo]]></FromUserName>
<CreateTime>1474271816</CreateTime>
<MsgType><![CDATA[event]]></MsgType>
<Event><![CDATA[VIEW]]></Event>
<EventKey><![CDATA[http://www.9kpu.com/app/index.php?i=26&c=home&t=43]]></EventKey>
<MenuId>443004588</MenuId>
</xml>

2016-09-19 15:56:56 params :
------------
Array:
message : Array ;
module : news ;
rule : 56 ;
priority : 0 ;
keyword : Array ;

2016-09-19 15:56:56 response :
------------
Array:
FromUserName : gh_2a16c32dff4b ;
ToUserName : oZF73wNWh-YfE3_1OBhUMwSn1lpo ;
MsgType : news ;
ArticleCount : 1 ;
Articles : Array ;

2016-09-19 16:00:53 trace :
------------
String:
<xml><ToUserName><![CDATA[gh_2a16c32dff4b]]></ToUserName>
<FromUserName><![CDATA[oZF73wNWh-YfE3_1OBhUMwSn1lpo]]></FromUserName>
<CreateTime>1474272053</CreateTime>
<MsgType><![CDATA[event]]></MsgType>
<Event><![CDATA[VIEW]]></Event>
<EventKey><![CDATA[http://www.9kpu.com/app/index.php?i=26&c=home&]]></EventKey>
<MenuId>443004588</MenuId>
</xml>

2016-09-19 16:00:53 params :
------------
Array:
message : Array ;
module : news ;
rule : 56 ;
priority : 0 ;
keyword : Array ;

2016-09-19 16:00:53 response :
------------
Array:
FromUserName : gh_2a16c32dff4b ;
ToUserName : oZF73wNWh-YfE3_1OBhUMwSn1lpo ;
MsgType : news ;
ArticleCount : 1 ;
Articles : Array ;

2016-09-19 16:01:23 trace :
------------
String:
<xml><ToUserName><![CDATA[gh_2a16c32dff4b]]></ToUserName>
<FromUserName><![CDATA[oZF73wNWh-YfE3_1OBhUMwSn1lpo]]></FromUserName>
<CreateTime>1474272083</CreateTime>
<MsgType><![CDATA[event]]></MsgType>
<Event><![CDATA[unsubscribe]]></Event>
<EventKey><![CDATA[]]></EventKey>
</xml>

2016-09-19 19:41:15 trace :
------------
String:
<xml><ToUserName><![CDATA[gh_2a16c32dff4b]]></ToUserName>
<FromUserName><![CDATA[oZF73wMeey6NjRLgC4IjntqO_YQU]]></FromUserName>
<CreateTime>1474285275</CreateTime>
<MsgType><![CDATA[event]]></MsgType>
<Event><![CDATA[subscribe]]></Event>
<EventKey><![CDATA[]]></EventKey>
</xml>

2016-09-19 19:41:15 params :
------------
Array:
message : Array ;
module : news ;
rule : 56 ;
priority : 0 ;
keyword : Array ;

2016-09-19 19:41:15 response :
------------
Array:
FromUserName : gh_2a16c32dff4b ;
ToUserName : oZF73wMeey6NjRLgC4IjntqO_YQU ;
MsgType : news ;
ArticleCount : 1 ;
Articles : Array ;

2016-09-19 19:41:25 trace :
------------
String:
<xml><ToUserName><![CDATA[gh_2a16c32dff4b]]></ToUserName>
<FromUserName><![CDATA[oZF73wMeey6NjRLgC4IjntqO_YQU]]></FromUserName>
<CreateTime>1474285285</CreateTime>
<MsgType><![CDATA[event]]></MsgType>
<Event><![CDATA[VIEW]]></Event>
<EventKey><![CDATA[http://www.9kpu.com/app/index.php?i=26&c=entry&do=teaIn&m=lianhu_school]]></EventKey>
<MenuId>443004588</MenuId>
</xml>

2016-09-19 19:41:25 params :
------------
Array:
message : Array ;
module : news ;
rule : 56 ;
priority : 0 ;
keyword : Array ;

2016-09-19 19:41:25 response :
------------
Array:
FromUserName : gh_2a16c32dff4b ;
ToUserName : oZF73wMeey6NjRLgC4IjntqO_YQU ;
MsgType : news ;
ArticleCount : 1 ;
Articles : Array ;

2016-09-19 19:41:29 trace :
------------
String:
<xml><ToUserName><![CDATA[gh_2a16c32dff4b]]></ToUserName>
<FromUserName><![CDATA[oZF73wMeey6NjRLgC4IjntqO_YQU]]></FromUserName>
<CreateTime>1474285289</CreateTime>
<MsgType><![CDATA[event]]></MsgType>
<Event><![CDATA[VIEW]]></Event>
<EventKey><![CDATA[http://www.9kpu.com/app/index.php?i=26&c=entry&eid=1]]></EventKey>
<MenuId>443004588</MenuId>
</xml>

2016-09-19 19:41:29 params :
------------
Array:
message : Array ;
module : news ;
rule : 56 ;
priority : 0 ;
keyword : Array ;

2016-09-19 19:41:29 response :
------------
Array:
FromUserName : gh_2a16c32dff4b ;
ToUserName : oZF73wMeey6NjRLgC4IjntqO_YQU ;
MsgType : news ;
ArticleCount : 1 ;
Articles : Array ;

2016-09-19 19:41:35 trace :
------------
String:
<xml><ToUserName><![CDATA[gh_2a16c32dff4b]]></ToUserName>
<FromUserName><![CDATA[oZF73wMeey6NjRLgC4IjntqO_YQU]]></FromUserName>
<CreateTime>1474285295</CreateTime>
<MsgType><![CDATA[event]]></MsgType>
<Event><![CDATA[VIEW]]></Event>
<EventKey><![CDATA[http://www.9kpu.com/app/index.php?i=26&c=home&]]></EventKey>
<MenuId>443004588</MenuId>
</xml>

2016-09-19 19:41:35 params :
------------
Array:
message : Array ;
module : news ;
rule : 56 ;
priority : 0 ;
keyword : Array ;

2016-09-19 19:41:35 response :
------------
Array:
FromUserName : gh_2a16c32dff4b ;
ToUserName : oZF73wMeey6NjRLgC4IjntqO_YQU ;
MsgType : news ;
ArticleCount : 1 ;
Articles : Array ;

2016-09-19 22:15:46 trace :
------------
String:
<xml><ToUserName><![CDATA[gh_c8e42a22d2ba]]></ToUserName>
<FromUserName><![CDATA[o7oRnwz1ef4M91v6yF0ah033KiZM]]></FromUserName>
<CreateTime>1474294546</CreateTime>
<MsgType><![CDATA[event]]></MsgType>
<Event><![CDATA[subscribe]]></Event>
<EventKey><![CDATA[]]></EventKey>
</xml>

2016-09-19 22:15:46 params :
------------
Array:
message : Array ;
module : news ;
rule : 53 ;
priority : 3 ;
keyword : Array ;

2016-09-19 22:15:46 response :
------------
Array:
FromUserName : gh_c8e42a22d2ba ;
ToUserName : o7oRnwz1ef4M91v6yF0ah033KiZM ;
MsgType : news ;
ArticleCount : 2 ;
Articles : Array ;

