2016-04-08 07:09:18 trace :
------------
String:
<xml><ToUserName><![CDATA[gh_2157a6c86a35]]></ToUserName>
<FromUserName><![CDATA[oEcottw7qP2pciewrM5tmFvI8As4]]></FromUserName>
<CreateTime>1460070558</CreateTime>
<MsgType><![CDATA[event]]></MsgType>
<Event><![CDATA[TEMPLATESENDJOBFINISH]]></Event>
<MsgID>402850705</MsgID>
<Status><![CDATA[success]]></Status>
</xml>

2016-04-08 07:09:18 params :
------------
Array:
rule : -2 ;
module :  ;
message : Array ;

2016-04-08 07:09:18 response :
------------

2016-04-08 07:50:10 trace :
------------
String:
<xml><ToUserName><![CDATA[gh_2157a6c86a35]]></ToUserName>
<FromUserName><![CDATA[oEcott_TScLOOrncqPhtzglnYENA]]></FromUserName>
<CreateTime>1460073009</CreateTime>
<MsgType><![CDATA[event]]></MsgType>
<Event><![CDATA[TEMPLATESENDJOBFINISH]]></Event>
<MsgID>402850922</MsgID>
<Status><![CDATA[success]]></Status>
</xml>

2016-04-08 07:50:10 params :
------------
Array:
rule : -2 ;
module :  ;
message : Array ;

2016-04-08 07:50:10 response :
------------

2016-04-08 07:54:04 trace :
------------
String:
<xml><ToUserName><![CDATA[gh_2157a6c86a35]]></ToUserName>
<FromUserName><![CDATA[oEcottwdRSG6HkIZwvuQXqa3QKng]]></FromUserName>
<CreateTime>1460073244</CreateTime>
<MsgType><![CDATA[event]]></MsgType>
<Event><![CDATA[TEMPLATESENDJOBFINISH]]></Event>
<MsgID>402850942</MsgID>
<Status><![CDATA[success]]></Status>
</xml>

2016-04-08 07:54:04 params :
------------
Array:
rule : -2 ;
module :  ;
message : Array ;

2016-04-08 07:54:04 response :
------------

2016-04-08 07:59:36 trace :
------------
String:
<xml><ToUserName><![CDATA[gh_2157a6c86a35]]></ToUserName>
<FromUserName><![CDATA[oEcottzrsY0hiIxBYE3CK2zp6WYY]]></FromUserName>
<CreateTime>1460073576</CreateTime>
<MsgType><![CDATA[event]]></MsgType>
<Event><![CDATA[TEMPLATESENDJOBFINISH]]></Event>
<MsgID>402850971</MsgID>
<Status><![CDATA[success]]></Status>
</xml>

2016-04-08 07:59:36 params :
------------
Array:
rule : -2 ;
module :  ;
message : Array ;

2016-04-08 07:59:36 response :
------------

2016-04-08 08:00:01 trace :
------------
String:
<xml><ToUserName><![CDATA[gh_2157a6c86a35]]></ToUserName>
<FromUserName><![CDATA[oEcottyNJ25zzQtzEyNqnQxM1MOA]]></FromUserName>
<CreateTime>1460073601</CreateTime>
<MsgType><![CDATA[event]]></MsgType>
<Event><![CDATA[TEMPLATESENDJOBFINISH]]></Event>
<MsgID>402850972</MsgID>
<Status><![CDATA[success]]></Status>
</xml>

2016-04-08 08:00:01 params :
------------
Array:
rule : -2 ;
module :  ;
message : Array ;

2016-04-08 08:00:01 response :
------------

2016-04-08 08:02:47 trace :
------------
String:
<xml><ToUserName><![CDATA[gh_2157a6c86a35]]></ToUserName>
<FromUserName><![CDATA[oEcott8j6IUHePzxE_Daw_DYK8eM]]></FromUserName>
<CreateTime>1460073767</CreateTime>
<MsgType><![CDATA[event]]></MsgType>
<Event><![CDATA[TEMPLATESENDJOBFINISH]]></Event>
<MsgID>402851003</MsgID>
<Status><![CDATA[success]]></Status>
</xml>

2016-04-08 08:02:47 params :
------------
Array:
rule : -2 ;
module :  ;
message : Array ;

2016-04-08 08:02:47 response :
------------

2016-04-08 08:03:36 trace :
------------
String:
<xml><ToUserName><![CDATA[gh_2157a6c86a35]]></ToUserName>
<FromUserName><![CDATA[oEcott-Gft4vv4qG56uwiyofjGHg]]></FromUserName>
<CreateTime>1460073816</CreateTime>
<MsgType><![CDATA[event]]></MsgType>
<Event><![CDATA[TEMPLATESENDJOBFINISH]]></Event>
<MsgID>402851008</MsgID>
<Status><![CDATA[success]]></Status>
</xml>

2016-04-08 08:03:36 params :
------------
Array:
rule : -2 ;
module :  ;
message : Array ;

2016-04-08 08:03:36 response :
------------

2016-04-08 08:07:55 trace :
------------
String:
<xml><ToUserName><![CDATA[gh_2157a6c86a35]]></ToUserName>
<FromUserName><![CDATA[oEcott9j2Z30FezqLMZANHtpKRrc]]></FromUserName>
<CreateTime>1460074074</CreateTime>
<MsgType><![CDATA[event]]></MsgType>
<Event><![CDATA[TEMPLATESENDJOBFINISH]]></Event>
<MsgID>402851027</MsgID>
<Status><![CDATA[success]]></Status>
</xml>

2016-04-08 08:07:55 params :
------------
Array:
rule : -2 ;
module :  ;
message : Array ;

2016-04-08 08:07:55 response :
------------

2016-04-08 08:10:58 trace :
------------
String:
<xml><ToUserName><![CDATA[gh_2157a6c86a35]]></ToUserName>
<FromUserName><![CDATA[oEcott3J9KhtJb00_3ga_Kkmz2wo]]></FromUserName>
<CreateTime>1460074258</CreateTime>
<MsgType><![CDATA[event]]></MsgType>
<Event><![CDATA[TEMPLATESENDJOBFINISH]]></Event>
<MsgID>402851049</MsgID>
<Status><![CDATA[success]]></Status>
</xml>

2016-04-08 08:10:58 params :
------------
Array:
rule : -2 ;
module :  ;
message : Array ;

2016-04-08 08:10:58 response :
------------

2016-04-08 08:11:36 trace :
------------
String:
<xml><ToUserName><![CDATA[gh_2157a6c86a35]]></ToUserName>
<FromUserName><![CDATA[oEcott-O08EqTyB2vYvWY1DM_DPw]]></FromUserName>
<CreateTime>1460074296</CreateTime>
<MsgType><![CDATA[event]]></MsgType>
<Event><![CDATA[TEMPLATESENDJOBFINISH]]></Event>
<MsgID>402851053</MsgID>
<Status><![CDATA[success]]></Status>
</xml>

2016-04-08 08:11:36 params :
------------
Array:
rule : -2 ;
module :  ;
message : Array ;

2016-04-08 08:11:36 response :
------------

2016-04-08 08:11:53 trace :
------------
String:
<xml><ToUserName><![CDATA[gh_2157a6c86a35]]></ToUserName>
<FromUserName><![CDATA[oEcott9ljw-R0nLqj9w8n9-Ki3fk]]></FromUserName>
<CreateTime>1460074313</CreateTime>
<MsgType><![CDATA[event]]></MsgType>
<Event><![CDATA[TEMPLATESENDJOBFINISH]]></Event>
<MsgID>402851055</MsgID>
<Status><![CDATA[success]]></Status>
</xml>

2016-04-08 08:11:53 params :
------------
Array:
rule : -2 ;
module :  ;
message : Array ;

2016-04-08 08:11:53 response :
------------

2016-04-08 08:15:46 trace :
------------
String:
<xml><ToUserName><![CDATA[gh_2157a6c86a35]]></ToUserName>
<FromUserName><![CDATA[oEcottxty6YaSaSyWDPLhYWgCpEo]]></FromUserName>
<CreateTime>1460074546</CreateTime>
<MsgType><![CDATA[event]]></MsgType>
<Event><![CDATA[TEMPLATESENDJOBFINISH]]></Event>
<MsgID>402851084</MsgID>
<Status><![CDATA[success]]></Status>
</xml>

2016-04-08 08:15:46 params :
------------
Array:
rule : -2 ;
module :  ;
message : Array ;

2016-04-08 08:15:46 response :
------------

2016-04-08 08:18:39 trace :
------------
String:
<xml><ToUserName><![CDATA[gh_2157a6c86a35]]></ToUserName>
<FromUserName><![CDATA[oEcottw-XpAyVDw19kaEaIYggcQM]]></FromUserName>
<CreateTime>1460074719</CreateTime>
<MsgType><![CDATA[event]]></MsgType>
<Event><![CDATA[TEMPLATESENDJOBFINISH]]></Event>
<MsgID>402851097</MsgID>
<Status><![CDATA[success]]></Status>
</xml>

2016-04-08 08:18:39 params :
------------
Array:
rule : -2 ;
module :  ;
message : Array ;

2016-04-08 08:18:39 response :
------------

2016-04-08 08:18:39 trace :
------------
String:
<xml><ToUserName><![CDATA[gh_2157a6c86a35]]></ToUserName>
<FromUserName><![CDATA[oEcottwtC-3ft3xuJtsyqIZnzwGI]]></FromUserName>
<CreateTime>1460074719</CreateTime>
<MsgType><![CDATA[event]]></MsgType>
<Event><![CDATA[TEMPLATESENDJOBFINISH]]></Event>
<MsgID>402851098</MsgID>
<Status><![CDATA[success]]></Status>
</xml>

2016-04-08 08:18:39 params :
------------
Array:
rule : -2 ;
module :  ;
message : Array ;

2016-04-08 08:18:39 response :
------------

2016-04-08 08:18:46 trace :
------------
String:
<xml><ToUserName><![CDATA[gh_2157a6c86a35]]></ToUserName>
<FromUserName><![CDATA[oEcott4a-0QekZBexvAtcmke-D4w]]></FromUserName>
<CreateTime>1460074726</CreateTime>
<MsgType><![CDATA[event]]></MsgType>
<Event><![CDATA[TEMPLATESENDJOBFINISH]]></Event>
<MsgID>402851099</MsgID>
<Status><![CDATA[success]]></Status>
</xml>

2016-04-08 08:18:46 params :
------------
Array:
rule : -2 ;
module :  ;
message : Array ;

2016-04-08 08:18:46 response :
------------

2016-04-08 08:20:11 trace :
------------
String:
<xml><ToUserName><![CDATA[gh_2157a6c86a35]]></ToUserName>
<FromUserName><![CDATA[oEcott84pU16wJT6ChwWpKVayVsQ]]></FromUserName>
<CreateTime>1460074811</CreateTime>
<MsgType><![CDATA[event]]></MsgType>
<Event><![CDATA[TEMPLATESENDJOBFINISH]]></Event>
<MsgID>402851105</MsgID>
<Status><![CDATA[success]]></Status>
</xml>

2016-04-08 08:20:11 params :
------------
Array:
rule : -2 ;
module :  ;
message : Array ;

2016-04-08 08:20:11 response :
------------

2016-04-08 08:21:12 trace :
------------
String:
<xml><ToUserName><![CDATA[gh_2157a6c86a35]]></ToUserName>
<FromUserName><![CDATA[oEcotty9Hy_CUxbMI7Ce1okwOCpk]]></FromUserName>
<CreateTime>1460074872</CreateTime>
<MsgType><![CDATA[event]]></MsgType>
<Event><![CDATA[TEMPLATESENDJOBFINISH]]></Event>
<MsgID>402851122</MsgID>
<Status><![CDATA[success]]></Status>
</xml>

2016-04-08 08:21:12 params :
------------
Array:
rule : -2 ;
module :  ;
message : Array ;

2016-04-08 08:21:12 response :
------------

2016-04-08 08:21:43 trace :
------------
String:
<xml><ToUserName><![CDATA[gh_2157a6c86a35]]></ToUserName>
<FromUserName><![CDATA[oEcott82FheWLXY2ft9sHxcV1YYQ]]></FromUserName>
<CreateTime>1460074903</CreateTime>
<MsgType><![CDATA[event]]></MsgType>
<Event><![CDATA[TEMPLATESENDJOBFINISH]]></Event>
<MsgID>402851123</MsgID>
<Status><![CDATA[success]]></Status>
</xml>

2016-04-08 08:21:43 params :
------------
Array:
rule : -2 ;
module :  ;
message : Array ;

2016-04-08 08:21:43 response :
------------

2016-04-08 08:24:04 trace :
------------
String:
<xml><ToUserName><![CDATA[gh_2157a6c86a35]]></ToUserName>
<FromUserName><![CDATA[oEcott5JI0hsdoCxNPA10KHiY1kA]]></FromUserName>
<CreateTime>1460075044</CreateTime>
<MsgType><![CDATA[event]]></MsgType>
<Event><![CDATA[TEMPLATESENDJOBFINISH]]></Event>
<MsgID>402851133</MsgID>
<Status><![CDATA[success]]></Status>
</xml>

2016-04-08 08:24:04 params :
------------
Array:
rule : -2 ;
module :  ;
message : Array ;

2016-04-08 08:24:04 response :
------------

2016-04-08 08:27:21 trace :
------------
String:
<xml><ToUserName><![CDATA[gh_2157a6c86a35]]></ToUserName>
<FromUserName><![CDATA[oEcottwAqWW9x8Wo1YdwPF4SIpbs]]></FromUserName>
<CreateTime>1460075241</CreateTime>
<MsgType><![CDATA[event]]></MsgType>
<Event><![CDATA[TEMPLATESENDJOBFINISH]]></Event>
<MsgID>402851150</MsgID>
<Status><![CDATA[success]]></Status>
</xml>

2016-04-08 08:27:21 params :
------------
Array:
rule : -2 ;
module :  ;
message : Array ;

2016-04-08 08:27:21 response :
------------

2016-04-08 08:29:27 trace :
------------
String:
<xml><ToUserName><![CDATA[gh_2157a6c86a35]]></ToUserName>
<FromUserName><![CDATA[oEcott_HC4Mi8y5j3sFlJBgqhd9E]]></FromUserName>
<CreateTime>1460075367</CreateTime>
<MsgType><![CDATA[event]]></MsgType>
<Event><![CDATA[TEMPLATESENDJOBFINISH]]></Event>
<MsgID>402851163</MsgID>
<Status><![CDATA[success]]></Status>
</xml>

2016-04-08 08:29:27 params :
------------
Array:
rule : -2 ;
module :  ;
message : Array ;

2016-04-08 08:29:27 response :
------------

2016-04-08 08:29:38 trace :
------------
String:
<xml><ToUserName><![CDATA[gh_2157a6c86a35]]></ToUserName>
<FromUserName><![CDATA[oEcott0BYGm77xwFerCfTO68jYpE]]></FromUserName>
<CreateTime>1460075378</CreateTime>
<MsgType><![CDATA[event]]></MsgType>
<Event><![CDATA[TEMPLATESENDJOBFINISH]]></Event>
<MsgID>402851164</MsgID>
<Status><![CDATA[success]]></Status>
</xml>

2016-04-08 08:29:38 params :
------------
Array:
rule : -2 ;
module :  ;
message : Array ;

2016-04-08 08:29:38 response :
------------

2016-04-08 08:33:59 trace :
------------
String:
<xml><ToUserName><![CDATA[gh_2157a6c86a35]]></ToUserName>
<FromUserName><![CDATA[oEcottzBLHgNZQimwE8XOIsT1IY0]]></FromUserName>
<CreateTime>1460075639</CreateTime>
<MsgType><![CDATA[event]]></MsgType>
<Event><![CDATA[TEMPLATESENDJOBFINISH]]></Event>
<MsgID>402851187</MsgID>
<Status><![CDATA[success]]></Status>
</xml>

2016-04-08 08:33:59 params :
------------
Array:
rule : -2 ;
module :  ;
message : Array ;

2016-04-08 08:33:59 response :
------------

2016-04-08 08:37:02 trace :
------------
String:
<xml><ToUserName><![CDATA[gh_2157a6c86a35]]></ToUserName>
<FromUserName><![CDATA[oEcottyilUy5tLd8vANXKGPG4EcA]]></FromUserName>
<CreateTime>1460075822</CreateTime>
<MsgType><![CDATA[event]]></MsgType>
<Event><![CDATA[TEMPLATESENDJOBFINISH]]></Event>
<MsgID>402851207</MsgID>
<Status><![CDATA[success]]></Status>
</xml>

2016-04-08 08:37:02 params :
------------
Array:
rule : -2 ;
module :  ;
message : Array ;

2016-04-08 08:37:02 response :
------------

2016-04-08 08:39:24 trace :
------------
String:
<xml><ToUserName><![CDATA[gh_2157a6c86a35]]></ToUserName>
<FromUserName><![CDATA[oEcott7ShK4TAzzs-r2z7vxof71E]]></FromUserName>
<CreateTime>1460075964</CreateTime>
<MsgType><![CDATA[event]]></MsgType>
<Event><![CDATA[TEMPLATESENDJOBFINISH]]></Event>
<MsgID>402851216</MsgID>
<Status><![CDATA[success]]></Status>
</xml>

2016-04-08 08:39:24 params :
------------
Array:
rule : -2 ;
module :  ;
message : Array ;

2016-04-08 08:39:24 response :
------------

2016-04-08 08:42:41 trace :
------------
String:
<xml><ToUserName><![CDATA[gh_2157a6c86a35]]></ToUserName>
<FromUserName><![CDATA[oEcottwW2YU7yp_kBQarnTzqdlEs]]></FromUserName>
<CreateTime>1460076161</CreateTime>
<MsgType><![CDATA[event]]></MsgType>
<Event><![CDATA[TEMPLATESENDJOBFINISH]]></Event>
<MsgID>402851235</MsgID>
<Status><![CDATA[success]]></Status>
</xml>

2016-04-08 08:42:41 params :
------------
Array:
rule : -2 ;
module :  ;
message : Array ;

2016-04-08 08:42:41 response :
------------

2016-04-08 08:44:00 trace :
------------
String:
<xml><ToUserName><![CDATA[gh_2157a6c86a35]]></ToUserName>
<FromUserName><![CDATA[oEcott8QzR6FuIfbjGYBlK2rCCjY]]></FromUserName>
<CreateTime>1460076240</CreateTime>
<MsgType><![CDATA[event]]></MsgType>
<Event><![CDATA[TEMPLATESENDJOBFINISH]]></Event>
<MsgID>402851239</MsgID>
<Status><![CDATA[success]]></Status>
</xml>

2016-04-08 08:44:00 params :
------------
Array:
rule : -2 ;
module :  ;
message : Array ;

2016-04-08 08:44:00 response :
------------

2016-04-08 08:44:49 trace :
------------
String:
<xml><ToUserName><![CDATA[gh_2157a6c86a35]]></ToUserName>
<FromUserName><![CDATA[oEcott5b5wbU8rzCcze6w7sk3ZCE]]></FromUserName>
<CreateTime>1460076289</CreateTime>
<MsgType><![CDATA[event]]></MsgType>
<Event><![CDATA[TEMPLATESENDJOBFINISH]]></Event>
<MsgID>402851241</MsgID>
<Status><![CDATA[success]]></Status>
</xml>

2016-04-08 08:44:49 params :
------------
Array:
rule : -2 ;
module :  ;
message : Array ;

2016-04-08 08:44:49 response :
------------

2016-04-08 08:45:51 trace :
------------
String:
<xml><ToUserName><![CDATA[gh_2157a6c86a35]]></ToUserName>
<FromUserName><![CDATA[oEcott-ABRgmooGIBYo6pfmvHqa8]]></FromUserName>
<CreateTime>1460076351</CreateTime>
<MsgType><![CDATA[event]]></MsgType>
<Event><![CDATA[TEMPLATESENDJOBFINISH]]></Event>
<MsgID>402851247</MsgID>
<Status><![CDATA[success]]></Status>
</xml>

2016-04-08 08:45:51 params :
------------
Array:
rule : -2 ;
module :  ;
message : Array ;

2016-04-08 08:45:51 response :
------------

2016-04-08 08:46:00 trace :
------------
String:
<xml><ToUserName><![CDATA[gh_2157a6c86a35]]></ToUserName>
<FromUserName><![CDATA[oEcottwVEJ256h6vTGhxIdtgmqfM]]></FromUserName>
<CreateTime>1460076360</CreateTime>
<MsgType><![CDATA[event]]></MsgType>
<Event><![CDATA[TEMPLATESENDJOBFINISH]]></Event>
<MsgID>402851250</MsgID>
<Status><![CDATA[success]]></Status>
</xml>

2016-04-08 08:46:00 params :
------------
Array:
rule : -2 ;
module :  ;
message : Array ;

2016-04-08 08:46:00 response :
------------

2016-04-08 08:46:29 trace :
------------
String:
<xml><ToUserName><![CDATA[gh_2157a6c86a35]]></ToUserName>
<FromUserName><![CDATA[oEcott2dwp2nY9k0xvuKyswBnhkQ]]></FromUserName>
<CreateTime>1460076389</CreateTime>
<MsgType><![CDATA[event]]></MsgType>
<Event><![CDATA[TEMPLATESENDJOBFINISH]]></Event>
<MsgID>402851251</MsgID>
<Status><![CDATA[success]]></Status>
</xml>

2016-04-08 08:46:29 params :
------------
Array:
rule : -2 ;
module :  ;
message : Array ;

2016-04-08 08:46:29 response :
------------

2016-04-08 08:48:00 trace :
------------
String:
<xml><ToUserName><![CDATA[gh_2157a6c86a35]]></ToUserName>
<FromUserName><![CDATA[oEcott70voayiiyG-DpyHj7M30_4]]></FromUserName>
<CreateTime>1460076480</CreateTime>
<MsgType><![CDATA[event]]></MsgType>
<Event><![CDATA[TEMPLATESENDJOBFINISH]]></Event>
<MsgID>402851260</MsgID>
<Status><![CDATA[success]]></Status>
</xml>

2016-04-08 08:48:00 params :
------------
Array:
rule : -2 ;
module :  ;
message : Array ;

2016-04-08 08:48:00 response :
------------

2016-04-08 08:48:04 trace :
------------
String:
<xml><ToUserName><![CDATA[gh_2157a6c86a35]]></ToUserName>
<FromUserName><![CDATA[oEcott8bXNlBO-pF9t-0J1dTDGPs]]></FromUserName>
<CreateTime>1460076484</CreateTime>
<MsgType><![CDATA[event]]></MsgType>
<Event><![CDATA[TEMPLATESENDJOBFINISH]]></Event>
<MsgID>402851262</MsgID>
<Status><![CDATA[success]]></Status>
</xml>

2016-04-08 08:48:04 params :
------------
Array:
rule : -2 ;
module :  ;
message : Array ;

2016-04-08 08:48:04 response :
------------

2016-04-08 08:50:11 trace :
------------
String:
<xml><ToUserName><![CDATA[gh_2157a6c86a35]]></ToUserName>
<FromUserName><![CDATA[oEcott4fTAgoYWAqlhp-vYkaOIHE]]></FromUserName>
<CreateTime>1460076611</CreateTime>
<MsgType><![CDATA[event]]></MsgType>
<Event><![CDATA[TEMPLATESENDJOBFINISH]]></Event>
<MsgID>402851267</MsgID>
<Status><![CDATA[success]]></Status>
</xml>

2016-04-08 08:50:11 params :
------------
Array:
rule : -2 ;
module :  ;
message : Array ;

2016-04-08 08:50:11 response :
------------

2016-04-08 08:53:49 trace :
------------
String:
<xml><ToUserName><![CDATA[gh_2157a6c86a35]]></ToUserName>
<FromUserName><![CDATA[oEcott635Povl9tOo6clkek3iiWI]]></FromUserName>
<CreateTime>1460076829</CreateTime>
<MsgType><![CDATA[event]]></MsgType>
<Event><![CDATA[TEMPLATESENDJOBFINISH]]></Event>
<MsgID>402851286</MsgID>
<Status><![CDATA[success]]></Status>
</xml>

2016-04-08 08:53:49 params :
------------
Array:
rule : -2 ;
module :  ;
message : Array ;

2016-04-08 08:53:49 response :
------------

2016-04-08 08:59:09 trace :
------------
String:
<xml><ToUserName><![CDATA[gh_2157a6c86a35]]></ToUserName>
<FromUserName><![CDATA[oEcottweuKMCfyRDSq_VzSWdhHL4]]></FromUserName>
<CreateTime>1460077149</CreateTime>
<MsgType><![CDATA[event]]></MsgType>
<Event><![CDATA[TEMPLATESENDJOBFINISH]]></Event>
<MsgID>402851319</MsgID>
<Status><![CDATA[success]]></Status>
</xml>

2016-04-08 08:59:09 params :
------------
Array:
rule : -2 ;
module :  ;
message : Array ;

2016-04-08 08:59:09 response :
------------

2016-04-08 09:02:22 trace :
------------
String:
<xml><ToUserName><![CDATA[gh_2157a6c86a35]]></ToUserName>
<FromUserName><![CDATA[oEcottwUAPs9DpzF09MOdy_19fZQ]]></FromUserName>
<CreateTime>1460077342</CreateTime>
<MsgType><![CDATA[event]]></MsgType>
<Event><![CDATA[TEMPLATESENDJOBFINISH]]></Event>
<MsgID>402851345</MsgID>
<Status><![CDATA[success]]></Status>
</xml>

2016-04-08 09:02:22 params :
------------
Array:
rule : -2 ;
module :  ;
message : Array ;

2016-04-08 09:02:22 response :
------------

2016-04-08 09:02:29 trace :
------------
String:
<xml><ToUserName><![CDATA[gh_2157a6c86a35]]></ToUserName>
<FromUserName><![CDATA[oEcott8-fHoACFiURkUXBYRZHEro]]></FromUserName>
<CreateTime>1460077349</CreateTime>
<MsgType><![CDATA[event]]></MsgType>
<Event><![CDATA[TEMPLATESENDJOBFINISH]]></Event>
<MsgID>402851349</MsgID>
<Status><![CDATA[success]]></Status>
</xml>

2016-04-08 09:02:29 params :
------------
Array:
rule : -2 ;
module :  ;
message : Array ;

2016-04-08 09:02:29 response :
------------

2016-04-08 09:05:41 trace :
------------
String:
<xml><ToUserName><![CDATA[gh_2157a6c86a35]]></ToUserName>
<FromUserName><![CDATA[oEcottwqUGE1u3b5ckvGD0KWlBl8]]></FromUserName>
<CreateTime>1460077541</CreateTime>
<MsgType><![CDATA[event]]></MsgType>
<Event><![CDATA[TEMPLATESENDJOBFINISH]]></Event>
<MsgID>402851372</MsgID>
<Status><![CDATA[success]]></Status>
</xml>

2016-04-08 09:05:41 params :
------------
Array:
rule : -2 ;
module :  ;
message : Array ;

2016-04-08 09:05:41 response :
------------

2016-04-08 09:16:09 trace :
------------
String:
<xml><ToUserName><![CDATA[gh_2157a6c86a35]]></ToUserName>
<FromUserName><![CDATA[oEcottwaQKPAhCbvBdG29Qt7Ip-E]]></FromUserName>
<CreateTime>1460078169</CreateTime>
<MsgType><![CDATA[event]]></MsgType>
<Event><![CDATA[TEMPLATESENDJOBFINISH]]></Event>
<MsgID>402851534</MsgID>
<Status><![CDATA[success]]></Status>
</xml>

2016-04-08 09:16:09 params :
------------
Array:
rule : -2 ;
module :  ;
message : Array ;

2016-04-08 09:16:09 response :
------------

2016-04-08 10:05:13 trace :
------------
String:
<xml><ToUserName><![CDATA[gh_2157a6c86a35]]></ToUserName>
<FromUserName><![CDATA[oEcott3X8k9L_8WTQ9nt3sySoims]]></FromUserName>
<CreateTime>1460081113</CreateTime>
<MsgType><![CDATA[event]]></MsgType>
<Event><![CDATA[TEMPLATESENDJOBFINISH]]></Event>
<MsgID>402852239</MsgID>
<Status><![CDATA[success]]></Status>
</xml>

2016-04-08 10:05:13 params :
------------
Array:
rule : -2 ;
module :  ;
message : Array ;

2016-04-08 10:05:13 response :
------------

2016-04-08 10:11:55 trace :
------------
String:
<xml><ToUserName><![CDATA[gh_2157a6c86a35]]></ToUserName>
<FromUserName><![CDATA[oEcott52uezBMOS2iT-RAS8H9OZE]]></FromUserName>
<CreateTime>1460081515</CreateTime>
<MsgType><![CDATA[event]]></MsgType>
<Event><![CDATA[TEMPLATESENDJOBFINISH]]></Event>
<MsgID>402852373</MsgID>
<Status><![CDATA[success]]></Status>
</xml>

2016-04-08 10:11:55 params :
------------
Array:
rule : -2 ;
module :  ;
message : Array ;

2016-04-08 10:11:55 response :
------------

2016-04-08 11:49:38 trace :
------------
String:
<xml><ToUserName><![CDATA[gh_2157a6c86a35]]></ToUserName>
<FromUserName><![CDATA[oEcottwUAPs9DpzF09MOdy_19fZQ]]></FromUserName>
<CreateTime>1460087378</CreateTime>
<MsgType><![CDATA[event]]></MsgType>
<Event><![CDATA[TEMPLATESENDJOBFINISH]]></Event>
<MsgID>402853822</MsgID>
<Status><![CDATA[success]]></Status>
</xml>

2016-04-08 11:49:38 params :
------------
Array:
rule : -2 ;
module :  ;
message : Array ;

2016-04-08 11:49:38 response :
------------

2016-04-08 13:35:31 trace :
------------
String:
<xml><ToUserName><![CDATA[gh_2157a6c86a35]]></ToUserName>
<FromUserName><![CDATA[oEcott6NxqQL1nVC6VxQb0II8gA0]]></FromUserName>
<CreateTime>1460093731</CreateTime>
<MsgType><![CDATA[event]]></MsgType>
<Event><![CDATA[VIEW]]></Event>
<EventKey><![CDATA[http://www.9kpu.com/app/index.php?i=3&c=mc&a=card&do=notice&]]></EventKey>
<MenuId>402655615</MenuId>
</xml>

2016-04-08 13:35:31 params :
------------
Array:
rule : -2 ;
module :  ;
message : Array ;

2016-04-08 13:35:31 response :
------------

2016-04-08 13:36:11 trace :
------------
String:
<xml><ToUserName><![CDATA[gh_2157a6c86a35]]></ToUserName>
<FromUserName><![CDATA[oEcott6NxqQL1nVC6VxQb0II8gA0]]></FromUserName>
<CreateTime>1460093771</CreateTime>
<MsgType><![CDATA[event]]></MsgType>
<Event><![CDATA[VIEW]]></Event>
<EventKey><![CDATA[http://www.9kpu.com/app/index.php?i=3&c=mc&a=card&do=notice&]]></EventKey>
<MenuId>402655615</MenuId>
</xml>

2016-04-08 13:36:11 params :
------------
Array:
rule : -2 ;
module :  ;
message : Array ;

2016-04-08 13:36:11 response :
------------

2016-04-08 13:36:34 trace :
------------
String:
<xml><ToUserName><![CDATA[gh_2157a6c86a35]]></ToUserName>
<FromUserName><![CDATA[oEcott6NxqQL1nVC6VxQb0II8gA0]]></FromUserName>
<CreateTime>1460093794</CreateTime>
<MsgType><![CDATA[event]]></MsgType>
<Event><![CDATA[VIEW]]></Event>
<EventKey><![CDATA[http://www.9kpu.com/app/index.php?i=3&c=mc&a=card&do=notice&]]></EventKey>
<MenuId>402655615</MenuId>
</xml>

2016-04-08 13:36:34 params :
------------
Array:
rule : -2 ;
module :  ;
message : Array ;

2016-04-08 13:36:34 response :
------------

2016-04-08 14:09:55 trace :
------------
String:
<xml><ToUserName><![CDATA[gh_2157a6c86a35]]></ToUserName>
<FromUserName><![CDATA[oEcottyNJ25zzQtzEyNqnQxM1MOA]]></FromUserName>
<CreateTime>1460095795</CreateTime>
<MsgType><![CDATA[event]]></MsgType>
<Event><![CDATA[VIEW]]></Event>
<EventKey><![CDATA[http://www.9kpu.com/app/index.php?i=3&c=entry&eid=1]]></EventKey>
<MenuId>402655615</MenuId>
</xml>

2016-04-08 14:09:55 params :
------------
Array:
rule : -2 ;
module :  ;
message : Array ;

2016-04-08 14:09:55 response :
------------

2016-04-08 14:10:12 trace :
------------
String:
<xml><ToUserName><![CDATA[gh_2157a6c86a35]]></ToUserName>
<FromUserName><![CDATA[oEcottyNJ25zzQtzEyNqnQxM1MOA]]></FromUserName>
<CreateTime>1460095812</CreateTime>
<MsgType><![CDATA[event]]></MsgType>
<Event><![CDATA[VIEW]]></Event>
<EventKey><![CDATA[http://www.9kpu.com/app/index.php?i=3&c=entry&eid=2]]></EventKey>
<MenuId>402655615</MenuId>
</xml>

2016-04-08 14:10:12 params :
------------
Array:
rule : -2 ;
module :  ;
message : Array ;

2016-04-08 14:10:12 response :
------------

2016-04-08 14:10:26 trace :
------------
String:
<xml><ToUserName><![CDATA[gh_2157a6c86a35]]></ToUserName>
<FromUserName><![CDATA[oEcottyNJ25zzQtzEyNqnQxM1MOA]]></FromUserName>
<CreateTime>1460095826</CreateTime>
<MsgType><![CDATA[event]]></MsgType>
<Event><![CDATA[VIEW]]></Event>
<EventKey><![CDATA[http://www.9kpu.com/app/index.php?i=3&c=entry&eid=1]]></EventKey>
<MenuId>402655615</MenuId>
</xml>

2016-04-08 14:10:26 params :
------------
Array:
rule : -2 ;
module :  ;
message : Array ;

2016-04-08 14:10:26 response :
------------

2016-04-08 14:10:36 trace :
------------
String:
<xml><ToUserName><![CDATA[gh_2157a6c86a35]]></ToUserName>
<FromUserName><![CDATA[oEcottyNJ25zzQtzEyNqnQxM1MOA]]></FromUserName>
<CreateTime>1460095836</CreateTime>
<MsgType><![CDATA[event]]></MsgType>
<Event><![CDATA[CLICK]]></Event>
<EventKey><![CDATA[图文介绍]]></EventKey>
</xml>

2016-04-08 14:10:36 params :
------------
Array:
message : Array ;
module : news ;
rule : 12 ;
priority : 0 ;
keyword : Array ;

2016-04-08 14:10:36 response :
------------
Array:
FromUserName : gh_2157a6c86a35 ;
ToUserName : oEcottyNJ25zzQtzEyNqnQxM1MOA ;
MsgType : news ;
ArticleCount : 1 ;
Articles : Array ;

2016-04-08 14:11:17 trace :
------------
String:
<xml><ToUserName><![CDATA[gh_2157a6c86a35]]></ToUserName>
<FromUserName><![CDATA[oEcottyNJ25zzQtzEyNqnQxM1MOA]]></FromUserName>
<CreateTime>1460095877</CreateTime>
<MsgType><![CDATA[event]]></MsgType>
<Event><![CDATA[CLICK]]></Event>
<EventKey><![CDATA[grow.trend]]></EventKey>
</xml>

2016-04-08 14:11:17 params :
------------
Array:
rule : -2 ;
module :  ;
message : Array ;

2016-04-08 14:11:17 response :
------------

2016-04-08 14:14:28 trace :
------------
String:
<xml><ToUserName><![CDATA[gh_2157a6c86a35]]></ToUserName>
<FromUserName><![CDATA[oEcott6NxqQL1nVC6VxQb0II8gA0]]></FromUserName>
<CreateTime>1460096068</CreateTime>
<MsgType><![CDATA[event]]></MsgType>
<Event><![CDATA[VIEW]]></Event>
<EventKey><![CDATA[http://www.9kpu.com/app/index.php?i=3&c=mc&a=card&do=notice&]]></EventKey>
<MenuId>402655615</MenuId>
</xml>

2016-04-08 14:14:28 params :
------------
Array:
rule : -2 ;
module :  ;
message : Array ;

2016-04-08 14:14:28 response :
------------

2016-04-08 14:15:10 trace :
------------
String:
<xml><ToUserName><![CDATA[gh_2157a6c86a35]]></ToUserName>
<FromUserName><![CDATA[oEcott7UnXMBrI19GSfHbHj0F69I]]></FromUserName>
<CreateTime>1460096110</CreateTime>
<MsgType><![CDATA[event]]></MsgType>
<Event><![CDATA[VIEW]]></Event>
<EventKey><![CDATA[http://www.9kpu.com/app/index.php?i=3&c=mc&a=card&do=notice&]]></EventKey>
<MenuId>402655615</MenuId>
</xml>

2016-04-08 14:15:10 params :
------------
Array:
rule : -2 ;
module :  ;
message : Array ;

2016-04-08 14:15:10 response :
------------

2016-04-08 14:15:29 trace :
------------
String:
<xml><ToUserName><![CDATA[gh_2157a6c86a35]]></ToUserName>
<FromUserName><![CDATA[oEcott6NxqQL1nVC6VxQb0II8gA0]]></FromUserName>
<CreateTime>1460096129</CreateTime>
<MsgType><![CDATA[event]]></MsgType>
<Event><![CDATA[VIEW]]></Event>
<EventKey><![CDATA[http://www.9kpu.com/app/index.php?i=3&c=mc&a=card&do=notice&]]></EventKey>
<MenuId>402655615</MenuId>
</xml>

2016-04-08 14:15:29 params :
------------
Array:
rule : -2 ;
module :  ;
message : Array ;

2016-04-08 14:15:29 response :
------------

2016-04-08 14:45:10 trace :
------------
String:
<xml><ToUserName><![CDATA[gh_2157a6c86a35]]></ToUserName>
<FromUserName><![CDATA[oEcottwW2YU7yp_kBQarnTzqdlEs]]></FromUserName>
<CreateTime>1460097910</CreateTime>
<MsgType><![CDATA[event]]></MsgType>
<Event><![CDATA[TEMPLATESENDJOBFINISH]]></Event>
<MsgID>402856304</MsgID>
<Status><![CDATA[success]]></Status>
</xml>

2016-04-08 14:45:10 params :
------------
Array:
rule : -2 ;
module :  ;
message : Array ;

2016-04-08 14:45:10 response :
------------

2016-04-08 14:47:46 trace :
------------
String:
<xml><ToUserName><![CDATA[gh_2157a6c86a35]]></ToUserName>
<FromUserName><![CDATA[oEcott8-fHoACFiURkUXBYRZHEro]]></FromUserName>
<CreateTime>1460098066</CreateTime>
<MsgType><![CDATA[event]]></MsgType>
<Event><![CDATA[TEMPLATESENDJOBFINISH]]></Event>
<MsgID>402856353</MsgID>
<Status><![CDATA[success]]></Status>
</xml>

2016-04-08 14:47:46 params :
------------
Array:
rule : -2 ;
module :  ;
message : Array ;

2016-04-08 14:47:46 response :
------------

2016-04-08 15:28:53 trace :
------------
String:
<xml><ToUserName><![CDATA[gh_2157a6c86a35]]></ToUserName>
<FromUserName><![CDATA[oEcott52uezBMOS2iT-RAS8H9OZE]]></FromUserName>
<CreateTime>1460100532</CreateTime>
<MsgType><![CDATA[event]]></MsgType>
<Event><![CDATA[TEMPLATESENDJOBFINISH]]></Event>
<MsgID>402856875</MsgID>
<Status><![CDATA[success]]></Status>
</xml>

2016-04-08 15:28:53 params :
------------
Array:
rule : -2 ;
module :  ;
message : Array ;

2016-04-08 15:28:53 response :
------------

2016-04-08 15:29:24 trace :
------------
String:
<xml><ToUserName><![CDATA[gh_2157a6c86a35]]></ToUserName>
<FromUserName><![CDATA[oEcottweuKMCfyRDSq_VzSWdhHL4]]></FromUserName>
<CreateTime>1460100563</CreateTime>
<MsgType><![CDATA[event]]></MsgType>
<Event><![CDATA[TEMPLATESENDJOBFINISH]]></Event>
<MsgID>402856880</MsgID>
<Status><![CDATA[success]]></Status>
</xml>

2016-04-08 15:29:24 params :
------------
Array:
rule : -2 ;
module :  ;
message : Array ;

2016-04-08 15:29:24 response :
------------

2016-04-08 15:29:25 trace :
------------
String:
<xml><ToUserName><![CDATA[gh_2157a6c86a35]]></ToUserName>
<FromUserName><![CDATA[oEcott-Gft4vv4qG56uwiyofjGHg]]></FromUserName>
<CreateTime>1460100565</CreateTime>
<MsgType><![CDATA[event]]></MsgType>
<Event><![CDATA[TEMPLATESENDJOBFINISH]]></Event>
<MsgID>402856881</MsgID>
<Status><![CDATA[success]]></Status>
</xml>

2016-04-08 15:29:25 params :
------------
Array:
rule : -2 ;
module :  ;
message : Array ;

2016-04-08 15:29:25 response :
------------

2016-04-08 15:29:35 trace :
------------
String:
<xml><ToUserName><![CDATA[gh_2157a6c86a35]]></ToUserName>
<FromUserName><![CDATA[oEcottw-XpAyVDw19kaEaIYggcQM]]></FromUserName>
<CreateTime>1460100575</CreateTime>
<MsgType><![CDATA[event]]></MsgType>
<Event><![CDATA[TEMPLATESENDJOBFINISH]]></Event>
<MsgID>402856882</MsgID>
<Status><![CDATA[success]]></Status>
</xml>

2016-04-08 15:29:35 params :
------------
Array:
rule : -2 ;
module :  ;
message : Array ;

2016-04-08 15:29:35 response :
------------

2016-04-08 15:30:09 trace :
------------
String:
<xml><ToUserName><![CDATA[gh_2157a6c86a35]]></ToUserName>
<FromUserName><![CDATA[oEcott8j6IUHePzxE_Daw_DYK8eM]]></FromUserName>
<CreateTime>1460100609</CreateTime>
<MsgType><![CDATA[event]]></MsgType>
<Event><![CDATA[TEMPLATESENDJOBFINISH]]></Event>
<MsgID>402856894</MsgID>
<Status><![CDATA[success]]></Status>
</xml>

2016-04-08 15:30:09 params :
------------
Array:
rule : -2 ;
module :  ;
message : Array ;

2016-04-08 15:30:09 response :
------------

2016-04-08 15:30:18 trace :
------------
String:
<xml><ToUserName><![CDATA[gh_2157a6c86a35]]></ToUserName>
<FromUserName><![CDATA[oEcottzBLHgNZQimwE8XOIsT1IY0]]></FromUserName>
<CreateTime>1460100618</CreateTime>
<MsgType><![CDATA[event]]></MsgType>
<Event><![CDATA[TEMPLATESENDJOBFINISH]]></Event>
<MsgID>402856897</MsgID>
<Status><![CDATA[success]]></Status>
</xml>

2016-04-08 15:30:18 params :
------------
Array:
rule : -2 ;
module :  ;
message : Array ;

2016-04-08 15:30:18 response :
------------

2016-04-08 15:30:34 trace :
------------
String:
<xml><ToUserName><![CDATA[gh_2157a6c86a35]]></ToUserName>
<FromUserName><![CDATA[oEcott7ShK4TAzzs-r2z7vxof71E]]></FromUserName>
<CreateTime>1460100633</CreateTime>
<MsgType><![CDATA[event]]></MsgType>
<Event><![CDATA[TEMPLATESENDJOBFINISH]]></Event>
<MsgID>402856909</MsgID>
<Status><![CDATA[success]]></Status>
</xml>

2016-04-08 15:30:34 params :
------------
Array:
rule : -2 ;
module :  ;
message : Array ;

2016-04-08 15:30:34 response :
------------

2016-04-08 15:31:03 trace :
------------
String:
<xml><ToUserName><![CDATA[gh_2157a6c86a35]]></ToUserName>
<FromUserName><![CDATA[oEcott9j2Z30FezqLMZANHtpKRrc]]></FromUserName>
<CreateTime>1460100663</CreateTime>
<MsgType><![CDATA[event]]></MsgType>
<Event><![CDATA[TEMPLATESENDJOBFINISH]]></Event>
<MsgID>402856918</MsgID>
<Status><![CDATA[success]]></Status>
</xml>

2016-04-08 15:31:03 params :
------------
Array:
rule : -2 ;
module :  ;
message : Array ;

2016-04-08 15:31:03 response :
------------

2016-04-08 15:31:30 trace :
------------
String:
<xml><ToUserName><![CDATA[gh_2157a6c86a35]]></ToUserName>
<FromUserName><![CDATA[oEcott84pU16wJT6ChwWpKVayVsQ]]></FromUserName>
<CreateTime>1460100690</CreateTime>
<MsgType><![CDATA[event]]></MsgType>
<Event><![CDATA[TEMPLATESENDJOBFINISH]]></Event>
<MsgID>402856923</MsgID>
<Status><![CDATA[success]]></Status>
</xml>

2016-04-08 15:31:30 params :
------------
Array:
rule : -2 ;
module :  ;
message : Array ;

2016-04-08 15:31:30 response :
------------

2016-04-08 15:32:12 trace :
------------
String:
<xml><ToUserName><![CDATA[gh_2157a6c86a35]]></ToUserName>
<FromUserName><![CDATA[oEcott_HC4Mi8y5j3sFlJBgqhd9E]]></FromUserName>
<CreateTime>1460100732</CreateTime>
<MsgType><![CDATA[event]]></MsgType>
<Event><![CDATA[TEMPLATESENDJOBFINISH]]></Event>
<MsgID>402856930</MsgID>
<Status><![CDATA[success]]></Status>
</xml>

2016-04-08 15:32:12 params :
------------
Array:
rule : -2 ;
module :  ;
message : Array ;

2016-04-08 15:32:12 response :
------------

2016-04-08 15:32:14 trace :
------------
String:
<xml><ToUserName><![CDATA[gh_2157a6c86a35]]></ToUserName>
<FromUserName><![CDATA[oEcottwtC-3ft3xuJtsyqIZnzwGI]]></FromUserName>
<CreateTime>1460100734</CreateTime>
<MsgType><![CDATA[event]]></MsgType>
<Event><![CDATA[TEMPLATESENDJOBFINISH]]></Event>
<MsgID>402856931</MsgID>
<Status><![CDATA[success]]></Status>
</xml>

2016-04-08 15:32:14 params :
------------
Array:
rule : -2 ;
module :  ;
message : Array ;

2016-04-08 15:32:14 response :
------------

2016-04-08 15:33:10 trace :
------------
String:
<xml><ToUserName><![CDATA[gh_2157a6c86a35]]></ToUserName>
<FromUserName><![CDATA[oEcott_TScLOOrncqPhtzglnYENA]]></FromUserName>
<CreateTime>1460100790</CreateTime>
<MsgType><![CDATA[event]]></MsgType>
<Event><![CDATA[TEMPLATESENDJOBFINISH]]></Event>
<MsgID>402856944</MsgID>
<Status><![CDATA[success]]></Status>
</xml>

2016-04-08 15:33:10 params :
------------
Array:
rule : -2 ;
module :  ;
message : Array ;

2016-04-08 15:33:10 response :
------------

2016-04-08 15:39:35 trace :
------------
String:
<xml><ToUserName><![CDATA[gh_2157a6c86a35]]></ToUserName>
<FromUserName><![CDATA[oEcottyilUy5tLd8vANXKGPG4EcA]]></FromUserName>
<CreateTime>1460101175</CreateTime>
<MsgType><![CDATA[event]]></MsgType>
<Event><![CDATA[TEMPLATESENDJOBFINISH]]></Event>
<MsgID>402857007</MsgID>
<Status><![CDATA[success]]></Status>
</xml>

2016-04-08 15:39:35 params :
------------
Array:
rule : -2 ;
module :  ;
message : Array ;

2016-04-08 15:39:35 response :
------------

2016-04-08 15:43:20 trace :
------------
String:
<xml><ToUserName><![CDATA[gh_2157a6c86a35]]></ToUserName>
<FromUserName><![CDATA[oEcott8QzR6FuIfbjGYBlK2rCCjY]]></FromUserName>
<CreateTime>1460101399</CreateTime>
<MsgType><![CDATA[event]]></MsgType>
<Event><![CDATA[TEMPLATESENDJOBFINISH]]></Event>
<MsgID>402857043</MsgID>
<Status><![CDATA[success]]></Status>
</xml>

2016-04-08 15:43:20 params :
------------
Array:
rule : -2 ;
module :  ;
message : Array ;

2016-04-08 15:43:20 response :
------------

2016-04-08 15:44:28 trace :
------------
String:
<xml><ToUserName><![CDATA[gh_2157a6c86a35]]></ToUserName>
<FromUserName><![CDATA[oEcott5b5wbU8rzCcze6w7sk3ZCE]]></FromUserName>
<CreateTime>1460101468</CreateTime>
<MsgType><![CDATA[event]]></MsgType>
<Event><![CDATA[TEMPLATESENDJOBFINISH]]></Event>
<MsgID>402857059</MsgID>
<Status><![CDATA[success]]></Status>
</xml>

2016-04-08 15:44:28 params :
------------
Array:
rule : -2 ;
module :  ;
message : Array ;

2016-04-08 15:44:28 response :
------------

2016-04-08 15:45:16 trace :
------------
String:
<xml><ToUserName><![CDATA[gh_2157a6c86a35]]></ToUserName>
<FromUserName><![CDATA[oEcott3X8k9L_8WTQ9nt3sySoims]]></FromUserName>
<CreateTime>1460101516</CreateTime>
<MsgType><![CDATA[event]]></MsgType>
<Event><![CDATA[TEMPLATESENDJOBFINISH]]></Event>
<MsgID>402857070</MsgID>
<Status><![CDATA[success]]></Status>
</xml>

2016-04-08 15:45:16 params :
------------
Array:
rule : -2 ;
module :  ;
message : Array ;

2016-04-08 15:45:16 response :
------------

2016-04-08 15:49:34 trace :
------------
String:
<xml><ToUserName><![CDATA[gh_2157a6c86a35]]></ToUserName>
<FromUserName><![CDATA[oEcott82FheWLXY2ft9sHxcV1YYQ]]></FromUserName>
<CreateTime>1460101774</CreateTime>
<MsgType><![CDATA[event]]></MsgType>
<Event><![CDATA[TEMPLATESENDJOBFINISH]]></Event>
<MsgID>402857103</MsgID>
<Status><![CDATA[success]]></Status>
</xml>

2016-04-08 15:49:34 params :
------------
Array:
rule : -2 ;
module :  ;
message : Array ;

2016-04-08 15:49:34 response :
------------

2016-04-08 15:50:00 trace :
------------
String:
<xml><ToUserName><![CDATA[gh_2157a6c86a35]]></ToUserName>
<FromUserName><![CDATA[oEcott9ljw-R0nLqj9w8n9-Ki3fk]]></FromUserName>
<CreateTime>1460101800</CreateTime>
<MsgType><![CDATA[event]]></MsgType>
<Event><![CDATA[TEMPLATESENDJOBFINISH]]></Event>
<MsgID>402857106</MsgID>
<Status><![CDATA[success]]></Status>
</xml>

2016-04-08 15:50:00 params :
------------
Array:
rule : -2 ;
module :  ;
message : Array ;

2016-04-08 15:50:00 response :
------------

2016-04-08 15:50:00 trace :
------------
String:
<xml><ToUserName><![CDATA[gh_2157a6c86a35]]></ToUserName>
<FromUserName><![CDATA[oEcott70voayiiyG-DpyHj7M30_4]]></FromUserName>
<CreateTime>1460101800</CreateTime>
<MsgType><![CDATA[event]]></MsgType>
<Event><![CDATA[TEMPLATESENDJOBFINISH]]></Event>
<MsgID>402857107</MsgID>
<Status><![CDATA[success]]></Status>
</xml>

2016-04-08 15:50:00 params :
------------
Array:
rule : -2 ;
module :  ;
message : Array ;

2016-04-08 15:50:00 response :
------------

2016-04-08 15:50:10 trace :
------------
String:
<xml><ToUserName><![CDATA[gh_2157a6c86a35]]></ToUserName>
<FromUserName><![CDATA[oEcottxty6YaSaSyWDPLhYWgCpEo]]></FromUserName>
<CreateTime>1460101810</CreateTime>
<MsgType><![CDATA[event]]></MsgType>
<Event><![CDATA[TEMPLATESENDJOBFINISH]]></Event>
<MsgID>402857110</MsgID>
<Status><![CDATA[success]]></Status>
</xml>

2016-04-08 15:50:10 params :
------------
Array:
rule : -2 ;
module :  ;
message : Array ;

2016-04-08 15:50:10 response :
------------

2016-04-08 15:50:25 trace :
------------
String:
<xml><ToUserName><![CDATA[gh_2157a6c86a35]]></ToUserName>
<FromUserName><![CDATA[oEcotty9Hy_CUxbMI7Ce1okwOCpk]]></FromUserName>
<CreateTime>1460101825</CreateTime>
<MsgType><![CDATA[event]]></MsgType>
<Event><![CDATA[TEMPLATESENDJOBFINISH]]></Event>
<MsgID>402857111</MsgID>
<Status><![CDATA[success]]></Status>
</xml>

2016-04-08 15:50:25 params :
------------
Array:
rule : -2 ;
module :  ;
message : Array ;

2016-04-08 15:50:25 response :
------------

2016-04-08 15:50:38 trace :
------------
String:
<xml><ToUserName><![CDATA[gh_2157a6c86a35]]></ToUserName>
<FromUserName><![CDATA[oEcott-ABRgmooGIBYo6pfmvHqa8]]></FromUserName>
<CreateTime>1460101838</CreateTime>
<MsgType><![CDATA[event]]></MsgType>
<Event><![CDATA[TEMPLATESENDJOBFINISH]]></Event>
<MsgID>402857115</MsgID>
<Status><![CDATA[success]]></Status>
</xml>

2016-04-08 15:50:38 params :
------------
Array:
rule : -2 ;
module :  ;
message : Array ;

2016-04-08 15:50:38 response :
------------

2016-04-08 15:52:01 trace :
------------
String:
<xml><ToUserName><![CDATA[gh_2157a6c86a35]]></ToUserName>
<FromUserName><![CDATA[oEcott-O08EqTyB2vYvWY1DM_DPw]]></FromUserName>
<CreateTime>1460101920</CreateTime>
<MsgType><![CDATA[event]]></MsgType>
<Event><![CDATA[TEMPLATESENDJOBFINISH]]></Event>
<MsgID>402857129</MsgID>
<Status><![CDATA[success]]></Status>
</xml>

2016-04-08 15:52:01 params :
------------
Array:
rule : -2 ;
module :  ;
message : Array ;

2016-04-08 15:52:01 response :
------------

2016-04-08 15:52:23 trace :
------------
String:
<xml><ToUserName><![CDATA[gh_2157a6c86a35]]></ToUserName>
<FromUserName><![CDATA[oEcott8bXNlBO-pF9t-0J1dTDGPs]]></FromUserName>
<CreateTime>1460101943</CreateTime>
<MsgType><![CDATA[event]]></MsgType>
<Event><![CDATA[TEMPLATESENDJOBFINISH]]></Event>
<MsgID>402857130</MsgID>
<Status><![CDATA[success]]></Status>
</xml>

2016-04-08 15:52:23 params :
------------
Array:
rule : -2 ;
module :  ;
message : Array ;

2016-04-08 15:52:23 response :
------------

2016-04-08 15:52:51 trace :
------------
String:
<xml><ToUserName><![CDATA[gh_2157a6c86a35]]></ToUserName>
<FromUserName><![CDATA[oEcott0BYGm77xwFerCfTO68jYpE]]></FromUserName>
<CreateTime>1460101970</CreateTime>
<MsgType><![CDATA[event]]></MsgType>
<Event><![CDATA[TEMPLATESENDJOBFINISH]]></Event>
<MsgID>402857136</MsgID>
<Status><![CDATA[success]]></Status>
</xml>

2016-04-08 15:52:51 params :
------------
Array:
rule : -2 ;
module :  ;
message : Array ;

2016-04-08 15:52:51 response :
------------

2016-04-08 15:53:29 trace :
------------
String:
<xml><ToUserName><![CDATA[gh_2157a6c86a35]]></ToUserName>
<FromUserName><![CDATA[oEcottwqUGE1u3b5ckvGD0KWlBl8]]></FromUserName>
<CreateTime>1460102009</CreateTime>
<MsgType><![CDATA[event]]></MsgType>
<Event><![CDATA[TEMPLATESENDJOBFINISH]]></Event>
<MsgID>402857144</MsgID>
<Status><![CDATA[success]]></Status>
</xml>

2016-04-08 15:53:29 params :
------------
Array:
rule : -2 ;
module :  ;
message : Array ;

2016-04-08 15:53:29 response :
------------

2016-04-08 15:53:29 trace :
------------
String:
<xml><ToUserName><![CDATA[gh_2157a6c86a35]]></ToUserName>
<FromUserName><![CDATA[oEcottyNJ25zzQtzEyNqnQxM1MOA]]></FromUserName>
<CreateTime>1460102009</CreateTime>
<MsgType><![CDATA[event]]></MsgType>
<Event><![CDATA[TEMPLATESENDJOBFINISH]]></Event>
<MsgID>402857145</MsgID>
<Status><![CDATA[success]]></Status>
</xml>

2016-04-08 15:53:29 params :
------------
Array:
rule : -2 ;
module :  ;
message : Array ;

2016-04-08 15:53:29 response :
------------

2016-04-08 15:53:51 trace :
------------
String:
<xml><ToUserName><![CDATA[gh_2157a6c86a35]]></ToUserName>
<FromUserName><![CDATA[oEcott5JI0hsdoCxNPA10KHiY1kA]]></FromUserName>
<CreateTime>1460102031</CreateTime>
<MsgType><![CDATA[event]]></MsgType>
<Event><![CDATA[TEMPLATESENDJOBFINISH]]></Event>
<MsgID>402857149</MsgID>
<Status><![CDATA[success]]></Status>
</xml>

2016-04-08 15:53:51 params :
------------
Array:
rule : -2 ;
module :  ;
message : Array ;

2016-04-08 15:53:51 response :
------------

2016-04-08 15:53:51 trace :
------------
String:
<xml><ToUserName><![CDATA[gh_2157a6c86a35]]></ToUserName>
<FromUserName><![CDATA[oEcott3J9KhtJb00_3ga_Kkmz2wo]]></FromUserName>
<CreateTime>1460102031</CreateTime>
<MsgType><![CDATA[event]]></MsgType>
<Event><![CDATA[TEMPLATESENDJOBFINISH]]></Event>
<MsgID>402857150</MsgID>
<Status><![CDATA[success]]></Status>
</xml>

2016-04-08 15:53:51 params :
------------
Array:
rule : -2 ;
module :  ;
message : Array ;

2016-04-08 15:53:51 response :
------------

2016-04-08 16:08:59 trace :
------------
String:
<xml><ToUserName><![CDATA[gh_2157a6c86a35]]></ToUserName>
<FromUserName><![CDATA[oEcottzrsY0hiIxBYE3CK2zp6WYY]]></FromUserName>
<CreateTime>1460102939</CreateTime>
<MsgType><![CDATA[event]]></MsgType>
<Event><![CDATA[TEMPLATESENDJOBFINISH]]></Event>
<MsgID>402857303</MsgID>
<Status><![CDATA[success]]></Status>
</xml>

2016-04-08 16:08:59 params :
------------
Array:
rule : -2 ;
module :  ;
message : Array ;

2016-04-08 16:08:59 response :
------------

2016-04-08 16:09:20 trace :
------------
String:
<xml><ToUserName><![CDATA[gh_2157a6c86a35]]></ToUserName>
<FromUserName><![CDATA[oEcottwaQKPAhCbvBdG29Qt7Ip-E]]></FromUserName>
<CreateTime>1460102960</CreateTime>
<MsgType><![CDATA[event]]></MsgType>
<Event><![CDATA[TEMPLATESENDJOBFINISH]]></Event>
<MsgID>402857308</MsgID>
<Status><![CDATA[success]]></Status>
</xml>

2016-04-08 16:09:20 params :
------------
Array:
rule : -2 ;
module :  ;
message : Array ;

2016-04-08 16:09:20 response :
------------

2016-04-08 16:13:04 trace :
------------
String:
<xml><ToUserName><![CDATA[gh_2157a6c86a35]]></ToUserName>
<FromUserName><![CDATA[oEcottw7qP2pciewrM5tmFvI8As4]]></FromUserName>
<CreateTime>1460103184</CreateTime>
<MsgType><![CDATA[event]]></MsgType>
<Event><![CDATA[TEMPLATESENDJOBFINISH]]></Event>
<MsgID>402857357</MsgID>
<Status><![CDATA[success]]></Status>
</xml>

2016-04-08 16:13:04 params :
------------
Array:
rule : -2 ;
module :  ;
message : Array ;

2016-04-08 16:13:04 response :
------------

2016-04-08 16:13:58 trace :
------------
String:
<xml><ToUserName><![CDATA[gh_2157a6c86a35]]></ToUserName>
<FromUserName><![CDATA[oEcott4a-0QekZBexvAtcmke-D4w]]></FromUserName>
<CreateTime>1460103238</CreateTime>
<MsgType><![CDATA[event]]></MsgType>
<Event><![CDATA[TEMPLATESENDJOBFINISH]]></Event>
<MsgID>402857374</MsgID>
<Status><![CDATA[success]]></Status>
</xml>

2016-04-08 16:13:58 params :
------------
Array:
rule : -2 ;
module :  ;
message : Array ;

2016-04-08 16:13:58 response :
------------

2016-04-08 16:15:13 trace :
------------
String:
<xml><ToUserName><![CDATA[gh_2157a6c86a35]]></ToUserName>
<FromUserName><![CDATA[oEcottwdRSG6HkIZwvuQXqa3QKng]]></FromUserName>
<CreateTime>1460103313</CreateTime>
<MsgType><![CDATA[event]]></MsgType>
<Event><![CDATA[TEMPLATESENDJOBFINISH]]></Event>
<MsgID>402857382</MsgID>
<Status><![CDATA[success]]></Status>
</xml>

2016-04-08 16:15:13 params :
------------
Array:
rule : -2 ;
module :  ;
message : Array ;

2016-04-08 16:15:13 response :
------------

2016-04-08 16:15:37 trace :
------------
String:
<xml><ToUserName><![CDATA[gh_2157a6c86a35]]></ToUserName>
<FromUserName><![CDATA[oEcott4fTAgoYWAqlhp-vYkaOIHE]]></FromUserName>
<CreateTime>1460103337</CreateTime>
<MsgType><![CDATA[event]]></MsgType>
<Event><![CDATA[TEMPLATESENDJOBFINISH]]></Event>
<MsgID>402857387</MsgID>
<Status><![CDATA[success]]></Status>
</xml>

2016-04-08 16:15:37 params :
------------
Array:
rule : -2 ;
module :  ;
message : Array ;

2016-04-08 16:15:37 response :
------------

2016-04-08 16:15:38 trace :
------------
String:
<xml><ToUserName><![CDATA[gh_2157a6c86a35]]></ToUserName>
<FromUserName><![CDATA[oEcott3nJuxjFu-NKKpc3ZmQp0YE]]></FromUserName>
<CreateTime>1460103338</CreateTime>
<MsgType><![CDATA[event]]></MsgType>
<Event><![CDATA[TEMPLATESENDJOBFINISH]]></Event>
<MsgID>402857388</MsgID>
<Status><![CDATA[success]]></Status>
</xml>

2016-04-08 16:15:38 params :
------------
Array:
rule : -2 ;
module :  ;
message : Array ;

2016-04-08 16:15:38 response :
------------

2016-04-08 16:17:08 trace :
------------
String:
<xml><ToUserName><![CDATA[gh_2157a6c86a35]]></ToUserName>
<FromUserName><![CDATA[oEcottwtC-3ft3xuJtsyqIZnzwGI]]></FromUserName>
<CreateTime>1460103428</CreateTime>
<MsgType><![CDATA[event]]></MsgType>
<Event><![CDATA[unsubscribe]]></Event>
<EventKey><![CDATA[]]></EventKey>
</xml>

2016-04-08 17:42:39 trace :
------------
String:
<xml><ToUserName><![CDATA[gh_2157a6c86a35]]></ToUserName>
<FromUserName><![CDATA[oEcottxwn-Q-iSC1OSFrTcl4pKKk]]></FromUserName>
<CreateTime>1460108559</CreateTime>
<MsgType><![CDATA[event]]></MsgType>
<Event><![CDATA[unsubscribe]]></Event>
<EventKey><![CDATA[]]></EventKey>
</xml>

2016-04-08 17:42:39 trace :
------------
String:
<xml><ToUserName><![CDATA[gh_2157a6c86a35]]></ToUserName>
<FromUserName><![CDATA[oEcottxwn-Q-iSC1OSFrTcl4pKKk]]></FromUserName>
<CreateTime>1460108559</CreateTime>
<MsgType><![CDATA[event]]></MsgType>
<Event><![CDATA[unsubscribe]]></Event>
<EventKey><![CDATA[]]></EventKey>
</xml>

2016-04-08 17:42:39 trace :
------------
String:
<xml><ToUserName><![CDATA[gh_2157a6c86a35]]></ToUserName>
<FromUserName><![CDATA[oEcottxwn-Q-iSC1OSFrTcl4pKKk]]></FromUserName>
<CreateTime>1460108559</CreateTime>
<MsgType><![CDATA[event]]></MsgType>
<Event><![CDATA[unsubscribe]]></Event>
<EventKey><![CDATA[]]></EventKey>
</xml>

2016-04-08 17:42:39 trace :
------------
String:
<xml><ToUserName><![CDATA[gh_2157a6c86a35]]></ToUserName>
<FromUserName><![CDATA[oEcottxwn-Q-iSC1OSFrTcl4pKKk]]></FromUserName>
<CreateTime>1460108559</CreateTime>
<MsgType><![CDATA[event]]></MsgType>
<Event><![CDATA[unsubscribe]]></Event>
<EventKey><![CDATA[]]></EventKey>
</xml>

2016-04-08 17:42:39 trace :
------------
String:
<xml><ToUserName><![CDATA[gh_2157a6c86a35]]></ToUserName>
<FromUserName><![CDATA[oEcottxwn-Q-iSC1OSFrTcl4pKKk]]></FromUserName>
<CreateTime>1460108559</CreateTime>
<MsgType><![CDATA[event]]></MsgType>
<Event><![CDATA[unsubscribe]]></Event>
<EventKey><![CDATA[]]></EventKey>
</xml>

2016-04-08 19:42:30 trace :
------------
String:
<xml><ToUserName><![CDATA[gh_2157a6c86a35]]></ToUserName>
<FromUserName><![CDATA[oEcott814Le1vGRvQEetezHsMo38]]></FromUserName>
<CreateTime>1460115749</CreateTime>
<MsgType><![CDATA[image]]></MsgType>
<PicUrl><![CDATA[http://mmbiz.qpic.cn/mmbiz/WBt3gNF4m6vkb6sbChgy7l2gzBCATHMLL8O4pEpeE5ddbyNxN6VGsuUwr6y0pk8B8Zf09LvUKH5SVs6boxVMJA/0]]></PicUrl>
<MsgId>6271149390732404559</MsgId>
<MediaId><![CDATA[88A3BnRtQ9api54SPmgpvK5a3D6xAC1h6SwFI5AnBsodYZ153dJK5vvLLhodd_kT]]></MediaId>
</xml>

2016-04-08 19:42:30 params :
------------
Array:
rule : -2 ;
module :  ;
message : Array ;

2016-04-08 19:42:30 response :
------------

2016-04-08 19:42:31 trace :
------------
String:
<xml><ToUserName><![CDATA[gh_2157a6c86a35]]></ToUserName>
<FromUserName><![CDATA[oEcott814Le1vGRvQEetezHsMo38]]></FromUserName>
<CreateTime>1460115750</CreateTime>
<MsgType><![CDATA[image]]></MsgType>
<PicUrl><![CDATA[http://mmbiz.qpic.cn/mmbiz/WBt3gNF4m6vkb6sbChgy7l2gzBCATHMLBkgPvPQcQ0Jo0ibhyaQiczDvN6y1SeeMYptWWrrx935JVFjeOBrCeIQw/0]]></PicUrl>
<MsgId>6271149395027371856</MsgId>
<MediaId><![CDATA[yhJ_KI4BwNjkq4YrmfH85mqcauK7AsC_-X83rATnsvUGVwp12GPN_LzdYEUWzvh9]]></MediaId>
</xml>

2016-04-08 19:42:31 params :
------------
Array:
rule : -2 ;
module :  ;
message : Array ;

2016-04-08 19:42:31 response :
------------

2016-04-08 19:42:31 trace :
------------
String:
<xml><ToUserName><![CDATA[gh_2157a6c86a35]]></ToUserName>
<FromUserName><![CDATA[oEcott814Le1vGRvQEetezHsMo38]]></FromUserName>
<CreateTime>1460115751</CreateTime>
<MsgType><![CDATA[image]]></MsgType>
<PicUrl><![CDATA[http://mmbiz.qpic.cn/mmbiz/WBt3gNF4m6vkb6sbChgy7l2gzBCATHMLnd5GlpxuFAZjEOfnTZk4oufxp5rzent1ibwGGgLOms9LcaPNibSr0Xyg/0]]></PicUrl>
<MsgId>6271149399322339153</MsgId>
<MediaId><![CDATA[TTudNJl-3ZVFxngnJDnjphsPbXvss3OmpaUzm7PTLv9BsHFqvzXG1MkeFTrc1HfC]]></MediaId>
</xml>

2016-04-08 19:42:31 params :
------------
Array:
rule : -2 ;
module :  ;
message : Array ;

2016-04-08 19:42:31 response :
------------

2016-04-08 19:42:32 trace :
------------
String:
<xml><ToUserName><![CDATA[gh_2157a6c86a35]]></ToUserName>
<FromUserName><![CDATA[oEcott814Le1vGRvQEetezHsMo38]]></FromUserName>
<CreateTime>1460115751</CreateTime>
<MsgType><![CDATA[image]]></MsgType>
<PicUrl><![CDATA[http://mmbiz.qpic.cn/mmbiz/WBt3gNF4m6vkb6sbChgy7l2gzBCATHMLqIFQwy9vmAKuhHL7WDpWPDqj240NJ5PyNXyuORJSoVnCJ8iayffsyNw/0]]></PicUrl>
<MsgId>6271149399322339154</MsgId>
<MediaId><![CDATA[nExLrAz_JNg13_7pIrSZPS_VATA4itR1tGTPmB7S2oGeIkbIzQ_z4p6z5LHRmyVU]]></MediaId>
</xml>

2016-04-08 19:42:32 trace :
------------
String:
<xml><ToUserName><![CDATA[gh_2157a6c86a35]]></ToUserName>
<FromUserName><![CDATA[oEcott814Le1vGRvQEetezHsMo38]]></FromUserName>
<CreateTime>1460115752</CreateTime>
<MsgType><![CDATA[image]]></MsgType>
<PicUrl><![CDATA[http://mmbiz.qpic.cn/mmbiz/WBt3gNF4m6vkb6sbChgy7l2gzBCATHMLJG3wIK67IVGkCibpoDwpEDASw7Kcia4TiclMIB9bvgRicgvFKbAibiblYzSA/0]]></PicUrl>
<MsgId>6271149403617306451</MsgId>
<MediaId><![CDATA[hWAJNyomzLnQ-SjMSIipqlkT9L93Ai8yA_EfcXw2hOdRxzjnJp5-elnhn6LK2MzW]]></MediaId>
</xml>

2016-04-08 19:42:33 params :
------------
Array:
rule : -2 ;
module :  ;
message : Array ;

2016-04-08 19:42:33 response :
------------

2016-04-08 19:42:34 trace :
------------
String:
<xml><ToUserName><![CDATA[gh_2157a6c86a35]]></ToUserName>
<FromUserName><![CDATA[oEcott814Le1vGRvQEetezHsMo38]]></FromUserName>
<CreateTime>1460115753</CreateTime>
<MsgType><![CDATA[image]]></MsgType>
<PicUrl><![CDATA[http://mmbiz.qpic.cn/mmbiz/WBt3gNF4m6vkb6sbChgy7l2gzBCATHMLDicyV2L01bhsVQDXiaR5bj5Ngt0EJADric1OhxpW6icjmUfQib0HicZJ63Lg/0]]></PicUrl>
<MsgId>6271149407912273748</MsgId>
<MediaId><![CDATA[JBXkmdiKDortBOLB0F2OuXbfczem4EIKDUhyckqH9NDB5T8Arga8i6vYJtRUYTrN]]></MediaId>
</xml>

2016-04-08 19:42:34 params :
------------
Array:
rule : -2 ;
module :  ;
message : Array ;

2016-04-08 19:42:34 response :
------------

2016-04-08 19:42:37 params :
------------
Array:
rule : -2 ;
module :  ;
message : Array ;

2016-04-08 19:42:37 response :
------------

2016-04-08 19:42:37 trace :
------------
String:
<xml><ToUserName><![CDATA[gh_2157a6c86a35]]></ToUserName>
<FromUserName><![CDATA[oEcott814Le1vGRvQEetezHsMo38]]></FromUserName>
<CreateTime>1460115751</CreateTime>
<MsgType><![CDATA[image]]></MsgType>
<PicUrl><![CDATA[http://mmbiz.qpic.cn/mmbiz/WBt3gNF4m6vkb6sbChgy7l2gzBCATHMLqIFQwy9vmAKuhHL7WDpWPDqj240NJ5PyNXyuORJSoVnCJ8iayffsyNw/0]]></PicUrl>
<MsgId>6271149399322339154</MsgId>
<MediaId><![CDATA[nExLrAz_JNg13_7pIrSZPS_VATA4itR1tGTPmB7S2oGeIkbIzQ_z4p6z5LHRmyVU]]></MediaId>
</xml>

2016-04-08 19:42:38 params :
------------
Array:
rule : -2 ;
module :  ;
message : Array ;

2016-04-08 19:42:38 response :
------------

2016-04-08 21:25:56 trace :
------------
String:
<xml><ToUserName><![CDATA[gh_2157a6c86a35]]></ToUserName>
<FromUserName><![CDATA[oEcott5BpIxrhUCBhKTW6aErqxLI]]></FromUserName>
<CreateTime>1460121956</CreateTime>
<MsgType><![CDATA[event]]></MsgType>
<Event><![CDATA[unsubscribe]]></Event>
<EventKey><![CDATA[]]></EventKey>
</xml>

2016-04-08 21:26:01 trace :
------------
String:
<xml><ToUserName><![CDATA[gh_2157a6c86a35]]></ToUserName>
<FromUserName><![CDATA[oEcott3N2O8pVLN_VssLHm2b8ius]]></FromUserName>
<CreateTime>1460121961</CreateTime>
<MsgType><![CDATA[event]]></MsgType>
<Event><![CDATA[unsubscribe]]></Event>
<EventKey><![CDATA[]]></EventKey>
</xml>

