2016-10-11 08:09:06 trace :
------------
String:
<xml><ToUserName><![CDATA[gh_2a23de840671]]></ToUserName>
<FromUserName><![CDATA[oQxC9wfDGw_2VwHd-qyo3rtBLA3E]]></FromUserName>
<CreateTime>1476144546</CreateTime>
<MsgType><![CDATA[event]]></MsgType>
<Event><![CDATA[VIEW]]></Event>
<EventKey><![CDATA[http://www.9kpu.com/app/index.php?i=31&c=entry&eid=1]]></EventKey>
<MenuId>408135367</MenuId>
</xml>

2016-10-11 08:09:06 params :
------------
Array:
message : Array ;
module : news ;
rule : 60 ;
priority : 0 ;
keyword : Array ;

2016-10-11 08:09:06 response :
------------
Array:
FromUserName : gh_2a23de840671 ;
ToUserName : oQxC9wfDGw_2VwHd-qyo3rtBLA3E ;
MsgType : news ;
ArticleCount : 1 ;
Articles : Array ;

2016-10-11 08:19:50 trace :
------------
String:
<xml><ToUserName><![CDATA[gh_2a23de840671]]></ToUserName>
<FromUserName><![CDATA[oQxC9wfDGw_2VwHd-qyo3rtBLA3E]]></FromUserName>
<CreateTime>1476145190</CreateTime>
<MsgType><![CDATA[event]]></MsgType>
<Event><![CDATA[VIEW]]></Event>
<EventKey><![CDATA[http://www.9kpu.com/app/index.php?i=31&c=entry&eid=1]]></EventKey>
<MenuId>408135367</MenuId>
</xml>

2016-10-11 08:19:50 params :
------------
Array:
message : Array ;
module : news ;
rule : 60 ;
priority : 0 ;
keyword : Array ;

2016-10-11 08:19:50 response :
------------
Array:
FromUserName : gh_2a23de840671 ;
ToUserName : oQxC9wfDGw_2VwHd-qyo3rtBLA3E ;
MsgType : news ;
ArticleCount : 1 ;
Articles : Array ;

2016-10-11 08:23:12 trace :
------------
String:
<xml><ToUserName><![CDATA[gh_2a23de840671]]></ToUserName>
<FromUserName><![CDATA[oQxC9wa8NMoopCiEGOs6AmGszfkM]]></FromUserName>
<CreateTime>1476145392</CreateTime>
<MsgType><![CDATA[event]]></MsgType>
<Event><![CDATA[VIEW]]></Event>
<EventKey><![CDATA[http://www.9kpu.com/app/index.php?i=31&c=entry&eid=1]]></EventKey>
<MenuId>408135367</MenuId>
</xml>

2016-10-11 08:23:12 params :
------------
Array:
message : Array ;
module : news ;
rule : 60 ;
priority : 0 ;
keyword : Array ;

2016-10-11 08:23:12 response :
------------
Array:
FromUserName : gh_2a23de840671 ;
ToUserName : oQxC9wa8NMoopCiEGOs6AmGszfkM ;
MsgType : news ;
ArticleCount : 1 ;
Articles : Array ;

2016-10-11 09:01:51 trace :
------------
String:
<xml><ToUserName><![CDATA[gh_72ed1bc5dde0]]></ToUserName>
<FromUserName><![CDATA[oOPAIwRt09esqJJ-1Wc1X0UrfpBQ]]></FromUserName>
<CreateTime>1476147711</CreateTime>
<MsgType><![CDATA[event]]></MsgType>
<Event><![CDATA[subscribe]]></Event>
<EventKey><![CDATA[]]></EventKey>
</xml>

2016-10-11 09:01:51 params :
------------
Array:
rule : -2 ;
module :  ;
message : Array ;

2016-10-11 09:01:51 response :
------------

2016-10-11 09:02:12 trace :
------------
String:
<xml><ToUserName><![CDATA[gh_72ed1bc5dde0]]></ToUserName>
<FromUserName><![CDATA[oOPAIwVQbsmAllv_4P4bM5tS5Md4]]></FromUserName>
<CreateTime>1476147732</CreateTime>
<MsgType><![CDATA[event]]></MsgType>
<Event><![CDATA[subscribe]]></Event>
<EventKey><![CDATA[]]></EventKey>
</xml>

2016-10-11 09:02:12 params :
------------
Array:
rule : -2 ;
module :  ;
message : Array ;

2016-10-11 09:02:12 response :
------------

2016-10-11 09:03:02 trace :
------------
String:
<xml><ToUserName><![CDATA[gh_72ed1bc5dde0]]></ToUserName>
<FromUserName><![CDATA[oOPAIwRgdtT6FniM4gEeaMfIr7PQ]]></FromUserName>
<CreateTime>1476147782</CreateTime>
<MsgType><![CDATA[event]]></MsgType>
<Event><![CDATA[subscribe]]></Event>
<EventKey><![CDATA[]]></EventKey>
</xml>

2016-10-11 09:03:02 params :
------------
Array:
rule : -2 ;
module :  ;
message : Array ;

2016-10-11 09:03:02 response :
------------

2016-10-11 09:03:17 trace :
------------
String:
<xml><ToUserName><![CDATA[gh_72ed1bc5dde0]]></ToUserName>
<FromUserName><![CDATA[oOPAIweuI2xPHZDAXR9fX-RrPmyw]]></FromUserName>
<CreateTime>1476147797</CreateTime>
<MsgType><![CDATA[event]]></MsgType>
<Event><![CDATA[subscribe]]></Event>
<EventKey><![CDATA[]]></EventKey>
</xml>

2016-10-11 09:03:17 params :
------------
Array:
rule : -2 ;
module :  ;
message : Array ;

2016-10-11 09:03:17 response :
------------

2016-10-11 10:41:26 trace :
------------
String:
<xml><ToUserName><![CDATA[gh_2a23de840671]]></ToUserName>
<FromUserName><![CDATA[oQxC9wfDGw_2VwHd-qyo3rtBLA3E]]></FromUserName>
<CreateTime>1476153686</CreateTime>
<MsgType><![CDATA[event]]></MsgType>
<Event><![CDATA[VIEW]]></Event>
<EventKey><![CDATA[http://www.9kpu.com/app/index.php?i=31&c=entry&eid=1]]></EventKey>
<MenuId>408135367</MenuId>
</xml>

2016-10-11 10:41:26 params :
------------
Array:
message : Array ;
module : news ;
rule : 60 ;
priority : 0 ;
keyword : Array ;

2016-10-11 10:41:26 response :
------------
Array:
FromUserName : gh_2a23de840671 ;
ToUserName : oQxC9wfDGw_2VwHd-qyo3rtBLA3E ;
MsgType : news ;
ArticleCount : 1 ;
Articles : Array ;

2016-10-11 11:09:57 trace :
------------
String:
<xml><ToUserName><![CDATA[gh_2ee031f2e428]]></ToUserName>
<FromUserName><![CDATA[ojDkIwmQLzcZN9Pbkik7enBA8q8w]]></FromUserName>
<CreateTime>1476155397</CreateTime>
<MsgType><![CDATA[event]]></MsgType>
<Event><![CDATA[subscribe]]></Event>
<EventKey><![CDATA[]]></EventKey>
</xml>

2016-10-11 11:09:57 params :
------------
Array:
rule : -2 ;
module :  ;
message : Array ;

2016-10-11 11:09:57 response :
------------

2016-10-11 11:10:19 trace :
------------
String:
<xml><ToUserName><![CDATA[gh_2ee031f2e428]]></ToUserName>
<FromUserName><![CDATA[ojDkIwmQLzcZN9Pbkik7enBA8q8w]]></FromUserName>
<CreateTime>1476155419</CreateTime>
<MsgType><![CDATA[event]]></MsgType>
<Event><![CDATA[VIEW]]></Event>
<EventKey><![CDATA[http://www.9kpu.com/app/index.php?i=20&c=entry&do=bangding&m=lianhu_school]]></EventKey>
<MenuId>410679894</MenuId>
</xml>

2016-10-11 11:10:19 params :
------------
Array:
rule : -2 ;
module :  ;
message : Array ;

2016-10-11 11:10:19 response :
------------

2016-10-11 11:11:59 trace :
------------
String:
<xml><ToUserName><![CDATA[gh_2ee031f2e428]]></ToUserName>
<FromUserName><![CDATA[ojDkIwmQLzcZN9Pbkik7enBA8q8w]]></FromUserName>
<CreateTime>1476155519</CreateTime>
<MsgType><![CDATA[event]]></MsgType>
<Event><![CDATA[VIEW]]></Event>
<EventKey><![CDATA[http://www.9kpu.com/app/index.php?i=20&c=home&=entry&eid=1]]></EventKey>
<MenuId>410679894</MenuId>
</xml>

2016-10-11 11:11:59 params :
------------
Array:
rule : -2 ;
module :  ;
message : Array ;

2016-10-11 11:11:59 response :
------------

2016-10-11 12:47:32 trace :
------------
String:
<xml><ToUserName><![CDATA[gh_081ee8610e82]]></ToUserName>
<FromUserName><![CDATA[ohNDtvrAX0fxvXooce12o0fZwaSI]]></FromUserName>
<CreateTime>1476161252</CreateTime>
<MsgType><![CDATA[event]]></MsgType>
<Event><![CDATA[VIEW]]></Event>
<EventKey><![CDATA[http://m.igrow.cn/m/school/website/1390?platformid=gh_f93654b871ec&openid=oj3rPs7lPbX9A4U7mxv8dMma3uUQ]]></EventKey>
<MenuId>414118623</MenuId>
</xml>

2016-10-11 12:47:32 params :
------------
Array:
message : Array ;
module : basic ;
rule : 13 ;
priority : 0 ;
keyword : Array ;

2016-10-11 12:47:32 response :
------------
Array:
FromUserName : gh_081ee8610e82 ;
ToUserName : ohNDtvrAX0fxvXooce12o0fZwaSI ;
MsgType : text ;
Content : 等你好久了，智慧微校欢迎您。如果您是来逛逛的，请点开微官网查看我们学校的介绍信息。如果您是家长，请点开学生中心，用您家孩子姓名与学号绑定，就可尽情使用微校功能。如果您是老师，请点开微办公，用系统分配的账号与密码完成绑定，使用微校完成家校互动。 ;

2016-10-11 12:47:44 trace :
------------
String:
<xml><ToUserName><![CDATA[gh_081ee8610e82]]></ToUserName>
<FromUserName><![CDATA[ohNDtvrAX0fxvXooce12o0fZwaSI]]></FromUserName>
<CreateTime>1476161264</CreateTime>
<MsgType><![CDATA[event]]></MsgType>
<Event><![CDATA[VIEW]]></Event>
<EventKey><![CDATA[http://www.9kpu.com/app/index.php?i=4&c=entry&eid=1]]></EventKey>
<MenuId>414118623</MenuId>
</xml>

2016-10-11 12:47:44 params :
------------
Array:
message : Array ;
module : basic ;
rule : 13 ;
priority : 0 ;
keyword : Array ;

2016-10-11 12:47:44 response :
------------
Array:
FromUserName : gh_081ee8610e82 ;
ToUserName : ohNDtvrAX0fxvXooce12o0fZwaSI ;
MsgType : text ;
Content : 等你好久了，智慧微校欢迎您。如果您是来逛逛的，请点开微官网查看我们学校的介绍信息。如果您是家长，请点开学生中心，用您家孩子姓名与学号绑定，就可尽情使用微校功能。如果您是老师，请点开微办公，用系统分配的账号与密码完成绑定，使用微校完成家校互动。 ;

2016-10-11 12:47:53 trace :
------------
String:
<xml><ToUserName><![CDATA[gh_081ee8610e82]]></ToUserName>
<FromUserName><![CDATA[ohNDtvrAX0fxvXooce12o0fZwaSI]]></FromUserName>
<CreateTime>1476161273</CreateTime>
<MsgType><![CDATA[event]]></MsgType>
<Event><![CDATA[VIEW]]></Event>
<EventKey><![CDATA[http://www.9kpu.com/app/index.php?i=4&c=entry&eid=36]]></EventKey>
<MenuId>414118623</MenuId>
</xml>

2016-10-11 12:47:53 params :
------------
Array:
message : Array ;
module : basic ;
rule : 13 ;
priority : 0 ;
keyword : Array ;

2016-10-11 12:47:53 response :
------------
Array:
FromUserName : gh_081ee8610e82 ;
ToUserName : ohNDtvrAX0fxvXooce12o0fZwaSI ;
MsgType : text ;
Content : 等你好久了，智慧微校欢迎您。如果您是来逛逛的，请点开微官网查看我们学校的介绍信息。如果您是家长，请点开学生中心，用您家孩子姓名与学号绑定，就可尽情使用微校功能。如果您是老师，请点开微办公，用系统分配的账号与密码完成绑定，使用微校完成家校互动。 ;

2016-10-11 12:48:03 trace :
------------
String:
<xml><ToUserName><![CDATA[gh_081ee8610e82]]></ToUserName>
<FromUserName><![CDATA[ohNDtvrAX0fxvXooce12o0fZwaSI]]></FromUserName>
<CreateTime>1476161283</CreateTime>
<MsgType><![CDATA[event]]></MsgType>
<Event><![CDATA[VIEW]]></Event>
<EventKey><![CDATA[http://m.igrow.cn/m/school/website/1390?platformid=gh_f93654b871ec&openid=oj3rPs7lPbX9A4U7mxv8dMma3uUQ]]></EventKey>
<MenuId>414118623</MenuId>
</xml>

2016-10-11 12:48:03 params :
------------
Array:
message : Array ;
module : basic ;
rule : 13 ;
priority : 0 ;
keyword : Array ;

2016-10-11 12:48:03 response :
------------
Array:
FromUserName : gh_081ee8610e82 ;
ToUserName : ohNDtvrAX0fxvXooce12o0fZwaSI ;
MsgType : text ;
Content : 等你好久了，智慧微校欢迎您。如果您是来逛逛的，请点开微官网查看我们学校的介绍信息。如果您是家长，请点开学生中心，用您家孩子姓名与学号绑定，就可尽情使用微校功能。如果您是老师，请点开微办公，用系统分配的账号与密码完成绑定，使用微校完成家校互动。 ;

2016-10-11 12:48:16 trace :
------------
String:
<xml><ToUserName><![CDATA[gh_081ee8610e82]]></ToUserName>
<FromUserName><![CDATA[ohNDtvrAX0fxvXooce12o0fZwaSI]]></FromUserName>
<CreateTime>1476161296</CreateTime>
<MsgType><![CDATA[event]]></MsgType>
<Event><![CDATA[VIEW]]></Event>
<EventKey><![CDATA[http://www.9kpu.com/app/index.php?i=4&c=entry&eid=37]]></EventKey>
<MenuId>414118623</MenuId>
</xml>

2016-10-11 12:48:16 params :
------------
Array:
message : Array ;
module : basic ;
rule : 13 ;
priority : 0 ;
keyword : Array ;

2016-10-11 12:48:16 response :
------------
Array:
FromUserName : gh_081ee8610e82 ;
ToUserName : ohNDtvrAX0fxvXooce12o0fZwaSI ;
MsgType : text ;
Content : 等你好久了，智慧微校欢迎您。如果您是来逛逛的，请点开微官网查看我们学校的介绍信息。如果您是家长，请点开学生中心，用您家孩子姓名与学号绑定，就可尽情使用微校功能。如果您是老师，请点开微办公，用系统分配的账号与密码完成绑定，使用微校完成家校互动。 ;

2016-10-11 12:48:28 trace :
------------
String:
<xml><ToUserName><![CDATA[gh_081ee8610e82]]></ToUserName>
<FromUserName><![CDATA[ohNDtvrAX0fxvXooce12o0fZwaSI]]></FromUserName>
<CreateTime>1476161308</CreateTime>
<MsgType><![CDATA[event]]></MsgType>
<Event><![CDATA[VIEW]]></Event>
<EventKey><![CDATA[http://m.igrow.cn/m/school/website/1390?platformid=gh_f93654b871ec&openid=oj3rPs7lPbX9A4U7mxv8dMma3uUQ]]></EventKey>
<MenuId>414118623</MenuId>
</xml>

2016-10-11 12:48:28 params :
------------
Array:
message : Array ;
module : basic ;
rule : 13 ;
priority : 0 ;
keyword : Array ;

2016-10-11 12:48:28 response :
------------
Array:
FromUserName : gh_081ee8610e82 ;
ToUserName : ohNDtvrAX0fxvXooce12o0fZwaSI ;
MsgType : text ;
Content : 等你好久了，智慧微校欢迎您。如果您是来逛逛的，请点开微官网查看我们学校的介绍信息。如果您是家长，请点开学生中心，用您家孩子姓名与学号绑定，就可尽情使用微校功能。如果您是老师，请点开微办公，用系统分配的账号与密码完成绑定，使用微校完成家校互动。 ;

2016-10-11 12:48:32 trace :
------------
String:
<xml><ToUserName><![CDATA[gh_081ee8610e82]]></ToUserName>
<FromUserName><![CDATA[ohNDtvrAX0fxvXooce12o0fZwaSI]]></FromUserName>
<CreateTime>1476161312</CreateTime>
<MsgType><![CDATA[event]]></MsgType>
<Event><![CDATA[VIEW]]></Event>
<EventKey><![CDATA[http://www.9kpu.com/app/index.php?i=4&c=entry&eid=1]]></EventKey>
<MenuId>414118623</MenuId>
</xml>

2016-10-11 12:48:32 params :
------------
Array:
message : Array ;
module : basic ;
rule : 13 ;
priority : 0 ;
keyword : Array ;

2016-10-11 12:48:32 response :
------------
Array:
FromUserName : gh_081ee8610e82 ;
ToUserName : ohNDtvrAX0fxvXooce12o0fZwaSI ;
MsgType : text ;
Content : 等你好久了，智慧微校欢迎您。如果您是来逛逛的，请点开微官网查看我们学校的介绍信息。如果您是家长，请点开学生中心，用您家孩子姓名与学号绑定，就可尽情使用微校功能。如果您是老师，请点开微办公，用系统分配的账号与密码完成绑定，使用微校完成家校互动。 ;

2016-10-11 15:15:53 trace :
------------
String:
<xml><ToUserName><![CDATA[gh_2a23de840671]]></ToUserName>
<FromUserName><![CDATA[oQxC9wcDxzXQK6Jt-2r12zPKIvik]]></FromUserName>
<CreateTime>1476170153</CreateTime>
<MsgType><![CDATA[event]]></MsgType>
<Event><![CDATA[VIEW]]></Event>
<EventKey><![CDATA[http://www.9kpu.com/app/index.php?i=31&c=entry&eid=1]]></EventKey>
<MenuId>408135367</MenuId>
</xml>

2016-10-11 15:15:53 params :
------------
Array:
message : Array ;
module : news ;
rule : 60 ;
priority : 0 ;
keyword : Array ;

2016-10-11 15:15:53 response :
------------
Array:
FromUserName : gh_2a23de840671 ;
ToUserName : oQxC9wcDxzXQK6Jt-2r12zPKIvik ;
MsgType : news ;
ArticleCount : 1 ;
Articles : Array ;

2016-10-11 15:16:12 trace :
------------
String:
<xml><ToUserName><![CDATA[gh_2a23de840671]]></ToUserName>
<FromUserName><![CDATA[oQxC9wcDxzXQK6Jt-2r12zPKIvik]]></FromUserName>
<CreateTime>1476170172</CreateTime>
<MsgType><![CDATA[event]]></MsgType>
<Event><![CDATA[VIEW]]></Event>
<EventKey><![CDATA[http://www.9kpu.com/app/index.php?i=31&c=entry&eid=1]]></EventKey>
<MenuId>408135367</MenuId>
</xml>

2016-10-11 15:16:12 params :
------------
Array:
message : Array ;
module : news ;
rule : 60 ;
priority : 0 ;
keyword : Array ;

2016-10-11 15:16:12 response :
------------
Array:
FromUserName : gh_2a23de840671 ;
ToUserName : oQxC9wcDxzXQK6Jt-2r12zPKIvik ;
MsgType : news ;
ArticleCount : 1 ;
Articles : Array ;

2016-10-11 15:19:26 trace :
------------
String:
<xml><ToUserName><![CDATA[gh_2a16c32dff4b]]></ToUserName>
<FromUserName><![CDATA[oZF73wLBTcbc7Z-Equ-4p1W8E8NM]]></FromUserName>
<CreateTime>1476170366</CreateTime>
<MsgType><![CDATA[event]]></MsgType>
<Event><![CDATA[VIEW]]></Event>
<EventKey><![CDATA[http://www.9kpu.com/app/index.php?i=26&c=home&]]></EventKey>
<MenuId>443004588</MenuId>
</xml>

2016-10-11 15:19:26 params :
------------
Array:
message : Array ;
module : news ;
rule : 56 ;
priority : 0 ;
keyword : Array ;

2016-10-11 15:19:26 response :
------------
Array:
FromUserName : gh_2a16c32dff4b ;
ToUserName : oZF73wLBTcbc7Z-Equ-4p1W8E8NM ;
MsgType : news ;
ArticleCount : 1 ;
Articles : Array ;

2016-10-11 15:19:45 trace :
------------
String:
<xml><ToUserName><![CDATA[gh_2a16c32dff4b]]></ToUserName>
<FromUserName><![CDATA[oZF73wLBTcbc7Z-Equ-4p1W8E8NM]]></FromUserName>
<CreateTime>1476170385</CreateTime>
<MsgType><![CDATA[event]]></MsgType>
<Event><![CDATA[VIEW]]></Event>
<EventKey><![CDATA[http://www.9kpu.com/app/index.php?i=26&c=home&]]></EventKey>
<MenuId>443004588</MenuId>
</xml>

2016-10-11 15:19:45 params :
------------
Array:
message : Array ;
module : news ;
rule : 56 ;
priority : 0 ;
keyword : Array ;

2016-10-11 15:19:45 response :
------------
Array:
FromUserName : gh_2a16c32dff4b ;
ToUserName : oZF73wLBTcbc7Z-Equ-4p1W8E8NM ;
MsgType : news ;
ArticleCount : 1 ;
Articles : Array ;

2016-10-11 15:19:51 trace :
------------
String:
<xml><ToUserName><![CDATA[gh_2a16c32dff4b]]></ToUserName>
<FromUserName><![CDATA[oZF73wLBTcbc7Z-Equ-4p1W8E8NM]]></FromUserName>
<CreateTime>1476170391</CreateTime>
<MsgType><![CDATA[event]]></MsgType>
<Event><![CDATA[VIEW]]></Event>
<EventKey><![CDATA[http://www.9kpu.com/app/index.php?i=26&c=entry&eid=1]]></EventKey>
<MenuId>443004588</MenuId>
</xml>

2016-10-11 15:19:51 params :
------------
Array:
message : Array ;
module : news ;
rule : 56 ;
priority : 0 ;
keyword : Array ;

2016-10-11 15:19:51 response :
------------
Array:
FromUserName : gh_2a16c32dff4b ;
ToUserName : oZF73wLBTcbc7Z-Equ-4p1W8E8NM ;
MsgType : news ;
ArticleCount : 1 ;
Articles : Array ;

2016-10-11 15:19:59 trace :
------------
String:
<xml><ToUserName><![CDATA[gh_2a16c32dff4b]]></ToUserName>
<FromUserName><![CDATA[oZF73wLBTcbc7Z-Equ-4p1W8E8NM]]></FromUserName>
<CreateTime>1476170399</CreateTime>
<MsgType><![CDATA[event]]></MsgType>
<Event><![CDATA[VIEW]]></Event>
<EventKey><![CDATA[http://www.9kpu.com/app/index.php?i=26&c=entry&do=teaIn&m=lianhu_school]]></EventKey>
<MenuId>443004588</MenuId>
</xml>

2016-10-11 15:19:59 params :
------------
Array:
message : Array ;
module : news ;
rule : 56 ;
priority : 0 ;
keyword : Array ;

2016-10-11 15:19:59 response :
------------
Array:
FromUserName : gh_2a16c32dff4b ;
ToUserName : oZF73wLBTcbc7Z-Equ-4p1W8E8NM ;
MsgType : news ;
ArticleCount : 1 ;
Articles : Array ;

2016-10-11 15:23:11 trace :
------------
String:
<xml><ToUserName><![CDATA[gh_2a16c32dff4b]]></ToUserName>
<FromUserName><![CDATA[oZF73wLBTcbc7Z-Equ-4p1W8E8NM]]></FromUserName>
<CreateTime>1476170591</CreateTime>
<MsgType><![CDATA[event]]></MsgType>
<Event><![CDATA[VIEW]]></Event>
<EventKey><![CDATA[http://www.9kpu.com/app/index.php?i=26&c=entry&eid=1]]></EventKey>
<MenuId>443004588</MenuId>
</xml>

2016-10-11 15:23:11 params :
------------
Array:
message : Array ;
module : news ;
rule : 56 ;
priority : 0 ;
keyword : Array ;

2016-10-11 15:23:11 response :
------------
Array:
FromUserName : gh_2a16c32dff4b ;
ToUserName : oZF73wLBTcbc7Z-Equ-4p1W8E8NM ;
MsgType : news ;
ArticleCount : 1 ;
Articles : Array ;

2016-10-11 15:25:12 trace :
------------
String:
<xml><ToUserName><![CDATA[gh_2a23de840671]]></ToUserName>
<FromUserName><![CDATA[oQxC9wQhSKTYVr7T05hTSLIRp9UE]]></FromUserName>
<CreateTime>1476170712</CreateTime>
<MsgType><![CDATA[event]]></MsgType>
<Event><![CDATA[VIEW]]></Event>
<EventKey><![CDATA[http://www.9kpu.com/app/index.php?i=31&c=entry&eid=1]]></EventKey>
<MenuId>408135367</MenuId>
</xml>

2016-10-11 15:25:12 params :
------------
Array:
message : Array ;
module : news ;
rule : 60 ;
priority : 0 ;
keyword : Array ;

2016-10-11 15:25:12 response :
------------
Array:
FromUserName : gh_2a23de840671 ;
ToUserName : oQxC9wQhSKTYVr7T05hTSLIRp9UE ;
MsgType : news ;
ArticleCount : 1 ;
Articles : Array ;

2016-10-11 15:31:46 trace :
------------
String:
<xml><ToUserName><![CDATA[gh_2a23de840671]]></ToUserName>
<FromUserName><![CDATA[oQxC9wcDxzXQK6Jt-2r12zPKIvik]]></FromUserName>
<CreateTime>1476171106</CreateTime>
<MsgType><![CDATA[event]]></MsgType>
<Event><![CDATA[VIEW]]></Event>
<EventKey><![CDATA[http://www.9kpu.com/app/index.php?i=31&c=entry&eid=1]]></EventKey>
<MenuId>408135367</MenuId>
</xml>

2016-10-11 15:31:46 params :
------------
Array:
message : Array ;
module : news ;
rule : 60 ;
priority : 0 ;
keyword : Array ;

2016-10-11 15:31:46 response :
------------
Array:
FromUserName : gh_2a23de840671 ;
ToUserName : oQxC9wcDxzXQK6Jt-2r12zPKIvik ;
MsgType : news ;
ArticleCount : 1 ;
Articles : Array ;

2016-10-11 15:32:29 trace :
------------
String:
<xml><ToUserName><![CDATA[gh_4e0c181b7380]]></ToUserName>
<FromUserName><![CDATA[oxtWnv8dKzKM6w_0eFzZG_TYcDDE]]></FromUserName>
<CreateTime>1476171148</CreateTime>
<MsgType><![CDATA[event]]></MsgType>
<Event><![CDATA[VIEW]]></Event>
<EventKey><![CDATA[http://www.9kpu.com/app/index.php?i=27&c=home&]]></EventKey>
<MenuId>432687017</MenuId>
</xml>

2016-10-11 15:32:29 params :
------------
Array:
message : Array ;
module : default ;
rule : -1 ;

2016-10-11 15:32:29 response :
------------
Array:
params : Array ;

2016-10-11 15:33:05 trace :
------------
String:
<xml><ToUserName><![CDATA[gh_4e0c181b7380]]></ToUserName>
<FromUserName><![CDATA[oxtWnv8dKzKM6w_0eFzZG_TYcDDE]]></FromUserName>
<CreateTime>1476171185</CreateTime>
<MsgType><![CDATA[event]]></MsgType>
<Event><![CDATA[VIEW]]></Event>
<EventKey><![CDATA[http://www.9kpu.com/app/index.php?i=27&c=home&]]></EventKey>
<MenuId>432687017</MenuId>
</xml>

2016-10-11 15:33:05 params :
------------
Array:
message : Array ;
module : default ;
rule : -1 ;

2016-10-11 15:33:05 response :
------------
Array:
params : Array ;

2016-10-11 15:33:47 trace :
------------
String:
<xml><ToUserName><![CDATA[gh_2a23de840671]]></ToUserName>
<FromUserName><![CDATA[oQxC9wUp6GrwrZA0FNw_akHg9T5w]]></FromUserName>
<CreateTime>1476171227</CreateTime>
<MsgType><![CDATA[event]]></MsgType>
<Event><![CDATA[subscribe]]></Event>
<EventKey><![CDATA[]]></EventKey>
</xml>

2016-10-11 15:33:47 params :
------------
Array:
message : Array ;
module : news ;
rule : 60 ;
priority : 0 ;
keyword : Array ;

2016-10-11 15:33:47 response :
------------
Array:
FromUserName : gh_2a23de840671 ;
ToUserName : oQxC9wUp6GrwrZA0FNw_akHg9T5w ;
MsgType : news ;
ArticleCount : 1 ;
Articles : Array ;

2016-10-11 15:33:52 trace :
------------
String:
<xml><ToUserName><![CDATA[gh_2a23de840671]]></ToUserName>
<FromUserName><![CDATA[oQxC9wUp6GrwrZA0FNw_akHg9T5w]]></FromUserName>
<CreateTime>1476171232</CreateTime>
<MsgType><![CDATA[event]]></MsgType>
<Event><![CDATA[VIEW]]></Event>
<EventKey><![CDATA[http://www.9kpu.com/app/index.php?i=31&c=home&]]></EventKey>
<MenuId>408135367</MenuId>
</xml>

2016-10-11 15:33:52 params :
------------
Array:
message : Array ;
module : news ;
rule : 60 ;
priority : 0 ;
keyword : Array ;

2016-10-11 15:33:52 response :
------------
Array:
FromUserName : gh_2a23de840671 ;
ToUserName : oQxC9wUp6GrwrZA0FNw_akHg9T5w ;
MsgType : news ;
ArticleCount : 1 ;
Articles : Array ;

2016-10-11 15:34:11 trace :
------------
String:
<xml><ToUserName><![CDATA[gh_2a23de840671]]></ToUserName>
<FromUserName><![CDATA[oQxC9wUp6GrwrZA0FNw_akHg9T5w]]></FromUserName>
<CreateTime>1476171251</CreateTime>
<MsgType><![CDATA[event]]></MsgType>
<Event><![CDATA[VIEW]]></Event>
<EventKey><![CDATA[http://www.9kpu.com/app/index.php?i=31&c=entry&eid=1]]></EventKey>
<MenuId>408135367</MenuId>
</xml>

2016-10-11 15:34:11 params :
------------
Array:
message : Array ;
module : news ;
rule : 60 ;
priority : 0 ;
keyword : Array ;

2016-10-11 15:34:11 response :
------------
Array:
FromUserName : gh_2a23de840671 ;
ToUserName : oQxC9wUp6GrwrZA0FNw_akHg9T5w ;
MsgType : news ;
ArticleCount : 1 ;
Articles : Array ;

2016-10-11 15:36:05 trace :
------------
String:
<xml><ToUserName><![CDATA[gh_2a16c32dff4b]]></ToUserName>
<FromUserName><![CDATA[oZF73wLBTcbc7Z-Equ-4p1W8E8NM]]></FromUserName>
<CreateTime>1476171365</CreateTime>
<MsgType><![CDATA[event]]></MsgType>
<Event><![CDATA[VIEW]]></Event>
<EventKey><![CDATA[http://www.9kpu.com/app/index.php?i=26&c=home&]]></EventKey>
<MenuId>443004588</MenuId>
</xml>

2016-10-11 15:36:05 params :
------------
Array:
message : Array ;
module : news ;
rule : 56 ;
priority : 0 ;
keyword : Array ;

2016-10-11 15:36:05 response :
------------
Array:
FromUserName : gh_2a16c32dff4b ;
ToUserName : oZF73wLBTcbc7Z-Equ-4p1W8E8NM ;
MsgType : news ;
ArticleCount : 1 ;
Articles : Array ;

2016-10-11 15:36:33 trace :
------------
String:
<xml><ToUserName><![CDATA[gh_4e0c181b7380]]></ToUserName>
<FromUserName><![CDATA[oxtWnv8dKzKM6w_0eFzZG_TYcDDE]]></FromUserName>
<CreateTime>1476171393</CreateTime>
<MsgType><![CDATA[event]]></MsgType>
<Event><![CDATA[VIEW]]></Event>
<EventKey><![CDATA[http://www.9kpu.com/app/index.php?i=27&c=home&]]></EventKey>
<MenuId>432687017</MenuId>
</xml>

2016-10-11 15:36:33 params :
------------
Array:
message : Array ;
module : default ;
rule : -1 ;

2016-10-11 15:36:33 response :
------------
Array:
params : Array ;

2016-10-11 15:36:49 trace :
------------
String:
<xml><ToUserName><![CDATA[gh_2a23de840671]]></ToUserName>
<FromUserName><![CDATA[oQxC9wcDxzXQK6Jt-2r12zPKIvik]]></FromUserName>
<CreateTime>1476171409</CreateTime>
<MsgType><![CDATA[event]]></MsgType>
<Event><![CDATA[VIEW]]></Event>
<EventKey><![CDATA[http://www.9kpu.com/app/index.php?i=31&c=entry&eid=1]]></EventKey>
<MenuId>408135367</MenuId>
</xml>

2016-10-11 15:36:49 params :
------------
Array:
message : Array ;
module : news ;
rule : 60 ;
priority : 0 ;
keyword : Array ;

2016-10-11 15:36:49 response :
------------
Array:
FromUserName : gh_2a23de840671 ;
ToUserName : oQxC9wcDxzXQK6Jt-2r12zPKIvik ;
MsgType : news ;
ArticleCount : 1 ;
Articles : Array ;

2016-10-11 15:37:24 trace :
------------
String:
<xml><ToUserName><![CDATA[gh_2a23de840671]]></ToUserName>
<FromUserName><![CDATA[oQxC9wUp6GrwrZA0FNw_akHg9T5w]]></FromUserName>
<CreateTime>1476171444</CreateTime>
<MsgType><![CDATA[event]]></MsgType>
<Event><![CDATA[VIEW]]></Event>
<EventKey><![CDATA[http://www.9kpu.com/app/index.php?i=31&c=entry&eid=1]]></EventKey>
<MenuId>408135367</MenuId>
</xml>

2016-10-11 15:37:24 params :
------------
Array:
message : Array ;
module : news ;
rule : 60 ;
priority : 0 ;
keyword : Array ;

2016-10-11 15:37:24 response :
------------
Array:
FromUserName : gh_2a23de840671 ;
ToUserName : oQxC9wUp6GrwrZA0FNw_akHg9T5w ;
MsgType : news ;
ArticleCount : 1 ;
Articles : Array ;

2016-10-11 15:37:31 trace :
------------
String:
<xml><ToUserName><![CDATA[gh_2a23de840671]]></ToUserName>
<FromUserName><![CDATA[oQxC9wQhSKTYVr7T05hTSLIRp9UE]]></FromUserName>
<CreateTime>1476171451</CreateTime>
<MsgType><![CDATA[event]]></MsgType>
<Event><![CDATA[VIEW]]></Event>
<EventKey><![CDATA[http://www.9kpu.com/app/index.php?i=31&c=entry&eid=1]]></EventKey>
<MenuId>408135367</MenuId>
</xml>

2016-10-11 15:37:31 params :
------------
Array:
message : Array ;
module : news ;
rule : 60 ;
priority : 0 ;
keyword : Array ;

2016-10-11 15:37:31 response :
------------
Array:
FromUserName : gh_2a23de840671 ;
ToUserName : oQxC9wQhSKTYVr7T05hTSLIRp9UE ;
MsgType : news ;
ArticleCount : 1 ;
Articles : Array ;

2016-10-11 15:37:31 trace :
------------
String:
<xml><ToUserName><![CDATA[gh_2a23de840671]]></ToUserName>
<FromUserName><![CDATA[oQxC9wUp6GrwrZA0FNw_akHg9T5w]]></FromUserName>
<CreateTime>1476171451</CreateTime>
<MsgType><![CDATA[event]]></MsgType>
<Event><![CDATA[VIEW]]></Event>
<EventKey><![CDATA[http://www.9kpu.com/app/index.php?i=31&c=entry&eid=2]]></EventKey>
<MenuId>408135367</MenuId>
</xml>

2016-10-11 15:37:31 params :
------------
Array:
message : Array ;
module : news ;
rule : 60 ;
priority : 0 ;
keyword : Array ;

2016-10-11 15:37:31 response :
------------
Array:
FromUserName : gh_2a23de840671 ;
ToUserName : oQxC9wUp6GrwrZA0FNw_akHg9T5w ;
MsgType : news ;
ArticleCount : 1 ;
Articles : Array ;

2016-10-11 15:37:31 trace :
------------
String:
<xml><ToUserName><![CDATA[gh_2a23de840671]]></ToUserName>
<FromUserName><![CDATA[oQxC9wcDxzXQK6Jt-2r12zPKIvik]]></FromUserName>
<CreateTime>1476171451</CreateTime>
<MsgType><![CDATA[event]]></MsgType>
<Event><![CDATA[VIEW]]></Event>
<EventKey><![CDATA[http://www.9kpu.com/app/index.php?i=31&c=entry&eid=1]]></EventKey>
<MenuId>408135367</MenuId>
</xml>

2016-10-11 15:37:31 params :
------------
Array:
message : Array ;
module : news ;
rule : 60 ;
priority : 0 ;
keyword : Array ;

2016-10-11 15:37:31 response :
------------
Array:
FromUserName : gh_2a23de840671 ;
ToUserName : oQxC9wcDxzXQK6Jt-2r12zPKIvik ;
MsgType : news ;
ArticleCount : 1 ;
Articles : Array ;

2016-10-11 15:38:58 trace :
------------
String:
<xml><ToUserName><![CDATA[gh_2a23de840671]]></ToUserName>
<FromUserName><![CDATA[oQxC9wcDxzXQK6Jt-2r12zPKIvik]]></FromUserName>
<CreateTime>1476171538</CreateTime>
<MsgType><![CDATA[event]]></MsgType>
<Event><![CDATA[VIEW]]></Event>
<EventKey><![CDATA[http://www.9kpu.com/app/index.php?i=31&c=entry&eid=1]]></EventKey>
<MenuId>408135367</MenuId>
</xml>

2016-10-11 15:38:58 params :
------------
Array:
message : Array ;
module : news ;
rule : 60 ;
priority : 0 ;
keyword : Array ;

2016-10-11 15:38:58 response :
------------
Array:
FromUserName : gh_2a23de840671 ;
ToUserName : oQxC9wcDxzXQK6Jt-2r12zPKIvik ;
MsgType : news ;
ArticleCount : 1 ;
Articles : Array ;

2016-10-11 15:48:46 trace :
------------
String:
<xml><ToUserName><![CDATA[gh_72ed1bc5dde0]]></ToUserName>
<FromUserName><![CDATA[oOPAIwSkMmDT5xD8KNFcwAGCldmw]]></FromUserName>
<CreateTime>1476172126</CreateTime>
<MsgType><![CDATA[event]]></MsgType>
<Event><![CDATA[subscribe]]></Event>
<EventKey><![CDATA[]]></EventKey>
</xml>

2016-10-11 15:48:46 params :
------------
Array:
rule : -2 ;
module :  ;
message : Array ;

2016-10-11 15:48:46 response :
------------

2016-10-11 15:54:38 trace :
------------
String:
<xml><ToUserName><![CDATA[gh_72ed1bc5dde0]]></ToUserName>
<FromUserName><![CDATA[oOPAIwUNyU6bNCGMV2MVpfX5YIdM]]></FromUserName>
<CreateTime>1476172478</CreateTime>
<MsgType><![CDATA[event]]></MsgType>
<Event><![CDATA[subscribe]]></Event>
<EventKey><![CDATA[]]></EventKey>
</xml>

2016-10-11 15:54:38 params :
------------
Array:
rule : -2 ;
module :  ;
message : Array ;

2016-10-11 15:54:38 response :
------------

2016-10-11 15:57:58 trace :
------------
String:
<xml><ToUserName><![CDATA[gh_72ed1bc5dde0]]></ToUserName>
<FromUserName><![CDATA[oOPAIwbZrLo2bQ8-Yt5G9Evnrulw]]></FromUserName>
<CreateTime>1476172678</CreateTime>
<MsgType><![CDATA[event]]></MsgType>
<Event><![CDATA[subscribe]]></Event>
<EventKey><![CDATA[]]></EventKey>
</xml>

2016-10-11 15:57:58 params :
------------
Array:
rule : -2 ;
module :  ;
message : Array ;

2016-10-11 15:57:58 response :
------------

2016-10-11 16:09:07 trace :
------------
String:
<xml><ToUserName><![CDATA[gh_2a23de840671]]></ToUserName>
<FromUserName><![CDATA[oQxC9wfDGw_2VwHd-qyo3rtBLA3E]]></FromUserName>
<CreateTime>1476173347</CreateTime>
<MsgType><![CDATA[event]]></MsgType>
<Event><![CDATA[VIEW]]></Event>
<EventKey><![CDATA[http://www.9kpu.com/app/index.php?i=31&c=entry&eid=1]]></EventKey>
<MenuId>408135367</MenuId>
</xml>

2016-10-11 16:09:07 params :
------------
Array:
message : Array ;
module : news ;
rule : 60 ;
priority : 0 ;
keyword : Array ;

2016-10-11 16:09:07 response :
------------
Array:
FromUserName : gh_2a23de840671 ;
ToUserName : oQxC9wfDGw_2VwHd-qyo3rtBLA3E ;
MsgType : news ;
ArticleCount : 1 ;
Articles : Array ;

2016-10-11 16:10:27 trace :
------------
String:
<xml><ToUserName><![CDATA[gh_2a23de840671]]></ToUserName>
<FromUserName><![CDATA[oQxC9wfDGw_2VwHd-qyo3rtBLA3E]]></FromUserName>
<CreateTime>1476173427</CreateTime>
<MsgType><![CDATA[event]]></MsgType>
<Event><![CDATA[VIEW]]></Event>
<EventKey><![CDATA[http://www.9kpu.com/app/index.php?i=31&c=entry&eid=1]]></EventKey>
<MenuId>408135367</MenuId>
</xml>

2016-10-11 16:10:27 params :
------------
Array:
message : Array ;
module : news ;
rule : 60 ;
priority : 0 ;
keyword : Array ;

2016-10-11 16:10:27 response :
------------
Array:
FromUserName : gh_2a23de840671 ;
ToUserName : oQxC9wfDGw_2VwHd-qyo3rtBLA3E ;
MsgType : news ;
ArticleCount : 1 ;
Articles : Array ;

2016-10-11 16:20:00 trace :
------------
String:
<xml><ToUserName><![CDATA[gh_2a23de840671]]></ToUserName>
<FromUserName><![CDATA[oQxC9wfDGw_2VwHd-qyo3rtBLA3E]]></FromUserName>
<CreateTime>1476174000</CreateTime>
<MsgType><![CDATA[event]]></MsgType>
<Event><![CDATA[VIEW]]></Event>
<EventKey><![CDATA[http://www.9kpu.com/app/index.php?i=31&c=entry&eid=1]]></EventKey>
<MenuId>408135367</MenuId>
</xml>

2016-10-11 16:20:00 params :
------------
Array:
message : Array ;
module : news ;
rule : 60 ;
priority : 0 ;
keyword : Array ;

2016-10-11 16:20:00 response :
------------
Array:
FromUserName : gh_2a23de840671 ;
ToUserName : oQxC9wfDGw_2VwHd-qyo3rtBLA3E ;
MsgType : news ;
ArticleCount : 1 ;
Articles : Array ;

2016-10-11 16:22:14 trace :
------------
String:
<xml><ToUserName><![CDATA[gh_2a23de840671]]></ToUserName>
<FromUserName><![CDATA[oQxC9wWnW35wpnUPS8QxCbRqxqlw]]></FromUserName>
<CreateTime>1476174134</CreateTime>
<MsgType><![CDATA[event]]></MsgType>
<Event><![CDATA[subscribe]]></Event>
<EventKey><![CDATA[]]></EventKey>
</xml>

2016-10-11 16:22:14 params :
------------
Array:
message : Array ;
module : news ;
rule : 60 ;
priority : 0 ;
keyword : Array ;

2016-10-11 16:22:14 response :
------------
Array:
FromUserName : gh_2a23de840671 ;
ToUserName : oQxC9wWnW35wpnUPS8QxCbRqxqlw ;
MsgType : news ;
ArticleCount : 1 ;
Articles : Array ;

2016-10-11 16:22:24 trace :
------------
String:
<xml><ToUserName><![CDATA[gh_2a23de840671]]></ToUserName>
<FromUserName><![CDATA[oQxC9wWnW35wpnUPS8QxCbRqxqlw]]></FromUserName>
<CreateTime>1476174143</CreateTime>
<MsgType><![CDATA[event]]></MsgType>
<Event><![CDATA[VIEW]]></Event>
<EventKey><![CDATA[http://www.9kpu.com/app/index.php?i=31&c=home&]]></EventKey>
<MenuId>408135367</MenuId>
</xml>

2016-10-11 16:22:24 params :
------------
Array:
message : Array ;
module : news ;
rule : 60 ;
priority : 0 ;
keyword : Array ;

2016-10-11 16:22:24 response :
------------
Array:
FromUserName : gh_2a23de840671 ;
ToUserName : oQxC9wWnW35wpnUPS8QxCbRqxqlw ;
MsgType : news ;
ArticleCount : 1 ;
Articles : Array ;

2016-10-11 16:22:30 trace :
------------
String:
<xml><ToUserName><![CDATA[gh_2a23de840671]]></ToUserName>
<FromUserName><![CDATA[oQxC9wWnW35wpnUPS8QxCbRqxqlw]]></FromUserName>
<CreateTime>1476174150</CreateTime>
<MsgType><![CDATA[event]]></MsgType>
<Event><![CDATA[VIEW]]></Event>
<EventKey><![CDATA[http://www.9kpu.com/app/index.php?i=31&c=entry&eid=1]]></EventKey>
<MenuId>408135367</MenuId>
</xml>

2016-10-11 16:22:30 params :
------------
Array:
message : Array ;
module : news ;
rule : 60 ;
priority : 0 ;
keyword : Array ;

2016-10-11 16:22:30 response :
------------
Array:
FromUserName : gh_2a23de840671 ;
ToUserName : oQxC9wWnW35wpnUPS8QxCbRqxqlw ;
MsgType : news ;
ArticleCount : 1 ;
Articles : Array ;

2016-10-11 16:23:23 trace :
------------
String:
<xml><ToUserName><![CDATA[gh_2a23de840671]]></ToUserName>
<FromUserName><![CDATA[oQxC9wfDGw_2VwHd-qyo3rtBLA3E]]></FromUserName>
<CreateTime>1476174203</CreateTime>
<MsgType><![CDATA[event]]></MsgType>
<Event><![CDATA[VIEW]]></Event>
<EventKey><![CDATA[http://www.9kpu.com/app/index.php?i=31&c=entry&eid=1]]></EventKey>
<MenuId>408135367</MenuId>
</xml>

2016-10-11 16:23:23 params :
------------
Array:
message : Array ;
module : news ;
rule : 60 ;
priority : 0 ;
keyword : Array ;

2016-10-11 16:23:23 response :
------------
Array:
FromUserName : gh_2a23de840671 ;
ToUserName : oQxC9wfDGw_2VwHd-qyo3rtBLA3E ;
MsgType : news ;
ArticleCount : 1 ;
Articles : Array ;

2016-10-11 16:24:55 trace :
------------
String:
<xml><ToUserName><![CDATA[gh_2a23de840671]]></ToUserName>
<FromUserName><![CDATA[oQxC9wWnW35wpnUPS8QxCbRqxqlw]]></FromUserName>
<CreateTime>1476174295</CreateTime>
<MsgType><![CDATA[event]]></MsgType>
<Event><![CDATA[VIEW]]></Event>
<EventKey><![CDATA[http://www.9kpu.com/app/index.php?i=31&c=entry&eid=1]]></EventKey>
<MenuId>408135367</MenuId>
</xml>

2016-10-11 16:24:55 params :
------------
Array:
message : Array ;
module : news ;
rule : 60 ;
priority : 0 ;
keyword : Array ;

2016-10-11 16:24:55 response :
------------
Array:
FromUserName : gh_2a23de840671 ;
ToUserName : oQxC9wWnW35wpnUPS8QxCbRqxqlw ;
MsgType : news ;
ArticleCount : 1 ;
Articles : Array ;

2016-10-11 16:25:06 trace :
------------
String:
<xml><ToUserName><![CDATA[gh_2a23de840671]]></ToUserName>
<FromUserName><![CDATA[oQxC9wWnW35wpnUPS8QxCbRqxqlw]]></FromUserName>
<CreateTime>1476174305</CreateTime>
<MsgType><![CDATA[event]]></MsgType>
<Event><![CDATA[VIEW]]></Event>
<EventKey><![CDATA[http://www.9kpu.com/app/index.php?i=31&c=entry&eid=1]]></EventKey>
<MenuId>408135367</MenuId>
</xml>

2016-10-11 16:25:06 params :
------------
Array:
message : Array ;
module : news ;
rule : 60 ;
priority : 0 ;
keyword : Array ;

2016-10-11 16:25:06 response :
------------
Array:
FromUserName : gh_2a23de840671 ;
ToUserName : oQxC9wWnW35wpnUPS8QxCbRqxqlw ;
MsgType : news ;
ArticleCount : 1 ;
Articles : Array ;

2016-10-11 16:25:12 trace :
------------
String:
<xml><ToUserName><![CDATA[gh_2a23de840671]]></ToUserName>
<FromUserName><![CDATA[oQxC9wWnW35wpnUPS8QxCbRqxqlw]]></FromUserName>
<CreateTime>1476174312</CreateTime>
<MsgType><![CDATA[event]]></MsgType>
<Event><![CDATA[VIEW]]></Event>
<EventKey><![CDATA[http://www.9kpu.com/app/index.php?i=31&c=entry&eid=1]]></EventKey>
<MenuId>408135367</MenuId>
</xml>

2016-10-11 16:25:12 params :
------------
Array:
message : Array ;
module : news ;
rule : 60 ;
priority : 0 ;
keyword : Array ;

2016-10-11 16:25:12 response :
------------
Array:
FromUserName : gh_2a23de840671 ;
ToUserName : oQxC9wWnW35wpnUPS8QxCbRqxqlw ;
MsgType : news ;
ArticleCount : 1 ;
Articles : Array ;

2016-10-11 16:26:18 trace :
------------
String:
<xml><ToUserName><![CDATA[gh_2a23de840671]]></ToUserName>
<FromUserName><![CDATA[oQxC9wTFW_fdyGR9ViV-xxcza0vI]]></FromUserName>
<CreateTime>1476174378</CreateTime>
<MsgType><![CDATA[event]]></MsgType>
<Event><![CDATA[VIEW]]></Event>
<EventKey><![CDATA[http://www.9kpu.com/app/index.php?i=31&c=home&]]></EventKey>
<MenuId>408135367</MenuId>
</xml>

2016-10-11 16:26:18 params :
------------
Array:
message : Array ;
module : news ;
rule : 60 ;
priority : 0 ;
keyword : Array ;

2016-10-11 16:26:18 response :
------------
Array:
FromUserName : gh_2a23de840671 ;
ToUserName : oQxC9wTFW_fdyGR9ViV-xxcza0vI ;
MsgType : news ;
ArticleCount : 1 ;
Articles : Array ;

2016-10-11 16:26:38 trace :
------------
String:
<xml><ToUserName><![CDATA[gh_2a23de840671]]></ToUserName>
<FromUserName><![CDATA[oQxC9wTFW_fdyGR9ViV-xxcza0vI]]></FromUserName>
<CreateTime>1476174397</CreateTime>
<MsgType><![CDATA[event]]></MsgType>
<Event><![CDATA[VIEW]]></Event>
<EventKey><![CDATA[http://www.9kpu.com/app/index.php?i=31&c=home&]]></EventKey>
<MenuId>408135367</MenuId>
</xml>

2016-10-11 16:26:38 params :
------------
Array:
message : Array ;
module : news ;
rule : 60 ;
priority : 0 ;
keyword : Array ;

2016-10-11 16:26:38 response :
------------
Array:
FromUserName : gh_2a23de840671 ;
ToUserName : oQxC9wTFW_fdyGR9ViV-xxcza0vI ;
MsgType : news ;
ArticleCount : 1 ;
Articles : Array ;

2016-10-11 16:31:56 trace :
------------
String:
<xml><ToUserName><![CDATA[gh_2a23de840671]]></ToUserName>
<FromUserName><![CDATA[oQxC9wQhSKTYVr7T05hTSLIRp9UE]]></FromUserName>
<CreateTime>1476174716</CreateTime>
<MsgType><![CDATA[event]]></MsgType>
<Event><![CDATA[VIEW]]></Event>
<EventKey><![CDATA[http://www.9kpu.com/app/index.php?i=31&c=entry&eid=1]]></EventKey>
<MenuId>408135367</MenuId>
</xml>

2016-10-11 16:31:56 params :
------------
Array:
message : Array ;
module : news ;
rule : 60 ;
priority : 0 ;
keyword : Array ;

2016-10-11 16:31:56 response :
------------
Array:
FromUserName : gh_2a23de840671 ;
ToUserName : oQxC9wQhSKTYVr7T05hTSLIRp9UE ;
MsgType : news ;
ArticleCount : 1 ;
Articles : Array ;

2016-10-11 16:37:04 trace :
------------
String:
<xml><ToUserName><![CDATA[gh_4e0c181b7380]]></ToUserName>
<FromUserName><![CDATA[oxtWnvxVnTU-1Qhk5mInL2F1I2yk]]></FromUserName>
<CreateTime>1476175024</CreateTime>
<MsgType><![CDATA[event]]></MsgType>
<Event><![CDATA[VIEW]]></Event>
<EventKey><![CDATA[http://www.9kpu.com/app/index.php?i=27&c=home&]]></EventKey>
<MenuId>432687017</MenuId>
</xml>

2016-10-11 16:37:04 params :
------------
Array:
message : Array ;
module : default ;
rule : -1 ;

2016-10-11 16:37:04 response :
------------
Array:
params : Array ;

2016-10-11 16:37:13 trace :
------------
String:
<xml><ToUserName><![CDATA[gh_4e0c181b7380]]></ToUserName>
<FromUserName><![CDATA[oxtWnvxVnTU-1Qhk5mInL2F1I2yk]]></FromUserName>
<CreateTime>1476175033</CreateTime>
<MsgType><![CDATA[event]]></MsgType>
<Event><![CDATA[VIEW]]></Event>
<EventKey><![CDATA[http://www.9kpu.com/app/index.php?i=27&c=entry&eid=1]]></EventKey>
<MenuId>432687017</MenuId>
</xml>

2016-10-11 16:37:13 params :
------------
Array:
message : Array ;
module : default ;
rule : -1 ;

2016-10-11 16:37:13 response :
------------
Array:
params : Array ;

2016-10-11 16:37:21 trace :
------------
String:
<xml><ToUserName><![CDATA[gh_4e0c181b7380]]></ToUserName>
<FromUserName><![CDATA[oxtWnvxVnTU-1Qhk5mInL2F1I2yk]]></FromUserName>
<CreateTime>1476175041</CreateTime>
<MsgType><![CDATA[event]]></MsgType>
<Event><![CDATA[VIEW]]></Event>
<EventKey><![CDATA[http://www.9kpu.com/app/index.php?i=27&c=home&]]></EventKey>
<MenuId>432687017</MenuId>
</xml>

2016-10-11 16:37:21 params :
------------
Array:
message : Array ;
module : default ;
rule : -1 ;

2016-10-11 16:37:21 response :
------------
Array:
params : Array ;

2016-10-11 16:37:57 trace :
------------
String:
<xml><ToUserName><![CDATA[gh_4e0c181b7380]]></ToUserName>
<FromUserName><![CDATA[oxtWnvxVnTU-1Qhk5mInL2F1I2yk]]></FromUserName>
<CreateTime>1476175077</CreateTime>
<MsgType><![CDATA[event]]></MsgType>
<Event><![CDATA[VIEW]]></Event>
<EventKey><![CDATA[http://www.9kpu.com/app/index.php?i=27&c=home&]]></EventKey>
<MenuId>432687017</MenuId>
</xml>

2016-10-11 16:37:57 params :
------------
Array:
message : Array ;
module : default ;
rule : -1 ;

2016-10-11 16:37:57 response :
------------
Array:
params : Array ;

2016-10-11 16:38:24 trace :
------------
String:
<xml><ToUserName><![CDATA[gh_4e0c181b7380]]></ToUserName>
<FromUserName><![CDATA[oxtWnvxVnTU-1Qhk5mInL2F1I2yk]]></FromUserName>
<CreateTime>1476175104</CreateTime>
<MsgType><![CDATA[event]]></MsgType>
<Event><![CDATA[VIEW]]></Event>
<EventKey><![CDATA[http://www.9kpu.com/app/index.php?i=27&c=home&]]></EventKey>
<MenuId>432687017</MenuId>
</xml>

2016-10-11 16:38:24 params :
------------
Array:
message : Array ;
module : default ;
rule : -1 ;

2016-10-11 16:38:24 response :
------------
Array:
params : Array ;

2016-10-11 16:38:43 trace :
------------
String:
<xml><ToUserName><![CDATA[gh_4e0c181b7380]]></ToUserName>
<FromUserName><![CDATA[oxtWnvxVnTU-1Qhk5mInL2F1I2yk]]></FromUserName>
<CreateTime>1476175123</CreateTime>
<MsgType><![CDATA[event]]></MsgType>
<Event><![CDATA[VIEW]]></Event>
<EventKey><![CDATA[http://www.9kpu.com/app/index.php?i=27&c=entry&eid=2]]></EventKey>
<MenuId>432687017</MenuId>
</xml>

2016-10-11 16:38:43 params :
------------
Array:
message : Array ;
module : default ;
rule : -1 ;

2016-10-11 16:38:43 response :
------------
Array:
params : Array ;

2016-10-11 16:38:51 trace :
------------
String:
<xml><ToUserName><![CDATA[gh_4e0c181b7380]]></ToUserName>
<FromUserName><![CDATA[oxtWnvxVnTU-1Qhk5mInL2F1I2yk]]></FromUserName>
<CreateTime>1476175131</CreateTime>
<MsgType><![CDATA[event]]></MsgType>
<Event><![CDATA[VIEW]]></Event>
<EventKey><![CDATA[http://www.9kpu.com/app/index.php?i=27&c=entry&eid=1]]></EventKey>
<MenuId>432687017</MenuId>
</xml>

2016-10-11 16:38:51 params :
------------
Array:
message : Array ;
module : default ;
rule : -1 ;

2016-10-11 16:38:51 response :
------------
Array:
params : Array ;

2016-10-11 16:39:09 trace :
------------
String:
<xml><ToUserName><![CDATA[gh_2a23de840671]]></ToUserName>
<FromUserName><![CDATA[oQxC9wWnW35wpnUPS8QxCbRqxqlw]]></FromUserName>
<CreateTime>1476175149</CreateTime>
<MsgType><![CDATA[event]]></MsgType>
<Event><![CDATA[VIEW]]></Event>
<EventKey><![CDATA[http://www.9kpu.com/app/index.php?i=31&c=entry&eid=1]]></EventKey>
<MenuId>408135367</MenuId>
</xml>

2016-10-11 16:39:09 params :
------------
Array:
message : Array ;
module : news ;
rule : 60 ;
priority : 0 ;
keyword : Array ;

2016-10-11 16:39:09 response :
------------
Array:
FromUserName : gh_2a23de840671 ;
ToUserName : oQxC9wWnW35wpnUPS8QxCbRqxqlw ;
MsgType : news ;
ArticleCount : 1 ;
Articles : Array ;

2016-10-11 16:39:48 trace :
------------
String:
<xml><ToUserName><![CDATA[gh_4e0c181b7380]]></ToUserName>
<FromUserName><![CDATA[oxtWnvxVnTU-1Qhk5mInL2F1I2yk]]></FromUserName>
<CreateTime>1476175188</CreateTime>
<MsgType><![CDATA[event]]></MsgType>
<Event><![CDATA[VIEW]]></Event>
<EventKey><![CDATA[http://www.9kpu.com/app/index.php?i=27&c=entry&eid=1]]></EventKey>
<MenuId>432687017</MenuId>
</xml>

2016-10-11 16:39:48 params :
------------
Array:
message : Array ;
module : default ;
rule : -1 ;

2016-10-11 16:39:48 response :
------------
Array:
params : Array ;

2016-10-11 16:41:18 trace :
------------
String:
<xml><ToUserName><![CDATA[gh_2a23de840671]]></ToUserName>
<FromUserName><![CDATA[oQxC9wWnW35wpnUPS8QxCbRqxqlw]]></FromUserName>
<CreateTime>1476175278</CreateTime>
<MsgType><![CDATA[event]]></MsgType>
<Event><![CDATA[VIEW]]></Event>
<EventKey><![CDATA[http://www.9kpu.com/app/index.php?i=31&c=entry&eid=1]]></EventKey>
<MenuId>408135367</MenuId>
</xml>

2016-10-11 16:41:18 params :
------------
Array:
message : Array ;
module : news ;
rule : 60 ;
priority : 0 ;
keyword : Array ;

2016-10-11 16:41:18 response :
------------
Array:
FromUserName : gh_2a23de840671 ;
ToUserName : oQxC9wWnW35wpnUPS8QxCbRqxqlw ;
MsgType : news ;
ArticleCount : 1 ;
Articles : Array ;

2016-10-11 16:41:20 trace :
------------
String:
<xml><ToUserName><![CDATA[gh_2a23de840671]]></ToUserName>
<FromUserName><![CDATA[oQxC9wcDxzXQK6Jt-2r12zPKIvik]]></FromUserName>
<CreateTime>1476175280</CreateTime>
<MsgType><![CDATA[event]]></MsgType>
<Event><![CDATA[VIEW]]></Event>
<EventKey><![CDATA[http://www.9kpu.com/app/index.php?i=31&c=entry&eid=1]]></EventKey>
<MenuId>408135367</MenuId>
</xml>

2016-10-11 16:41:20 params :
------------
Array:
message : Array ;
module : news ;
rule : 60 ;
priority : 0 ;
keyword : Array ;

2016-10-11 16:41:20 response :
------------
Array:
FromUserName : gh_2a23de840671 ;
ToUserName : oQxC9wcDxzXQK6Jt-2r12zPKIvik ;
MsgType : news ;
ArticleCount : 1 ;
Articles : Array ;

2016-10-11 16:41:42 trace :
------------
String:
<xml><ToUserName><![CDATA[gh_2a23de840671]]></ToUserName>
<FromUserName><![CDATA[oQxC9wcDxzXQK6Jt-2r12zPKIvik]]></FromUserName>
<CreateTime>1476175302</CreateTime>
<MsgType><![CDATA[event]]></MsgType>
<Event><![CDATA[VIEW]]></Event>
<EventKey><![CDATA[http://www.9kpu.com/app/index.php?i=31&c=home&]]></EventKey>
<MenuId>408135367</MenuId>
</xml>

2016-10-11 16:41:42 params :
------------
Array:
message : Array ;
module : news ;
rule : 60 ;
priority : 0 ;
keyword : Array ;

2016-10-11 16:41:42 response :
------------
Array:
FromUserName : gh_2a23de840671 ;
ToUserName : oQxC9wcDxzXQK6Jt-2r12zPKIvik ;
MsgType : news ;
ArticleCount : 1 ;
Articles : Array ;

2016-10-11 16:42:59 trace :
------------
String:
<xml><ToUserName><![CDATA[gh_2a23de840671]]></ToUserName>
<FromUserName><![CDATA[oQxC9wcDxzXQK6Jt-2r12zPKIvik]]></FromUserName>
<CreateTime>1476175379</CreateTime>
<MsgType><![CDATA[event]]></MsgType>
<Event><![CDATA[VIEW]]></Event>
<EventKey><![CDATA[http://www.9kpu.com/app/index.php?i=31&c=entry&eid=1]]></EventKey>
<MenuId>408135367</MenuId>
</xml>

2016-10-11 16:42:59 params :
------------
Array:
message : Array ;
module : news ;
rule : 60 ;
priority : 0 ;
keyword : Array ;

2016-10-11 16:42:59 response :
------------
Array:
FromUserName : gh_2a23de840671 ;
ToUserName : oQxC9wcDxzXQK6Jt-2r12zPKIvik ;
MsgType : news ;
ArticleCount : 1 ;
Articles : Array ;

2016-10-11 16:45:48 trace :
------------
String:
<xml><ToUserName><![CDATA[gh_2a23de840671]]></ToUserName>
<FromUserName><![CDATA[oQxC9wVlvc-DpnKV96NRoWd0ZKL8]]></FromUserName>
<CreateTime>1476175548</CreateTime>
<MsgType><![CDATA[event]]></MsgType>
<Event><![CDATA[VIEW]]></Event>
<EventKey><![CDATA[http://www.9kpu.com/app/index.php?i=31&c=home&]]></EventKey>
<MenuId>408135367</MenuId>
</xml>

2016-10-11 16:45:48 params :
------------
Array:
message : Array ;
module : news ;
rule : 60 ;
priority : 0 ;
keyword : Array ;

2016-10-11 16:45:48 response :
------------
Array:
FromUserName : gh_2a23de840671 ;
ToUserName : oQxC9wVlvc-DpnKV96NRoWd0ZKL8 ;
MsgType : news ;
ArticleCount : 1 ;
Articles : Array ;

2016-10-11 16:46:00 trace :
------------
String:
<xml><ToUserName><![CDATA[gh_2a23de840671]]></ToUserName>
<FromUserName><![CDATA[oQxC9wVlvc-DpnKV96NRoWd0ZKL8]]></FromUserName>
<CreateTime>1476175559</CreateTime>
<MsgType><![CDATA[event]]></MsgType>
<Event><![CDATA[VIEW]]></Event>
<EventKey><![CDATA[http://www.9kpu.com/app/index.php?i=31&c=entry&eid=1]]></EventKey>
<MenuId>408135367</MenuId>
</xml>

2016-10-11 16:46:00 params :
------------
Array:
message : Array ;
module : news ;
rule : 60 ;
priority : 0 ;
keyword : Array ;

2016-10-11 16:46:00 response :
------------
Array:
FromUserName : gh_2a23de840671 ;
ToUserName : oQxC9wVlvc-DpnKV96NRoWd0ZKL8 ;
MsgType : news ;
ArticleCount : 1 ;
Articles : Array ;

2016-10-11 16:46:37 trace :
------------
String:
<xml><ToUserName><![CDATA[gh_2a23de840671]]></ToUserName>
<FromUserName><![CDATA[oQxC9wbaSbzhxCPg6XR66jKNwjwU]]></FromUserName>
<CreateTime>1476175597</CreateTime>
<MsgType><![CDATA[event]]></MsgType>
<Event><![CDATA[VIEW]]></Event>
<EventKey><![CDATA[http://www.9kpu.com/app/index.php?i=31&c=entry&eid=1]]></EventKey>
<MenuId>408135367</MenuId>
</xml>

2016-10-11 16:46:37 params :
------------
Array:
message : Array ;
module : news ;
rule : 60 ;
priority : 0 ;
keyword : Array ;

2016-10-11 16:46:37 response :
------------
Array:
FromUserName : gh_2a23de840671 ;
ToUserName : oQxC9wbaSbzhxCPg6XR66jKNwjwU ;
MsgType : news ;
ArticleCount : 1 ;
Articles : Array ;

2016-10-11 16:48:59 trace :
------------
String:
<xml><ToUserName><![CDATA[gh_2a23de840671]]></ToUserName>
<FromUserName><![CDATA[oQxC9wVlvc-DpnKV96NRoWd0ZKL8]]></FromUserName>
<CreateTime>1476175739</CreateTime>
<MsgType><![CDATA[event]]></MsgType>
<Event><![CDATA[VIEW]]></Event>
<EventKey><![CDATA[http://www.9kpu.com/app/index.php?i=31&c=entry&eid=2]]></EventKey>
<MenuId>408135367</MenuId>
</xml>

2016-10-11 16:48:59 params :
------------
Array:
message : Array ;
module : news ;
rule : 60 ;
priority : 0 ;
keyword : Array ;

2016-10-11 16:48:59 response :
------------
Array:
FromUserName : gh_2a23de840671 ;
ToUserName : oQxC9wVlvc-DpnKV96NRoWd0ZKL8 ;
MsgType : news ;
ArticleCount : 1 ;
Articles : Array ;

2016-10-11 17:32:04 trace :
------------
String:
<xml><ToUserName><![CDATA[gh_2a23de840671]]></ToUserName>
<FromUserName><![CDATA[oQxC9wcDxzXQK6Jt-2r12zPKIvik]]></FromUserName>
<CreateTime>1476178323</CreateTime>
<MsgType><![CDATA[event]]></MsgType>
<Event><![CDATA[VIEW]]></Event>
<EventKey><![CDATA[http://www.9kpu.com/app/index.php?i=31&c=entry&eid=1]]></EventKey>
<MenuId>408135367</MenuId>
</xml>

2016-10-11 17:32:04 params :
------------
Array:
message : Array ;
module : news ;
rule : 60 ;
priority : 0 ;
keyword : Array ;

2016-10-11 17:32:04 response :
------------
Array:
FromUserName : gh_2a23de840671 ;
ToUserName : oQxC9wcDxzXQK6Jt-2r12zPKIvik ;
MsgType : news ;
ArticleCount : 1 ;
Articles : Array ;

2016-10-11 17:32:24 trace :
------------
String:
<xml><ToUserName><![CDATA[gh_2a23de840671]]></ToUserName>
<FromUserName><![CDATA[oQxC9wcDxzXQK6Jt-2r12zPKIvik]]></FromUserName>
<CreateTime>1476178344</CreateTime>
<MsgType><![CDATA[event]]></MsgType>
<Event><![CDATA[VIEW]]></Event>
<EventKey><![CDATA[http://www.9kpu.com/app/index.php?i=31&c=entry&eid=2]]></EventKey>
<MenuId>408135367</MenuId>
</xml>

2016-10-11 17:32:24 params :
------------
Array:
message : Array ;
module : news ;
rule : 60 ;
priority : 0 ;
keyword : Array ;

2016-10-11 17:32:24 response :
------------
Array:
FromUserName : gh_2a23de840671 ;
ToUserName : oQxC9wcDxzXQK6Jt-2r12zPKIvik ;
MsgType : news ;
ArticleCount : 1 ;
Articles : Array ;

2016-10-11 18:11:36 trace :
------------
String:
<xml><ToUserName><![CDATA[gh_2a23de840671]]></ToUserName>
<FromUserName><![CDATA[oQxC9wXfDQBkG9Yva1poy2cPOF6Q]]></FromUserName>
<CreateTime>1476180696</CreateTime>
<MsgType><![CDATA[event]]></MsgType>
<Event><![CDATA[subscribe]]></Event>
<EventKey><![CDATA[]]></EventKey>
</xml>

2016-10-11 18:11:36 params :
------------
Array:
message : Array ;
module : news ;
rule : 60 ;
priority : 0 ;
keyword : Array ;

2016-10-11 18:11:36 response :
------------
Array:
FromUserName : gh_2a23de840671 ;
ToUserName : oQxC9wXfDQBkG9Yva1poy2cPOF6Q ;
MsgType : news ;
ArticleCount : 1 ;
Articles : Array ;

2016-10-11 18:11:48 trace :
------------
String:
<xml><ToUserName><![CDATA[gh_2a23de840671]]></ToUserName>
<FromUserName><![CDATA[oQxC9wXfDQBkG9Yva1poy2cPOF6Q]]></FromUserName>
<CreateTime>1476180708</CreateTime>
<MsgType><![CDATA[event]]></MsgType>
<Event><![CDATA[VIEW]]></Event>
<EventKey><![CDATA[http://www.9kpu.com/app/index.php?i=31&c=entry&eid=2]]></EventKey>
<MenuId>408135367</MenuId>
</xml>

2016-10-11 18:11:48 params :
------------
Array:
message : Array ;
module : news ;
rule : 60 ;
priority : 0 ;
keyword : Array ;

2016-10-11 18:11:48 response :
------------
Array:
FromUserName : gh_2a23de840671 ;
ToUserName : oQxC9wXfDQBkG9Yva1poy2cPOF6Q ;
MsgType : news ;
ArticleCount : 1 ;
Articles : Array ;

2016-10-11 18:16:51 trace :
------------
String:
<xml><ToUserName><![CDATA[gh_2a23de840671]]></ToUserName>
<FromUserName><![CDATA[oQxC9wXfDQBkG9Yva1poy2cPOF6Q]]></FromUserName>
<CreateTime>1476181011</CreateTime>
<MsgType><![CDATA[event]]></MsgType>
<Event><![CDATA[VIEW]]></Event>
<EventKey><![CDATA[http://www.9kpu.com/app/index.php?i=31&c=entry&eid=1]]></EventKey>
<MenuId>408135367</MenuId>
</xml>

2016-10-11 18:16:51 params :
------------
Array:
message : Array ;
module : news ;
rule : 60 ;
priority : 0 ;
keyword : Array ;

2016-10-11 18:16:51 response :
------------
Array:
FromUserName : gh_2a23de840671 ;
ToUserName : oQxC9wXfDQBkG9Yva1poy2cPOF6Q ;
MsgType : news ;
ArticleCount : 1 ;
Articles : Array ;

2016-10-11 18:41:03 trace :
------------
String:
<xml><ToUserName><![CDATA[gh_2a23de840671]]></ToUserName>
<FromUserName><![CDATA[oQxC9wcDxzXQK6Jt-2r12zPKIvik]]></FromUserName>
<CreateTime>1476182463</CreateTime>
<MsgType><![CDATA[event]]></MsgType>
<Event><![CDATA[VIEW]]></Event>
<EventKey><![CDATA[http://www.9kpu.com/app/index.php?i=31&c=entry&eid=1]]></EventKey>
<MenuId>408135367</MenuId>
</xml>

2016-10-11 18:41:03 params :
------------
Array:
message : Array ;
module : news ;
rule : 60 ;
priority : 0 ;
keyword : Array ;

2016-10-11 18:41:03 response :
------------
Array:
FromUserName : gh_2a23de840671 ;
ToUserName : oQxC9wcDxzXQK6Jt-2r12zPKIvik ;
MsgType : news ;
ArticleCount : 1 ;
Articles : Array ;

2016-10-11 19:08:48 trace :
------------
String:
<xml><ToUserName><![CDATA[gh_2a23de840671]]></ToUserName>
<FromUserName><![CDATA[oQxC9wWnW35wpnUPS8QxCbRqxqlw]]></FromUserName>
<CreateTime>1476184128</CreateTime>
<MsgType><![CDATA[event]]></MsgType>
<Event><![CDATA[VIEW]]></Event>
<EventKey><![CDATA[http://www.9kpu.com/app/index.php?i=31&c=entry&eid=1]]></EventKey>
<MenuId>408135367</MenuId>
</xml>

2016-10-11 19:08:48 params :
------------
Array:
message : Array ;
module : news ;
rule : 60 ;
priority : 0 ;
keyword : Array ;

2016-10-11 19:08:48 response :
------------
Array:
FromUserName : gh_2a23de840671 ;
ToUserName : oQxC9wWnW35wpnUPS8QxCbRqxqlw ;
MsgType : news ;
ArticleCount : 1 ;
Articles : Array ;

2016-10-11 19:10:16 trace :
------------
String:
<xml><ToUserName><![CDATA[gh_2a23de840671]]></ToUserName>
<FromUserName><![CDATA[oQxC9wWnW35wpnUPS8QxCbRqxqlw]]></FromUserName>
<CreateTime>1476184216</CreateTime>
<MsgType><![CDATA[event]]></MsgType>
<Event><![CDATA[VIEW]]></Event>
<EventKey><![CDATA[http://www.9kpu.com/app/index.php?i=31&c=entry&eid=1]]></EventKey>
<MenuId>408135367</MenuId>
</xml>

2016-10-11 19:10:16 params :
------------
Array:
message : Array ;
module : news ;
rule : 60 ;
priority : 0 ;
keyword : Array ;

2016-10-11 19:10:16 response :
------------
Array:
FromUserName : gh_2a23de840671 ;
ToUserName : oQxC9wWnW35wpnUPS8QxCbRqxqlw ;
MsgType : news ;
ArticleCount : 1 ;
Articles : Array ;

2016-10-11 19:10:38 trace :
------------
String:
<xml><ToUserName><![CDATA[gh_2a23de840671]]></ToUserName>
<FromUserName><![CDATA[oQxC9wWnW35wpnUPS8QxCbRqxqlw]]></FromUserName>
<CreateTime>1476184238</CreateTime>
<MsgType><![CDATA[event]]></MsgType>
<Event><![CDATA[VIEW]]></Event>
<EventKey><![CDATA[http://www.9kpu.com/app/index.php?i=31&c=entry&eid=1]]></EventKey>
<MenuId>408135367</MenuId>
</xml>

2016-10-11 19:10:38 params :
------------
Array:
message : Array ;
module : news ;
rule : 60 ;
priority : 0 ;
keyword : Array ;

2016-10-11 19:10:38 response :
------------
Array:
FromUserName : gh_2a23de840671 ;
ToUserName : oQxC9wWnW35wpnUPS8QxCbRqxqlw ;
MsgType : news ;
ArticleCount : 1 ;
Articles : Array ;

2016-10-11 19:10:56 trace :
------------
String:
<xml><ToUserName><![CDATA[gh_2a23de840671]]></ToUserName>
<FromUserName><![CDATA[oQxC9wWnW35wpnUPS8QxCbRqxqlw]]></FromUserName>
<CreateTime>1476184256</CreateTime>
<MsgType><![CDATA[event]]></MsgType>
<Event><![CDATA[VIEW]]></Event>
<EventKey><![CDATA[http://www.9kpu.com/app/index.php?i=31&c=home&]]></EventKey>
<MenuId>408135367</MenuId>
</xml>

2016-10-11 19:10:56 params :
------------
Array:
message : Array ;
module : news ;
rule : 60 ;
priority : 0 ;
keyword : Array ;

2016-10-11 19:10:56 response :
------------
Array:
FromUserName : gh_2a23de840671 ;
ToUserName : oQxC9wWnW35wpnUPS8QxCbRqxqlw ;
MsgType : news ;
ArticleCount : 1 ;
Articles : Array ;

2016-10-11 19:11:30 trace :
------------
String:
<xml><ToUserName><![CDATA[gh_2a23de840671]]></ToUserName>
<FromUserName><![CDATA[oQxC9wWnW35wpnUPS8QxCbRqxqlw]]></FromUserName>
<CreateTime>1476184290</CreateTime>
<MsgType><![CDATA[event]]></MsgType>
<Event><![CDATA[VIEW]]></Event>
<EventKey><![CDATA[http://www.9kpu.com/app/index.php?i=31&c=entry&eid=2]]></EventKey>
<MenuId>408135367</MenuId>
</xml>

2016-10-11 19:11:30 params :
------------
Array:
message : Array ;
module : news ;
rule : 60 ;
priority : 0 ;
keyword : Array ;

2016-10-11 19:11:30 response :
------------
Array:
FromUserName : gh_2a23de840671 ;
ToUserName : oQxC9wWnW35wpnUPS8QxCbRqxqlw ;
MsgType : news ;
ArticleCount : 1 ;
Articles : Array ;

2016-10-11 19:31:00 trace :
------------
String:
<xml><ToUserName><![CDATA[gh_72ed1bc5dde0]]></ToUserName>
<FromUserName><![CDATA[oOPAIwQAuQyNbp6UWqVLAdHUxFkw]]></FromUserName>
<CreateTime>1476185459</CreateTime>
<MsgType><![CDATA[event]]></MsgType>
<Event><![CDATA[subscribe]]></Event>
<EventKey><![CDATA[]]></EventKey>
</xml>

2016-10-11 19:31:00 params :
------------
Array:
rule : -2 ;
module :  ;
message : Array ;

2016-10-11 19:31:00 response :
------------

2016-10-11 19:44:34 trace :
------------
String:
<xml><ToUserName><![CDATA[gh_4e0c181b7380]]></ToUserName>
<FromUserName><![CDATA[oxtWnv0WGJAlBWghgMv6wHsqv1ww]]></FromUserName>
<CreateTime>1476186274</CreateTime>
<MsgType><![CDATA[event]]></MsgType>
<Event><![CDATA[subscribe]]></Event>
<EventKey><![CDATA[]]></EventKey>
</xml>

2016-10-11 19:44:34 params :
------------
Array:
message : Array ;
module : default ;
rule : -1 ;

2016-10-11 19:44:34 response :
------------
Array:
params : Array ;

2016-10-11 19:54:01 trace :
------------
String:
<xml><ToUserName><![CDATA[gh_2a23de840671]]></ToUserName>
<FromUserName><![CDATA[oQxC9wWJ3nJDFCpoU0x5rZsbJYjA]]></FromUserName>
<CreateTime>1476186840</CreateTime>
<MsgType><![CDATA[event]]></MsgType>
<Event><![CDATA[subscribe]]></Event>
<EventKey><![CDATA[]]></EventKey>
</xml>

2016-10-11 19:54:01 params :
------------
Array:
message : Array ;
module : news ;
rule : 60 ;
priority : 0 ;
keyword : Array ;

2016-10-11 19:54:01 response :
------------
Array:
FromUserName : gh_2a23de840671 ;
ToUserName : oQxC9wWJ3nJDFCpoU0x5rZsbJYjA ;
MsgType : news ;
ArticleCount : 1 ;
Articles : Array ;

2016-10-11 19:54:27 trace :
------------
String:
<xml><ToUserName><![CDATA[gh_2a23de840671]]></ToUserName>
<FromUserName><![CDATA[oQxC9wWJ3nJDFCpoU0x5rZsbJYjA]]></FromUserName>
<CreateTime>1476186867</CreateTime>
<MsgType><![CDATA[event]]></MsgType>
<Event><![CDATA[VIEW]]></Event>
<EventKey><![CDATA[http://www.9kpu.com/app/index.php?i=31&c=entry&eid=1]]></EventKey>
<MenuId>408135367</MenuId>
</xml>

2016-10-11 19:54:27 params :
------------
Array:
message : Array ;
module : news ;
rule : 60 ;
priority : 0 ;
keyword : Array ;

2016-10-11 19:54:27 response :
------------
Array:
FromUserName : gh_2a23de840671 ;
ToUserName : oQxC9wWJ3nJDFCpoU0x5rZsbJYjA ;
MsgType : news ;
ArticleCount : 1 ;
Articles : Array ;

2016-10-11 20:51:09 trace :
------------
String:
<xml><ToUserName><![CDATA[gh_2a23de840671]]></ToUserName>
<FromUserName><![CDATA[oQxC9wbhO3Bo-A32RQKlyXtNkrb4]]></FromUserName>
<CreateTime>1476190269</CreateTime>
<MsgType><![CDATA[event]]></MsgType>
<Event><![CDATA[subscribe]]></Event>
<EventKey><![CDATA[]]></EventKey>
</xml>

2016-10-11 20:51:09 params :
------------
Array:
message : Array ;
module : news ;
rule : 60 ;
priority : 0 ;
keyword : Array ;

2016-10-11 20:51:09 response :
------------
Array:
FromUserName : gh_2a23de840671 ;
ToUserName : oQxC9wbhO3Bo-A32RQKlyXtNkrb4 ;
MsgType : news ;
ArticleCount : 1 ;
Articles : Array ;

2016-10-11 20:51:15 trace :
------------
String:
<xml><ToUserName><![CDATA[gh_2a23de840671]]></ToUserName>
<FromUserName><![CDATA[oQxC9wbhO3Bo-A32RQKlyXtNkrb4]]></FromUserName>
<CreateTime>1476190275</CreateTime>
<MsgType><![CDATA[event]]></MsgType>
<Event><![CDATA[VIEW]]></Event>
<EventKey><![CDATA[http://www.9kpu.com/app/index.php?i=31&c=entry&eid=1]]></EventKey>
<MenuId>408135367</MenuId>
</xml>

2016-10-11 20:51:15 params :
------------
Array:
message : Array ;
module : news ;
rule : 60 ;
priority : 0 ;
keyword : Array ;

2016-10-11 20:51:15 response :
------------
Array:
FromUserName : gh_2a23de840671 ;
ToUserName : oQxC9wbhO3Bo-A32RQKlyXtNkrb4 ;
MsgType : news ;
ArticleCount : 1 ;
Articles : Array ;

2016-10-11 21:02:25 trace :
------------
String:
<xml><ToUserName><![CDATA[gh_c8e42a22d2ba]]></ToUserName>
<FromUserName><![CDATA[o7oRnwz_n0oHZGQfzpaKWSWdQs5M]]></FromUserName>
<CreateTime>1476190945</CreateTime>
<MsgType><![CDATA[event]]></MsgType>
<Event><![CDATA[subscribe]]></Event>
<EventKey><![CDATA[]]></EventKey>
</xml>

2016-10-11 21:02:26 params :
------------
Array:
message : Array ;
module : news ;
rule : 53 ;
priority : 3 ;
keyword : Array ;

2016-10-11 21:02:26 response :
------------
Array:
FromUserName : gh_c8e42a22d2ba ;
ToUserName : o7oRnwz_n0oHZGQfzpaKWSWdQs5M ;
MsgType : news ;
ArticleCount : 2 ;
Articles : Array ;

2016-10-11 21:02:46 trace :
------------
String:
<xml><ToUserName><![CDATA[gh_c8e42a22d2ba]]></ToUserName>
<FromUserName><![CDATA[o7oRnwz_n0oHZGQfzpaKWSWdQs5M]]></FromUserName>
<CreateTime>1476190966</CreateTime>
<MsgType><![CDATA[event]]></MsgType>
<Event><![CDATA[VIEW]]></Event>
<EventKey><![CDATA[http://www.9kpu.com/app/index.php?i=25&c=entry&eid=1]]></EventKey>
<MenuId>412639612</MenuId>
</xml>

2016-10-11 21:02:46 params :
------------
Array:
message : Array ;
module : news ;
rule : 53 ;
priority : 3 ;
keyword : Array ;

2016-10-11 21:02:46 response :
------------
Array:
FromUserName : gh_c8e42a22d2ba ;
ToUserName : o7oRnwz_n0oHZGQfzpaKWSWdQs5M ;
MsgType : news ;
ArticleCount : 2 ;
Articles : Array ;

2016-10-11 21:02:50 trace :
------------
String:
<xml><ToUserName><![CDATA[gh_c8e42a22d2ba]]></ToUserName>
<FromUserName><![CDATA[o7oRnwz_n0oHZGQfzpaKWSWdQs5M]]></FromUserName>
<CreateTime>1476190970</CreateTime>
<MsgType><![CDATA[event]]></MsgType>
<Event><![CDATA[VIEW]]></Event>
<EventKey><![CDATA[http://www.9kpu.com/app/index.php?i=25&c=home&]]></EventKey>
<MenuId>412639612</MenuId>
</xml>

2016-10-11 21:02:50 params :
------------
Array:
message : Array ;
module : news ;
rule : 53 ;
priority : 3 ;
keyword : Array ;

2016-10-11 21:02:50 response :
------------
Array:
FromUserName : gh_c8e42a22d2ba ;
ToUserName : o7oRnwz_n0oHZGQfzpaKWSWdQs5M ;
MsgType : news ;
ArticleCount : 2 ;
Articles : Array ;

2016-10-11 21:03:00 trace :
------------
String:
<xml><ToUserName><![CDATA[gh_c8e42a22d2ba]]></ToUserName>
<FromUserName><![CDATA[o7oRnwz_n0oHZGQfzpaKWSWdQs5M]]></FromUserName>
<CreateTime>1476190980</CreateTime>
<MsgType><![CDATA[event]]></MsgType>
<Event><![CDATA[unsubscribe]]></Event>
<EventKey><![CDATA[]]></EventKey>
</xml>

2016-10-11 21:06:06 trace :
------------
String:
<xml><ToUserName><![CDATA[gh_72ed1bc5dde0]]></ToUserName>
<FromUserName><![CDATA[oOPAIwd3sH85xAEzs6lIycyUUHpM]]></FromUserName>
<CreateTime>1476191166</CreateTime>
<MsgType><![CDATA[event]]></MsgType>
<Event><![CDATA[subscribe]]></Event>
<EventKey><![CDATA[]]></EventKey>
</xml>

2016-10-11 21:06:06 params :
------------
Array:
rule : -2 ;
module :  ;
message : Array ;

2016-10-11 21:06:06 response :
------------

2016-10-11 21:10:22 trace :
------------
String:
<xml><ToUserName><![CDATA[gh_2a23de840671]]></ToUserName>
<FromUserName><![CDATA[oQxC9wW8u_H6DBA_9eKCdFz3QmLE]]></FromUserName>
<CreateTime>1476191422</CreateTime>
<MsgType><![CDATA[event]]></MsgType>
<Event><![CDATA[subscribe]]></Event>
<EventKey><![CDATA[]]></EventKey>
</xml>

2016-10-11 21:10:22 params :
------------
Array:
message : Array ;
module : news ;
rule : 60 ;
priority : 0 ;
keyword : Array ;

2016-10-11 21:10:22 response :
------------
Array:
FromUserName : gh_2a23de840671 ;
ToUserName : oQxC9wW8u_H6DBA_9eKCdFz3QmLE ;
MsgType : news ;
ArticleCount : 1 ;
Articles : Array ;

2016-10-11 21:11:28 trace :
------------
String:
<xml><ToUserName><![CDATA[gh_2a23de840671]]></ToUserName>
<FromUserName><![CDATA[oQxC9wW8u_H6DBA_9eKCdFz3QmLE]]></FromUserName>
<CreateTime>1476191488</CreateTime>
<MsgType><![CDATA[event]]></MsgType>
<Event><![CDATA[VIEW]]></Event>
<EventKey><![CDATA[http://www.9kpu.com/app/index.php?i=31&c=entry&eid=1]]></EventKey>
<MenuId>408135367</MenuId>
</xml>

2016-10-11 21:11:28 params :
------------
Array:
message : Array ;
module : news ;
rule : 60 ;
priority : 0 ;
keyword : Array ;

2016-10-11 21:11:28 response :
------------
Array:
FromUserName : gh_2a23de840671 ;
ToUserName : oQxC9wW8u_H6DBA_9eKCdFz3QmLE ;
MsgType : news ;
ArticleCount : 1 ;
Articles : Array ;

2016-10-11 21:12:42 trace :
------------
String:
<xml><ToUserName><![CDATA[gh_2a23de840671]]></ToUserName>
<FromUserName><![CDATA[oQxC9wW8u_H6DBA_9eKCdFz3QmLE]]></FromUserName>
<CreateTime>1476191562</CreateTime>
<MsgType><![CDATA[event]]></MsgType>
<Event><![CDATA[VIEW]]></Event>
<EventKey><![CDATA[http://www.9kpu.com/app/index.php?i=31&c=entry&eid=1]]></EventKey>
<MenuId>408135367</MenuId>
</xml>

2016-10-11 21:12:42 params :
------------
Array:
message : Array ;
module : news ;
rule : 60 ;
priority : 0 ;
keyword : Array ;

2016-10-11 21:12:42 response :
------------
Array:
FromUserName : gh_2a23de840671 ;
ToUserName : oQxC9wW8u_H6DBA_9eKCdFz3QmLE ;
MsgType : news ;
ArticleCount : 1 ;
Articles : Array ;

2016-10-11 21:16:25 trace :
------------
String:
<xml><ToUserName><![CDATA[gh_2a23de840671]]></ToUserName>
<FromUserName><![CDATA[oQxC9wW8u_H6DBA_9eKCdFz3QmLE]]></FromUserName>
<CreateTime>1476191785</CreateTime>
<MsgType><![CDATA[event]]></MsgType>
<Event><![CDATA[VIEW]]></Event>
<EventKey><![CDATA[http://www.9kpu.com/app/index.php?i=31&c=entry&eid=2]]></EventKey>
<MenuId>408135367</MenuId>
</xml>

2016-10-11 21:16:25 params :
------------
Array:
message : Array ;
module : news ;
rule : 60 ;
priority : 0 ;
keyword : Array ;

2016-10-11 21:16:25 response :
------------
Array:
FromUserName : gh_2a23de840671 ;
ToUserName : oQxC9wW8u_H6DBA_9eKCdFz3QmLE ;
MsgType : news ;
ArticleCount : 1 ;
Articles : Array ;

2016-10-11 21:16:52 trace :
------------
String:
<xml><ToUserName><![CDATA[gh_2a23de840671]]></ToUserName>
<FromUserName><![CDATA[oQxC9wW8u_H6DBA_9eKCdFz3QmLE]]></FromUserName>
<CreateTime>1476191812</CreateTime>
<MsgType><![CDATA[event]]></MsgType>
<Event><![CDATA[VIEW]]></Event>
<EventKey><![CDATA[http://www.9kpu.com/app/index.php?i=31&c=home&]]></EventKey>
<MenuId>408135367</MenuId>
</xml>

2016-10-11 21:16:52 params :
------------
Array:
message : Array ;
module : news ;
rule : 60 ;
priority : 0 ;
keyword : Array ;

2016-10-11 21:16:52 response :
------------
Array:
FromUserName : gh_2a23de840671 ;
ToUserName : oQxC9wW8u_H6DBA_9eKCdFz3QmLE ;
MsgType : news ;
ArticleCount : 1 ;
Articles : Array ;

2016-10-11 21:17:51 trace :
------------
String:
<xml><ToUserName><![CDATA[gh_2a23de840671]]></ToUserName>
<FromUserName><![CDATA[oQxC9wW8u_H6DBA_9eKCdFz3QmLE]]></FromUserName>
<CreateTime>1476191871</CreateTime>
<MsgType><![CDATA[event]]></MsgType>
<Event><![CDATA[VIEW]]></Event>
<EventKey><![CDATA[http://www.9kpu.com/app/index.php?i=31&c=entry&eid=1]]></EventKey>
<MenuId>408135367</MenuId>
</xml>

2016-10-11 21:17:51 params :
------------
Array:
message : Array ;
module : news ;
rule : 60 ;
priority : 0 ;
keyword : Array ;

2016-10-11 21:17:51 response :
------------
Array:
FromUserName : gh_2a23de840671 ;
ToUserName : oQxC9wW8u_H6DBA_9eKCdFz3QmLE ;
MsgType : news ;
ArticleCount : 1 ;
Articles : Array ;

2016-10-11 21:19:21 trace :
------------
String:
<xml><ToUserName><![CDATA[gh_2a23de840671]]></ToUserName>
<FromUserName><![CDATA[oQxC9wW8u_H6DBA_9eKCdFz3QmLE]]></FromUserName>
<CreateTime>1476191961</CreateTime>
<MsgType><![CDATA[event]]></MsgType>
<Event><![CDATA[VIEW]]></Event>
<EventKey><![CDATA[http://www.9kpu.com/app/index.php?i=31&c=entry&eid=1]]></EventKey>
<MenuId>408135367</MenuId>
</xml>

2016-10-11 21:19:21 params :
------------
Array:
message : Array ;
module : news ;
rule : 60 ;
priority : 0 ;
keyword : Array ;

2016-10-11 21:19:21 response :
------------
Array:
FromUserName : gh_2a23de840671 ;
ToUserName : oQxC9wW8u_H6DBA_9eKCdFz3QmLE ;
MsgType : news ;
ArticleCount : 1 ;
Articles : Array ;

2016-10-11 21:19:40 trace :
------------
String:
<xml><ToUserName><![CDATA[gh_2a23de840671]]></ToUserName>
<FromUserName><![CDATA[oQxC9wW8u_H6DBA_9eKCdFz3QmLE]]></FromUserName>
<CreateTime>1476191980</CreateTime>
<MsgType><![CDATA[event]]></MsgType>
<Event><![CDATA[VIEW]]></Event>
<EventKey><![CDATA[http://www.9kpu.com/app/index.php?i=31&c=entry&eid=1]]></EventKey>
<MenuId>408135367</MenuId>
</xml>

2016-10-11 21:19:40 params :
------------
Array:
message : Array ;
module : news ;
rule : 60 ;
priority : 0 ;
keyword : Array ;

2016-10-11 21:19:40 response :
------------
Array:
FromUserName : gh_2a23de840671 ;
ToUserName : oQxC9wW8u_H6DBA_9eKCdFz3QmLE ;
MsgType : news ;
ArticleCount : 1 ;
Articles : Array ;

2016-10-11 21:24:44 trace :
------------
String:
<xml><ToUserName><![CDATA[gh_2a23de840671]]></ToUserName>
<FromUserName><![CDATA[oQxC9wWouzKtoySYUBNjZBnUH2a8]]></FromUserName>
<CreateTime>1476192284</CreateTime>
<MsgType><![CDATA[event]]></MsgType>
<Event><![CDATA[VIEW]]></Event>
<EventKey><![CDATA[http://www.9kpu.com/app/index.php?i=31&c=home&]]></EventKey>
<MenuId>408135367</MenuId>
</xml>

2016-10-11 21:24:44 params :
------------
Array:
message : Array ;
module : news ;
rule : 60 ;
priority : 0 ;
keyword : Array ;

2016-10-11 21:24:44 response :
------------
Array:
FromUserName : gh_2a23de840671 ;
ToUserName : oQxC9wWouzKtoySYUBNjZBnUH2a8 ;
MsgType : news ;
ArticleCount : 1 ;
Articles : Array ;

2016-10-11 21:25:10 trace :
------------
String:
<xml><ToUserName><![CDATA[gh_2a23de840671]]></ToUserName>
<FromUserName><![CDATA[oQxC9wWouzKtoySYUBNjZBnUH2a8]]></FromUserName>
<CreateTime>1476192310</CreateTime>
<MsgType><![CDATA[event]]></MsgType>
<Event><![CDATA[VIEW]]></Event>
<EventKey><![CDATA[http://www.9kpu.com/app/index.php?i=31&c=entry&eid=1]]></EventKey>
<MenuId>408135367</MenuId>
</xml>

2016-10-11 21:25:10 params :
------------
Array:
message : Array ;
module : news ;
rule : 60 ;
priority : 0 ;
keyword : Array ;

2016-10-11 21:25:10 response :
------------
Array:
FromUserName : gh_2a23de840671 ;
ToUserName : oQxC9wWouzKtoySYUBNjZBnUH2a8 ;
MsgType : news ;
ArticleCount : 1 ;
Articles : Array ;

2016-10-11 21:56:01 trace :
------------
String:
<xml><ToUserName><![CDATA[gh_2a23de840671]]></ToUserName>
<FromUserName><![CDATA[oQxC9wbN7mtq0ucRaGa1_dClO_Cw]]></FromUserName>
<CreateTime>1476194161</CreateTime>
<MsgType><![CDATA[event]]></MsgType>
<Event><![CDATA[VIEW]]></Event>
<EventKey><![CDATA[http://www.9kpu.com/app/index.php?i=31&c=entry&eid=1]]></EventKey>
<MenuId>408135367</MenuId>
</xml>

2016-10-11 21:56:01 params :
------------
Array:
message : Array ;
module : news ;
rule : 60 ;
priority : 0 ;
keyword : Array ;

2016-10-11 21:56:01 response :
------------
Array:
FromUserName : gh_2a23de840671 ;
ToUserName : oQxC9wbN7mtq0ucRaGa1_dClO_Cw ;
MsgType : news ;
ArticleCount : 1 ;
Articles : Array ;

2016-10-11 22:16:54 trace :
------------
String:
<xml><ToUserName><![CDATA[gh_2a23de840671]]></ToUserName>
<FromUserName><![CDATA[oQxC9wQ2RMWXwCxZcpa0erEVhqQo]]></FromUserName>
<CreateTime>1476195414</CreateTime>
<MsgType><![CDATA[event]]></MsgType>
<Event><![CDATA[subscribe]]></Event>
<EventKey><![CDATA[]]></EventKey>
</xml>

2016-10-11 22:16:54 params :
------------
Array:
message : Array ;
module : news ;
rule : 60 ;
priority : 0 ;
keyword : Array ;

2016-10-11 22:16:54 response :
------------
Array:
FromUserName : gh_2a23de840671 ;
ToUserName : oQxC9wQ2RMWXwCxZcpa0erEVhqQo ;
MsgType : news ;
ArticleCount : 1 ;
Articles : Array ;

2016-10-11 22:18:10 trace :
------------
String:
<xml><ToUserName><![CDATA[gh_2a23de840671]]></ToUserName>
<FromUserName><![CDATA[oQxC9wQ2RMWXwCxZcpa0erEVhqQo]]></FromUserName>
<CreateTime>1476195490</CreateTime>
<MsgType><![CDATA[event]]></MsgType>
<Event><![CDATA[VIEW]]></Event>
<EventKey><![CDATA[http://www.9kpu.com/app/index.php?i=31&c=home&]]></EventKey>
<MenuId>408135367</MenuId>
</xml>

2016-10-11 22:18:10 params :
------------
Array:
message : Array ;
module : news ;
rule : 60 ;
priority : 0 ;
keyword : Array ;

2016-10-11 22:18:10 response :
------------
Array:
FromUserName : gh_2a23de840671 ;
ToUserName : oQxC9wQ2RMWXwCxZcpa0erEVhqQo ;
MsgType : news ;
ArticleCount : 1 ;
Articles : Array ;

2016-10-11 22:18:46 trace :
------------
String:
<xml><ToUserName><![CDATA[gh_2a23de840671]]></ToUserName>
<FromUserName><![CDATA[oQxC9wQ2RMWXwCxZcpa0erEVhqQo]]></FromUserName>
<CreateTime>1476195526</CreateTime>
<MsgType><![CDATA[event]]></MsgType>
<Event><![CDATA[VIEW]]></Event>
<EventKey><![CDATA[http://www.9kpu.com/app/index.php?i=31&c=entry&eid=1]]></EventKey>
<MenuId>408135367</MenuId>
</xml>

2016-10-11 22:18:46 params :
------------
Array:
message : Array ;
module : news ;
rule : 60 ;
priority : 0 ;
keyword : Array ;

2016-10-11 22:18:46 response :
------------
Array:
FromUserName : gh_2a23de840671 ;
ToUserName : oQxC9wQ2RMWXwCxZcpa0erEVhqQo ;
MsgType : news ;
ArticleCount : 1 ;
Articles : Array ;

2016-10-11 22:21:05 trace :
------------
String:
<xml><ToUserName><![CDATA[gh_2a23de840671]]></ToUserName>
<FromUserName><![CDATA[oQxC9waCWRJXAohA2N4x7lQynKLA]]></FromUserName>
<CreateTime>1476195665</CreateTime>
<MsgType><![CDATA[event]]></MsgType>
<Event><![CDATA[subscribe]]></Event>
<EventKey><![CDATA[]]></EventKey>
</xml>

2016-10-11 22:21:05 params :
------------
Array:
message : Array ;
module : news ;
rule : 60 ;
priority : 0 ;
keyword : Array ;

2016-10-11 22:21:05 response :
------------
Array:
FromUserName : gh_2a23de840671 ;
ToUserName : oQxC9waCWRJXAohA2N4x7lQynKLA ;
MsgType : news ;
ArticleCount : 1 ;
Articles : Array ;

2016-10-11 22:21:56 trace :
------------
String:
<xml><ToUserName><![CDATA[gh_2a23de840671]]></ToUserName>
<FromUserName><![CDATA[oQxC9waCWRJXAohA2N4x7lQynKLA]]></FromUserName>
<CreateTime>1476195715</CreateTime>
<MsgType><![CDATA[event]]></MsgType>
<Event><![CDATA[VIEW]]></Event>
<EventKey><![CDATA[http://www.9kpu.com/app/index.php?i=31&c=entry&eid=1]]></EventKey>
<MenuId>408135367</MenuId>
</xml>

2016-10-11 22:21:56 params :
------------
Array:
message : Array ;
module : news ;
rule : 60 ;
priority : 0 ;
keyword : Array ;

2016-10-11 22:21:56 response :
------------
Array:
FromUserName : gh_2a23de840671 ;
ToUserName : oQxC9waCWRJXAohA2N4x7lQynKLA ;
MsgType : news ;
ArticleCount : 1 ;
Articles : Array ;

2016-10-11 22:40:04 trace :
------------
String:
<xml><ToUserName><![CDATA[gh_2a23de840671]]></ToUserName>
<FromUserName><![CDATA[oQxC9wcDxzXQK6Jt-2r12zPKIvik]]></FromUserName>
<CreateTime>1476196804</CreateTime>
<MsgType><![CDATA[event]]></MsgType>
<Event><![CDATA[VIEW]]></Event>
<EventKey><![CDATA[http://www.9kpu.com/app/index.php?i=31&c=entry&eid=1]]></EventKey>
<MenuId>408135367</MenuId>
</xml>

2016-10-11 22:40:04 params :
------------
Array:
message : Array ;
module : news ;
rule : 60 ;
priority : 0 ;
keyword : Array ;

2016-10-11 22:40:04 response :
------------
Array:
FromUserName : gh_2a23de840671 ;
ToUserName : oQxC9wcDxzXQK6Jt-2r12zPKIvik ;
MsgType : news ;
ArticleCount : 1 ;
Articles : Array ;

2016-10-11 22:49:52 trace :
------------
String:
<xml><ToUserName><![CDATA[gh_2a23de840671]]></ToUserName>
<FromUserName><![CDATA[oQxC9waCWRJXAohA2N4x7lQynKLA]]></FromUserName>
<CreateTime>1476197392</CreateTime>
<MsgType><![CDATA[event]]></MsgType>
<Event><![CDATA[VIEW]]></Event>
<EventKey><![CDATA[http://www.9kpu.com/app/index.php?i=31&c=entry&eid=1]]></EventKey>
<MenuId>408135367</MenuId>
</xml>

2016-10-11 22:49:52 params :
------------
Array:
message : Array ;
module : news ;
rule : 60 ;
priority : 0 ;
keyword : Array ;

2016-10-11 22:49:52 response :
------------
Array:
FromUserName : gh_2a23de840671 ;
ToUserName : oQxC9waCWRJXAohA2N4x7lQynKLA ;
MsgType : news ;
ArticleCount : 1 ;
Articles : Array ;

