2016-09-05 06:21:11 trace :
------------
String:
<xml><ToUserName><![CDATA[gh_2ee031f2e428]]></ToUserName>
<FromUserName><![CDATA[ojDkIwjW69gQz1CrN-7x6HnIKQlo]]></FromUserName>
<CreateTime>1473027671</CreateTime>
<MsgType><![CDATA[event]]></MsgType>
<Event><![CDATA[VIEW]]></Event>
<EventKey><![CDATA[http://www.9kpu.com/app/index.php?i=20&c=home&=entry&eid=1]]></EventKey>
<MenuId>410679894</MenuId>
</xml>

2016-09-05 06:21:11 params :
------------
Array:
rule : -2 ;
module :  ;
message : Array ;

2016-09-05 06:21:11 response :
------------

2016-09-05 10:14:45 trace :
------------
String:
<xml><ToUserName><![CDATA[gh_2a16c32dff4b]]></ToUserName>
<FromUserName><![CDATA[oZF73wOsVF9sGNqQZETJD7RQ3uf8]]></FromUserName>
<CreateTime>1473041685</CreateTime>
<MsgType><![CDATA[event]]></MsgType>
<Event><![CDATA[subscribe]]></Event>
<EventKey><![CDATA[]]></EventKey>
</xml>

2016-09-05 10:14:45 params :
------------
Array:
message : Array ;
module : news ;
rule : 56 ;
priority : 0 ;
keyword : Array ;

2016-09-05 10:14:45 response :
------------
Array:
FromUserName : gh_2a16c32dff4b ;
ToUserName : oZF73wOsVF9sGNqQZETJD7RQ3uf8 ;
MsgType : news ;
ArticleCount : 1 ;
Articles : Array ;

2016-09-05 10:14:54 trace :
------------
String:
<xml><ToUserName><![CDATA[gh_2a16c32dff4b]]></ToUserName>
<FromUserName><![CDATA[oZF73wOsVF9sGNqQZETJD7RQ3uf8]]></FromUserName>
<CreateTime>1473041694</CreateTime>
<MsgType><![CDATA[event]]></MsgType>
<Event><![CDATA[VIEW]]></Event>
<EventKey><![CDATA[http://www.9kpu.com/app/index.php?i=26&c=entry&eid=1]]></EventKey>
<MenuId>443004588</MenuId>
</xml>

2016-09-05 10:14:54 params :
------------
Array:
message : Array ;
module : news ;
rule : 56 ;
priority : 0 ;
keyword : Array ;

2016-09-05 10:14:54 response :
------------
Array:
FromUserName : gh_2a16c32dff4b ;
ToUserName : oZF73wOsVF9sGNqQZETJD7RQ3uf8 ;
MsgType : news ;
ArticleCount : 1 ;
Articles : Array ;

2016-09-05 10:15:20 trace :
------------
String:
<xml><ToUserName><![CDATA[gh_2a16c32dff4b]]></ToUserName>
<FromUserName><![CDATA[oZF73wOsVF9sGNqQZETJD7RQ3uf8]]></FromUserName>
<CreateTime>1473041720</CreateTime>
<MsgType><![CDATA[event]]></MsgType>
<Event><![CDATA[VIEW]]></Event>
<EventKey><![CDATA[http://www.9kpu.com/app/index.php?i=26&c=home&]]></EventKey>
<MenuId>443004588</MenuId>
</xml>

2016-09-05 10:15:20 params :
------------
Array:
message : Array ;
module : news ;
rule : 56 ;
priority : 0 ;
keyword : Array ;

2016-09-05 10:15:20 response :
------------
Array:
FromUserName : gh_2a16c32dff4b ;
ToUserName : oZF73wOsVF9sGNqQZETJD7RQ3uf8 ;
MsgType : news ;
ArticleCount : 1 ;
Articles : Array ;

2016-09-05 10:16:42 trace :
------------
String:
<xml><ToUserName><![CDATA[gh_2a16c32dff4b]]></ToUserName>
<FromUserName><![CDATA[oZF73wOsVF9sGNqQZETJD7RQ3uf8]]></FromUserName>
<CreateTime>1473041802</CreateTime>
<MsgType><![CDATA[event]]></MsgType>
<Event><![CDATA[VIEW]]></Event>
<EventKey><![CDATA[http://www.9kpu.com/app/index.php?i=26&c=entry&do=teaIn&m=lianhu_school]]></EventKey>
<MenuId>443004588</MenuId>
</xml>

2016-09-05 10:16:42 params :
------------
Array:
message : Array ;
module : news ;
rule : 56 ;
priority : 0 ;
keyword : Array ;

2016-09-05 10:16:42 response :
------------
Array:
FromUserName : gh_2a16c32dff4b ;
ToUserName : oZF73wOsVF9sGNqQZETJD7RQ3uf8 ;
MsgType : news ;
ArticleCount : 1 ;
Articles : Array ;

2016-09-05 10:16:48 trace :
------------
String:
<xml><ToUserName><![CDATA[gh_2a16c32dff4b]]></ToUserName>
<FromUserName><![CDATA[oZF73wOsVF9sGNqQZETJD7RQ3uf8]]></FromUserName>
<CreateTime>1473041808</CreateTime>
<MsgType><![CDATA[event]]></MsgType>
<Event><![CDATA[VIEW]]></Event>
<EventKey><![CDATA[http://www.9kpu.com/app/index.php?i=26&c=entry&eid=1]]></EventKey>
<MenuId>443004588</MenuId>
</xml>

2016-09-05 10:16:48 params :
------------
Array:
message : Array ;
module : news ;
rule : 56 ;
priority : 0 ;
keyword : Array ;

2016-09-05 10:16:48 response :
------------
Array:
FromUserName : gh_2a16c32dff4b ;
ToUserName : oZF73wOsVF9sGNqQZETJD7RQ3uf8 ;
MsgType : news ;
ArticleCount : 1 ;
Articles : Array ;

2016-09-05 10:16:52 trace :
------------
String:
<xml><ToUserName><![CDATA[gh_2a16c32dff4b]]></ToUserName>
<FromUserName><![CDATA[oZF73wOsVF9sGNqQZETJD7RQ3uf8]]></FromUserName>
<CreateTime>1473041812</CreateTime>
<MsgType><![CDATA[event]]></MsgType>
<Event><![CDATA[VIEW]]></Event>
<EventKey><![CDATA[http://www.9kpu.com/app/index.php?i=26&c=home&]]></EventKey>
<MenuId>443004588</MenuId>
</xml>

2016-09-05 10:16:52 params :
------------
Array:
message : Array ;
module : news ;
rule : 56 ;
priority : 0 ;
keyword : Array ;

2016-09-05 10:16:52 response :
------------
Array:
FromUserName : gh_2a16c32dff4b ;
ToUserName : oZF73wOsVF9sGNqQZETJD7RQ3uf8 ;
MsgType : news ;
ArticleCount : 1 ;
Articles : Array ;

2016-09-05 10:17:21 trace :
------------
String:
<xml><ToUserName><![CDATA[gh_2a16c32dff4b]]></ToUserName>
<FromUserName><![CDATA[oZF73wOsVF9sGNqQZETJD7RQ3uf8]]></FromUserName>
<CreateTime>1473041841</CreateTime>
<MsgType><![CDATA[event]]></MsgType>
<Event><![CDATA[VIEW]]></Event>
<EventKey><![CDATA[http://www.9kpu.com/app/index.php?i=26&c=home&t=43]]></EventKey>
<MenuId>443004588</MenuId>
</xml>

2016-09-05 10:17:21 params :
------------
Array:
message : Array ;
module : news ;
rule : 56 ;
priority : 0 ;
keyword : Array ;

2016-09-05 10:17:21 response :
------------
Array:
FromUserName : gh_2a16c32dff4b ;
ToUserName : oZF73wOsVF9sGNqQZETJD7RQ3uf8 ;
MsgType : news ;
ArticleCount : 1 ;
Articles : Array ;

2016-09-05 10:23:33 trace :
------------
String:
<xml><ToUserName><![CDATA[gh_2a16c32dff4b]]></ToUserName>
<FromUserName><![CDATA[oZF73wCVc74N1GGVa2apFkkbZk0c]]></FromUserName>
<CreateTime>1473042213</CreateTime>
<MsgType><![CDATA[event]]></MsgType>
<Event><![CDATA[subscribe]]></Event>
<EventKey><![CDATA[]]></EventKey>
</xml>

2016-09-05 10:23:34 params :
------------
Array:
message : Array ;
module : news ;
rule : 56 ;
priority : 0 ;
keyword : Array ;

2016-09-05 10:23:34 response :
------------
Array:
FromUserName : gh_2a16c32dff4b ;
ToUserName : oZF73wCVc74N1GGVa2apFkkbZk0c ;
MsgType : news ;
ArticleCount : 1 ;
Articles : Array ;

2016-09-05 10:24:06 trace :
------------
String:
<xml><ToUserName><![CDATA[gh_2a16c32dff4b]]></ToUserName>
<FromUserName><![CDATA[oZF73wCVc74N1GGVa2apFkkbZk0c]]></FromUserName>
<CreateTime>1473042246</CreateTime>
<MsgType><![CDATA[event]]></MsgType>
<Event><![CDATA[VIEW]]></Event>
<EventKey><![CDATA[http://www.9kpu.com/app/index.php?i=26&c=entry&eid=1]]></EventKey>
<MenuId>443004588</MenuId>
</xml>

2016-09-05 10:24:06 params :
------------
Array:
message : Array ;
module : news ;
rule : 56 ;
priority : 0 ;
keyword : Array ;

2016-09-05 10:24:06 response :
------------
Array:
FromUserName : gh_2a16c32dff4b ;
ToUserName : oZF73wCVc74N1GGVa2apFkkbZk0c ;
MsgType : news ;
ArticleCount : 1 ;
Articles : Array ;

2016-09-05 10:24:11 trace :
------------
String:
<xml><ToUserName><![CDATA[gh_2a16c32dff4b]]></ToUserName>
<FromUserName><![CDATA[oZF73wCVc74N1GGVa2apFkkbZk0c]]></FromUserName>
<CreateTime>1473042251</CreateTime>
<MsgType><![CDATA[event]]></MsgType>
<Event><![CDATA[VIEW]]></Event>
<EventKey><![CDATA[http://www.9kpu.com/app/index.php?i=26&c=home&t=43]]></EventKey>
<MenuId>443004588</MenuId>
</xml>

2016-09-05 10:24:11 params :
------------
Array:
message : Array ;
module : news ;
rule : 56 ;
priority : 0 ;
keyword : Array ;

2016-09-05 10:24:11 response :
------------
Array:
FromUserName : gh_2a16c32dff4b ;
ToUserName : oZF73wCVc74N1GGVa2apFkkbZk0c ;
MsgType : news ;
ArticleCount : 1 ;
Articles : Array ;

2016-09-05 10:24:26 trace :
------------
String:
<xml><ToUserName><![CDATA[gh_2a16c32dff4b]]></ToUserName>
<FromUserName><![CDATA[oZF73wCVc74N1GGVa2apFkkbZk0c]]></FromUserName>
<CreateTime>1473042266</CreateTime>
<MsgType><![CDATA[event]]></MsgType>
<Event><![CDATA[VIEW]]></Event>
<EventKey><![CDATA[http://www.9kpu.com/app/index.php?i=26&c=home&t=43]]></EventKey>
<MenuId>443004588</MenuId>
</xml>

2016-09-05 10:24:26 params :
------------
Array:
message : Array ;
module : news ;
rule : 56 ;
priority : 0 ;
keyword : Array ;

2016-09-05 10:24:26 response :
------------
Array:
FromUserName : gh_2a16c32dff4b ;
ToUserName : oZF73wCVc74N1GGVa2apFkkbZk0c ;
MsgType : news ;
ArticleCount : 1 ;
Articles : Array ;

2016-09-05 11:42:25 trace :
------------
String:
<xml><ToUserName><![CDATA[gh_2a16c32dff4b]]></ToUserName>
<FromUserName><![CDATA[oZF73wIu9rXRnJRBKTXUZLzuznrg]]></FromUserName>
<CreateTime>1473046945</CreateTime>
<MsgType><![CDATA[event]]></MsgType>
<Event><![CDATA[subscribe]]></Event>
<EventKey><![CDATA[]]></EventKey>
</xml>

2016-09-05 11:42:25 params :
------------
Array:
message : Array ;
module : news ;
rule : 56 ;
priority : 0 ;
keyword : Array ;

2016-09-05 11:42:25 response :
------------
Array:
FromUserName : gh_2a16c32dff4b ;
ToUserName : oZF73wIu9rXRnJRBKTXUZLzuznrg ;
MsgType : news ;
ArticleCount : 1 ;
Articles : Array ;

2016-09-05 11:42:30 trace :
------------
String:
<xml><ToUserName><![CDATA[gh_2a16c32dff4b]]></ToUserName>
<FromUserName><![CDATA[oZF73wIu9rXRnJRBKTXUZLzuznrg]]></FromUserName>
<CreateTime>1473046950</CreateTime>
<MsgType><![CDATA[event]]></MsgType>
<Event><![CDATA[VIEW]]></Event>
<EventKey><![CDATA[http://www.9kpu.com/app/index.php?i=26&c=home&]]></EventKey>
<MenuId>443004588</MenuId>
</xml>

2016-09-05 11:42:30 params :
------------
Array:
message : Array ;
module : news ;
rule : 56 ;
priority : 0 ;
keyword : Array ;

2016-09-05 11:42:30 response :
------------
Array:
FromUserName : gh_2a16c32dff4b ;
ToUserName : oZF73wIu9rXRnJRBKTXUZLzuznrg ;
MsgType : news ;
ArticleCount : 1 ;
Articles : Array ;

2016-09-05 12:21:22 trace :
------------
String:
<xml><ToUserName><![CDATA[gh_4e0c181b7380]]></ToUserName>
<FromUserName><![CDATA[oxtWnv05wZ8rej_ylsu3qa7_HdMk]]></FromUserName>
<CreateTime>1473049282</CreateTime>
<MsgType><![CDATA[event]]></MsgType>
<Event><![CDATA[subscribe]]></Event>
<EventKey><![CDATA[]]></EventKey>
</xml>

2016-09-05 12:21:22 params :
------------
Array:
message : Array ;
module : default ;
rule : -1 ;

2016-09-05 12:21:22 response :
------------
Array:
params : Array ;

2016-09-05 12:21:29 trace :
------------
String:
<xml><ToUserName><![CDATA[gh_4e0c181b7380]]></ToUserName>
<FromUserName><![CDATA[oxtWnv05wZ8rej_ylsu3qa7_HdMk]]></FromUserName>
<CreateTime>1473049289</CreateTime>
<MsgType><![CDATA[event]]></MsgType>
<Event><![CDATA[VIEW]]></Event>
<EventKey><![CDATA[http://www.9kpu.com/app/index.php?i=27&c=home&]]></EventKey>
<MenuId>431335658</MenuId>
</xml>

2016-09-05 12:21:29 params :
------------
Array:
message : Array ;
module : default ;
rule : -1 ;

2016-09-05 12:21:29 response :
------------
Array:
params : Array ;

2016-09-05 12:21:38 trace :
------------
String:
<xml><ToUserName><![CDATA[gh_4e0c181b7380]]></ToUserName>
<FromUserName><![CDATA[oxtWnv05wZ8rej_ylsu3qa7_HdMk]]></FromUserName>
<CreateTime>1473049298</CreateTime>
<MsgType><![CDATA[event]]></MsgType>
<Event><![CDATA[VIEW]]></Event>
<EventKey><![CDATA[http://www.9kpu.com/app/index.php?i=27&c=home&]]></EventKey>
<MenuId>431335658</MenuId>
</xml>

2016-09-05 12:21:38 params :
------------
Array:
message : Array ;
module : default ;
rule : -1 ;

2016-09-05 12:21:38 response :
------------
Array:
params : Array ;

2016-09-05 12:21:54 trace :
------------
String:
<xml><ToUserName><![CDATA[gh_4e0c181b7380]]></ToUserName>
<FromUserName><![CDATA[oxtWnv87MbDvYgjntHUphk_yb9e4]]></FromUserName>
<CreateTime>1473049314</CreateTime>
<MsgType><![CDATA[event]]></MsgType>
<Event><![CDATA[subscribe]]></Event>
<EventKey><![CDATA[]]></EventKey>
</xml>

2016-09-05 12:21:54 params :
------------
Array:
message : Array ;
module : default ;
rule : -1 ;

2016-09-05 12:21:54 response :
------------
Array:
params : Array ;

2016-09-05 12:21:57 trace :
------------
String:
<xml><ToUserName><![CDATA[gh_4e0c181b7380]]></ToUserName>
<FromUserName><![CDATA[oxtWnv87MbDvYgjntHUphk_yb9e4]]></FromUserName>
<CreateTime>1473049317</CreateTime>
<MsgType><![CDATA[event]]></MsgType>
<Event><![CDATA[VIEW]]></Event>
<EventKey><![CDATA[http://www.9kpu.com/app/index.php?i=27&c=home&]]></EventKey>
<MenuId>431335658</MenuId>
</xml>

2016-09-05 12:21:57 params :
------------
Array:
message : Array ;
module : default ;
rule : -1 ;

2016-09-05 12:21:57 response :
------------
Array:
params : Array ;

2016-09-05 12:23:49 trace :
------------
String:
<xml><ToUserName><![CDATA[gh_4e0c181b7380]]></ToUserName>
<FromUserName><![CDATA[oxtWnv87MbDvYgjntHUphk_yb9e4]]></FromUserName>
<CreateTime>1473049429</CreateTime>
<MsgType><![CDATA[event]]></MsgType>
<Event><![CDATA[VIEW]]></Event>
<EventKey><![CDATA[http://www.9kpu.com/app/index.php?i=27&c=entry&eid=2]]></EventKey>
<MenuId>431335658</MenuId>
</xml>

2016-09-05 12:23:49 params :
------------
Array:
message : Array ;
module : default ;
rule : -1 ;

2016-09-05 12:23:49 response :
------------
Array:
params : Array ;

2016-09-05 12:23:57 trace :
------------
String:
<xml><ToUserName><![CDATA[gh_4e0c181b7380]]></ToUserName>
<FromUserName><![CDATA[oxtWnv87MbDvYgjntHUphk_yb9e4]]></FromUserName>
<CreateTime>1473049437</CreateTime>
<MsgType><![CDATA[event]]></MsgType>
<Event><![CDATA[VIEW]]></Event>
<EventKey><![CDATA[http://www.9kpu.com/app/index.php?i=27&c=home&]]></EventKey>
<MenuId>431335658</MenuId>
</xml>

2016-09-05 12:23:57 params :
------------
Array:
message : Array ;
module : default ;
rule : -1 ;

2016-09-05 12:23:57 response :
------------
Array:
params : Array ;

2016-09-05 12:24:08 trace :
------------
String:
<xml><ToUserName><![CDATA[gh_4e0c181b7380]]></ToUserName>
<FromUserName><![CDATA[oxtWnv87MbDvYgjntHUphk_yb9e4]]></FromUserName>
<CreateTime>1473049448</CreateTime>
<MsgType><![CDATA[event]]></MsgType>
<Event><![CDATA[VIEW]]></Event>
<EventKey><![CDATA[http://www.9kpu.com/app/index.php?i=27&c=entry&eid=1]]></EventKey>
<MenuId>431335658</MenuId>
</xml>

2016-09-05 12:24:08 params :
------------
Array:
message : Array ;
module : default ;
rule : -1 ;

2016-09-05 12:24:08 response :
------------
Array:
params : Array ;

2016-09-05 12:27:34 trace :
------------
String:
<xml><ToUserName><![CDATA[gh_4e0c181b7380]]></ToUserName>
<FromUserName><![CDATA[oxtWnv87MbDvYgjntHUphk_yb9e4]]></FromUserName>
<CreateTime>1473049654</CreateTime>
<MsgType><![CDATA[event]]></MsgType>
<Event><![CDATA[VIEW]]></Event>
<EventKey><![CDATA[http://www.9kpu.com/app/index.php?i=27&c=home&]]></EventKey>
<MenuId>431335658</MenuId>
</xml>

2016-09-05 12:27:34 params :
------------
Array:
message : Array ;
module : default ;
rule : -1 ;

2016-09-05 12:27:34 response :
------------
Array:
params : Array ;

2016-09-05 12:27:56 trace :
------------
String:
<xml><ToUserName><![CDATA[gh_4e0c181b7380]]></ToUserName>
<FromUserName><![CDATA[oxtWnv05wZ8rej_ylsu3qa7_HdMk]]></FromUserName>
<CreateTime>1473049676</CreateTime>
<MsgType><![CDATA[event]]></MsgType>
<Event><![CDATA[VIEW]]></Event>
<EventKey><![CDATA[http://www.9kpu.com/app/index.php?i=27&c=home&]]></EventKey>
<MenuId>431335658</MenuId>
</xml>

2016-09-05 12:27:56 params :
------------
Array:
message : Array ;
module : default ;
rule : -1 ;

2016-09-05 12:27:56 response :
------------
Array:
params : Array ;

2016-09-05 12:28:00 trace :
------------
String:
<xml><ToUserName><![CDATA[gh_4e0c181b7380]]></ToUserName>
<FromUserName><![CDATA[oxtWnv05wZ8rej_ylsu3qa7_HdMk]]></FromUserName>
<CreateTime>1473049680</CreateTime>
<MsgType><![CDATA[event]]></MsgType>
<Event><![CDATA[VIEW]]></Event>
<EventKey><![CDATA[http://www.9kpu.com/app/index.php?i=27&c=entry&eid=1]]></EventKey>
<MenuId>431335658</MenuId>
</xml>

2016-09-05 12:28:00 params :
------------
Array:
message : Array ;
module : default ;
rule : -1 ;

2016-09-05 12:28:00 response :
------------
Array:
params : Array ;

2016-09-05 12:28:12 trace :
------------
String:
<xml><ToUserName><![CDATA[gh_4e0c181b7380]]></ToUserName>
<FromUserName><![CDATA[oxtWnv87MbDvYgjntHUphk_yb9e4]]></FromUserName>
<CreateTime>1473049691</CreateTime>
<MsgType><![CDATA[event]]></MsgType>
<Event><![CDATA[VIEW]]></Event>
<EventKey><![CDATA[http://www.9kpu.com/app/index.php?i=27&c=home&]]></EventKey>
<MenuId>431335658</MenuId>
</xml>

2016-09-05 12:28:12 params :
------------
Array:
message : Array ;
module : default ;
rule : -1 ;

2016-09-05 12:28:12 response :
------------
Array:
params : Array ;

2016-09-05 12:28:18 trace :
------------
String:
<xml><ToUserName><![CDATA[gh_4e0c181b7380]]></ToUserName>
<FromUserName><![CDATA[oxtWnv87MbDvYgjntHUphk_yb9e4]]></FromUserName>
<CreateTime>1473049698</CreateTime>
<MsgType><![CDATA[event]]></MsgType>
<Event><![CDATA[VIEW]]></Event>
<EventKey><![CDATA[http://www.9kpu.com/app/index.php?i=27&c=entry&eid=2]]></EventKey>
<MenuId>431335658</MenuId>
</xml>

2016-09-05 12:28:18 params :
------------
Array:
message : Array ;
module : default ;
rule : -1 ;

2016-09-05 12:28:18 response :
------------
Array:
params : Array ;

2016-09-05 12:51:58 trace :
------------
String:
<xml><ToUserName><![CDATA[gh_4e0c181b7380]]></ToUserName>
<FromUserName><![CDATA[oxtWnv05wZ8rej_ylsu3qa7_HdMk]]></FromUserName>
<CreateTime>1473051118</CreateTime>
<MsgType><![CDATA[event]]></MsgType>
<Event><![CDATA[VIEW]]></Event>
<EventKey><![CDATA[http://www.9kpu.com/app/index.php?i=27&c=home&]]></EventKey>
<MenuId>431335658</MenuId>
</xml>

2016-09-05 12:51:58 params :
------------
Array:
message : Array ;
module : default ;
rule : -1 ;

2016-09-05 12:51:58 response :
------------
Array:
params : Array ;

2016-09-05 15:00:12 trace :
------------
String:
<xml><ToUserName><![CDATA[gh_081ee8610e82]]></ToUserName>
<FromUserName><![CDATA[ohNDtvjnNs-wlmta5xYTj5zZfmSc]]></FromUserName>
<CreateTime>1473058812</CreateTime>
<MsgType><![CDATA[event]]></MsgType>
<Event><![CDATA[VIEW]]></Event>
<EventKey><![CDATA[http://www.9kpu.com/app/index.php?i=4&c=entry&eid=37]]></EventKey>
<MenuId>413434304</MenuId>
</xml>

2016-09-05 15:00:12 params :
------------
Array:
message : Array ;
module : basic ;
rule : 13 ;
priority : 0 ;
keyword : Array ;

2016-09-05 15:00:12 response :
------------
Array:
FromUserName : gh_081ee8610e82 ;
ToUserName : ohNDtvjnNs-wlmta5xYTj5zZfmSc ;
MsgType : text ;
Content : 等你好久了，智慧微校欢迎您。如果您是来逛逛的，请点开微官网查看我们学校的介绍信息。如果您是家长，请点开学生中心，用您家孩子姓名与学号绑定，就可尽情使用微校功能。如果您是老师，请点开微办公，用系统分配的账号与密码完成绑定，使用微校完成家校互动。 ;

2016-09-05 15:00:24 trace :
------------
String:
<xml><ToUserName><![CDATA[gh_081ee8610e82]]></ToUserName>
<FromUserName><![CDATA[ohNDtvjnNs-wlmta5xYTj5zZfmSc]]></FromUserName>
<CreateTime>1473058824</CreateTime>
<MsgType><![CDATA[event]]></MsgType>
<Event><![CDATA[VIEW]]></Event>
<EventKey><![CDATA[http://www.9kpu.com/app/index.php?i=4&c=entry&eid=37]]></EventKey>
<MenuId>413434304</MenuId>
</xml>

2016-09-05 15:00:24 params :
------------
Array:
message : Array ;
module : basic ;
rule : 13 ;
priority : 0 ;
keyword : Array ;

2016-09-05 15:00:24 response :
------------
Array:
FromUserName : gh_081ee8610e82 ;
ToUserName : ohNDtvjnNs-wlmta5xYTj5zZfmSc ;
MsgType : text ;
Content : 等你好久了，智慧微校欢迎您。如果您是来逛逛的，请点开微官网查看我们学校的介绍信息。如果您是家长，请点开学生中心，用您家孩子姓名与学号绑定，就可尽情使用微校功能。如果您是老师，请点开微办公，用系统分配的账号与密码完成绑定，使用微校完成家校互动。 ;

2016-09-05 15:03:42 trace :
------------
String:
<xml><ToUserName><![CDATA[gh_2a16c32dff4b]]></ToUserName>
<FromUserName><![CDATA[oZF73wCVc74N1GGVa2apFkkbZk0c]]></FromUserName>
<CreateTime>1473059022</CreateTime>
<MsgType><![CDATA[event]]></MsgType>
<Event><![CDATA[unsubscribe]]></Event>
<EventKey><![CDATA[]]></EventKey>
</xml>

2016-09-05 17:13:40 trace :
------------
String:
<xml><ToUserName><![CDATA[gh_7d1762dac7c2]]></ToUserName>
<FromUserName><![CDATA[o8AZcwIkJejriQfiNoOhmK6Y7nl0]]></FromUserName>
<CreateTime>1473066820</CreateTime>
<MsgType><![CDATA[event]]></MsgType>
<Event><![CDATA[VIEW]]></Event>
<EventKey><![CDATA[http://www.9kpu.com/app/index.php?i=6&c=entry&eid=1]]></EventKey>
<MenuId>406999612</MenuId>
</xml>

2016-09-05 17:13:40 params :
------------
Array:
rule : -2 ;
module :  ;
message : Array ;

2016-09-05 17:13:40 response :
------------

2016-09-05 17:14:08 trace :
------------
String:
<xml><ToUserName><![CDATA[gh_7d1762dac7c2]]></ToUserName>
<FromUserName><![CDATA[o8AZcwIkJejriQfiNoOhmK6Y7nl0]]></FromUserName>
<CreateTime>1473066848</CreateTime>
<MsgType><![CDATA[event]]></MsgType>
<Event><![CDATA[VIEW]]></Event>
<EventKey><![CDATA[http://www.9kpu.com/app/index.php?i=6&c=entry&eid=2]]></EventKey>
<MenuId>406999612</MenuId>
</xml>

2016-09-05 17:14:08 params :
------------
Array:
rule : -2 ;
module :  ;
message : Array ;

2016-09-05 17:14:08 response :
------------

2016-09-05 17:14:13 trace :
------------
String:
<xml><ToUserName><![CDATA[gh_7d1762dac7c2]]></ToUserName>
<FromUserName><![CDATA[o8AZcwIkJejriQfiNoOhmK6Y7nl0]]></FromUserName>
<CreateTime>1473066853</CreateTime>
<MsgType><![CDATA[event]]></MsgType>
<Event><![CDATA[VIEW]]></Event>
<EventKey><![CDATA[http://www.9kpu.com/app/index.php?i=6&c=home&]]></EventKey>
<MenuId>406999612</MenuId>
</xml>

2016-09-05 17:14:13 params :
------------
Array:
rule : -2 ;
module :  ;
message : Array ;

2016-09-05 17:14:13 response :
------------

2016-09-05 17:14:21 trace :
------------
String:
<xml><ToUserName><![CDATA[gh_7d1762dac7c2]]></ToUserName>
<FromUserName><![CDATA[o8AZcwIkJejriQfiNoOhmK6Y7nl0]]></FromUserName>
<CreateTime>1473066861</CreateTime>
<MsgType><![CDATA[event]]></MsgType>
<Event><![CDATA[VIEW]]></Event>
<EventKey><![CDATA[http://www.9kpu.com/app/index.php?i=6&c=entry&eid=1]]></EventKey>
<MenuId>406999612</MenuId>
</xml>

2016-09-05 17:14:21 params :
------------
Array:
rule : -2 ;
module :  ;
message : Array ;

2016-09-05 17:14:21 response :
------------

2016-09-05 17:30:33 trace :
------------
String:
<xml><ToUserName><![CDATA[gh_4e0c181b7380]]></ToUserName>
<FromUserName><![CDATA[oxtWnv4nCwaLeVxshyJw36LQPYsY]]></FromUserName>
<CreateTime>1473067833</CreateTime>
<MsgType><![CDATA[event]]></MsgType>
<Event><![CDATA[subscribe]]></Event>
<EventKey><![CDATA[]]></EventKey>
</xml>

2016-09-05 17:30:33 params :
------------
Array:
message : Array ;
module : default ;
rule : -1 ;

2016-09-05 17:30:33 response :
------------
Array:
params : Array ;

2016-09-05 17:30:56 trace :
------------
String:
<xml><ToUserName><![CDATA[gh_4e0c181b7380]]></ToUserName>
<FromUserName><![CDATA[oxtWnv4nCwaLeVxshyJw36LQPYsY]]></FromUserName>
<CreateTime>1473067856</CreateTime>
<MsgType><![CDATA[event]]></MsgType>
<Event><![CDATA[VIEW]]></Event>
<EventKey><![CDATA[http://www.9kpu.com/app/index.php?i=27&c=entry&eid=2]]></EventKey>
<MenuId>431335658</MenuId>
</xml>

2016-09-05 17:30:56 params :
------------
Array:
message : Array ;
module : default ;
rule : -1 ;

2016-09-05 17:30:56 response :
------------
Array:
params : Array ;

2016-09-05 17:31:05 trace :
------------
String:
<xml><ToUserName><![CDATA[gh_4e0c181b7380]]></ToUserName>
<FromUserName><![CDATA[oxtWnv4nCwaLeVxshyJw36LQPYsY]]></FromUserName>
<CreateTime>1473067865</CreateTime>
<MsgType><![CDATA[event]]></MsgType>
<Event><![CDATA[VIEW]]></Event>
<EventKey><![CDATA[http://www.9kpu.com/app/index.php?i=27&c=home&]]></EventKey>
<MenuId>431335658</MenuId>
</xml>

2016-09-05 17:31:05 params :
------------
Array:
message : Array ;
module : default ;
rule : -1 ;

2016-09-05 17:31:05 response :
------------
Array:
params : Array ;

2016-09-05 17:31:38 trace :
------------
String:
<xml><ToUserName><![CDATA[gh_4e0c181b7380]]></ToUserName>
<FromUserName><![CDATA[oxtWnv4nCwaLeVxshyJw36LQPYsY]]></FromUserName>
<CreateTime>1473067898</CreateTime>
<MsgType><![CDATA[event]]></MsgType>
<Event><![CDATA[VIEW]]></Event>
<EventKey><![CDATA[http://www.9kpu.com/app/index.php?i=27&c=home&]]></EventKey>
<MenuId>431335658</MenuId>
</xml>

2016-09-05 17:31:38 params :
------------
Array:
message : Array ;
module : default ;
rule : -1 ;

2016-09-05 17:31:38 response :
------------
Array:
params : Array ;

2016-09-05 17:32:39 trace :
------------
String:
<xml><ToUserName><![CDATA[gh_4e0c181b7380]]></ToUserName>
<FromUserName><![CDATA[oxtWnv4nCwaLeVxshyJw36LQPYsY]]></FromUserName>
<CreateTime>1473067959</CreateTime>
<MsgType><![CDATA[text]]></MsgType>
<Content><![CDATA[分班]]></Content>
<MsgId>6326778709122791777</MsgId>
</xml>

2016-09-05 17:32:39 params :
------------
Array:
message : Array ;
module : default ;
rule : -1 ;

2016-09-05 17:32:39 response :
------------
Array:
params : Array ;

2016-09-05 17:32:50 trace :
------------
String:
<xml><ToUserName><![CDATA[gh_4e0c181b7380]]></ToUserName>
<FromUserName><![CDATA[oxtWnv4nCwaLeVxshyJw36LQPYsY]]></FromUserName>
<CreateTime>1473067970</CreateTime>
<MsgType><![CDATA[event]]></MsgType>
<Event><![CDATA[VIEW]]></Event>
<EventKey><![CDATA[http://www.9kpu.com/app/index.php?i=27&c=entry&eid=2]]></EventKey>
<MenuId>431335658</MenuId>
</xml>

2016-09-05 17:32:50 params :
------------
Array:
message : Array ;
module : default ;
rule : -1 ;

2016-09-05 17:32:50 response :
------------
Array:
params : Array ;

2016-09-05 18:04:08 trace :
------------
String:
<xml><ToUserName><![CDATA[gh_2ee031f2e428]]></ToUserName>
<FromUserName><![CDATA[ojDkIwhrUZo-cPDcCTwWPaZpnhsc]]></FromUserName>
<CreateTime>1473069847</CreateTime>
<MsgType><![CDATA[event]]></MsgType>
<Event><![CDATA[unsubscribe]]></Event>
<EventKey><![CDATA[]]></EventKey>
</xml>

2016-09-05 19:37:05 trace :
------------
String:
<xml><ToUserName><![CDATA[gh_2a16c32dff4b]]></ToUserName>
<FromUserName><![CDATA[oZF73wJL_BZeiy3EHcU45Bh5zyCQ]]></FromUserName>
<CreateTime>1473075424</CreateTime>
<MsgType><![CDATA[event]]></MsgType>
<Event><![CDATA[subscribe]]></Event>
<EventKey><![CDATA[]]></EventKey>
</xml>

2016-09-05 19:37:05 params :
------------
Array:
message : Array ;
module : news ;
rule : 56 ;
priority : 0 ;
keyword : Array ;

2016-09-05 19:37:05 response :
------------
Array:
FromUserName : gh_2a16c32dff4b ;
ToUserName : oZF73wJL_BZeiy3EHcU45Bh5zyCQ ;
MsgType : news ;
ArticleCount : 1 ;
Articles : Array ;

2016-09-05 19:37:11 trace :
------------
String:
<xml><ToUserName><![CDATA[gh_2a16c32dff4b]]></ToUserName>
<FromUserName><![CDATA[oZF73wJL_BZeiy3EHcU45Bh5zyCQ]]></FromUserName>
<CreateTime>1473075431</CreateTime>
<MsgType><![CDATA[event]]></MsgType>
<Event><![CDATA[VIEW]]></Event>
<EventKey><![CDATA[http://www.9kpu.com/app/index.php?i=26&c=home&t=43]]></EventKey>
<MenuId>443004588</MenuId>
</xml>

2016-09-05 19:37:11 params :
------------
Array:
message : Array ;
module : news ;
rule : 56 ;
priority : 0 ;
keyword : Array ;

2016-09-05 19:37:11 response :
------------
Array:
FromUserName : gh_2a16c32dff4b ;
ToUserName : oZF73wJL_BZeiy3EHcU45Bh5zyCQ ;
MsgType : news ;
ArticleCount : 1 ;
Articles : Array ;

2016-09-05 19:37:35 trace :
------------
String:
<xml><ToUserName><![CDATA[gh_2a16c32dff4b]]></ToUserName>
<FromUserName><![CDATA[oZF73wJL_BZeiy3EHcU45Bh5zyCQ]]></FromUserName>
<CreateTime>1473075455</CreateTime>
<MsgType><![CDATA[event]]></MsgType>
<Event><![CDATA[VIEW]]></Event>
<EventKey><![CDATA[http://www.9kpu.com/app/index.php?i=26&c=home&t=43]]></EventKey>
<MenuId>443004588</MenuId>
</xml>

2016-09-05 19:37:35 params :
------------
Array:
message : Array ;
module : news ;
rule : 56 ;
priority : 0 ;
keyword : Array ;

2016-09-05 19:37:35 response :
------------
Array:
FromUserName : gh_2a16c32dff4b ;
ToUserName : oZF73wJL_BZeiy3EHcU45Bh5zyCQ ;
MsgType : news ;
ArticleCount : 1 ;
Articles : Array ;

2016-09-05 19:37:44 trace :
------------
String:
<xml><ToUserName><![CDATA[gh_2a16c32dff4b]]></ToUserName>
<FromUserName><![CDATA[oZF73wJL_BZeiy3EHcU45Bh5zyCQ]]></FromUserName>
<CreateTime>1473075463</CreateTime>
<MsgType><![CDATA[event]]></MsgType>
<Event><![CDATA[VIEW]]></Event>
<EventKey><![CDATA[http://www.9kpu.com/app/index.php?i=26&c=entry&eid=1]]></EventKey>
<MenuId>443004588</MenuId>
</xml>

2016-09-05 19:37:44 params :
------------
Array:
message : Array ;
module : news ;
rule : 56 ;
priority : 0 ;
keyword : Array ;

2016-09-05 19:37:44 response :
------------
Array:
FromUserName : gh_2a16c32dff4b ;
ToUserName : oZF73wJL_BZeiy3EHcU45Bh5zyCQ ;
MsgType : news ;
ArticleCount : 1 ;
Articles : Array ;

2016-09-05 19:37:51 trace :
------------
String:
<xml><ToUserName><![CDATA[gh_2a16c32dff4b]]></ToUserName>
<FromUserName><![CDATA[oZF73wJL_BZeiy3EHcU45Bh5zyCQ]]></FromUserName>
<CreateTime>1473075471</CreateTime>
<MsgType><![CDATA[event]]></MsgType>
<Event><![CDATA[VIEW]]></Event>
<EventKey><![CDATA[http://www.9kpu.com/app/index.php?i=26&c=entry&do=teaIn&m=lianhu_school]]></EventKey>
<MenuId>443004588</MenuId>
</xml>

2016-09-05 19:37:51 params :
------------
Array:
message : Array ;
module : news ;
rule : 56 ;
priority : 0 ;
keyword : Array ;

2016-09-05 19:37:51 response :
------------
Array:
FromUserName : gh_2a16c32dff4b ;
ToUserName : oZF73wJL_BZeiy3EHcU45Bh5zyCQ ;
MsgType : news ;
ArticleCount : 1 ;
Articles : Array ;

2016-09-05 19:37:56 trace :
------------
String:
<xml><ToUserName><![CDATA[gh_2a16c32dff4b]]></ToUserName>
<FromUserName><![CDATA[oZF73wJL_BZeiy3EHcU45Bh5zyCQ]]></FromUserName>
<CreateTime>1473075476</CreateTime>
<MsgType><![CDATA[event]]></MsgType>
<Event><![CDATA[VIEW]]></Event>
<EventKey><![CDATA[http://www.9kpu.com/app/index.php?i=26&c=home&t=43]]></EventKey>
<MenuId>443004588</MenuId>
</xml>

2016-09-05 19:37:56 params :
------------
Array:
message : Array ;
module : news ;
rule : 56 ;
priority : 0 ;
keyword : Array ;

2016-09-05 19:37:56 response :
------------
Array:
FromUserName : gh_2a16c32dff4b ;
ToUserName : oZF73wJL_BZeiy3EHcU45Bh5zyCQ ;
MsgType : news ;
ArticleCount : 1 ;
Articles : Array ;

2016-09-05 19:38:00 trace :
------------
String:
<xml><ToUserName><![CDATA[gh_2a16c32dff4b]]></ToUserName>
<FromUserName><![CDATA[oZF73wJL_BZeiy3EHcU45Bh5zyCQ]]></FromUserName>
<CreateTime>1473075480</CreateTime>
<MsgType><![CDATA[event]]></MsgType>
<Event><![CDATA[VIEW]]></Event>
<EventKey><![CDATA[http://www.9kpu.com/app/index.php?i=26&c=home&t=37]]></EventKey>
<MenuId>443004588</MenuId>
</xml>

2016-09-05 19:38:00 params :
------------
Array:
message : Array ;
module : news ;
rule : 56 ;
priority : 0 ;
keyword : Array ;

2016-09-05 19:38:00 response :
------------
Array:
FromUserName : gh_2a16c32dff4b ;
ToUserName : oZF73wJL_BZeiy3EHcU45Bh5zyCQ ;
MsgType : news ;
ArticleCount : 1 ;
Articles : Array ;

2016-09-05 19:38:03 trace :
------------
String:
<xml><ToUserName><![CDATA[gh_2a16c32dff4b]]></ToUserName>
<FromUserName><![CDATA[oZF73wJL_BZeiy3EHcU45Bh5zyCQ]]></FromUserName>
<CreateTime>1473075483</CreateTime>
<MsgType><![CDATA[event]]></MsgType>
<Event><![CDATA[VIEW]]></Event>
<EventKey><![CDATA[http://www.9kpu.com/app/index.php?i=26&c=home&]]></EventKey>
<MenuId>443004588</MenuId>
</xml>

2016-09-05 19:38:03 params :
------------
Array:
message : Array ;
module : news ;
rule : 56 ;
priority : 0 ;
keyword : Array ;

2016-09-05 19:38:03 response :
------------
Array:
FromUserName : gh_2a16c32dff4b ;
ToUserName : oZF73wJL_BZeiy3EHcU45Bh5zyCQ ;
MsgType : news ;
ArticleCount : 1 ;
Articles : Array ;

2016-09-05 20:20:31 trace :
------------
String:
<xml><ToUserName><![CDATA[gh_c8e42a22d2ba]]></ToUserName>
<FromUserName><![CDATA[o7oRnw994xKXPr72J0eT8E1MrcnM]]></FromUserName>
<CreateTime>1473078031</CreateTime>
<MsgType><![CDATA[event]]></MsgType>
<Event><![CDATA[subscribe]]></Event>
<EventKey><![CDATA[]]></EventKey>
</xml>

2016-09-05 20:20:31 params :
------------
Array:
message : Array ;
module : news ;
rule : 53 ;
priority : 3 ;
keyword : Array ;

2016-09-05 20:20:31 response :
------------
Array:
FromUserName : gh_c8e42a22d2ba ;
ToUserName : o7oRnw994xKXPr72J0eT8E1MrcnM ;
MsgType : news ;
ArticleCount : 2 ;
Articles : Array ;

2016-09-05 20:20:54 trace :
------------
String:
<xml><ToUserName><![CDATA[gh_c8e42a22d2ba]]></ToUserName>
<FromUserName><![CDATA[o7oRnw994xKXPr72J0eT8E1MrcnM]]></FromUserName>
<CreateTime>1473078054</CreateTime>
<MsgType><![CDATA[event]]></MsgType>
<Event><![CDATA[VIEW]]></Event>
<EventKey><![CDATA[http://www.9kpu.com/app/index.php?i=25&c=entry&eid=1]]></EventKey>
<MenuId>412639612</MenuId>
</xml>

2016-09-05 20:20:54 params :
------------
Array:
message : Array ;
module : news ;
rule : 53 ;
priority : 3 ;
keyword : Array ;

2016-09-05 20:20:54 response :
------------
Array:
FromUserName : gh_c8e42a22d2ba ;
ToUserName : o7oRnw994xKXPr72J0eT8E1MrcnM ;
MsgType : news ;
ArticleCount : 2 ;
Articles : Array ;

2016-09-05 20:21:02 trace :
------------
String:
<xml><ToUserName><![CDATA[gh_c8e42a22d2ba]]></ToUserName>
<FromUserName><![CDATA[o7oRnw994xKXPr72J0eT8E1MrcnM]]></FromUserName>
<CreateTime>1473078062</CreateTime>
<MsgType><![CDATA[event]]></MsgType>
<Event><![CDATA[VIEW]]></Event>
<EventKey><![CDATA[http://www.9kpu.com/app/index.php?i=25&c=entry&eid=2]]></EventKey>
<MenuId>412639612</MenuId>
</xml>

2016-09-05 20:21:02 params :
------------
Array:
message : Array ;
module : news ;
rule : 53 ;
priority : 3 ;
keyword : Array ;

2016-09-05 20:21:02 response :
------------
Array:
FromUserName : gh_c8e42a22d2ba ;
ToUserName : o7oRnw994xKXPr72J0eT8E1MrcnM ;
MsgType : news ;
ArticleCount : 2 ;
Articles : Array ;

2016-09-05 20:21:05 trace :
------------
String:
<xml><ToUserName><![CDATA[gh_c8e42a22d2ba]]></ToUserName>
<FromUserName><![CDATA[o7oRnw994xKXPr72J0eT8E1MrcnM]]></FromUserName>
<CreateTime>1473078065</CreateTime>
<MsgType><![CDATA[event]]></MsgType>
<Event><![CDATA[VIEW]]></Event>
<EventKey><![CDATA[http://www.9kpu.com/app/index.php?i=25&c=home&]]></EventKey>
<MenuId>412639612</MenuId>
</xml>

2016-09-05 20:21:05 params :
------------
Array:
message : Array ;
module : news ;
rule : 53 ;
priority : 3 ;
keyword : Array ;

2016-09-05 20:21:05 response :
------------
Array:
FromUserName : gh_c8e42a22d2ba ;
ToUserName : o7oRnw994xKXPr72J0eT8E1MrcnM ;
MsgType : news ;
ArticleCount : 2 ;
Articles : Array ;

2016-09-05 20:21:44 trace :
------------
String:
<xml><ToUserName><![CDATA[gh_0eab716966d4]]></ToUserName>
<FromUserName><![CDATA[oSoVuwKv8Om2Qb4WlnrNamkH0YrU]]></FromUserName>
<CreateTime>1473078104</CreateTime>
<MsgType><![CDATA[event]]></MsgType>
<Event><![CDATA[subscribe]]></Event>
<EventKey><![CDATA[]]></EventKey>
</xml>

2016-09-05 20:21:44 params :
------------
Array:
rule : -2 ;
module :  ;
message : Array ;

2016-09-05 20:21:44 response :
------------

2016-09-05 20:21:46 trace :
------------
String:
<xml><ToUserName><![CDATA[gh_0eab716966d4]]></ToUserName>
<FromUserName><![CDATA[oSoVuwKv8Om2Qb4WlnrNamkH0YrU]]></FromUserName>
<CreateTime>1473078106</CreateTime>
<MsgType><![CDATA[event]]></MsgType>
<Event><![CDATA[VIEW]]></Event>
<EventKey><![CDATA[http://www.9kpu.com/app/index.php?i=28&c=home&]]></EventKey>
<MenuId>414492131</MenuId>
</xml>

2016-09-05 20:21:46 params :
------------
Array:
rule : -2 ;
module :  ;
message : Array ;

2016-09-05 20:21:46 response :
------------

2016-09-05 20:21:54 trace :
------------
String:
<xml><ToUserName><![CDATA[gh_0eab716966d4]]></ToUserName>
<FromUserName><![CDATA[oSoVuwKv8Om2Qb4WlnrNamkH0YrU]]></FromUserName>
<CreateTime>1473078114</CreateTime>
<MsgType><![CDATA[event]]></MsgType>
<Event><![CDATA[VIEW]]></Event>
<EventKey><![CDATA[http://www.9kpu.com/app/index.php?i=28&c=home&]]></EventKey>
<MenuId>414492131</MenuId>
</xml>

2016-09-05 20:21:54 params :
------------
Array:
rule : -2 ;
module :  ;
message : Array ;

2016-09-05 20:21:54 response :
------------

2016-09-05 20:22:15 trace :
------------
String:
<xml><ToUserName><![CDATA[gh_0eab716966d4]]></ToUserName>
<FromUserName><![CDATA[oSoVuwKv8Om2Qb4WlnrNamkH0YrU]]></FromUserName>
<CreateTime>1473078135</CreateTime>
<MsgType><![CDATA[event]]></MsgType>
<Event><![CDATA[VIEW]]></Event>
<EventKey><![CDATA[http://www.9kpu.com/app/index.php?i=28&c=home&]]></EventKey>
<MenuId>414492131</MenuId>
</xml>

2016-09-05 20:22:15 params :
------------
Array:
rule : -2 ;
module :  ;
message : Array ;

2016-09-05 20:22:15 response :
------------

2016-09-05 20:22:34 trace :
------------
String:
<xml><ToUserName><![CDATA[gh_0eab716966d4]]></ToUserName>
<FromUserName><![CDATA[oSoVuwKv8Om2Qb4WlnrNamkH0YrU]]></FromUserName>
<CreateTime>1473078154</CreateTime>
<MsgType><![CDATA[event]]></MsgType>
<Event><![CDATA[VIEW]]></Event>
<EventKey><![CDATA[http://www.9kpu.com/app/index.php?i=28&c=entry&eid=1]]></EventKey>
<MenuId>414492131</MenuId>
</xml>

2016-09-05 20:22:34 params :
------------
Array:
rule : -2 ;
module :  ;
message : Array ;

2016-09-05 20:22:34 response :
------------

2016-09-05 20:22:38 trace :
------------
String:
<xml><ToUserName><![CDATA[gh_0eab716966d4]]></ToUserName>
<FromUserName><![CDATA[oSoVuwKv8Om2Qb4WlnrNamkH0YrU]]></FromUserName>
<CreateTime>1473078158</CreateTime>
<MsgType><![CDATA[event]]></MsgType>
<Event><![CDATA[VIEW]]></Event>
<EventKey><![CDATA[http://www.9kpu.com/app/index.php?i=28&c=entry&eid=2]]></EventKey>
<MenuId>414492131</MenuId>
</xml>

2016-09-05 20:22:38 params :
------------
Array:
rule : -2 ;
module :  ;
message : Array ;

2016-09-05 20:22:38 response :
------------

2016-09-05 20:22:39 trace :
------------
String:
<xml><ToUserName><![CDATA[gh_0eab716966d4]]></ToUserName>
<FromUserName><![CDATA[oSoVuwKv8Om2Qb4WlnrNamkH0YrU]]></FromUserName>
<CreateTime>1473078159</CreateTime>
<MsgType><![CDATA[event]]></MsgType>
<Event><![CDATA[VIEW]]></Event>
<EventKey><![CDATA[http://www.9kpu.com/app/index.php?i=28&c=entry&eid=1]]></EventKey>
<MenuId>414492131</MenuId>
</xml>

2016-09-05 20:22:39 params :
------------
Array:
rule : -2 ;
module :  ;
message : Array ;

2016-09-05 20:22:39 response :
------------

2016-09-05 20:23:13 trace :
------------
String:
<xml><ToUserName><![CDATA[gh_c8e42a22d2ba]]></ToUserName>
<FromUserName><![CDATA[o7oRnw994xKXPr72J0eT8E1MrcnM]]></FromUserName>
<CreateTime>1473078193</CreateTime>
<MsgType><![CDATA[event]]></MsgType>
<Event><![CDATA[unsubscribe]]></Event>
<EventKey><![CDATA[]]></EventKey>
</xml>

2016-09-05 20:53:10 trace :
------------
String:
<xml><ToUserName><![CDATA[gh_2a23de840671]]></ToUserName>
<FromUserName><![CDATA[oQxC9weuVGc2Em8pwRIZ5HZoFKg8]]></FromUserName>
<CreateTime>1473079990</CreateTime>
<MsgType><![CDATA[event]]></MsgType>
<Event><![CDATA[subscribe]]></Event>
<EventKey><![CDATA[]]></EventKey>
</xml>

2016-09-05 20:53:10 params :
------------
Array:
rule : -2 ;
module :  ;
message : Array ;

2016-09-05 20:53:10 response :
------------

2016-09-05 20:53:13 trace :
------------
String:
<xml><ToUserName><![CDATA[gh_2a23de840671]]></ToUserName>
<FromUserName><![CDATA[oQxC9weuVGc2Em8pwRIZ5HZoFKg8]]></FromUserName>
<CreateTime>1473079993</CreateTime>
<MsgType><![CDATA[event]]></MsgType>
<Event><![CDATA[VIEW]]></Event>
<EventKey><![CDATA[http://www.9kpu.com/app/index.php?i=31&c=entry&eid=1]]></EventKey>
<MenuId>408135367</MenuId>
</xml>

2016-09-05 20:53:13 params :
------------
Array:
rule : -2 ;
module :  ;
message : Array ;

2016-09-05 20:53:13 response :
------------

2016-09-05 20:53:18 trace :
------------
String:
<xml><ToUserName><![CDATA[gh_2a23de840671]]></ToUserName>
<FromUserName><![CDATA[oQxC9weuVGc2Em8pwRIZ5HZoFKg8]]></FromUserName>
<CreateTime>1473079998</CreateTime>
<MsgType><![CDATA[event]]></MsgType>
<Event><![CDATA[VIEW]]></Event>
<EventKey><![CDATA[http://www.9kpu.com/app/index.php?i=31&c=home&]]></EventKey>
<MenuId>408135367</MenuId>
</xml>

2016-09-05 20:53:18 params :
------------
Array:
rule : -2 ;
module :  ;
message : Array ;

2016-09-05 20:53:18 response :
------------

2016-09-05 20:53:26 trace :
------------
String:
<xml><ToUserName><![CDATA[gh_2a23de840671]]></ToUserName>
<FromUserName><![CDATA[oQxC9weuVGc2Em8pwRIZ5HZoFKg8]]></FromUserName>
<CreateTime>1473080006</CreateTime>
<MsgType><![CDATA[event]]></MsgType>
<Event><![CDATA[VIEW]]></Event>
<EventKey><![CDATA[http://www.9kpu.com/app/index.php?i=31&c=home&]]></EventKey>
<MenuId>408135367</MenuId>
</xml>

2016-09-05 20:53:26 params :
------------
Array:
rule : -2 ;
module :  ;
message : Array ;

2016-09-05 20:53:26 response :
------------

2016-09-05 20:53:33 trace :
------------
String:
<xml><ToUserName><![CDATA[gh_2a23de840671]]></ToUserName>
<FromUserName><![CDATA[oQxC9weuVGc2Em8pwRIZ5HZoFKg8]]></FromUserName>
<CreateTime>1473080013</CreateTime>
<MsgType><![CDATA[event]]></MsgType>
<Event><![CDATA[VIEW]]></Event>
<EventKey><![CDATA[http://www.9kpu.com/app/index.php?i=31&c=home&]]></EventKey>
<MenuId>408135367</MenuId>
</xml>

2016-09-05 20:53:33 params :
------------
Array:
rule : -2 ;
module :  ;
message : Array ;

2016-09-05 20:53:33 response :
------------

2016-09-05 20:53:42 trace :
------------
String:
<xml><ToUserName><![CDATA[gh_2a23de840671]]></ToUserName>
<FromUserName><![CDATA[oQxC9weuVGc2Em8pwRIZ5HZoFKg8]]></FromUserName>
<CreateTime>1473080022</CreateTime>
<MsgType><![CDATA[event]]></MsgType>
<Event><![CDATA[VIEW]]></Event>
<EventKey><![CDATA[http://www.9kpu.com/app/index.php?i=31&c=home&]]></EventKey>
<MenuId>408135367</MenuId>
</xml>

2016-09-05 20:53:42 params :
------------
Array:
rule : -2 ;
module :  ;
message : Array ;

2016-09-05 20:53:42 response :
------------

2016-09-05 20:53:49 trace :
------------
String:
<xml><ToUserName><![CDATA[gh_2a23de840671]]></ToUserName>
<FromUserName><![CDATA[oQxC9weuVGc2Em8pwRIZ5HZoFKg8]]></FromUserName>
<CreateTime>1473080029</CreateTime>
<MsgType><![CDATA[event]]></MsgType>
<Event><![CDATA[VIEW]]></Event>
<EventKey><![CDATA[http://www.9kpu.com/app/index.php?i=31&c=entry&eid=1]]></EventKey>
<MenuId>408135367</MenuId>
</xml>

2016-09-05 20:53:49 params :
------------
Array:
rule : -2 ;
module :  ;
message : Array ;

2016-09-05 20:53:49 response :
------------

2016-09-05 20:53:54 trace :
------------
String:
<xml><ToUserName><![CDATA[gh_2a23de840671]]></ToUserName>
<FromUserName><![CDATA[oQxC9weuVGc2Em8pwRIZ5HZoFKg8]]></FromUserName>
<CreateTime>1473080034</CreateTime>
<MsgType><![CDATA[event]]></MsgType>
<Event><![CDATA[VIEW]]></Event>
<EventKey><![CDATA[http://www.9kpu.com/app/index.php?i=31&c=entry&eid=2]]></EventKey>
<MenuId>408135367</MenuId>
</xml>

2016-09-05 20:53:54 params :
------------
Array:
rule : -2 ;
module :  ;
message : Array ;

2016-09-05 20:53:54 response :
------------

2016-09-05 20:54:13 trace :
------------
String:
<xml><ToUserName><![CDATA[gh_2a23de840671]]></ToUserName>
<FromUserName><![CDATA[oQxC9weuVGc2Em8pwRIZ5HZoFKg8]]></FromUserName>
<CreateTime>1473080053</CreateTime>
<MsgType><![CDATA[event]]></MsgType>
<Event><![CDATA[VIEW]]></Event>
<EventKey><![CDATA[http://www.9kpu.com/app/index.php?i=31&c=home&]]></EventKey>
<MenuId>408135367</MenuId>
</xml>

2016-09-05 20:54:13 params :
------------
Array:
rule : -2 ;
module :  ;
message : Array ;

2016-09-05 20:54:13 response :
------------

