2016-04-19 07:07:01 trace :
------------
String:
<xml><ToUserName><![CDATA[gh_2157a6c86a35]]></ToUserName>
<FromUserName><![CDATA[oEcottw7qP2pciewrM5tmFvI8As4]]></FromUserName>
<CreateTime>1461020821</CreateTime>
<MsgType><![CDATA[event]]></MsgType>
<Event><![CDATA[TEMPLATESENDJOBFINISH]]></Event>
<MsgID>402985101</MsgID>
<Status><![CDATA[success]]></Status>
</xml>

2016-04-19 07:07:01 params :
------------
Array:
rule : -2 ;
module :  ;
message : Array ;

2016-04-19 07:07:01 response :
------------

2016-04-19 07:19:31 trace :
------------
String:
<xml><ToUserName><![CDATA[gh_2157a6c86a35]]></ToUserName>
<FromUserName><![CDATA[oEcott-Gft4vv4qG56uwiyofjGHg]]></FromUserName>
<CreateTime>1461021571</CreateTime>
<MsgType><![CDATA[event]]></MsgType>
<Event><![CDATA[TEMPLATESENDJOBFINISH]]></Event>
<MsgID>402985183</MsgID>
<Status><![CDATA[success]]></Status>
</xml>

2016-04-19 07:19:31 params :
------------
Array:
rule : -2 ;
module :  ;
message : Array ;

2016-04-19 07:19:31 response :
------------

2016-04-19 07:48:42 trace :
------------
String:
<xml><ToUserName><![CDATA[gh_2157a6c86a35]]></ToUserName>
<FromUserName><![CDATA[oEcott84pU16wJT6ChwWpKVayVsQ]]></FromUserName>
<CreateTime>1461023322</CreateTime>
<MsgType><![CDATA[event]]></MsgType>
<Event><![CDATA[TEMPLATESENDJOBFINISH]]></Event>
<MsgID>402985792</MsgID>
<Status><![CDATA[success]]></Status>
</xml>

2016-04-19 07:48:42 params :
------------
Array:
rule : -2 ;
module :  ;
message : Array ;

2016-04-19 07:48:42 response :
------------

2016-04-19 07:53:02 trace :
------------
String:
<xml><ToUserName><![CDATA[gh_2157a6c86a35]]></ToUserName>
<FromUserName><![CDATA[oEcottwdRSG6HkIZwvuQXqa3QKng]]></FromUserName>
<CreateTime>1461023582</CreateTime>
<MsgType><![CDATA[event]]></MsgType>
<Event><![CDATA[TEMPLATESENDJOBFINISH]]></Event>
<MsgID>402985825</MsgID>
<Status><![CDATA[success]]></Status>
</xml>

2016-04-19 07:53:02 params :
------------
Array:
rule : -2 ;
module :  ;
message : Array ;

2016-04-19 07:53:02 response :
------------

2016-04-19 08:00:47 trace :
------------
String:
<xml><ToUserName><![CDATA[gh_2157a6c86a35]]></ToUserName>
<FromUserName><![CDATA[oEcott70voayiiyG-DpyHj7M30_4]]></FromUserName>
<CreateTime>1461024047</CreateTime>
<MsgType><![CDATA[event]]></MsgType>
<Event><![CDATA[TEMPLATESENDJOBFINISH]]></Event>
<MsgID>402985890</MsgID>
<Status><![CDATA[success]]></Status>
</xml>

2016-04-19 08:00:47 params :
------------
Array:
rule : -2 ;
module :  ;
message : Array ;

2016-04-19 08:00:47 response :
------------

2016-04-19 08:02:57 trace :
------------
String:
<xml><ToUserName><![CDATA[gh_2157a6c86a35]]></ToUserName>
<FromUserName><![CDATA[oEcottzBLHgNZQimwE8XOIsT1IY0]]></FromUserName>
<CreateTime>1461024177</CreateTime>
<MsgType><![CDATA[event]]></MsgType>
<Event><![CDATA[TEMPLATESENDJOBFINISH]]></Event>
<MsgID>402985921</MsgID>
<Status><![CDATA[success]]></Status>
</xml>

2016-04-19 08:02:57 params :
------------
Array:
rule : -2 ;
module :  ;
message : Array ;

2016-04-19 08:02:57 response :
------------

2016-04-19 08:04:44 trace :
------------
String:
<xml><ToUserName><![CDATA[gh_2157a6c86a35]]></ToUserName>
<FromUserName><![CDATA[oEcott_TScLOOrncqPhtzglnYENA]]></FromUserName>
<CreateTime>1461024284</CreateTime>
<MsgType><![CDATA[event]]></MsgType>
<Event><![CDATA[TEMPLATESENDJOBFINISH]]></Event>
<MsgID>402985952</MsgID>
<Status><![CDATA[success]]></Status>
</xml>

2016-04-19 08:04:44 params :
------------
Array:
rule : -2 ;
module :  ;
message : Array ;

2016-04-19 08:04:44 response :
------------

2016-04-19 08:06:07 trace :
------------
String:
<xml><ToUserName><![CDATA[gh_2157a6c86a35]]></ToUserName>
<FromUserName><![CDATA[oEcotty9Hy_CUxbMI7Ce1okwOCpk]]></FromUserName>
<CreateTime>1461024367</CreateTime>
<MsgType><![CDATA[event]]></MsgType>
<Event><![CDATA[TEMPLATESENDJOBFINISH]]></Event>
<MsgID>402985995</MsgID>
<Status><![CDATA[success]]></Status>
</xml>

2016-04-19 08:06:07 params :
------------
Array:
rule : -2 ;
module :  ;
message : Array ;

2016-04-19 08:06:07 response :
------------

2016-04-19 08:07:16 trace :
------------
String:
<xml><ToUserName><![CDATA[gh_2157a6c86a35]]></ToUserName>
<FromUserName><![CDATA[oEcott9j2Z30FezqLMZANHtpKRrc]]></FromUserName>
<CreateTime>1461024436</CreateTime>
<MsgType><![CDATA[event]]></MsgType>
<Event><![CDATA[TEMPLATESENDJOBFINISH]]></Event>
<MsgID>402986016</MsgID>
<Status><![CDATA[success]]></Status>
</xml>

2016-04-19 08:07:16 params :
------------
Array:
rule : -2 ;
module :  ;
message : Array ;

2016-04-19 08:07:16 response :
------------

2016-04-19 08:09:29 trace :
------------
String:
<xml><ToUserName><![CDATA[gh_2157a6c86a35]]></ToUserName>
<FromUserName><![CDATA[oEcott_HC4Mi8y5j3sFlJBgqhd9E]]></FromUserName>
<CreateTime>1461024569</CreateTime>
<MsgType><![CDATA[event]]></MsgType>
<Event><![CDATA[TEMPLATESENDJOBFINISH]]></Event>
<MsgID>402986057</MsgID>
<Status><![CDATA[success]]></Status>
</xml>

2016-04-19 08:09:29 params :
------------
Array:
rule : -2 ;
module :  ;
message : Array ;

2016-04-19 08:09:29 response :
------------

2016-04-19 08:09:51 trace :
------------
String:
<xml><ToUserName><![CDATA[gh_2157a6c86a35]]></ToUserName>
<FromUserName><![CDATA[oEcottzrsY0hiIxBYE3CK2zp6WYY]]></FromUserName>
<CreateTime>1461024591</CreateTime>
<MsgType><![CDATA[event]]></MsgType>
<Event><![CDATA[TEMPLATESENDJOBFINISH]]></Event>
<MsgID>402986058</MsgID>
<Status><![CDATA[success]]></Status>
</xml>

2016-04-19 08:09:51 params :
------------
Array:
rule : -2 ;
module :  ;
message : Array ;

2016-04-19 08:09:51 response :
------------

2016-04-19 08:10:13 trace :
------------
String:
<xml><ToUserName><![CDATA[gh_2157a6c86a35]]></ToUserName>
<FromUserName><![CDATA[oEcott2dwp2nY9k0xvuKyswBnhkQ]]></FromUserName>
<CreateTime>1461024613</CreateTime>
<MsgType><![CDATA[event]]></MsgType>
<Event><![CDATA[TEMPLATESENDJOBFINISH]]></Event>
<MsgID>402986064</MsgID>
<Status><![CDATA[success]]></Status>
</xml>

2016-04-19 08:10:13 params :
------------
Array:
rule : -2 ;
module :  ;
message : Array ;

2016-04-19 08:10:13 response :
------------

2016-04-19 08:11:09 trace :
------------
String:
<xml><ToUserName><![CDATA[gh_2157a6c86a35]]></ToUserName>
<FromUserName><![CDATA[oEcott-O08EqTyB2vYvWY1DM_DPw]]></FromUserName>
<CreateTime>1461024669</CreateTime>
<MsgType><![CDATA[event]]></MsgType>
<Event><![CDATA[TEMPLATESENDJOBFINISH]]></Event>
<MsgID>402986085</MsgID>
<Status><![CDATA[success]]></Status>
</xml>

2016-04-19 08:11:09 params :
------------
Array:
rule : -2 ;
module :  ;
message : Array ;

2016-04-19 08:11:09 response :
------------

2016-04-19 08:11:12 trace :
------------
String:
<xml><ToUserName><![CDATA[gh_2157a6c86a35]]></ToUserName>
<FromUserName><![CDATA[oEcottw-XpAyVDw19kaEaIYggcQM]]></FromUserName>
<CreateTime>1461024672</CreateTime>
<MsgType><![CDATA[event]]></MsgType>
<Event><![CDATA[TEMPLATESENDJOBFINISH]]></Event>
<MsgID>402986086</MsgID>
<Status><![CDATA[success]]></Status>
</xml>

2016-04-19 08:11:12 params :
------------
Array:
rule : -2 ;
module :  ;
message : Array ;

2016-04-19 08:11:12 response :
------------

2016-04-19 08:11:18 trace :
------------
String:
<xml><ToUserName><![CDATA[gh_2157a6c86a35]]></ToUserName>
<FromUserName><![CDATA[oEcott-ABRgmooGIBYo6pfmvHqa8]]></FromUserName>
<CreateTime>1461024678</CreateTime>
<MsgType><![CDATA[event]]></MsgType>
<Event><![CDATA[TEMPLATESENDJOBFINISH]]></Event>
<MsgID>402986088</MsgID>
<Status><![CDATA[success]]></Status>
</xml>

2016-04-19 08:11:18 params :
------------
Array:
rule : -2 ;
module :  ;
message : Array ;

2016-04-19 08:11:18 response :
------------

2016-04-19 08:12:09 trace :
------------
String:
<xml><ToUserName><![CDATA[gh_2157a6c86a35]]></ToUserName>
<FromUserName><![CDATA[oEcott82FheWLXY2ft9sHxcV1YYQ]]></FromUserName>
<CreateTime>1461024729</CreateTime>
<MsgType><![CDATA[event]]></MsgType>
<Event><![CDATA[TEMPLATESENDJOBFINISH]]></Event>
<MsgID>402986103</MsgID>
<Status><![CDATA[success]]></Status>
</xml>

2016-04-19 08:12:09 params :
------------
Array:
rule : -2 ;
module :  ;
message : Array ;

2016-04-19 08:12:09 response :
------------

2016-04-19 08:15:08 trace :
------------
String:
<xml><ToUserName><![CDATA[gh_2157a6c86a35]]></ToUserName>
<FromUserName><![CDATA[oEcott9ljw-R0nLqj9w8n9-Ki3fk]]></FromUserName>
<CreateTime>1461024908</CreateTime>
<MsgType><![CDATA[event]]></MsgType>
<Event><![CDATA[TEMPLATESENDJOBFINISH]]></Event>
<MsgID>402986153</MsgID>
<Status><![CDATA[success]]></Status>
</xml>

2016-04-19 08:15:08 params :
------------
Array:
rule : -2 ;
module :  ;
message : Array ;

2016-04-19 08:15:08 response :
------------

2016-04-19 08:17:39 trace :
------------
String:
<xml><ToUserName><![CDATA[gh_2157a6c86a35]]></ToUserName>
<FromUserName><![CDATA[oEcottyNJ25zzQtzEyNqnQxM1MOA]]></FromUserName>
<CreateTime>1461025059</CreateTime>
<MsgType><![CDATA[event]]></MsgType>
<Event><![CDATA[TEMPLATESENDJOBFINISH]]></Event>
<MsgID>402986182</MsgID>
<Status><![CDATA[success]]></Status>
</xml>

2016-04-19 08:17:39 params :
------------
Array:
rule : -2 ;
module :  ;
message : Array ;

2016-04-19 08:17:39 response :
------------

2016-04-19 08:18:02 trace :
------------
String:
<xml><ToUserName><![CDATA[gh_2157a6c86a35]]></ToUserName>
<FromUserName><![CDATA[oEcott4a-0QekZBexvAtcmke-D4w]]></FromUserName>
<CreateTime>1461025082</CreateTime>
<MsgType><![CDATA[event]]></MsgType>
<Event><![CDATA[TEMPLATESENDJOBFINISH]]></Event>
<MsgID>402986191</MsgID>
<Status><![CDATA[success]]></Status>
</xml>

2016-04-19 08:18:02 params :
------------
Array:
rule : -2 ;
module :  ;
message : Array ;

2016-04-19 08:18:02 response :
------------

2016-04-19 08:19:21 trace :
------------
String:
<xml><ToUserName><![CDATA[gh_2157a6c86a35]]></ToUserName>
<FromUserName><![CDATA[oEcott9F4fGtmM3DjKaM0uhQry4o]]></FromUserName>
<CreateTime>1461025161</CreateTime>
<MsgType><![CDATA[event]]></MsgType>
<Event><![CDATA[TEMPLATESENDJOBFINISH]]></Event>
<MsgID>402986212</MsgID>
<Status><![CDATA[success]]></Status>
</xml>

2016-04-19 08:19:21 params :
------------
Array:
rule : -2 ;
module :  ;
message : Array ;

2016-04-19 08:19:21 response :
------------

2016-04-19 08:20:16 trace :
------------
String:
<xml><ToUserName><![CDATA[gh_2157a6c86a35]]></ToUserName>
<FromUserName><![CDATA[oEcottwVEJ256h6vTGhxIdtgmqfM]]></FromUserName>
<CreateTime>1461025216</CreateTime>
<MsgType><![CDATA[event]]></MsgType>
<Event><![CDATA[TEMPLATESENDJOBFINISH]]></Event>
<MsgID>402986226</MsgID>
<Status><![CDATA[success]]></Status>
</xml>

2016-04-19 08:20:16 params :
------------
Array:
rule : -2 ;
module :  ;
message : Array ;

2016-04-19 08:20:16 response :
------------

2016-04-19 08:21:57 trace :
------------
String:
<xml><ToUserName><![CDATA[gh_2157a6c86a35]]></ToUserName>
<FromUserName><![CDATA[oEcott0BYGm77xwFerCfTO68jYpE]]></FromUserName>
<CreateTime>1461025317</CreateTime>
<MsgType><![CDATA[event]]></MsgType>
<Event><![CDATA[TEMPLATESENDJOBFINISH]]></Event>
<MsgID>402986249</MsgID>
<Status><![CDATA[success]]></Status>
</xml>

2016-04-19 08:21:57 params :
------------
Array:
rule : -2 ;
module :  ;
message : Array ;

2016-04-19 08:21:57 response :
------------

2016-04-19 08:22:12 trace :
------------
String:
<xml><ToUserName><![CDATA[gh_2157a6c86a35]]></ToUserName>
<FromUserName><![CDATA[oEcottxty6YaSaSyWDPLhYWgCpEo]]></FromUserName>
<CreateTime>1461025332</CreateTime>
<MsgType><![CDATA[event]]></MsgType>
<Event><![CDATA[TEMPLATESENDJOBFINISH]]></Event>
<MsgID>402986251</MsgID>
<Status><![CDATA[success]]></Status>
</xml>

2016-04-19 08:22:12 params :
------------
Array:
rule : -2 ;
module :  ;
message : Array ;

2016-04-19 08:22:12 response :
------------

2016-04-19 08:22:31 trace :
------------
String:
<xml><ToUserName><![CDATA[gh_2157a6c86a35]]></ToUserName>
<FromUserName><![CDATA[oEcott7ShK4TAzzs-r2z7vxof71E]]></FromUserName>
<CreateTime>1461025351</CreateTime>
<MsgType><![CDATA[event]]></MsgType>
<Event><![CDATA[TEMPLATESENDJOBFINISH]]></Event>
<MsgID>402986254</MsgID>
<Status><![CDATA[success]]></Status>
</xml>

2016-04-19 08:22:31 params :
------------
Array:
rule : -2 ;
module :  ;
message : Array ;

2016-04-19 08:22:31 response :
------------

2016-04-19 08:23:13 trace :
------------
String:
<xml><ToUserName><![CDATA[gh_2157a6c86a35]]></ToUserName>
<FromUserName><![CDATA[oEcott8j6IUHePzxE_Daw_DYK8eM]]></FromUserName>
<CreateTime>1461025393</CreateTime>
<MsgType><![CDATA[event]]></MsgType>
<Event><![CDATA[TEMPLATESENDJOBFINISH]]></Event>
<MsgID>402986272</MsgID>
<Status><![CDATA[success]]></Status>
</xml>

2016-04-19 08:23:13 params :
------------
Array:
rule : -2 ;
module :  ;
message : Array ;

2016-04-19 08:23:13 response :
------------

2016-04-19 08:23:50 trace :
------------
String:
<xml><ToUserName><![CDATA[gh_2157a6c86a35]]></ToUserName>
<FromUserName><![CDATA[oEcottwAqWW9x8Wo1YdwPF4SIpbs]]></FromUserName>
<CreateTime>1461025430</CreateTime>
<MsgType><![CDATA[event]]></MsgType>
<Event><![CDATA[TEMPLATESENDJOBFINISH]]></Event>
<MsgID>402986286</MsgID>
<Status><![CDATA[success]]></Status>
</xml>

2016-04-19 08:23:50 params :
------------
Array:
rule : -2 ;
module :  ;
message : Array ;

2016-04-19 08:23:50 response :
------------

2016-04-19 08:24:44 trace :
------------
String:
<xml><ToUserName><![CDATA[gh_2157a6c86a35]]></ToUserName>
<FromUserName><![CDATA[oEcott3J9KhtJb00_3ga_Kkmz2wo]]></FromUserName>
<CreateTime>1461025484</CreateTime>
<MsgType><![CDATA[event]]></MsgType>
<Event><![CDATA[TEMPLATESENDJOBFINISH]]></Event>
<MsgID>402986314</MsgID>
<Status><![CDATA[success]]></Status>
</xml>

2016-04-19 08:24:44 params :
------------
Array:
rule : -2 ;
module :  ;
message : Array ;

2016-04-19 08:24:44 response :
------------

2016-04-19 08:25:48 trace :
------------
String:
<xml><ToUserName><![CDATA[gh_2157a6c86a35]]></ToUserName>
<FromUserName><![CDATA[oEcott5JI0hsdoCxNPA10KHiY1kA]]></FromUserName>
<CreateTime>1461025548</CreateTime>
<MsgType><![CDATA[event]]></MsgType>
<Event><![CDATA[TEMPLATESENDJOBFINISH]]></Event>
<MsgID>402986331</MsgID>
<Status><![CDATA[success]]></Status>
</xml>

2016-04-19 08:25:48 params :
------------
Array:
rule : -2 ;
module :  ;
message : Array ;

2016-04-19 08:25:48 response :
------------

2016-04-19 08:29:21 trace :
------------
String:
<xml><ToUserName><![CDATA[gh_2157a6c86a35]]></ToUserName>
<FromUserName><![CDATA[oEcottwW2YU7yp_kBQarnTzqdlEs]]></FromUserName>
<CreateTime>1461025760</CreateTime>
<MsgType><![CDATA[event]]></MsgType>
<Event><![CDATA[TEMPLATESENDJOBFINISH]]></Event>
<MsgID>402986375</MsgID>
<Status><![CDATA[success]]></Status>
</xml>

2016-04-19 08:29:21 params :
------------
Array:
rule : -2 ;
module :  ;
message : Array ;

2016-04-19 08:29:21 response :
------------

2016-04-19 08:35:38 trace :
------------
String:
<xml><ToUserName><![CDATA[gh_2157a6c86a35]]></ToUserName>
<FromUserName><![CDATA[oEcott5b5wbU8rzCcze6w7sk3ZCE]]></FromUserName>
<CreateTime>1461026138</CreateTime>
<MsgType><![CDATA[event]]></MsgType>
<Event><![CDATA[TEMPLATESENDJOBFINISH]]></Event>
<MsgID>402986437</MsgID>
<Status><![CDATA[success]]></Status>
</xml>

2016-04-19 08:35:38 params :
------------
Array:
rule : -2 ;
module :  ;
message : Array ;

2016-04-19 08:35:38 response :
------------

2016-04-19 08:43:11 trace :
------------
String:
<xml><ToUserName><![CDATA[gh_2157a6c86a35]]></ToUserName>
<FromUserName><![CDATA[oEcottwqUGE1u3b5ckvGD0KWlBl8]]></FromUserName>
<CreateTime>1461026591</CreateTime>
<MsgType><![CDATA[event]]></MsgType>
<Event><![CDATA[TEMPLATESENDJOBFINISH]]></Event>
<MsgID>402986496</MsgID>
<Status><![CDATA[success]]></Status>
</xml>

2016-04-19 08:43:11 params :
------------
Array:
rule : -2 ;
module :  ;
message : Array ;

2016-04-19 08:43:11 response :
------------

2016-04-19 08:45:31 trace :
------------
String:
<xml><ToUserName><![CDATA[gh_2157a6c86a35]]></ToUserName>
<FromUserName><![CDATA[oEcottyilUy5tLd8vANXKGPG4EcA]]></FromUserName>
<CreateTime>1461026731</CreateTime>
<MsgType><![CDATA[event]]></MsgType>
<Event><![CDATA[TEMPLATESENDJOBFINISH]]></Event>
<MsgID>402986513</MsgID>
<Status><![CDATA[success]]></Status>
</xml>

2016-04-19 08:45:31 params :
------------
Array:
rule : -2 ;
module :  ;
message : Array ;

2016-04-19 08:45:31 response :
------------

2016-04-19 08:50:08 trace :
------------
String:
<xml><ToUserName><![CDATA[gh_2157a6c86a35]]></ToUserName>
<FromUserName><![CDATA[oEcott8QzR6FuIfbjGYBlK2rCCjY]]></FromUserName>
<CreateTime>1461027007</CreateTime>
<MsgType><![CDATA[event]]></MsgType>
<Event><![CDATA[TEMPLATESENDJOBFINISH]]></Event>
<MsgID>402986548</MsgID>
<Status><![CDATA[success]]></Status>
</xml>

2016-04-19 08:50:08 params :
------------
Array:
rule : -2 ;
module :  ;
message : Array ;

2016-04-19 08:50:08 response :
------------

2016-04-19 08:56:09 trace :
------------
String:
<xml><ToUserName><![CDATA[gh_2157a6c86a35]]></ToUserName>
<FromUserName><![CDATA[oEcott8-fHoACFiURkUXBYRZHEro]]></FromUserName>
<CreateTime>1461027369</CreateTime>
<MsgType><![CDATA[event]]></MsgType>
<Event><![CDATA[TEMPLATESENDJOBFINISH]]></Event>
<MsgID>402986602</MsgID>
<Status><![CDATA[success]]></Status>
</xml>

2016-04-19 08:56:09 params :
------------
Array:
rule : -2 ;
module :  ;
message : Array ;

2016-04-19 08:56:09 response :
------------

2016-04-19 08:58:37 trace :
------------
String:
<xml><ToUserName><![CDATA[gh_2157a6c86a35]]></ToUserName>
<FromUserName><![CDATA[oEcottwUAPs9DpzF09MOdy_19fZQ]]></FromUserName>
<CreateTime>1461027517</CreateTime>
<MsgType><![CDATA[event]]></MsgType>
<Event><![CDATA[TEMPLATESENDJOBFINISH]]></Event>
<MsgID>402986766</MsgID>
<Status><![CDATA[success]]></Status>
</xml>

2016-04-19 08:58:37 params :
------------
Array:
rule : -2 ;
module :  ;
message : Array ;

2016-04-19 08:58:37 response :
------------

2016-04-19 09:23:05 trace :
------------
String:
<xml><ToUserName><![CDATA[gh_2157a6c86a35]]></ToUserName>
<FromUserName><![CDATA[oEcott635Povl9tOo6clkek3iiWI]]></FromUserName>
<CreateTime>1461028985</CreateTime>
<MsgType><![CDATA[event]]></MsgType>
<Event><![CDATA[TEMPLATESENDJOBFINISH]]></Event>
<MsgID>402987043</MsgID>
<Status><![CDATA[success]]></Status>
</xml>

2016-04-19 09:23:05 params :
------------
Array:
rule : -2 ;
module :  ;
message : Array ;

2016-04-19 09:23:05 response :
------------

2016-04-19 09:34:45 trace :
------------
String:
<xml><ToUserName><![CDATA[gh_2157a6c86a35]]></ToUserName>
<FromUserName><![CDATA[oEcott8bXNlBO-pF9t-0J1dTDGPs]]></FromUserName>
<CreateTime>1461029685</CreateTime>
<MsgType><![CDATA[event]]></MsgType>
<Event><![CDATA[TEMPLATESENDJOBFINISH]]></Event>
<MsgID>402987172</MsgID>
<Status><![CDATA[success]]></Status>
</xml>

2016-04-19 09:34:45 params :
------------
Array:
rule : -2 ;
module :  ;
message : Array ;

2016-04-19 09:34:45 response :
------------

2016-04-19 10:08:46 trace :
------------
String:
<xml><ToUserName><![CDATA[gh_2157a6c86a35]]></ToUserName>
<FromUserName><![CDATA[oEcott52uezBMOS2iT-RAS8H9OZE]]></FromUserName>
<CreateTime>1461031726</CreateTime>
<MsgType><![CDATA[event]]></MsgType>
<Event><![CDATA[TEMPLATESENDJOBFINISH]]></Event>
<MsgID>402987515</MsgID>
<Status><![CDATA[success]]></Status>
</xml>

2016-04-19 10:08:46 params :
------------
Array:
rule : -2 ;
module :  ;
message : Array ;

2016-04-19 10:08:46 response :
------------

2016-04-19 10:14:12 trace :
------------
String:
<xml><ToUserName><![CDATA[gh_081ee8610e82]]></ToUserName>
<FromUserName><![CDATA[ohNDtvjueIkLU7218kMXz93i7DY8]]></FromUserName>
<CreateTime>1461032052</CreateTime>
<MsgType><![CDATA[event]]></MsgType>
<Event><![CDATA[VIEW]]></Event>
<EventKey><![CDATA[http://m.igrow.cn/m/school/website/1390]]></EventKey>
<MenuId>402697403</MenuId>
</xml>

2016-04-19 10:14:12 params :
------------
Array:
message : Array ;
module : basic ;
rule : 14 ;
priority : 0 ;
keyword : Array ;

2016-04-19 10:14:12 response :
------------
Array:
FromUserName : gh_081ee8610e82 ;
ToUserName : ohNDtvjueIkLU7218kMXz93i7DY8 ;
MsgType : text ;
Content : 欢迎关注杭州师范大学附属仓前实验中学，请点击菜单使用。 ;

2016-04-19 10:14:28 trace :
------------
String:
<xml><ToUserName><![CDATA[gh_081ee8610e82]]></ToUserName>
<FromUserName><![CDATA[ohNDtvjueIkLU7218kMXz93i7DY8]]></FromUserName>
<CreateTime>1461032068</CreateTime>
<MsgType><![CDATA[event]]></MsgType>
<Event><![CDATA[VIEW]]></Event>
<EventKey><![CDATA[http://m.igrow.cn/m/school/website/1390]]></EventKey>
<MenuId>402697403</MenuId>
</xml>

2016-04-19 10:14:28 params :
------------
Array:
message : Array ;
module : basic ;
rule : 14 ;
priority : 0 ;
keyword : Array ;

2016-04-19 10:14:28 response :
------------
Array:
FromUserName : gh_081ee8610e82 ;
ToUserName : ohNDtvjueIkLU7218kMXz93i7DY8 ;
MsgType : text ;
Content : 欢迎关注杭州师范大学附属仓前实验中学，请点击菜单使用。 ;

2016-04-19 10:15:26 trace :
------------
String:
<xml><ToUserName><![CDATA[gh_081ee8610e82]]></ToUserName>
<FromUserName><![CDATA[ohNDtvjueIkLU7218kMXz93i7DY8]]></FromUserName>
<CreateTime>1461032126</CreateTime>
<MsgType><![CDATA[event]]></MsgType>
<Event><![CDATA[VIEW]]></Event>
<EventKey><![CDATA[http://m.igrow.cn/m/school/website/1390]]></EventKey>
<MenuId>402697403</MenuId>
</xml>

2016-04-19 10:15:26 params :
------------
Array:
message : Array ;
module : basic ;
rule : 14 ;
priority : 0 ;
keyword : Array ;

2016-04-19 10:15:26 response :
------------
Array:
FromUserName : gh_081ee8610e82 ;
ToUserName : ohNDtvjueIkLU7218kMXz93i7DY8 ;
MsgType : text ;
Content : 欢迎关注杭州师范大学附属仓前实验中学，请点击菜单使用。 ;

2016-04-19 10:16:15 trace :
------------
String:
<xml><ToUserName><![CDATA[gh_081ee8610e82]]></ToUserName>
<FromUserName><![CDATA[ohNDtvjueIkLU7218kMXz93i7DY8]]></FromUserName>
<CreateTime>1461032175</CreateTime>
<MsgType><![CDATA[event]]></MsgType>
<Event><![CDATA[VIEW]]></Event>
<EventKey><![CDATA[http://m.igrow.cn/m/school/website/1390]]></EventKey>
<MenuId>402697403</MenuId>
</xml>

2016-04-19 10:16:15 params :
------------
Array:
message : Array ;
module : basic ;
rule : 14 ;
priority : 0 ;
keyword : Array ;

2016-04-19 10:16:15 response :
------------
Array:
FromUserName : gh_081ee8610e82 ;
ToUserName : ohNDtvjueIkLU7218kMXz93i7DY8 ;
MsgType : text ;
Content : 欢迎关注杭州师范大学附属仓前实验中学，请点击菜单使用。 ;

2016-04-19 10:16:35 trace :
------------
String:
<xml><ToUserName><![CDATA[gh_081ee8610e82]]></ToUserName>
<FromUserName><![CDATA[ohNDtvjueIkLU7218kMXz93i7DY8]]></FromUserName>
<CreateTime>1461032195</CreateTime>
<MsgType><![CDATA[event]]></MsgType>
<Event><![CDATA[VIEW]]></Event>
<EventKey><![CDATA[http://www.9kpu.com/app/index.php?i=4&c=entry&eid=1]]></EventKey>
<MenuId>402697403</MenuId>
</xml>

2016-04-19 10:16:35 params :
------------
Array:
message : Array ;
module : basic ;
rule : 14 ;
priority : 0 ;
keyword : Array ;

2016-04-19 10:16:35 response :
------------
Array:
FromUserName : gh_081ee8610e82 ;
ToUserName : ohNDtvjueIkLU7218kMXz93i7DY8 ;
MsgType : text ;
Content : 欢迎关注杭州师范大学附属仓前实验中学，请点击菜单使用。 ;

2016-04-19 10:16:59 trace :
------------
String:
<xml><ToUserName><![CDATA[gh_081ee8610e82]]></ToUserName>
<FromUserName><![CDATA[ohNDtvjueIkLU7218kMXz93i7DY8]]></FromUserName>
<CreateTime>1461032219</CreateTime>
<MsgType><![CDATA[event]]></MsgType>
<Event><![CDATA[VIEW]]></Event>
<EventKey><![CDATA[http://www.9kpu.com/app/index.php?i=4&c=entry&eid=2]]></EventKey>
<MenuId>402697403</MenuId>
</xml>

2016-04-19 10:16:59 params :
------------
Array:
message : Array ;
module : basic ;
rule : 14 ;
priority : 0 ;
keyword : Array ;

2016-04-19 10:16:59 response :
------------
Array:
FromUserName : gh_081ee8610e82 ;
ToUserName : ohNDtvjueIkLU7218kMXz93i7DY8 ;
MsgType : text ;
Content : 欢迎关注杭州师范大学附属仓前实验中学，请点击菜单使用。 ;

2016-04-19 10:26:11 trace :
------------
String:
<xml><ToUserName><![CDATA[gh_081ee8610e82]]></ToUserName>
<FromUserName><![CDATA[ohNDtvjueIkLU7218kMXz93i7DY8]]></FromUserName>
<CreateTime>1461032771</CreateTime>
<MsgType><![CDATA[event]]></MsgType>
<Event><![CDATA[VIEW]]></Event>
<EventKey><![CDATA[http://m.igrow.cn/m/school/website/1390]]></EventKey>
<MenuId>402697403</MenuId>
</xml>

2016-04-19 10:26:11 params :
------------
Array:
message : Array ;
module : basic ;
rule : 14 ;
priority : 0 ;
keyword : Array ;

2016-04-19 10:26:11 response :
------------
Array:
FromUserName : gh_081ee8610e82 ;
ToUserName : ohNDtvjueIkLU7218kMXz93i7DY8 ;
MsgType : text ;
Content : 欢迎关注杭州师范大学附属仓前实验中学，请点击菜单使用。 ;

2016-04-19 10:26:15 trace :
------------
String:
<xml><ToUserName><![CDATA[gh_081ee8610e82]]></ToUserName>
<FromUserName><![CDATA[ohNDtvjueIkLU7218kMXz93i7DY8]]></FromUserName>
<CreateTime>1461032775</CreateTime>
<MsgType><![CDATA[event]]></MsgType>
<Event><![CDATA[VIEW]]></Event>
<EventKey><![CDATA[http://m.igrow.cn/m/school/website/1390]]></EventKey>
<MenuId>402697403</MenuId>
</xml>

2016-04-19 10:26:15 params :
------------
Array:
message : Array ;
module : basic ;
rule : 14 ;
priority : 0 ;
keyword : Array ;

2016-04-19 10:26:15 response :
------------
Array:
FromUserName : gh_081ee8610e82 ;
ToUserName : ohNDtvjueIkLU7218kMXz93i7DY8 ;
MsgType : text ;
Content : 欢迎关注杭州师范大学附属仓前实验中学，请点击菜单使用。 ;

2016-04-19 10:26:41 trace :
------------
String:
<xml><ToUserName><![CDATA[gh_081ee8610e82]]></ToUserName>
<FromUserName><![CDATA[ohNDtvjueIkLU7218kMXz93i7DY8]]></FromUserName>
<CreateTime>1461032801</CreateTime>
<MsgType><![CDATA[event]]></MsgType>
<Event><![CDATA[VIEW]]></Event>
<EventKey><![CDATA[http://www.9kpu.com/app/index.php?i=4&c=entry&eid=1]]></EventKey>
<MenuId>402697403</MenuId>
</xml>

2016-04-19 10:26:41 params :
------------
Array:
message : Array ;
module : basic ;
rule : 14 ;
priority : 0 ;
keyword : Array ;

2016-04-19 10:26:41 response :
------------
Array:
FromUserName : gh_081ee8610e82 ;
ToUserName : ohNDtvjueIkLU7218kMXz93i7DY8 ;
MsgType : text ;
Content : 欢迎关注杭州师范大学附属仓前实验中学，请点击菜单使用。 ;

2016-04-19 10:26:50 trace :
------------
String:
<xml><ToUserName><![CDATA[gh_081ee8610e82]]></ToUserName>
<FromUserName><![CDATA[ohNDtvjueIkLU7218kMXz93i7DY8]]></FromUserName>
<CreateTime>1461032810</CreateTime>
<MsgType><![CDATA[event]]></MsgType>
<Event><![CDATA[VIEW]]></Event>
<EventKey><![CDATA[http://www.9kpu.com/app/index.php?i=4&c=entry&eid=2]]></EventKey>
<MenuId>402697403</MenuId>
</xml>

2016-04-19 10:26:50 params :
------------
Array:
message : Array ;
module : basic ;
rule : 14 ;
priority : 0 ;
keyword : Array ;

2016-04-19 10:26:50 response :
------------
Array:
FromUserName : gh_081ee8610e82 ;
ToUserName : ohNDtvjueIkLU7218kMXz93i7DY8 ;
MsgType : text ;
Content : 欢迎关注杭州师范大学附属仓前实验中学，请点击菜单使用。 ;

2016-04-19 10:26:56 trace :
------------
String:
<xml><ToUserName><![CDATA[gh_081ee8610e82]]></ToUserName>
<FromUserName><![CDATA[ohNDtvjueIkLU7218kMXz93i7DY8]]></FromUserName>
<CreateTime>1461032816</CreateTime>
<MsgType><![CDATA[event]]></MsgType>
<Event><![CDATA[VIEW]]></Event>
<EventKey><![CDATA[http://m.igrow.cn/m/school/website/1390]]></EventKey>
<MenuId>402697403</MenuId>
</xml>

2016-04-19 10:26:56 params :
------------
Array:
message : Array ;
module : basic ;
rule : 14 ;
priority : 0 ;
keyword : Array ;

2016-04-19 10:26:56 response :
------------
Array:
FromUserName : gh_081ee8610e82 ;
ToUserName : ohNDtvjueIkLU7218kMXz93i7DY8 ;
MsgType : text ;
Content : 欢迎关注杭州师范大学附属仓前实验中学，请点击菜单使用。 ;

2016-04-19 10:27:04 trace :
------------
String:
<xml><ToUserName><![CDATA[gh_081ee8610e82]]></ToUserName>
<FromUserName><![CDATA[ohNDtvjueIkLU7218kMXz93i7DY8]]></FromUserName>
<CreateTime>1461032824</CreateTime>
<MsgType><![CDATA[event]]></MsgType>
<Event><![CDATA[VIEW]]></Event>
<EventKey><![CDATA[http://www.9kpu.com/app/index.php?i=4&c=entry&eid=1]]></EventKey>
<MenuId>402697403</MenuId>
</xml>

2016-04-19 10:27:04 params :
------------
Array:
message : Array ;
module : basic ;
rule : 14 ;
priority : 0 ;
keyword : Array ;

2016-04-19 10:27:04 response :
------------
Array:
FromUserName : gh_081ee8610e82 ;
ToUserName : ohNDtvjueIkLU7218kMXz93i7DY8 ;
MsgType : text ;
Content : 欢迎关注杭州师范大学附属仓前实验中学，请点击菜单使用。 ;

2016-04-19 10:27:27 trace :
------------
String:
<xml><ToUserName><![CDATA[gh_081ee8610e82]]></ToUserName>
<FromUserName><![CDATA[ohNDtvjueIkLU7218kMXz93i7DY8]]></FromUserName>
<CreateTime>1461032847</CreateTime>
<MsgType><![CDATA[event]]></MsgType>
<Event><![CDATA[VIEW]]></Event>
<EventKey><![CDATA[http://m.igrow.cn/m/school/website/1390]]></EventKey>
<MenuId>402697403</MenuId>
</xml>

2016-04-19 10:27:27 params :
------------
Array:
message : Array ;
module : basic ;
rule : 14 ;
priority : 0 ;
keyword : Array ;

2016-04-19 10:27:27 response :
------------
Array:
FromUserName : gh_081ee8610e82 ;
ToUserName : ohNDtvjueIkLU7218kMXz93i7DY8 ;
MsgType : text ;
Content : 欢迎关注杭州师范大学附属仓前实验中学，请点击菜单使用。 ;

2016-04-19 10:29:44 trace :
------------
String:
<xml><ToUserName><![CDATA[gh_081ee8610e82]]></ToUserName>
<FromUserName><![CDATA[ohNDtvjueIkLU7218kMXz93i7DY8]]></FromUserName>
<CreateTime>1461032984</CreateTime>
<MsgType><![CDATA[event]]></MsgType>
<Event><![CDATA[VIEW]]></Event>
<EventKey><![CDATA[http://m.igrow.cn/m/school/website/1390]]></EventKey>
<MenuId>402697403</MenuId>
</xml>

2016-04-19 10:29:44 params :
------------
Array:
message : Array ;
module : basic ;
rule : 14 ;
priority : 0 ;
keyword : Array ;

2016-04-19 10:29:44 response :
------------
Array:
FromUserName : gh_081ee8610e82 ;
ToUserName : ohNDtvjueIkLU7218kMXz93i7DY8 ;
MsgType : text ;
Content : 欢迎关注杭州师范大学附属仓前实验中学，请点击菜单使用。 ;

2016-04-19 10:29:56 trace :
------------
String:
<xml><ToUserName><![CDATA[gh_081ee8610e82]]></ToUserName>
<FromUserName><![CDATA[ohNDtvjueIkLU7218kMXz93i7DY8]]></FromUserName>
<CreateTime>1461032996</CreateTime>
<MsgType><![CDATA[event]]></MsgType>
<Event><![CDATA[VIEW]]></Event>
<EventKey><![CDATA[http://www.9kpu.com/app/index.php?i=4&c=entry&eid=1]]></EventKey>
<MenuId>402697403</MenuId>
</xml>

2016-04-19 10:29:56 params :
------------
Array:
message : Array ;
module : basic ;
rule : 14 ;
priority : 0 ;
keyword : Array ;

2016-04-19 10:29:56 response :
------------
Array:
FromUserName : gh_081ee8610e82 ;
ToUserName : ohNDtvjueIkLU7218kMXz93i7DY8 ;
MsgType : text ;
Content : 欢迎关注杭州师范大学附属仓前实验中学，请点击菜单使用。 ;

2016-04-19 10:30:01 trace :
------------
String:
<xml><ToUserName><![CDATA[gh_081ee8610e82]]></ToUserName>
<FromUserName><![CDATA[ohNDtvjueIkLU7218kMXz93i7DY8]]></FromUserName>
<CreateTime>1461033001</CreateTime>
<MsgType><![CDATA[event]]></MsgType>
<Event><![CDATA[VIEW]]></Event>
<EventKey><![CDATA[http://www.9kpu.com/app/index.php?i=4&c=entry&eid=2]]></EventKey>
<MenuId>402697403</MenuId>
</xml>

2016-04-19 10:30:01 params :
------------
Array:
message : Array ;
module : basic ;
rule : 14 ;
priority : 0 ;
keyword : Array ;

2016-04-19 10:30:01 response :
------------
Array:
FromUserName : gh_081ee8610e82 ;
ToUserName : ohNDtvjueIkLU7218kMXz93i7DY8 ;
MsgType : text ;
Content : 欢迎关注杭州师范大学附属仓前实验中学，请点击菜单使用。 ;

2016-04-19 10:30:07 trace :
------------
String:
<xml><ToUserName><![CDATA[gh_081ee8610e82]]></ToUserName>
<FromUserName><![CDATA[ohNDtvjueIkLU7218kMXz93i7DY8]]></FromUserName>
<CreateTime>1461033007</CreateTime>
<MsgType><![CDATA[event]]></MsgType>
<Event><![CDATA[VIEW]]></Event>
<EventKey><![CDATA[http://m.igrow.cn/m/school/website/1390]]></EventKey>
<MenuId>402697403</MenuId>
</xml>

2016-04-19 10:30:07 params :
------------
Array:
message : Array ;
module : basic ;
rule : 14 ;
priority : 0 ;
keyword : Array ;

2016-04-19 10:30:07 response :
------------
Array:
FromUserName : gh_081ee8610e82 ;
ToUserName : ohNDtvjueIkLU7218kMXz93i7DY8 ;
MsgType : text ;
Content : 欢迎关注杭州师范大学附属仓前实验中学，请点击菜单使用。 ;

2016-04-19 10:30:18 trace :
------------
String:
<xml><ToUserName><![CDATA[gh_081ee8610e82]]></ToUserName>
<FromUserName><![CDATA[ohNDtvjueIkLU7218kMXz93i7DY8]]></FromUserName>
<CreateTime>1461033018</CreateTime>
<MsgType><![CDATA[event]]></MsgType>
<Event><![CDATA[VIEW]]></Event>
<EventKey><![CDATA[http://m.igrow.cn/m/school/website/1390]]></EventKey>
<MenuId>402697403</MenuId>
</xml>

2016-04-19 10:30:18 params :
------------
Array:
message : Array ;
module : basic ;
rule : 14 ;
priority : 0 ;
keyword : Array ;

2016-04-19 10:30:18 response :
------------
Array:
FromUserName : gh_081ee8610e82 ;
ToUserName : ohNDtvjueIkLU7218kMXz93i7DY8 ;
MsgType : text ;
Content : 欢迎关注杭州师范大学附属仓前实验中学，请点击菜单使用。 ;

2016-04-19 10:30:30 trace :
------------
String:
<xml><ToUserName><![CDATA[gh_081ee8610e82]]></ToUserName>
<FromUserName><![CDATA[ohNDtvjueIkLU7218kMXz93i7DY8]]></FromUserName>
<CreateTime>1461033030</CreateTime>
<MsgType><![CDATA[event]]></MsgType>
<Event><![CDATA[VIEW]]></Event>
<EventKey><![CDATA[http://m.igrow.cn/m/school/website/1390]]></EventKey>
<MenuId>402697403</MenuId>
</xml>

2016-04-19 10:30:30 params :
------------
Array:
message : Array ;
module : basic ;
rule : 14 ;
priority : 0 ;
keyword : Array ;

2016-04-19 10:30:30 response :
------------
Array:
FromUserName : gh_081ee8610e82 ;
ToUserName : ohNDtvjueIkLU7218kMXz93i7DY8 ;
MsgType : text ;
Content : 欢迎关注杭州师范大学附属仓前实验中学，请点击菜单使用。 ;

2016-04-19 10:30:39 trace :
------------
String:
<xml><ToUserName><![CDATA[gh_081ee8610e82]]></ToUserName>
<FromUserName><![CDATA[ohNDtvjueIkLU7218kMXz93i7DY8]]></FromUserName>
<CreateTime>1461033039</CreateTime>
<MsgType><![CDATA[event]]></MsgType>
<Event><![CDATA[VIEW]]></Event>
<EventKey><![CDATA[http://m.igrow.cn/m/school/website/1390]]></EventKey>
<MenuId>402697403</MenuId>
</xml>

2016-04-19 10:30:39 params :
------------
Array:
message : Array ;
module : basic ;
rule : 14 ;
priority : 0 ;
keyword : Array ;

2016-04-19 10:30:39 response :
------------
Array:
FromUserName : gh_081ee8610e82 ;
ToUserName : ohNDtvjueIkLU7218kMXz93i7DY8 ;
MsgType : text ;
Content : 欢迎关注杭州师范大学附属仓前实验中学，请点击菜单使用。 ;

2016-04-19 10:30:53 trace :
------------
String:
<xml><ToUserName><![CDATA[gh_081ee8610e82]]></ToUserName>
<FromUserName><![CDATA[ohNDtvjueIkLU7218kMXz93i7DY8]]></FromUserName>
<CreateTime>1461033052</CreateTime>
<MsgType><![CDATA[event]]></MsgType>
<Event><![CDATA[VIEW]]></Event>
<EventKey><![CDATA[http://m.igrow.cn/m/school/website/1390]]></EventKey>
<MenuId>402697403</MenuId>
</xml>

2016-04-19 10:30:53 params :
------------
Array:
message : Array ;
module : basic ;
rule : 14 ;
priority : 0 ;
keyword : Array ;

2016-04-19 10:30:53 response :
------------
Array:
FromUserName : gh_081ee8610e82 ;
ToUserName : ohNDtvjueIkLU7218kMXz93i7DY8 ;
MsgType : text ;
Content : 欢迎关注杭州师范大学附属仓前实验中学，请点击菜单使用。 ;

2016-04-19 10:31:06 trace :
------------
String:
<xml><ToUserName><![CDATA[gh_081ee8610e82]]></ToUserName>
<FromUserName><![CDATA[ohNDtvjueIkLU7218kMXz93i7DY8]]></FromUserName>
<CreateTime>1461033066</CreateTime>
<MsgType><![CDATA[event]]></MsgType>
<Event><![CDATA[VIEW]]></Event>
<EventKey><![CDATA[http://m.igrow.cn/m/school/website/1390]]></EventKey>
<MenuId>402697403</MenuId>
</xml>

2016-04-19 10:31:06 params :
------------
Array:
message : Array ;
module : basic ;
rule : 14 ;
priority : 0 ;
keyword : Array ;

2016-04-19 10:31:06 response :
------------
Array:
FromUserName : gh_081ee8610e82 ;
ToUserName : ohNDtvjueIkLU7218kMXz93i7DY8 ;
MsgType : text ;
Content : 欢迎关注杭州师范大学附属仓前实验中学，请点击菜单使用。 ;

2016-04-19 10:32:14 trace :
------------
String:
<xml><ToUserName><![CDATA[gh_081ee8610e82]]></ToUserName>
<FromUserName><![CDATA[ohNDtvjueIkLU7218kMXz93i7DY8]]></FromUserName>
<CreateTime>1461033134</CreateTime>
<MsgType><![CDATA[event]]></MsgType>
<Event><![CDATA[VIEW]]></Event>
<EventKey><![CDATA[http://m.igrow.cn/m/school/website/1390]]></EventKey>
<MenuId>402697403</MenuId>
</xml>

2016-04-19 10:32:14 params :
------------
Array:
message : Array ;
module : basic ;
rule : 14 ;
priority : 0 ;
keyword : Array ;

2016-04-19 10:32:14 response :
------------
Array:
FromUserName : gh_081ee8610e82 ;
ToUserName : ohNDtvjueIkLU7218kMXz93i7DY8 ;
MsgType : text ;
Content : 欢迎关注杭州师范大学附属仓前实验中学，请点击菜单使用。 ;

2016-04-19 10:32:26 trace :
------------
String:
<xml><ToUserName><![CDATA[gh_081ee8610e82]]></ToUserName>
<FromUserName><![CDATA[ohNDtvjueIkLU7218kMXz93i7DY8]]></FromUserName>
<CreateTime>1461033146</CreateTime>
<MsgType><![CDATA[event]]></MsgType>
<Event><![CDATA[VIEW]]></Event>
<EventKey><![CDATA[http://www.9kpu.com/app/index.php?i=4&c=entry&eid=1]]></EventKey>
<MenuId>402697403</MenuId>
</xml>

2016-04-19 10:32:26 params :
------------
Array:
message : Array ;
module : basic ;
rule : 14 ;
priority : 0 ;
keyword : Array ;

2016-04-19 10:32:26 response :
------------
Array:
FromUserName : gh_081ee8610e82 ;
ToUserName : ohNDtvjueIkLU7218kMXz93i7DY8 ;
MsgType : text ;
Content : 欢迎关注杭州师范大学附属仓前实验中学，请点击菜单使用。 ;

2016-04-19 10:32:53 trace :
------------
String:
<xml><ToUserName><![CDATA[gh_081ee8610e82]]></ToUserName>
<FromUserName><![CDATA[ohNDtvjueIkLU7218kMXz93i7DY8]]></FromUserName>
<CreateTime>1461033173</CreateTime>
<MsgType><![CDATA[event]]></MsgType>
<Event><![CDATA[VIEW]]></Event>
<EventKey><![CDATA[http://www.9kpu.com/app/index.php?i=4&c=entry&eid=2]]></EventKey>
<MenuId>402697403</MenuId>
</xml>

2016-04-19 10:32:53 params :
------------
Array:
message : Array ;
module : basic ;
rule : 14 ;
priority : 0 ;
keyword : Array ;

2016-04-19 10:32:53 response :
------------
Array:
FromUserName : gh_081ee8610e82 ;
ToUserName : ohNDtvjueIkLU7218kMXz93i7DY8 ;
MsgType : text ;
Content : 欢迎关注杭州师范大学附属仓前实验中学，请点击菜单使用。 ;

2016-04-19 10:37:05 trace :
------------
String:
<xml><ToUserName><![CDATA[gh_081ee8610e82]]></ToUserName>
<FromUserName><![CDATA[ohNDtvjueIkLU7218kMXz93i7DY8]]></FromUserName>
<CreateTime>1461033425</CreateTime>
<MsgType><![CDATA[event]]></MsgType>
<Event><![CDATA[VIEW]]></Event>
<EventKey><![CDATA[http://www.9kpu.com/app/index.php?i=4&c=entry&eid=1]]></EventKey>
<MenuId>402697403</MenuId>
</xml>

2016-04-19 10:37:05 params :
------------
Array:
message : Array ;
module : basic ;
rule : 14 ;
priority : 0 ;
keyword : Array ;

2016-04-19 10:37:05 response :
------------
Array:
FromUserName : gh_081ee8610e82 ;
ToUserName : ohNDtvjueIkLU7218kMXz93i7DY8 ;
MsgType : text ;
Content : 欢迎关注杭州师范大学附属仓前实验中学，请点击菜单使用。 ;

2016-04-19 10:37:50 trace :
------------
String:
<xml><ToUserName><![CDATA[gh_081ee8610e82]]></ToUserName>
<FromUserName><![CDATA[ohNDtvjueIkLU7218kMXz93i7DY8]]></FromUserName>
<CreateTime>1461033470</CreateTime>
<MsgType><![CDATA[event]]></MsgType>
<Event><![CDATA[VIEW]]></Event>
<EventKey><![CDATA[http://m.igrow.cn/m/school/website/1390]]></EventKey>
<MenuId>402697403</MenuId>
</xml>

2016-04-19 10:37:50 params :
------------
Array:
message : Array ;
module : basic ;
rule : 14 ;
priority : 0 ;
keyword : Array ;

2016-04-19 10:37:50 response :
------------
Array:
FromUserName : gh_081ee8610e82 ;
ToUserName : ohNDtvjueIkLU7218kMXz93i7DY8 ;
MsgType : text ;
Content : 欢迎关注杭州师范大学附属仓前实验中学，请点击菜单使用。 ;

2016-04-19 10:38:02 trace :
------------
String:
<xml><ToUserName><![CDATA[gh_081ee8610e82]]></ToUserName>
<FromUserName><![CDATA[ohNDtvjueIkLU7218kMXz93i7DY8]]></FromUserName>
<CreateTime>1461033482</CreateTime>
<MsgType><![CDATA[event]]></MsgType>
<Event><![CDATA[VIEW]]></Event>
<EventKey><![CDATA[http://www.9kpu.com/app/index.php?i=4&c=entry&eid=1]]></EventKey>
<MenuId>402697403</MenuId>
</xml>

2016-04-19 10:38:02 params :
------------
Array:
message : Array ;
module : basic ;
rule : 14 ;
priority : 0 ;
keyword : Array ;

2016-04-19 10:38:02 response :
------------
Array:
FromUserName : gh_081ee8610e82 ;
ToUserName : ohNDtvjueIkLU7218kMXz93i7DY8 ;
MsgType : text ;
Content : 欢迎关注杭州师范大学附属仓前实验中学，请点击菜单使用。 ;

2016-04-19 10:41:48 trace :
------------
String:
<xml><ToUserName><![CDATA[gh_081ee8610e82]]></ToUserName>
<FromUserName><![CDATA[ohNDtvjueIkLU7218kMXz93i7DY8]]></FromUserName>
<CreateTime>1461033708</CreateTime>
<MsgType><![CDATA[event]]></MsgType>
<Event><![CDATA[VIEW]]></Event>
<EventKey><![CDATA[http://www.9kpu.com/app/index.php?i=4&c=entry&eid=1]]></EventKey>
<MenuId>402697403</MenuId>
</xml>

2016-04-19 10:41:48 params :
------------
Array:
message : Array ;
module : basic ;
rule : 14 ;
priority : 0 ;
keyword : Array ;

2016-04-19 10:41:48 response :
------------
Array:
FromUserName : gh_081ee8610e82 ;
ToUserName : ohNDtvjueIkLU7218kMXz93i7DY8 ;
MsgType : text ;
Content : 欢迎关注杭州师范大学附属仓前实验中学，请点击菜单使用。 ;

2016-04-19 10:43:29 trace :
------------
String:
<xml><ToUserName><![CDATA[gh_081ee8610e82]]></ToUserName>
<FromUserName><![CDATA[ohNDtvjueIkLU7218kMXz93i7DY8]]></FromUserName>
<CreateTime>1461033809</CreateTime>
<MsgType><![CDATA[event]]></MsgType>
<Event><![CDATA[VIEW]]></Event>
<EventKey><![CDATA[http://www.9kpu.com/app/index.php?i=4&c=entry&eid=1]]></EventKey>
<MenuId>402697403</MenuId>
</xml>

2016-04-19 10:43:29 params :
------------
Array:
message : Array ;
module : basic ;
rule : 14 ;
priority : 0 ;
keyword : Array ;

2016-04-19 10:43:29 response :
------------
Array:
FromUserName : gh_081ee8610e82 ;
ToUserName : ohNDtvjueIkLU7218kMXz93i7DY8 ;
MsgType : text ;
Content : 欢迎关注杭州师范大学附属仓前实验中学，请点击菜单使用。 ;

2016-04-19 10:43:51 trace :
------------
String:
<xml><ToUserName><![CDATA[gh_081ee8610e82]]></ToUserName>
<FromUserName><![CDATA[ohNDtvjueIkLU7218kMXz93i7DY8]]></FromUserName>
<CreateTime>1461033831</CreateTime>
<MsgType><![CDATA[event]]></MsgType>
<Event><![CDATA[VIEW]]></Event>
<EventKey><![CDATA[http://m.igrow.cn/m/school/website/1390]]></EventKey>
<MenuId>402697403</MenuId>
</xml>

2016-04-19 10:43:51 params :
------------
Array:
message : Array ;
module : basic ;
rule : 14 ;
priority : 0 ;
keyword : Array ;

2016-04-19 10:43:51 response :
------------
Array:
FromUserName : gh_081ee8610e82 ;
ToUserName : ohNDtvjueIkLU7218kMXz93i7DY8 ;
MsgType : text ;
Content : 欢迎关注杭州师范大学附属仓前实验中学，请点击菜单使用。 ;

2016-04-19 10:44:12 trace :
------------
String:
<xml><ToUserName><![CDATA[gh_081ee8610e82]]></ToUserName>
<FromUserName><![CDATA[ohNDtvjueIkLU7218kMXz93i7DY8]]></FromUserName>
<CreateTime>1461033852</CreateTime>
<MsgType><![CDATA[event]]></MsgType>
<Event><![CDATA[VIEW]]></Event>
<EventKey><![CDATA[http://www.9kpu.com/app/index.php?i=4&c=entry&eid=1]]></EventKey>
<MenuId>402697403</MenuId>
</xml>

2016-04-19 10:44:12 params :
------------
Array:
message : Array ;
module : basic ;
rule : 14 ;
priority : 0 ;
keyword : Array ;

2016-04-19 10:44:12 response :
------------
Array:
FromUserName : gh_081ee8610e82 ;
ToUserName : ohNDtvjueIkLU7218kMXz93i7DY8 ;
MsgType : text ;
Content : 欢迎关注杭州师范大学附属仓前实验中学，请点击菜单使用。 ;

2016-04-19 11:10:14 trace :
------------
String:
<xml><ToUserName><![CDATA[gh_081ee8610e82]]></ToUserName>
<FromUserName><![CDATA[ohNDtvjueIkLU7218kMXz93i7DY8]]></FromUserName>
<CreateTime>1461035414</CreateTime>
<MsgType><![CDATA[event]]></MsgType>
<Event><![CDATA[VIEW]]></Event>
<EventKey><![CDATA[http://www.9kpu.com/app/index.php?i=4&c=entry&eid=1]]></EventKey>
<MenuId>402697403</MenuId>
</xml>

2016-04-19 11:10:14 params :
------------
Array:
message : Array ;
module : basic ;
rule : 14 ;
priority : 0 ;
keyword : Array ;

2016-04-19 11:10:14 response :
------------
Array:
FromUserName : gh_081ee8610e82 ;
ToUserName : ohNDtvjueIkLU7218kMXz93i7DY8 ;
MsgType : text ;
Content : 欢迎关注杭州师范大学附属仓前实验中学，请点击菜单使用。 ;

2016-04-19 12:15:16 trace :
------------
String:
<xml><ToUserName><![CDATA[gh_081ee8610e82]]></ToUserName>
<FromUserName><![CDATA[ohNDtvrzJTuMXHGoR40KamuNJxCs]]></FromUserName>
<CreateTime>1461039316</CreateTime>
<MsgType><![CDATA[event]]></MsgType>
<Event><![CDATA[VIEW]]></Event>
<EventKey><![CDATA[http://m.igrow.cn/m/school/website/1390]]></EventKey>
<MenuId>402697403</MenuId>
</xml>

2016-04-19 12:15:16 params :
------------
Array:
message : Array ;
module : basic ;
rule : 14 ;
priority : 0 ;
keyword : Array ;

2016-04-19 12:15:16 response :
------------
Array:
FromUserName : gh_081ee8610e82 ;
ToUserName : ohNDtvrzJTuMXHGoR40KamuNJxCs ;
MsgType : text ;
Content : 欢迎关注杭州师范大学附属仓前实验中学，请点击菜单使用。 ;

2016-04-19 12:15:26 trace :
------------
String:
<xml><ToUserName><![CDATA[gh_081ee8610e82]]></ToUserName>
<FromUserName><![CDATA[ohNDtvrzJTuMXHGoR40KamuNJxCs]]></FromUserName>
<CreateTime>1461039326</CreateTime>
<MsgType><![CDATA[event]]></MsgType>
<Event><![CDATA[VIEW]]></Event>
<EventKey><![CDATA[http://m.igrow.cn/m/school/website/1390]]></EventKey>
<MenuId>402697403</MenuId>
</xml>

2016-04-19 12:15:26 params :
------------
Array:
message : Array ;
module : basic ;
rule : 14 ;
priority : 0 ;
keyword : Array ;

2016-04-19 12:15:26 response :
------------
Array:
FromUserName : gh_081ee8610e82 ;
ToUserName : ohNDtvrzJTuMXHGoR40KamuNJxCs ;
MsgType : text ;
Content : 欢迎关注杭州师范大学附属仓前实验中学，请点击菜单使用。 ;

2016-04-19 12:15:31 trace :
------------
String:
<xml><ToUserName><![CDATA[gh_081ee8610e82]]></ToUserName>
<FromUserName><![CDATA[ohNDtvrzJTuMXHGoR40KamuNJxCs]]></FromUserName>
<CreateTime>1461039331</CreateTime>
<MsgType><![CDATA[event]]></MsgType>
<Event><![CDATA[VIEW]]></Event>
<EventKey><![CDATA[http://www.9kpu.com/app/index.php?i=4&c=entry&eid=1]]></EventKey>
<MenuId>402697403</MenuId>
</xml>

2016-04-19 12:15:31 params :
------------
Array:
message : Array ;
module : basic ;
rule : 14 ;
priority : 0 ;
keyword : Array ;

2016-04-19 12:15:31 response :
------------
Array:
FromUserName : gh_081ee8610e82 ;
ToUserName : ohNDtvrzJTuMXHGoR40KamuNJxCs ;
MsgType : text ;
Content : 欢迎关注杭州师范大学附属仓前实验中学，请点击菜单使用。 ;

2016-04-19 12:15:37 trace :
------------
String:
<xml><ToUserName><![CDATA[gh_081ee8610e82]]></ToUserName>
<FromUserName><![CDATA[ohNDtvrzJTuMXHGoR40KamuNJxCs]]></FromUserName>
<CreateTime>1461039337</CreateTime>
<MsgType><![CDATA[event]]></MsgType>
<Event><![CDATA[VIEW]]></Event>
<EventKey><![CDATA[http://www.9kpu.com/app/index.php?i=4&c=entry&eid=2]]></EventKey>
<MenuId>402697403</MenuId>
</xml>

2016-04-19 12:15:37 params :
------------
Array:
message : Array ;
module : basic ;
rule : 14 ;
priority : 0 ;
keyword : Array ;

2016-04-19 12:15:37 response :
------------
Array:
FromUserName : gh_081ee8610e82 ;
ToUserName : ohNDtvrzJTuMXHGoR40KamuNJxCs ;
MsgType : text ;
Content : 欢迎关注杭州师范大学附属仓前实验中学，请点击菜单使用。 ;

2016-04-19 13:06:49 trace :
------------
String:
<xml><ToUserName><![CDATA[gh_2157a6c86a35]]></ToUserName>
<FromUserName><![CDATA[oEcott4trI_pLtRqHCBWiULNxRKo]]></FromUserName>
<CreateTime>1461042409</CreateTime>
<MsgType><![CDATA[event]]></MsgType>
<Event><![CDATA[subscribe]]></Event>
<EventKey><![CDATA[]]></EventKey>
</xml>

2016-04-19 13:06:49 params :
------------
Array:
rule : -2 ;
module :  ;
message : Array ;

2016-04-19 13:06:49 response :
------------

2016-04-19 13:07:10 trace :
------------
String:
<xml><ToUserName><![CDATA[gh_2157a6c86a35]]></ToUserName>
<FromUserName><![CDATA[oEcott4trI_pLtRqHCBWiULNxRKo]]></FromUserName>
<CreateTime>1461042430</CreateTime>
<MsgType><![CDATA[event]]></MsgType>
<Event><![CDATA[CLICK]]></Event>
<EventKey><![CDATA[grow.daily]]></EventKey>
</xml>

2016-04-19 13:07:10 params :
------------
Array:
rule : -2 ;
module :  ;
message : Array ;

2016-04-19 13:07:10 response :
------------

2016-04-19 13:08:17 trace :
------------
String:
<xml><ToUserName><![CDATA[gh_2157a6c86a35]]></ToUserName>
<FromUserName><![CDATA[oEcott4trI_pLtRqHCBWiULNxRKo]]></FromUserName>
<CreateTime>1461042497</CreateTime>
<MsgType><![CDATA[event]]></MsgType>
<Event><![CDATA[unsubscribe]]></Event>
<EventKey><![CDATA[]]></EventKey>
</xml>

2016-04-19 15:29:39 trace :
------------
String:
<xml><ToUserName><![CDATA[gh_2157a6c86a35]]></ToUserName>
<FromUserName><![CDATA[oEcottzrsY0hiIxBYE3CK2zp6WYY]]></FromUserName>
<CreateTime>1461050979</CreateTime>
<MsgType><![CDATA[event]]></MsgType>
<Event><![CDATA[TEMPLATESENDJOBFINISH]]></Event>
<MsgID>402991916</MsgID>
<Status><![CDATA[success]]></Status>
</xml>

2016-04-19 15:29:39 params :
------------
Array:
rule : -2 ;
module :  ;
message : Array ;

2016-04-19 15:29:39 response :
------------

2016-04-19 15:29:40 trace :
------------
String:
<xml><ToUserName><![CDATA[gh_2157a6c86a35]]></ToUserName>
<FromUserName><![CDATA[oEcott8j6IUHePzxE_Daw_DYK8eM]]></FromUserName>
<CreateTime>1461050980</CreateTime>
<MsgType><![CDATA[event]]></MsgType>
<Event><![CDATA[TEMPLATESENDJOBFINISH]]></Event>
<MsgID>402991917</MsgID>
<Status><![CDATA[success]]></Status>
</xml>

2016-04-19 15:29:40 params :
------------
Array:
rule : -2 ;
module :  ;
message : Array ;

2016-04-19 15:29:40 response :
------------

2016-04-19 15:30:35 trace :
------------
String:
<xml><ToUserName><![CDATA[gh_2157a6c86a35]]></ToUserName>
<FromUserName><![CDATA[oEcott84pU16wJT6ChwWpKVayVsQ]]></FromUserName>
<CreateTime>1461051035</CreateTime>
<MsgType><![CDATA[event]]></MsgType>
<Event><![CDATA[TEMPLATESENDJOBFINISH]]></Event>
<MsgID>402991937</MsgID>
<Status><![CDATA[success]]></Status>
</xml>

2016-04-19 15:30:35 params :
------------
Array:
rule : -2 ;
module :  ;
message : Array ;

2016-04-19 15:30:35 response :
------------

2016-04-19 15:30:36 trace :
------------
String:
<xml><ToUserName><![CDATA[gh_2157a6c86a35]]></ToUserName>
<FromUserName><![CDATA[oEcott52uezBMOS2iT-RAS8H9OZE]]></FromUserName>
<CreateTime>1461051036</CreateTime>
<MsgType><![CDATA[event]]></MsgType>
<Event><![CDATA[TEMPLATESENDJOBFINISH]]></Event>
<MsgID>402991938</MsgID>
<Status><![CDATA[success]]></Status>
</xml>

2016-04-19 15:30:36 params :
------------
Array:
rule : -2 ;
module :  ;
message : Array ;

2016-04-19 15:30:36 response :
------------

2016-04-19 15:30:48 trace :
------------
String:
<xml><ToUserName><![CDATA[gh_2157a6c86a35]]></ToUserName>
<FromUserName><![CDATA[oEcott_HC4Mi8y5j3sFlJBgqhd9E]]></FromUserName>
<CreateTime>1461051048</CreateTime>
<MsgType><![CDATA[event]]></MsgType>
<Event><![CDATA[TEMPLATESENDJOBFINISH]]></Event>
<MsgID>402991940</MsgID>
<Status><![CDATA[success]]></Status>
</xml>

2016-04-19 15:30:48 params :
------------
Array:
rule : -2 ;
module :  ;
message : Array ;

2016-04-19 15:30:48 response :
------------

2016-04-19 15:31:05 trace :
------------
String:
<xml><ToUserName><![CDATA[gh_2157a6c86a35]]></ToUserName>
<FromUserName><![CDATA[oEcottw-XpAyVDw19kaEaIYggcQM]]></FromUserName>
<CreateTime>1461051065</CreateTime>
<MsgType><![CDATA[event]]></MsgType>
<Event><![CDATA[TEMPLATESENDJOBFINISH]]></Event>
<MsgID>402991941</MsgID>
<Status><![CDATA[success]]></Status>
</xml>

2016-04-19 15:31:05 params :
------------
Array:
rule : -2 ;
module :  ;
message : Array ;

2016-04-19 15:31:05 response :
------------

2016-04-19 15:31:26 trace :
------------
String:
<xml><ToUserName><![CDATA[gh_2157a6c86a35]]></ToUserName>
<FromUserName><![CDATA[oEcott9j2Z30FezqLMZANHtpKRrc]]></FromUserName>
<CreateTime>1461051086</CreateTime>
<MsgType><![CDATA[event]]></MsgType>
<Event><![CDATA[TEMPLATESENDJOBFINISH]]></Event>
<MsgID>402991945</MsgID>
<Status><![CDATA[success]]></Status>
</xml>

2016-04-19 15:31:26 params :
------------
Array:
rule : -2 ;
module :  ;
message : Array ;

2016-04-19 15:31:26 response :
------------

2016-04-19 15:31:34 trace :
------------
String:
<xml><ToUserName><![CDATA[gh_2157a6c86a35]]></ToUserName>
<FromUserName><![CDATA[oEcottzBLHgNZQimwE8XOIsT1IY0]]></FromUserName>
<CreateTime>1461051094</CreateTime>
<MsgType><![CDATA[event]]></MsgType>
<Event><![CDATA[TEMPLATESENDJOBFINISH]]></Event>
<MsgID>402991947</MsgID>
<Status><![CDATA[success]]></Status>
</xml>

2016-04-19 15:31:34 params :
------------
Array:
rule : -2 ;
module :  ;
message : Array ;

2016-04-19 15:31:34 response :
------------

2016-04-19 15:32:56 trace :
------------
String:
<xml><ToUserName><![CDATA[gh_2157a6c86a35]]></ToUserName>
<FromUserName><![CDATA[oEcott_TScLOOrncqPhtzglnYENA]]></FromUserName>
<CreateTime>1461051176</CreateTime>
<MsgType><![CDATA[event]]></MsgType>
<Event><![CDATA[TEMPLATESENDJOBFINISH]]></Event>
<MsgID>402991972</MsgID>
<Status><![CDATA[success]]></Status>
</xml>

2016-04-19 15:32:56 params :
------------
Array:
rule : -2 ;
module :  ;
message : Array ;

2016-04-19 15:32:56 response :
------------

2016-04-19 15:33:09 trace :
------------
String:
<xml><ToUserName><![CDATA[gh_2157a6c86a35]]></ToUserName>
<FromUserName><![CDATA[oEcott8bXNlBO-pF9t-0J1dTDGPs]]></FromUserName>
<CreateTime>1461051189</CreateTime>
<MsgType><![CDATA[event]]></MsgType>
<Event><![CDATA[TEMPLATESENDJOBFINISH]]></Event>
<MsgID>402991973</MsgID>
<Status><![CDATA[success]]></Status>
</xml>

2016-04-19 15:33:09 params :
------------
Array:
rule : -2 ;
module :  ;
message : Array ;

2016-04-19 15:33:09 response :
------------

2016-04-19 15:34:00 trace :
------------
String:
<xml><ToUserName><![CDATA[gh_2157a6c86a35]]></ToUserName>
<FromUserName><![CDATA[oEcottwqUGE1u3b5ckvGD0KWlBl8]]></FromUserName>
<CreateTime>1461051240</CreateTime>
<MsgType><![CDATA[event]]></MsgType>
<Event><![CDATA[TEMPLATESENDJOBFINISH]]></Event>
<MsgID>402991978</MsgID>
<Status><![CDATA[success]]></Status>
</xml>

2016-04-19 15:34:00 params :
------------
Array:
rule : -2 ;
module :  ;
message : Array ;

2016-04-19 15:34:00 response :
------------

2016-04-19 15:34:13 trace :
------------
String:
<xml><ToUserName><![CDATA[gh_2157a6c86a35]]></ToUserName>
<FromUserName><![CDATA[oEcott-Gft4vv4qG56uwiyofjGHg]]></FromUserName>
<CreateTime>1461051253</CreateTime>
<MsgType><![CDATA[event]]></MsgType>
<Event><![CDATA[TEMPLATESENDJOBFINISH]]></Event>
<MsgID>402991980</MsgID>
<Status><![CDATA[success]]></Status>
</xml>

2016-04-19 15:34:13 params :
------------
Array:
rule : -2 ;
module :  ;
message : Array ;

2016-04-19 15:34:13 response :
------------

2016-04-19 15:37:06 trace :
------------
String:
<xml><ToUserName><![CDATA[gh_2157a6c86a35]]></ToUserName>
<FromUserName><![CDATA[oEcott82FheWLXY2ft9sHxcV1YYQ]]></FromUserName>
<CreateTime>1461051426</CreateTime>
<MsgType><![CDATA[event]]></MsgType>
<Event><![CDATA[TEMPLATESENDJOBFINISH]]></Event>
<MsgID>402991995</MsgID>
<Status><![CDATA[success]]></Status>
</xml>

2016-04-19 15:37:06 params :
------------
Array:
rule : -2 ;
module :  ;
message : Array ;

2016-04-19 15:37:06 response :
------------

2016-04-19 15:39:51 trace :
------------
String:
<xml><ToUserName><![CDATA[gh_2157a6c86a35]]></ToUserName>
<FromUserName><![CDATA[oEcottxty6YaSaSyWDPLhYWgCpEo]]></FromUserName>
<CreateTime>1461051591</CreateTime>
<MsgType><![CDATA[event]]></MsgType>
<Event><![CDATA[TEMPLATESENDJOBFINISH]]></Event>
<MsgID>402992028</MsgID>
<Status><![CDATA[success]]></Status>
</xml>

2016-04-19 15:39:51 params :
------------
Array:
rule : -2 ;
module :  ;
message : Array ;

2016-04-19 15:39:51 response :
------------

2016-04-19 15:40:55 trace :
------------
String:
<xml><ToUserName><![CDATA[gh_2157a6c86a35]]></ToUserName>
<FromUserName><![CDATA[oEcottyNJ25zzQtzEyNqnQxM1MOA]]></FromUserName>
<CreateTime>1461051655</CreateTime>
<MsgType><![CDATA[event]]></MsgType>
<Event><![CDATA[TEMPLATESENDJOBFINISH]]></Event>
<MsgID>402992046</MsgID>
<Status><![CDATA[success]]></Status>
</xml>

2016-04-19 15:40:55 params :
------------
Array:
rule : -2 ;
module :  ;
message : Array ;

2016-04-19 15:40:55 response :
------------

2016-04-19 15:44:14 trace :
------------
String:
<xml><ToUserName><![CDATA[gh_2157a6c86a35]]></ToUserName>
<FromUserName><![CDATA[oEcott7ShK4TAzzs-r2z7vxof71E]]></FromUserName>
<CreateTime>1461051854</CreateTime>
<MsgType><![CDATA[event]]></MsgType>
<Event><![CDATA[TEMPLATESENDJOBFINISH]]></Event>
<MsgID>402992067</MsgID>
<Status><![CDATA[success]]></Status>
</xml>

2016-04-19 15:44:14 params :
------------
Array:
rule : -2 ;
module :  ;
message : Array ;

2016-04-19 15:44:14 response :
------------

2016-04-19 15:46:36 trace :
------------
String:
<xml><ToUserName><![CDATA[gh_2157a6c86a35]]></ToUserName>
<FromUserName><![CDATA[oEcott-O08EqTyB2vYvWY1DM_DPw]]></FromUserName>
<CreateTime>1461051996</CreateTime>
<MsgType><![CDATA[event]]></MsgType>
<Event><![CDATA[TEMPLATESENDJOBFINISH]]></Event>
<MsgID>402992104</MsgID>
<Status><![CDATA[success]]></Status>
</xml>

2016-04-19 15:46:36 params :
------------
Array:
rule : -2 ;
module :  ;
message : Array ;

2016-04-19 15:46:36 response :
------------

2016-04-19 15:49:28 trace :
------------
String:
<xml><ToUserName><![CDATA[gh_2157a6c86a35]]></ToUserName>
<FromUserName><![CDATA[oEcottwVEJ256h6vTGhxIdtgmqfM]]></FromUserName>
<CreateTime>1461052168</CreateTime>
<MsgType><![CDATA[event]]></MsgType>
<Event><![CDATA[TEMPLATESENDJOBFINISH]]></Event>
<MsgID>402992151</MsgID>
<Status><![CDATA[success]]></Status>
</xml>

2016-04-19 15:49:28 params :
------------
Array:
rule : -2 ;
module :  ;
message : Array ;

2016-04-19 15:49:28 response :
------------

2016-04-19 15:49:31 trace :
------------
String:
<xml><ToUserName><![CDATA[gh_2157a6c86a35]]></ToUserName>
<FromUserName><![CDATA[oEcott3J9KhtJb00_3ga_Kkmz2wo]]></FromUserName>
<CreateTime>1461052171</CreateTime>
<MsgType><![CDATA[event]]></MsgType>
<Event><![CDATA[TEMPLATESENDJOBFINISH]]></Event>
<MsgID>402992152</MsgID>
<Status><![CDATA[success]]></Status>
</xml>

2016-04-19 15:49:31 params :
------------
Array:
rule : -2 ;
module :  ;
message : Array ;

2016-04-19 15:49:31 response :
------------

2016-04-19 15:49:53 trace :
------------
String:
<xml><ToUserName><![CDATA[gh_2157a6c86a35]]></ToUserName>
<FromUserName><![CDATA[oEcott9ljw-R0nLqj9w8n9-Ki3fk]]></FromUserName>
<CreateTime>1461052193</CreateTime>
<MsgType><![CDATA[event]]></MsgType>
<Event><![CDATA[TEMPLATESENDJOBFINISH]]></Event>
<MsgID>402992153</MsgID>
<Status><![CDATA[success]]></Status>
</xml>

2016-04-19 15:49:53 params :
------------
Array:
rule : -2 ;
module :  ;
message : Array ;

2016-04-19 15:49:53 response :
------------

2016-04-19 15:50:02 trace :
------------
String:
<xml><ToUserName><![CDATA[gh_2157a6c86a35]]></ToUserName>
<FromUserName><![CDATA[oEcotty9Hy_CUxbMI7Ce1okwOCpk]]></FromUserName>
<CreateTime>1461052202</CreateTime>
<MsgType><![CDATA[event]]></MsgType>
<Event><![CDATA[TEMPLATESENDJOBFINISH]]></Event>
<MsgID>402992155</MsgID>
<Status><![CDATA[success]]></Status>
</xml>

2016-04-19 15:50:02 params :
------------
Array:
rule : -2 ;
module :  ;
message : Array ;

2016-04-19 15:50:02 response :
------------

2016-04-19 15:50:12 trace :
------------
String:
<xml><ToUserName><![CDATA[gh_2157a6c86a35]]></ToUserName>
<FromUserName><![CDATA[oEcott70voayiiyG-DpyHj7M30_4]]></FromUserName>
<CreateTime>1461052212</CreateTime>
<MsgType><![CDATA[event]]></MsgType>
<Event><![CDATA[TEMPLATESENDJOBFINISH]]></Event>
<MsgID>402992160</MsgID>
<Status><![CDATA[success]]></Status>
</xml>

2016-04-19 15:50:12 params :
------------
Array:
rule : -2 ;
module :  ;
message : Array ;

2016-04-19 15:50:12 response :
------------

2016-04-19 15:50:52 trace :
------------
String:
<xml><ToUserName><![CDATA[gh_2157a6c86a35]]></ToUserName>
<FromUserName><![CDATA[oEcott5b5wbU8rzCcze6w7sk3ZCE]]></FromUserName>
<CreateTime>1461052252</CreateTime>
<MsgType><![CDATA[event]]></MsgType>
<Event><![CDATA[TEMPLATESENDJOBFINISH]]></Event>
<MsgID>402992164</MsgID>
<Status><![CDATA[success]]></Status>
</xml>

2016-04-19 15:50:52 params :
------------
Array:
rule : -2 ;
module :  ;
message : Array ;

2016-04-19 15:50:52 response :
------------

2016-04-19 15:51:21 trace :
------------
String:
<xml><ToUserName><![CDATA[gh_2157a6c86a35]]></ToUserName>
<FromUserName><![CDATA[oEcottyilUy5tLd8vANXKGPG4EcA]]></FromUserName>
<CreateTime>1461052281</CreateTime>
<MsgType><![CDATA[event]]></MsgType>
<Event><![CDATA[TEMPLATESENDJOBFINISH]]></Event>
<MsgID>402992175</MsgID>
<Status><![CDATA[success]]></Status>
</xml>

2016-04-19 15:51:21 params :
------------
Array:
rule : -2 ;
module :  ;
message : Array ;

2016-04-19 15:51:21 response :
------------

2016-04-19 15:52:20 trace :
------------
String:
<xml><ToUserName><![CDATA[gh_2157a6c86a35]]></ToUserName>
<FromUserName><![CDATA[oEcott5JI0hsdoCxNPA10KHiY1kA]]></FromUserName>
<CreateTime>1461052340</CreateTime>
<MsgType><![CDATA[event]]></MsgType>
<Event><![CDATA[TEMPLATESENDJOBFINISH]]></Event>
<MsgID>402992180</MsgID>
<Status><![CDATA[success]]></Status>
</xml>

2016-04-19 15:52:20 params :
------------
Array:
rule : -2 ;
module :  ;
message : Array ;

2016-04-19 15:52:20 response :
------------

2016-04-19 15:52:27 trace :
------------
String:
<xml><ToUserName><![CDATA[gh_2157a6c86a35]]></ToUserName>
<FromUserName><![CDATA[oEcott8QzR6FuIfbjGYBlK2rCCjY]]></FromUserName>
<CreateTime>1461052347</CreateTime>
<MsgType><![CDATA[event]]></MsgType>
<Event><![CDATA[TEMPLATESENDJOBFINISH]]></Event>
<MsgID>402992181</MsgID>
<Status><![CDATA[success]]></Status>
</xml>

2016-04-19 15:52:27 params :
------------
Array:
rule : -2 ;
module :  ;
message : Array ;

2016-04-19 15:52:27 response :
------------

2016-04-19 15:52:33 trace :
------------
String:
<xml><ToUserName><![CDATA[gh_2157a6c86a35]]></ToUserName>
<FromUserName><![CDATA[oEcott-ABRgmooGIBYo6pfmvHqa8]]></FromUserName>
<CreateTime>1461052352</CreateTime>
<MsgType><![CDATA[event]]></MsgType>
<Event><![CDATA[TEMPLATESENDJOBFINISH]]></Event>
<MsgID>402992184</MsgID>
<Status><![CDATA[success]]></Status>
</xml>

2016-04-19 15:52:33 params :
------------
Array:
rule : -2 ;
module :  ;
message : Array ;

2016-04-19 15:52:33 response :
------------

2016-04-19 16:00:57 trace :
------------
String:
<xml><ToUserName><![CDATA[gh_2157a6c86a35]]></ToUserName>
<FromUserName><![CDATA[oEcott0BYGm77xwFerCfTO68jYpE]]></FromUserName>
<CreateTime>1461052857</CreateTime>
<MsgType><![CDATA[event]]></MsgType>
<Event><![CDATA[TEMPLATESENDJOBFINISH]]></Event>
<MsgID>402992332</MsgID>
<Status><![CDATA[success]]></Status>
</xml>

2016-04-19 16:00:57 params :
------------
Array:
rule : -2 ;
module :  ;
message : Array ;

2016-04-19 16:00:57 response :
------------

2016-04-19 16:08:25 trace :
------------
String:
<xml><ToUserName><![CDATA[gh_2157a6c86a35]]></ToUserName>
<FromUserName><![CDATA[oEcottwdRSG6HkIZwvuQXqa3QKng]]></FromUserName>
<CreateTime>1461053305</CreateTime>
<MsgType><![CDATA[event]]></MsgType>
<Event><![CDATA[TEMPLATESENDJOBFINISH]]></Event>
<MsgID>402992385</MsgID>
<Status><![CDATA[success]]></Status>
</xml>

2016-04-19 16:08:25 params :
------------
Array:
rule : -2 ;
module :  ;
message : Array ;

2016-04-19 16:08:25 response :
------------

2016-04-19 16:12:17 trace :
------------
String:
<xml><ToUserName><![CDATA[gh_2157a6c86a35]]></ToUserName>
<FromUserName><![CDATA[oEcottwAqWW9x8Wo1YdwPF4SIpbs]]></FromUserName>
<CreateTime>1461053537</CreateTime>
<MsgType><![CDATA[event]]></MsgType>
<Event><![CDATA[TEMPLATESENDJOBFINISH]]></Event>
<MsgID>402992439</MsgID>
<Status><![CDATA[success]]></Status>
</xml>

2016-04-19 16:12:17 params :
------------
Array:
rule : -2 ;
module :  ;
message : Array ;

2016-04-19 16:12:17 response :
------------

2016-04-19 16:15:30 trace :
------------
String:
<xml><ToUserName><![CDATA[gh_2157a6c86a35]]></ToUserName>
<FromUserName><![CDATA[oEcott8-fHoACFiURkUXBYRZHEro]]></FromUserName>
<CreateTime>1461053730</CreateTime>
<MsgType><![CDATA[event]]></MsgType>
<Event><![CDATA[TEMPLATESENDJOBFINISH]]></Event>
<MsgID>402992480</MsgID>
<Status><![CDATA[success]]></Status>
</xml>

2016-04-19 16:15:30 params :
------------
Array:
rule : -2 ;
module :  ;
message : Array ;

2016-04-19 16:15:30 response :
------------

2016-04-19 16:15:38 trace :
------------
String:
<xml><ToUserName><![CDATA[gh_2157a6c86a35]]></ToUserName>
<FromUserName><![CDATA[oEcottw7qP2pciewrM5tmFvI8As4]]></FromUserName>
<CreateTime>1461053738</CreateTime>
<MsgType><![CDATA[event]]></MsgType>
<Event><![CDATA[TEMPLATESENDJOBFINISH]]></Event>
<MsgID>402992484</MsgID>
<Status><![CDATA[success]]></Status>
</xml>

2016-04-19 16:15:38 params :
------------
Array:
rule : -2 ;
module :  ;
message : Array ;

2016-04-19 16:15:38 response :
------------

2016-04-19 16:15:53 trace :
------------
String:
<xml><ToUserName><![CDATA[gh_2157a6c86a35]]></ToUserName>
<FromUserName><![CDATA[oEcottwW2YU7yp_kBQarnTzqdlEs]]></FromUserName>
<CreateTime>1461053753</CreateTime>
<MsgType><![CDATA[event]]></MsgType>
<Event><![CDATA[TEMPLATESENDJOBFINISH]]></Event>
<MsgID>402992490</MsgID>
<Status><![CDATA[success]]></Status>
</xml>

2016-04-19 16:15:53 params :
------------
Array:
rule : -2 ;
module :  ;
message : Array ;

2016-04-19 16:15:53 response :
------------

2016-04-19 16:16:03 trace :
------------
String:
<xml><ToUserName><![CDATA[gh_2157a6c86a35]]></ToUserName>
<FromUserName><![CDATA[oEcott4a-0QekZBexvAtcmke-D4w]]></FromUserName>
<CreateTime>1461053763</CreateTime>
<MsgType><![CDATA[event]]></MsgType>
<Event><![CDATA[TEMPLATESENDJOBFINISH]]></Event>
<MsgID>402992491</MsgID>
<Status><![CDATA[success]]></Status>
</xml>

2016-04-19 16:16:03 params :
------------
Array:
rule : -2 ;
module :  ;
message : Array ;

2016-04-19 16:16:03 response :
------------

2016-04-19 16:21:14 trace :
------------
String:
<xml><ToUserName><![CDATA[gh_2157a6c86a35]]></ToUserName>
<FromUserName><![CDATA[oEcottwUAPs9DpzF09MOdy_19fZQ]]></FromUserName>
<CreateTime>1461054074</CreateTime>
<MsgType><![CDATA[event]]></MsgType>
<Event><![CDATA[TEMPLATESENDJOBFINISH]]></Event>
<MsgID>402992564</MsgID>
<Status><![CDATA[success]]></Status>
</xml>

2016-04-19 16:21:14 params :
------------
Array:
rule : -2 ;
module :  ;
message : Array ;

2016-04-19 16:21:14 response :
------------

2016-04-19 16:48:57 trace :
------------
String:
<xml><ToUserName><![CDATA[gh_2157a6c86a35]]></ToUserName>
<FromUserName><![CDATA[oEcottw7qP2pciewrM5tmFvI8As4]]></FromUserName>
<CreateTime>1461055737</CreateTime>
<MsgType><![CDATA[event]]></MsgType>
<Event><![CDATA[CLICK]]></Event>
<EventKey><![CDATA[concat.website]]></EventKey>
</xml>

2016-04-19 16:48:57 params :
------------
Array:
rule : -2 ;
module :  ;
message : Array ;

2016-04-19 16:48:57 response :
------------

2016-04-19 16:49:18 trace :
------------
String:
<xml><ToUserName><![CDATA[gh_2157a6c86a35]]></ToUserName>
<FromUserName><![CDATA[oEcottw7qP2pciewrM5tmFvI8As4]]></FromUserName>
<CreateTime>1461055758</CreateTime>
<MsgType><![CDATA[event]]></MsgType>
<Event><![CDATA[CLICK]]></Event>
<EventKey><![CDATA[site.grow]]></EventKey>
</xml>

2016-04-19 16:49:18 params :
------------
Array:
rule : -2 ;
module :  ;
message : Array ;

2016-04-19 16:49:18 response :
------------

2016-04-19 16:49:29 trace :
------------
String:
<xml><ToUserName><![CDATA[gh_2157a6c86a35]]></ToUserName>
<FromUserName><![CDATA[oEcottw7qP2pciewrM5tmFvI8As4]]></FromUserName>
<CreateTime>1461055768</CreateTime>
<MsgType><![CDATA[event]]></MsgType>
<Event><![CDATA[CLICK]]></Event>
<EventKey><![CDATA[uc.school]]></EventKey>
</xml>

2016-04-19 16:49:29 params :
------------
Array:
rule : -2 ;
module :  ;
message : Array ;

2016-04-19 16:49:29 response :
------------

2016-04-19 16:49:41 trace :
------------
String:
<xml><ToUserName><![CDATA[gh_2157a6c86a35]]></ToUserName>
<FromUserName><![CDATA[oEcottw7qP2pciewrM5tmFvI8As4]]></FromUserName>
<CreateTime>1461055781</CreateTime>
<MsgType><![CDATA[event]]></MsgType>
<Event><![CDATA[CLICK]]></Event>
<EventKey><![CDATA[grow.mien]]></EventKey>
</xml>

2016-04-19 16:49:41 params :
------------
Array:
rule : -2 ;
module :  ;
message : Array ;

2016-04-19 16:49:41 response :
------------

2016-04-19 16:49:59 trace :
------------
String:
<xml><ToUserName><![CDATA[gh_2157a6c86a35]]></ToUserName>
<FromUserName><![CDATA[oEcottw7qP2pciewrM5tmFvI8As4]]></FromUserName>
<CreateTime>1461055799</CreateTime>
<MsgType><![CDATA[event]]></MsgType>
<Event><![CDATA[CLICK]]></Event>
<EventKey><![CDATA[grow.mien]]></EventKey>
</xml>

2016-04-19 16:49:59 params :
------------
Array:
rule : -2 ;
module :  ;
message : Array ;

2016-04-19 16:49:59 response :
------------

2016-04-19 20:26:29 trace :
------------
String:
<xml><ToUserName><![CDATA[gh_2157a6c86a35]]></ToUserName>
<FromUserName><![CDATA[oEcottw7qP2pciewrM5tmFvI8As4]]></FromUserName>
<CreateTime>1461068789</CreateTime>
<MsgType><![CDATA[event]]></MsgType>
<Event><![CDATA[CLICK]]></Event>
<EventKey><![CDATA[uc.school]]></EventKey>
</xml>

2016-04-19 20:26:29 params :
------------
Array:
rule : -2 ;
module :  ;
message : Array ;

2016-04-19 20:26:29 response :
------------

2016-04-19 20:26:39 trace :
------------
String:
<xml><ToUserName><![CDATA[gh_2157a6c86a35]]></ToUserName>
<FromUserName><![CDATA[oEcottw7qP2pciewrM5tmFvI8As4]]></FromUserName>
<CreateTime>1461068799</CreateTime>
<MsgType><![CDATA[event]]></MsgType>
<Event><![CDATA[CLICK]]></Event>
<EventKey><![CDATA[grow.mien]]></EventKey>
</xml>

2016-04-19 20:26:39 params :
------------
Array:
rule : -2 ;
module :  ;
message : Array ;

2016-04-19 20:26:39 response :
------------

2016-04-19 20:26:50 trace :
------------
String:
<xml><ToUserName><![CDATA[gh_2157a6c86a35]]></ToUserName>
<FromUserName><![CDATA[oEcottw7qP2pciewrM5tmFvI8As4]]></FromUserName>
<CreateTime>1461068810</CreateTime>
<MsgType><![CDATA[event]]></MsgType>
<Event><![CDATA[CLICK]]></Event>
<EventKey><![CDATA[concat.website]]></EventKey>
</xml>

2016-04-19 20:26:50 params :
------------
Array:
rule : -2 ;
module :  ;
message : Array ;

2016-04-19 20:26:50 response :
------------

2016-04-19 20:27:00 trace :
------------
String:
<xml><ToUserName><![CDATA[gh_2157a6c86a35]]></ToUserName>
<FromUserName><![CDATA[oEcottw7qP2pciewrM5tmFvI8As4]]></FromUserName>
<CreateTime>1461068820</CreateTime>
<MsgType><![CDATA[event]]></MsgType>
<Event><![CDATA[CLICK]]></Event>
<EventKey><![CDATA[site.coursess]]></EventKey>
</xml>

2016-04-19 20:27:00 params :
------------
Array:
rule : -2 ;
module :  ;
message : Array ;

2016-04-19 20:27:00 response :
------------

2016-04-19 20:27:04 trace :
------------
String:
<xml><ToUserName><![CDATA[gh_2157a6c86a35]]></ToUserName>
<FromUserName><![CDATA[oEcottw7qP2pciewrM5tmFvI8As4]]></FromUserName>
<CreateTime>1461068824</CreateTime>
<MsgType><![CDATA[event]]></MsgType>
<Event><![CDATA[CLICK]]></Event>
<EventKey><![CDATA[site.grow]]></EventKey>
</xml>

2016-04-19 20:27:04 params :
------------
Array:
rule : -2 ;
module :  ;
message : Array ;

2016-04-19 20:27:04 response :
------------

2016-04-19 20:27:08 trace :
------------
String:
<xml><ToUserName><![CDATA[gh_2157a6c86a35]]></ToUserName>
<FromUserName><![CDATA[oEcottw7qP2pciewrM5tmFvI8As4]]></FromUserName>
<CreateTime>1461068828</CreateTime>
<MsgType><![CDATA[event]]></MsgType>
<Event><![CDATA[CLICK]]></Event>
<EventKey><![CDATA[site.grow]]></EventKey>
</xml>

2016-04-19 20:27:08 params :
------------
Array:
rule : -2 ;
module :  ;
message : Array ;

2016-04-19 20:27:08 response :
------------

2016-04-19 20:27:15 trace :
------------
String:
<xml><ToUserName><![CDATA[gh_2157a6c86a35]]></ToUserName>
<FromUserName><![CDATA[oEcottw7qP2pciewrM5tmFvI8As4]]></FromUserName>
<CreateTime>1461068835</CreateTime>
<MsgType><![CDATA[event]]></MsgType>
<Event><![CDATA[CLICK]]></Event>
<EventKey><![CDATA[grow.mien]]></EventKey>
</xml>

2016-04-19 20:27:15 params :
------------
Array:
rule : -2 ;
module :  ;
message : Array ;

2016-04-19 20:27:15 response :
------------

2016-04-19 20:27:28 trace :
------------
String:
<xml><ToUserName><![CDATA[gh_2157a6c86a35]]></ToUserName>
<FromUserName><![CDATA[oEcottw7qP2pciewrM5tmFvI8As4]]></FromUserName>
<CreateTime>1461068848</CreateTime>
<MsgType><![CDATA[event]]></MsgType>
<Event><![CDATA[CLICK]]></Event>
<EventKey><![CDATA[grow.interaction]]></EventKey>
</xml>

2016-04-19 20:27:28 params :
------------
Array:
rule : -2 ;
module :  ;
message : Array ;

2016-04-19 20:27:28 response :
------------

2016-04-19 20:27:40 trace :
------------
String:
<xml><ToUserName><![CDATA[gh_2157a6c86a35]]></ToUserName>
<FromUserName><![CDATA[oEcottw7qP2pciewrM5tmFvI8As4]]></FromUserName>
<CreateTime>1461068860</CreateTime>
<MsgType><![CDATA[event]]></MsgType>
<Event><![CDATA[CLICK]]></Event>
<EventKey><![CDATA[site.grow]]></EventKey>
</xml>

2016-04-19 20:27:40 params :
------------
Array:
rule : -2 ;
module :  ;
message : Array ;

2016-04-19 20:27:40 response :
------------

2016-04-19 20:27:59 trace :
------------
String:
<xml><ToUserName><![CDATA[gh_2157a6c86a35]]></ToUserName>
<FromUserName><![CDATA[oEcottw7qP2pciewrM5tmFvI8As4]]></FromUserName>
<CreateTime>1461068879</CreateTime>
<MsgType><![CDATA[event]]></MsgType>
<Event><![CDATA[CLICK]]></Event>
<EventKey><![CDATA[grow.mien]]></EventKey>
</xml>

2016-04-19 20:27:59 params :
------------
Array:
rule : -2 ;
module :  ;
message : Array ;

2016-04-19 20:27:59 response :
------------

2016-04-19 20:28:04 trace :
------------
String:
<xml><ToUserName><![CDATA[gh_2157a6c86a35]]></ToUserName>
<FromUserName><![CDATA[oEcottw7qP2pciewrM5tmFvI8As4]]></FromUserName>
<CreateTime>1461068884</CreateTime>
<MsgType><![CDATA[event]]></MsgType>
<Event><![CDATA[CLICK]]></Event>
<EventKey><![CDATA[grow.interaction]]></EventKey>
</xml>

2016-04-19 20:28:04 params :
------------
Array:
rule : -2 ;
module :  ;
message : Array ;

2016-04-19 20:28:04 response :
------------

2016-04-19 20:28:56 trace :
------------
String:
<xml><ToUserName><![CDATA[gh_2157a6c86a35]]></ToUserName>
<FromUserName><![CDATA[oEcottw7qP2pciewrM5tmFvI8As4]]></FromUserName>
<CreateTime>1461068936</CreateTime>
<MsgType><![CDATA[event]]></MsgType>
<Event><![CDATA[CLICK]]></Event>
<EventKey><![CDATA[site.coursess]]></EventKey>
</xml>

2016-04-19 20:28:56 params :
------------
Array:
rule : -2 ;
module :  ;
message : Array ;

2016-04-19 20:28:56 response :
------------

2016-04-19 20:29:09 trace :
------------
String:
<xml><ToUserName><![CDATA[gh_2157a6c86a35]]></ToUserName>
<FromUserName><![CDATA[oEcottw7qP2pciewrM5tmFvI8As4]]></FromUserName>
<CreateTime>1461068949</CreateTime>
<MsgType><![CDATA[event]]></MsgType>
<Event><![CDATA[CLICK]]></Event>
<EventKey><![CDATA[grow.mien]]></EventKey>
</xml>

2016-04-19 20:29:09 params :
------------
Array:
rule : -2 ;
module :  ;
message : Array ;

2016-04-19 20:29:09 response :
------------

2016-04-19 20:29:22 trace :
------------
String:
<xml><ToUserName><![CDATA[gh_2157a6c86a35]]></ToUserName>
<FromUserName><![CDATA[oEcottw7qP2pciewrM5tmFvI8As4]]></FromUserName>
<CreateTime>1461068962</CreateTime>
<MsgType><![CDATA[event]]></MsgType>
<Event><![CDATA[CLICK]]></Event>
<EventKey><![CDATA[uc.profile]]></EventKey>
</xml>

2016-04-19 20:29:22 params :
------------
Array:
rule : -2 ;
module :  ;
message : Array ;

2016-04-19 20:29:22 response :
------------

2016-04-19 20:29:52 trace :
------------
String:
<xml><ToUserName><![CDATA[gh_2157a6c86a35]]></ToUserName>
<FromUserName><![CDATA[oEcottw7qP2pciewrM5tmFvI8As4]]></FromUserName>
<CreateTime>1461068992</CreateTime>
<MsgType><![CDATA[event]]></MsgType>
<Event><![CDATA[CLICK]]></Event>
<EventKey><![CDATA[site.art]]></EventKey>
</xml>

2016-04-19 20:29:52 params :
------------
Array:
rule : -2 ;
module :  ;
message : Array ;

2016-04-19 20:29:52 response :
------------

2016-04-19 20:30:02 trace :
------------
String:
<xml><ToUserName><![CDATA[gh_2157a6c86a35]]></ToUserName>
<FromUserName><![CDATA[oEcottw7qP2pciewrM5tmFvI8As4]]></FromUserName>
<CreateTime>1461069002</CreateTime>
<MsgType><![CDATA[event]]></MsgType>
<Event><![CDATA[CLICK]]></Event>
<EventKey><![CDATA[uc.school]]></EventKey>
</xml>

2016-04-19 20:30:02 params :
------------
Array:
rule : -2 ;
module :  ;
message : Array ;

2016-04-19 20:30:02 response :
------------

2016-04-19 20:30:11 trace :
------------
String:
<xml><ToUserName><![CDATA[gh_2157a6c86a35]]></ToUserName>
<FromUserName><![CDATA[oEcottw7qP2pciewrM5tmFvI8As4]]></FromUserName>
<CreateTime>1461069011</CreateTime>
<MsgType><![CDATA[event]]></MsgType>
<Event><![CDATA[CLICK]]></Event>
<EventKey><![CDATA[grow.score]]></EventKey>
</xml>

2016-04-19 20:30:11 params :
------------
Array:
rule : -2 ;
module :  ;
message : Array ;

2016-04-19 20:30:11 response :
------------

2016-04-19 22:03:38 trace :
------------
String:
<xml><ToUserName><![CDATA[gh_2157a6c86a35]]></ToUserName>
<FromUserName><![CDATA[oEcott0ACg-U7x8AAVa7xqtU-4es]]></FromUserName>
<CreateTime>1461074618</CreateTime>
<MsgType><![CDATA[event]]></MsgType>
<Event><![CDATA[unsubscribe]]></Event>
<EventKey><![CDATA[]]></EventKey>
</xml>

2016-04-19 23:02:10 trace :
------------
String:
<xml><ToUserName><![CDATA[gh_081ee8610e82]]></ToUserName>
<FromUserName><![CDATA[ohNDtvpOAbwj25-iDrFXa3Fq8ub0]]></FromUserName>
<CreateTime>1461078130</CreateTime>
<MsgType><![CDATA[event]]></MsgType>
<Event><![CDATA[VIEW]]></Event>
<EventKey><![CDATA[http://www.9kpu.com/app/index.php?i=4&c=entry&eid=1]]></EventKey>
<MenuId>402697403</MenuId>
</xml>

2016-04-19 23:02:10 params :
------------
Array:
message : Array ;
module : basic ;
rule : 14 ;
priority : 0 ;
keyword : Array ;

2016-04-19 23:02:10 response :
------------
Array:
FromUserName : gh_081ee8610e82 ;
ToUserName : ohNDtvpOAbwj25-iDrFXa3Fq8ub0 ;
MsgType : text ;
Content : 欢迎关注杭州师范大学附属仓前实验中学，请点击菜单使用。 ;

2016-04-19 23:05:18 trace :
------------
String:
<xml><ToUserName><![CDATA[gh_081ee8610e82]]></ToUserName>
<FromUserName><![CDATA[ohNDtvpOAbwj25-iDrFXa3Fq8ub0]]></FromUserName>
<CreateTime>1461078318</CreateTime>
<MsgType><![CDATA[event]]></MsgType>
<Event><![CDATA[VIEW]]></Event>
<EventKey><![CDATA[http://www.9kpu.com/app/index.php?i=4&c=entry&eid=2]]></EventKey>
<MenuId>402697403</MenuId>
</xml>

2016-04-19 23:05:18 params :
------------
Array:
message : Array ;
module : basic ;
rule : 14 ;
priority : 0 ;
keyword : Array ;

2016-04-19 23:05:18 response :
------------
Array:
FromUserName : gh_081ee8610e82 ;
ToUserName : ohNDtvpOAbwj25-iDrFXa3Fq8ub0 ;
MsgType : text ;
Content : 欢迎关注杭州师范大学附属仓前实验中学，请点击菜单使用。 ;

2016-04-19 23:07:17 trace :
------------
String:
<xml><ToUserName><![CDATA[gh_081ee8610e82]]></ToUserName>
<FromUserName><![CDATA[ohNDtvpOAbwj25-iDrFXa3Fq8ub0]]></FromUserName>
<CreateTime>1461078437</CreateTime>
<MsgType><![CDATA[event]]></MsgType>
<Event><![CDATA[VIEW]]></Event>
<EventKey><![CDATA[http://www.9kpu.com/app/index.php?i=4&c=entry&eid=2]]></EventKey>
<MenuId>402697403</MenuId>
</xml>

2016-04-19 23:07:17 params :
------------
Array:
message : Array ;
module : basic ;
rule : 14 ;
priority : 0 ;
keyword : Array ;

2016-04-19 23:07:17 response :
------------
Array:
FromUserName : gh_081ee8610e82 ;
ToUserName : ohNDtvpOAbwj25-iDrFXa3Fq8ub0 ;
MsgType : text ;
Content : 欢迎关注杭州师范大学附属仓前实验中学，请点击菜单使用。 ;

