2016-06-11 20:54:05 trace :
------------
String:
<xml><ToUserName><![CDATA[gh_7d1762dac7c2]]></ToUserName>
<FromUserName><![CDATA[o8AZcwOWHAho7oRD9nWphpbgr4o8]]></FromUserName>
<CreateTime>1465649645</CreateTime>
<MsgType><![CDATA[event]]></MsgType>
<Event><![CDATA[subscribe]]></Event>
<EventKey><![CDATA[]]></EventKey>
</xml>

2016-06-11 20:54:05 params :
------------
Array:
rule : -2 ;
module :  ;
message : Array ;

2016-06-11 20:54:05 response :
------------

2016-06-11 20:56:33 trace :
------------
String:
<xml><ToUserName><![CDATA[gh_7d1762dac7c2]]></ToUserName>
<FromUserName><![CDATA[o8AZcwOWHAho7oRD9nWphpbgr4o8]]></FromUserName>
<CreateTime>1465649793</CreateTime>
<MsgType><![CDATA[event]]></MsgType>
<Event><![CDATA[VIEW]]></Event>
<EventKey><![CDATA[http://www.9kpu.com/app/index.php?i=6&c=entry&eid=1]]></EventKey>
<MenuId>406999612</MenuId>
</xml>

2016-06-11 20:56:33 params :
------------
Array:
rule : -2 ;
module :  ;
message : Array ;

2016-06-11 20:56:33 response :
------------

