2016-09-14 06:15:23 trace :
------------
String:
<xml><ToUserName><![CDATA[gh_c8e42a22d2ba]]></ToUserName>
<FromUserName><![CDATA[o7oRnw4ne0rI9D8jcpyGbzZvEv5c]]></FromUserName>
<CreateTime>1473804923</CreateTime>
<MsgType><![CDATA[event]]></MsgType>
<Event><![CDATA[VIEW]]></Event>
<EventKey><![CDATA[http://www.9kpu.com/app/index.php?i=25&c=entry&eid=1]]></EventKey>
<MenuId>412639612</MenuId>
</xml>

2016-09-14 06:15:23 params :
------------
Array:
message : Array ;
module : news ;
rule : 53 ;
priority : 3 ;
keyword : Array ;

2016-09-14 06:15:23 response :
------------
Array:
FromUserName : gh_c8e42a22d2ba ;
ToUserName : o7oRnw4ne0rI9D8jcpyGbzZvEv5c ;
MsgType : news ;
ArticleCount : 2 ;
Articles : Array ;

2016-09-14 06:15:33 trace :
------------
String:
<xml><ToUserName><![CDATA[gh_c8e42a22d2ba]]></ToUserName>
<FromUserName><![CDATA[o7oRnw4ne0rI9D8jcpyGbzZvEv5c]]></FromUserName>
<CreateTime>1473804933</CreateTime>
<MsgType><![CDATA[event]]></MsgType>
<Event><![CDATA[VIEW]]></Event>
<EventKey><![CDATA[http://www.9kpu.com/app/index.php?i=25&c=entry&eid=2]]></EventKey>
<MenuId>412639612</MenuId>
</xml>

2016-09-14 06:15:33 params :
------------
Array:
message : Array ;
module : news ;
rule : 53 ;
priority : 3 ;
keyword : Array ;

2016-09-14 06:15:33 response :
------------
Array:
FromUserName : gh_c8e42a22d2ba ;
ToUserName : o7oRnw4ne0rI9D8jcpyGbzZvEv5c ;
MsgType : news ;
ArticleCount : 2 ;
Articles : Array ;

2016-09-14 06:15:38 trace :
------------
String:
<xml><ToUserName><![CDATA[gh_c8e42a22d2ba]]></ToUserName>
<FromUserName><![CDATA[o7oRnw4ne0rI9D8jcpyGbzZvEv5c]]></FromUserName>
<CreateTime>1473804938</CreateTime>
<MsgType><![CDATA[event]]></MsgType>
<Event><![CDATA[VIEW]]></Event>
<EventKey><![CDATA[http://www.9kpu.com/app/index.php?i=25&c=home&]]></EventKey>
<MenuId>412639612</MenuId>
</xml>

2016-09-14 06:15:38 params :
------------
Array:
message : Array ;
module : news ;
rule : 53 ;
priority : 3 ;
keyword : Array ;

2016-09-14 06:15:38 response :
------------
Array:
FromUserName : gh_c8e42a22d2ba ;
ToUserName : o7oRnw4ne0rI9D8jcpyGbzZvEv5c ;
MsgType : news ;
ArticleCount : 2 ;
Articles : Array ;

2016-09-14 07:17:03 trace :
------------
String:
<xml><ToUserName><![CDATA[gh_c8e42a22d2ba]]></ToUserName>
<FromUserName><![CDATA[o7oRnw4ne0rI9D8jcpyGbzZvEv5c]]></FromUserName>
<CreateTime>1473808623</CreateTime>
<MsgType><![CDATA[event]]></MsgType>
<Event><![CDATA[unsubscribe]]></Event>
<EventKey><![CDATA[]]></EventKey>
</xml>

2016-09-14 08:26:16 trace :
------------
String:
<xml><ToUserName><![CDATA[gh_2a23de840671]]></ToUserName>
<FromUserName><![CDATA[oQxC9wfDGw_2VwHd-qyo3rtBLA3E]]></FromUserName>
<CreateTime>1473812776</CreateTime>
<MsgType><![CDATA[event]]></MsgType>
<Event><![CDATA[VIEW]]></Event>
<EventKey><![CDATA[http://www.9kpu.com/app/index.php?i=31&c=entry&eid=2]]></EventKey>
<MenuId>408135367</MenuId>
</xml>

2016-09-14 08:26:16 params :
------------
Array:
message : Array ;
module : news ;
rule : 60 ;
priority : 0 ;
keyword : Array ;

2016-09-14 08:26:16 response :
------------
Array:
FromUserName : gh_2a23de840671 ;
ToUserName : oQxC9wfDGw_2VwHd-qyo3rtBLA3E ;
MsgType : news ;
ArticleCount : 1 ;
Articles : Array ;

2016-09-14 08:31:15 trace :
------------
String:
<xml><ToUserName><![CDATA[gh_2a23de840671]]></ToUserName>
<FromUserName><![CDATA[oQxC9wfDGw_2VwHd-qyo3rtBLA3E]]></FromUserName>
<CreateTime>1473813075</CreateTime>
<MsgType><![CDATA[event]]></MsgType>
<Event><![CDATA[VIEW]]></Event>
<EventKey><![CDATA[http://www.9kpu.com/app/index.php?i=31&c=entry&eid=1]]></EventKey>
<MenuId>408135367</MenuId>
</xml>

2016-09-14 08:31:15 params :
------------
Array:
message : Array ;
module : news ;
rule : 60 ;
priority : 0 ;
keyword : Array ;

2016-09-14 08:31:15 response :
------------
Array:
FromUserName : gh_2a23de840671 ;
ToUserName : oQxC9wfDGw_2VwHd-qyo3rtBLA3E ;
MsgType : news ;
ArticleCount : 1 ;
Articles : Array ;

2016-09-14 08:31:49 trace :
------------
String:
<xml><ToUserName><![CDATA[gh_2a23de840671]]></ToUserName>
<FromUserName><![CDATA[oQxC9wfDGw_2VwHd-qyo3rtBLA3E]]></FromUserName>
<CreateTime>1473813109</CreateTime>
<MsgType><![CDATA[event]]></MsgType>
<Event><![CDATA[VIEW]]></Event>
<EventKey><![CDATA[http://www.9kpu.com/app/index.php?i=31&c=entry&eid=2]]></EventKey>
<MenuId>408135367</MenuId>
</xml>

2016-09-14 08:31:49 params :
------------
Array:
message : Array ;
module : news ;
rule : 60 ;
priority : 0 ;
keyword : Array ;

2016-09-14 08:31:49 response :
------------
Array:
FromUserName : gh_2a23de840671 ;
ToUserName : oQxC9wfDGw_2VwHd-qyo3rtBLA3E ;
MsgType : news ;
ArticleCount : 1 ;
Articles : Array ;

2016-09-14 08:35:24 trace :
------------
String:
<xml><ToUserName><![CDATA[gh_2a23de840671]]></ToUserName>
<FromUserName><![CDATA[oQxC9wfDGw_2VwHd-qyo3rtBLA3E]]></FromUserName>
<CreateTime>1473813324</CreateTime>
<MsgType><![CDATA[event]]></MsgType>
<Event><![CDATA[VIEW]]></Event>
<EventKey><![CDATA[http://www.9kpu.com/app/index.php?i=31&c=entry&eid=1]]></EventKey>
<MenuId>408135367</MenuId>
</xml>

2016-09-14 08:35:24 params :
------------
Array:
message : Array ;
module : news ;
rule : 60 ;
priority : 0 ;
keyword : Array ;

2016-09-14 08:35:24 response :
------------
Array:
FromUserName : gh_2a23de840671 ;
ToUserName : oQxC9wfDGw_2VwHd-qyo3rtBLA3E ;
MsgType : news ;
ArticleCount : 1 ;
Articles : Array ;

2016-09-14 08:36:47 trace :
------------
String:
<xml><ToUserName><![CDATA[gh_2a23de840671]]></ToUserName>
<FromUserName><![CDATA[oQxC9wfDGw_2VwHd-qyo3rtBLA3E]]></FromUserName>
<CreateTime>1473813407</CreateTime>
<MsgType><![CDATA[event]]></MsgType>
<Event><![CDATA[VIEW]]></Event>
<EventKey><![CDATA[http://www.9kpu.com/app/index.php?i=31&c=entry&eid=2]]></EventKey>
<MenuId>408135367</MenuId>
</xml>

2016-09-14 08:36:47 params :
------------
Array:
message : Array ;
module : news ;
rule : 60 ;
priority : 0 ;
keyword : Array ;

2016-09-14 08:36:47 response :
------------
Array:
FromUserName : gh_2a23de840671 ;
ToUserName : oQxC9wfDGw_2VwHd-qyo3rtBLA3E ;
MsgType : news ;
ArticleCount : 1 ;
Articles : Array ;

2016-09-14 08:53:37 trace :
------------
String:
<xml><ToUserName><![CDATA[gh_2a23de840671]]></ToUserName>
<FromUserName><![CDATA[oQxC9wfDGw_2VwHd-qyo3rtBLA3E]]></FromUserName>
<CreateTime>1473814417</CreateTime>
<MsgType><![CDATA[event]]></MsgType>
<Event><![CDATA[VIEW]]></Event>
<EventKey><![CDATA[http://www.9kpu.com/app/index.php?i=31&c=entry&eid=1]]></EventKey>
<MenuId>408135367</MenuId>
</xml>

2016-09-14 08:53:37 params :
------------
Array:
message : Array ;
module : news ;
rule : 60 ;
priority : 0 ;
keyword : Array ;

2016-09-14 08:53:37 response :
------------
Array:
FromUserName : gh_2a23de840671 ;
ToUserName : oQxC9wfDGw_2VwHd-qyo3rtBLA3E ;
MsgType : news ;
ArticleCount : 1 ;
Articles : Array ;

2016-09-14 08:54:42 trace :
------------
String:
<xml><ToUserName><![CDATA[gh_2a23de840671]]></ToUserName>
<FromUserName><![CDATA[oQxC9wQhSKTYVr7T05hTSLIRp9UE]]></FromUserName>
<CreateTime>1473814482</CreateTime>
<MsgType><![CDATA[event]]></MsgType>
<Event><![CDATA[VIEW]]></Event>
<EventKey><![CDATA[http://www.9kpu.com/app/index.php?i=31&c=entry&eid=1]]></EventKey>
<MenuId>408135367</MenuId>
</xml>

2016-09-14 08:54:42 params :
------------
Array:
message : Array ;
module : news ;
rule : 60 ;
priority : 0 ;
keyword : Array ;

2016-09-14 08:54:42 response :
------------
Array:
FromUserName : gh_2a23de840671 ;
ToUserName : oQxC9wQhSKTYVr7T05hTSLIRp9UE ;
MsgType : news ;
ArticleCount : 1 ;
Articles : Array ;

2016-09-14 08:55:34 trace :
------------
String:
<xml><ToUserName><![CDATA[gh_2a23de840671]]></ToUserName>
<FromUserName><![CDATA[oQxC9wQhSKTYVr7T05hTSLIRp9UE]]></FromUserName>
<CreateTime>1473814534</CreateTime>
<MsgType><![CDATA[event]]></MsgType>
<Event><![CDATA[VIEW]]></Event>
<EventKey><![CDATA[http://www.9kpu.com/app/index.php?i=31&c=entry&eid=1]]></EventKey>
<MenuId>408135367</MenuId>
</xml>

2016-09-14 08:55:34 params :
------------
Array:
message : Array ;
module : news ;
rule : 60 ;
priority : 0 ;
keyword : Array ;

2016-09-14 08:55:34 response :
------------
Array:
FromUserName : gh_2a23de840671 ;
ToUserName : oQxC9wQhSKTYVr7T05hTSLIRp9UE ;
MsgType : news ;
ArticleCount : 1 ;
Articles : Array ;

2016-09-14 08:56:24 trace :
------------
String:
<xml><ToUserName><![CDATA[gh_2a23de840671]]></ToUserName>
<FromUserName><![CDATA[oQxC9wQhSKTYVr7T05hTSLIRp9UE]]></FromUserName>
<CreateTime>1473814584</CreateTime>
<MsgType><![CDATA[event]]></MsgType>
<Event><![CDATA[VIEW]]></Event>
<EventKey><![CDATA[http://www.9kpu.com/app/index.php?i=31&c=entry&eid=1]]></EventKey>
<MenuId>408135367</MenuId>
</xml>

2016-09-14 08:56:25 params :
------------
Array:
message : Array ;
module : news ;
rule : 60 ;
priority : 0 ;
keyword : Array ;

2016-09-14 08:56:25 response :
------------
Array:
FromUserName : gh_2a23de840671 ;
ToUserName : oQxC9wQhSKTYVr7T05hTSLIRp9UE ;
MsgType : news ;
ArticleCount : 1 ;
Articles : Array ;

2016-09-14 09:07:45 trace :
------------
String:
<xml><ToUserName><![CDATA[gh_2a23de840671]]></ToUserName>
<FromUserName><![CDATA[oQxC9wcDxzXQK6Jt-2r12zPKIvik]]></FromUserName>
<CreateTime>1473815265</CreateTime>
<MsgType><![CDATA[event]]></MsgType>
<Event><![CDATA[VIEW]]></Event>
<EventKey><![CDATA[http://www.9kpu.com/app/index.php?i=31&c=entry&eid=1]]></EventKey>
<MenuId>408135367</MenuId>
</xml>

2016-09-14 09:07:45 params :
------------
Array:
message : Array ;
module : news ;
rule : 60 ;
priority : 0 ;
keyword : Array ;

2016-09-14 09:07:45 response :
------------
Array:
FromUserName : gh_2a23de840671 ;
ToUserName : oQxC9wcDxzXQK6Jt-2r12zPKIvik ;
MsgType : news ;
ArticleCount : 1 ;
Articles : Array ;

2016-09-14 09:08:26 trace :
------------
String:
<xml><ToUserName><![CDATA[gh_2a23de840671]]></ToUserName>
<FromUserName><![CDATA[oQxC9wfDGw_2VwHd-qyo3rtBLA3E]]></FromUserName>
<CreateTime>1473815306</CreateTime>
<MsgType><![CDATA[event]]></MsgType>
<Event><![CDATA[VIEW]]></Event>
<EventKey><![CDATA[http://www.9kpu.com/app/index.php?i=31&c=entry&eid=1]]></EventKey>
<MenuId>408135367</MenuId>
</xml>

2016-09-14 09:08:26 params :
------------
Array:
message : Array ;
module : news ;
rule : 60 ;
priority : 0 ;
keyword : Array ;

2016-09-14 09:08:26 response :
------------
Array:
FromUserName : gh_2a23de840671 ;
ToUserName : oQxC9wfDGw_2VwHd-qyo3rtBLA3E ;
MsgType : news ;
ArticleCount : 1 ;
Articles : Array ;

2016-09-14 09:13:22 trace :
------------
String:
<xml><ToUserName><![CDATA[gh_2a23de840671]]></ToUserName>
<FromUserName><![CDATA[oQxC9wcDxzXQK6Jt-2r12zPKIvik]]></FromUserName>
<CreateTime>1473815602</CreateTime>
<MsgType><![CDATA[event]]></MsgType>
<Event><![CDATA[VIEW]]></Event>
<EventKey><![CDATA[http://www.9kpu.com/app/index.php?i=31&c=entry&eid=1]]></EventKey>
<MenuId>408135367</MenuId>
</xml>

2016-09-14 09:13:22 params :
------------
Array:
message : Array ;
module : news ;
rule : 60 ;
priority : 0 ;
keyword : Array ;

2016-09-14 09:13:22 response :
------------
Array:
FromUserName : gh_2a23de840671 ;
ToUserName : oQxC9wcDxzXQK6Jt-2r12zPKIvik ;
MsgType : news ;
ArticleCount : 1 ;
Articles : Array ;

2016-09-14 09:14:03 trace :
------------
String:
<xml><ToUserName><![CDATA[gh_2a23de840671]]></ToUserName>
<FromUserName><![CDATA[oQxC9wQXoLKZYpEQrHa4wmS_UnDo]]></FromUserName>
<CreateTime>1473815642</CreateTime>
<MsgType><![CDATA[event]]></MsgType>
<Event><![CDATA[subscribe]]></Event>
<EventKey><![CDATA[]]></EventKey>
</xml>

2016-09-14 09:14:03 params :
------------
Array:
message : Array ;
module : news ;
rule : 60 ;
priority : 0 ;
keyword : Array ;

2016-09-14 09:14:03 response :
------------
Array:
FromUserName : gh_2a23de840671 ;
ToUserName : oQxC9wQXoLKZYpEQrHa4wmS_UnDo ;
MsgType : news ;
ArticleCount : 1 ;
Articles : Array ;

2016-09-14 09:14:46 trace :
------------
String:
<xml><ToUserName><![CDATA[gh_2a23de840671]]></ToUserName>
<FromUserName><![CDATA[oQxC9wQXoLKZYpEQrHa4wmS_UnDo]]></FromUserName>
<CreateTime>1473815685</CreateTime>
<MsgType><![CDATA[event]]></MsgType>
<Event><![CDATA[VIEW]]></Event>
<EventKey><![CDATA[http://www.9kpu.com/app/index.php?i=31&c=home&]]></EventKey>
<MenuId>408135367</MenuId>
</xml>

2016-09-14 09:14:46 params :
------------
Array:
message : Array ;
module : news ;
rule : 60 ;
priority : 0 ;
keyword : Array ;

2016-09-14 09:14:46 response :
------------
Array:
FromUserName : gh_2a23de840671 ;
ToUserName : oQxC9wQXoLKZYpEQrHa4wmS_UnDo ;
MsgType : news ;
ArticleCount : 1 ;
Articles : Array ;

2016-09-14 09:15:01 trace :
------------
String:
<xml><ToUserName><![CDATA[gh_2a23de840671]]></ToUserName>
<FromUserName><![CDATA[oQxC9wQXoLKZYpEQrHa4wmS_UnDo]]></FromUserName>
<CreateTime>1473815701</CreateTime>
<MsgType><![CDATA[event]]></MsgType>
<Event><![CDATA[VIEW]]></Event>
<EventKey><![CDATA[http://www.9kpu.com/app/index.php?i=31&c=entry&eid=1]]></EventKey>
<MenuId>408135367</MenuId>
</xml>

2016-09-14 09:15:01 params :
------------
Array:
message : Array ;
module : news ;
rule : 60 ;
priority : 0 ;
keyword : Array ;

2016-09-14 09:15:01 response :
------------
Array:
FromUserName : gh_2a23de840671 ;
ToUserName : oQxC9wQXoLKZYpEQrHa4wmS_UnDo ;
MsgType : news ;
ArticleCount : 1 ;
Articles : Array ;

2016-09-14 09:15:07 trace :
------------
String:
<xml><ToUserName><![CDATA[gh_2a23de840671]]></ToUserName>
<FromUserName><![CDATA[oQxC9wQXoLKZYpEQrHa4wmS_UnDo]]></FromUserName>
<CreateTime>1473815707</CreateTime>
<MsgType><![CDATA[event]]></MsgType>
<Event><![CDATA[VIEW]]></Event>
<EventKey><![CDATA[http://www.9kpu.com/app/index.php?i=31&c=entry&eid=2]]></EventKey>
<MenuId>408135367</MenuId>
</xml>

2016-09-14 09:15:07 params :
------------
Array:
message : Array ;
module : news ;
rule : 60 ;
priority : 0 ;
keyword : Array ;

2016-09-14 09:15:07 response :
------------
Array:
FromUserName : gh_2a23de840671 ;
ToUserName : oQxC9wQXoLKZYpEQrHa4wmS_UnDo ;
MsgType : news ;
ArticleCount : 1 ;
Articles : Array ;

2016-09-14 10:50:59 trace :
------------
String:
<xml><ToUserName><![CDATA[gh_2a23de840671]]></ToUserName>
<FromUserName><![CDATA[oQxC9wfDGw_2VwHd-qyo3rtBLA3E]]></FromUserName>
<CreateTime>1473821459</CreateTime>
<MsgType><![CDATA[event]]></MsgType>
<Event><![CDATA[VIEW]]></Event>
<EventKey><![CDATA[http://www.9kpu.com/app/index.php?i=31&c=entry&eid=1]]></EventKey>
<MenuId>408135367</MenuId>
</xml>

2016-09-14 10:50:59 params :
------------
Array:
message : Array ;
module : news ;
rule : 60 ;
priority : 0 ;
keyword : Array ;

2016-09-14 10:50:59 response :
------------
Array:
FromUserName : gh_2a23de840671 ;
ToUserName : oQxC9wfDGw_2VwHd-qyo3rtBLA3E ;
MsgType : news ;
ArticleCount : 1 ;
Articles : Array ;

2016-09-14 11:03:20 trace :
------------
String:
<xml><ToUserName><![CDATA[gh_2a23de840671]]></ToUserName>
<FromUserName><![CDATA[oQxC9wfDGw_2VwHd-qyo3rtBLA3E]]></FromUserName>
<CreateTime>1473822200</CreateTime>
<MsgType><![CDATA[event]]></MsgType>
<Event><![CDATA[VIEW]]></Event>
<EventKey><![CDATA[http://www.9kpu.com/app/index.php?i=31&c=entry&eid=1]]></EventKey>
<MenuId>408135367</MenuId>
</xml>

2016-09-14 11:03:20 params :
------------
Array:
message : Array ;
module : news ;
rule : 60 ;
priority : 0 ;
keyword : Array ;

2016-09-14 11:03:20 response :
------------
Array:
FromUserName : gh_2a23de840671 ;
ToUserName : oQxC9wfDGw_2VwHd-qyo3rtBLA3E ;
MsgType : news ;
ArticleCount : 1 ;
Articles : Array ;

2016-09-14 11:04:06 trace :
------------
String:
<xml><ToUserName><![CDATA[gh_2a23de840671]]></ToUserName>
<FromUserName><![CDATA[oQxC9wfDGw_2VwHd-qyo3rtBLA3E]]></FromUserName>
<CreateTime>1473822246</CreateTime>
<MsgType><![CDATA[event]]></MsgType>
<Event><![CDATA[VIEW]]></Event>
<EventKey><![CDATA[http://www.9kpu.com/app/index.php?i=31&c=entry&eid=1]]></EventKey>
<MenuId>408135367</MenuId>
</xml>

2016-09-14 11:04:06 params :
------------
Array:
message : Array ;
module : news ;
rule : 60 ;
priority : 0 ;
keyword : Array ;

2016-09-14 11:04:06 response :
------------
Array:
FromUserName : gh_2a23de840671 ;
ToUserName : oQxC9wfDGw_2VwHd-qyo3rtBLA3E ;
MsgType : news ;
ArticleCount : 1 ;
Articles : Array ;

2016-09-14 11:04:31 trace :
------------
String:
<xml><ToUserName><![CDATA[gh_2a23de840671]]></ToUserName>
<FromUserName><![CDATA[oQxC9wfDGw_2VwHd-qyo3rtBLA3E]]></FromUserName>
<CreateTime>1473822271</CreateTime>
<MsgType><![CDATA[event]]></MsgType>
<Event><![CDATA[VIEW]]></Event>
<EventKey><![CDATA[http://www.9kpu.com/app/index.php?i=31&c=entry&eid=1]]></EventKey>
<MenuId>408135367</MenuId>
</xml>

2016-09-14 11:04:31 params :
------------
Array:
message : Array ;
module : news ;
rule : 60 ;
priority : 0 ;
keyword : Array ;

2016-09-14 11:04:31 response :
------------
Array:
FromUserName : gh_2a23de840671 ;
ToUserName : oQxC9wfDGw_2VwHd-qyo3rtBLA3E ;
MsgType : news ;
ArticleCount : 1 ;
Articles : Array ;

2016-09-14 11:09:42 trace :
------------
String:
<xml><ToUserName><![CDATA[gh_2a23de840671]]></ToUserName>
<FromUserName><![CDATA[oQxC9wfDGw_2VwHd-qyo3rtBLA3E]]></FromUserName>
<CreateTime>1473822582</CreateTime>
<MsgType><![CDATA[event]]></MsgType>
<Event><![CDATA[VIEW]]></Event>
<EventKey><![CDATA[http://www.9kpu.com/app/index.php?i=31&c=entry&eid=1]]></EventKey>
<MenuId>408135367</MenuId>
</xml>

2016-09-14 11:09:42 params :
------------
Array:
message : Array ;
module : news ;
rule : 60 ;
priority : 0 ;
keyword : Array ;

2016-09-14 11:09:42 response :
------------
Array:
FromUserName : gh_2a23de840671 ;
ToUserName : oQxC9wfDGw_2VwHd-qyo3rtBLA3E ;
MsgType : news ;
ArticleCount : 1 ;
Articles : Array ;

2016-09-14 11:10:25 trace :
------------
String:
<xml><ToUserName><![CDATA[gh_2a23de840671]]></ToUserName>
<FromUserName><![CDATA[oQxC9wfDGw_2VwHd-qyo3rtBLA3E]]></FromUserName>
<CreateTime>1473822625</CreateTime>
<MsgType><![CDATA[event]]></MsgType>
<Event><![CDATA[VIEW]]></Event>
<EventKey><![CDATA[http://www.9kpu.com/app/index.php?i=31&c=entry&eid=2]]></EventKey>
<MenuId>408135367</MenuId>
</xml>

2016-09-14 11:10:25 params :
------------
Array:
message : Array ;
module : news ;
rule : 60 ;
priority : 0 ;
keyword : Array ;

2016-09-14 11:10:25 response :
------------
Array:
FromUserName : gh_2a23de840671 ;
ToUserName : oQxC9wfDGw_2VwHd-qyo3rtBLA3E ;
MsgType : news ;
ArticleCount : 1 ;
Articles : Array ;

2016-09-14 11:11:17 trace :
------------
String:
<xml><ToUserName><![CDATA[gh_2a23de840671]]></ToUserName>
<FromUserName><![CDATA[oQxC9wfDGw_2VwHd-qyo3rtBLA3E]]></FromUserName>
<CreateTime>1473822677</CreateTime>
<MsgType><![CDATA[event]]></MsgType>
<Event><![CDATA[VIEW]]></Event>
<EventKey><![CDATA[http://www.9kpu.com/app/index.php?i=31&c=entry&eid=1]]></EventKey>
<MenuId>408135367</MenuId>
</xml>

2016-09-14 11:11:17 params :
------------
Array:
message : Array ;
module : news ;
rule : 60 ;
priority : 0 ;
keyword : Array ;

2016-09-14 11:11:17 response :
------------
Array:
FromUserName : gh_2a23de840671 ;
ToUserName : oQxC9wfDGw_2VwHd-qyo3rtBLA3E ;
MsgType : news ;
ArticleCount : 1 ;
Articles : Array ;

2016-09-14 11:14:58 trace :
------------
String:
<xml><ToUserName><![CDATA[gh_2a23de840671]]></ToUserName>
<FromUserName><![CDATA[oQxC9wfDGw_2VwHd-qyo3rtBLA3E]]></FromUserName>
<CreateTime>1473822898</CreateTime>
<MsgType><![CDATA[event]]></MsgType>
<Event><![CDATA[VIEW]]></Event>
<EventKey><![CDATA[http://www.9kpu.com/app/index.php?i=31&c=entry&eid=1]]></EventKey>
<MenuId>408135367</MenuId>
</xml>

2016-09-14 11:14:58 params :
------------
Array:
message : Array ;
module : news ;
rule : 60 ;
priority : 0 ;
keyword : Array ;

2016-09-14 11:14:58 response :
------------
Array:
FromUserName : gh_2a23de840671 ;
ToUserName : oQxC9wfDGw_2VwHd-qyo3rtBLA3E ;
MsgType : news ;
ArticleCount : 1 ;
Articles : Array ;

2016-09-14 12:18:36 trace :
------------
String:
<xml><ToUserName><![CDATA[gh_7d1762dac7c2]]></ToUserName>
<FromUserName><![CDATA[o8AZcwGBisCuuBiDa6dbnMsO5Xxo]]></FromUserName>
<CreateTime>1473826716</CreateTime>
<MsgType><![CDATA[event]]></MsgType>
<Event><![CDATA[subscribe]]></Event>
<EventKey><![CDATA[]]></EventKey>
</xml>

2016-09-14 12:18:36 params :
------------
Array:
rule : -2 ;
module :  ;
message : Array ;

2016-09-14 12:18:36 response :
------------

2016-09-14 12:18:40 trace :
------------
String:
<xml><ToUserName><![CDATA[gh_7d1762dac7c2]]></ToUserName>
<FromUserName><![CDATA[o8AZcwGBisCuuBiDa6dbnMsO5Xxo]]></FromUserName>
<CreateTime>1473826720</CreateTime>
<MsgType><![CDATA[event]]></MsgType>
<Event><![CDATA[VIEW]]></Event>
<EventKey><![CDATA[http://www.9kpu.com/app/index.php?i=6&c=entry&eid=1]]></EventKey>
<MenuId>406999612</MenuId>
</xml>

2016-09-14 12:18:40 params :
------------
Array:
rule : -2 ;
module :  ;
message : Array ;

2016-09-14 12:18:40 response :
------------

2016-09-14 12:18:49 trace :
------------
String:
<xml><ToUserName><![CDATA[gh_7d1762dac7c2]]></ToUserName>
<FromUserName><![CDATA[o8AZcwGBisCuuBiDa6dbnMsO5Xxo]]></FromUserName>
<CreateTime>1473826729</CreateTime>
<MsgType><![CDATA[event]]></MsgType>
<Event><![CDATA[VIEW]]></Event>
<EventKey><![CDATA[http://www.9kpu.com/app/index.php?i=6&c=home&]]></EventKey>
<MenuId>406999612</MenuId>
</xml>

2016-09-14 12:18:49 params :
------------
Array:
rule : -2 ;
module :  ;
message : Array ;

2016-09-14 12:18:49 response :
------------

2016-09-14 12:19:02 trace :
------------
String:
<xml><ToUserName><![CDATA[gh_7d1762dac7c2]]></ToUserName>
<FromUserName><![CDATA[o8AZcwGBisCuuBiDa6dbnMsO5Xxo]]></FromUserName>
<CreateTime>1473826742</CreateTime>
<MsgType><![CDATA[event]]></MsgType>
<Event><![CDATA[VIEW]]></Event>
<EventKey><![CDATA[http://www.9kpu.com/app/index.php?i=6&c=home&]]></EventKey>
<MenuId>406999612</MenuId>
</xml>

2016-09-14 12:19:02 params :
------------
Array:
rule : -2 ;
module :  ;
message : Array ;

2016-09-14 12:19:02 response :
------------

2016-09-14 12:19:23 trace :
------------
String:
<xml><ToUserName><![CDATA[gh_7d1762dac7c2]]></ToUserName>
<FromUserName><![CDATA[o8AZcwGBisCuuBiDa6dbnMsO5Xxo]]></FromUserName>
<CreateTime>1473826763</CreateTime>
<MsgType><![CDATA[event]]></MsgType>
<Event><![CDATA[VIEW]]></Event>
<EventKey><![CDATA[http://www.9kpu.com/app/index.php?i=6&c=home&]]></EventKey>
<MenuId>406999612</MenuId>
</xml>

2016-09-14 12:19:23 params :
------------
Array:
rule : -2 ;
module :  ;
message : Array ;

2016-09-14 12:19:23 response :
------------

2016-09-14 12:19:39 trace :
------------
String:
<xml><ToUserName><![CDATA[gh_7d1762dac7c2]]></ToUserName>
<FromUserName><![CDATA[o8AZcwGBisCuuBiDa6dbnMsO5Xxo]]></FromUserName>
<CreateTime>1473826779</CreateTime>
<MsgType><![CDATA[event]]></MsgType>
<Event><![CDATA[VIEW]]></Event>
<EventKey><![CDATA[http://www.9kpu.com/app/index.php?i=6&c=home&]]></EventKey>
<MenuId>406999612</MenuId>
</xml>

2016-09-14 12:19:39 params :
------------
Array:
rule : -2 ;
module :  ;
message : Array ;

2016-09-14 12:19:39 response :
------------

2016-09-14 12:54:28 trace :
------------
String:
<xml><ToUserName><![CDATA[gh_2a23de840671]]></ToUserName>
<FromUserName><![CDATA[oQxC9wfDGw_2VwHd-qyo3rtBLA3E]]></FromUserName>
<CreateTime>1473828868</CreateTime>
<MsgType><![CDATA[event]]></MsgType>
<Event><![CDATA[VIEW]]></Event>
<EventKey><![CDATA[http://www.9kpu.com/app/index.php?i=31&c=entry&eid=1]]></EventKey>
<MenuId>408135367</MenuId>
</xml>

2016-09-14 12:54:28 params :
------------
Array:
message : Array ;
module : news ;
rule : 60 ;
priority : 0 ;
keyword : Array ;

2016-09-14 12:54:28 response :
------------
Array:
FromUserName : gh_2a23de840671 ;
ToUserName : oQxC9wfDGw_2VwHd-qyo3rtBLA3E ;
MsgType : news ;
ArticleCount : 1 ;
Articles : Array ;

2016-09-14 13:48:00 trace :
------------
String:
<xml><ToUserName><![CDATA[gh_2a23de840671]]></ToUserName>
<FromUserName><![CDATA[oQxC9wQhSKTYVr7T05hTSLIRp9UE]]></FromUserName>
<CreateTime>1473832080</CreateTime>
<MsgType><![CDATA[event]]></MsgType>
<Event><![CDATA[VIEW]]></Event>
<EventKey><![CDATA[http://www.9kpu.com/app/index.php?i=31&c=entry&eid=1]]></EventKey>
<MenuId>408135367</MenuId>
</xml>

2016-09-14 13:48:00 params :
------------
Array:
message : Array ;
module : news ;
rule : 60 ;
priority : 0 ;
keyword : Array ;

2016-09-14 13:48:00 response :
------------
Array:
FromUserName : gh_2a23de840671 ;
ToUserName : oQxC9wQhSKTYVr7T05hTSLIRp9UE ;
MsgType : news ;
ArticleCount : 1 ;
Articles : Array ;

2016-09-14 13:48:30 trace :
------------
String:
<xml><ToUserName><![CDATA[gh_2a23de840671]]></ToUserName>
<FromUserName><![CDATA[oQxC9wQhSKTYVr7T05hTSLIRp9UE]]></FromUserName>
<CreateTime>1473832110</CreateTime>
<MsgType><![CDATA[event]]></MsgType>
<Event><![CDATA[VIEW]]></Event>
<EventKey><![CDATA[http://www.9kpu.com/app/index.php?i=31&c=entry&eid=1]]></EventKey>
<MenuId>408135367</MenuId>
</xml>

2016-09-14 13:48:30 params :
------------
Array:
message : Array ;
module : news ;
rule : 60 ;
priority : 0 ;
keyword : Array ;

2016-09-14 13:48:30 response :
------------
Array:
FromUserName : gh_2a23de840671 ;
ToUserName : oQxC9wQhSKTYVr7T05hTSLIRp9UE ;
MsgType : news ;
ArticleCount : 1 ;
Articles : Array ;

2016-09-14 14:03:17 trace :
------------
String:
<xml><ToUserName><![CDATA[gh_2a23de840671]]></ToUserName>
<FromUserName><![CDATA[oQxC9wfDGw_2VwHd-qyo3rtBLA3E]]></FromUserName>
<CreateTime>1473832997</CreateTime>
<MsgType><![CDATA[event]]></MsgType>
<Event><![CDATA[VIEW]]></Event>
<EventKey><![CDATA[http://www.9kpu.com/app/index.php?i=31&c=entry&eid=1]]></EventKey>
<MenuId>408135367</MenuId>
</xml>

2016-09-14 14:03:17 params :
------------
Array:
message : Array ;
module : news ;
rule : 60 ;
priority : 0 ;
keyword : Array ;

2016-09-14 14:03:17 response :
------------
Array:
FromUserName : gh_2a23de840671 ;
ToUserName : oQxC9wfDGw_2VwHd-qyo3rtBLA3E ;
MsgType : news ;
ArticleCount : 1 ;
Articles : Array ;

2016-09-14 14:03:31 trace :
------------
String:
<xml><ToUserName><![CDATA[gh_2a23de840671]]></ToUserName>
<FromUserName><![CDATA[oQxC9wcDxzXQK6Jt-2r12zPKIvik]]></FromUserName>
<CreateTime>1473833011</CreateTime>
<MsgType><![CDATA[event]]></MsgType>
<Event><![CDATA[VIEW]]></Event>
<EventKey><![CDATA[http://www.9kpu.com/app/index.php?i=31&c=entry&eid=1]]></EventKey>
<MenuId>408135367</MenuId>
</xml>

2016-09-14 14:03:31 params :
------------
Array:
message : Array ;
module : news ;
rule : 60 ;
priority : 0 ;
keyword : Array ;

2016-09-14 14:03:31 response :
------------
Array:
FromUserName : gh_2a23de840671 ;
ToUserName : oQxC9wcDxzXQK6Jt-2r12zPKIvik ;
MsgType : news ;
ArticleCount : 1 ;
Articles : Array ;

2016-09-14 14:06:57 trace :
------------
String:
<xml><ToUserName><![CDATA[gh_2a23de840671]]></ToUserName>
<FromUserName><![CDATA[oQxC9wcDxzXQK6Jt-2r12zPKIvik]]></FromUserName>
<CreateTime>1473833217</CreateTime>
<MsgType><![CDATA[event]]></MsgType>
<Event><![CDATA[VIEW]]></Event>
<EventKey><![CDATA[http://www.9kpu.com/app/index.php?i=31&c=entry&eid=1]]></EventKey>
<MenuId>408135367</MenuId>
</xml>

2016-09-14 14:06:57 params :
------------
Array:
message : Array ;
module : news ;
rule : 60 ;
priority : 0 ;
keyword : Array ;

2016-09-14 14:06:57 response :
------------
Array:
FromUserName : gh_2a23de840671 ;
ToUserName : oQxC9wcDxzXQK6Jt-2r12zPKIvik ;
MsgType : news ;
ArticleCount : 1 ;
Articles : Array ;

2016-09-14 14:09:28 trace :
------------
String:
<xml><ToUserName><![CDATA[gh_2a23de840671]]></ToUserName>
<FromUserName><![CDATA[oQxC9wcDxzXQK6Jt-2r12zPKIvik]]></FromUserName>
<CreateTime>1473833368</CreateTime>
<MsgType><![CDATA[event]]></MsgType>
<Event><![CDATA[VIEW]]></Event>
<EventKey><![CDATA[http://www.9kpu.com/app/index.php?i=31&c=entry&eid=1]]></EventKey>
<MenuId>408135367</MenuId>
</xml>

2016-09-14 14:09:28 params :
------------
Array:
message : Array ;
module : news ;
rule : 60 ;
priority : 0 ;
keyword : Array ;

2016-09-14 14:09:28 response :
------------
Array:
FromUserName : gh_2a23de840671 ;
ToUserName : oQxC9wcDxzXQK6Jt-2r12zPKIvik ;
MsgType : news ;
ArticleCount : 1 ;
Articles : Array ;

2016-09-14 14:28:21 trace :
------------
String:
<xml><ToUserName><![CDATA[gh_2a23de840671]]></ToUserName>
<FromUserName><![CDATA[oQxC9wfDGw_2VwHd-qyo3rtBLA3E]]></FromUserName>
<CreateTime>1473834501</CreateTime>
<MsgType><![CDATA[event]]></MsgType>
<Event><![CDATA[VIEW]]></Event>
<EventKey><![CDATA[http://www.9kpu.com/app/index.php?i=31&c=entry&eid=1]]></EventKey>
<MenuId>408135367</MenuId>
</xml>

2016-09-14 14:28:21 params :
------------
Array:
message : Array ;
module : news ;
rule : 60 ;
priority : 0 ;
keyword : Array ;

2016-09-14 14:28:21 response :
------------
Array:
FromUserName : gh_2a23de840671 ;
ToUserName : oQxC9wfDGw_2VwHd-qyo3rtBLA3E ;
MsgType : news ;
ArticleCount : 1 ;
Articles : Array ;

2016-09-14 14:35:57 trace :
------------
String:
<xml><ToUserName><![CDATA[gh_2a23de840671]]></ToUserName>
<FromUserName><![CDATA[oQxC9wcDxzXQK6Jt-2r12zPKIvik]]></FromUserName>
<CreateTime>1473834957</CreateTime>
<MsgType><![CDATA[event]]></MsgType>
<Event><![CDATA[VIEW]]></Event>
<EventKey><![CDATA[http://www.9kpu.com/app/index.php?i=31&c=entry&eid=1]]></EventKey>
<MenuId>408135367</MenuId>
</xml>

2016-09-14 14:35:57 params :
------------
Array:
message : Array ;
module : news ;
rule : 60 ;
priority : 0 ;
keyword : Array ;

2016-09-14 14:35:57 response :
------------
Array:
FromUserName : gh_2a23de840671 ;
ToUserName : oQxC9wcDxzXQK6Jt-2r12zPKIvik ;
MsgType : news ;
ArticleCount : 1 ;
Articles : Array ;

2016-09-14 14:38:08 trace :
------------
String:
<xml><ToUserName><![CDATA[gh_2a23de840671]]></ToUserName>
<FromUserName><![CDATA[oQxC9wQhSKTYVr7T05hTSLIRp9UE]]></FromUserName>
<CreateTime>1473835088</CreateTime>
<MsgType><![CDATA[event]]></MsgType>
<Event><![CDATA[VIEW]]></Event>
<EventKey><![CDATA[http://www.9kpu.com/app/index.php?i=31&c=home&]]></EventKey>
<MenuId>408135367</MenuId>
</xml>

2016-09-14 14:38:08 params :
------------
Array:
message : Array ;
module : news ;
rule : 60 ;
priority : 0 ;
keyword : Array ;

2016-09-14 14:38:08 response :
------------
Array:
FromUserName : gh_2a23de840671 ;
ToUserName : oQxC9wQhSKTYVr7T05hTSLIRp9UE ;
MsgType : news ;
ArticleCount : 1 ;
Articles : Array ;

2016-09-14 14:38:12 trace :
------------
String:
<xml><ToUserName><![CDATA[gh_2a23de840671]]></ToUserName>
<FromUserName><![CDATA[oQxC9wQhSKTYVr7T05hTSLIRp9UE]]></FromUserName>
<CreateTime>1473835092</CreateTime>
<MsgType><![CDATA[event]]></MsgType>
<Event><![CDATA[VIEW]]></Event>
<EventKey><![CDATA[http://www.9kpu.com/app/index.php?i=31&c=entry&eid=1]]></EventKey>
<MenuId>408135367</MenuId>
</xml>

2016-09-14 14:38:12 params :
------------
Array:
message : Array ;
module : news ;
rule : 60 ;
priority : 0 ;
keyword : Array ;

2016-09-14 14:38:12 response :
------------
Array:
FromUserName : gh_2a23de840671 ;
ToUserName : oQxC9wQhSKTYVr7T05hTSLIRp9UE ;
MsgType : news ;
ArticleCount : 1 ;
Articles : Array ;

2016-09-14 14:38:33 trace :
------------
String:
<xml><ToUserName><![CDATA[gh_2a23de840671]]></ToUserName>
<FromUserName><![CDATA[oQxC9wQhSKTYVr7T05hTSLIRp9UE]]></FromUserName>
<CreateTime>1473835113</CreateTime>
<MsgType><![CDATA[event]]></MsgType>
<Event><![CDATA[VIEW]]></Event>
<EventKey><![CDATA[http://www.9kpu.com/app/index.php?i=31&c=entry&eid=1]]></EventKey>
<MenuId>408135367</MenuId>
</xml>

2016-09-14 14:38:33 params :
------------
Array:
message : Array ;
module : news ;
rule : 60 ;
priority : 0 ;
keyword : Array ;

2016-09-14 14:38:33 response :
------------
Array:
FromUserName : gh_2a23de840671 ;
ToUserName : oQxC9wQhSKTYVr7T05hTSLIRp9UE ;
MsgType : news ;
ArticleCount : 1 ;
Articles : Array ;

2016-09-14 14:52:54 trace :
------------
String:
<xml><ToUserName><![CDATA[gh_2a23de840671]]></ToUserName>
<FromUserName><![CDATA[oQxC9wQhSKTYVr7T05hTSLIRp9UE]]></FromUserName>
<CreateTime>1473835974</CreateTime>
<MsgType><![CDATA[event]]></MsgType>
<Event><![CDATA[VIEW]]></Event>
<EventKey><![CDATA[http://www.9kpu.com/app/index.php?i=31&c=entry&eid=1]]></EventKey>
<MenuId>408135367</MenuId>
</xml>

2016-09-14 14:52:54 params :
------------
Array:
message : Array ;
module : news ;
rule : 60 ;
priority : 0 ;
keyword : Array ;

2016-09-14 14:52:54 response :
------------
Array:
FromUserName : gh_2a23de840671 ;
ToUserName : oQxC9wQhSKTYVr7T05hTSLIRp9UE ;
MsgType : news ;
ArticleCount : 1 ;
Articles : Array ;

2016-09-14 16:18:06 trace :
------------
String:
<xml><ToUserName><![CDATA[gh_2a23de840671]]></ToUserName>
<FromUserName><![CDATA[oQxC9wQhSKTYVr7T05hTSLIRp9UE]]></FromUserName>
<CreateTime>1473841086</CreateTime>
<MsgType><![CDATA[event]]></MsgType>
<Event><![CDATA[VIEW]]></Event>
<EventKey><![CDATA[http://www.9kpu.com/app/index.php?i=31&c=entry&eid=1]]></EventKey>
<MenuId>408135367</MenuId>
</xml>

2016-09-14 16:18:06 params :
------------
Array:
message : Array ;
module : news ;
rule : 60 ;
priority : 0 ;
keyword : Array ;

2016-09-14 16:18:06 response :
------------
Array:
FromUserName : gh_2a23de840671 ;
ToUserName : oQxC9wQhSKTYVr7T05hTSLIRp9UE ;
MsgType : news ;
ArticleCount : 1 ;
Articles : Array ;

2016-09-14 16:37:24 trace :
------------
String:
<xml><ToUserName><![CDATA[gh_4e0c181b7380]]></ToUserName>
<FromUserName><![CDATA[oxtWnv-CVluHysFeCaUiq5-o-0MQ]]></FromUserName>
<CreateTime>1473842244</CreateTime>
<MsgType><![CDATA[event]]></MsgType>
<Event><![CDATA[VIEW]]></Event>
<EventKey><![CDATA[http://www.9kpu.com/app/index.php?i=27&c=home&]]></EventKey>
<MenuId>432421071</MenuId>
</xml>

2016-09-14 16:37:24 params :
------------
Array:
message : Array ;
module : default ;
rule : -1 ;

2016-09-14 16:37:24 response :
------------
Array:
params : Array ;

2016-09-14 16:40:09 trace :
------------
String:
<xml><ToUserName><![CDATA[gh_7d1762dac7c2]]></ToUserName>
<FromUserName><![CDATA[o8AZcwIEK6DPW7mx4HlBz1KPfflc]]></FromUserName>
<CreateTime>1473842409</CreateTime>
<MsgType><![CDATA[event]]></MsgType>
<Event><![CDATA[subscribe]]></Event>
<EventKey><![CDATA[]]></EventKey>
</xml>

2016-09-14 16:40:09 params :
------------
Array:
rule : -2 ;
module :  ;
message : Array ;

2016-09-14 16:40:09 response :
------------

2016-09-14 16:40:11 trace :
------------
String:
<xml><ToUserName><![CDATA[gh_7d1762dac7c2]]></ToUserName>
<FromUserName><![CDATA[o8AZcwIEK6DPW7mx4HlBz1KPfflc]]></FromUserName>
<CreateTime>1473842411</CreateTime>
<MsgType><![CDATA[event]]></MsgType>
<Event><![CDATA[VIEW]]></Event>
<EventKey><![CDATA[http://www.9kpu.com/app/index.php?i=6&c=entry&eid=1]]></EventKey>
<MenuId>406999612</MenuId>
</xml>

2016-09-14 16:40:11 params :
------------
Array:
rule : -2 ;
module :  ;
message : Array ;

2016-09-14 16:40:11 response :
------------

2016-09-14 16:40:24 trace :
------------
String:
<xml><ToUserName><![CDATA[gh_7d1762dac7c2]]></ToUserName>
<FromUserName><![CDATA[o8AZcwIEK6DPW7mx4HlBz1KPfflc]]></FromUserName>
<CreateTime>1473842424</CreateTime>
<MsgType><![CDATA[event]]></MsgType>
<Event><![CDATA[VIEW]]></Event>
<EventKey><![CDATA[http://www.9kpu.com/app/index.php?i=6&c=home&]]></EventKey>
<MenuId>406999612</MenuId>
</xml>

2016-09-14 16:40:24 params :
------------
Array:
rule : -2 ;
module :  ;
message : Array ;

2016-09-14 16:40:24 response :
------------

2016-09-14 17:17:11 trace :
------------
String:
<xml><ToUserName><![CDATA[gh_2a23de840671]]></ToUserName>
<FromUserName><![CDATA[oQxC9wfDGw_2VwHd-qyo3rtBLA3E]]></FromUserName>
<CreateTime>1473844631</CreateTime>
<MsgType><![CDATA[event]]></MsgType>
<Event><![CDATA[VIEW]]></Event>
<EventKey><![CDATA[http://www.9kpu.com/app/index.php?i=31&c=entry&eid=1]]></EventKey>
<MenuId>408135367</MenuId>
</xml>

2016-09-14 17:17:11 params :
------------
Array:
message : Array ;
module : news ;
rule : 60 ;
priority : 0 ;
keyword : Array ;

2016-09-14 17:17:11 response :
------------
Array:
FromUserName : gh_2a23de840671 ;
ToUserName : oQxC9wfDGw_2VwHd-qyo3rtBLA3E ;
MsgType : news ;
ArticleCount : 1 ;
Articles : Array ;

2016-09-14 17:22:06 trace :
------------
String:
<xml><ToUserName><![CDATA[gh_2a23de840671]]></ToUserName>
<FromUserName><![CDATA[oQxC9wXrxE-nkMo9NvunqsQGXzpU]]></FromUserName>
<CreateTime>1473844926</CreateTime>
<MsgType><![CDATA[event]]></MsgType>
<Event><![CDATA[subscribe]]></Event>
<EventKey><![CDATA[]]></EventKey>
</xml>

2016-09-14 17:22:06 params :
------------
Array:
message : Array ;
module : news ;
rule : 60 ;
priority : 0 ;
keyword : Array ;

2016-09-14 17:22:06 response :
------------
Array:
FromUserName : gh_2a23de840671 ;
ToUserName : oQxC9wXrxE-nkMo9NvunqsQGXzpU ;
MsgType : news ;
ArticleCount : 1 ;
Articles : Array ;

2016-09-14 17:22:19 trace :
------------
String:
<xml><ToUserName><![CDATA[gh_2a23de840671]]></ToUserName>
<FromUserName><![CDATA[oQxC9wXrxE-nkMo9NvunqsQGXzpU]]></FromUserName>
<CreateTime>1473844938</CreateTime>
<MsgType><![CDATA[event]]></MsgType>
<Event><![CDATA[VIEW]]></Event>
<EventKey><![CDATA[http://www.9kpu.com/app/index.php?i=31&c=entry&eid=1]]></EventKey>
<MenuId>408135367</MenuId>
</xml>

2016-09-14 17:22:19 params :
------------
Array:
message : Array ;
module : news ;
rule : 60 ;
priority : 0 ;
keyword : Array ;

2016-09-14 17:22:19 response :
------------
Array:
FromUserName : gh_2a23de840671 ;
ToUserName : oQxC9wXrxE-nkMo9NvunqsQGXzpU ;
MsgType : news ;
ArticleCount : 1 ;
Articles : Array ;

2016-09-14 17:22:42 trace :
------------
String:
<xml><ToUserName><![CDATA[gh_2a23de840671]]></ToUserName>
<FromUserName><![CDATA[oQxC9wXrxE-nkMo9NvunqsQGXzpU]]></FromUserName>
<CreateTime>1473844962</CreateTime>
<MsgType><![CDATA[event]]></MsgType>
<Event><![CDATA[unsubscribe]]></Event>
<EventKey><![CDATA[]]></EventKey>
</xml>

2016-09-14 18:04:56 trace :
------------
String:
<xml><ToUserName><![CDATA[gh_2ee031f2e428]]></ToUserName>
<FromUserName><![CDATA[ojDkIws6tyWAK48S1Jx8OmuO4WTI]]></FromUserName>
<CreateTime>1473847496</CreateTime>
<MsgType><![CDATA[event]]></MsgType>
<Event><![CDATA[VIEW]]></Event>
<EventKey><![CDATA[http://www.9kpu.com/app/index.php?i=20&c=home&=entry&eid=1]]></EventKey>
<MenuId>410679894</MenuId>
</xml>

2016-09-14 18:04:56 params :
------------
Array:
rule : -2 ;
module :  ;
message : Array ;

2016-09-14 18:04:56 response :
------------

2016-09-14 18:27:12 trace :
------------
String:
<xml><ToUserName><![CDATA[gh_0eab716966d4]]></ToUserName>
<FromUserName><![CDATA[oSoVuwAs7fdAXEHg9stQ15qGLlAg]]></FromUserName>
<CreateTime>1473848832</CreateTime>
<MsgType><![CDATA[event]]></MsgType>
<Event><![CDATA[VIEW]]></Event>
<EventKey><![CDATA[http://www.9kpu.com/app/index.php?i=28&c=home&]]></EventKey>
<MenuId>414492131</MenuId>
</xml>

2016-09-14 18:27:12 params :
------------
Array:
rule : -2 ;
module :  ;
message : Array ;

2016-09-14 18:27:12 response :
------------

2016-09-14 18:40:32 trace :
------------
String:
<xml><ToUserName><![CDATA[gh_4e0c181b7380]]></ToUserName>
<FromUserName><![CDATA[oxtWnv-CVluHysFeCaUiq5-o-0MQ]]></FromUserName>
<CreateTime>1473849632</CreateTime>
<MsgType><![CDATA[event]]></MsgType>
<Event><![CDATA[VIEW]]></Event>
<EventKey><![CDATA[http://www.9kpu.com/app/index.php?i=25&c=entry&do=teaIn&m=lianhu_school]]></EventKey>
<MenuId>432421071</MenuId>
</xml>

2016-09-14 18:40:32 params :
------------
Array:
message : Array ;
module : default ;
rule : -1 ;

2016-09-14 18:40:32 response :
------------
Array:
params : Array ;

2016-09-14 18:41:06 trace :
------------
String:
<xml><ToUserName><![CDATA[gh_4e0c181b7380]]></ToUserName>
<FromUserName><![CDATA[oxtWnv-CVluHysFeCaUiq5-o-0MQ]]></FromUserName>
<CreateTime>1473849666</CreateTime>
<MsgType><![CDATA[event]]></MsgType>
<Event><![CDATA[VIEW]]></Event>
<EventKey><![CDATA[http://www.9kpu.com/app/index.php?i=27&c=entry&eid=2]]></EventKey>
<MenuId>432421071</MenuId>
</xml>

2016-09-14 18:41:06 params :
------------
Array:
message : Array ;
module : default ;
rule : -1 ;

2016-09-14 18:41:06 response :
------------
Array:
params : Array ;

2016-09-14 18:49:08 trace :
------------
String:
<xml><ToUserName><![CDATA[gh_2a23de840671]]></ToUserName>
<FromUserName><![CDATA[oQxC9wfDGw_2VwHd-qyo3rtBLA3E]]></FromUserName>
<CreateTime>1473850148</CreateTime>
<MsgType><![CDATA[event]]></MsgType>
<Event><![CDATA[VIEW]]></Event>
<EventKey><![CDATA[http://www.9kpu.com/app/index.php?i=31&c=entry&eid=1]]></EventKey>
<MenuId>408135367</MenuId>
</xml>

2016-09-14 18:49:08 params :
------------
Array:
message : Array ;
module : news ;
rule : 60 ;
priority : 0 ;
keyword : Array ;

2016-09-14 18:49:08 response :
------------
Array:
FromUserName : gh_2a23de840671 ;
ToUserName : oQxC9wfDGw_2VwHd-qyo3rtBLA3E ;
MsgType : news ;
ArticleCount : 1 ;
Articles : Array ;

2016-09-14 20:57:00 trace :
------------
String:
<xml><ToUserName><![CDATA[gh_2a23de840671]]></ToUserName>
<FromUserName><![CDATA[oQxC9wQhSKTYVr7T05hTSLIRp9UE]]></FromUserName>
<CreateTime>1473857820</CreateTime>
<MsgType><![CDATA[event]]></MsgType>
<Event><![CDATA[VIEW]]></Event>
<EventKey><![CDATA[http://www.9kpu.com/app/index.php?i=31&c=entry&eid=1]]></EventKey>
<MenuId>408135367</MenuId>
</xml>

2016-09-14 20:57:00 params :
------------
Array:
message : Array ;
module : news ;
rule : 60 ;
priority : 0 ;
keyword : Array ;

2016-09-14 20:57:00 response :
------------
Array:
FromUserName : gh_2a23de840671 ;
ToUserName : oQxC9wQhSKTYVr7T05hTSLIRp9UE ;
MsgType : news ;
ArticleCount : 1 ;
Articles : Array ;

2016-09-14 21:34:27 trace :
------------
String:
<xml><ToUserName><![CDATA[gh_2a16c32dff4b]]></ToUserName>
<FromUserName><![CDATA[oZF73wNsdM4ctUop2t7X_g8-jbCY]]></FromUserName>
<CreateTime>1473860067</CreateTime>
<MsgType><![CDATA[event]]></MsgType>
<Event><![CDATA[VIEW]]></Event>
<EventKey><![CDATA[http://www.9kpu.com/app/index.php?i=26&c=home&t=37]]></EventKey>
<MenuId>443004588</MenuId>
</xml>

2016-09-14 21:34:27 params :
------------
Array:
message : Array ;
module : news ;
rule : 56 ;
priority : 0 ;
keyword : Array ;

2016-09-14 21:34:27 response :
------------
Array:
FromUserName : gh_2a16c32dff4b ;
ToUserName : oZF73wNsdM4ctUop2t7X_g8-jbCY ;
MsgType : news ;
ArticleCount : 1 ;
Articles : Array ;

2016-09-14 21:55:57 trace :
------------
String:
<xml><ToUserName><![CDATA[gh_2a23de840671]]></ToUserName>
<FromUserName><![CDATA[oQxC9wcDxzXQK6Jt-2r12zPKIvik]]></FromUserName>
<CreateTime>1473861357</CreateTime>
<MsgType><![CDATA[event]]></MsgType>
<Event><![CDATA[VIEW]]></Event>
<EventKey><![CDATA[http://www.9kpu.com/app/index.php?i=31&c=entry&eid=1]]></EventKey>
<MenuId>408135367</MenuId>
</xml>

2016-09-14 21:55:57 params :
------------
Array:
message : Array ;
module : news ;
rule : 60 ;
priority : 0 ;
keyword : Array ;

2016-09-14 21:55:57 response :
------------
Array:
FromUserName : gh_2a23de840671 ;
ToUserName : oQxC9wcDxzXQK6Jt-2r12zPKIvik ;
MsgType : news ;
ArticleCount : 1 ;
Articles : Array ;

2016-09-14 23:23:02 trace :
------------
String:
<xml><ToUserName><![CDATA[gh_4e0c181b7380]]></ToUserName>
<FromUserName><![CDATA[oxtWnv_JaB-CBwADNh92yzAZ7sc4]]></FromUserName>
<CreateTime>1473866582</CreateTime>
<MsgType><![CDATA[event]]></MsgType>
<Event><![CDATA[subscribe]]></Event>
<EventKey><![CDATA[]]></EventKey>
</xml>

2016-09-14 23:23:02 params :
------------
Array:
message : Array ;
module : default ;
rule : -1 ;

2016-09-14 23:23:02 response :
------------
Array:
params : Array ;

2016-09-14 23:23:42 trace :
------------
String:
<xml><ToUserName><![CDATA[gh_4e0c181b7380]]></ToUserName>
<FromUserName><![CDATA[oxtWnv_JaB-CBwADNh92yzAZ7sc4]]></FromUserName>
<CreateTime>1473866622</CreateTime>
<MsgType><![CDATA[event]]></MsgType>
<Event><![CDATA[VIEW]]></Event>
<EventKey><![CDATA[http://www.9kpu.com/app/index.php?i=27&c=home&]]></EventKey>
<MenuId>432421071</MenuId>
</xml>

2016-09-14 23:23:42 params :
------------
Array:
message : Array ;
module : default ;
rule : -1 ;

2016-09-14 23:23:42 response :
------------
Array:
params : Array ;

2016-09-14 23:28:38 trace :
------------
String:
<xml><ToUserName><![CDATA[gh_4e0c181b7380]]></ToUserName>
<FromUserName><![CDATA[oxtWnv_JaB-CBwADNh92yzAZ7sc4]]></FromUserName>
<CreateTime>1473866918</CreateTime>
<MsgType><![CDATA[event]]></MsgType>
<Event><![CDATA[VIEW]]></Event>
<EventKey><![CDATA[http://www.9kpu.com/app/index.php?i=27&c=entry&eid=2]]></EventKey>
<MenuId>432421071</MenuId>
</xml>

2016-09-14 23:28:38 params :
------------
Array:
message : Array ;
module : default ;
rule : -1 ;

2016-09-14 23:28:38 response :
------------
Array:
params : Array ;

2016-09-14 23:28:46 trace :
------------
String:
<xml><ToUserName><![CDATA[gh_4e0c181b7380]]></ToUserName>
<FromUserName><![CDATA[oxtWnv_JaB-CBwADNh92yzAZ7sc4]]></FromUserName>
<CreateTime>1473866926</CreateTime>
<MsgType><![CDATA[event]]></MsgType>
<Event><![CDATA[VIEW]]></Event>
<EventKey><![CDATA[http://www.9kpu.com/app/index.php?i=27&c=entry&eid=1]]></EventKey>
<MenuId>432421071</MenuId>
</xml>

2016-09-14 23:28:46 params :
------------
Array:
message : Array ;
module : default ;
rule : -1 ;

2016-09-14 23:28:46 response :
------------
Array:
params : Array ;

2016-09-14 23:28:53 trace :
------------
String:
<xml><ToUserName><![CDATA[gh_4e0c181b7380]]></ToUserName>
<FromUserName><![CDATA[oxtWnv_JaB-CBwADNh92yzAZ7sc4]]></FromUserName>
<CreateTime>1473866933</CreateTime>
<MsgType><![CDATA[event]]></MsgType>
<Event><![CDATA[VIEW]]></Event>
<EventKey><![CDATA[http://www.9kpu.com/app/index.php?i=27&c=home&]]></EventKey>
<MenuId>432421071</MenuId>
</xml>

2016-09-14 23:28:53 params :
------------
Array:
message : Array ;
module : default ;
rule : -1 ;

2016-09-14 23:28:53 response :
------------
Array:
params : Array ;

2016-09-14 23:29:49 trace :
------------
String:
<xml><ToUserName><![CDATA[gh_4e0c181b7380]]></ToUserName>
<FromUserName><![CDATA[oxtWnv_JaB-CBwADNh92yzAZ7sc4]]></FromUserName>
<CreateTime>1473866989</CreateTime>
<MsgType><![CDATA[event]]></MsgType>
<Event><![CDATA[VIEW]]></Event>
<EventKey><![CDATA[http://www.9kpu.com/app/index.php?i=27&c=home&]]></EventKey>
<MenuId>432421071</MenuId>
</xml>

2016-09-14 23:29:49 params :
------------
Array:
message : Array ;
module : default ;
rule : -1 ;

2016-09-14 23:29:49 response :
------------
Array:
params : Array ;

2016-09-14 23:34:07 trace :
------------
String:
<xml><ToUserName><![CDATA[gh_2a16c32dff4b]]></ToUserName>
<FromUserName><![CDATA[oZF73wEqKOh9yCLdnRCOq9tFi9Is]]></FromUserName>
<CreateTime>1473867247</CreateTime>
<MsgType><![CDATA[event]]></MsgType>
<Event><![CDATA[subscribe]]></Event>
<EventKey><![CDATA[]]></EventKey>
</xml>

2016-09-14 23:34:07 params :
------------
Array:
message : Array ;
module : news ;
rule : 56 ;
priority : 0 ;
keyword : Array ;

2016-09-14 23:34:07 response :
------------
Array:
FromUserName : gh_2a16c32dff4b ;
ToUserName : oZF73wEqKOh9yCLdnRCOq9tFi9Is ;
MsgType : news ;
ArticleCount : 1 ;
Articles : Array ;

2016-09-14 23:34:29 trace :
------------
String:
<xml><ToUserName><![CDATA[gh_2a16c32dff4b]]></ToUserName>
<FromUserName><![CDATA[oZF73wEqKOh9yCLdnRCOq9tFi9Is]]></FromUserName>
<CreateTime>1473867269</CreateTime>
<MsgType><![CDATA[event]]></MsgType>
<Event><![CDATA[VIEW]]></Event>
<EventKey><![CDATA[http://www.9kpu.com/app/index.php?i=26&c=entry&eid=1]]></EventKey>
<MenuId>443004588</MenuId>
</xml>

2016-09-14 23:34:29 params :
------------
Array:
message : Array ;
module : news ;
rule : 56 ;
priority : 0 ;
keyword : Array ;

2016-09-14 23:34:29 response :
------------
Array:
FromUserName : gh_2a16c32dff4b ;
ToUserName : oZF73wEqKOh9yCLdnRCOq9tFi9Is ;
MsgType : news ;
ArticleCount : 1 ;
Articles : Array ;

2016-09-14 23:34:40 trace :
------------
String:
<xml><ToUserName><![CDATA[gh_2a16c32dff4b]]></ToUserName>
<FromUserName><![CDATA[oZF73wEqKOh9yCLdnRCOq9tFi9Is]]></FromUserName>
<CreateTime>1473867280</CreateTime>
<MsgType><![CDATA[event]]></MsgType>
<Event><![CDATA[VIEW]]></Event>
<EventKey><![CDATA[http://www.9kpu.com/app/index.php?i=26&c=home&t=43]]></EventKey>
<MenuId>443004588</MenuId>
</xml>

2016-09-14 23:34:40 params :
------------
Array:
message : Array ;
module : news ;
rule : 56 ;
priority : 0 ;
keyword : Array ;

2016-09-14 23:34:40 response :
------------
Array:
FromUserName : gh_2a16c32dff4b ;
ToUserName : oZF73wEqKOh9yCLdnRCOq9tFi9Is ;
MsgType : news ;
ArticleCount : 1 ;
Articles : Array ;

2016-09-14 23:35:23 trace :
------------
String:
<xml><ToUserName><![CDATA[gh_2a16c32dff4b]]></ToUserName>
<FromUserName><![CDATA[oZF73wEqKOh9yCLdnRCOq9tFi9Is]]></FromUserName>
<CreateTime>1473867323</CreateTime>
<MsgType><![CDATA[event]]></MsgType>
<Event><![CDATA[VIEW]]></Event>
<EventKey><![CDATA[http://www.9kpu.com/app/index.php?i=26&c=entry&do=teaIn&m=lianhu_school]]></EventKey>
<MenuId>443004588</MenuId>
</xml>

2016-09-14 23:35:23 params :
------------
Array:
message : Array ;
module : news ;
rule : 56 ;
priority : 0 ;
keyword : Array ;

2016-09-14 23:35:23 response :
------------
Array:
FromUserName : gh_2a16c32dff4b ;
ToUserName : oZF73wEqKOh9yCLdnRCOq9tFi9Is ;
MsgType : news ;
ArticleCount : 1 ;
Articles : Array ;

2016-09-14 23:35:30 trace :
------------
String:
<xml><ToUserName><![CDATA[gh_2a16c32dff4b]]></ToUserName>
<FromUserName><![CDATA[oZF73wEqKOh9yCLdnRCOq9tFi9Is]]></FromUserName>
<CreateTime>1473867330</CreateTime>
<MsgType><![CDATA[event]]></MsgType>
<Event><![CDATA[VIEW]]></Event>
<EventKey><![CDATA[http://www.9kpu.com/app/index.php?i=26&c=home&t=43]]></EventKey>
<MenuId>443004588</MenuId>
</xml>

2016-09-14 23:35:30 params :
------------
Array:
message : Array ;
module : news ;
rule : 56 ;
priority : 0 ;
keyword : Array ;

2016-09-14 23:35:30 response :
------------
Array:
FromUserName : gh_2a16c32dff4b ;
ToUserName : oZF73wEqKOh9yCLdnRCOq9tFi9Is ;
MsgType : news ;
ArticleCount : 1 ;
Articles : Array ;

2016-09-14 23:36:06 trace :
------------
String:
<xml><ToUserName><![CDATA[gh_2a16c32dff4b]]></ToUserName>
<FromUserName><![CDATA[oZF73wEqKOh9yCLdnRCOq9tFi9Is]]></FromUserName>
<CreateTime>1473867366</CreateTime>
<MsgType><![CDATA[event]]></MsgType>
<Event><![CDATA[VIEW]]></Event>
<EventKey><![CDATA[http://www.9kpu.com/app/index.php?i=26&c=entry&eid=1]]></EventKey>
<MenuId>443004588</MenuId>
</xml>

2016-09-14 23:36:07 params :
------------
Array:
message : Array ;
module : news ;
rule : 56 ;
priority : 0 ;
keyword : Array ;

2016-09-14 23:36:07 response :
------------
Array:
FromUserName : gh_2a16c32dff4b ;
ToUserName : oZF73wEqKOh9yCLdnRCOq9tFi9Is ;
MsgType : news ;
ArticleCount : 1 ;
Articles : Array ;

