2017-02-06 09:08:35 trace :
------------
String:
<xml><ToUserName><![CDATA[gh_9046d2e226a2]]></ToUserName>
<FromUserName><![CDATA[oKlYowTOzR9TloEPAjhyCGoE6UIM]]></FromUserName>
<CreateTime>1486343315</CreateTime>
<MsgType><![CDATA[event]]></MsgType>
<Event><![CDATA[VIEW]]></Event>
<EventKey><![CDATA[http://www.9kpu.com/app/index.php?i=35&c=entry&eid=1]]></EventKey>
<MenuId>412080054</MenuId>
</xml>

2017-02-06 09:08:35 params :
------------
String:
array (
  'message' => 
  array (
    'tousername' => 'gh_9046d2e226a2',
    'fromusername' => 'oKlYowTOzR9TloEPAjhyCGoE6UIM',
    'createtime' => '1486343315',
    'msgtype' => 'event',
    'event' => 'VIEW',
    'eventkey' => 'http://www.9kpu.com/app/index.php?i=35&c=entry&eid=1',
    'menuid' => '412080054',
    'from' => 'oKlYowTOzR9TloEPAjhyCGoE6UIM',
    'to' => 'gh_9046d2e226a2',
    'time' => '1486343315',
    'type' => 'text',
    'content' => '1',
    'redirection' => true,
    'source' => 'default',
    'original' => 'http://www.9kpu.com/app/index.php?i=35&c=entry&eid=1',
  ),
  'module' => 'news',
  'rule' => '64',
  'priority' => '0',
  'keyword' => 
  array (
    'id' => '119',
    'rid' => '64',
    'uniacid' => '35',
    'module' => 'news',
    'content' => '1',
    'type' => '1',
    'displayorder' => '0',
    'status' => '1',
  ),
)

2017-02-06 09:08:35 response :
------------
Array:
FromUserName : gh_9046d2e226a2 ;
ToUserName : oKlYowTOzR9TloEPAjhyCGoE6UIM ;
MsgType : news ;
ArticleCount : 1 ;
Articles : Array ;

2017-02-06 09:47:36 trace :
------------
String:
<xml><ToUserName><![CDATA[gh_b6b2adce2b0d]]></ToUserName>
<FromUserName><![CDATA[o-SliwC9Gp3V8hzE3b381442U1hs]]></FromUserName>
<CreateTime>1486345656</CreateTime>
<MsgType><![CDATA[event]]></MsgType>
<Event><![CDATA[VIEW]]></Event>
<EventKey><![CDATA[http://www.9kpu.com/app/index.php?i=39&c=home&]]></EventKey>
<MenuId>408723140</MenuId>
</xml>

2017-02-06 09:47:36 params :
------------
String:
array (
  'message' => 
  array (
    'tousername' => 'gh_b6b2adce2b0d',
    'fromusername' => 'o-SliwC9Gp3V8hzE3b381442U1hs',
    'createtime' => '1486345656',
    'msgtype' => 'event',
    'event' => 'VIEW',
    'eventkey' => 'http://www.9kpu.com/app/index.php?i=39&c=home&',
    'menuid' => '408723140',
    'from' => 'o-SliwC9Gp3V8hzE3b381442U1hs',
    'to' => 'gh_b6b2adce2b0d',
    'time' => '1486345656',
    'type' => 'text',
    'content' => '1',
    'redirection' => true,
    'source' => 'default',
    'original' => 'http://www.9kpu.com/app/index.php?i=39&c=home&',
  ),
  'module' => 'news',
  'rule' => '73',
  'priority' => '0',
  'keyword' => 
  array (
    'id' => '156',
    'rid' => '73',
    'uniacid' => '39',
    'module' => 'news',
    'content' => '1',
    'type' => '1',
    'displayorder' => '0',
    'status' => '1',
  ),
)

2017-02-06 09:47:36 response :
------------
Array:
FromUserName : gh_b6b2adce2b0d ;
ToUserName : o-SliwC9Gp3V8hzE3b381442U1hs ;
MsgType : news ;
ArticleCount : 1 ;
Articles : Array ;

2017-02-06 10:00:39 trace :
------------
String:
<xml><ToUserName><![CDATA[gh_9046d2e226a2]]></ToUserName>
<FromUserName><![CDATA[oKlYowb165aViRKsjUXDiCzELe5s]]></FromUserName>
<CreateTime>1486346439</CreateTime>
<MsgType><![CDATA[event]]></MsgType>
<Event><![CDATA[subscribe]]></Event>
<EventKey><![CDATA[]]></EventKey>
</xml>

2017-02-06 10:00:39 params :
------------
String:
array (
  'message' => 
  array (
    'tousername' => 'gh_9046d2e226a2',
    'fromusername' => 'oKlYowb165aViRKsjUXDiCzELe5s',
    'createtime' => '1486346439',
    'msgtype' => 'event',
    'event' => 'subscribe',
    'eventkey' => '',
    'from' => 'oKlYowb165aViRKsjUXDiCzELe5s',
    'to' => 'gh_9046d2e226a2',
    'time' => '1486346439',
    'type' => 'text',
    'redirection' => true,
    'source' => 'subscribe',
    'content' => '1',
  ),
  'module' => 'news',
  'rule' => '64',
  'priority' => '0',
  'keyword' => 
  array (
    'id' => '119',
    'rid' => '64',
    'uniacid' => '35',
    'module' => 'news',
    'content' => '1',
    'type' => '1',
    'displayorder' => '0',
    'status' => '1',
  ),
)

2017-02-06 10:00:39 response :
------------
Array:
FromUserName : gh_9046d2e226a2 ;
ToUserName : oKlYowb165aViRKsjUXDiCzELe5s ;
MsgType : news ;
ArticleCount : 1 ;
Articles : Array ;

2017-02-06 10:00:47 trace :
------------
String:
<xml><ToUserName><![CDATA[gh_9046d2e226a2]]></ToUserName>
<FromUserName><![CDATA[oKlYowb165aViRKsjUXDiCzELe5s]]></FromUserName>
<CreateTime>1486346447</CreateTime>
<MsgType><![CDATA[event]]></MsgType>
<Event><![CDATA[VIEW]]></Event>
<EventKey><![CDATA[http://www.9kpu.com/app/index.php?i=35&c=entry&eid=1]]></EventKey>
<MenuId>412080054</MenuId>
</xml>

2017-02-06 10:00:47 params :
------------
String:
array (
  'message' => 
  array (
    'tousername' => 'gh_9046d2e226a2',
    'fromusername' => 'oKlYowb165aViRKsjUXDiCzELe5s',
    'createtime' => '1486346447',
    'msgtype' => 'event',
    'event' => 'VIEW',
    'eventkey' => 'http://www.9kpu.com/app/index.php?i=35&c=entry&eid=1',
    'menuid' => '412080054',
    'from' => 'oKlYowb165aViRKsjUXDiCzELe5s',
    'to' => 'gh_9046d2e226a2',
    'time' => '1486346447',
    'type' => 'text',
    'content' => '1',
    'redirection' => true,
    'source' => 'default',
    'original' => 'http://www.9kpu.com/app/index.php?i=35&c=entry&eid=1',
  ),
  'module' => 'news',
  'rule' => '64',
  'priority' => '0',
  'keyword' => 
  array (
    'id' => '119',
    'rid' => '64',
    'uniacid' => '35',
    'module' => 'news',
    'content' => '1',
    'type' => '1',
    'displayorder' => '0',
    'status' => '1',
  ),
)

2017-02-06 10:00:47 response :
------------
Array:
FromUserName : gh_9046d2e226a2 ;
ToUserName : oKlYowb165aViRKsjUXDiCzELe5s ;
MsgType : news ;
ArticleCount : 1 ;
Articles : Array ;

2017-02-06 10:00:55 trace :
------------
String:
<xml><ToUserName><![CDATA[gh_9046d2e226a2]]></ToUserName>
<FromUserName><![CDATA[oKlYowb165aViRKsjUXDiCzELe5s]]></FromUserName>
<CreateTime>1486346455</CreateTime>
<MsgType><![CDATA[event]]></MsgType>
<Event><![CDATA[VIEW]]></Event>
<EventKey><![CDATA[http://www.9kpu.com/app/index.php?i=35&c=home&]]></EventKey>
<MenuId>412080054</MenuId>
</xml>

2017-02-06 10:00:55 params :
------------
String:
array (
  'message' => 
  array (
    'tousername' => 'gh_9046d2e226a2',
    'fromusername' => 'oKlYowb165aViRKsjUXDiCzELe5s',
    'createtime' => '1486346455',
    'msgtype' => 'event',
    'event' => 'VIEW',
    'eventkey' => 'http://www.9kpu.com/app/index.php?i=35&c=home&',
    'menuid' => '412080054',
    'from' => 'oKlYowb165aViRKsjUXDiCzELe5s',
    'to' => 'gh_9046d2e226a2',
    'time' => '1486346455',
    'type' => 'text',
    'content' => '1',
    'redirection' => true,
    'source' => 'default',
    'original' => 'http://www.9kpu.com/app/index.php?i=35&c=home&',
  ),
  'module' => 'news',
  'rule' => '64',
  'priority' => '0',
  'keyword' => 
  array (
    'id' => '119',
    'rid' => '64',
    'uniacid' => '35',
    'module' => 'news',
    'content' => '1',
    'type' => '1',
    'displayorder' => '0',
    'status' => '1',
  ),
)

2017-02-06 10:00:55 response :
------------
Array:
FromUserName : gh_9046d2e226a2 ;
ToUserName : oKlYowb165aViRKsjUXDiCzELe5s ;
MsgType : news ;
ArticleCount : 1 ;
Articles : Array ;

2017-02-06 10:02:18 trace :
------------
String:
<xml><ToUserName><![CDATA[gh_9046d2e226a2]]></ToUserName>
<FromUserName><![CDATA[oKlYowb165aViRKsjUXDiCzELe5s]]></FromUserName>
<CreateTime>1486346538</CreateTime>
<MsgType><![CDATA[event]]></MsgType>
<Event><![CDATA[VIEW]]></Event>
<EventKey><![CDATA[http://www.9kpu.com/app/index.php?i=35&c=home&]]></EventKey>
<MenuId>412080054</MenuId>
</xml>

2017-02-06 10:02:18 params :
------------
String:
array (
  'message' => 
  array (
    'tousername' => 'gh_9046d2e226a2',
    'fromusername' => 'oKlYowb165aViRKsjUXDiCzELe5s',
    'createtime' => '1486346538',
    'msgtype' => 'event',
    'event' => 'VIEW',
    'eventkey' => 'http://www.9kpu.com/app/index.php?i=35&c=home&',
    'menuid' => '412080054',
    'from' => 'oKlYowb165aViRKsjUXDiCzELe5s',
    'to' => 'gh_9046d2e226a2',
    'time' => '1486346538',
    'type' => 'text',
    'content' => '1',
    'redirection' => true,
    'source' => 'default',
    'original' => 'http://www.9kpu.com/app/index.php?i=35&c=home&',
  ),
  'module' => 'news',
  'rule' => '64',
  'priority' => '0',
  'keyword' => 
  array (
    'id' => '119',
    'rid' => '64',
    'uniacid' => '35',
    'module' => 'news',
    'content' => '1',
    'type' => '1',
    'displayorder' => '0',
    'status' => '1',
  ),
)

2017-02-06 10:02:18 response :
------------
Array:
FromUserName : gh_9046d2e226a2 ;
ToUserName : oKlYowb165aViRKsjUXDiCzELe5s ;
MsgType : news ;
ArticleCount : 1 ;
Articles : Array ;

2017-02-06 12:27:15 trace :
------------
String:
<xml><ToUserName><![CDATA[gh_9046d2e226a2]]></ToUserName>
<FromUserName><![CDATA[oKlYowauU67qEMCUwMR8U44PPt3g]]></FromUserName>
<CreateTime>1486355235</CreateTime>
<MsgType><![CDATA[event]]></MsgType>
<Event><![CDATA[VIEW]]></Event>
<EventKey><![CDATA[http://www.9kpu.com/app/index.php?i=35&c=entry&eid=2]]></EventKey>
<MenuId>412080054</MenuId>
</xml>

2017-02-06 12:27:15 params :
------------
String:
array (
  'message' => 
  array (
    'tousername' => 'gh_9046d2e226a2',
    'fromusername' => 'oKlYowauU67qEMCUwMR8U44PPt3g',
    'createtime' => '1486355235',
    'msgtype' => 'event',
    'event' => 'VIEW',
    'eventkey' => 'http://www.9kpu.com/app/index.php?i=35&c=entry&eid=2',
    'menuid' => '412080054',
    'from' => 'oKlYowauU67qEMCUwMR8U44PPt3g',
    'to' => 'gh_9046d2e226a2',
    'time' => '1486355235',
    'type' => 'text',
    'content' => '1',
    'redirection' => true,
    'source' => 'default',
    'original' => 'http://www.9kpu.com/app/index.php?i=35&c=entry&eid=2',
  ),
  'module' => 'news',
  'rule' => '64',
  'priority' => '0',
  'keyword' => 
  array (
    'id' => '119',
    'rid' => '64',
    'uniacid' => '35',
    'module' => 'news',
    'content' => '1',
    'type' => '1',
    'displayorder' => '0',
    'status' => '1',
  ),
)

2017-02-06 12:27:15 response :
------------
Array:
FromUserName : gh_9046d2e226a2 ;
ToUserName : oKlYowauU67qEMCUwMR8U44PPt3g ;
MsgType : news ;
ArticleCount : 1 ;
Articles : Array ;

2017-02-06 14:21:53 trace :
------------
String:
<xml><ToUserName><![CDATA[gh_ad1abe4f841e]]></ToUserName>
<FromUserName><![CDATA[oF5iMvzXd4tAfceBcV7S1OzDYMUg]]></FromUserName>
<CreateTime>1486362113</CreateTime>
<MsgType><![CDATA[event]]></MsgType>
<Event><![CDATA[VIEW]]></Event>
<EventKey><![CDATA[http://www.9kpu.com/app/index.php?i=41&c=entry&eid=2]]></EventKey>
<MenuId>409163649</MenuId>
</xml>

2017-02-06 14:21:53 params :
------------
String:
array (
  'message' => 
  array (
    'tousername' => 'gh_ad1abe4f841e',
    'fromusername' => 'oF5iMvzXd4tAfceBcV7S1OzDYMUg',
    'createtime' => '1486362113',
    'msgtype' => 'event',
    'event' => 'VIEW',
    'eventkey' => 'http://www.9kpu.com/app/index.php?i=41&c=entry&eid=2',
    'menuid' => '409163649',
    'from' => 'oF5iMvzXd4tAfceBcV7S1OzDYMUg',
    'to' => 'gh_ad1abe4f841e',
    'time' => '1486362113',
    'type' => 'text',
    'content' => '1',
    'redirection' => true,
    'source' => 'default',
    'original' => 'http://www.9kpu.com/app/index.php?i=41&c=entry&eid=2',
  ),
  'module' => 'news',
  'rule' => '93',
  'priority' => '0',
  'keyword' => 
  array (
    'id' => '197',
    'rid' => '93',
    'uniacid' => '41',
    'module' => 'news',
    'content' => '1',
    'type' => '1',
    'displayorder' => '0',
    'status' => '1',
  ),
)

2017-02-06 14:21:53 response :
------------
Array:
FromUserName : gh_ad1abe4f841e ;
ToUserName : oF5iMvzXd4tAfceBcV7S1OzDYMUg ;
MsgType : news ;
ArticleCount : 1 ;
Articles : Array ;

2017-02-06 15:09:47 trace :
------------
String:
<xml><ToUserName><![CDATA[gh_4aa2a7f9b184]]></ToUserName>
<FromUserName><![CDATA[oNmJ1wemZmBlx5P67YCBS3r7ZF_8]]></FromUserName>
<CreateTime>1486364987</CreateTime>
<MsgType><![CDATA[event]]></MsgType>
<Event><![CDATA[VIEW]]></Event>
<EventKey><![CDATA[http://www.9kpu.com/app/index.php?i=44&c=entry&eid=1]]></EventKey>
<MenuId>416162594</MenuId>
</xml>

2017-02-06 15:09:47 params :
------------
String:
array (
  'rule' => -2,
  'module' => '',
  'message' => 
  array (
    'tousername' => 'gh_4aa2a7f9b184',
    'fromusername' => 'oNmJ1wemZmBlx5P67YCBS3r7ZF_8',
    'createtime' => '1486364987',
    'msgtype' => 'event',
    'event' => 'VIEW',
    'eventkey' => 'http://www.9kpu.com/app/index.php?i=44&c=entry&eid=1',
    'menuid' => '416162594',
    'from' => 'oNmJ1wemZmBlx5P67YCBS3r7ZF_8',
    'to' => 'gh_4aa2a7f9b184',
    'time' => '1486364987',
    'type' => 'text',
    'content' => 'http://www.9kpu.com/app/index.php?i=44&c=entry&eid=1',
    'redirection' => true,
    'source' => 'VIEW',
  ),
)

2017-02-06 15:09:47 response :
------------

2017-02-06 15:23:42 trace :
------------
String:
<xml><ToUserName><![CDATA[gh_4aa2a7f9b184]]></ToUserName>
<FromUserName><![CDATA[oNmJ1wemZmBlx5P67YCBS3r7ZF_8]]></FromUserName>
<CreateTime>1486365822</CreateTime>
<MsgType><![CDATA[event]]></MsgType>
<Event><![CDATA[VIEW]]></Event>
<EventKey><![CDATA[http://www.9kpu.com/app/index.php?i=44&c=entry&eid=1]]></EventKey>
<MenuId>416162594</MenuId>
</xml>

2017-02-06 15:23:42 params :
------------
String:
array (
  'rule' => -2,
  'module' => '',
  'message' => 
  array (
    'tousername' => 'gh_4aa2a7f9b184',
    'fromusername' => 'oNmJ1wemZmBlx5P67YCBS3r7ZF_8',
    'createtime' => '1486365822',
    'msgtype' => 'event',
    'event' => 'VIEW',
    'eventkey' => 'http://www.9kpu.com/app/index.php?i=44&c=entry&eid=1',
    'menuid' => '416162594',
    'from' => 'oNmJ1wemZmBlx5P67YCBS3r7ZF_8',
    'to' => 'gh_4aa2a7f9b184',
    'time' => '1486365822',
    'type' => 'text',
    'content' => 'http://www.9kpu.com/app/index.php?i=44&c=entry&eid=1',
    'redirection' => true,
    'source' => 'VIEW',
  ),
)

2017-02-06 15:23:42 response :
------------

2017-02-06 15:28:08 trace :
------------
String:
<xml><ToUserName><![CDATA[gh_4aa2a7f9b184]]></ToUserName>
<FromUserName><![CDATA[oNmJ1wemZmBlx5P67YCBS3r7ZF_8]]></FromUserName>
<CreateTime>1486366088</CreateTime>
<MsgType><![CDATA[event]]></MsgType>
<Event><![CDATA[VIEW]]></Event>
<EventKey><![CDATA[http://www.9kpu.com/app/index.php?i=44&c=entry&eid=1]]></EventKey>
<MenuId>416162594</MenuId>
</xml>

2017-02-06 15:28:08 params :
------------
String:
array (
  'rule' => -2,
  'module' => '',
  'message' => 
  array (
    'tousername' => 'gh_4aa2a7f9b184',
    'fromusername' => 'oNmJ1wemZmBlx5P67YCBS3r7ZF_8',
    'createtime' => '1486366088',
    'msgtype' => 'event',
    'event' => 'VIEW',
    'eventkey' => 'http://www.9kpu.com/app/index.php?i=44&c=entry&eid=1',
    'menuid' => '416162594',
    'from' => 'oNmJ1wemZmBlx5P67YCBS3r7ZF_8',
    'to' => 'gh_4aa2a7f9b184',
    'time' => '1486366088',
    'type' => 'text',
    'content' => 'http://www.9kpu.com/app/index.php?i=44&c=entry&eid=1',
    'redirection' => true,
    'source' => 'VIEW',
  ),
)

2017-02-06 15:28:08 response :
------------

2017-02-06 17:21:05 trace :
------------
String:
<xml><ToUserName><![CDATA[gh_9de8493b6ad5]]></ToUserName>
<FromUserName><![CDATA[o5xEqwSW1k6MIzZTiwcwgaeCTrEM]]></FromUserName>
<CreateTime>1486372864</CreateTime>
<MsgType><![CDATA[event]]></MsgType>
<Event><![CDATA[subscribe]]></Event>
<EventKey><![CDATA[]]></EventKey>
</xml>

2017-02-06 17:21:05 params :
------------
String:
array (
  'rule' => -2,
  'module' => '',
  'message' => 
  array (
    'tousername' => 'gh_9de8493b6ad5',
    'fromusername' => 'o5xEqwSW1k6MIzZTiwcwgaeCTrEM',
    'createtime' => '1486372864',
    'msgtype' => 'event',
    'event' => 'subscribe',
    'eventkey' => '',
    'from' => 'o5xEqwSW1k6MIzZTiwcwgaeCTrEM',
    'to' => 'gh_9de8493b6ad5',
    'time' => '1486372864',
    'type' => 'text',
    'redirection' => true,
    'source' => 'subscribe',
  ),
)

2017-02-06 17:21:05 response :
------------

2017-02-06 17:29:50 trace :
------------
String:
<xml><ToUserName><![CDATA[gh_081ee8610e82]]></ToUserName>
<FromUserName><![CDATA[ohNDtvj3j7jFZnBqSk6vFuPBJaQU]]></FromUserName>
<CreateTime>1486373390</CreateTime>
<MsgType><![CDATA[event]]></MsgType>
<Event><![CDATA[VIEW]]></Event>
<EventKey><![CDATA[http://www.9kpu.com/app/index.php?i=4&c=entry&eid=1]]></EventKey>
<MenuId>415658100</MenuId>
</xml>

2017-02-06 17:29:50 params :
------------
String:
array (
  'message' => 
  array (
    'tousername' => 'gh_081ee8610e82',
    'fromusername' => 'ohNDtvj3j7jFZnBqSk6vFuPBJaQU',
    'createtime' => '1486373390',
    'msgtype' => 'event',
    'event' => 'VIEW',
    'eventkey' => 'http://www.9kpu.com/app/index.php?i=4&c=entry&eid=1',
    'menuid' => '415658100',
    'from' => 'ohNDtvj3j7jFZnBqSk6vFuPBJaQU',
    'to' => 'gh_081ee8610e82',
    'time' => '1486373390',
    'type' => 'text',
    'content' => '欢迎',
    'redirection' => true,
    'source' => 'default',
    'original' => 'http://www.9kpu.com/app/index.php?i=4&c=entry&eid=1',
  ),
  'module' => 'basic',
  'rule' => '13',
  'priority' => '0',
  'keyword' => 
  array (
    'id' => '18',
    'rid' => '13',
    'uniacid' => '4',
    'module' => 'basic',
    'content' => '欢迎',
    'type' => '1',
    'displayorder' => '0',
    'status' => '1',
  ),
)

2017-02-06 17:29:50 response :
------------
Array:
FromUserName : gh_081ee8610e82 ;
ToUserName : ohNDtvj3j7jFZnBqSk6vFuPBJaQU ;
MsgType : text ;
Content : 等你好久了，智慧微校欢迎您。如果您是来逛逛的，请点开微官网查看我们学校的介绍信息。如果您是家长，请点开学生中心，用您家孩子姓名与学号绑定，就可尽情使用微校功能。如果您是老师，请点开微办公，用系统分配的账号与密码完成绑定，使用微校完成家校互动。 ;

2017-02-06 18:47:29 trace :
------------
String:
<xml><ToUserName><![CDATA[gh_4aa2a7f9b184]]></ToUserName>
<FromUserName><![CDATA[oNmJ1wR4s2MWGqOhyybylQborbmE]]></FromUserName>
<CreateTime>1486378049</CreateTime>
<MsgType><![CDATA[event]]></MsgType>
<Event><![CDATA[subscribe]]></Event>
<EventKey><![CDATA[]]></EventKey>
</xml>

2017-02-06 18:47:29 params :
------------
String:
array (
  'rule' => -2,
  'module' => '',
  'message' => 
  array (
    'tousername' => 'gh_4aa2a7f9b184',
    'fromusername' => 'oNmJ1wR4s2MWGqOhyybylQborbmE',
    'createtime' => '1486378049',
    'msgtype' => 'event',
    'event' => 'subscribe',
    'eventkey' => '',
    'from' => 'oNmJ1wR4s2MWGqOhyybylQborbmE',
    'to' => 'gh_4aa2a7f9b184',
    'time' => '1486378049',
    'type' => 'text',
    'redirection' => true,
    'source' => 'subscribe',
  ),
)

2017-02-06 18:47:29 response :
------------

2017-02-06 18:47:32 trace :
------------
String:
<xml><ToUserName><![CDATA[gh_4aa2a7f9b184]]></ToUserName>
<FromUserName><![CDATA[oNmJ1wR4s2MWGqOhyybylQborbmE]]></FromUserName>
<CreateTime>1486378052</CreateTime>
<MsgType><![CDATA[event]]></MsgType>
<Event><![CDATA[VIEW]]></Event>
<EventKey><![CDATA[http://www.9kpu.com/app/index.php?i=44&c=entry&eid=1]]></EventKey>
<MenuId>416162594</MenuId>
</xml>

2017-02-06 18:47:32 params :
------------
String:
array (
  'rule' => -2,
  'module' => '',
  'message' => 
  array (
    'tousername' => 'gh_4aa2a7f9b184',
    'fromusername' => 'oNmJ1wR4s2MWGqOhyybylQborbmE',
    'createtime' => '1486378052',
    'msgtype' => 'event',
    'event' => 'VIEW',
    'eventkey' => 'http://www.9kpu.com/app/index.php?i=44&c=entry&eid=1',
    'menuid' => '416162594',
    'from' => 'oNmJ1wR4s2MWGqOhyybylQborbmE',
    'to' => 'gh_4aa2a7f9b184',
    'time' => '1486378052',
    'type' => 'text',
    'content' => 'http://www.9kpu.com/app/index.php?i=44&c=entry&eid=1',
    'redirection' => true,
    'source' => 'VIEW',
  ),
)

2017-02-06 18:47:32 response :
------------

2017-02-06 18:48:00 trace :
------------
String:
<xml><ToUserName><![CDATA[gh_4aa2a7f9b184]]></ToUserName>
<FromUserName><![CDATA[oNmJ1wR4s2MWGqOhyybylQborbmE]]></FromUserName>
<CreateTime>1486378080</CreateTime>
<MsgType><![CDATA[event]]></MsgType>
<Event><![CDATA[VIEW]]></Event>
<EventKey><![CDATA[http://www.9kpu.com/app/index.php?i=44&c=home&]]></EventKey>
<MenuId>416162594</MenuId>
</xml>

2017-02-06 18:48:00 params :
------------
String:
array (
  'rule' => -2,
  'module' => '',
  'message' => 
  array (
    'tousername' => 'gh_4aa2a7f9b184',
    'fromusername' => 'oNmJ1wR4s2MWGqOhyybylQborbmE',
    'createtime' => '1486378080',
    'msgtype' => 'event',
    'event' => 'VIEW',
    'eventkey' => 'http://www.9kpu.com/app/index.php?i=44&c=home&',
    'menuid' => '416162594',
    'from' => 'oNmJ1wR4s2MWGqOhyybylQborbmE',
    'to' => 'gh_4aa2a7f9b184',
    'time' => '1486378080',
    'type' => 'text',
    'content' => 'http://www.9kpu.com/app/index.php?i=44&c=home&',
    'redirection' => true,
    'source' => 'VIEW',
  ),
)

2017-02-06 18:48:00 response :
------------

2017-02-06 19:04:57 trace :
------------
String:
<xml><ToUserName><![CDATA[gh_081ee8610e82]]></ToUserName>
<FromUserName><![CDATA[ohNDtvj3j7jFZnBqSk6vFuPBJaQU]]></FromUserName>
<CreateTime>1486379097</CreateTime>
<MsgType><![CDATA[event]]></MsgType>
<Event><![CDATA[unsubscribe]]></Event>
<EventKey><![CDATA[]]></EventKey>
</xml>

2017-02-06 19:51:15 trace :
------------
String:
<xml><ToUserName><![CDATA[gh_b6b2adce2b0d]]></ToUserName>
<FromUserName><![CDATA[o-SliwMcRWjb-oVrARHzl48Ymj5w]]></FromUserName>
<CreateTime>1486381875</CreateTime>
<MsgType><![CDATA[event]]></MsgType>
<Event><![CDATA[VIEW]]></Event>
<EventKey><![CDATA[http://www.9kpu.com/app/index.php?i=39&c=entry&eid=2]]></EventKey>
<MenuId>408723140</MenuId>
</xml>

2017-02-06 19:51:15 params :
------------
String:
array (
  'message' => 
  array (
    'tousername' => 'gh_b6b2adce2b0d',
    'fromusername' => 'o-SliwMcRWjb-oVrARHzl48Ymj5w',
    'createtime' => '1486381875',
    'msgtype' => 'event',
    'event' => 'VIEW',
    'eventkey' => 'http://www.9kpu.com/app/index.php?i=39&c=entry&eid=2',
    'menuid' => '408723140',
    'from' => 'o-SliwMcRWjb-oVrARHzl48Ymj5w',
    'to' => 'gh_b6b2adce2b0d',
    'time' => '1486381875',
    'type' => 'text',
    'content' => '1',
    'redirection' => true,
    'source' => 'default',
    'original' => 'http://www.9kpu.com/app/index.php?i=39&c=entry&eid=2',
  ),
  'module' => 'news',
  'rule' => '73',
  'priority' => '0',
  'keyword' => 
  array (
    'id' => '156',
    'rid' => '73',
    'uniacid' => '39',
    'module' => 'news',
    'content' => '1',
    'type' => '1',
    'displayorder' => '0',
    'status' => '1',
  ),
)

2017-02-06 19:51:15 response :
------------
Array:
FromUserName : gh_b6b2adce2b0d ;
ToUserName : o-SliwMcRWjb-oVrARHzl48Ymj5w ;
MsgType : news ;
ArticleCount : 1 ;
Articles : Array ;

2017-02-06 20:02:09 trace :
------------
String:
<xml><ToUserName><![CDATA[gh_b6b2adce2b0d]]></ToUserName>
<FromUserName><![CDATA[o-SliwCG5VCH2gUIbhgoBJ22bOsU]]></FromUserName>
<CreateTime>1486382529</CreateTime>
<MsgType><![CDATA[event]]></MsgType>
<Event><![CDATA[VIEW]]></Event>
<EventKey><![CDATA[http://www.9kpu.com/app/index.php?i=39&c=entry&eid=2]]></EventKey>
<MenuId>408723140</MenuId>
</xml>

2017-02-06 20:02:09 params :
------------
String:
array (
  'message' => 
  array (
    'tousername' => 'gh_b6b2adce2b0d',
    'fromusername' => 'o-SliwCG5VCH2gUIbhgoBJ22bOsU',
    'createtime' => '1486382529',
    'msgtype' => 'event',
    'event' => 'VIEW',
    'eventkey' => 'http://www.9kpu.com/app/index.php?i=39&c=entry&eid=2',
    'menuid' => '408723140',
    'from' => 'o-SliwCG5VCH2gUIbhgoBJ22bOsU',
    'to' => 'gh_b6b2adce2b0d',
    'time' => '1486382529',
    'type' => 'text',
    'content' => '1',
    'redirection' => true,
    'source' => 'default',
    'original' => 'http://www.9kpu.com/app/index.php?i=39&c=entry&eid=2',
  ),
  'module' => 'news',
  'rule' => '73',
  'priority' => '0',
  'keyword' => 
  array (
    'id' => '156',
    'rid' => '73',
    'uniacid' => '39',
    'module' => 'news',
    'content' => '1',
    'type' => '1',
    'displayorder' => '0',
    'status' => '1',
  ),
)

2017-02-06 20:02:09 response :
------------
Array:
FromUserName : gh_b6b2adce2b0d ;
ToUserName : o-SliwCG5VCH2gUIbhgoBJ22bOsU ;
MsgType : news ;
ArticleCount : 1 ;
Articles : Array ;

2017-02-06 20:02:18 trace :
------------
String:
<xml><ToUserName><![CDATA[gh_b6b2adce2b0d]]></ToUserName>
<FromUserName><![CDATA[o-SliwCG5VCH2gUIbhgoBJ22bOsU]]></FromUserName>
<CreateTime>1486382538</CreateTime>
<MsgType><![CDATA[event]]></MsgType>
<Event><![CDATA[VIEW]]></Event>
<EventKey><![CDATA[http://www.9kpu.com/app/index.php?i=39&c=entry&eid=1]]></EventKey>
<MenuId>408723140</MenuId>
</xml>

2017-02-06 20:02:18 params :
------------
String:
array (
  'message' => 
  array (
    'tousername' => 'gh_b6b2adce2b0d',
    'fromusername' => 'o-SliwCG5VCH2gUIbhgoBJ22bOsU',
    'createtime' => '1486382538',
    'msgtype' => 'event',
    'event' => 'VIEW',
    'eventkey' => 'http://www.9kpu.com/app/index.php?i=39&c=entry&eid=1',
    'menuid' => '408723140',
    'from' => 'o-SliwCG5VCH2gUIbhgoBJ22bOsU',
    'to' => 'gh_b6b2adce2b0d',
    'time' => '1486382538',
    'type' => 'text',
    'content' => '1',
    'redirection' => true,
    'source' => 'default',
    'original' => 'http://www.9kpu.com/app/index.php?i=39&c=entry&eid=1',
  ),
  'module' => 'news',
  'rule' => '73',
  'priority' => '0',
  'keyword' => 
  array (
    'id' => '156',
    'rid' => '73',
    'uniacid' => '39',
    'module' => 'news',
    'content' => '1',
    'type' => '1',
    'displayorder' => '0',
    'status' => '1',
  ),
)

2017-02-06 20:02:18 response :
------------
Array:
FromUserName : gh_b6b2adce2b0d ;
ToUserName : o-SliwCG5VCH2gUIbhgoBJ22bOsU ;
MsgType : news ;
ArticleCount : 1 ;
Articles : Array ;

2017-02-06 20:02:20 trace :
------------
String:
<xml><ToUserName><![CDATA[gh_b6b2adce2b0d]]></ToUserName>
<FromUserName><![CDATA[o-SliwCG5VCH2gUIbhgoBJ22bOsU]]></FromUserName>
<CreateTime>1486382540</CreateTime>
<MsgType><![CDATA[event]]></MsgType>
<Event><![CDATA[VIEW]]></Event>
<EventKey><![CDATA[http://www.9kpu.com/app/index.php?i=39&c=home&]]></EventKey>
<MenuId>408723140</MenuId>
</xml>

2017-02-06 20:02:20 params :
------------
String:
array (
  'message' => 
  array (
    'tousername' => 'gh_b6b2adce2b0d',
    'fromusername' => 'o-SliwCG5VCH2gUIbhgoBJ22bOsU',
    'createtime' => '1486382540',
    'msgtype' => 'event',
    'event' => 'VIEW',
    'eventkey' => 'http://www.9kpu.com/app/index.php?i=39&c=home&',
    'menuid' => '408723140',
    'from' => 'o-SliwCG5VCH2gUIbhgoBJ22bOsU',
    'to' => 'gh_b6b2adce2b0d',
    'time' => '1486382540',
    'type' => 'text',
    'content' => '1',
    'redirection' => true,
    'source' => 'default',
    'original' => 'http://www.9kpu.com/app/index.php?i=39&c=home&',
  ),
  'module' => 'news',
  'rule' => '73',
  'priority' => '0',
  'keyword' => 
  array (
    'id' => '156',
    'rid' => '73',
    'uniacid' => '39',
    'module' => 'news',
    'content' => '1',
    'type' => '1',
    'displayorder' => '0',
    'status' => '1',
  ),
)

2017-02-06 20:02:20 response :
------------
Array:
FromUserName : gh_b6b2adce2b0d ;
ToUserName : o-SliwCG5VCH2gUIbhgoBJ22bOsU ;
MsgType : news ;
ArticleCount : 1 ;
Articles : Array ;

2017-02-06 21:09:56 trace :
------------
String:
<xml><ToUserName><![CDATA[gh_9046d2e226a2]]></ToUserName>
<FromUserName><![CDATA[oKlYowZl7yMrPHuVU4fuwxXpHbp4]]></FromUserName>
<CreateTime>1486386596</CreateTime>
<MsgType><![CDATA[event]]></MsgType>
<Event><![CDATA[VIEW]]></Event>
<EventKey><![CDATA[http://www.9kpu.com/app/index.php?i=35&c=entry&eid=2]]></EventKey>
<MenuId>412080054</MenuId>
</xml>

2017-02-06 21:09:56 params :
------------
String:
array (
  'message' => 
  array (
    'tousername' => 'gh_9046d2e226a2',
    'fromusername' => 'oKlYowZl7yMrPHuVU4fuwxXpHbp4',
    'createtime' => '1486386596',
    'msgtype' => 'event',
    'event' => 'VIEW',
    'eventkey' => 'http://www.9kpu.com/app/index.php?i=35&c=entry&eid=2',
    'menuid' => '412080054',
    'from' => 'oKlYowZl7yMrPHuVU4fuwxXpHbp4',
    'to' => 'gh_9046d2e226a2',
    'time' => '1486386596',
    'type' => 'text',
    'content' => '1',
    'redirection' => true,
    'source' => 'default',
    'original' => 'http://www.9kpu.com/app/index.php?i=35&c=entry&eid=2',
  ),
  'module' => 'news',
  'rule' => '64',
  'priority' => '0',
  'keyword' => 
  array (
    'id' => '119',
    'rid' => '64',
    'uniacid' => '35',
    'module' => 'news',
    'content' => '1',
    'type' => '1',
    'displayorder' => '0',
    'status' => '1',
  ),
)

2017-02-06 21:09:56 response :
------------
Array:
FromUserName : gh_9046d2e226a2 ;
ToUserName : oKlYowZl7yMrPHuVU4fuwxXpHbp4 ;
MsgType : news ;
ArticleCount : 1 ;
Articles : Array ;

2017-02-06 21:09:59 trace :
------------
String:
<xml><ToUserName><![CDATA[gh_9046d2e226a2]]></ToUserName>
<FromUserName><![CDATA[oKlYowZl7yMrPHuVU4fuwxXpHbp4]]></FromUserName>
<CreateTime>1486386599</CreateTime>
<MsgType><![CDATA[event]]></MsgType>
<Event><![CDATA[VIEW]]></Event>
<EventKey><![CDATA[http://www.9kpu.com/app/index.php?i=35&c=entry&eid=1]]></EventKey>
<MenuId>412080054</MenuId>
</xml>

2017-02-06 21:09:59 params :
------------
String:
array (
  'message' => 
  array (
    'tousername' => 'gh_9046d2e226a2',
    'fromusername' => 'oKlYowZl7yMrPHuVU4fuwxXpHbp4',
    'createtime' => '1486386599',
    'msgtype' => 'event',
    'event' => 'VIEW',
    'eventkey' => 'http://www.9kpu.com/app/index.php?i=35&c=entry&eid=1',
    'menuid' => '412080054',
    'from' => 'oKlYowZl7yMrPHuVU4fuwxXpHbp4',
    'to' => 'gh_9046d2e226a2',
    'time' => '1486386599',
    'type' => 'text',
    'content' => '1',
    'redirection' => true,
    'source' => 'default',
    'original' => 'http://www.9kpu.com/app/index.php?i=35&c=entry&eid=1',
  ),
  'module' => 'news',
  'rule' => '64',
  'priority' => '0',
  'keyword' => 
  array (
    'id' => '119',
    'rid' => '64',
    'uniacid' => '35',
    'module' => 'news',
    'content' => '1',
    'type' => '1',
    'displayorder' => '0',
    'status' => '1',
  ),
)

2017-02-06 21:09:59 response :
------------
Array:
FromUserName : gh_9046d2e226a2 ;
ToUserName : oKlYowZl7yMrPHuVU4fuwxXpHbp4 ;
MsgType : news ;
ArticleCount : 1 ;
Articles : Array ;

2017-02-06 21:11:18 trace :
------------
String:
<xml><ToUserName><![CDATA[gh_9046d2e226a2]]></ToUserName>
<FromUserName><![CDATA[oKlYowZl7yMrPHuVU4fuwxXpHbp4]]></FromUserName>
<CreateTime>1486386678</CreateTime>
<MsgType><![CDATA[event]]></MsgType>
<Event><![CDATA[VIEW]]></Event>
<EventKey><![CDATA[http://www.9kpu.com/app/index.php?i=35&c=home&]]></EventKey>
<MenuId>412080054</MenuId>
</xml>

2017-02-06 21:11:18 params :
------------
String:
array (
  'message' => 
  array (
    'tousername' => 'gh_9046d2e226a2',
    'fromusername' => 'oKlYowZl7yMrPHuVU4fuwxXpHbp4',
    'createtime' => '1486386678',
    'msgtype' => 'event',
    'event' => 'VIEW',
    'eventkey' => 'http://www.9kpu.com/app/index.php?i=35&c=home&',
    'menuid' => '412080054',
    'from' => 'oKlYowZl7yMrPHuVU4fuwxXpHbp4',
    'to' => 'gh_9046d2e226a2',
    'time' => '1486386678',
    'type' => 'text',
    'content' => '1',
    'redirection' => true,
    'source' => 'default',
    'original' => 'http://www.9kpu.com/app/index.php?i=35&c=home&',
  ),
  'module' => 'news',
  'rule' => '64',
  'priority' => '0',
  'keyword' => 
  array (
    'id' => '119',
    'rid' => '64',
    'uniacid' => '35',
    'module' => 'news',
    'content' => '1',
    'type' => '1',
    'displayorder' => '0',
    'status' => '1',
  ),
)

2017-02-06 21:11:18 response :
------------
Array:
FromUserName : gh_9046d2e226a2 ;
ToUserName : oKlYowZl7yMrPHuVU4fuwxXpHbp4 ;
MsgType : news ;
ArticleCount : 1 ;
Articles : Array ;

2017-02-06 21:12:48 trace :
------------
String:
<xml><ToUserName><![CDATA[gh_9046d2e226a2]]></ToUserName>
<FromUserName><![CDATA[oKlYowZl7yMrPHuVU4fuwxXpHbp4]]></FromUserName>
<CreateTime>1486386768</CreateTime>
<MsgType><![CDATA[event]]></MsgType>
<Event><![CDATA[VIEW]]></Event>
<EventKey><![CDATA[http://www.9kpu.com/app/index.php?i=35&c=home&]]></EventKey>
<MenuId>412080054</MenuId>
</xml>

2017-02-06 21:12:48 params :
------------
String:
array (
  'message' => 
  array (
    'tousername' => 'gh_9046d2e226a2',
    'fromusername' => 'oKlYowZl7yMrPHuVU4fuwxXpHbp4',
    'createtime' => '1486386768',
    'msgtype' => 'event',
    'event' => 'VIEW',
    'eventkey' => 'http://www.9kpu.com/app/index.php?i=35&c=home&',
    'menuid' => '412080054',
    'from' => 'oKlYowZl7yMrPHuVU4fuwxXpHbp4',
    'to' => 'gh_9046d2e226a2',
    'time' => '1486386768',
    'type' => 'text',
    'content' => '1',
    'redirection' => true,
    'source' => 'default',
    'original' => 'http://www.9kpu.com/app/index.php?i=35&c=home&',
  ),
  'module' => 'news',
  'rule' => '64',
  'priority' => '0',
  'keyword' => 
  array (
    'id' => '119',
    'rid' => '64',
    'uniacid' => '35',
    'module' => 'news',
    'content' => '1',
    'type' => '1',
    'displayorder' => '0',
    'status' => '1',
  ),
)

2017-02-06 21:12:48 response :
------------
Array:
FromUserName : gh_9046d2e226a2 ;
ToUserName : oKlYowZl7yMrPHuVU4fuwxXpHbp4 ;
MsgType : news ;
ArticleCount : 1 ;
Articles : Array ;

2017-02-06 22:36:08 trace :
------------
String:
<xml><ToUserName><![CDATA[gh_9046d2e226a2]]></ToUserName>
<FromUserName><![CDATA[oKlYowY0XSRVoA-0clXaM6cqhYc8]]></FromUserName>
<CreateTime>1486391768</CreateTime>
<MsgType><![CDATA[event]]></MsgType>
<Event><![CDATA[subscribe]]></Event>
<EventKey><![CDATA[]]></EventKey>
</xml>

2017-02-06 22:36:08 params :
------------
String:
array (
  'message' => 
  array (
    'tousername' => 'gh_9046d2e226a2',
    'fromusername' => 'oKlYowY0XSRVoA-0clXaM6cqhYc8',
    'createtime' => '1486391768',
    'msgtype' => 'event',
    'event' => 'subscribe',
    'eventkey' => '',
    'from' => 'oKlYowY0XSRVoA-0clXaM6cqhYc8',
    'to' => 'gh_9046d2e226a2',
    'time' => '1486391768',
    'type' => 'text',
    'redirection' => true,
    'source' => 'subscribe',
    'content' => '1',
  ),
  'module' => 'news',
  'rule' => '64',
  'priority' => '0',
  'keyword' => 
  array (
    'id' => '119',
    'rid' => '64',
    'uniacid' => '35',
    'module' => 'news',
    'content' => '1',
    'type' => '1',
    'displayorder' => '0',
    'status' => '1',
  ),
)

2017-02-06 22:36:08 response :
------------
Array:
FromUserName : gh_9046d2e226a2 ;
ToUserName : oKlYowY0XSRVoA-0clXaM6cqhYc8 ;
MsgType : news ;
ArticleCount : 1 ;
Articles : Array ;

2017-02-06 22:51:44 trace :
------------
String:
<xml><ToUserName><![CDATA[gh_b6b2adce2b0d]]></ToUserName>
<FromUserName><![CDATA[o-SliwEaEQwPD-sZSR-utmR4Fkuo]]></FromUserName>
<CreateTime>1486392704</CreateTime>
<MsgType><![CDATA[event]]></MsgType>
<Event><![CDATA[VIEW]]></Event>
<EventKey><![CDATA[http://www.9kpu.com/app/index.php?i=39&c=entry&eid=2]]></EventKey>
<MenuId>408723140</MenuId>
</xml>

2017-02-06 22:51:44 params :
------------
String:
array (
  'message' => 
  array (
    'tousername' => 'gh_b6b2adce2b0d',
    'fromusername' => 'o-SliwEaEQwPD-sZSR-utmR4Fkuo',
    'createtime' => '1486392704',
    'msgtype' => 'event',
    'event' => 'VIEW',
    'eventkey' => 'http://www.9kpu.com/app/index.php?i=39&c=entry&eid=2',
    'menuid' => '408723140',
    'from' => 'o-SliwEaEQwPD-sZSR-utmR4Fkuo',
    'to' => 'gh_b6b2adce2b0d',
    'time' => '1486392704',
    'type' => 'text',
    'content' => '1',
    'redirection' => true,
    'source' => 'default',
    'original' => 'http://www.9kpu.com/app/index.php?i=39&c=entry&eid=2',
  ),
  'module' => 'news',
  'rule' => '73',
  'priority' => '0',
  'keyword' => 
  array (
    'id' => '156',
    'rid' => '73',
    'uniacid' => '39',
    'module' => 'news',
    'content' => '1',
    'type' => '1',
    'displayorder' => '0',
    'status' => '1',
  ),
)

2017-02-06 22:51:44 response :
------------
Array:
FromUserName : gh_b6b2adce2b0d ;
ToUserName : o-SliwEaEQwPD-sZSR-utmR4Fkuo ;
MsgType : news ;
ArticleCount : 1 ;
Articles : Array ;

