2017-01-27 04:14:01 trace :
------------
String:
<xml><ToUserName><![CDATA[gh_9046d2e226a2]]></ToUserName>
<FromUserName><![CDATA[oKlYowafiY7j4S7y8ALX98AgKfcU]]></FromUserName>
<CreateTime>1485461641</CreateTime>
<MsgType><![CDATA[event]]></MsgType>
<Event><![CDATA[VIEW]]></Event>
<EventKey><![CDATA[http://www.9kpu.com/app/index.php?i=35&c=entry&eid=1]]></EventKey>
<MenuId>412080054</MenuId>
</xml>

2017-01-27 04:14:01 params :
------------
String:
array (
  'message' => 
  array (
    'tousername' => 'gh_9046d2e226a2',
    'fromusername' => 'oKlYowafiY7j4S7y8ALX98AgKfcU',
    'createtime' => '1485461641',
    'msgtype' => 'event',
    'event' => 'VIEW',
    'eventkey' => 'http://www.9kpu.com/app/index.php?i=35&c=entry&eid=1',
    'menuid' => '412080054',
    'from' => 'oKlYowafiY7j4S7y8ALX98AgKfcU',
    'to' => 'gh_9046d2e226a2',
    'time' => '1485461641',
    'type' => 'text',
    'content' => '1',
    'redirection' => true,
    'source' => 'default',
    'original' => 'http://www.9kpu.com/app/index.php?i=35&c=entry&eid=1',
  ),
  'module' => 'news',
  'rule' => '64',
  'priority' => '0',
  'keyword' => 
  array (
    'id' => '119',
    'rid' => '64',
    'uniacid' => '35',
    'module' => 'news',
    'content' => '1',
    'type' => '1',
    'displayorder' => '0',
    'status' => '1',
  ),
)

2017-01-27 04:14:01 response :
------------
Array:
FromUserName : gh_9046d2e226a2 ;
ToUserName : oKlYowafiY7j4S7y8ALX98AgKfcU ;
MsgType : news ;
ArticleCount : 1 ;
Articles : Array ;

2017-01-27 04:15:29 trace :
------------
String:
<xml><ToUserName><![CDATA[gh_9046d2e226a2]]></ToUserName>
<FromUserName><![CDATA[oKlYowafiY7j4S7y8ALX98AgKfcU]]></FromUserName>
<CreateTime>1485461728</CreateTime>
<MsgType><![CDATA[event]]></MsgType>
<Event><![CDATA[VIEW]]></Event>
<EventKey><![CDATA[http://www.9kpu.com/app/index.php?i=35&c=entry&eid=1]]></EventKey>
<MenuId>412080054</MenuId>
</xml>

2017-01-27 04:15:29 params :
------------
String:
array (
  'message' => 
  array (
    'tousername' => 'gh_9046d2e226a2',
    'fromusername' => 'oKlYowafiY7j4S7y8ALX98AgKfcU',
    'createtime' => '1485461728',
    'msgtype' => 'event',
    'event' => 'VIEW',
    'eventkey' => 'http://www.9kpu.com/app/index.php?i=35&c=entry&eid=1',
    'menuid' => '412080054',
    'from' => 'oKlYowafiY7j4S7y8ALX98AgKfcU',
    'to' => 'gh_9046d2e226a2',
    'time' => '1485461728',
    'type' => 'text',
    'content' => '1',
    'redirection' => true,
    'source' => 'default',
    'original' => 'http://www.9kpu.com/app/index.php?i=35&c=entry&eid=1',
  ),
  'module' => 'news',
  'rule' => '64',
  'priority' => '0',
  'keyword' => 
  array (
    'id' => '119',
    'rid' => '64',
    'uniacid' => '35',
    'module' => 'news',
    'content' => '1',
    'type' => '1',
    'displayorder' => '0',
    'status' => '1',
  ),
)

2017-01-27 04:15:29 response :
------------
Array:
FromUserName : gh_9046d2e226a2 ;
ToUserName : oKlYowafiY7j4S7y8ALX98AgKfcU ;
MsgType : news ;
ArticleCount : 1 ;
Articles : Array ;

2017-01-27 04:16:50 trace :
------------
String:
<xml><ToUserName><![CDATA[gh_9046d2e226a2]]></ToUserName>
<FromUserName><![CDATA[oKlYowafiY7j4S7y8ALX98AgKfcU]]></FromUserName>
<CreateTime>1485461810</CreateTime>
<MsgType><![CDATA[event]]></MsgType>
<Event><![CDATA[VIEW]]></Event>
<EventKey><![CDATA[http://www.9kpu.com/app/index.php?i=35&c=entry&eid=2]]></EventKey>
<MenuId>412080054</MenuId>
</xml>

2017-01-27 04:16:50 params :
------------
String:
array (
  'message' => 
  array (
    'tousername' => 'gh_9046d2e226a2',
    'fromusername' => 'oKlYowafiY7j4S7y8ALX98AgKfcU',
    'createtime' => '1485461810',
    'msgtype' => 'event',
    'event' => 'VIEW',
    'eventkey' => 'http://www.9kpu.com/app/index.php?i=35&c=entry&eid=2',
    'menuid' => '412080054',
    'from' => 'oKlYowafiY7j4S7y8ALX98AgKfcU',
    'to' => 'gh_9046d2e226a2',
    'time' => '1485461810',
    'type' => 'text',
    'content' => '1',
    'redirection' => true,
    'source' => 'default',
    'original' => 'http://www.9kpu.com/app/index.php?i=35&c=entry&eid=2',
  ),
  'module' => 'news',
  'rule' => '64',
  'priority' => '0',
  'keyword' => 
  array (
    'id' => '119',
    'rid' => '64',
    'uniacid' => '35',
    'module' => 'news',
    'content' => '1',
    'type' => '1',
    'displayorder' => '0',
    'status' => '1',
  ),
)

2017-01-27 04:16:50 response :
------------
Array:
FromUserName : gh_9046d2e226a2 ;
ToUserName : oKlYowafiY7j4S7y8ALX98AgKfcU ;
MsgType : news ;
ArticleCount : 1 ;
Articles : Array ;

2017-01-27 04:16:56 trace :
------------
String:
<xml><ToUserName><![CDATA[gh_9046d2e226a2]]></ToUserName>
<FromUserName><![CDATA[oKlYowafiY7j4S7y8ALX98AgKfcU]]></FromUserName>
<CreateTime>1485461816</CreateTime>
<MsgType><![CDATA[event]]></MsgType>
<Event><![CDATA[VIEW]]></Event>
<EventKey><![CDATA[http://www.9kpu.com/app/index.php?i=35&c=home&]]></EventKey>
<MenuId>412080054</MenuId>
</xml>

2017-01-27 04:16:56 params :
------------
String:
array (
  'message' => 
  array (
    'tousername' => 'gh_9046d2e226a2',
    'fromusername' => 'oKlYowafiY7j4S7y8ALX98AgKfcU',
    'createtime' => '1485461816',
    'msgtype' => 'event',
    'event' => 'VIEW',
    'eventkey' => 'http://www.9kpu.com/app/index.php?i=35&c=home&',
    'menuid' => '412080054',
    'from' => 'oKlYowafiY7j4S7y8ALX98AgKfcU',
    'to' => 'gh_9046d2e226a2',
    'time' => '1485461816',
    'type' => 'text',
    'content' => '1',
    'redirection' => true,
    'source' => 'default',
    'original' => 'http://www.9kpu.com/app/index.php?i=35&c=home&',
  ),
  'module' => 'news',
  'rule' => '64',
  'priority' => '0',
  'keyword' => 
  array (
    'id' => '119',
    'rid' => '64',
    'uniacid' => '35',
    'module' => 'news',
    'content' => '1',
    'type' => '1',
    'displayorder' => '0',
    'status' => '1',
  ),
)

2017-01-27 04:16:56 response :
------------
Array:
FromUserName : gh_9046d2e226a2 ;
ToUserName : oKlYowafiY7j4S7y8ALX98AgKfcU ;
MsgType : news ;
ArticleCount : 1 ;
Articles : Array ;

2017-01-27 06:47:33 trace :
------------
String:
<xml><ToUserName><![CDATA[gh_a1ba95755af7]]></ToUserName>
<FromUserName><![CDATA[oniSBwNDWeAs6oV1ShxK98VKxh9A]]></FromUserName>
<CreateTime>1485470853</CreateTime>
<MsgType><![CDATA[event]]></MsgType>
<Event><![CDATA[VIEW]]></Event>
<EventKey><![CDATA[http://www.9kpu.com/app/index.php?i=46&c=home&]]></EventKey>
<MenuId>410439717</MenuId>
</xml>

2017-01-27 06:47:33 params :
------------
String:
array (
  'rule' => -2,
  'module' => '',
  'message' => 
  array (
    'tousername' => 'gh_a1ba95755af7',
    'fromusername' => 'oniSBwNDWeAs6oV1ShxK98VKxh9A',
    'createtime' => '1485470853',
    'msgtype' => 'event',
    'event' => 'VIEW',
    'eventkey' => 'http://www.9kpu.com/app/index.php?i=46&c=home&',
    'menuid' => '410439717',
    'from' => 'oniSBwNDWeAs6oV1ShxK98VKxh9A',
    'to' => 'gh_a1ba95755af7',
    'time' => '1485470853',
    'type' => 'text',
    'content' => 'http://www.9kpu.com/app/index.php?i=46&c=home&',
    'redirection' => true,
    'source' => 'VIEW',
  ),
)

2017-01-27 06:47:33 response :
------------

2017-01-27 07:23:03 trace :
------------
String:
<xml><ToUserName><![CDATA[gh_b6b2adce2b0d]]></ToUserName>
<FromUserName><![CDATA[o-SliwHgUjAOCVKRjXf4jOXrEpJ0]]></FromUserName>
<CreateTime>1485472983</CreateTime>
<MsgType><![CDATA[event]]></MsgType>
<Event><![CDATA[VIEW]]></Event>
<EventKey><![CDATA[http://www.9kpu.com/app/index.php?i=39&c=entry&eid=1]]></EventKey>
<MenuId>408723140</MenuId>
</xml>

2017-01-27 07:23:03 params :
------------
String:
array (
  'message' => 
  array (
    'tousername' => 'gh_b6b2adce2b0d',
    'fromusername' => 'o-SliwHgUjAOCVKRjXf4jOXrEpJ0',
    'createtime' => '1485472983',
    'msgtype' => 'event',
    'event' => 'VIEW',
    'eventkey' => 'http://www.9kpu.com/app/index.php?i=39&c=entry&eid=1',
    'menuid' => '408723140',
    'from' => 'o-SliwHgUjAOCVKRjXf4jOXrEpJ0',
    'to' => 'gh_b6b2adce2b0d',
    'time' => '1485472983',
    'type' => 'text',
    'content' => '1',
    'redirection' => true,
    'source' => 'default',
    'original' => 'http://www.9kpu.com/app/index.php?i=39&c=entry&eid=1',
  ),
  'module' => 'news',
  'rule' => '73',
  'priority' => '0',
  'keyword' => 
  array (
    'id' => '156',
    'rid' => '73',
    'uniacid' => '39',
    'module' => 'news',
    'content' => '1',
    'type' => '1',
    'displayorder' => '0',
    'status' => '1',
  ),
)

2017-01-27 07:23:03 response :
------------
Array:
FromUserName : gh_b6b2adce2b0d ;
ToUserName : o-SliwHgUjAOCVKRjXf4jOXrEpJ0 ;
MsgType : news ;
ArticleCount : 1 ;
Articles : Array ;

2017-01-27 10:12:06 trace :
------------
String:
<xml><ToUserName><![CDATA[gh_2a16c32dff4b]]></ToUserName>
<FromUserName><![CDATA[oZF73wC4udCnRWvBLS4nFOi_pHkk]]></FromUserName>
<CreateTime>1485483125</CreateTime>
<MsgType><![CDATA[event]]></MsgType>
<Event><![CDATA[subscribe]]></Event>
<EventKey><![CDATA[]]></EventKey>
</xml>

2017-01-27 10:12:06 params :
------------
String:
array (
  'message' => 
  array (
    'tousername' => 'gh_2a16c32dff4b',
    'fromusername' => 'oZF73wC4udCnRWvBLS4nFOi_pHkk',
    'createtime' => '1485483125',
    'msgtype' => 'event',
    'event' => 'subscribe',
    'eventkey' => '',
    'from' => 'oZF73wC4udCnRWvBLS4nFOi_pHkk',
    'to' => 'gh_2a16c32dff4b',
    'time' => '1485483125',
    'type' => 'text',
    'redirection' => true,
    'source' => 'default',
    'content' => '1',
    'original' => '欢迎关注',
  ),
  'module' => 'news',
  'rule' => '56',
  'priority' => '0',
  'keyword' => 
  array (
    'id' => '92',
    'rid' => '56',
    'uniacid' => '26',
    'module' => 'news',
    'content' => '1',
    'type' => '1',
    'displayorder' => '0',
    'status' => '1',
  ),
)

2017-01-27 10:12:06 response :
------------
Array:
FromUserName : gh_2a16c32dff4b ;
ToUserName : oZF73wC4udCnRWvBLS4nFOi_pHkk ;
MsgType : news ;
ArticleCount : 1 ;
Articles : Array ;

2017-01-27 12:11:28 trace :
------------
String:
<xml><ToUserName><![CDATA[gh_b6b2adce2b0d]]></ToUserName>
<FromUserName><![CDATA[o-SliwFro9dQbro9lwqjr_pjiN6s]]></FromUserName>
<CreateTime>1485490288</CreateTime>
<MsgType><![CDATA[event]]></MsgType>
<Event><![CDATA[VIEW]]></Event>
<EventKey><![CDATA[http://www.9kpu.com/app/index.php?i=39&c=entry&eid=2]]></EventKey>
<MenuId>408723140</MenuId>
</xml>

2017-01-27 12:11:28 params :
------------
String:
array (
  'message' => 
  array (
    'tousername' => 'gh_b6b2adce2b0d',
    'fromusername' => 'o-SliwFro9dQbro9lwqjr_pjiN6s',
    'createtime' => '1485490288',
    'msgtype' => 'event',
    'event' => 'VIEW',
    'eventkey' => 'http://www.9kpu.com/app/index.php?i=39&c=entry&eid=2',
    'menuid' => '408723140',
    'from' => 'o-SliwFro9dQbro9lwqjr_pjiN6s',
    'to' => 'gh_b6b2adce2b0d',
    'time' => '1485490288',
    'type' => 'text',
    'content' => '1',
    'redirection' => true,
    'source' => 'default',
    'original' => 'http://www.9kpu.com/app/index.php?i=39&c=entry&eid=2',
  ),
  'module' => 'news',
  'rule' => '73',
  'priority' => '0',
  'keyword' => 
  array (
    'id' => '156',
    'rid' => '73',
    'uniacid' => '39',
    'module' => 'news',
    'content' => '1',
    'type' => '1',
    'displayorder' => '0',
    'status' => '1',
  ),
)

2017-01-27 12:11:28 response :
------------
Array:
FromUserName : gh_b6b2adce2b0d ;
ToUserName : o-SliwFro9dQbro9lwqjr_pjiN6s ;
MsgType : news ;
ArticleCount : 1 ;
Articles : Array ;

2017-01-27 12:36:13 trace :
------------
String:
<xml><ToUserName><![CDATA[gh_b6b2adce2b0d]]></ToUserName>
<FromUserName><![CDATA[o-SliwJe-Batxd0esK2IB69FreiY]]></FromUserName>
<CreateTime>1485491773</CreateTime>
<MsgType><![CDATA[text]]></MsgType>
<Content><![CDATA[/::)]]></Content>
<MsgId>6380138583922647542</MsgId>
</xml>

2017-01-27 12:36:13 params :
------------
String:
array (
  'message' => 
  array (
    'tousername' => 'gh_b6b2adce2b0d',
    'fromusername' => 'o-SliwJe-Batxd0esK2IB69FreiY',
    'createtime' => '1485491773',
    'msgtype' => 'text',
    'content' => '1',
    'msgid' => '6380138583922647542',
    'from' => 'o-SliwJe-Batxd0esK2IB69FreiY',
    'to' => 'gh_b6b2adce2b0d',
    'time' => '1485491773',
    'type' => 'text',
    'event' => NULL,
    'redirection' => true,
    'source' => 'default',
    'original' => '/::)',
  ),
  'module' => 'news',
  'rule' => '73',
  'priority' => '0',
  'keyword' => 
  array (
    'id' => '156',
    'rid' => '73',
    'uniacid' => '39',
    'module' => 'news',
    'content' => '1',
    'type' => '1',
    'displayorder' => '0',
    'status' => '1',
  ),
)

2017-01-27 12:36:13 response :
------------
Array:
FromUserName : gh_b6b2adce2b0d ;
ToUserName : o-SliwJe-Batxd0esK2IB69FreiY ;
MsgType : news ;
ArticleCount : 1 ;
Articles : Array ;

2017-01-27 12:36:23 trace :
------------
String:
<xml><ToUserName><![CDATA[gh_b6b2adce2b0d]]></ToUserName>
<FromUserName><![CDATA[o-SliwJe-Batxd0esK2IB69FreiY]]></FromUserName>
<CreateTime>1485491782</CreateTime>
<MsgType><![CDATA[text]]></MsgType>
<Content><![CDATA[呵呵]]></Content>
<MsgId>6380138622577353208</MsgId>
</xml>

2017-01-27 12:36:23 params :
------------
String:
array (
  'message' => 
  array (
    'tousername' => 'gh_b6b2adce2b0d',
    'fromusername' => 'o-SliwJe-Batxd0esK2IB69FreiY',
    'createtime' => '1485491782',
    'msgtype' => 'text',
    'content' => '1',
    'msgid' => '6380138622577353208',
    'from' => 'o-SliwJe-Batxd0esK2IB69FreiY',
    'to' => 'gh_b6b2adce2b0d',
    'time' => '1485491782',
    'type' => 'text',
    'event' => NULL,
    'redirection' => true,
    'source' => 'default',
    'original' => '呵呵',
  ),
  'module' => 'news',
  'rule' => '73',
  'priority' => '0',
  'keyword' => 
  array (
    'id' => '156',
    'rid' => '73',
    'uniacid' => '39',
    'module' => 'news',
    'content' => '1',
    'type' => '1',
    'displayorder' => '0',
    'status' => '1',
  ),
)

2017-01-27 12:36:23 response :
------------
Array:
FromUserName : gh_b6b2adce2b0d ;
ToUserName : o-SliwJe-Batxd0esK2IB69FreiY ;
MsgType : news ;
ArticleCount : 1 ;
Articles : Array ;

2017-01-27 12:36:29 trace :
------------
String:
<xml><ToUserName><![CDATA[gh_b6b2adce2b0d]]></ToUserName>
<FromUserName><![CDATA[o-SliwJe-Batxd0esK2IB69FreiY]]></FromUserName>
<CreateTime>1485491788</CreateTime>
<MsgType><![CDATA[event]]></MsgType>
<Event><![CDATA[VIEW]]></Event>
<EventKey><![CDATA[http://www.9kpu.com/app/index.php?i=39&c=entry&eid=2]]></EventKey>
<MenuId>408723140</MenuId>
</xml>

2017-01-27 12:36:29 params :
------------
String:
array (
  'message' => 
  array (
    'tousername' => 'gh_b6b2adce2b0d',
    'fromusername' => 'o-SliwJe-Batxd0esK2IB69FreiY',
    'createtime' => '1485491788',
    'msgtype' => 'event',
    'event' => 'VIEW',
    'eventkey' => 'http://www.9kpu.com/app/index.php?i=39&c=entry&eid=2',
    'menuid' => '408723140',
    'from' => 'o-SliwJe-Batxd0esK2IB69FreiY',
    'to' => 'gh_b6b2adce2b0d',
    'time' => '1485491788',
    'type' => 'text',
    'content' => '1',
    'redirection' => true,
    'source' => 'default',
    'original' => 'http://www.9kpu.com/app/index.php?i=39&c=entry&eid=2',
  ),
  'module' => 'news',
  'rule' => '73',
  'priority' => '0',
  'keyword' => 
  array (
    'id' => '156',
    'rid' => '73',
    'uniacid' => '39',
    'module' => 'news',
    'content' => '1',
    'type' => '1',
    'displayorder' => '0',
    'status' => '1',
  ),
)

2017-01-27 12:36:29 response :
------------
Array:
FromUserName : gh_b6b2adce2b0d ;
ToUserName : o-SliwJe-Batxd0esK2IB69FreiY ;
MsgType : news ;
ArticleCount : 1 ;
Articles : Array ;

2017-01-27 12:36:34 trace :
------------
String:
<xml><ToUserName><![CDATA[gh_b6b2adce2b0d]]></ToUserName>
<FromUserName><![CDATA[o-SliwJe-Batxd0esK2IB69FreiY]]></FromUserName>
<CreateTime>1485491794</CreateTime>
<MsgType><![CDATA[event]]></MsgType>
<Event><![CDATA[VIEW]]></Event>
<EventKey><![CDATA[http://www.9kpu.com/app/index.php?i=39&c=entry&eid=1]]></EventKey>
<MenuId>408723140</MenuId>
</xml>

2017-01-27 12:36:34 params :
------------
String:
array (
  'message' => 
  array (
    'tousername' => 'gh_b6b2adce2b0d',
    'fromusername' => 'o-SliwJe-Batxd0esK2IB69FreiY',
    'createtime' => '1485491794',
    'msgtype' => 'event',
    'event' => 'VIEW',
    'eventkey' => 'http://www.9kpu.com/app/index.php?i=39&c=entry&eid=1',
    'menuid' => '408723140',
    'from' => 'o-SliwJe-Batxd0esK2IB69FreiY',
    'to' => 'gh_b6b2adce2b0d',
    'time' => '1485491794',
    'type' => 'text',
    'content' => '1',
    'redirection' => true,
    'source' => 'default',
    'original' => 'http://www.9kpu.com/app/index.php?i=39&c=entry&eid=1',
  ),
  'module' => 'news',
  'rule' => '73',
  'priority' => '0',
  'keyword' => 
  array (
    'id' => '156',
    'rid' => '73',
    'uniacid' => '39',
    'module' => 'news',
    'content' => '1',
    'type' => '1',
    'displayorder' => '0',
    'status' => '1',
  ),
)

2017-01-27 12:36:34 response :
------------
Array:
FromUserName : gh_b6b2adce2b0d ;
ToUserName : o-SliwJe-Batxd0esK2IB69FreiY ;
MsgType : news ;
ArticleCount : 1 ;
Articles : Array ;

2017-01-27 12:36:43 trace :
------------
String:
<xml><ToUserName><![CDATA[gh_b6b2adce2b0d]]></ToUserName>
<FromUserName><![CDATA[o-SliwJe-Batxd0esK2IB69FreiY]]></FromUserName>
<CreateTime>1485491803</CreateTime>
<MsgType><![CDATA[event]]></MsgType>
<Event><![CDATA[VIEW]]></Event>
<EventKey><![CDATA[http://www.9kpu.com/app/index.php?i=39&c=home&]]></EventKey>
<MenuId>408723140</MenuId>
</xml>

2017-01-27 12:36:43 params :
------------
String:
array (
  'message' => 
  array (
    'tousername' => 'gh_b6b2adce2b0d',
    'fromusername' => 'o-SliwJe-Batxd0esK2IB69FreiY',
    'createtime' => '1485491803',
    'msgtype' => 'event',
    'event' => 'VIEW',
    'eventkey' => 'http://www.9kpu.com/app/index.php?i=39&c=home&',
    'menuid' => '408723140',
    'from' => 'o-SliwJe-Batxd0esK2IB69FreiY',
    'to' => 'gh_b6b2adce2b0d',
    'time' => '1485491803',
    'type' => 'text',
    'content' => '1',
    'redirection' => true,
    'source' => 'default',
    'original' => 'http://www.9kpu.com/app/index.php?i=39&c=home&',
  ),
  'module' => 'news',
  'rule' => '73',
  'priority' => '0',
  'keyword' => 
  array (
    'id' => '156',
    'rid' => '73',
    'uniacid' => '39',
    'module' => 'news',
    'content' => '1',
    'type' => '1',
    'displayorder' => '0',
    'status' => '1',
  ),
)

2017-01-27 12:36:43 response :
------------
Array:
FromUserName : gh_b6b2adce2b0d ;
ToUserName : o-SliwJe-Batxd0esK2IB69FreiY ;
MsgType : news ;
ArticleCount : 1 ;
Articles : Array ;

2017-01-27 13:25:16 trace :
------------
String:
<xml><ToUserName><![CDATA[gh_b6b2adce2b0d]]></ToUserName>
<FromUserName><![CDATA[o-SliwDTbTkil5LXEHRpr3FRBR00]]></FromUserName>
<CreateTime>1485494716</CreateTime>
<MsgType><![CDATA[event]]></MsgType>
<Event><![CDATA[VIEW]]></Event>
<EventKey><![CDATA[http://www.9kpu.com/app/index.php?i=39&c=home&]]></EventKey>
<MenuId>408723140</MenuId>
</xml>

2017-01-27 13:25:16 params :
------------
String:
array (
  'message' => 
  array (
    'tousername' => 'gh_b6b2adce2b0d',
    'fromusername' => 'o-SliwDTbTkil5LXEHRpr3FRBR00',
    'createtime' => '1485494716',
    'msgtype' => 'event',
    'event' => 'VIEW',
    'eventkey' => 'http://www.9kpu.com/app/index.php?i=39&c=home&',
    'menuid' => '408723140',
    'from' => 'o-SliwDTbTkil5LXEHRpr3FRBR00',
    'to' => 'gh_b6b2adce2b0d',
    'time' => '1485494716',
    'type' => 'text',
    'content' => '1',
    'redirection' => true,
    'source' => 'default',
    'original' => 'http://www.9kpu.com/app/index.php?i=39&c=home&',
  ),
  'module' => 'news',
  'rule' => '73',
  'priority' => '0',
  'keyword' => 
  array (
    'id' => '156',
    'rid' => '73',
    'uniacid' => '39',
    'module' => 'news',
    'content' => '1',
    'type' => '1',
    'displayorder' => '0',
    'status' => '1',
  ),
)

2017-01-27 13:25:16 response :
------------
Array:
FromUserName : gh_b6b2adce2b0d ;
ToUserName : o-SliwDTbTkil5LXEHRpr3FRBR00 ;
MsgType : news ;
ArticleCount : 1 ;
Articles : Array ;

2017-01-27 13:26:10 trace :
------------
String:
<xml><ToUserName><![CDATA[gh_b6b2adce2b0d]]></ToUserName>
<FromUserName><![CDATA[o-SliwDTbTkil5LXEHRpr3FRBR00]]></FromUserName>
<CreateTime>1485494770</CreateTime>
<MsgType><![CDATA[event]]></MsgType>
<Event><![CDATA[VIEW]]></Event>
<EventKey><![CDATA[http://www.9kpu.com/app/index.php?i=39&c=entry&eid=1]]></EventKey>
<MenuId>408723140</MenuId>
</xml>

2017-01-27 13:26:10 params :
------------
String:
array (
  'message' => 
  array (
    'tousername' => 'gh_b6b2adce2b0d',
    'fromusername' => 'o-SliwDTbTkil5LXEHRpr3FRBR00',
    'createtime' => '1485494770',
    'msgtype' => 'event',
    'event' => 'VIEW',
    'eventkey' => 'http://www.9kpu.com/app/index.php?i=39&c=entry&eid=1',
    'menuid' => '408723140',
    'from' => 'o-SliwDTbTkil5LXEHRpr3FRBR00',
    'to' => 'gh_b6b2adce2b0d',
    'time' => '1485494770',
    'type' => 'text',
    'content' => '1',
    'redirection' => true,
    'source' => 'default',
    'original' => 'http://www.9kpu.com/app/index.php?i=39&c=entry&eid=1',
  ),
  'module' => 'news',
  'rule' => '73',
  'priority' => '0',
  'keyword' => 
  array (
    'id' => '156',
    'rid' => '73',
    'uniacid' => '39',
    'module' => 'news',
    'content' => '1',
    'type' => '1',
    'displayorder' => '0',
    'status' => '1',
  ),
)

2017-01-27 13:26:10 response :
------------
Array:
FromUserName : gh_b6b2adce2b0d ;
ToUserName : o-SliwDTbTkil5LXEHRpr3FRBR00 ;
MsgType : news ;
ArticleCount : 1 ;
Articles : Array ;

2017-01-27 14:02:49 trace :
------------
String:
<xml><ToUserName><![CDATA[gh_b6b2adce2b0d]]></ToUserName>
<FromUserName><![CDATA[o-SliwDTbTkil5LXEHRpr3FRBR00]]></FromUserName>
<CreateTime>1485496969</CreateTime>
<MsgType><![CDATA[event]]></MsgType>
<Event><![CDATA[VIEW]]></Event>
<EventKey><![CDATA[http://www.9kpu.com/app/index.php?i=39&c=entry&eid=2]]></EventKey>
<MenuId>408723140</MenuId>
</xml>

2017-01-27 14:02:49 params :
------------
String:
array (
  'message' => 
  array (
    'tousername' => 'gh_b6b2adce2b0d',
    'fromusername' => 'o-SliwDTbTkil5LXEHRpr3FRBR00',
    'createtime' => '1485496969',
    'msgtype' => 'event',
    'event' => 'VIEW',
    'eventkey' => 'http://www.9kpu.com/app/index.php?i=39&c=entry&eid=2',
    'menuid' => '408723140',
    'from' => 'o-SliwDTbTkil5LXEHRpr3FRBR00',
    'to' => 'gh_b6b2adce2b0d',
    'time' => '1485496969',
    'type' => 'text',
    'content' => '1',
    'redirection' => true,
    'source' => 'default',
    'original' => 'http://www.9kpu.com/app/index.php?i=39&c=entry&eid=2',
  ),
  'module' => 'news',
  'rule' => '73',
  'priority' => '0',
  'keyword' => 
  array (
    'id' => '156',
    'rid' => '73',
    'uniacid' => '39',
    'module' => 'news',
    'content' => '1',
    'type' => '1',
    'displayorder' => '0',
    'status' => '1',
  ),
)

2017-01-27 14:02:49 response :
------------
Array:
FromUserName : gh_b6b2adce2b0d ;
ToUserName : o-SliwDTbTkil5LXEHRpr3FRBR00 ;
MsgType : news ;
ArticleCount : 1 ;
Articles : Array ;

2017-01-27 14:02:53 trace :
------------
String:
<xml><ToUserName><![CDATA[gh_b6b2adce2b0d]]></ToUserName>
<FromUserName><![CDATA[o-SliwDTbTkil5LXEHRpr3FRBR00]]></FromUserName>
<CreateTime>1485496973</CreateTime>
<MsgType><![CDATA[event]]></MsgType>
<Event><![CDATA[VIEW]]></Event>
<EventKey><![CDATA[http://www.9kpu.com/app/index.php?i=39&c=entry&eid=1]]></EventKey>
<MenuId>408723140</MenuId>
</xml>

2017-01-27 14:02:53 params :
------------
String:
array (
  'message' => 
  array (
    'tousername' => 'gh_b6b2adce2b0d',
    'fromusername' => 'o-SliwDTbTkil5LXEHRpr3FRBR00',
    'createtime' => '1485496973',
    'msgtype' => 'event',
    'event' => 'VIEW',
    'eventkey' => 'http://www.9kpu.com/app/index.php?i=39&c=entry&eid=1',
    'menuid' => '408723140',
    'from' => 'o-SliwDTbTkil5LXEHRpr3FRBR00',
    'to' => 'gh_b6b2adce2b0d',
    'time' => '1485496973',
    'type' => 'text',
    'content' => '1',
    'redirection' => true,
    'source' => 'default',
    'original' => 'http://www.9kpu.com/app/index.php?i=39&c=entry&eid=1',
  ),
  'module' => 'news',
  'rule' => '73',
  'priority' => '0',
  'keyword' => 
  array (
    'id' => '156',
    'rid' => '73',
    'uniacid' => '39',
    'module' => 'news',
    'content' => '1',
    'type' => '1',
    'displayorder' => '0',
    'status' => '1',
  ),
)

2017-01-27 14:02:53 response :
------------
Array:
FromUserName : gh_b6b2adce2b0d ;
ToUserName : o-SliwDTbTkil5LXEHRpr3FRBR00 ;
MsgType : news ;
ArticleCount : 1 ;
Articles : Array ;

2017-01-27 14:02:56 trace :
------------
String:
<xml><ToUserName><![CDATA[gh_b6b2adce2b0d]]></ToUserName>
<FromUserName><![CDATA[o-SliwDTbTkil5LXEHRpr3FRBR00]]></FromUserName>
<CreateTime>1485496976</CreateTime>
<MsgType><![CDATA[event]]></MsgType>
<Event><![CDATA[VIEW]]></Event>
<EventKey><![CDATA[http://www.9kpu.com/app/index.php?i=39&c=home&]]></EventKey>
<MenuId>408723140</MenuId>
</xml>

2017-01-27 14:02:56 params :
------------
String:
array (
  'message' => 
  array (
    'tousername' => 'gh_b6b2adce2b0d',
    'fromusername' => 'o-SliwDTbTkil5LXEHRpr3FRBR00',
    'createtime' => '1485496976',
    'msgtype' => 'event',
    'event' => 'VIEW',
    'eventkey' => 'http://www.9kpu.com/app/index.php?i=39&c=home&',
    'menuid' => '408723140',
    'from' => 'o-SliwDTbTkil5LXEHRpr3FRBR00',
    'to' => 'gh_b6b2adce2b0d',
    'time' => '1485496976',
    'type' => 'text',
    'content' => '1',
    'redirection' => true,
    'source' => 'default',
    'original' => 'http://www.9kpu.com/app/index.php?i=39&c=home&',
  ),
  'module' => 'news',
  'rule' => '73',
  'priority' => '0',
  'keyword' => 
  array (
    'id' => '156',
    'rid' => '73',
    'uniacid' => '39',
    'module' => 'news',
    'content' => '1',
    'type' => '1',
    'displayorder' => '0',
    'status' => '1',
  ),
)

2017-01-27 14:02:56 response :
------------
Array:
FromUserName : gh_b6b2adce2b0d ;
ToUserName : o-SliwDTbTkil5LXEHRpr3FRBR00 ;
MsgType : news ;
ArticleCount : 1 ;
Articles : Array ;

2017-01-27 15:26:01 trace :
------------
String:
<xml><ToUserName><![CDATA[gh_0eab716966d4]]></ToUserName>
<FromUserName><![CDATA[oSoVuwFT8k9AqaU0FH1l0DJf4lvY]]></FromUserName>
<CreateTime>1485501960</CreateTime>
<MsgType><![CDATA[event]]></MsgType>
<Event><![CDATA[VIEW]]></Event>
<EventKey><![CDATA[http://www.9kpu.com/app/index.php?i=28&c=home&]]></EventKey>
<MenuId>414492131</MenuId>
</xml>

2017-01-27 15:26:01 params :
------------
String:
array (
  'rule' => -2,
  'module' => '',
  'message' => 
  array (
    'tousername' => 'gh_0eab716966d4',
    'fromusername' => 'oSoVuwFT8k9AqaU0FH1l0DJf4lvY',
    'createtime' => '1485501960',
    'msgtype' => 'event',
    'event' => 'VIEW',
    'eventkey' => 'http://www.9kpu.com/app/index.php?i=28&c=home&',
    'menuid' => '414492131',
    'from' => 'oSoVuwFT8k9AqaU0FH1l0DJf4lvY',
    'to' => 'gh_0eab716966d4',
    'time' => '1485501960',
    'type' => 'text',
    'content' => 'http://www.9kpu.com/app/index.php?i=28&c=home&',
    'redirection' => true,
    'source' => 'VIEW',
  ),
)

2017-01-27 15:26:01 response :
------------

2017-01-27 15:35:20 trace :
------------
String:
<xml><ToUserName><![CDATA[gh_b6b2adce2b0d]]></ToUserName>
<FromUserName><![CDATA[o-SliwEo4C9vrM1b3PlrI_29QKuE]]></FromUserName>
<CreateTime>1485502520</CreateTime>
<MsgType><![CDATA[event]]></MsgType>
<Event><![CDATA[VIEW]]></Event>
<EventKey><![CDATA[http://www.9kpu.com/app/index.php?i=39&c=home&]]></EventKey>
<MenuId>408723140</MenuId>
</xml>

2017-01-27 15:35:20 params :
------------
String:
array (
  'message' => 
  array (
    'tousername' => 'gh_b6b2adce2b0d',
    'fromusername' => 'o-SliwEo4C9vrM1b3PlrI_29QKuE',
    'createtime' => '1485502520',
    'msgtype' => 'event',
    'event' => 'VIEW',
    'eventkey' => 'http://www.9kpu.com/app/index.php?i=39&c=home&',
    'menuid' => '408723140',
    'from' => 'o-SliwEo4C9vrM1b3PlrI_29QKuE',
    'to' => 'gh_b6b2adce2b0d',
    'time' => '1485502520',
    'type' => 'text',
    'content' => '1',
    'redirection' => true,
    'source' => 'default',
    'original' => 'http://www.9kpu.com/app/index.php?i=39&c=home&',
  ),
  'module' => 'news',
  'rule' => '73',
  'priority' => '0',
  'keyword' => 
  array (
    'id' => '156',
    'rid' => '73',
    'uniacid' => '39',
    'module' => 'news',
    'content' => '1',
    'type' => '1',
    'displayorder' => '0',
    'status' => '1',
  ),
)

2017-01-27 15:35:20 response :
------------
Array:
FromUserName : gh_b6b2adce2b0d ;
ToUserName : o-SliwEo4C9vrM1b3PlrI_29QKuE ;
MsgType : news ;
ArticleCount : 1 ;
Articles : Array ;

2017-01-27 15:35:26 trace :
------------
String:
<xml><ToUserName><![CDATA[gh_b6b2adce2b0d]]></ToUserName>
<FromUserName><![CDATA[o-SliwEo4C9vrM1b3PlrI_29QKuE]]></FromUserName>
<CreateTime>1485502526</CreateTime>
<MsgType><![CDATA[event]]></MsgType>
<Event><![CDATA[VIEW]]></Event>
<EventKey><![CDATA[http://www.9kpu.com/app/index.php?i=39&c=entry&eid=1]]></EventKey>
<MenuId>408723140</MenuId>
</xml>

2017-01-27 15:35:26 params :
------------
String:
array (
  'message' => 
  array (
    'tousername' => 'gh_b6b2adce2b0d',
    'fromusername' => 'o-SliwEo4C9vrM1b3PlrI_29QKuE',
    'createtime' => '1485502526',
    'msgtype' => 'event',
    'event' => 'VIEW',
    'eventkey' => 'http://www.9kpu.com/app/index.php?i=39&c=entry&eid=1',
    'menuid' => '408723140',
    'from' => 'o-SliwEo4C9vrM1b3PlrI_29QKuE',
    'to' => 'gh_b6b2adce2b0d',
    'time' => '1485502526',
    'type' => 'text',
    'content' => '1',
    'redirection' => true,
    'source' => 'default',
    'original' => 'http://www.9kpu.com/app/index.php?i=39&c=entry&eid=1',
  ),
  'module' => 'news',
  'rule' => '73',
  'priority' => '0',
  'keyword' => 
  array (
    'id' => '156',
    'rid' => '73',
    'uniacid' => '39',
    'module' => 'news',
    'content' => '1',
    'type' => '1',
    'displayorder' => '0',
    'status' => '1',
  ),
)

2017-01-27 15:35:26 response :
------------
Array:
FromUserName : gh_b6b2adce2b0d ;
ToUserName : o-SliwEo4C9vrM1b3PlrI_29QKuE ;
MsgType : news ;
ArticleCount : 1 ;
Articles : Array ;

2017-01-27 15:35:29 trace :
------------
String:
<xml><ToUserName><![CDATA[gh_b6b2adce2b0d]]></ToUserName>
<FromUserName><![CDATA[o-SliwEo4C9vrM1b3PlrI_29QKuE]]></FromUserName>
<CreateTime>1485502529</CreateTime>
<MsgType><![CDATA[event]]></MsgType>
<Event><![CDATA[VIEW]]></Event>
<EventKey><![CDATA[http://www.9kpu.com/app/index.php?i=39&c=entry&eid=2]]></EventKey>
<MenuId>408723140</MenuId>
</xml>

2017-01-27 15:35:29 params :
------------
String:
array (
  'message' => 
  array (
    'tousername' => 'gh_b6b2adce2b0d',
    'fromusername' => 'o-SliwEo4C9vrM1b3PlrI_29QKuE',
    'createtime' => '1485502529',
    'msgtype' => 'event',
    'event' => 'VIEW',
    'eventkey' => 'http://www.9kpu.com/app/index.php?i=39&c=entry&eid=2',
    'menuid' => '408723140',
    'from' => 'o-SliwEo4C9vrM1b3PlrI_29QKuE',
    'to' => 'gh_b6b2adce2b0d',
    'time' => '1485502529',
    'type' => 'text',
    'content' => '1',
    'redirection' => true,
    'source' => 'default',
    'original' => 'http://www.9kpu.com/app/index.php?i=39&c=entry&eid=2',
  ),
  'module' => 'news',
  'rule' => '73',
  'priority' => '0',
  'keyword' => 
  array (
    'id' => '156',
    'rid' => '73',
    'uniacid' => '39',
    'module' => 'news',
    'content' => '1',
    'type' => '1',
    'displayorder' => '0',
    'status' => '1',
  ),
)

2017-01-27 15:35:29 response :
------------
Array:
FromUserName : gh_b6b2adce2b0d ;
ToUserName : o-SliwEo4C9vrM1b3PlrI_29QKuE ;
MsgType : news ;
ArticleCount : 1 ;
Articles : Array ;

2017-01-27 17:02:17 trace :
------------
String:
<xml><ToUserName><![CDATA[gh_b6b2adce2b0d]]></ToUserName>
<FromUserName><![CDATA[o-SliwP1jjo0srVnxjcV6AhgLu00]]></FromUserName>
<CreateTime>1485507737</CreateTime>
<MsgType><![CDATA[event]]></MsgType>
<Event><![CDATA[VIEW]]></Event>
<EventKey><![CDATA[http://www.9kpu.com/app/index.php?i=39&c=entry&eid=2]]></EventKey>
<MenuId>408723140</MenuId>
</xml>

2017-01-27 17:02:17 params :
------------
String:
array (
  'message' => 
  array (
    'tousername' => 'gh_b6b2adce2b0d',
    'fromusername' => 'o-SliwP1jjo0srVnxjcV6AhgLu00',
    'createtime' => '1485507737',
    'msgtype' => 'event',
    'event' => 'VIEW',
    'eventkey' => 'http://www.9kpu.com/app/index.php?i=39&c=entry&eid=2',
    'menuid' => '408723140',
    'from' => 'o-SliwP1jjo0srVnxjcV6AhgLu00',
    'to' => 'gh_b6b2adce2b0d',
    'time' => '1485507737',
    'type' => 'text',
    'content' => '1',
    'redirection' => true,
    'source' => 'default',
    'original' => 'http://www.9kpu.com/app/index.php?i=39&c=entry&eid=2',
  ),
  'module' => 'news',
  'rule' => '73',
  'priority' => '0',
  'keyword' => 
  array (
    'id' => '156',
    'rid' => '73',
    'uniacid' => '39',
    'module' => 'news',
    'content' => '1',
    'type' => '1',
    'displayorder' => '0',
    'status' => '1',
  ),
)

2017-01-27 17:02:17 response :
------------
Array:
FromUserName : gh_b6b2adce2b0d ;
ToUserName : o-SliwP1jjo0srVnxjcV6AhgLu00 ;
MsgType : news ;
ArticleCount : 1 ;
Articles : Array ;

2017-01-27 17:37:11 trace :
------------
String:
<xml><ToUserName><![CDATA[gh_b6b2adce2b0d]]></ToUserName>
<FromUserName><![CDATA[o-SliwPaP_eINi_U9qxvSaX15pV0]]></FromUserName>
<CreateTime>1485509831</CreateTime>
<MsgType><![CDATA[event]]></MsgType>
<Event><![CDATA[VIEW]]></Event>
<EventKey><![CDATA[http://www.9kpu.com/app/index.php?i=39&c=entry&eid=2]]></EventKey>
<MenuId>408723140</MenuId>
</xml>

2017-01-27 17:37:11 params :
------------
String:
array (
  'message' => 
  array (
    'tousername' => 'gh_b6b2adce2b0d',
    'fromusername' => 'o-SliwPaP_eINi_U9qxvSaX15pV0',
    'createtime' => '1485509831',
    'msgtype' => 'event',
    'event' => 'VIEW',
    'eventkey' => 'http://www.9kpu.com/app/index.php?i=39&c=entry&eid=2',
    'menuid' => '408723140',
    'from' => 'o-SliwPaP_eINi_U9qxvSaX15pV0',
    'to' => 'gh_b6b2adce2b0d',
    'time' => '1485509831',
    'type' => 'text',
    'content' => '1',
    'redirection' => true,
    'source' => 'default',
    'original' => 'http://www.9kpu.com/app/index.php?i=39&c=entry&eid=2',
  ),
  'module' => 'news',
  'rule' => '73',
  'priority' => '0',
  'keyword' => 
  array (
    'id' => '156',
    'rid' => '73',
    'uniacid' => '39',
    'module' => 'news',
    'content' => '1',
    'type' => '1',
    'displayorder' => '0',
    'status' => '1',
  ),
)

2017-01-27 17:37:11 response :
------------
Array:
FromUserName : gh_b6b2adce2b0d ;
ToUserName : o-SliwPaP_eINi_U9qxvSaX15pV0 ;
MsgType : news ;
ArticleCount : 1 ;
Articles : Array ;

2017-01-27 18:23:54 trace :
------------
String:
<xml><ToUserName><![CDATA[gh_a1ba95755af7]]></ToUserName>
<FromUserName><![CDATA[oniSBwNRxyWd1dIvxVYCo8aRyvs4]]></FromUserName>
<CreateTime>1485512634</CreateTime>
<MsgType><![CDATA[event]]></MsgType>
<Event><![CDATA[unsubscribe]]></Event>
<EventKey><![CDATA[]]></EventKey>
</xml>

2017-01-27 18:42:53 trace :
------------
String:
<xml><ToUserName><![CDATA[gh_9046d2e226a2]]></ToUserName>
<FromUserName><![CDATA[oKlYowWEGQHxZ2RNrqAPtsFqJAmQ]]></FromUserName>
<CreateTime>1485513773</CreateTime>
<MsgType><![CDATA[event]]></MsgType>
<Event><![CDATA[VIEW]]></Event>
<EventKey><![CDATA[http://www.9kpu.com/app/index.php?i=35&c=home&]]></EventKey>
<MenuId>412080054</MenuId>
</xml>

2017-01-27 18:42:53 params :
------------
String:
array (
  'message' => 
  array (
    'tousername' => 'gh_9046d2e226a2',
    'fromusername' => 'oKlYowWEGQHxZ2RNrqAPtsFqJAmQ',
    'createtime' => '1485513773',
    'msgtype' => 'event',
    'event' => 'VIEW',
    'eventkey' => 'http://www.9kpu.com/app/index.php?i=35&c=home&',
    'menuid' => '412080054',
    'from' => 'oKlYowWEGQHxZ2RNrqAPtsFqJAmQ',
    'to' => 'gh_9046d2e226a2',
    'time' => '1485513773',
    'type' => 'text',
    'content' => '1',
    'redirection' => true,
    'source' => 'default',
    'original' => 'http://www.9kpu.com/app/index.php?i=35&c=home&',
  ),
  'module' => 'news',
  'rule' => '64',
  'priority' => '0',
  'keyword' => 
  array (
    'id' => '119',
    'rid' => '64',
    'uniacid' => '35',
    'module' => 'news',
    'content' => '1',
    'type' => '1',
    'displayorder' => '0',
    'status' => '1',
  ),
)

2017-01-27 18:42:53 response :
------------
Array:
FromUserName : gh_9046d2e226a2 ;
ToUserName : oKlYowWEGQHxZ2RNrqAPtsFqJAmQ ;
MsgType : news ;
ArticleCount : 1 ;
Articles : Array ;

2017-01-27 19:29:41 trace :
------------
String:
<xml><ToUserName><![CDATA[gh_9046d2e226a2]]></ToUserName>
<FromUserName><![CDATA[oKlYowYg_eYNigT4Db5EH583CR5A]]></FromUserName>
<CreateTime>1485516581</CreateTime>
<MsgType><![CDATA[event]]></MsgType>
<Event><![CDATA[VIEW]]></Event>
<EventKey><![CDATA[http://www.9kpu.com/app/index.php?i=35&c=entry&eid=1]]></EventKey>
<MenuId>412080054</MenuId>
</xml>

2017-01-27 19:29:41 params :
------------
String:
array (
  'message' => 
  array (
    'tousername' => 'gh_9046d2e226a2',
    'fromusername' => 'oKlYowYg_eYNigT4Db5EH583CR5A',
    'createtime' => '1485516581',
    'msgtype' => 'event',
    'event' => 'VIEW',
    'eventkey' => 'http://www.9kpu.com/app/index.php?i=35&c=entry&eid=1',
    'menuid' => '412080054',
    'from' => 'oKlYowYg_eYNigT4Db5EH583CR5A',
    'to' => 'gh_9046d2e226a2',
    'time' => '1485516581',
    'type' => 'text',
    'content' => '1',
    'redirection' => true,
    'source' => 'default',
    'original' => 'http://www.9kpu.com/app/index.php?i=35&c=entry&eid=1',
  ),
  'module' => 'news',
  'rule' => '64',
  'priority' => '0',
  'keyword' => 
  array (
    'id' => '119',
    'rid' => '64',
    'uniacid' => '35',
    'module' => 'news',
    'content' => '1',
    'type' => '1',
    'displayorder' => '0',
    'status' => '1',
  ),
)

2017-01-27 19:29:41 response :
------------
Array:
FromUserName : gh_9046d2e226a2 ;
ToUserName : oKlYowYg_eYNigT4Db5EH583CR5A ;
MsgType : news ;
ArticleCount : 1 ;
Articles : Array ;

2017-01-27 19:40:33 trace :
------------
String:
<xml><ToUserName><![CDATA[gh_9046d2e226a2]]></ToUserName>
<FromUserName><![CDATA[oKlYowYg_eYNigT4Db5EH583CR5A]]></FromUserName>
<CreateTime>1485517233</CreateTime>
<MsgType><![CDATA[event]]></MsgType>
<Event><![CDATA[VIEW]]></Event>
<EventKey><![CDATA[http://www.9kpu.com/app/index.php?i=35&c=home&]]></EventKey>
<MenuId>412080054</MenuId>
</xml>

2017-01-27 19:40:33 params :
------------
String:
array (
  'message' => 
  array (
    'tousername' => 'gh_9046d2e226a2',
    'fromusername' => 'oKlYowYg_eYNigT4Db5EH583CR5A',
    'createtime' => '1485517233',
    'msgtype' => 'event',
    'event' => 'VIEW',
    'eventkey' => 'http://www.9kpu.com/app/index.php?i=35&c=home&',
    'menuid' => '412080054',
    'from' => 'oKlYowYg_eYNigT4Db5EH583CR5A',
    'to' => 'gh_9046d2e226a2',
    'time' => '1485517233',
    'type' => 'text',
    'content' => '1',
    'redirection' => true,
    'source' => 'default',
    'original' => 'http://www.9kpu.com/app/index.php?i=35&c=home&',
  ),
  'module' => 'news',
  'rule' => '64',
  'priority' => '0',
  'keyword' => 
  array (
    'id' => '119',
    'rid' => '64',
    'uniacid' => '35',
    'module' => 'news',
    'content' => '1',
    'type' => '1',
    'displayorder' => '0',
    'status' => '1',
  ),
)

2017-01-27 19:40:33 response :
------------
Array:
FromUserName : gh_9046d2e226a2 ;
ToUserName : oKlYowYg_eYNigT4Db5EH583CR5A ;
MsgType : news ;
ArticleCount : 1 ;
Articles : Array ;

2017-01-27 19:41:44 trace :
------------
String:
<xml><ToUserName><![CDATA[gh_9046d2e226a2]]></ToUserName>
<FromUserName><![CDATA[oKlYowYg_eYNigT4Db5EH583CR5A]]></FromUserName>
<CreateTime>1485517304</CreateTime>
<MsgType><![CDATA[event]]></MsgType>
<Event><![CDATA[VIEW]]></Event>
<EventKey><![CDATA[http://www.9kpu.com/app/index.php?i=35&c=entry&eid=2]]></EventKey>
<MenuId>412080054</MenuId>
</xml>

2017-01-27 19:41:44 params :
------------
String:
array (
  'message' => 
  array (
    'tousername' => 'gh_9046d2e226a2',
    'fromusername' => 'oKlYowYg_eYNigT4Db5EH583CR5A',
    'createtime' => '1485517304',
    'msgtype' => 'event',
    'event' => 'VIEW',
    'eventkey' => 'http://www.9kpu.com/app/index.php?i=35&c=entry&eid=2',
    'menuid' => '412080054',
    'from' => 'oKlYowYg_eYNigT4Db5EH583CR5A',
    'to' => 'gh_9046d2e226a2',
    'time' => '1485517304',
    'type' => 'text',
    'content' => '1',
    'redirection' => true,
    'source' => 'default',
    'original' => 'http://www.9kpu.com/app/index.php?i=35&c=entry&eid=2',
  ),
  'module' => 'news',
  'rule' => '64',
  'priority' => '0',
  'keyword' => 
  array (
    'id' => '119',
    'rid' => '64',
    'uniacid' => '35',
    'module' => 'news',
    'content' => '1',
    'type' => '1',
    'displayorder' => '0',
    'status' => '1',
  ),
)

2017-01-27 19:41:44 response :
------------
Array:
FromUserName : gh_9046d2e226a2 ;
ToUserName : oKlYowYg_eYNigT4Db5EH583CR5A ;
MsgType : news ;
ArticleCount : 1 ;
Articles : Array ;

2017-01-27 19:41:51 trace :
------------
String:
<xml><ToUserName><![CDATA[gh_9046d2e226a2]]></ToUserName>
<FromUserName><![CDATA[oKlYowYg_eYNigT4Db5EH583CR5A]]></FromUserName>
<CreateTime>1485517311</CreateTime>
<MsgType><![CDATA[event]]></MsgType>
<Event><![CDATA[VIEW]]></Event>
<EventKey><![CDATA[http://www.9kpu.com/app/index.php?i=35&c=entry&eid=1]]></EventKey>
<MenuId>412080054</MenuId>
</xml>

2017-01-27 19:41:51 params :
------------
String:
array (
  'message' => 
  array (
    'tousername' => 'gh_9046d2e226a2',
    'fromusername' => 'oKlYowYg_eYNigT4Db5EH583CR5A',
    'createtime' => '1485517311',
    'msgtype' => 'event',
    'event' => 'VIEW',
    'eventkey' => 'http://www.9kpu.com/app/index.php?i=35&c=entry&eid=1',
    'menuid' => '412080054',
    'from' => 'oKlYowYg_eYNigT4Db5EH583CR5A',
    'to' => 'gh_9046d2e226a2',
    'time' => '1485517311',
    'type' => 'text',
    'content' => '1',
    'redirection' => true,
    'source' => 'default',
    'original' => 'http://www.9kpu.com/app/index.php?i=35&c=entry&eid=1',
  ),
  'module' => 'news',
  'rule' => '64',
  'priority' => '0',
  'keyword' => 
  array (
    'id' => '119',
    'rid' => '64',
    'uniacid' => '35',
    'module' => 'news',
    'content' => '1',
    'type' => '1',
    'displayorder' => '0',
    'status' => '1',
  ),
)

2017-01-27 19:41:51 response :
------------
Array:
FromUserName : gh_9046d2e226a2 ;
ToUserName : oKlYowYg_eYNigT4Db5EH583CR5A ;
MsgType : news ;
ArticleCount : 1 ;
Articles : Array ;

2017-01-27 20:08:34 trace :
------------
String:
<xml><ToUserName><![CDATA[gh_4e0c181b7380]]></ToUserName>
<FromUserName><![CDATA[oxtWnvyzxEt_aR2e3EBK5WbT567w]]></FromUserName>
<CreateTime>1485518914</CreateTime>
<MsgType><![CDATA[event]]></MsgType>
<Event><![CDATA[VIEW]]></Event>
<EventKey><![CDATA[http://www.9kpu.com/app/index.php?i=27&c=entry&eid=2]]></EventKey>
<MenuId>432687017</MenuId>
</xml>

2017-01-27 20:08:35 params :
------------
String:
array (
  'message' => 
  array (
    'tousername' => 'gh_4e0c181b7380',
    'fromusername' => 'oxtWnvyzxEt_aR2e3EBK5WbT567w',
    'createtime' => '1485518914',
    'msgtype' => 'event',
    'event' => 'VIEW',
    'eventkey' => 'http://www.9kpu.com/app/index.php?i=27&c=entry&eid=2',
    'menuid' => '432687017',
    'from' => 'oxtWnvyzxEt_aR2e3EBK5WbT567w',
    'to' => 'gh_4e0c181b7380',
    'time' => '1485518914',
    'type' => 'text',
    'content' => 'http://www.9kpu.com/app/index.php?i=27&c=entry&eid=2',
    'redirection' => true,
    'source' => 'VIEW',
  ),
  'module' => 'default',
  'rule' => '-1',
)

2017-01-27 20:08:35 response :
------------
Array:
params : Array ;

2017-01-27 20:10:09 trace :
------------
String:
<xml><ToUserName><![CDATA[gh_4e0c181b7380]]></ToUserName>
<FromUserName><![CDATA[oxtWnvyzxEt_aR2e3EBK5WbT567w]]></FromUserName>
<CreateTime>1485519009</CreateTime>
<MsgType><![CDATA[event]]></MsgType>
<Event><![CDATA[VIEW]]></Event>
<EventKey><![CDATA[http://www.9kpu.com/app/index.php?i=27&c=entry&eid=2]]></EventKey>
<MenuId>432687017</MenuId>
</xml>

2017-01-27 20:10:09 params :
------------
String:
array (
  'message' => 
  array (
    'tousername' => 'gh_4e0c181b7380',
    'fromusername' => 'oxtWnvyzxEt_aR2e3EBK5WbT567w',
    'createtime' => '1485519009',
    'msgtype' => 'event',
    'event' => 'VIEW',
    'eventkey' => 'http://www.9kpu.com/app/index.php?i=27&c=entry&eid=2',
    'menuid' => '432687017',
    'from' => 'oxtWnvyzxEt_aR2e3EBK5WbT567w',
    'to' => 'gh_4e0c181b7380',
    'time' => '1485519009',
    'type' => 'text',
    'content' => 'http://www.9kpu.com/app/index.php?i=27&c=entry&eid=2',
    'redirection' => true,
    'source' => 'VIEW',
  ),
  'module' => 'default',
  'rule' => '-1',
)

2017-01-27 20:10:09 response :
------------
Array:
params : Array ;

2017-01-27 20:33:40 trace :
------------
String:
<xml><ToUserName><![CDATA[gh_b6b2adce2b0d]]></ToUserName>
<FromUserName><![CDATA[o-SliwFjnt8lKPANpfZH2Lo9uIgg]]></FromUserName>
<CreateTime>1485520420</CreateTime>
<MsgType><![CDATA[event]]></MsgType>
<Event><![CDATA[VIEW]]></Event>
<EventKey><![CDATA[http://www.9kpu.com/app/index.php?i=39&c=home&]]></EventKey>
<MenuId>408723140</MenuId>
</xml>

2017-01-27 20:33:40 params :
------------
String:
array (
  'message' => 
  array (
    'tousername' => 'gh_b6b2adce2b0d',
    'fromusername' => 'o-SliwFjnt8lKPANpfZH2Lo9uIgg',
    'createtime' => '1485520420',
    'msgtype' => 'event',
    'event' => 'VIEW',
    'eventkey' => 'http://www.9kpu.com/app/index.php?i=39&c=home&',
    'menuid' => '408723140',
    'from' => 'o-SliwFjnt8lKPANpfZH2Lo9uIgg',
    'to' => 'gh_b6b2adce2b0d',
    'time' => '1485520420',
    'type' => 'text',
    'content' => '1',
    'redirection' => true,
    'source' => 'default',
    'original' => 'http://www.9kpu.com/app/index.php?i=39&c=home&',
  ),
  'module' => 'news',
  'rule' => '73',
  'priority' => '0',
  'keyword' => 
  array (
    'id' => '156',
    'rid' => '73',
    'uniacid' => '39',
    'module' => 'news',
    'content' => '1',
    'type' => '1',
    'displayorder' => '0',
    'status' => '1',
  ),
)

2017-01-27 20:33:40 response :
------------
Array:
FromUserName : gh_b6b2adce2b0d ;
ToUserName : o-SliwFjnt8lKPANpfZH2Lo9uIgg ;
MsgType : news ;
ArticleCount : 1 ;
Articles : Array ;

2017-01-27 20:41:51 trace :
------------
String:
<xml><ToUserName><![CDATA[gh_ad1abe4f841e]]></ToUserName>
<FromUserName><![CDATA[oF5iMv_anocrwBzcwG2_bii-jT5w]]></FromUserName>
<CreateTime>1485520911</CreateTime>
<MsgType><![CDATA[event]]></MsgType>
<Event><![CDATA[VIEW]]></Event>
<EventKey><![CDATA[http://www.9kpu.com/app/index.php?i=41&c=home&t=77]]></EventKey>
<MenuId>409163649</MenuId>
</xml>

2017-01-27 20:41:51 params :
------------
String:
array (
  'message' => 
  array (
    'tousername' => 'gh_ad1abe4f841e',
    'fromusername' => 'oF5iMv_anocrwBzcwG2_bii-jT5w',
    'createtime' => '1485520911',
    'msgtype' => 'event',
    'event' => 'VIEW',
    'eventkey' => 'http://www.9kpu.com/app/index.php?i=41&c=home&t=77',
    'menuid' => '409163649',
    'from' => 'oF5iMv_anocrwBzcwG2_bii-jT5w',
    'to' => 'gh_ad1abe4f841e',
    'time' => '1485520911',
    'type' => 'text',
    'content' => '1',
    'redirection' => true,
    'source' => 'default',
    'original' => 'http://www.9kpu.com/app/index.php?i=41&c=home&t=77',
  ),
  'module' => 'news',
  'rule' => '93',
  'priority' => '0',
  'keyword' => 
  array (
    'id' => '197',
    'rid' => '93',
    'uniacid' => '41',
    'module' => 'news',
    'content' => '1',
    'type' => '1',
    'displayorder' => '0',
    'status' => '1',
  ),
)

2017-01-27 20:41:51 response :
------------
Array:
FromUserName : gh_ad1abe4f841e ;
ToUserName : oF5iMv_anocrwBzcwG2_bii-jT5w ;
MsgType : news ;
ArticleCount : 1 ;
Articles : Array ;

2017-01-27 20:42:03 trace :
------------
String:
<xml><ToUserName><![CDATA[gh_ad1abe4f841e]]></ToUserName>
<FromUserName><![CDATA[oF5iMv_anocrwBzcwG2_bii-jT5w]]></FromUserName>
<CreateTime>1485520923</CreateTime>
<MsgType><![CDATA[event]]></MsgType>
<Event><![CDATA[VIEW]]></Event>
<EventKey><![CDATA[http://www.9kpu.com/app/index.php?i=41&c=entry&eid=2]]></EventKey>
<MenuId>409163649</MenuId>
</xml>

2017-01-27 20:42:03 params :
------------
String:
array (
  'message' => 
  array (
    'tousername' => 'gh_ad1abe4f841e',
    'fromusername' => 'oF5iMv_anocrwBzcwG2_bii-jT5w',
    'createtime' => '1485520923',
    'msgtype' => 'event',
    'event' => 'VIEW',
    'eventkey' => 'http://www.9kpu.com/app/index.php?i=41&c=entry&eid=2',
    'menuid' => '409163649',
    'from' => 'oF5iMv_anocrwBzcwG2_bii-jT5w',
    'to' => 'gh_ad1abe4f841e',
    'time' => '1485520923',
    'type' => 'text',
    'content' => '1',
    'redirection' => true,
    'source' => 'default',
    'original' => 'http://www.9kpu.com/app/index.php?i=41&c=entry&eid=2',
  ),
  'module' => 'news',
  'rule' => '93',
  'priority' => '0',
  'keyword' => 
  array (
    'id' => '197',
    'rid' => '93',
    'uniacid' => '41',
    'module' => 'news',
    'content' => '1',
    'type' => '1',
    'displayorder' => '0',
    'status' => '1',
  ),
)

2017-01-27 20:42:03 response :
------------
Array:
FromUserName : gh_ad1abe4f841e ;
ToUserName : oF5iMv_anocrwBzcwG2_bii-jT5w ;
MsgType : news ;
ArticleCount : 1 ;
Articles : Array ;

2017-01-27 20:42:09 trace :
------------
String:
<xml><ToUserName><![CDATA[gh_ad1abe4f841e]]></ToUserName>
<FromUserName><![CDATA[oF5iMv_anocrwBzcwG2_bii-jT5w]]></FromUserName>
<CreateTime>1485520929</CreateTime>
<MsgType><![CDATA[event]]></MsgType>
<Event><![CDATA[VIEW]]></Event>
<EventKey><![CDATA[http://www.9kpu.com/app/index.php?i=41&c=entry&eid=1]]></EventKey>
<MenuId>409163649</MenuId>
</xml>

2017-01-27 20:42:09 params :
------------
String:
array (
  'message' => 
  array (
    'tousername' => 'gh_ad1abe4f841e',
    'fromusername' => 'oF5iMv_anocrwBzcwG2_bii-jT5w',
    'createtime' => '1485520929',
    'msgtype' => 'event',
    'event' => 'VIEW',
    'eventkey' => 'http://www.9kpu.com/app/index.php?i=41&c=entry&eid=1',
    'menuid' => '409163649',
    'from' => 'oF5iMv_anocrwBzcwG2_bii-jT5w',
    'to' => 'gh_ad1abe4f841e',
    'time' => '1485520929',
    'type' => 'text',
    'content' => '1',
    'redirection' => true,
    'source' => 'default',
    'original' => 'http://www.9kpu.com/app/index.php?i=41&c=entry&eid=1',
  ),
  'module' => 'news',
  'rule' => '93',
  'priority' => '0',
  'keyword' => 
  array (
    'id' => '197',
    'rid' => '93',
    'uniacid' => '41',
    'module' => 'news',
    'content' => '1',
    'type' => '1',
    'displayorder' => '0',
    'status' => '1',
  ),
)

2017-01-27 20:42:09 response :
------------
Array:
FromUserName : gh_ad1abe4f841e ;
ToUserName : oF5iMv_anocrwBzcwG2_bii-jT5w ;
MsgType : news ;
ArticleCount : 1 ;
Articles : Array ;

2017-01-27 21:22:28 trace :
------------
String:
<xml><ToUserName><![CDATA[gh_9046d2e226a2]]></ToUserName>
<FromUserName><![CDATA[oKlYoweuYPpwOLn5wcHpnq9nToiU]]></FromUserName>
<CreateTime>1485523348</CreateTime>
<MsgType><![CDATA[event]]></MsgType>
<Event><![CDATA[VIEW]]></Event>
<EventKey><![CDATA[http://www.9kpu.com/app/index.php?i=35&c=home&]]></EventKey>
<MenuId>412080054</MenuId>
</xml>

2017-01-27 21:22:28 params :
------------
String:
array (
  'message' => 
  array (
    'tousername' => 'gh_9046d2e226a2',
    'fromusername' => 'oKlYoweuYPpwOLn5wcHpnq9nToiU',
    'createtime' => '1485523348',
    'msgtype' => 'event',
    'event' => 'VIEW',
    'eventkey' => 'http://www.9kpu.com/app/index.php?i=35&c=home&',
    'menuid' => '412080054',
    'from' => 'oKlYoweuYPpwOLn5wcHpnq9nToiU',
    'to' => 'gh_9046d2e226a2',
    'time' => '1485523348',
    'type' => 'text',
    'content' => '1',
    'redirection' => true,
    'source' => 'default',
    'original' => 'http://www.9kpu.com/app/index.php?i=35&c=home&',
  ),
  'module' => 'news',
  'rule' => '64',
  'priority' => '0',
  'keyword' => 
  array (
    'id' => '119',
    'rid' => '64',
    'uniacid' => '35',
    'module' => 'news',
    'content' => '1',
    'type' => '1',
    'displayorder' => '0',
    'status' => '1',
  ),
)

2017-01-27 21:22:28 response :
------------
Array:
FromUserName : gh_9046d2e226a2 ;
ToUserName : oKlYoweuYPpwOLn5wcHpnq9nToiU ;
MsgType : news ;
ArticleCount : 1 ;
Articles : Array ;

2017-01-27 21:22:44 trace :
------------
String:
<xml><ToUserName><![CDATA[gh_9046d2e226a2]]></ToUserName>
<FromUserName><![CDATA[oKlYoweuYPpwOLn5wcHpnq9nToiU]]></FromUserName>
<CreateTime>1485523363</CreateTime>
<MsgType><![CDATA[event]]></MsgType>
<Event><![CDATA[VIEW]]></Event>
<EventKey><![CDATA[http://www.9kpu.com/app/index.php?i=35&c=entry&eid=2]]></EventKey>
<MenuId>412080054</MenuId>
</xml>

2017-01-27 21:22:44 params :
------------
String:
array (
  'message' => 
  array (
    'tousername' => 'gh_9046d2e226a2',
    'fromusername' => 'oKlYoweuYPpwOLn5wcHpnq9nToiU',
    'createtime' => '1485523363',
    'msgtype' => 'event',
    'event' => 'VIEW',
    'eventkey' => 'http://www.9kpu.com/app/index.php?i=35&c=entry&eid=2',
    'menuid' => '412080054',
    'from' => 'oKlYoweuYPpwOLn5wcHpnq9nToiU',
    'to' => 'gh_9046d2e226a2',
    'time' => '1485523363',
    'type' => 'text',
    'content' => '1',
    'redirection' => true,
    'source' => 'default',
    'original' => 'http://www.9kpu.com/app/index.php?i=35&c=entry&eid=2',
  ),
  'module' => 'news',
  'rule' => '64',
  'priority' => '0',
  'keyword' => 
  array (
    'id' => '119',
    'rid' => '64',
    'uniacid' => '35',
    'module' => 'news',
    'content' => '1',
    'type' => '1',
    'displayorder' => '0',
    'status' => '1',
  ),
)

2017-01-27 21:22:44 response :
------------
Array:
FromUserName : gh_9046d2e226a2 ;
ToUserName : oKlYoweuYPpwOLn5wcHpnq9nToiU ;
MsgType : news ;
ArticleCount : 1 ;
Articles : Array ;

2017-01-27 21:22:48 trace :
------------
String:
<xml><ToUserName><![CDATA[gh_9046d2e226a2]]></ToUserName>
<FromUserName><![CDATA[oKlYoweuYPpwOLn5wcHpnq9nToiU]]></FromUserName>
<CreateTime>1485523368</CreateTime>
<MsgType><![CDATA[event]]></MsgType>
<Event><![CDATA[VIEW]]></Event>
<EventKey><![CDATA[http://www.9kpu.com/app/index.php?i=35&c=entry&eid=1]]></EventKey>
<MenuId>412080054</MenuId>
</xml>

2017-01-27 21:22:48 params :
------------
String:
array (
  'message' => 
  array (
    'tousername' => 'gh_9046d2e226a2',
    'fromusername' => 'oKlYoweuYPpwOLn5wcHpnq9nToiU',
    'createtime' => '1485523368',
    'msgtype' => 'event',
    'event' => 'VIEW',
    'eventkey' => 'http://www.9kpu.com/app/index.php?i=35&c=entry&eid=1',
    'menuid' => '412080054',
    'from' => 'oKlYoweuYPpwOLn5wcHpnq9nToiU',
    'to' => 'gh_9046d2e226a2',
    'time' => '1485523368',
    'type' => 'text',
    'content' => '1',
    'redirection' => true,
    'source' => 'default',
    'original' => 'http://www.9kpu.com/app/index.php?i=35&c=entry&eid=1',
  ),
  'module' => 'news',
  'rule' => '64',
  'priority' => '0',
  'keyword' => 
  array (
    'id' => '119',
    'rid' => '64',
    'uniacid' => '35',
    'module' => 'news',
    'content' => '1',
    'type' => '1',
    'displayorder' => '0',
    'status' => '1',
  ),
)

2017-01-27 21:22:48 response :
------------
Array:
FromUserName : gh_9046d2e226a2 ;
ToUserName : oKlYoweuYPpwOLn5wcHpnq9nToiU ;
MsgType : news ;
ArticleCount : 1 ;
Articles : Array ;

2017-01-27 21:30:10 trace :
------------
String:
<xml><ToUserName><![CDATA[gh_9046d2e226a2]]></ToUserName>
<FromUserName><![CDATA[oKlYoweuYPpwOLn5wcHpnq9nToiU]]></FromUserName>
<CreateTime>1485523810</CreateTime>
<MsgType><![CDATA[event]]></MsgType>
<Event><![CDATA[VIEW]]></Event>
<EventKey><![CDATA[http://www.9kpu.com/app/index.php?i=35&c=entry&eid=2]]></EventKey>
<MenuId>412080054</MenuId>
</xml>

2017-01-27 21:30:10 params :
------------
String:
array (
  'message' => 
  array (
    'tousername' => 'gh_9046d2e226a2',
    'fromusername' => 'oKlYoweuYPpwOLn5wcHpnq9nToiU',
    'createtime' => '1485523810',
    'msgtype' => 'event',
    'event' => 'VIEW',
    'eventkey' => 'http://www.9kpu.com/app/index.php?i=35&c=entry&eid=2',
    'menuid' => '412080054',
    'from' => 'oKlYoweuYPpwOLn5wcHpnq9nToiU',
    'to' => 'gh_9046d2e226a2',
    'time' => '1485523810',
    'type' => 'text',
    'content' => '1',
    'redirection' => true,
    'source' => 'default',
    'original' => 'http://www.9kpu.com/app/index.php?i=35&c=entry&eid=2',
  ),
  'module' => 'news',
  'rule' => '64',
  'priority' => '0',
  'keyword' => 
  array (
    'id' => '119',
    'rid' => '64',
    'uniacid' => '35',
    'module' => 'news',
    'content' => '1',
    'type' => '1',
    'displayorder' => '0',
    'status' => '1',
  ),
)

2017-01-27 21:30:10 response :
------------
Array:
FromUserName : gh_9046d2e226a2 ;
ToUserName : oKlYoweuYPpwOLn5wcHpnq9nToiU ;
MsgType : news ;
ArticleCount : 1 ;
Articles : Array ;

2017-01-27 21:32:08 trace :
------------
String:
<xml><ToUserName><![CDATA[gh_2ee031f2e428]]></ToUserName>
<FromUserName><![CDATA[ojDkIwkQyHHto8kovtsl7RrVymwU]]></FromUserName>
<CreateTime>1485523928</CreateTime>
<MsgType><![CDATA[event]]></MsgType>
<Event><![CDATA[VIEW]]></Event>
<EventKey><![CDATA[http://www.9kpu.com/app/index.php?i=20&c=entry&do=teaIn&m=lianhu_school]]></EventKey>
<MenuId>416568971</MenuId>
</xml>

2017-01-27 21:32:08 params :
------------
String:
array (
  'rule' => -2,
  'module' => '',
  'message' => 
  array (
    'tousername' => 'gh_2ee031f2e428',
    'fromusername' => 'ojDkIwkQyHHto8kovtsl7RrVymwU',
    'createtime' => '1485523928',
    'msgtype' => 'event',
    'event' => 'VIEW',
    'eventkey' => 'http://www.9kpu.com/app/index.php?i=20&c=entry&do=teaIn&m=lianhu_school',
    'menuid' => '416568971',
    'from' => 'ojDkIwkQyHHto8kovtsl7RrVymwU',
    'to' => 'gh_2ee031f2e428',
    'time' => '1485523928',
    'type' => 'text',
    'content' => 'http://www.9kpu.com/app/index.php?i=20&c=entry&do=teaIn&m=lianhu_school',
    'redirection' => true,
    'source' => 'VIEW',
  ),
)

2017-01-27 21:32:08 response :
------------

2017-01-27 21:50:54 trace :
------------
String:
<xml><ToUserName><![CDATA[gh_9046d2e226a2]]></ToUserName>
<FromUserName><![CDATA[oKlYowdlnsxm1iNzq7R6-VipRheQ]]></FromUserName>
<CreateTime>1485525054</CreateTime>
<MsgType><![CDATA[event]]></MsgType>
<Event><![CDATA[VIEW]]></Event>
<EventKey><![CDATA[http://www.9kpu.com/app/index.php?i=35&c=entry&eid=2]]></EventKey>
<MenuId>412080054</MenuId>
</xml>

2017-01-27 21:50:54 params :
------------
String:
array (
  'message' => 
  array (
    'tousername' => 'gh_9046d2e226a2',
    'fromusername' => 'oKlYowdlnsxm1iNzq7R6-VipRheQ',
    'createtime' => '1485525054',
    'msgtype' => 'event',
    'event' => 'VIEW',
    'eventkey' => 'http://www.9kpu.com/app/index.php?i=35&c=entry&eid=2',
    'menuid' => '412080054',
    'from' => 'oKlYowdlnsxm1iNzq7R6-VipRheQ',
    'to' => 'gh_9046d2e226a2',
    'time' => '1485525054',
    'type' => 'text',
    'content' => '1',
    'redirection' => true,
    'source' => 'default',
    'original' => 'http://www.9kpu.com/app/index.php?i=35&c=entry&eid=2',
  ),
  'module' => 'news',
  'rule' => '64',
  'priority' => '0',
  'keyword' => 
  array (
    'id' => '119',
    'rid' => '64',
    'uniacid' => '35',
    'module' => 'news',
    'content' => '1',
    'type' => '1',
    'displayorder' => '0',
    'status' => '1',
  ),
)

2017-01-27 21:50:54 response :
------------
Array:
FromUserName : gh_9046d2e226a2 ;
ToUserName : oKlYowdlnsxm1iNzq7R6-VipRheQ ;
MsgType : news ;
ArticleCount : 1 ;
Articles : Array ;

2017-01-27 22:11:13 trace :
------------
String:
<xml><ToUserName><![CDATA[gh_b6b2adce2b0d]]></ToUserName>
<FromUserName><![CDATA[o-SliwNhEUSg941ohmUtw8UZSELQ]]></FromUserName>
<CreateTime>1485526273</CreateTime>
<MsgType><![CDATA[event]]></MsgType>
<Event><![CDATA[VIEW]]></Event>
<EventKey><![CDATA[http://www.9kpu.com/app/index.php?i=39&c=entry&eid=1]]></EventKey>
<MenuId>408723140</MenuId>
</xml>

2017-01-27 22:11:13 params :
------------
String:
array (
  'message' => 
  array (
    'tousername' => 'gh_b6b2adce2b0d',
    'fromusername' => 'o-SliwNhEUSg941ohmUtw8UZSELQ',
    'createtime' => '1485526273',
    'msgtype' => 'event',
    'event' => 'VIEW',
    'eventkey' => 'http://www.9kpu.com/app/index.php?i=39&c=entry&eid=1',
    'menuid' => '408723140',
    'from' => 'o-SliwNhEUSg941ohmUtw8UZSELQ',
    'to' => 'gh_b6b2adce2b0d',
    'time' => '1485526273',
    'type' => 'text',
    'content' => '1',
    'redirection' => true,
    'source' => 'default',
    'original' => 'http://www.9kpu.com/app/index.php?i=39&c=entry&eid=1',
  ),
  'module' => 'news',
  'rule' => '73',
  'priority' => '0',
  'keyword' => 
  array (
    'id' => '156',
    'rid' => '73',
    'uniacid' => '39',
    'module' => 'news',
    'content' => '1',
    'type' => '1',
    'displayorder' => '0',
    'status' => '1',
  ),
)

2017-01-27 22:11:13 response :
------------
Array:
FromUserName : gh_b6b2adce2b0d ;
ToUserName : o-SliwNhEUSg941ohmUtw8UZSELQ ;
MsgType : news ;
ArticleCount : 1 ;
Articles : Array ;

2017-01-27 22:11:21 trace :
------------
String:
<xml><ToUserName><![CDATA[gh_b6b2adce2b0d]]></ToUserName>
<FromUserName><![CDATA[o-SliwNhEUSg941ohmUtw8UZSELQ]]></FromUserName>
<CreateTime>1485526281</CreateTime>
<MsgType><![CDATA[event]]></MsgType>
<Event><![CDATA[VIEW]]></Event>
<EventKey><![CDATA[http://www.9kpu.com/app/index.php?i=39&c=entry&eid=2]]></EventKey>
<MenuId>408723140</MenuId>
</xml>

2017-01-27 22:11:21 params :
------------
String:
array (
  'message' => 
  array (
    'tousername' => 'gh_b6b2adce2b0d',
    'fromusername' => 'o-SliwNhEUSg941ohmUtw8UZSELQ',
    'createtime' => '1485526281',
    'msgtype' => 'event',
    'event' => 'VIEW',
    'eventkey' => 'http://www.9kpu.com/app/index.php?i=39&c=entry&eid=2',
    'menuid' => '408723140',
    'from' => 'o-SliwNhEUSg941ohmUtw8UZSELQ',
    'to' => 'gh_b6b2adce2b0d',
    'time' => '1485526281',
    'type' => 'text',
    'content' => '1',
    'redirection' => true,
    'source' => 'default',
    'original' => 'http://www.9kpu.com/app/index.php?i=39&c=entry&eid=2',
  ),
  'module' => 'news',
  'rule' => '73',
  'priority' => '0',
  'keyword' => 
  array (
    'id' => '156',
    'rid' => '73',
    'uniacid' => '39',
    'module' => 'news',
    'content' => '1',
    'type' => '1',
    'displayorder' => '0',
    'status' => '1',
  ),
)

2017-01-27 22:11:21 response :
------------
Array:
FromUserName : gh_b6b2adce2b0d ;
ToUserName : o-SliwNhEUSg941ohmUtw8UZSELQ ;
MsgType : news ;
ArticleCount : 1 ;
Articles : Array ;

2017-01-27 22:11:25 trace :
------------
String:
<xml><ToUserName><![CDATA[gh_b6b2adce2b0d]]></ToUserName>
<FromUserName><![CDATA[o-SliwNhEUSg941ohmUtw8UZSELQ]]></FromUserName>
<CreateTime>1485526285</CreateTime>
<MsgType><![CDATA[event]]></MsgType>
<Event><![CDATA[VIEW]]></Event>
<EventKey><![CDATA[http://www.9kpu.com/app/index.php?i=39&c=home&]]></EventKey>
<MenuId>408723140</MenuId>
</xml>

2017-01-27 22:11:25 params :
------------
String:
array (
  'message' => 
  array (
    'tousername' => 'gh_b6b2adce2b0d',
    'fromusername' => 'o-SliwNhEUSg941ohmUtw8UZSELQ',
    'createtime' => '1485526285',
    'msgtype' => 'event',
    'event' => 'VIEW',
    'eventkey' => 'http://www.9kpu.com/app/index.php?i=39&c=home&',
    'menuid' => '408723140',
    'from' => 'o-SliwNhEUSg941ohmUtw8UZSELQ',
    'to' => 'gh_b6b2adce2b0d',
    'time' => '1485526285',
    'type' => 'text',
    'content' => '1',
    'redirection' => true,
    'source' => 'default',
    'original' => 'http://www.9kpu.com/app/index.php?i=39&c=home&',
  ),
  'module' => 'news',
  'rule' => '73',
  'priority' => '0',
  'keyword' => 
  array (
    'id' => '156',
    'rid' => '73',
    'uniacid' => '39',
    'module' => 'news',
    'content' => '1',
    'type' => '1',
    'displayorder' => '0',
    'status' => '1',
  ),
)

2017-01-27 22:11:25 response :
------------
Array:
FromUserName : gh_b6b2adce2b0d ;
ToUserName : o-SliwNhEUSg941ohmUtw8UZSELQ ;
MsgType : news ;
ArticleCount : 1 ;
Articles : Array ;

2017-01-27 23:04:58 trace :
------------
String:
<xml><ToUserName><![CDATA[gh_e7a0c8306261]]></ToUserName>
<FromUserName><![CDATA[oRj-Fs4nfrxLKvL4nrtM7YW6Yur4]]></FromUserName>
<CreateTime>1485529497</CreateTime>
<MsgType><![CDATA[event]]></MsgType>
<Event><![CDATA[VIEW]]></Event>
<EventKey><![CDATA[http://www.9kpu.com/app/index.php?i=13&c=entry&eid=1]]></EventKey>
<MenuId>411010749</MenuId>
</xml>

2017-01-27 23:04:58 params :
------------
String:
array (
  'message' => 
  array (
    'tousername' => 'gh_e7a0c8306261',
    'fromusername' => 'oRj-Fs4nfrxLKvL4nrtM7YW6Yur4',
    'createtime' => '1485529497',
    'msgtype' => 'event',
    'event' => 'VIEW',
    'eventkey' => 'http://www.9kpu.com/app/index.php?i=13&c=entry&eid=1',
    'menuid' => '411010749',
    'from' => 'oRj-Fs4nfrxLKvL4nrtM7YW6Yur4',
    'to' => 'gh_e7a0c8306261',
    'time' => '1485529497',
    'type' => 'text',
    'content' => '欢迎',
    'redirection' => true,
    'source' => 'default',
    'original' => 'http://www.9kpu.com/app/index.php?i=13&c=entry&eid=1',
  ),
  'module' => 'basic',
  'rule' => '22',
  'priority' => '0',
  'keyword' => 
  array (
    'id' => '28',
    'rid' => '22',
    'uniacid' => '13',
    'module' => 'basic',
    'content' => '欢迎',
    'type' => '1',
    'displayorder' => '0',
    'status' => '1',
  ),
)

2017-01-27 23:04:58 response :
------------
Array:
FromUserName : gh_e7a0c8306261 ;
ToUserName : oRj-Fs4nfrxLKvL4nrtM7YW6Yur4 ;
MsgType : text ;
Content : 欢迎关注同城学堂，点击微官网查看本学校介绍信息，家长点击学生天地绑定自己小孩信息使用，老师点击教师信息绑定自己账号使用 ;

