2017-02-03 00:20:31 trace :
------------
String:
<xml><ToUserName><![CDATA[gh_b6b2adce2b0d]]></ToUserName>
<FromUserName><![CDATA[o-SliwFp7jMAxJ1-gDKq3aQGvq_Q]]></FromUserName>
<CreateTime>1486052431</CreateTime>
<MsgType><![CDATA[event]]></MsgType>
<Event><![CDATA[subscribe]]></Event>
<EventKey><![CDATA[]]></EventKey>
</xml>

2017-02-03 00:20:31 params :
------------
String:
array (
  'message' => 
  array (
    'tousername' => 'gh_b6b2adce2b0d',
    'fromusername' => 'o-SliwFp7jMAxJ1-gDKq3aQGvq_Q',
    'createtime' => '1486052431',
    'msgtype' => 'event',
    'event' => 'subscribe',
    'eventkey' => '',
    'from' => 'o-SliwFp7jMAxJ1-gDKq3aQGvq_Q',
    'to' => 'gh_b6b2adce2b0d',
    'time' => '1486052431',
    'type' => 'text',
    'redirection' => true,
    'source' => 'subscribe',
    'content' => '1',
  ),
  'module' => 'news',
  'rule' => '73',
  'priority' => '0',
  'keyword' => 
  array (
    'id' => '156',
    'rid' => '73',
    'uniacid' => '39',
    'module' => 'news',
    'content' => '1',
    'type' => '1',
    'displayorder' => '0',
    'status' => '1',
  ),
)

2017-02-03 00:20:31 response :
------------
Array:
FromUserName : gh_b6b2adce2b0d ;
ToUserName : o-SliwFp7jMAxJ1-gDKq3aQGvq_Q ;
MsgType : news ;
ArticleCount : 1 ;
Articles : Array ;

2017-02-03 00:36:30 trace :
------------
String:
<xml><ToUserName><![CDATA[gh_9046d2e226a2]]></ToUserName>
<FromUserName><![CDATA[oKlYowYg_eYNigT4Db5EH583CR5A]]></FromUserName>
<CreateTime>1486053390</CreateTime>
<MsgType><![CDATA[event]]></MsgType>
<Event><![CDATA[VIEW]]></Event>
<EventKey><![CDATA[http://www.9kpu.com/app/index.php?i=35&c=home&]]></EventKey>
<MenuId>412080054</MenuId>
</xml>

2017-02-03 00:36:30 params :
------------
String:
array (
  'message' => 
  array (
    'tousername' => 'gh_9046d2e226a2',
    'fromusername' => 'oKlYowYg_eYNigT4Db5EH583CR5A',
    'createtime' => '1486053390',
    'msgtype' => 'event',
    'event' => 'VIEW',
    'eventkey' => 'http://www.9kpu.com/app/index.php?i=35&c=home&',
    'menuid' => '412080054',
    'from' => 'oKlYowYg_eYNigT4Db5EH583CR5A',
    'to' => 'gh_9046d2e226a2',
    'time' => '1486053390',
    'type' => 'text',
    'content' => '1',
    'redirection' => true,
    'source' => 'default',
    'original' => 'http://www.9kpu.com/app/index.php?i=35&c=home&',
  ),
  'module' => 'news',
  'rule' => '64',
  'priority' => '0',
  'keyword' => 
  array (
    'id' => '119',
    'rid' => '64',
    'uniacid' => '35',
    'module' => 'news',
    'content' => '1',
    'type' => '1',
    'displayorder' => '0',
    'status' => '1',
  ),
)

2017-02-03 00:36:30 response :
------------
Array:
FromUserName : gh_9046d2e226a2 ;
ToUserName : oKlYowYg_eYNigT4Db5EH583CR5A ;
MsgType : news ;
ArticleCount : 1 ;
Articles : Array ;

2017-02-03 00:42:41 trace :
------------
String:
<xml><ToUserName><![CDATA[gh_9046d2e226a2]]></ToUserName>
<FromUserName><![CDATA[oKlYowYg_eYNigT4Db5EH583CR5A]]></FromUserName>
<CreateTime>1486053761</CreateTime>
<MsgType><![CDATA[event]]></MsgType>
<Event><![CDATA[VIEW]]></Event>
<EventKey><![CDATA[http://www.9kpu.com/app/index.php?i=35&c=home&]]></EventKey>
<MenuId>412080054</MenuId>
</xml>

2017-02-03 00:42:41 params :
------------
String:
array (
  'message' => 
  array (
    'tousername' => 'gh_9046d2e226a2',
    'fromusername' => 'oKlYowYg_eYNigT4Db5EH583CR5A',
    'createtime' => '1486053761',
    'msgtype' => 'event',
    'event' => 'VIEW',
    'eventkey' => 'http://www.9kpu.com/app/index.php?i=35&c=home&',
    'menuid' => '412080054',
    'from' => 'oKlYowYg_eYNigT4Db5EH583CR5A',
    'to' => 'gh_9046d2e226a2',
    'time' => '1486053761',
    'type' => 'text',
    'content' => '1',
    'redirection' => true,
    'source' => 'default',
    'original' => 'http://www.9kpu.com/app/index.php?i=35&c=home&',
  ),
  'module' => 'news',
  'rule' => '64',
  'priority' => '0',
  'keyword' => 
  array (
    'id' => '119',
    'rid' => '64',
    'uniacid' => '35',
    'module' => 'news',
    'content' => '1',
    'type' => '1',
    'displayorder' => '0',
    'status' => '1',
  ),
)

2017-02-03 00:42:41 response :
------------
Array:
FromUserName : gh_9046d2e226a2 ;
ToUserName : oKlYowYg_eYNigT4Db5EH583CR5A ;
MsgType : news ;
ArticleCount : 1 ;
Articles : Array ;

2017-02-03 00:43:38 trace :
------------
String:
<xml><ToUserName><![CDATA[gh_9046d2e226a2]]></ToUserName>
<FromUserName><![CDATA[oKlYowYg_eYNigT4Db5EH583CR5A]]></FromUserName>
<CreateTime>1486053818</CreateTime>
<MsgType><![CDATA[event]]></MsgType>
<Event><![CDATA[VIEW]]></Event>
<EventKey><![CDATA[http://www.9kpu.com/app/index.php?i=35&c=entry&eid=1]]></EventKey>
<MenuId>412080054</MenuId>
</xml>

2017-02-03 00:43:38 params :
------------
String:
array (
  'message' => 
  array (
    'tousername' => 'gh_9046d2e226a2',
    'fromusername' => 'oKlYowYg_eYNigT4Db5EH583CR5A',
    'createtime' => '1486053818',
    'msgtype' => 'event',
    'event' => 'VIEW',
    'eventkey' => 'http://www.9kpu.com/app/index.php?i=35&c=entry&eid=1',
    'menuid' => '412080054',
    'from' => 'oKlYowYg_eYNigT4Db5EH583CR5A',
    'to' => 'gh_9046d2e226a2',
    'time' => '1486053818',
    'type' => 'text',
    'content' => '1',
    'redirection' => true,
    'source' => 'default',
    'original' => 'http://www.9kpu.com/app/index.php?i=35&c=entry&eid=1',
  ),
  'module' => 'news',
  'rule' => '64',
  'priority' => '0',
  'keyword' => 
  array (
    'id' => '119',
    'rid' => '64',
    'uniacid' => '35',
    'module' => 'news',
    'content' => '1',
    'type' => '1',
    'displayorder' => '0',
    'status' => '1',
  ),
)

2017-02-03 00:43:38 response :
------------
Array:
FromUserName : gh_9046d2e226a2 ;
ToUserName : oKlYowYg_eYNigT4Db5EH583CR5A ;
MsgType : news ;
ArticleCount : 1 ;
Articles : Array ;

2017-02-03 01:19:50 trace :
------------
String:
<xml><ToUserName><![CDATA[gh_9046d2e226a2]]></ToUserName>
<FromUserName><![CDATA[oKlYowe45MSsURjQuEt7qsT4l_YY]]></FromUserName>
<CreateTime>1486055990</CreateTime>
<MsgType><![CDATA[event]]></MsgType>
<Event><![CDATA[VIEW]]></Event>
<EventKey><![CDATA[http://www.9kpu.com/app/index.php?i=35&c=home&]]></EventKey>
<MenuId>412080054</MenuId>
</xml>

2017-02-03 01:19:50 params :
------------
String:
array (
  'message' => 
  array (
    'tousername' => 'gh_9046d2e226a2',
    'fromusername' => 'oKlYowe45MSsURjQuEt7qsT4l_YY',
    'createtime' => '1486055990',
    'msgtype' => 'event',
    'event' => 'VIEW',
    'eventkey' => 'http://www.9kpu.com/app/index.php?i=35&c=home&',
    'menuid' => '412080054',
    'from' => 'oKlYowe45MSsURjQuEt7qsT4l_YY',
    'to' => 'gh_9046d2e226a2',
    'time' => '1486055990',
    'type' => 'text',
    'content' => '1',
    'redirection' => true,
    'source' => 'default',
    'original' => 'http://www.9kpu.com/app/index.php?i=35&c=home&',
  ),
  'module' => 'news',
  'rule' => '64',
  'priority' => '0',
  'keyword' => 
  array (
    'id' => '119',
    'rid' => '64',
    'uniacid' => '35',
    'module' => 'news',
    'content' => '1',
    'type' => '1',
    'displayorder' => '0',
    'status' => '1',
  ),
)

2017-02-03 01:19:50 response :
------------
Array:
FromUserName : gh_9046d2e226a2 ;
ToUserName : oKlYowe45MSsURjQuEt7qsT4l_YY ;
MsgType : news ;
ArticleCount : 1 ;
Articles : Array ;

2017-02-03 01:20:17 trace :
------------
String:
<xml><ToUserName><![CDATA[gh_9046d2e226a2]]></ToUserName>
<FromUserName><![CDATA[oKlYowe45MSsURjQuEt7qsT4l_YY]]></FromUserName>
<CreateTime>1486056017</CreateTime>
<MsgType><![CDATA[event]]></MsgType>
<Event><![CDATA[VIEW]]></Event>
<EventKey><![CDATA[http://www.9kpu.com/app/index.php?i=35&c=home&]]></EventKey>
<MenuId>412080054</MenuId>
</xml>

2017-02-03 01:20:17 params :
------------
String:
array (
  'message' => 
  array (
    'tousername' => 'gh_9046d2e226a2',
    'fromusername' => 'oKlYowe45MSsURjQuEt7qsT4l_YY',
    'createtime' => '1486056017',
    'msgtype' => 'event',
    'event' => 'VIEW',
    'eventkey' => 'http://www.9kpu.com/app/index.php?i=35&c=home&',
    'menuid' => '412080054',
    'from' => 'oKlYowe45MSsURjQuEt7qsT4l_YY',
    'to' => 'gh_9046d2e226a2',
    'time' => '1486056017',
    'type' => 'text',
    'content' => '1',
    'redirection' => true,
    'source' => 'default',
    'original' => 'http://www.9kpu.com/app/index.php?i=35&c=home&',
  ),
  'module' => 'news',
  'rule' => '64',
  'priority' => '0',
  'keyword' => 
  array (
    'id' => '119',
    'rid' => '64',
    'uniacid' => '35',
    'module' => 'news',
    'content' => '1',
    'type' => '1',
    'displayorder' => '0',
    'status' => '1',
  ),
)

2017-02-03 01:20:17 response :
------------
Array:
FromUserName : gh_9046d2e226a2 ;
ToUserName : oKlYowe45MSsURjQuEt7qsT4l_YY ;
MsgType : news ;
ArticleCount : 1 ;
Articles : Array ;

2017-02-03 01:20:46 trace :
------------
String:
<xml><ToUserName><![CDATA[gh_9046d2e226a2]]></ToUserName>
<FromUserName><![CDATA[oKlYowe45MSsURjQuEt7qsT4l_YY]]></FromUserName>
<CreateTime>1486056046</CreateTime>
<MsgType><![CDATA[event]]></MsgType>
<Event><![CDATA[VIEW]]></Event>
<EventKey><![CDATA[http://www.9kpu.com/app/index.php?i=35&c=home&]]></EventKey>
<MenuId>412080054</MenuId>
</xml>

2017-02-03 01:20:46 params :
------------
String:
array (
  'message' => 
  array (
    'tousername' => 'gh_9046d2e226a2',
    'fromusername' => 'oKlYowe45MSsURjQuEt7qsT4l_YY',
    'createtime' => '1486056046',
    'msgtype' => 'event',
    'event' => 'VIEW',
    'eventkey' => 'http://www.9kpu.com/app/index.php?i=35&c=home&',
    'menuid' => '412080054',
    'from' => 'oKlYowe45MSsURjQuEt7qsT4l_YY',
    'to' => 'gh_9046d2e226a2',
    'time' => '1486056046',
    'type' => 'text',
    'content' => '1',
    'redirection' => true,
    'source' => 'default',
    'original' => 'http://www.9kpu.com/app/index.php?i=35&c=home&',
  ),
  'module' => 'news',
  'rule' => '64',
  'priority' => '0',
  'keyword' => 
  array (
    'id' => '119',
    'rid' => '64',
    'uniacid' => '35',
    'module' => 'news',
    'content' => '1',
    'type' => '1',
    'displayorder' => '0',
    'status' => '1',
  ),
)

2017-02-03 01:20:46 response :
------------
Array:
FromUserName : gh_9046d2e226a2 ;
ToUserName : oKlYowe45MSsURjQuEt7qsT4l_YY ;
MsgType : news ;
ArticleCount : 1 ;
Articles : Array ;

2017-02-03 07:59:29 trace :
------------
String:
<xml><ToUserName><![CDATA[gh_ad1abe4f841e]]></ToUserName>
<FromUserName><![CDATA[oF5iMvx9xiEUgjv5jWmeWw3LPbD8]]></FromUserName>
<CreateTime>1486079969</CreateTime>
<MsgType><![CDATA[event]]></MsgType>
<Event><![CDATA[VIEW]]></Event>
<EventKey><![CDATA[http://www.9kpu.com/app/index.php?i=41&c=home&]]></EventKey>
<MenuId>409163649</MenuId>
</xml>

2017-02-03 07:59:29 params :
------------
String:
array (
  'message' => 
  array (
    'tousername' => 'gh_ad1abe4f841e',
    'fromusername' => 'oF5iMvx9xiEUgjv5jWmeWw3LPbD8',
    'createtime' => '1486079969',
    'msgtype' => 'event',
    'event' => 'VIEW',
    'eventkey' => 'http://www.9kpu.com/app/index.php?i=41&c=home&',
    'menuid' => '409163649',
    'from' => 'oF5iMvx9xiEUgjv5jWmeWw3LPbD8',
    'to' => 'gh_ad1abe4f841e',
    'time' => '1486079969',
    'type' => 'text',
    'content' => '1',
    'redirection' => true,
    'source' => 'default',
    'original' => 'http://www.9kpu.com/app/index.php?i=41&c=home&',
  ),
  'module' => 'news',
  'rule' => '93',
  'priority' => '0',
  'keyword' => 
  array (
    'id' => '197',
    'rid' => '93',
    'uniacid' => '41',
    'module' => 'news',
    'content' => '1',
    'type' => '1',
    'displayorder' => '0',
    'status' => '1',
  ),
)

2017-02-03 07:59:29 response :
------------
Array:
FromUserName : gh_ad1abe4f841e ;
ToUserName : oF5iMvx9xiEUgjv5jWmeWw3LPbD8 ;
MsgType : news ;
ArticleCount : 1 ;
Articles : Array ;

2017-02-03 08:05:20 trace :
------------
String:
<xml><ToUserName><![CDATA[gh_ad1abe4f841e]]></ToUserName>
<FromUserName><![CDATA[oF5iMvx9xiEUgjv5jWmeWw3LPbD8]]></FromUserName>
<CreateTime>1486080319</CreateTime>
<MsgType><![CDATA[text]]></MsgType>
<Content><![CDATA[外来务工子女上初中要符合什么条件。]]></Content>
<MsgId>6382666369744063975</MsgId>
</xml>

2017-02-03 08:05:20 params :
------------
String:
array (
  'message' => 
  array (
    'tousername' => 'gh_ad1abe4f841e',
    'fromusername' => 'oF5iMvx9xiEUgjv5jWmeWw3LPbD8',
    'createtime' => '1486080319',
    'msgtype' => 'text',
    'content' => '1',
    'msgid' => '6382666369744063975',
    'from' => 'oF5iMvx9xiEUgjv5jWmeWw3LPbD8',
    'to' => 'gh_ad1abe4f841e',
    'time' => '1486080319',
    'type' => 'text',
    'event' => NULL,
    'redirection' => true,
    'source' => 'default',
    'original' => '外来务工子女上初中要符合什么条件。',
  ),
  'module' => 'news',
  'rule' => '93',
  'priority' => '0',
  'keyword' => 
  array (
    'id' => '197',
    'rid' => '93',
    'uniacid' => '41',
    'module' => 'news',
    'content' => '1',
    'type' => '1',
    'displayorder' => '0',
    'status' => '1',
  ),
)

2017-02-03 08:05:20 response :
------------
Array:
FromUserName : gh_ad1abe4f841e ;
ToUserName : oF5iMvx9xiEUgjv5jWmeWw3LPbD8 ;
MsgType : news ;
ArticleCount : 1 ;
Articles : Array ;

2017-02-03 08:05:58 trace :
------------
String:
<xml><ToUserName><![CDATA[gh_ad1abe4f841e]]></ToUserName>
<FromUserName><![CDATA[oF5iMvx9xiEUgjv5jWmeWw3LPbD8]]></FromUserName>
<CreateTime>1486080358</CreateTime>
<MsgType><![CDATA[event]]></MsgType>
<Event><![CDATA[VIEW]]></Event>
<EventKey><![CDATA[http://www.9kpu.com/app/index.php?i=41&c=entry&eid=1]]></EventKey>
<MenuId>409163649</MenuId>
</xml>

2017-02-03 08:05:58 params :
------------
String:
array (
  'message' => 
  array (
    'tousername' => 'gh_ad1abe4f841e',
    'fromusername' => 'oF5iMvx9xiEUgjv5jWmeWw3LPbD8',
    'createtime' => '1486080358',
    'msgtype' => 'event',
    'event' => 'VIEW',
    'eventkey' => 'http://www.9kpu.com/app/index.php?i=41&c=entry&eid=1',
    'menuid' => '409163649',
    'from' => 'oF5iMvx9xiEUgjv5jWmeWw3LPbD8',
    'to' => 'gh_ad1abe4f841e',
    'time' => '1486080358',
    'type' => 'text',
    'content' => '1',
    'redirection' => true,
    'source' => 'default',
    'original' => 'http://www.9kpu.com/app/index.php?i=41&c=entry&eid=1',
  ),
  'module' => 'news',
  'rule' => '93',
  'priority' => '0',
  'keyword' => 
  array (
    'id' => '197',
    'rid' => '93',
    'uniacid' => '41',
    'module' => 'news',
    'content' => '1',
    'type' => '1',
    'displayorder' => '0',
    'status' => '1',
  ),
)

2017-02-03 08:05:58 response :
------------
Array:
FromUserName : gh_ad1abe4f841e ;
ToUserName : oF5iMvx9xiEUgjv5jWmeWw3LPbD8 ;
MsgType : news ;
ArticleCount : 1 ;
Articles : Array ;

2017-02-03 08:06:42 trace :
------------
String:
<xml><ToUserName><![CDATA[gh_ad1abe4f841e]]></ToUserName>
<FromUserName><![CDATA[oF5iMvx9xiEUgjv5jWmeWw3LPbD8]]></FromUserName>
<CreateTime>1486080402</CreateTime>
<MsgType><![CDATA[event]]></MsgType>
<Event><![CDATA[VIEW]]></Event>
<EventKey><![CDATA[http://www.9kpu.com/app/index.php?i=41&c=home&t=77]]></EventKey>
<MenuId>409163649</MenuId>
</xml>

2017-02-03 08:06:42 params :
------------
String:
array (
  'message' => 
  array (
    'tousername' => 'gh_ad1abe4f841e',
    'fromusername' => 'oF5iMvx9xiEUgjv5jWmeWw3LPbD8',
    'createtime' => '1486080402',
    'msgtype' => 'event',
    'event' => 'VIEW',
    'eventkey' => 'http://www.9kpu.com/app/index.php?i=41&c=home&t=77',
    'menuid' => '409163649',
    'from' => 'oF5iMvx9xiEUgjv5jWmeWw3LPbD8',
    'to' => 'gh_ad1abe4f841e',
    'time' => '1486080402',
    'type' => 'text',
    'content' => '1',
    'redirection' => true,
    'source' => 'default',
    'original' => 'http://www.9kpu.com/app/index.php?i=41&c=home&t=77',
  ),
  'module' => 'news',
  'rule' => '93',
  'priority' => '0',
  'keyword' => 
  array (
    'id' => '197',
    'rid' => '93',
    'uniacid' => '41',
    'module' => 'news',
    'content' => '1',
    'type' => '1',
    'displayorder' => '0',
    'status' => '1',
  ),
)

2017-02-03 08:06:42 response :
------------
Array:
FromUserName : gh_ad1abe4f841e ;
ToUserName : oF5iMvx9xiEUgjv5jWmeWw3LPbD8 ;
MsgType : news ;
ArticleCount : 1 ;
Articles : Array ;

2017-02-03 08:55:11 trace :
------------
String:
<xml><ToUserName><![CDATA[gh_b6b2adce2b0d]]></ToUserName>
<FromUserName><![CDATA[o-SliwKApaHsaWTchklgdaqbi9Ts]]></FromUserName>
<CreateTime>1486083311</CreateTime>
<MsgType><![CDATA[event]]></MsgType>
<Event><![CDATA[unsubscribe]]></Event>
<EventKey><![CDATA[]]></EventKey>
</xml>

2017-02-03 11:24:36 trace :
------------
String:
<xml><ToUserName><![CDATA[gh_9046d2e226a2]]></ToUserName>
<FromUserName><![CDATA[oKlYowQJqNvVL8jQqKj5ztfVXxD4]]></FromUserName>
<CreateTime>1486092276</CreateTime>
<MsgType><![CDATA[event]]></MsgType>
<Event><![CDATA[VIEW]]></Event>
<EventKey><![CDATA[http://www.9kpu.com/app/index.php?i=35&c=entry&eid=1]]></EventKey>
<MenuId>412080054</MenuId>
</xml>

2017-02-03 11:24:36 params :
------------
String:
array (
  'message' => 
  array (
    'tousername' => 'gh_9046d2e226a2',
    'fromusername' => 'oKlYowQJqNvVL8jQqKj5ztfVXxD4',
    'createtime' => '1486092276',
    'msgtype' => 'event',
    'event' => 'VIEW',
    'eventkey' => 'http://www.9kpu.com/app/index.php?i=35&c=entry&eid=1',
    'menuid' => '412080054',
    'from' => 'oKlYowQJqNvVL8jQqKj5ztfVXxD4',
    'to' => 'gh_9046d2e226a2',
    'time' => '1486092276',
    'type' => 'text',
    'content' => '1',
    'redirection' => true,
    'source' => 'default',
    'original' => 'http://www.9kpu.com/app/index.php?i=35&c=entry&eid=1',
  ),
  'module' => 'news',
  'rule' => '64',
  'priority' => '0',
  'keyword' => 
  array (
    'id' => '119',
    'rid' => '64',
    'uniacid' => '35',
    'module' => 'news',
    'content' => '1',
    'type' => '1',
    'displayorder' => '0',
    'status' => '1',
  ),
)

2017-02-03 11:24:36 response :
------------
Array:
FromUserName : gh_9046d2e226a2 ;
ToUserName : oKlYowQJqNvVL8jQqKj5ztfVXxD4 ;
MsgType : news ;
ArticleCount : 1 ;
Articles : Array ;

2017-02-03 11:43:55 trace :
------------
String:
<xml><ToUserName><![CDATA[gh_4aa2a7f9b184]]></ToUserName>
<FromUserName><![CDATA[oNmJ1wemZmBlx5P67YCBS3r7ZF_8]]></FromUserName>
<CreateTime>1486093435</CreateTime>
<MsgType><![CDATA[event]]></MsgType>
<Event><![CDATA[VIEW]]></Event>
<EventKey><![CDATA[http://www.9kpu.com/app/index.php?i=44&c=entry&eid=1]]></EventKey>
<MenuId>416162594</MenuId>
</xml>

2017-02-03 11:43:55 params :
------------
String:
array (
  'rule' => -2,
  'module' => '',
  'message' => 
  array (
    'tousername' => 'gh_4aa2a7f9b184',
    'fromusername' => 'oNmJ1wemZmBlx5P67YCBS3r7ZF_8',
    'createtime' => '1486093435',
    'msgtype' => 'event',
    'event' => 'VIEW',
    'eventkey' => 'http://www.9kpu.com/app/index.php?i=44&c=entry&eid=1',
    'menuid' => '416162594',
    'from' => 'oNmJ1wemZmBlx5P67YCBS3r7ZF_8',
    'to' => 'gh_4aa2a7f9b184',
    'time' => '1486093435',
    'type' => 'text',
    'content' => 'http://www.9kpu.com/app/index.php?i=44&c=entry&eid=1',
    'redirection' => true,
    'source' => 'VIEW',
  ),
)

2017-02-03 11:43:55 response :
------------

2017-02-03 11:55:26 trace :
------------
String:
<xml><ToUserName><![CDATA[gh_b6b2adce2b0d]]></ToUserName>
<FromUserName><![CDATA[o-SliwPqqe2LeVWYT650N3KT0jM0]]></FromUserName>
<CreateTime>1486094126</CreateTime>
<MsgType><![CDATA[event]]></MsgType>
<Event><![CDATA[subscribe]]></Event>
<EventKey><![CDATA[]]></EventKey>
</xml>

2017-02-03 11:55:26 params :
------------
String:
array (
  'message' => 
  array (
    'tousername' => 'gh_b6b2adce2b0d',
    'fromusername' => 'o-SliwPqqe2LeVWYT650N3KT0jM0',
    'createtime' => '1486094126',
    'msgtype' => 'event',
    'event' => 'subscribe',
    'eventkey' => '',
    'from' => 'o-SliwPqqe2LeVWYT650N3KT0jM0',
    'to' => 'gh_b6b2adce2b0d',
    'time' => '1486094126',
    'type' => 'text',
    'redirection' => true,
    'source' => 'subscribe',
    'content' => '1',
  ),
  'module' => 'news',
  'rule' => '73',
  'priority' => '0',
  'keyword' => 
  array (
    'id' => '156',
    'rid' => '73',
    'uniacid' => '39',
    'module' => 'news',
    'content' => '1',
    'type' => '1',
    'displayorder' => '0',
    'status' => '1',
  ),
)

2017-02-03 11:55:26 response :
------------
Array:
FromUserName : gh_b6b2adce2b0d ;
ToUserName : o-SliwPqqe2LeVWYT650N3KT0jM0 ;
MsgType : news ;
ArticleCount : 1 ;
Articles : Array ;

2017-02-03 11:59:27 trace :
------------
String:
<xml><ToUserName><![CDATA[gh_4aa2a7f9b184]]></ToUserName>
<FromUserName><![CDATA[oNmJ1wemZmBlx5P67YCBS3r7ZF_8]]></FromUserName>
<CreateTime>1486094367</CreateTime>
<MsgType><![CDATA[event]]></MsgType>
<Event><![CDATA[VIEW]]></Event>
<EventKey><![CDATA[http://www.9kpu.com/app/index.php?i=44&c=entry&eid=1]]></EventKey>
<MenuId>416162594</MenuId>
</xml>

2017-02-03 11:59:27 params :
------------
String:
array (
  'rule' => -2,
  'module' => '',
  'message' => 
  array (
    'tousername' => 'gh_4aa2a7f9b184',
    'fromusername' => 'oNmJ1wemZmBlx5P67YCBS3r7ZF_8',
    'createtime' => '1486094367',
    'msgtype' => 'event',
    'event' => 'VIEW',
    'eventkey' => 'http://www.9kpu.com/app/index.php?i=44&c=entry&eid=1',
    'menuid' => '416162594',
    'from' => 'oNmJ1wemZmBlx5P67YCBS3r7ZF_8',
    'to' => 'gh_4aa2a7f9b184',
    'time' => '1486094367',
    'type' => 'text',
    'content' => 'http://www.9kpu.com/app/index.php?i=44&c=entry&eid=1',
    'redirection' => true,
    'source' => 'VIEW',
  ),
)

2017-02-03 11:59:27 response :
------------

2017-02-03 12:04:32 trace :
------------
String:
<xml><ToUserName><![CDATA[gh_b6b2adce2b0d]]></ToUserName>
<FromUserName><![CDATA[o-SliwA-SiaiVcdMu8xD-_0Z6vFU]]></FromUserName>
<CreateTime>1486094672</CreateTime>
<MsgType><![CDATA[event]]></MsgType>
<Event><![CDATA[unsubscribe]]></Event>
<EventKey><![CDATA[]]></EventKey>
</xml>

2017-02-03 12:14:34 trace :
------------
String:
<xml><ToUserName><![CDATA[gh_b6b2adce2b0d]]></ToUserName>
<FromUserName><![CDATA[o-SliwPD6rPaUieHu4ikcsf9q8pw]]></FromUserName>
<CreateTime>1486095274</CreateTime>
<MsgType><![CDATA[event]]></MsgType>
<Event><![CDATA[VIEW]]></Event>
<EventKey><![CDATA[http://www.9kpu.com/app/index.php?i=39&c=entry&eid=1]]></EventKey>
<MenuId>408723140</MenuId>
</xml>

2017-02-03 12:14:34 params :
------------
String:
array (
  'message' => 
  array (
    'tousername' => 'gh_b6b2adce2b0d',
    'fromusername' => 'o-SliwPD6rPaUieHu4ikcsf9q8pw',
    'createtime' => '1486095274',
    'msgtype' => 'event',
    'event' => 'VIEW',
    'eventkey' => 'http://www.9kpu.com/app/index.php?i=39&c=entry&eid=1',
    'menuid' => '408723140',
    'from' => 'o-SliwPD6rPaUieHu4ikcsf9q8pw',
    'to' => 'gh_b6b2adce2b0d',
    'time' => '1486095274',
    'type' => 'text',
    'content' => '1',
    'redirection' => true,
    'source' => 'default',
    'original' => 'http://www.9kpu.com/app/index.php?i=39&c=entry&eid=1',
  ),
  'module' => 'news',
  'rule' => '73',
  'priority' => '0',
  'keyword' => 
  array (
    'id' => '156',
    'rid' => '73',
    'uniacid' => '39',
    'module' => 'news',
    'content' => '1',
    'type' => '1',
    'displayorder' => '0',
    'status' => '1',
  ),
)

2017-02-03 12:14:34 response :
------------
Array:
FromUserName : gh_b6b2adce2b0d ;
ToUserName : o-SliwPD6rPaUieHu4ikcsf9q8pw ;
MsgType : news ;
ArticleCount : 1 ;
Articles : Array ;

2017-02-03 12:14:51 trace :
------------
String:
<xml><ToUserName><![CDATA[gh_b6b2adce2b0d]]></ToUserName>
<FromUserName><![CDATA[o-SliwPD6rPaUieHu4ikcsf9q8pw]]></FromUserName>
<CreateTime>1486095291</CreateTime>
<MsgType><![CDATA[event]]></MsgType>
<Event><![CDATA[VIEW]]></Event>
<EventKey><![CDATA[http://www.9kpu.com/app/index.php?i=39&c=entry&eid=2]]></EventKey>
<MenuId>408723140</MenuId>
</xml>

2017-02-03 12:14:51 params :
------------
String:
array (
  'message' => 
  array (
    'tousername' => 'gh_b6b2adce2b0d',
    'fromusername' => 'o-SliwPD6rPaUieHu4ikcsf9q8pw',
    'createtime' => '1486095291',
    'msgtype' => 'event',
    'event' => 'VIEW',
    'eventkey' => 'http://www.9kpu.com/app/index.php?i=39&c=entry&eid=2',
    'menuid' => '408723140',
    'from' => 'o-SliwPD6rPaUieHu4ikcsf9q8pw',
    'to' => 'gh_b6b2adce2b0d',
    'time' => '1486095291',
    'type' => 'text',
    'content' => '1',
    'redirection' => true,
    'source' => 'default',
    'original' => 'http://www.9kpu.com/app/index.php?i=39&c=entry&eid=2',
  ),
  'module' => 'news',
  'rule' => '73',
  'priority' => '0',
  'keyword' => 
  array (
    'id' => '156',
    'rid' => '73',
    'uniacid' => '39',
    'module' => 'news',
    'content' => '1',
    'type' => '1',
    'displayorder' => '0',
    'status' => '1',
  ),
)

2017-02-03 12:14:51 response :
------------
Array:
FromUserName : gh_b6b2adce2b0d ;
ToUserName : o-SliwPD6rPaUieHu4ikcsf9q8pw ;
MsgType : news ;
ArticleCount : 1 ;
Articles : Array ;

2017-02-03 12:14:59 trace :
------------
String:
<xml><ToUserName><![CDATA[gh_b6b2adce2b0d]]></ToUserName>
<FromUserName><![CDATA[o-SliwPD6rPaUieHu4ikcsf9q8pw]]></FromUserName>
<CreateTime>1486095299</CreateTime>
<MsgType><![CDATA[event]]></MsgType>
<Event><![CDATA[VIEW]]></Event>
<EventKey><![CDATA[http://www.9kpu.com/app/index.php?i=39&c=home&]]></EventKey>
<MenuId>408723140</MenuId>
</xml>

2017-02-03 12:14:59 params :
------------
String:
array (
  'message' => 
  array (
    'tousername' => 'gh_b6b2adce2b0d',
    'fromusername' => 'o-SliwPD6rPaUieHu4ikcsf9q8pw',
    'createtime' => '1486095299',
    'msgtype' => 'event',
    'event' => 'VIEW',
    'eventkey' => 'http://www.9kpu.com/app/index.php?i=39&c=home&',
    'menuid' => '408723140',
    'from' => 'o-SliwPD6rPaUieHu4ikcsf9q8pw',
    'to' => 'gh_b6b2adce2b0d',
    'time' => '1486095299',
    'type' => 'text',
    'content' => '1',
    'redirection' => true,
    'source' => 'default',
    'original' => 'http://www.9kpu.com/app/index.php?i=39&c=home&',
  ),
  'module' => 'news',
  'rule' => '73',
  'priority' => '0',
  'keyword' => 
  array (
    'id' => '156',
    'rid' => '73',
    'uniacid' => '39',
    'module' => 'news',
    'content' => '1',
    'type' => '1',
    'displayorder' => '0',
    'status' => '1',
  ),
)

2017-02-03 12:14:59 response :
------------
Array:
FromUserName : gh_b6b2adce2b0d ;
ToUserName : o-SliwPD6rPaUieHu4ikcsf9q8pw ;
MsgType : news ;
ArticleCount : 1 ;
Articles : Array ;

2017-02-03 12:39:29 trace :
------------
String:
<xml><ToUserName><![CDATA[gh_b6b2adce2b0d]]></ToUserName>
<FromUserName><![CDATA[o-SliwPqqe2LeVWYT650N3KT0jM0]]></FromUserName>
<CreateTime>1486096769</CreateTime>
<MsgType><![CDATA[event]]></MsgType>
<Event><![CDATA[VIEW]]></Event>
<EventKey><![CDATA[http://www.9kpu.com/app/index.php?i=39&c=entry&eid=2]]></EventKey>
<MenuId>408723140</MenuId>
</xml>

2017-02-03 12:39:29 params :
------------
String:
array (
  'message' => 
  array (
    'tousername' => 'gh_b6b2adce2b0d',
    'fromusername' => 'o-SliwPqqe2LeVWYT650N3KT0jM0',
    'createtime' => '1486096769',
    'msgtype' => 'event',
    'event' => 'VIEW',
    'eventkey' => 'http://www.9kpu.com/app/index.php?i=39&c=entry&eid=2',
    'menuid' => '408723140',
    'from' => 'o-SliwPqqe2LeVWYT650N3KT0jM0',
    'to' => 'gh_b6b2adce2b0d',
    'time' => '1486096769',
    'type' => 'text',
    'content' => '1',
    'redirection' => true,
    'source' => 'default',
    'original' => 'http://www.9kpu.com/app/index.php?i=39&c=entry&eid=2',
  ),
  'module' => 'news',
  'rule' => '73',
  'priority' => '0',
  'keyword' => 
  array (
    'id' => '156',
    'rid' => '73',
    'uniacid' => '39',
    'module' => 'news',
    'content' => '1',
    'type' => '1',
    'displayorder' => '0',
    'status' => '1',
  ),
)

2017-02-03 12:39:29 response :
------------
Array:
FromUserName : gh_b6b2adce2b0d ;
ToUserName : o-SliwPqqe2LeVWYT650N3KT0jM0 ;
MsgType : news ;
ArticleCount : 1 ;
Articles : Array ;

2017-02-03 12:39:33 trace :
------------
String:
<xml><ToUserName><![CDATA[gh_b6b2adce2b0d]]></ToUserName>
<FromUserName><![CDATA[o-SliwPqqe2LeVWYT650N3KT0jM0]]></FromUserName>
<CreateTime>1486096773</CreateTime>
<MsgType><![CDATA[event]]></MsgType>
<Event><![CDATA[VIEW]]></Event>
<EventKey><![CDATA[http://www.9kpu.com/app/index.php?i=39&c=entry&eid=1]]></EventKey>
<MenuId>408723140</MenuId>
</xml>

2017-02-03 12:39:33 params :
------------
String:
array (
  'message' => 
  array (
    'tousername' => 'gh_b6b2adce2b0d',
    'fromusername' => 'o-SliwPqqe2LeVWYT650N3KT0jM0',
    'createtime' => '1486096773',
    'msgtype' => 'event',
    'event' => 'VIEW',
    'eventkey' => 'http://www.9kpu.com/app/index.php?i=39&c=entry&eid=1',
    'menuid' => '408723140',
    'from' => 'o-SliwPqqe2LeVWYT650N3KT0jM0',
    'to' => 'gh_b6b2adce2b0d',
    'time' => '1486096773',
    'type' => 'text',
    'content' => '1',
    'redirection' => true,
    'source' => 'default',
    'original' => 'http://www.9kpu.com/app/index.php?i=39&c=entry&eid=1',
  ),
  'module' => 'news',
  'rule' => '73',
  'priority' => '0',
  'keyword' => 
  array (
    'id' => '156',
    'rid' => '73',
    'uniacid' => '39',
    'module' => 'news',
    'content' => '1',
    'type' => '1',
    'displayorder' => '0',
    'status' => '1',
  ),
)

2017-02-03 12:39:33 response :
------------
Array:
FromUserName : gh_b6b2adce2b0d ;
ToUserName : o-SliwPqqe2LeVWYT650N3KT0jM0 ;
MsgType : news ;
ArticleCount : 1 ;
Articles : Array ;

2017-02-03 12:39:37 trace :
------------
String:
<xml><ToUserName><![CDATA[gh_b6b2adce2b0d]]></ToUserName>
<FromUserName><![CDATA[o-SliwPqqe2LeVWYT650N3KT0jM0]]></FromUserName>
<CreateTime>1486096777</CreateTime>
<MsgType><![CDATA[event]]></MsgType>
<Event><![CDATA[VIEW]]></Event>
<EventKey><![CDATA[http://www.9kpu.com/app/index.php?i=39&c=home&]]></EventKey>
<MenuId>408723140</MenuId>
</xml>

2017-02-03 12:39:37 params :
------------
String:
array (
  'message' => 
  array (
    'tousername' => 'gh_b6b2adce2b0d',
    'fromusername' => 'o-SliwPqqe2LeVWYT650N3KT0jM0',
    'createtime' => '1486096777',
    'msgtype' => 'event',
    'event' => 'VIEW',
    'eventkey' => 'http://www.9kpu.com/app/index.php?i=39&c=home&',
    'menuid' => '408723140',
    'from' => 'o-SliwPqqe2LeVWYT650N3KT0jM0',
    'to' => 'gh_b6b2adce2b0d',
    'time' => '1486096777',
    'type' => 'text',
    'content' => '1',
    'redirection' => true,
    'source' => 'default',
    'original' => 'http://www.9kpu.com/app/index.php?i=39&c=home&',
  ),
  'module' => 'news',
  'rule' => '73',
  'priority' => '0',
  'keyword' => 
  array (
    'id' => '156',
    'rid' => '73',
    'uniacid' => '39',
    'module' => 'news',
    'content' => '1',
    'type' => '1',
    'displayorder' => '0',
    'status' => '1',
  ),
)

2017-02-03 12:39:37 response :
------------
Array:
FromUserName : gh_b6b2adce2b0d ;
ToUserName : o-SliwPqqe2LeVWYT650N3KT0jM0 ;
MsgType : news ;
ArticleCount : 1 ;
Articles : Array ;

2017-02-03 13:11:41 trace :
------------
String:
<xml><ToUserName><![CDATA[gh_a1ba95755af7]]></ToUserName>
<FromUserName><![CDATA[oniSBwN6yPansyyg5DpFC__4FJO0]]></FromUserName>
<CreateTime>1486098701</CreateTime>
<MsgType><![CDATA[event]]></MsgType>
<Event><![CDATA[VIEW]]></Event>
<EventKey><![CDATA[http://www.9kpu.com/app/index.php?i=46&c=home&]]></EventKey>
<MenuId>410439717</MenuId>
</xml>

2017-02-03 13:11:41 params :
------------
String:
array (
  'rule' => -2,
  'module' => '',
  'message' => 
  array (
    'tousername' => 'gh_a1ba95755af7',
    'fromusername' => 'oniSBwN6yPansyyg5DpFC__4FJO0',
    'createtime' => '1486098701',
    'msgtype' => 'event',
    'event' => 'VIEW',
    'eventkey' => 'http://www.9kpu.com/app/index.php?i=46&c=home&',
    'menuid' => '410439717',
    'from' => 'oniSBwN6yPansyyg5DpFC__4FJO0',
    'to' => 'gh_a1ba95755af7',
    'time' => '1486098701',
    'type' => 'text',
    'content' => 'http://www.9kpu.com/app/index.php?i=46&c=home&',
    'redirection' => true,
    'source' => 'VIEW',
  ),
)

2017-02-03 13:11:41 response :
------------

2017-02-03 13:11:45 trace :
------------
String:
<xml><ToUserName><![CDATA[gh_a1ba95755af7]]></ToUserName>
<FromUserName><![CDATA[oniSBwN6yPansyyg5DpFC__4FJO0]]></FromUserName>
<CreateTime>1486098705</CreateTime>
<MsgType><![CDATA[event]]></MsgType>
<Event><![CDATA[VIEW]]></Event>
<EventKey><![CDATA[http://www.9kpu.com/app/index.php?i=46&c=entry&eid=1]]></EventKey>
<MenuId>410439717</MenuId>
</xml>

2017-02-03 13:11:45 params :
------------
String:
array (
  'rule' => -2,
  'module' => '',
  'message' => 
  array (
    'tousername' => 'gh_a1ba95755af7',
    'fromusername' => 'oniSBwN6yPansyyg5DpFC__4FJO0',
    'createtime' => '1486098705',
    'msgtype' => 'event',
    'event' => 'VIEW',
    'eventkey' => 'http://www.9kpu.com/app/index.php?i=46&c=entry&eid=1',
    'menuid' => '410439717',
    'from' => 'oniSBwN6yPansyyg5DpFC__4FJO0',
    'to' => 'gh_a1ba95755af7',
    'time' => '1486098705',
    'type' => 'text',
    'content' => 'http://www.9kpu.com/app/index.php?i=46&c=entry&eid=1',
    'redirection' => true,
    'source' => 'VIEW',
  ),
)

2017-02-03 13:11:45 response :
------------

2017-02-03 13:12:15 trace :
------------
String:
<xml><ToUserName><![CDATA[gh_a1ba95755af7]]></ToUserName>
<FromUserName><![CDATA[oniSBwN6yPansyyg5DpFC__4FJO0]]></FromUserName>
<CreateTime>1486098735</CreateTime>
<MsgType><![CDATA[event]]></MsgType>
<Event><![CDATA[VIEW]]></Event>
<EventKey><![CDATA[http://www.9kpu.com/app/index.php?i=46&c=home&]]></EventKey>
<MenuId>410439717</MenuId>
</xml>

2017-02-03 13:12:15 params :
------------
String:
array (
  'rule' => -2,
  'module' => '',
  'message' => 
  array (
    'tousername' => 'gh_a1ba95755af7',
    'fromusername' => 'oniSBwN6yPansyyg5DpFC__4FJO0',
    'createtime' => '1486098735',
    'msgtype' => 'event',
    'event' => 'VIEW',
    'eventkey' => 'http://www.9kpu.com/app/index.php?i=46&c=home&',
    'menuid' => '410439717',
    'from' => 'oniSBwN6yPansyyg5DpFC__4FJO0',
    'to' => 'gh_a1ba95755af7',
    'time' => '1486098735',
    'type' => 'text',
    'content' => 'http://www.9kpu.com/app/index.php?i=46&c=home&',
    'redirection' => true,
    'source' => 'VIEW',
  ),
)

2017-02-03 13:12:15 response :
------------

2017-02-03 13:27:23 trace :
------------
String:
<xml><ToUserName><![CDATA[gh_b6b2adce2b0d]]></ToUserName>
<FromUserName><![CDATA[o-SliwCeGDJ-I7Sa4af6V631uLeg]]></FromUserName>
<CreateTime>1486099643</CreateTime>
<MsgType><![CDATA[event]]></MsgType>
<Event><![CDATA[VIEW]]></Event>
<EventKey><![CDATA[http://www.9kpu.com/app/index.php?i=39&c=home&]]></EventKey>
<MenuId>408723140</MenuId>
</xml>

2017-02-03 13:27:23 params :
------------
String:
array (
  'message' => 
  array (
    'tousername' => 'gh_b6b2adce2b0d',
    'fromusername' => 'o-SliwCeGDJ-I7Sa4af6V631uLeg',
    'createtime' => '1486099643',
    'msgtype' => 'event',
    'event' => 'VIEW',
    'eventkey' => 'http://www.9kpu.com/app/index.php?i=39&c=home&',
    'menuid' => '408723140',
    'from' => 'o-SliwCeGDJ-I7Sa4af6V631uLeg',
    'to' => 'gh_b6b2adce2b0d',
    'time' => '1486099643',
    'type' => 'text',
    'content' => '1',
    'redirection' => true,
    'source' => 'default',
    'original' => 'http://www.9kpu.com/app/index.php?i=39&c=home&',
  ),
  'module' => 'news',
  'rule' => '73',
  'priority' => '0',
  'keyword' => 
  array (
    'id' => '156',
    'rid' => '73',
    'uniacid' => '39',
    'module' => 'news',
    'content' => '1',
    'type' => '1',
    'displayorder' => '0',
    'status' => '1',
  ),
)

2017-02-03 13:27:23 response :
------------
Array:
FromUserName : gh_b6b2adce2b0d ;
ToUserName : o-SliwCeGDJ-I7Sa4af6V631uLeg ;
MsgType : news ;
ArticleCount : 1 ;
Articles : Array ;

2017-02-03 14:44:07 trace :
------------
String:
<xml><ToUserName><![CDATA[gh_9046d2e226a2]]></ToUserName>
<FromUserName><![CDATA[oKlYowYbRHtOjQFJd4z7wcvdHX6w]]></FromUserName>
<CreateTime>1486104247</CreateTime>
<MsgType><![CDATA[event]]></MsgType>
<Event><![CDATA[VIEW]]></Event>
<EventKey><![CDATA[http://www.9kpu.com/app/index.php?i=35&c=home&]]></EventKey>
<MenuId>412080054</MenuId>
</xml>

2017-02-03 14:44:07 params :
------------
String:
array (
  'message' => 
  array (
    'tousername' => 'gh_9046d2e226a2',
    'fromusername' => 'oKlYowYbRHtOjQFJd4z7wcvdHX6w',
    'createtime' => '1486104247',
    'msgtype' => 'event',
    'event' => 'VIEW',
    'eventkey' => 'http://www.9kpu.com/app/index.php?i=35&c=home&',
    'menuid' => '412080054',
    'from' => 'oKlYowYbRHtOjQFJd4z7wcvdHX6w',
    'to' => 'gh_9046d2e226a2',
    'time' => '1486104247',
    'type' => 'text',
    'content' => '1',
    'redirection' => true,
    'source' => 'default',
    'original' => 'http://www.9kpu.com/app/index.php?i=35&c=home&',
  ),
  'module' => 'news',
  'rule' => '64',
  'priority' => '0',
  'keyword' => 
  array (
    'id' => '119',
    'rid' => '64',
    'uniacid' => '35',
    'module' => 'news',
    'content' => '1',
    'type' => '1',
    'displayorder' => '0',
    'status' => '1',
  ),
)

2017-02-03 14:44:07 response :
------------
Array:
FromUserName : gh_9046d2e226a2 ;
ToUserName : oKlYowYbRHtOjQFJd4z7wcvdHX6w ;
MsgType : news ;
ArticleCount : 1 ;
Articles : Array ;

2017-02-03 14:51:50 trace :
------------
String:
<xml><ToUserName><![CDATA[gh_9046d2e226a2]]></ToUserName>
<FromUserName><![CDATA[oKlYowdmGbeosBlWSbXUc86_0F1M]]></FromUserName>
<CreateTime>1486104710</CreateTime>
<MsgType><![CDATA[event]]></MsgType>
<Event><![CDATA[VIEW]]></Event>
<EventKey><![CDATA[http://www.9kpu.com/app/index.php?i=35&c=entry&eid=1]]></EventKey>
<MenuId>412080054</MenuId>
</xml>

2017-02-03 14:51:50 params :
------------
String:
array (
  'message' => 
  array (
    'tousername' => 'gh_9046d2e226a2',
    'fromusername' => 'oKlYowdmGbeosBlWSbXUc86_0F1M',
    'createtime' => '1486104710',
    'msgtype' => 'event',
    'event' => 'VIEW',
    'eventkey' => 'http://www.9kpu.com/app/index.php?i=35&c=entry&eid=1',
    'menuid' => '412080054',
    'from' => 'oKlYowdmGbeosBlWSbXUc86_0F1M',
    'to' => 'gh_9046d2e226a2',
    'time' => '1486104710',
    'type' => 'text',
    'content' => '1',
    'redirection' => true,
    'source' => 'default',
    'original' => 'http://www.9kpu.com/app/index.php?i=35&c=entry&eid=1',
  ),
  'module' => 'news',
  'rule' => '64',
  'priority' => '0',
  'keyword' => 
  array (
    'id' => '119',
    'rid' => '64',
    'uniacid' => '35',
    'module' => 'news',
    'content' => '1',
    'type' => '1',
    'displayorder' => '0',
    'status' => '1',
  ),
)

2017-02-03 14:51:50 response :
------------
Array:
FromUserName : gh_9046d2e226a2 ;
ToUserName : oKlYowdmGbeosBlWSbXUc86_0F1M ;
MsgType : news ;
ArticleCount : 1 ;
Articles : Array ;

2017-02-03 15:03:52 trace :
------------
String:
<xml><ToUserName><![CDATA[gh_9046d2e226a2]]></ToUserName>
<FromUserName><![CDATA[oKlYowYbRHtOjQFJd4z7wcvdHX6w]]></FromUserName>
<CreateTime>1486105431</CreateTime>
<MsgType><![CDATA[event]]></MsgType>
<Event><![CDATA[VIEW]]></Event>
<EventKey><![CDATA[http://www.9kpu.com/app/index.php?i=35&c=entry&eid=1]]></EventKey>
<MenuId>412080054</MenuId>
</xml>

2017-02-03 15:03:52 params :
------------
String:
array (
  'message' => 
  array (
    'tousername' => 'gh_9046d2e226a2',
    'fromusername' => 'oKlYowYbRHtOjQFJd4z7wcvdHX6w',
    'createtime' => '1486105431',
    'msgtype' => 'event',
    'event' => 'VIEW',
    'eventkey' => 'http://www.9kpu.com/app/index.php?i=35&c=entry&eid=1',
    'menuid' => '412080054',
    'from' => 'oKlYowYbRHtOjQFJd4z7wcvdHX6w',
    'to' => 'gh_9046d2e226a2',
    'time' => '1486105431',
    'type' => 'text',
    'content' => '1',
    'redirection' => true,
    'source' => 'default',
    'original' => 'http://www.9kpu.com/app/index.php?i=35&c=entry&eid=1',
  ),
  'module' => 'news',
  'rule' => '64',
  'priority' => '0',
  'keyword' => 
  array (
    'id' => '119',
    'rid' => '64',
    'uniacid' => '35',
    'module' => 'news',
    'content' => '1',
    'type' => '1',
    'displayorder' => '0',
    'status' => '1',
  ),
)

2017-02-03 15:03:52 response :
------------
Array:
FromUserName : gh_9046d2e226a2 ;
ToUserName : oKlYowYbRHtOjQFJd4z7wcvdHX6w ;
MsgType : news ;
ArticleCount : 1 ;
Articles : Array ;

2017-02-03 15:32:21 trace :
------------
String:
<xml><ToUserName><![CDATA[gh_ad1abe4f841e]]></ToUserName>
<FromUserName><![CDATA[oF5iMv7eOSuOByTp4IsGwECSBVyg]]></FromUserName>
<CreateTime>1486107141</CreateTime>
<MsgType><![CDATA[event]]></MsgType>
<Event><![CDATA[VIEW]]></Event>
<EventKey><![CDATA[http://www.9kpu.com/app/index.php?i=41&c=entry&eid=2]]></EventKey>
<MenuId>409163649</MenuId>
</xml>

2017-02-03 15:32:21 params :
------------
String:
array (
  'message' => 
  array (
    'tousername' => 'gh_ad1abe4f841e',
    'fromusername' => 'oF5iMv7eOSuOByTp4IsGwECSBVyg',
    'createtime' => '1486107141',
    'msgtype' => 'event',
    'event' => 'VIEW',
    'eventkey' => 'http://www.9kpu.com/app/index.php?i=41&c=entry&eid=2',
    'menuid' => '409163649',
    'from' => 'oF5iMv7eOSuOByTp4IsGwECSBVyg',
    'to' => 'gh_ad1abe4f841e',
    'time' => '1486107141',
    'type' => 'text',
    'content' => '1',
    'redirection' => true,
    'source' => 'default',
    'original' => 'http://www.9kpu.com/app/index.php?i=41&c=entry&eid=2',
  ),
  'module' => 'news',
  'rule' => '93',
  'priority' => '0',
  'keyword' => 
  array (
    'id' => '197',
    'rid' => '93',
    'uniacid' => '41',
    'module' => 'news',
    'content' => '1',
    'type' => '1',
    'displayorder' => '0',
    'status' => '1',
  ),
)

2017-02-03 15:32:21 response :
------------
Array:
FromUserName : gh_ad1abe4f841e ;
ToUserName : oF5iMv7eOSuOByTp4IsGwECSBVyg ;
MsgType : news ;
ArticleCount : 1 ;
Articles : Array ;

2017-02-03 15:32:27 trace :
------------
String:
<xml><ToUserName><![CDATA[gh_ad1abe4f841e]]></ToUserName>
<FromUserName><![CDATA[oF5iMv7eOSuOByTp4IsGwECSBVyg]]></FromUserName>
<CreateTime>1486107147</CreateTime>
<MsgType><![CDATA[event]]></MsgType>
<Event><![CDATA[VIEW]]></Event>
<EventKey><![CDATA[http://www.9kpu.com/app/index.php?i=41&c=entry&eid=1]]></EventKey>
<MenuId>409163649</MenuId>
</xml>

2017-02-03 15:32:27 params :
------------
String:
array (
  'message' => 
  array (
    'tousername' => 'gh_ad1abe4f841e',
    'fromusername' => 'oF5iMv7eOSuOByTp4IsGwECSBVyg',
    'createtime' => '1486107147',
    'msgtype' => 'event',
    'event' => 'VIEW',
    'eventkey' => 'http://www.9kpu.com/app/index.php?i=41&c=entry&eid=1',
    'menuid' => '409163649',
    'from' => 'oF5iMv7eOSuOByTp4IsGwECSBVyg',
    'to' => 'gh_ad1abe4f841e',
    'time' => '1486107147',
    'type' => 'text',
    'content' => '1',
    'redirection' => true,
    'source' => 'default',
    'original' => 'http://www.9kpu.com/app/index.php?i=41&c=entry&eid=1',
  ),
  'module' => 'news',
  'rule' => '93',
  'priority' => '0',
  'keyword' => 
  array (
    'id' => '197',
    'rid' => '93',
    'uniacid' => '41',
    'module' => 'news',
    'content' => '1',
    'type' => '1',
    'displayorder' => '0',
    'status' => '1',
  ),
)

2017-02-03 15:32:27 response :
------------
Array:
FromUserName : gh_ad1abe4f841e ;
ToUserName : oF5iMv7eOSuOByTp4IsGwECSBVyg ;
MsgType : news ;
ArticleCount : 1 ;
Articles : Array ;

2017-02-03 15:32:51 trace :
------------
String:
<xml><ToUserName><![CDATA[gh_ad1abe4f841e]]></ToUserName>
<FromUserName><![CDATA[oF5iMv7eOSuOByTp4IsGwECSBVyg]]></FromUserName>
<CreateTime>1486107170</CreateTime>
<MsgType><![CDATA[event]]></MsgType>
<Event><![CDATA[VIEW]]></Event>
<EventKey><![CDATA[http://www.9kpu.com/app/index.php?i=41&c=home&]]></EventKey>
<MenuId>409163649</MenuId>
</xml>

2017-02-03 15:32:51 params :
------------
String:
array (
  'message' => 
  array (
    'tousername' => 'gh_ad1abe4f841e',
    'fromusername' => 'oF5iMv7eOSuOByTp4IsGwECSBVyg',
    'createtime' => '1486107170',
    'msgtype' => 'event',
    'event' => 'VIEW',
    'eventkey' => 'http://www.9kpu.com/app/index.php?i=41&c=home&',
    'menuid' => '409163649',
    'from' => 'oF5iMv7eOSuOByTp4IsGwECSBVyg',
    'to' => 'gh_ad1abe4f841e',
    'time' => '1486107170',
    'type' => 'text',
    'content' => '1',
    'redirection' => true,
    'source' => 'default',
    'original' => 'http://www.9kpu.com/app/index.php?i=41&c=home&',
  ),
  'module' => 'news',
  'rule' => '93',
  'priority' => '0',
  'keyword' => 
  array (
    'id' => '197',
    'rid' => '93',
    'uniacid' => '41',
    'module' => 'news',
    'content' => '1',
    'type' => '1',
    'displayorder' => '0',
    'status' => '1',
  ),
)

2017-02-03 15:32:51 response :
------------
Array:
FromUserName : gh_ad1abe4f841e ;
ToUserName : oF5iMv7eOSuOByTp4IsGwECSBVyg ;
MsgType : news ;
ArticleCount : 1 ;
Articles : Array ;

2017-02-03 16:53:23 trace :
------------
String:
<xml><ToUserName><![CDATA[gh_e7a0c8306261]]></ToUserName>
<FromUserName><![CDATA[oRj-Fs4nfrxLKvL4nrtM7YW6Yur4]]></FromUserName>
<CreateTime>1486112003</CreateTime>
<MsgType><![CDATA[event]]></MsgType>
<Event><![CDATA[VIEW]]></Event>
<EventKey><![CDATA[http://www.9kpu.com/app/index.php?i=13&c=entry&eid=1]]></EventKey>
<MenuId>411010749</MenuId>
</xml>

2017-02-03 16:53:23 params :
------------
String:
array (
  'message' => 
  array (
    'tousername' => 'gh_e7a0c8306261',
    'fromusername' => 'oRj-Fs4nfrxLKvL4nrtM7YW6Yur4',
    'createtime' => '1486112003',
    'msgtype' => 'event',
    'event' => 'VIEW',
    'eventkey' => 'http://www.9kpu.com/app/index.php?i=13&c=entry&eid=1',
    'menuid' => '411010749',
    'from' => 'oRj-Fs4nfrxLKvL4nrtM7YW6Yur4',
    'to' => 'gh_e7a0c8306261',
    'time' => '1486112003',
    'type' => 'text',
    'content' => '欢迎',
    'redirection' => true,
    'source' => 'default',
    'original' => 'http://www.9kpu.com/app/index.php?i=13&c=entry&eid=1',
  ),
  'module' => 'basic',
  'rule' => '22',
  'priority' => '0',
  'keyword' => 
  array (
    'id' => '28',
    'rid' => '22',
    'uniacid' => '13',
    'module' => 'basic',
    'content' => '欢迎',
    'type' => '1',
    'displayorder' => '0',
    'status' => '1',
  ),
)

2017-02-03 16:53:23 response :
------------
Array:
FromUserName : gh_e7a0c8306261 ;
ToUserName : oRj-Fs4nfrxLKvL4nrtM7YW6Yur4 ;
MsgType : text ;
Content : 欢迎关注同城学堂，点击微官网查看本学校介绍信息，家长点击学生天地绑定自己小孩信息使用，老师点击教师信息绑定自己账号使用 ;

2017-02-03 16:57:36 trace :
------------
String:
<xml><ToUserName><![CDATA[gh_9046d2e226a2]]></ToUserName>
<FromUserName><![CDATA[oKlYowW16_7U2Ok2QngHYGcveomw]]></FromUserName>
<CreateTime>1486112256</CreateTime>
<MsgType><![CDATA[event]]></MsgType>
<Event><![CDATA[subscribe]]></Event>
<EventKey><![CDATA[]]></EventKey>
</xml>

2017-02-03 16:57:36 params :
------------
String:
array (
  'message' => 
  array (
    'tousername' => 'gh_9046d2e226a2',
    'fromusername' => 'oKlYowW16_7U2Ok2QngHYGcveomw',
    'createtime' => '1486112256',
    'msgtype' => 'event',
    'event' => 'subscribe',
    'eventkey' => '',
    'from' => 'oKlYowW16_7U2Ok2QngHYGcveomw',
    'to' => 'gh_9046d2e226a2',
    'time' => '1486112256',
    'type' => 'text',
    'redirection' => true,
    'source' => 'subscribe',
    'content' => '1',
  ),
  'module' => 'news',
  'rule' => '64',
  'priority' => '0',
  'keyword' => 
  array (
    'id' => '119',
    'rid' => '64',
    'uniacid' => '35',
    'module' => 'news',
    'content' => '1',
    'type' => '1',
    'displayorder' => '0',
    'status' => '1',
  ),
)

2017-02-03 16:57:36 response :
------------
Array:
FromUserName : gh_9046d2e226a2 ;
ToUserName : oKlYowW16_7U2Ok2QngHYGcveomw ;
MsgType : news ;
ArticleCount : 1 ;
Articles : Array ;

2017-02-03 17:00:02 trace :
------------
String:
<xml><ToUserName><![CDATA[gh_9046d2e226a2]]></ToUserName>
<FromUserName><![CDATA[oKlYowW16_7U2Ok2QngHYGcveomw]]></FromUserName>
<CreateTime>1486112402</CreateTime>
<MsgType><![CDATA[event]]></MsgType>
<Event><![CDATA[VIEW]]></Event>
<EventKey><![CDATA[http://www.9kpu.com/app/index.php?i=35&c=entry&eid=1]]></EventKey>
<MenuId>412080054</MenuId>
</xml>

2017-02-03 17:00:02 params :
------------
String:
array (
  'message' => 
  array (
    'tousername' => 'gh_9046d2e226a2',
    'fromusername' => 'oKlYowW16_7U2Ok2QngHYGcveomw',
    'createtime' => '1486112402',
    'msgtype' => 'event',
    'event' => 'VIEW',
    'eventkey' => 'http://www.9kpu.com/app/index.php?i=35&c=entry&eid=1',
    'menuid' => '412080054',
    'from' => 'oKlYowW16_7U2Ok2QngHYGcveomw',
    'to' => 'gh_9046d2e226a2',
    'time' => '1486112402',
    'type' => 'text',
    'content' => '1',
    'redirection' => true,
    'source' => 'default',
    'original' => 'http://www.9kpu.com/app/index.php?i=35&c=entry&eid=1',
  ),
  'module' => 'news',
  'rule' => '64',
  'priority' => '0',
  'keyword' => 
  array (
    'id' => '119',
    'rid' => '64',
    'uniacid' => '35',
    'module' => 'news',
    'content' => '1',
    'type' => '1',
    'displayorder' => '0',
    'status' => '1',
  ),
)

2017-02-03 17:00:02 response :
------------
Array:
FromUserName : gh_9046d2e226a2 ;
ToUserName : oKlYowW16_7U2Ok2QngHYGcveomw ;
MsgType : news ;
ArticleCount : 1 ;
Articles : Array ;

2017-02-03 17:00:09 trace :
------------
String:
<xml><ToUserName><![CDATA[gh_9046d2e226a2]]></ToUserName>
<FromUserName><![CDATA[oKlYowW16_7U2Ok2QngHYGcveomw]]></FromUserName>
<CreateTime>1486112409</CreateTime>
<MsgType><![CDATA[event]]></MsgType>
<Event><![CDATA[VIEW]]></Event>
<EventKey><![CDATA[http://www.9kpu.com/app/index.php?i=35&c=entry&eid=2]]></EventKey>
<MenuId>412080054</MenuId>
</xml>

2017-02-03 17:00:10 params :
------------
String:
array (
  'message' => 
  array (
    'tousername' => 'gh_9046d2e226a2',
    'fromusername' => 'oKlYowW16_7U2Ok2QngHYGcveomw',
    'createtime' => '1486112409',
    'msgtype' => 'event',
    'event' => 'VIEW',
    'eventkey' => 'http://www.9kpu.com/app/index.php?i=35&c=entry&eid=2',
    'menuid' => '412080054',
    'from' => 'oKlYowW16_7U2Ok2QngHYGcveomw',
    'to' => 'gh_9046d2e226a2',
    'time' => '1486112409',
    'type' => 'text',
    'content' => '1',
    'redirection' => true,
    'source' => 'default',
    'original' => 'http://www.9kpu.com/app/index.php?i=35&c=entry&eid=2',
  ),
  'module' => 'news',
  'rule' => '64',
  'priority' => '0',
  'keyword' => 
  array (
    'id' => '119',
    'rid' => '64',
    'uniacid' => '35',
    'module' => 'news',
    'content' => '1',
    'type' => '1',
    'displayorder' => '0',
    'status' => '1',
  ),
)

2017-02-03 17:00:10 response :
------------
Array:
FromUserName : gh_9046d2e226a2 ;
ToUserName : oKlYowW16_7U2Ok2QngHYGcveomw ;
MsgType : news ;
ArticleCount : 1 ;
Articles : Array ;

2017-02-03 17:00:14 trace :
------------
String:
<xml><ToUserName><![CDATA[gh_9046d2e226a2]]></ToUserName>
<FromUserName><![CDATA[oKlYowW16_7U2Ok2QngHYGcveomw]]></FromUserName>
<CreateTime>1486112414</CreateTime>
<MsgType><![CDATA[event]]></MsgType>
<Event><![CDATA[VIEW]]></Event>
<EventKey><![CDATA[http://www.9kpu.com/app/index.php?i=35&c=home&]]></EventKey>
<MenuId>412080054</MenuId>
</xml>

2017-02-03 17:00:14 params :
------------
String:
array (
  'message' => 
  array (
    'tousername' => 'gh_9046d2e226a2',
    'fromusername' => 'oKlYowW16_7U2Ok2QngHYGcveomw',
    'createtime' => '1486112414',
    'msgtype' => 'event',
    'event' => 'VIEW',
    'eventkey' => 'http://www.9kpu.com/app/index.php?i=35&c=home&',
    'menuid' => '412080054',
    'from' => 'oKlYowW16_7U2Ok2QngHYGcveomw',
    'to' => 'gh_9046d2e226a2',
    'time' => '1486112414',
    'type' => 'text',
    'content' => '1',
    'redirection' => true,
    'source' => 'default',
    'original' => 'http://www.9kpu.com/app/index.php?i=35&c=home&',
  ),
  'module' => 'news',
  'rule' => '64',
  'priority' => '0',
  'keyword' => 
  array (
    'id' => '119',
    'rid' => '64',
    'uniacid' => '35',
    'module' => 'news',
    'content' => '1',
    'type' => '1',
    'displayorder' => '0',
    'status' => '1',
  ),
)

2017-02-03 17:00:14 response :
------------
Array:
FromUserName : gh_9046d2e226a2 ;
ToUserName : oKlYowW16_7U2Ok2QngHYGcveomw ;
MsgType : news ;
ArticleCount : 1 ;
Articles : Array ;

2017-02-03 17:01:23 trace :
------------
String:
<xml><ToUserName><![CDATA[gh_9046d2e226a2]]></ToUserName>
<FromUserName><![CDATA[oKlYowW16_7U2Ok2QngHYGcveomw]]></FromUserName>
<CreateTime>1486112483</CreateTime>
<MsgType><![CDATA[text]]></MsgType>
<Content><![CDATA[招生]]></Content>
<MsgId>6382804513077465977</MsgId>
</xml>

2017-02-03 17:01:23 params :
------------
String:
array (
  'message' => 
  array (
    'tousername' => 'gh_9046d2e226a2',
    'fromusername' => 'oKlYowW16_7U2Ok2QngHYGcveomw',
    'createtime' => '1486112483',
    'msgtype' => 'text',
    'content' => '1',
    'msgid' => '6382804513077465977',
    'from' => 'oKlYowW16_7U2Ok2QngHYGcveomw',
    'to' => 'gh_9046d2e226a2',
    'time' => '1486112483',
    'type' => 'text',
    'event' => NULL,
    'redirection' => true,
    'source' => 'default',
    'original' => '招生',
  ),
  'module' => 'news',
  'rule' => '64',
  'priority' => '0',
  'keyword' => 
  array (
    'id' => '119',
    'rid' => '64',
    'uniacid' => '35',
    'module' => 'news',
    'content' => '1',
    'type' => '1',
    'displayorder' => '0',
    'status' => '1',
  ),
)

2017-02-03 17:01:23 response :
------------
Array:
FromUserName : gh_9046d2e226a2 ;
ToUserName : oKlYowW16_7U2Ok2QngHYGcveomw ;
MsgType : news ;
ArticleCount : 1 ;
Articles : Array ;

2017-02-03 17:54:24 trace :
------------
String:
<xml><ToUserName><![CDATA[gh_b6b2adce2b0d]]></ToUserName>
<FromUserName><![CDATA[o-SliwFSAuil_f-ub3UoF42Jjyvk]]></FromUserName>
<CreateTime>1486115664</CreateTime>
<MsgType><![CDATA[event]]></MsgType>
<Event><![CDATA[unsubscribe]]></Event>
<EventKey><![CDATA[]]></EventKey>
</xml>

2017-02-03 18:46:35 trace :
------------
String:
<xml><ToUserName><![CDATA[gh_b6b2adce2b0d]]></ToUserName>
<FromUserName><![CDATA[o-SliwC_PEYYllEfzS9b_3Hm3A3M]]></FromUserName>
<CreateTime>1486118795</CreateTime>
<MsgType><![CDATA[event]]></MsgType>
<Event><![CDATA[VIEW]]></Event>
<EventKey><![CDATA[http://www.9kpu.com/app/index.php?i=39&c=entry&eid=1]]></EventKey>
<MenuId>408723140</MenuId>
</xml>

2017-02-03 18:46:35 params :
------------
String:
array (
  'message' => 
  array (
    'tousername' => 'gh_b6b2adce2b0d',
    'fromusername' => 'o-SliwC_PEYYllEfzS9b_3Hm3A3M',
    'createtime' => '1486118795',
    'msgtype' => 'event',
    'event' => 'VIEW',
    'eventkey' => 'http://www.9kpu.com/app/index.php?i=39&c=entry&eid=1',
    'menuid' => '408723140',
    'from' => 'o-SliwC_PEYYllEfzS9b_3Hm3A3M',
    'to' => 'gh_b6b2adce2b0d',
    'time' => '1486118795',
    'type' => 'text',
    'content' => '1',
    'redirection' => true,
    'source' => 'default',
    'original' => 'http://www.9kpu.com/app/index.php?i=39&c=entry&eid=1',
  ),
  'module' => 'news',
  'rule' => '73',
  'priority' => '0',
  'keyword' => 
  array (
    'id' => '156',
    'rid' => '73',
    'uniacid' => '39',
    'module' => 'news',
    'content' => '1',
    'type' => '1',
    'displayorder' => '0',
    'status' => '1',
  ),
)

2017-02-03 18:46:35 response :
------------
Array:
FromUserName : gh_b6b2adce2b0d ;
ToUserName : o-SliwC_PEYYllEfzS9b_3Hm3A3M ;
MsgType : news ;
ArticleCount : 1 ;
Articles : Array ;

2017-02-03 18:46:40 trace :
------------
String:
<xml><ToUserName><![CDATA[gh_b6b2adce2b0d]]></ToUserName>
<FromUserName><![CDATA[o-SliwC_PEYYllEfzS9b_3Hm3A3M]]></FromUserName>
<CreateTime>1486118800</CreateTime>
<MsgType><![CDATA[event]]></MsgType>
<Event><![CDATA[VIEW]]></Event>
<EventKey><![CDATA[http://www.9kpu.com/app/index.php?i=39&c=home&]]></EventKey>
<MenuId>408723140</MenuId>
</xml>

2017-02-03 18:46:40 params :
------------
String:
array (
  'message' => 
  array (
    'tousername' => 'gh_b6b2adce2b0d',
    'fromusername' => 'o-SliwC_PEYYllEfzS9b_3Hm3A3M',
    'createtime' => '1486118800',
    'msgtype' => 'event',
    'event' => 'VIEW',
    'eventkey' => 'http://www.9kpu.com/app/index.php?i=39&c=home&',
    'menuid' => '408723140',
    'from' => 'o-SliwC_PEYYllEfzS9b_3Hm3A3M',
    'to' => 'gh_b6b2adce2b0d',
    'time' => '1486118800',
    'type' => 'text',
    'content' => '1',
    'redirection' => true,
    'source' => 'default',
    'original' => 'http://www.9kpu.com/app/index.php?i=39&c=home&',
  ),
  'module' => 'news',
  'rule' => '73',
  'priority' => '0',
  'keyword' => 
  array (
    'id' => '156',
    'rid' => '73',
    'uniacid' => '39',
    'module' => 'news',
    'content' => '1',
    'type' => '1',
    'displayorder' => '0',
    'status' => '1',
  ),
)

2017-02-03 18:46:40 response :
------------
Array:
FromUserName : gh_b6b2adce2b0d ;
ToUserName : o-SliwC_PEYYllEfzS9b_3Hm3A3M ;
MsgType : news ;
ArticleCount : 1 ;
Articles : Array ;

2017-02-03 18:48:21 trace :
------------
String:
<xml><ToUserName><![CDATA[gh_b6b2adce2b0d]]></ToUserName>
<FromUserName><![CDATA[o-SliwC_PEYYllEfzS9b_3Hm3A3M]]></FromUserName>
<CreateTime>1486118901</CreateTime>
<MsgType><![CDATA[event]]></MsgType>
<Event><![CDATA[VIEW]]></Event>
<EventKey><![CDATA[http://www.9kpu.com/app/index.php?i=39&c=entry&eid=2]]></EventKey>
<MenuId>408723140</MenuId>
</xml>

2017-02-03 18:48:21 params :
------------
String:
array (
  'message' => 
  array (
    'tousername' => 'gh_b6b2adce2b0d',
    'fromusername' => 'o-SliwC_PEYYllEfzS9b_3Hm3A3M',
    'createtime' => '1486118901',
    'msgtype' => 'event',
    'event' => 'VIEW',
    'eventkey' => 'http://www.9kpu.com/app/index.php?i=39&c=entry&eid=2',
    'menuid' => '408723140',
    'from' => 'o-SliwC_PEYYllEfzS9b_3Hm3A3M',
    'to' => 'gh_b6b2adce2b0d',
    'time' => '1486118901',
    'type' => 'text',
    'content' => '1',
    'redirection' => true,
    'source' => 'default',
    'original' => 'http://www.9kpu.com/app/index.php?i=39&c=entry&eid=2',
  ),
  'module' => 'news',
  'rule' => '73',
  'priority' => '0',
  'keyword' => 
  array (
    'id' => '156',
    'rid' => '73',
    'uniacid' => '39',
    'module' => 'news',
    'content' => '1',
    'type' => '1',
    'displayorder' => '0',
    'status' => '1',
  ),
)

2017-02-03 18:48:21 response :
------------
Array:
FromUserName : gh_b6b2adce2b0d ;
ToUserName : o-SliwC_PEYYllEfzS9b_3Hm3A3M ;
MsgType : news ;
ArticleCount : 1 ;
Articles : Array ;

2017-02-03 19:19:21 trace :
------------
String:
<xml><ToUserName><![CDATA[gh_9046d2e226a2]]></ToUserName>
<FromUserName><![CDATA[oKlYowfZ1vrL_zibTxWy4pJ50dWM]]></FromUserName>
<CreateTime>1486120761</CreateTime>
<MsgType><![CDATA[event]]></MsgType>
<Event><![CDATA[VIEW]]></Event>
<EventKey><![CDATA[http://www.9kpu.com/app/index.php?i=35&c=entry&eid=1]]></EventKey>
<MenuId>412080054</MenuId>
</xml>

2017-02-03 19:19:21 params :
------------
String:
array (
  'message' => 
  array (
    'tousername' => 'gh_9046d2e226a2',
    'fromusername' => 'oKlYowfZ1vrL_zibTxWy4pJ50dWM',
    'createtime' => '1486120761',
    'msgtype' => 'event',
    'event' => 'VIEW',
    'eventkey' => 'http://www.9kpu.com/app/index.php?i=35&c=entry&eid=1',
    'menuid' => '412080054',
    'from' => 'oKlYowfZ1vrL_zibTxWy4pJ50dWM',
    'to' => 'gh_9046d2e226a2',
    'time' => '1486120761',
    'type' => 'text',
    'content' => '1',
    'redirection' => true,
    'source' => 'default',
    'original' => 'http://www.9kpu.com/app/index.php?i=35&c=entry&eid=1',
  ),
  'module' => 'news',
  'rule' => '64',
  'priority' => '0',
  'keyword' => 
  array (
    'id' => '119',
    'rid' => '64',
    'uniacid' => '35',
    'module' => 'news',
    'content' => '1',
    'type' => '1',
    'displayorder' => '0',
    'status' => '1',
  ),
)

2017-02-03 19:19:21 response :
------------
Array:
FromUserName : gh_9046d2e226a2 ;
ToUserName : oKlYowfZ1vrL_zibTxWy4pJ50dWM ;
MsgType : news ;
ArticleCount : 1 ;
Articles : Array ;

2017-02-03 19:28:51 trace :
------------
String:
<xml><ToUserName><![CDATA[gh_9046d2e226a2]]></ToUserName>
<FromUserName><![CDATA[oKlYowYg_eYNigT4Db5EH583CR5A]]></FromUserName>
<CreateTime>1486121331</CreateTime>
<MsgType><![CDATA[event]]></MsgType>
<Event><![CDATA[VIEW]]></Event>
<EventKey><![CDATA[http://www.9kpu.com/app/index.php?i=35&c=entry&eid=1]]></EventKey>
<MenuId>412080054</MenuId>
</xml>

2017-02-03 19:28:51 params :
------------
String:
array (
  'message' => 
  array (
    'tousername' => 'gh_9046d2e226a2',
    'fromusername' => 'oKlYowYg_eYNigT4Db5EH583CR5A',
    'createtime' => '1486121331',
    'msgtype' => 'event',
    'event' => 'VIEW',
    'eventkey' => 'http://www.9kpu.com/app/index.php?i=35&c=entry&eid=1',
    'menuid' => '412080054',
    'from' => 'oKlYowYg_eYNigT4Db5EH583CR5A',
    'to' => 'gh_9046d2e226a2',
    'time' => '1486121331',
    'type' => 'text',
    'content' => '1',
    'redirection' => true,
    'source' => 'default',
    'original' => 'http://www.9kpu.com/app/index.php?i=35&c=entry&eid=1',
  ),
  'module' => 'news',
  'rule' => '64',
  'priority' => '0',
  'keyword' => 
  array (
    'id' => '119',
    'rid' => '64',
    'uniacid' => '35',
    'module' => 'news',
    'content' => '1',
    'type' => '1',
    'displayorder' => '0',
    'status' => '1',
  ),
)

2017-02-03 19:28:51 response :
------------
Array:
FromUserName : gh_9046d2e226a2 ;
ToUserName : oKlYowYg_eYNigT4Db5EH583CR5A ;
MsgType : news ;
ArticleCount : 1 ;
Articles : Array ;

2017-02-03 19:29:57 trace :
------------
String:
<xml><ToUserName><![CDATA[gh_9046d2e226a2]]></ToUserName>
<FromUserName><![CDATA[oKlYowYg_eYNigT4Db5EH583CR5A]]></FromUserName>
<CreateTime>1486121397</CreateTime>
<MsgType><![CDATA[event]]></MsgType>
<Event><![CDATA[VIEW]]></Event>
<EventKey><![CDATA[http://www.9kpu.com/app/index.php?i=35&c=home&]]></EventKey>
<MenuId>412080054</MenuId>
</xml>

2017-02-03 19:29:57 params :
------------
String:
array (
  'message' => 
  array (
    'tousername' => 'gh_9046d2e226a2',
    'fromusername' => 'oKlYowYg_eYNigT4Db5EH583CR5A',
    'createtime' => '1486121397',
    'msgtype' => 'event',
    'event' => 'VIEW',
    'eventkey' => 'http://www.9kpu.com/app/index.php?i=35&c=home&',
    'menuid' => '412080054',
    'from' => 'oKlYowYg_eYNigT4Db5EH583CR5A',
    'to' => 'gh_9046d2e226a2',
    'time' => '1486121397',
    'type' => 'text',
    'content' => '1',
    'redirection' => true,
    'source' => 'default',
    'original' => 'http://www.9kpu.com/app/index.php?i=35&c=home&',
  ),
  'module' => 'news',
  'rule' => '64',
  'priority' => '0',
  'keyword' => 
  array (
    'id' => '119',
    'rid' => '64',
    'uniacid' => '35',
    'module' => 'news',
    'content' => '1',
    'type' => '1',
    'displayorder' => '0',
    'status' => '1',
  ),
)

2017-02-03 19:29:57 response :
------------
Array:
FromUserName : gh_9046d2e226a2 ;
ToUserName : oKlYowYg_eYNigT4Db5EH583CR5A ;
MsgType : news ;
ArticleCount : 1 ;
Articles : Array ;

2017-02-03 19:40:19 trace :
------------
String:
<xml><ToUserName><![CDATA[gh_9046d2e226a2]]></ToUserName>
<FromUserName><![CDATA[oKlYowcJ24bMJyy9KZLncdSrjosM]]></FromUserName>
<CreateTime>1486122019</CreateTime>
<MsgType><![CDATA[event]]></MsgType>
<Event><![CDATA[VIEW]]></Event>
<EventKey><![CDATA[http://www.9kpu.com/app/index.php?i=35&c=entry&eid=1]]></EventKey>
<MenuId>412080054</MenuId>
</xml>

2017-02-03 19:40:19 params :
------------
String:
array (
  'message' => 
  array (
    'tousername' => 'gh_9046d2e226a2',
    'fromusername' => 'oKlYowcJ24bMJyy9KZLncdSrjosM',
    'createtime' => '1486122019',
    'msgtype' => 'event',
    'event' => 'VIEW',
    'eventkey' => 'http://www.9kpu.com/app/index.php?i=35&c=entry&eid=1',
    'menuid' => '412080054',
    'from' => 'oKlYowcJ24bMJyy9KZLncdSrjosM',
    'to' => 'gh_9046d2e226a2',
    'time' => '1486122019',
    'type' => 'text',
    'content' => '1',
    'redirection' => true,
    'source' => 'default',
    'original' => 'http://www.9kpu.com/app/index.php?i=35&c=entry&eid=1',
  ),
  'module' => 'news',
  'rule' => '64',
  'priority' => '0',
  'keyword' => 
  array (
    'id' => '119',
    'rid' => '64',
    'uniacid' => '35',
    'module' => 'news',
    'content' => '1',
    'type' => '1',
    'displayorder' => '0',
    'status' => '1',
  ),
)

2017-02-03 19:40:19 response :
------------
Array:
FromUserName : gh_9046d2e226a2 ;
ToUserName : oKlYowcJ24bMJyy9KZLncdSrjosM ;
MsgType : news ;
ArticleCount : 1 ;
Articles : Array ;

2017-02-03 20:23:46 trace :
------------
String:
<xml><ToUserName><![CDATA[gh_9046d2e226a2]]></ToUserName>
<FromUserName><![CDATA[oKlYowYdReqdhWI_kS7NoPRHAqiM]]></FromUserName>
<CreateTime>1486124626</CreateTime>
<MsgType><![CDATA[event]]></MsgType>
<Event><![CDATA[VIEW]]></Event>
<EventKey><![CDATA[http://www.9kpu.com/app/index.php?i=35&c=entry&eid=2]]></EventKey>
<MenuId>412080054</MenuId>
</xml>

2017-02-03 20:23:46 params :
------------
String:
array (
  'message' => 
  array (
    'tousername' => 'gh_9046d2e226a2',
    'fromusername' => 'oKlYowYdReqdhWI_kS7NoPRHAqiM',
    'createtime' => '1486124626',
    'msgtype' => 'event',
    'event' => 'VIEW',
    'eventkey' => 'http://www.9kpu.com/app/index.php?i=35&c=entry&eid=2',
    'menuid' => '412080054',
    'from' => 'oKlYowYdReqdhWI_kS7NoPRHAqiM',
    'to' => 'gh_9046d2e226a2',
    'time' => '1486124626',
    'type' => 'text',
    'content' => '1',
    'redirection' => true,
    'source' => 'default',
    'original' => 'http://www.9kpu.com/app/index.php?i=35&c=entry&eid=2',
  ),
  'module' => 'news',
  'rule' => '64',
  'priority' => '0',
  'keyword' => 
  array (
    'id' => '119',
    'rid' => '64',
    'uniacid' => '35',
    'module' => 'news',
    'content' => '1',
    'type' => '1',
    'displayorder' => '0',
    'status' => '1',
  ),
)

2017-02-03 20:23:46 response :
------------
Array:
FromUserName : gh_9046d2e226a2 ;
ToUserName : oKlYowYdReqdhWI_kS7NoPRHAqiM ;
MsgType : news ;
ArticleCount : 1 ;
Articles : Array ;

2017-02-03 23:11:18 trace :
------------
String:
<xml><ToUserName><![CDATA[gh_9046d2e226a2]]></ToUserName>
<FromUserName><![CDATA[oKlYowWwxbNmRxhPJxP7f4UhCuao]]></FromUserName>
<CreateTime>1486134678</CreateTime>
<MsgType><![CDATA[event]]></MsgType>
<Event><![CDATA[VIEW]]></Event>
<EventKey><![CDATA[http://www.9kpu.com/app/index.php?i=35&c=entry&eid=2]]></EventKey>
<MenuId>412080054</MenuId>
</xml>

2017-02-03 23:11:18 params :
------------
String:
array (
  'message' => 
  array (
    'tousername' => 'gh_9046d2e226a2',
    'fromusername' => 'oKlYowWwxbNmRxhPJxP7f4UhCuao',
    'createtime' => '1486134678',
    'msgtype' => 'event',
    'event' => 'VIEW',
    'eventkey' => 'http://www.9kpu.com/app/index.php?i=35&c=entry&eid=2',
    'menuid' => '412080054',
    'from' => 'oKlYowWwxbNmRxhPJxP7f4UhCuao',
    'to' => 'gh_9046d2e226a2',
    'time' => '1486134678',
    'type' => 'text',
    'content' => '1',
    'redirection' => true,
    'source' => 'default',
    'original' => 'http://www.9kpu.com/app/index.php?i=35&c=entry&eid=2',
  ),
  'module' => 'news',
  'rule' => '64',
  'priority' => '0',
  'keyword' => 
  array (
    'id' => '119',
    'rid' => '64',
    'uniacid' => '35',
    'module' => 'news',
    'content' => '1',
    'type' => '1',
    'displayorder' => '0',
    'status' => '1',
  ),
)

2017-02-03 23:11:18 response :
------------
Array:
FromUserName : gh_9046d2e226a2 ;
ToUserName : oKlYowWwxbNmRxhPJxP7f4UhCuao ;
MsgType : news ;
ArticleCount : 1 ;
Articles : Array ;

