2017-01-25 08:19:57 trace :
------------
String:
<xml><ToUserName><![CDATA[gh_9046d2e226a2]]></ToUserName>
<FromUserName><![CDATA[oKlYowTqf7cw3egeM_I95a6odXKU]]></FromUserName>
<CreateTime>1485303597</CreateTime>
<MsgType><![CDATA[event]]></MsgType>
<Event><![CDATA[VIEW]]></Event>
<EventKey><![CDATA[http://www.9kpu.com/app/index.php?i=35&c=entry&eid=1]]></EventKey>
<MenuId>412080054</MenuId>
</xml>

2017-01-25 08:19:57 params :
------------
String:
array (
  'message' => 
  array (
    'tousername' => 'gh_9046d2e226a2',
    'fromusername' => 'oKlYowTqf7cw3egeM_I95a6odXKU',
    'createtime' => '1485303597',
    'msgtype' => 'event',
    'event' => 'VIEW',
    'eventkey' => 'http://www.9kpu.com/app/index.php?i=35&c=entry&eid=1',
    'menuid' => '412080054',
    'from' => 'oKlYowTqf7cw3egeM_I95a6odXKU',
    'to' => 'gh_9046d2e226a2',
    'time' => '1485303597',
    'type' => 'text',
    'content' => '1',
    'redirection' => true,
    'source' => 'default',
    'original' => 'http://www.9kpu.com/app/index.php?i=35&c=entry&eid=1',
  ),
  'module' => 'news',
  'rule' => '64',
  'priority' => '0',
  'keyword' => 
  array (
    'id' => '119',
    'rid' => '64',
    'uniacid' => '35',
    'module' => 'news',
    'content' => '1',
    'type' => '1',
    'displayorder' => '0',
    'status' => '1',
  ),
)

2017-01-25 08:19:57 response :
------------
Array:
FromUserName : gh_9046d2e226a2 ;
ToUserName : oKlYowTqf7cw3egeM_I95a6odXKU ;
MsgType : news ;
ArticleCount : 1 ;
Articles : Array ;

2017-01-25 08:20:03 trace :
------------
String:
<xml><ToUserName><![CDATA[gh_9046d2e226a2]]></ToUserName>
<FromUserName><![CDATA[oKlYowTqf7cw3egeM_I95a6odXKU]]></FromUserName>
<CreateTime>1485303602</CreateTime>
<MsgType><![CDATA[event]]></MsgType>
<Event><![CDATA[VIEW]]></Event>
<EventKey><![CDATA[http://www.9kpu.com/app/index.php?i=35&c=home&]]></EventKey>
<MenuId>412080054</MenuId>
</xml>

2017-01-25 08:20:03 params :
------------
String:
array (
  'message' => 
  array (
    'tousername' => 'gh_9046d2e226a2',
    'fromusername' => 'oKlYowTqf7cw3egeM_I95a6odXKU',
    'createtime' => '1485303602',
    'msgtype' => 'event',
    'event' => 'VIEW',
    'eventkey' => 'http://www.9kpu.com/app/index.php?i=35&c=home&',
    'menuid' => '412080054',
    'from' => 'oKlYowTqf7cw3egeM_I95a6odXKU',
    'to' => 'gh_9046d2e226a2',
    'time' => '1485303602',
    'type' => 'text',
    'content' => '1',
    'redirection' => true,
    'source' => 'default',
    'original' => 'http://www.9kpu.com/app/index.php?i=35&c=home&',
  ),
  'module' => 'news',
  'rule' => '64',
  'priority' => '0',
  'keyword' => 
  array (
    'id' => '119',
    'rid' => '64',
    'uniacid' => '35',
    'module' => 'news',
    'content' => '1',
    'type' => '1',
    'displayorder' => '0',
    'status' => '1',
  ),
)

2017-01-25 08:20:03 response :
------------
Array:
FromUserName : gh_9046d2e226a2 ;
ToUserName : oKlYowTqf7cw3egeM_I95a6odXKU ;
MsgType : news ;
ArticleCount : 1 ;
Articles : Array ;

2017-01-25 08:20:29 trace :
------------
String:
<xml><ToUserName><![CDATA[gh_9046d2e226a2]]></ToUserName>
<FromUserName><![CDATA[oKlYowTqf7cw3egeM_I95a6odXKU]]></FromUserName>
<CreateTime>1485303629</CreateTime>
<MsgType><![CDATA[event]]></MsgType>
<Event><![CDATA[VIEW]]></Event>
<EventKey><![CDATA[http://www.9kpu.com/app/index.php?i=35&c=entry&eid=1]]></EventKey>
<MenuId>412080054</MenuId>
</xml>

2017-01-25 08:20:29 params :
------------
String:
array (
  'message' => 
  array (
    'tousername' => 'gh_9046d2e226a2',
    'fromusername' => 'oKlYowTqf7cw3egeM_I95a6odXKU',
    'createtime' => '1485303629',
    'msgtype' => 'event',
    'event' => 'VIEW',
    'eventkey' => 'http://www.9kpu.com/app/index.php?i=35&c=entry&eid=1',
    'menuid' => '412080054',
    'from' => 'oKlYowTqf7cw3egeM_I95a6odXKU',
    'to' => 'gh_9046d2e226a2',
    'time' => '1485303629',
    'type' => 'text',
    'content' => '1',
    'redirection' => true,
    'source' => 'default',
    'original' => 'http://www.9kpu.com/app/index.php?i=35&c=entry&eid=1',
  ),
  'module' => 'news',
  'rule' => '64',
  'priority' => '0',
  'keyword' => 
  array (
    'id' => '119',
    'rid' => '64',
    'uniacid' => '35',
    'module' => 'news',
    'content' => '1',
    'type' => '1',
    'displayorder' => '0',
    'status' => '1',
  ),
)

2017-01-25 08:20:29 response :
------------
Array:
FromUserName : gh_9046d2e226a2 ;
ToUserName : oKlYowTqf7cw3egeM_I95a6odXKU ;
MsgType : news ;
ArticleCount : 1 ;
Articles : Array ;

2017-01-25 08:21:23 trace :
------------
String:
<xml><ToUserName><![CDATA[gh_9046d2e226a2]]></ToUserName>
<FromUserName><![CDATA[oKlYowTqf7cw3egeM_I95a6odXKU]]></FromUserName>
<CreateTime>1485303683</CreateTime>
<MsgType><![CDATA[event]]></MsgType>
<Event><![CDATA[VIEW]]></Event>
<EventKey><![CDATA[http://www.9kpu.com/app/index.php?i=35&c=entry&eid=2]]></EventKey>
<MenuId>412080054</MenuId>
</xml>

2017-01-25 08:21:23 params :
------------
String:
array (
  'message' => 
  array (
    'tousername' => 'gh_9046d2e226a2',
    'fromusername' => 'oKlYowTqf7cw3egeM_I95a6odXKU',
    'createtime' => '1485303683',
    'msgtype' => 'event',
    'event' => 'VIEW',
    'eventkey' => 'http://www.9kpu.com/app/index.php?i=35&c=entry&eid=2',
    'menuid' => '412080054',
    'from' => 'oKlYowTqf7cw3egeM_I95a6odXKU',
    'to' => 'gh_9046d2e226a2',
    'time' => '1485303683',
    'type' => 'text',
    'content' => '1',
    'redirection' => true,
    'source' => 'default',
    'original' => 'http://www.9kpu.com/app/index.php?i=35&c=entry&eid=2',
  ),
  'module' => 'news',
  'rule' => '64',
  'priority' => '0',
  'keyword' => 
  array (
    'id' => '119',
    'rid' => '64',
    'uniacid' => '35',
    'module' => 'news',
    'content' => '1',
    'type' => '1',
    'displayorder' => '0',
    'status' => '1',
  ),
)

2017-01-25 08:21:23 response :
------------
Array:
FromUserName : gh_9046d2e226a2 ;
ToUserName : oKlYowTqf7cw3egeM_I95a6odXKU ;
MsgType : news ;
ArticleCount : 1 ;
Articles : Array ;

2017-01-25 08:21:42 trace :
------------
String:
<xml><ToUserName><![CDATA[gh_9046d2e226a2]]></ToUserName>
<FromUserName><![CDATA[oKlYowTqf7cw3egeM_I95a6odXKU]]></FromUserName>
<CreateTime>1485303702</CreateTime>
<MsgType><![CDATA[event]]></MsgType>
<Event><![CDATA[VIEW]]></Event>
<EventKey><![CDATA[http://www.9kpu.com/app/index.php?i=35&c=home&]]></EventKey>
<MenuId>412080054</MenuId>
</xml>

2017-01-25 08:21:42 params :
------------
String:
array (
  'message' => 
  array (
    'tousername' => 'gh_9046d2e226a2',
    'fromusername' => 'oKlYowTqf7cw3egeM_I95a6odXKU',
    'createtime' => '1485303702',
    'msgtype' => 'event',
    'event' => 'VIEW',
    'eventkey' => 'http://www.9kpu.com/app/index.php?i=35&c=home&',
    'menuid' => '412080054',
    'from' => 'oKlYowTqf7cw3egeM_I95a6odXKU',
    'to' => 'gh_9046d2e226a2',
    'time' => '1485303702',
    'type' => 'text',
    'content' => '1',
    'redirection' => true,
    'source' => 'default',
    'original' => 'http://www.9kpu.com/app/index.php?i=35&c=home&',
  ),
  'module' => 'news',
  'rule' => '64',
  'priority' => '0',
  'keyword' => 
  array (
    'id' => '119',
    'rid' => '64',
    'uniacid' => '35',
    'module' => 'news',
    'content' => '1',
    'type' => '1',
    'displayorder' => '0',
    'status' => '1',
  ),
)

2017-01-25 08:21:42 response :
------------
Array:
FromUserName : gh_9046d2e226a2 ;
ToUserName : oKlYowTqf7cw3egeM_I95a6odXKU ;
MsgType : news ;
ArticleCount : 1 ;
Articles : Array ;

2017-01-25 08:23:58 trace :
------------
String:
<xml><ToUserName><![CDATA[gh_9046d2e226a2]]></ToUserName>
<FromUserName><![CDATA[oKlYowTqf7cw3egeM_I95a6odXKU]]></FromUserName>
<CreateTime>1485303838</CreateTime>
<MsgType><![CDATA[event]]></MsgType>
<Event><![CDATA[VIEW]]></Event>
<EventKey><![CDATA[http://www.9kpu.com/app/index.php?i=35&c=home&]]></EventKey>
<MenuId>412080054</MenuId>
</xml>

2017-01-25 08:23:58 params :
------------
String:
array (
  'message' => 
  array (
    'tousername' => 'gh_9046d2e226a2',
    'fromusername' => 'oKlYowTqf7cw3egeM_I95a6odXKU',
    'createtime' => '1485303838',
    'msgtype' => 'event',
    'event' => 'VIEW',
    'eventkey' => 'http://www.9kpu.com/app/index.php?i=35&c=home&',
    'menuid' => '412080054',
    'from' => 'oKlYowTqf7cw3egeM_I95a6odXKU',
    'to' => 'gh_9046d2e226a2',
    'time' => '1485303838',
    'type' => 'text',
    'content' => '1',
    'redirection' => true,
    'source' => 'default',
    'original' => 'http://www.9kpu.com/app/index.php?i=35&c=home&',
  ),
  'module' => 'news',
  'rule' => '64',
  'priority' => '0',
  'keyword' => 
  array (
    'id' => '119',
    'rid' => '64',
    'uniacid' => '35',
    'module' => 'news',
    'content' => '1',
    'type' => '1',
    'displayorder' => '0',
    'status' => '1',
  ),
)

2017-01-25 08:23:58 response :
------------
Array:
FromUserName : gh_9046d2e226a2 ;
ToUserName : oKlYowTqf7cw3egeM_I95a6odXKU ;
MsgType : news ;
ArticleCount : 1 ;
Articles : Array ;

2017-01-25 09:24:45 trace :
------------
String:
<xml><ToUserName><![CDATA[gh_9046d2e226a2]]></ToUserName>
<FromUserName><![CDATA[oKlYowYSbTqnbXaSZwzCXkzr76Qc]]></FromUserName>
<CreateTime>1485307485</CreateTime>
<MsgType><![CDATA[event]]></MsgType>
<Event><![CDATA[unsubscribe]]></Event>
<EventKey><![CDATA[]]></EventKey>
</xml>

2017-01-25 11:31:10 trace :
------------
String:
<xml><ToUserName><![CDATA[gh_b6b2adce2b0d]]></ToUserName>
<FromUserName><![CDATA[o-SliwI63t6zWZtM-NILP2hrMNfU]]></FromUserName>
<CreateTime>1485315070</CreateTime>
<MsgType><![CDATA[event]]></MsgType>
<Event><![CDATA[unsubscribe]]></Event>
<EventKey><![CDATA[]]></EventKey>
</xml>

2017-01-25 12:34:30 trace :
------------
String:
<xml><ToUserName><![CDATA[gh_9046d2e226a2]]></ToUserName>
<FromUserName><![CDATA[oKlYowfJFjlpdt97xjdgumnebZsM]]></FromUserName>
<CreateTime>1485318870</CreateTime>
<MsgType><![CDATA[event]]></MsgType>
<Event><![CDATA[VIEW]]></Event>
<EventKey><![CDATA[http://www.9kpu.com/app/index.php?i=35&c=entry&eid=1]]></EventKey>
<MenuId>412080054</MenuId>
</xml>

2017-01-25 12:34:30 params :
------------
String:
array (
  'message' => 
  array (
    'tousername' => 'gh_9046d2e226a2',
    'fromusername' => 'oKlYowfJFjlpdt97xjdgumnebZsM',
    'createtime' => '1485318870',
    'msgtype' => 'event',
    'event' => 'VIEW',
    'eventkey' => 'http://www.9kpu.com/app/index.php?i=35&c=entry&eid=1',
    'menuid' => '412080054',
    'from' => 'oKlYowfJFjlpdt97xjdgumnebZsM',
    'to' => 'gh_9046d2e226a2',
    'time' => '1485318870',
    'type' => 'text',
    'content' => '1',
    'redirection' => true,
    'source' => 'default',
    'original' => 'http://www.9kpu.com/app/index.php?i=35&c=entry&eid=1',
  ),
  'module' => 'news',
  'rule' => '64',
  'priority' => '0',
  'keyword' => 
  array (
    'id' => '119',
    'rid' => '64',
    'uniacid' => '35',
    'module' => 'news',
    'content' => '1',
    'type' => '1',
    'displayorder' => '0',
    'status' => '1',
  ),
)

2017-01-25 12:34:30 response :
------------
Array:
FromUserName : gh_9046d2e226a2 ;
ToUserName : oKlYowfJFjlpdt97xjdgumnebZsM ;
MsgType : news ;
ArticleCount : 1 ;
Articles : Array ;

2017-01-25 12:35:16 trace :
------------
String:
<xml><ToUserName><![CDATA[gh_9046d2e226a2]]></ToUserName>
<FromUserName><![CDATA[oKlYowfJFjlpdt97xjdgumnebZsM]]></FromUserName>
<CreateTime>1485318916</CreateTime>
<MsgType><![CDATA[event]]></MsgType>
<Event><![CDATA[VIEW]]></Event>
<EventKey><![CDATA[http://www.9kpu.com/app/index.php?i=35&c=entry&eid=1]]></EventKey>
<MenuId>412080054</MenuId>
</xml>

2017-01-25 12:35:16 params :
------------
String:
array (
  'message' => 
  array (
    'tousername' => 'gh_9046d2e226a2',
    'fromusername' => 'oKlYowfJFjlpdt97xjdgumnebZsM',
    'createtime' => '1485318916',
    'msgtype' => 'event',
    'event' => 'VIEW',
    'eventkey' => 'http://www.9kpu.com/app/index.php?i=35&c=entry&eid=1',
    'menuid' => '412080054',
    'from' => 'oKlYowfJFjlpdt97xjdgumnebZsM',
    'to' => 'gh_9046d2e226a2',
    'time' => '1485318916',
    'type' => 'text',
    'content' => '1',
    'redirection' => true,
    'source' => 'default',
    'original' => 'http://www.9kpu.com/app/index.php?i=35&c=entry&eid=1',
  ),
  'module' => 'news',
  'rule' => '64',
  'priority' => '0',
  'keyword' => 
  array (
    'id' => '119',
    'rid' => '64',
    'uniacid' => '35',
    'module' => 'news',
    'content' => '1',
    'type' => '1',
    'displayorder' => '0',
    'status' => '1',
  ),
)

2017-01-25 12:35:16 response :
------------
Array:
FromUserName : gh_9046d2e226a2 ;
ToUserName : oKlYowfJFjlpdt97xjdgumnebZsM ;
MsgType : news ;
ArticleCount : 1 ;
Articles : Array ;

2017-01-25 12:51:26 trace :
------------
String:
<xml><ToUserName><![CDATA[gh_ad1abe4f841e]]></ToUserName>
<FromUserName><![CDATA[oF5iMvwLeIBq3jwy-DlAwiT_8plA]]></FromUserName>
<CreateTime>1485319886</CreateTime>
<MsgType><![CDATA[event]]></MsgType>
<Event><![CDATA[VIEW]]></Event>
<EventKey><![CDATA[http://www.9kpu.com/app/index.php?i=41&c=entry&eid=1]]></EventKey>
<MenuId>409163649</MenuId>
</xml>

2017-01-25 12:51:26 params :
------------
String:
array (
  'message' => 
  array (
    'tousername' => 'gh_ad1abe4f841e',
    'fromusername' => 'oF5iMvwLeIBq3jwy-DlAwiT_8plA',
    'createtime' => '1485319886',
    'msgtype' => 'event',
    'event' => 'VIEW',
    'eventkey' => 'http://www.9kpu.com/app/index.php?i=41&c=entry&eid=1',
    'menuid' => '409163649',
    'from' => 'oF5iMvwLeIBq3jwy-DlAwiT_8plA',
    'to' => 'gh_ad1abe4f841e',
    'time' => '1485319886',
    'type' => 'text',
    'content' => '1',
    'redirection' => true,
    'source' => 'default',
    'original' => 'http://www.9kpu.com/app/index.php?i=41&c=entry&eid=1',
  ),
  'module' => 'news',
  'rule' => '93',
  'priority' => '0',
  'keyword' => 
  array (
    'id' => '197',
    'rid' => '93',
    'uniacid' => '41',
    'module' => 'news',
    'content' => '1',
    'type' => '1',
    'displayorder' => '0',
    'status' => '1',
  ),
)

2017-01-25 12:51:26 response :
------------
Array:
FromUserName : gh_ad1abe4f841e ;
ToUserName : oF5iMvwLeIBq3jwy-DlAwiT_8plA ;
MsgType : news ;
ArticleCount : 1 ;
Articles : Array ;

2017-01-25 13:43:45 trace :
------------
String:
<xml><ToUserName><![CDATA[gh_9046d2e226a2]]></ToUserName>
<FromUserName><![CDATA[oKlYowZ7YRIejtjH9m2MSEZrFGdc]]></FromUserName>
<CreateTime>1485323025</CreateTime>
<MsgType><![CDATA[event]]></MsgType>
<Event><![CDATA[VIEW]]></Event>
<EventKey><![CDATA[http://www.9kpu.com/app/index.php?i=35&c=entry&eid=2]]></EventKey>
<MenuId>412080054</MenuId>
</xml>

2017-01-25 13:43:45 params :
------------
String:
array (
  'message' => 
  array (
    'tousername' => 'gh_9046d2e226a2',
    'fromusername' => 'oKlYowZ7YRIejtjH9m2MSEZrFGdc',
    'createtime' => '1485323025',
    'msgtype' => 'event',
    'event' => 'VIEW',
    'eventkey' => 'http://www.9kpu.com/app/index.php?i=35&c=entry&eid=2',
    'menuid' => '412080054',
    'from' => 'oKlYowZ7YRIejtjH9m2MSEZrFGdc',
    'to' => 'gh_9046d2e226a2',
    'time' => '1485323025',
    'type' => 'text',
    'content' => '1',
    'redirection' => true,
    'source' => 'default',
    'original' => 'http://www.9kpu.com/app/index.php?i=35&c=entry&eid=2',
  ),
  'module' => 'news',
  'rule' => '64',
  'priority' => '0',
  'keyword' => 
  array (
    'id' => '119',
    'rid' => '64',
    'uniacid' => '35',
    'module' => 'news',
    'content' => '1',
    'type' => '1',
    'displayorder' => '0',
    'status' => '1',
  ),
)

2017-01-25 13:43:45 response :
------------
Array:
FromUserName : gh_9046d2e226a2 ;
ToUserName : oKlYowZ7YRIejtjH9m2MSEZrFGdc ;
MsgType : news ;
ArticleCount : 1 ;
Articles : Array ;

2017-01-25 14:08:03 trace :
------------
String:
<xml><ToUserName><![CDATA[gh_c1f688272a23]]></ToUserName>
<FromUserName><![CDATA[ojZUGwEqeEPLXLrB4gajjt5y99tM]]></FromUserName>
<CreateTime>1485324483</CreateTime>
<MsgType><![CDATA[event]]></MsgType>
<Event><![CDATA[VIEW]]></Event>
<EventKey><![CDATA[http://www.9kpu.com/app/index.php?i=38&c=entry&eid=2]]></EventKey>
<MenuId>421375213</MenuId>
</xml>

2017-01-25 14:08:03 params :
------------
String:
array (
  'message' => 
  array (
    'tousername' => 'gh_c1f688272a23',
    'fromusername' => 'ojZUGwEqeEPLXLrB4gajjt5y99tM',
    'createtime' => '1485324483',
    'msgtype' => 'event',
    'event' => 'VIEW',
    'eventkey' => 'http://www.9kpu.com/app/index.php?i=38&c=entry&eid=2',
    'menuid' => '421375213',
    'from' => 'ojZUGwEqeEPLXLrB4gajjt5y99tM',
    'to' => 'gh_c1f688272a23',
    'time' => '1485324483',
    'type' => 'text',
    'content' => '1',
    'redirection' => true,
    'source' => 'default',
    'original' => 'http://www.9kpu.com/app/index.php?i=38&c=entry&eid=2',
  ),
  'module' => 'news',
  'rule' => '109',
  'priority' => '0',
  'keyword' => 
  array (
    'id' => '224',
    'rid' => '109',
    'uniacid' => '38',
    'module' => 'news',
    'content' => '1',
    'type' => '1',
    'displayorder' => '0',
    'status' => '1',
  ),
)

2017-01-25 14:08:03 response :
------------
Array:
FromUserName : gh_c1f688272a23 ;
ToUserName : ojZUGwEqeEPLXLrB4gajjt5y99tM ;
MsgType : news ;
ArticleCount : 1 ;
Articles : Array ;

2017-01-25 14:08:19 trace :
------------
String:
<xml><ToUserName><![CDATA[gh_c1f688272a23]]></ToUserName>
<FromUserName><![CDATA[ojZUGwEqeEPLXLrB4gajjt5y99tM]]></FromUserName>
<CreateTime>1485324499</CreateTime>
<MsgType><![CDATA[event]]></MsgType>
<Event><![CDATA[VIEW]]></Event>
<EventKey><![CDATA[http://www.9kpu.com/app/index.php?i=38&c=entry&eid=1]]></EventKey>
<MenuId>421375213</MenuId>
</xml>

2017-01-25 14:08:19 params :
------------
String:
array (
  'message' => 
  array (
    'tousername' => 'gh_c1f688272a23',
    'fromusername' => 'ojZUGwEqeEPLXLrB4gajjt5y99tM',
    'createtime' => '1485324499',
    'msgtype' => 'event',
    'event' => 'VIEW',
    'eventkey' => 'http://www.9kpu.com/app/index.php?i=38&c=entry&eid=1',
    'menuid' => '421375213',
    'from' => 'ojZUGwEqeEPLXLrB4gajjt5y99tM',
    'to' => 'gh_c1f688272a23',
    'time' => '1485324499',
    'type' => 'text',
    'content' => '1',
    'redirection' => true,
    'source' => 'default',
    'original' => 'http://www.9kpu.com/app/index.php?i=38&c=entry&eid=1',
  ),
  'module' => 'news',
  'rule' => '109',
  'priority' => '0',
  'keyword' => 
  array (
    'id' => '224',
    'rid' => '109',
    'uniacid' => '38',
    'module' => 'news',
    'content' => '1',
    'type' => '1',
    'displayorder' => '0',
    'status' => '1',
  ),
)

2017-01-25 14:08:19 response :
------------
Array:
FromUserName : gh_c1f688272a23 ;
ToUserName : ojZUGwEqeEPLXLrB4gajjt5y99tM ;
MsgType : news ;
ArticleCount : 1 ;
Articles : Array ;

2017-01-25 14:08:22 trace :
------------
String:
<xml><ToUserName><![CDATA[gh_c1f688272a23]]></ToUserName>
<FromUserName><![CDATA[ojZUGwEqeEPLXLrB4gajjt5y99tM]]></FromUserName>
<CreateTime>1485324502</CreateTime>
<MsgType><![CDATA[event]]></MsgType>
<Event><![CDATA[VIEW]]></Event>
<EventKey><![CDATA[http://www.9kpu.com/app/index.php?i=38&c=entry&eid=1]]></EventKey>
<MenuId>421375213</MenuId>
</xml>

2017-01-25 14:08:22 params :
------------
String:
array (
  'message' => 
  array (
    'tousername' => 'gh_c1f688272a23',
    'fromusername' => 'ojZUGwEqeEPLXLrB4gajjt5y99tM',
    'createtime' => '1485324502',
    'msgtype' => 'event',
    'event' => 'VIEW',
    'eventkey' => 'http://www.9kpu.com/app/index.php?i=38&c=entry&eid=1',
    'menuid' => '421375213',
    'from' => 'ojZUGwEqeEPLXLrB4gajjt5y99tM',
    'to' => 'gh_c1f688272a23',
    'time' => '1485324502',
    'type' => 'text',
    'content' => '1',
    'redirection' => true,
    'source' => 'default',
    'original' => 'http://www.9kpu.com/app/index.php?i=38&c=entry&eid=1',
  ),
  'module' => 'news',
  'rule' => '109',
  'priority' => '0',
  'keyword' => 
  array (
    'id' => '224',
    'rid' => '109',
    'uniacid' => '38',
    'module' => 'news',
    'content' => '1',
    'type' => '1',
    'displayorder' => '0',
    'status' => '1',
  ),
)

2017-01-25 14:08:22 response :
------------
Array:
FromUserName : gh_c1f688272a23 ;
ToUserName : ojZUGwEqeEPLXLrB4gajjt5y99tM ;
MsgType : news ;
ArticleCount : 1 ;
Articles : Array ;

2017-01-25 14:08:30 trace :
------------
String:
<xml><ToUserName><![CDATA[gh_c1f688272a23]]></ToUserName>
<FromUserName><![CDATA[ojZUGwEqeEPLXLrB4gajjt5y99tM]]></FromUserName>
<CreateTime>1485324510</CreateTime>
<MsgType><![CDATA[event]]></MsgType>
<Event><![CDATA[VIEW]]></Event>
<EventKey><![CDATA[http://www.9kpu.com/app/index.php?i=38&c=home&]]></EventKey>
<MenuId>421375213</MenuId>
</xml>

2017-01-25 14:08:30 params :
------------
String:
array (
  'message' => 
  array (
    'tousername' => 'gh_c1f688272a23',
    'fromusername' => 'ojZUGwEqeEPLXLrB4gajjt5y99tM',
    'createtime' => '1485324510',
    'msgtype' => 'event',
    'event' => 'VIEW',
    'eventkey' => 'http://www.9kpu.com/app/index.php?i=38&c=home&',
    'menuid' => '421375213',
    'from' => 'ojZUGwEqeEPLXLrB4gajjt5y99tM',
    'to' => 'gh_c1f688272a23',
    'time' => '1485324510',
    'type' => 'text',
    'content' => '1',
    'redirection' => true,
    'source' => 'default',
    'original' => 'http://www.9kpu.com/app/index.php?i=38&c=home&',
  ),
  'module' => 'news',
  'rule' => '109',
  'priority' => '0',
  'keyword' => 
  array (
    'id' => '224',
    'rid' => '109',
    'uniacid' => '38',
    'module' => 'news',
    'content' => '1',
    'type' => '1',
    'displayorder' => '0',
    'status' => '1',
  ),
)

2017-01-25 14:08:30 response :
------------
Array:
FromUserName : gh_c1f688272a23 ;
ToUserName : ojZUGwEqeEPLXLrB4gajjt5y99tM ;
MsgType : news ;
ArticleCount : 1 ;
Articles : Array ;

2017-01-25 14:08:33 trace :
------------
String:
<xml><ToUserName><![CDATA[gh_c1f688272a23]]></ToUserName>
<FromUserName><![CDATA[ojZUGwEqeEPLXLrB4gajjt5y99tM]]></FromUserName>
<CreateTime>1485324513</CreateTime>
<MsgType><![CDATA[event]]></MsgType>
<Event><![CDATA[VIEW]]></Event>
<EventKey><![CDATA[http://www.9kpu.com/app/index.php?i=38&c=home&]]></EventKey>
<MenuId>421375213</MenuId>
</xml>

2017-01-25 14:08:33 params :
------------
String:
array (
  'message' => 
  array (
    'tousername' => 'gh_c1f688272a23',
    'fromusername' => 'ojZUGwEqeEPLXLrB4gajjt5y99tM',
    'createtime' => '1485324513',
    'msgtype' => 'event',
    'event' => 'VIEW',
    'eventkey' => 'http://www.9kpu.com/app/index.php?i=38&c=home&',
    'menuid' => '421375213',
    'from' => 'ojZUGwEqeEPLXLrB4gajjt5y99tM',
    'to' => 'gh_c1f688272a23',
    'time' => '1485324513',
    'type' => 'text',
    'content' => '1',
    'redirection' => true,
    'source' => 'default',
    'original' => 'http://www.9kpu.com/app/index.php?i=38&c=home&',
  ),
  'module' => 'news',
  'rule' => '109',
  'priority' => '0',
  'keyword' => 
  array (
    'id' => '224',
    'rid' => '109',
    'uniacid' => '38',
    'module' => 'news',
    'content' => '1',
    'type' => '1',
    'displayorder' => '0',
    'status' => '1',
  ),
)

2017-01-25 14:08:33 response :
------------
Array:
FromUserName : gh_c1f688272a23 ;
ToUserName : ojZUGwEqeEPLXLrB4gajjt5y99tM ;
MsgType : news ;
ArticleCount : 1 ;
Articles : Array ;

2017-01-25 15:54:12 trace :
------------
String:
<xml><ToUserName><![CDATA[gh_9046d2e226a2]]></ToUserName>
<FromUserName><![CDATA[oKlYowb1sft1Pa-_E1uUGoTS4138]]></FromUserName>
<CreateTime>1485330852</CreateTime>
<MsgType><![CDATA[event]]></MsgType>
<Event><![CDATA[VIEW]]></Event>
<EventKey><![CDATA[http://www.9kpu.com/app/index.php?i=35&c=entry&eid=1]]></EventKey>
<MenuId>412080054</MenuId>
</xml>

2017-01-25 15:54:12 params :
------------
String:
array (
  'message' => 
  array (
    'tousername' => 'gh_9046d2e226a2',
    'fromusername' => 'oKlYowb1sft1Pa-_E1uUGoTS4138',
    'createtime' => '1485330852',
    'msgtype' => 'event',
    'event' => 'VIEW',
    'eventkey' => 'http://www.9kpu.com/app/index.php?i=35&c=entry&eid=1',
    'menuid' => '412080054',
    'from' => 'oKlYowb1sft1Pa-_E1uUGoTS4138',
    'to' => 'gh_9046d2e226a2',
    'time' => '1485330852',
    'type' => 'text',
    'content' => '1',
    'redirection' => true,
    'source' => 'default',
    'original' => 'http://www.9kpu.com/app/index.php?i=35&c=entry&eid=1',
  ),
  'module' => 'news',
  'rule' => '64',
  'priority' => '0',
  'keyword' => 
  array (
    'id' => '119',
    'rid' => '64',
    'uniacid' => '35',
    'module' => 'news',
    'content' => '1',
    'type' => '1',
    'displayorder' => '0',
    'status' => '1',
  ),
)

2017-01-25 15:54:12 response :
------------
Array:
FromUserName : gh_9046d2e226a2 ;
ToUserName : oKlYowb1sft1Pa-_E1uUGoTS4138 ;
MsgType : news ;
ArticleCount : 1 ;
Articles : Array ;

2017-01-25 17:21:13 trace :
------------
String:
<xml><ToUserName><![CDATA[gh_07f748d04338]]></ToUserName>
<FromUserName><![CDATA[oL63zvg0f5rXAjno_3_NZn7FuJP0]]></FromUserName>
<CreateTime>1485336073</CreateTime>
<MsgType><![CDATA[event]]></MsgType>
<Event><![CDATA[unsubscribe]]></Event>
<EventKey><![CDATA[]]></EventKey>
</xml>

2017-01-25 17:58:42 trace :
------------
String:
<xml><ToUserName><![CDATA[gh_e7a0c8306261]]></ToUserName>
<FromUserName><![CDATA[oRj-Fs4nfrxLKvL4nrtM7YW6Yur4]]></FromUserName>
<CreateTime>1485338322</CreateTime>
<MsgType><![CDATA[event]]></MsgType>
<Event><![CDATA[VIEW]]></Event>
<EventKey><![CDATA[http://www.9kpu.com/app/index.php?i=13&c=entry&eid=1]]></EventKey>
<MenuId>411010749</MenuId>
</xml>

2017-01-25 17:58:42 params :
------------
String:
array (
  'message' => 
  array (
    'tousername' => 'gh_e7a0c8306261',
    'fromusername' => 'oRj-Fs4nfrxLKvL4nrtM7YW6Yur4',
    'createtime' => '1485338322',
    'msgtype' => 'event',
    'event' => 'VIEW',
    'eventkey' => 'http://www.9kpu.com/app/index.php?i=13&c=entry&eid=1',
    'menuid' => '411010749',
    'from' => 'oRj-Fs4nfrxLKvL4nrtM7YW6Yur4',
    'to' => 'gh_e7a0c8306261',
    'time' => '1485338322',
    'type' => 'text',
    'content' => '欢迎',
    'redirection' => true,
    'source' => 'default',
    'original' => 'http://www.9kpu.com/app/index.php?i=13&c=entry&eid=1',
  ),
  'module' => 'basic',
  'rule' => '22',
  'priority' => '0',
  'keyword' => 
  array (
    'id' => '28',
    'rid' => '22',
    'uniacid' => '13',
    'module' => 'basic',
    'content' => '欢迎',
    'type' => '1',
    'displayorder' => '0',
    'status' => '1',
  ),
)

2017-01-25 17:58:42 response :
------------
Array:
FromUserName : gh_e7a0c8306261 ;
ToUserName : oRj-Fs4nfrxLKvL4nrtM7YW6Yur4 ;
MsgType : text ;
Content : 欢迎关注同城学堂，点击微官网查看本学校介绍信息，家长点击学生天地绑定自己小孩信息使用，老师点击教师信息绑定自己账号使用 ;

2017-01-25 17:59:44 trace :
------------
String:
<xml><ToUserName><![CDATA[gh_e7a0c8306261]]></ToUserName>
<FromUserName><![CDATA[oRj-Fs4nfrxLKvL4nrtM7YW6Yur4]]></FromUserName>
<CreateTime>1485338384</CreateTime>
<MsgType><![CDATA[event]]></MsgType>
<Event><![CDATA[VIEW]]></Event>
<EventKey><![CDATA[http://www.9kpu.com/app/index.php?i=25&c=entry&do=bangding&m=lianhu_school]]></EventKey>
<MenuId>411010749</MenuId>
</xml>

2017-01-25 17:59:44 params :
------------
String:
array (
  'message' => 
  array (
    'tousername' => 'gh_e7a0c8306261',
    'fromusername' => 'oRj-Fs4nfrxLKvL4nrtM7YW6Yur4',
    'createtime' => '1485338384',
    'msgtype' => 'event',
    'event' => 'VIEW',
    'eventkey' => 'http://www.9kpu.com/app/index.php?i=25&c=entry&do=bangding&m=lianhu_school',
    'menuid' => '411010749',
    'from' => 'oRj-Fs4nfrxLKvL4nrtM7YW6Yur4',
    'to' => 'gh_e7a0c8306261',
    'time' => '1485338384',
    'type' => 'text',
    'content' => '欢迎',
    'redirection' => true,
    'source' => 'default',
    'original' => 'http://www.9kpu.com/app/index.php?i=25&c=entry&do=bangding&m=lianhu_school',
  ),
  'module' => 'basic',
  'rule' => '22',
  'priority' => '0',
  'keyword' => 
  array (
    'id' => '28',
    'rid' => '22',
    'uniacid' => '13',
    'module' => 'basic',
    'content' => '欢迎',
    'type' => '1',
    'displayorder' => '0',
    'status' => '1',
  ),
)

2017-01-25 17:59:44 response :
------------
Array:
FromUserName : gh_e7a0c8306261 ;
ToUserName : oRj-Fs4nfrxLKvL4nrtM7YW6Yur4 ;
MsgType : text ;
Content : 欢迎关注同城学堂，点击微官网查看本学校介绍信息，家长点击学生天地绑定自己小孩信息使用，老师点击教师信息绑定自己账号使用 ;

2017-01-25 17:59:46 trace :
------------
String:
<xml><ToUserName><![CDATA[gh_e7a0c8306261]]></ToUserName>
<FromUserName><![CDATA[oRj-Fs4nfrxLKvL4nrtM7YW6Yur4]]></FromUserName>
<CreateTime>1485338386</CreateTime>
<MsgType><![CDATA[event]]></MsgType>
<Event><![CDATA[VIEW]]></Event>
<EventKey><![CDATA[http://www.9kpu.com/app/index.php?i=13&c=entry&eid=1]]></EventKey>
<MenuId>411010749</MenuId>
</xml>

2017-01-25 17:59:46 params :
------------
String:
array (
  'message' => 
  array (
    'tousername' => 'gh_e7a0c8306261',
    'fromusername' => 'oRj-Fs4nfrxLKvL4nrtM7YW6Yur4',
    'createtime' => '1485338386',
    'msgtype' => 'event',
    'event' => 'VIEW',
    'eventkey' => 'http://www.9kpu.com/app/index.php?i=13&c=entry&eid=1',
    'menuid' => '411010749',
    'from' => 'oRj-Fs4nfrxLKvL4nrtM7YW6Yur4',
    'to' => 'gh_e7a0c8306261',
    'time' => '1485338386',
    'type' => 'text',
    'content' => '欢迎',
    'redirection' => true,
    'source' => 'default',
    'original' => 'http://www.9kpu.com/app/index.php?i=13&c=entry&eid=1',
  ),
  'module' => 'basic',
  'rule' => '22',
  'priority' => '0',
  'keyword' => 
  array (
    'id' => '28',
    'rid' => '22',
    'uniacid' => '13',
    'module' => 'basic',
    'content' => '欢迎',
    'type' => '1',
    'displayorder' => '0',
    'status' => '1',
  ),
)

2017-01-25 17:59:46 response :
------------
Array:
FromUserName : gh_e7a0c8306261 ;
ToUserName : oRj-Fs4nfrxLKvL4nrtM7YW6Yur4 ;
MsgType : text ;
Content : 欢迎关注同城学堂，点击微官网查看本学校介绍信息，家长点击学生天地绑定自己小孩信息使用，老师点击教师信息绑定自己账号使用 ;

2017-01-25 18:06:36 trace :
------------
String:
<xml><ToUserName><![CDATA[gh_b6b2adce2b0d]]></ToUserName>
<FromUserName><![CDATA[o-SliwFjnt8lKPANpfZH2Lo9uIgg]]></FromUserName>
<CreateTime>1485338796</CreateTime>
<MsgType><![CDATA[event]]></MsgType>
<Event><![CDATA[VIEW]]></Event>
<EventKey><![CDATA[http://www.9kpu.com/app/index.php?i=39&c=home&]]></EventKey>
<MenuId>408723140</MenuId>
</xml>

2017-01-25 18:06:36 params :
------------
String:
array (
  'message' => 
  array (
    'tousername' => 'gh_b6b2adce2b0d',
    'fromusername' => 'o-SliwFjnt8lKPANpfZH2Lo9uIgg',
    'createtime' => '1485338796',
    'msgtype' => 'event',
    'event' => 'VIEW',
    'eventkey' => 'http://www.9kpu.com/app/index.php?i=39&c=home&',
    'menuid' => '408723140',
    'from' => 'o-SliwFjnt8lKPANpfZH2Lo9uIgg',
    'to' => 'gh_b6b2adce2b0d',
    'time' => '1485338796',
    'type' => 'text',
    'content' => '1',
    'redirection' => true,
    'source' => 'default',
    'original' => 'http://www.9kpu.com/app/index.php?i=39&c=home&',
  ),
  'module' => 'news',
  'rule' => '73',
  'priority' => '0',
  'keyword' => 
  array (
    'id' => '156',
    'rid' => '73',
    'uniacid' => '39',
    'module' => 'news',
    'content' => '1',
    'type' => '1',
    'displayorder' => '0',
    'status' => '1',
  ),
)

2017-01-25 18:06:36 response :
------------
Array:
FromUserName : gh_b6b2adce2b0d ;
ToUserName : o-SliwFjnt8lKPANpfZH2Lo9uIgg ;
MsgType : news ;
ArticleCount : 1 ;
Articles : Array ;

2017-01-25 18:06:53 trace :
------------
String:
<xml><ToUserName><![CDATA[gh_b6b2adce2b0d]]></ToUserName>
<FromUserName><![CDATA[o-SliwFjnt8lKPANpfZH2Lo9uIgg]]></FromUserName>
<CreateTime>1485338813</CreateTime>
<MsgType><![CDATA[event]]></MsgType>
<Event><![CDATA[VIEW]]></Event>
<EventKey><![CDATA[http://www.9kpu.com/app/index.php?i=39&c=home&]]></EventKey>
<MenuId>408723140</MenuId>
</xml>

2017-01-25 18:06:53 params :
------------
String:
array (
  'message' => 
  array (
    'tousername' => 'gh_b6b2adce2b0d',
    'fromusername' => 'o-SliwFjnt8lKPANpfZH2Lo9uIgg',
    'createtime' => '1485338813',
    'msgtype' => 'event',
    'event' => 'VIEW',
    'eventkey' => 'http://www.9kpu.com/app/index.php?i=39&c=home&',
    'menuid' => '408723140',
    'from' => 'o-SliwFjnt8lKPANpfZH2Lo9uIgg',
    'to' => 'gh_b6b2adce2b0d',
    'time' => '1485338813',
    'type' => 'text',
    'content' => '1',
    'redirection' => true,
    'source' => 'default',
    'original' => 'http://www.9kpu.com/app/index.php?i=39&c=home&',
  ),
  'module' => 'news',
  'rule' => '73',
  'priority' => '0',
  'keyword' => 
  array (
    'id' => '156',
    'rid' => '73',
    'uniacid' => '39',
    'module' => 'news',
    'content' => '1',
    'type' => '1',
    'displayorder' => '0',
    'status' => '1',
  ),
)

2017-01-25 18:06:53 response :
------------
Array:
FromUserName : gh_b6b2adce2b0d ;
ToUserName : o-SliwFjnt8lKPANpfZH2Lo9uIgg ;
MsgType : news ;
ArticleCount : 1 ;
Articles : Array ;

2017-01-25 18:14:16 trace :
------------
String:
<xml><ToUserName><![CDATA[gh_e7a0c8306261]]></ToUserName>
<FromUserName><![CDATA[oRj-Fs4nfrxLKvL4nrtM7YW6Yur4]]></FromUserName>
<CreateTime>1485339256</CreateTime>
<MsgType><![CDATA[event]]></MsgType>
<Event><![CDATA[VIEW]]></Event>
<EventKey><![CDATA[http://www.9kpu.com/app/index.php?i=13&c=entry&eid=1]]></EventKey>
<MenuId>411010749</MenuId>
</xml>

2017-01-25 18:14:16 params :
------------
String:
array (
  'message' => 
  array (
    'tousername' => 'gh_e7a0c8306261',
    'fromusername' => 'oRj-Fs4nfrxLKvL4nrtM7YW6Yur4',
    'createtime' => '1485339256',
    'msgtype' => 'event',
    'event' => 'VIEW',
    'eventkey' => 'http://www.9kpu.com/app/index.php?i=13&c=entry&eid=1',
    'menuid' => '411010749',
    'from' => 'oRj-Fs4nfrxLKvL4nrtM7YW6Yur4',
    'to' => 'gh_e7a0c8306261',
    'time' => '1485339256',
    'type' => 'text',
    'content' => '欢迎',
    'redirection' => true,
    'source' => 'default',
    'original' => 'http://www.9kpu.com/app/index.php?i=13&c=entry&eid=1',
  ),
  'module' => 'basic',
  'rule' => '22',
  'priority' => '0',
  'keyword' => 
  array (
    'id' => '28',
    'rid' => '22',
    'uniacid' => '13',
    'module' => 'basic',
    'content' => '欢迎',
    'type' => '1',
    'displayorder' => '0',
    'status' => '1',
  ),
)

2017-01-25 18:14:16 response :
------------
Array:
FromUserName : gh_e7a0c8306261 ;
ToUserName : oRj-Fs4nfrxLKvL4nrtM7YW6Yur4 ;
MsgType : text ;
Content : 欢迎关注同城学堂，点击微官网查看本学校介绍信息，家长点击学生天地绑定自己小孩信息使用，老师点击教师信息绑定自己账号使用 ;

2017-01-25 18:14:56 trace :
------------
String:
<xml><ToUserName><![CDATA[gh_e7a0c8306261]]></ToUserName>
<FromUserName><![CDATA[oRj-Fs4nfrxLKvL4nrtM7YW6Yur4]]></FromUserName>
<CreateTime>1485339296</CreateTime>
<MsgType><![CDATA[event]]></MsgType>
<Event><![CDATA[VIEW]]></Event>
<EventKey><![CDATA[http://www.9kpu.com/app/index.php?i=13&c=entry&eid=1]]></EventKey>
<MenuId>411010749</MenuId>
</xml>

2017-01-25 18:14:56 params :
------------
String:
array (
  'message' => 
  array (
    'tousername' => 'gh_e7a0c8306261',
    'fromusername' => 'oRj-Fs4nfrxLKvL4nrtM7YW6Yur4',
    'createtime' => '1485339296',
    'msgtype' => 'event',
    'event' => 'VIEW',
    'eventkey' => 'http://www.9kpu.com/app/index.php?i=13&c=entry&eid=1',
    'menuid' => '411010749',
    'from' => 'oRj-Fs4nfrxLKvL4nrtM7YW6Yur4',
    'to' => 'gh_e7a0c8306261',
    'time' => '1485339296',
    'type' => 'text',
    'content' => '欢迎',
    'redirection' => true,
    'source' => 'default',
    'original' => 'http://www.9kpu.com/app/index.php?i=13&c=entry&eid=1',
  ),
  'module' => 'basic',
  'rule' => '22',
  'priority' => '0',
  'keyword' => 
  array (
    'id' => '28',
    'rid' => '22',
    'uniacid' => '13',
    'module' => 'basic',
    'content' => '欢迎',
    'type' => '1',
    'displayorder' => '0',
    'status' => '1',
  ),
)

2017-01-25 18:14:56 response :
------------
Array:
FromUserName : gh_e7a0c8306261 ;
ToUserName : oRj-Fs4nfrxLKvL4nrtM7YW6Yur4 ;
MsgType : text ;
Content : 欢迎关注同城学堂，点击微官网查看本学校介绍信息，家长点击学生天地绑定自己小孩信息使用，老师点击教师信息绑定自己账号使用 ;

2017-01-25 18:42:34 trace :
------------
String:
<xml><ToUserName><![CDATA[gh_9046d2e226a2]]></ToUserName>
<FromUserName><![CDATA[oKlYowUikQcVNSKDahxvwvpLecJU]]></FromUserName>
<CreateTime>1485340954</CreateTime>
<MsgType><![CDATA[event]]></MsgType>
<Event><![CDATA[VIEW]]></Event>
<EventKey><![CDATA[http://www.9kpu.com/app/index.php?i=35&c=entry&eid=1]]></EventKey>
<MenuId>412080054</MenuId>
</xml>

2017-01-25 18:42:34 params :
------------
String:
array (
  'message' => 
  array (
    'tousername' => 'gh_9046d2e226a2',
    'fromusername' => 'oKlYowUikQcVNSKDahxvwvpLecJU',
    'createtime' => '1485340954',
    'msgtype' => 'event',
    'event' => 'VIEW',
    'eventkey' => 'http://www.9kpu.com/app/index.php?i=35&c=entry&eid=1',
    'menuid' => '412080054',
    'from' => 'oKlYowUikQcVNSKDahxvwvpLecJU',
    'to' => 'gh_9046d2e226a2',
    'time' => '1485340954',
    'type' => 'text',
    'content' => '1',
    'redirection' => true,
    'source' => 'default',
    'original' => 'http://www.9kpu.com/app/index.php?i=35&c=entry&eid=1',
  ),
  'module' => 'news',
  'rule' => '64',
  'priority' => '0',
  'keyword' => 
  array (
    'id' => '119',
    'rid' => '64',
    'uniacid' => '35',
    'module' => 'news',
    'content' => '1',
    'type' => '1',
    'displayorder' => '0',
    'status' => '1',
  ),
)

2017-01-25 18:42:34 response :
------------
Array:
FromUserName : gh_9046d2e226a2 ;
ToUserName : oKlYowUikQcVNSKDahxvwvpLecJU ;
MsgType : news ;
ArticleCount : 1 ;
Articles : Array ;

2017-01-25 18:51:39 trace :
------------
String:
<xml><ToUserName><![CDATA[gh_9046d2e226a2]]></ToUserName>
<FromUserName><![CDATA[oKlYowR6TvGs5sI6ojr9KJ80vc1A]]></FromUserName>
<CreateTime>1485341499</CreateTime>
<MsgType><![CDATA[event]]></MsgType>
<Event><![CDATA[subscribe]]></Event>
<EventKey><![CDATA[]]></EventKey>
</xml>

2017-01-25 18:51:39 params :
------------
String:
array (
  'message' => 
  array (
    'tousername' => 'gh_9046d2e226a2',
    'fromusername' => 'oKlYowR6TvGs5sI6ojr9KJ80vc1A',
    'createtime' => '1485341499',
    'msgtype' => 'event',
    'event' => 'subscribe',
    'eventkey' => '',
    'from' => 'oKlYowR6TvGs5sI6ojr9KJ80vc1A',
    'to' => 'gh_9046d2e226a2',
    'time' => '1485341499',
    'type' => 'text',
    'redirection' => true,
    'source' => 'subscribe',
    'content' => '1',
  ),
  'module' => 'news',
  'rule' => '64',
  'priority' => '0',
  'keyword' => 
  array (
    'id' => '119',
    'rid' => '64',
    'uniacid' => '35',
    'module' => 'news',
    'content' => '1',
    'type' => '1',
    'displayorder' => '0',
    'status' => '1',
  ),
)

2017-01-25 18:51:39 response :
------------
Array:
FromUserName : gh_9046d2e226a2 ;
ToUserName : oKlYowR6TvGs5sI6ojr9KJ80vc1A ;
MsgType : news ;
ArticleCount : 1 ;
Articles : Array ;

2017-01-25 18:51:42 trace :
------------
String:
<xml><ToUserName><![CDATA[gh_9046d2e226a2]]></ToUserName>
<FromUserName><![CDATA[oKlYowR6TvGs5sI6ojr9KJ80vc1A]]></FromUserName>
<CreateTime>1485341502</CreateTime>
<MsgType><![CDATA[event]]></MsgType>
<Event><![CDATA[VIEW]]></Event>
<EventKey><![CDATA[http://www.9kpu.com/app/index.php?i=35&c=entry&eid=2]]></EventKey>
<MenuId>412080054</MenuId>
</xml>

2017-01-25 18:51:42 params :
------------
String:
array (
  'message' => 
  array (
    'tousername' => 'gh_9046d2e226a2',
    'fromusername' => 'oKlYowR6TvGs5sI6ojr9KJ80vc1A',
    'createtime' => '1485341502',
    'msgtype' => 'event',
    'event' => 'VIEW',
    'eventkey' => 'http://www.9kpu.com/app/index.php?i=35&c=entry&eid=2',
    'menuid' => '412080054',
    'from' => 'oKlYowR6TvGs5sI6ojr9KJ80vc1A',
    'to' => 'gh_9046d2e226a2',
    'time' => '1485341502',
    'type' => 'text',
    'content' => '1',
    'redirection' => true,
    'source' => 'default',
    'original' => 'http://www.9kpu.com/app/index.php?i=35&c=entry&eid=2',
  ),
  'module' => 'news',
  'rule' => '64',
  'priority' => '0',
  'keyword' => 
  array (
    'id' => '119',
    'rid' => '64',
    'uniacid' => '35',
    'module' => 'news',
    'content' => '1',
    'type' => '1',
    'displayorder' => '0',
    'status' => '1',
  ),
)

2017-01-25 18:51:42 response :
------------
Array:
FromUserName : gh_9046d2e226a2 ;
ToUserName : oKlYowR6TvGs5sI6ojr9KJ80vc1A ;
MsgType : news ;
ArticleCount : 1 ;
Articles : Array ;

2017-01-25 18:51:47 trace :
------------
String:
<xml><ToUserName><![CDATA[gh_9046d2e226a2]]></ToUserName>
<FromUserName><![CDATA[oKlYowR6TvGs5sI6ojr9KJ80vc1A]]></FromUserName>
<CreateTime>1485341507</CreateTime>
<MsgType><![CDATA[event]]></MsgType>
<Event><![CDATA[VIEW]]></Event>
<EventKey><![CDATA[http://www.9kpu.com/app/index.php?i=35&c=entry&eid=1]]></EventKey>
<MenuId>412080054</MenuId>
</xml>

2017-01-25 18:51:47 params :
------------
String:
array (
  'message' => 
  array (
    'tousername' => 'gh_9046d2e226a2',
    'fromusername' => 'oKlYowR6TvGs5sI6ojr9KJ80vc1A',
    'createtime' => '1485341507',
    'msgtype' => 'event',
    'event' => 'VIEW',
    'eventkey' => 'http://www.9kpu.com/app/index.php?i=35&c=entry&eid=1',
    'menuid' => '412080054',
    'from' => 'oKlYowR6TvGs5sI6ojr9KJ80vc1A',
    'to' => 'gh_9046d2e226a2',
    'time' => '1485341507',
    'type' => 'text',
    'content' => '1',
    'redirection' => true,
    'source' => 'default',
    'original' => 'http://www.9kpu.com/app/index.php?i=35&c=entry&eid=1',
  ),
  'module' => 'news',
  'rule' => '64',
  'priority' => '0',
  'keyword' => 
  array (
    'id' => '119',
    'rid' => '64',
    'uniacid' => '35',
    'module' => 'news',
    'content' => '1',
    'type' => '1',
    'displayorder' => '0',
    'status' => '1',
  ),
)

2017-01-25 18:51:47 response :
------------
Array:
FromUserName : gh_9046d2e226a2 ;
ToUserName : oKlYowR6TvGs5sI6ojr9KJ80vc1A ;
MsgType : news ;
ArticleCount : 1 ;
Articles : Array ;

2017-01-25 18:51:53 trace :
------------
String:
<xml><ToUserName><![CDATA[gh_9046d2e226a2]]></ToUserName>
<FromUserName><![CDATA[oKlYowR6TvGs5sI6ojr9KJ80vc1A]]></FromUserName>
<CreateTime>1485341513</CreateTime>
<MsgType><![CDATA[event]]></MsgType>
<Event><![CDATA[VIEW]]></Event>
<EventKey><![CDATA[http://www.9kpu.com/app/index.php?i=35&c=home&]]></EventKey>
<MenuId>412080054</MenuId>
</xml>

2017-01-25 18:51:53 params :
------------
String:
array (
  'message' => 
  array (
    'tousername' => 'gh_9046d2e226a2',
    'fromusername' => 'oKlYowR6TvGs5sI6ojr9KJ80vc1A',
    'createtime' => '1485341513',
    'msgtype' => 'event',
    'event' => 'VIEW',
    'eventkey' => 'http://www.9kpu.com/app/index.php?i=35&c=home&',
    'menuid' => '412080054',
    'from' => 'oKlYowR6TvGs5sI6ojr9KJ80vc1A',
    'to' => 'gh_9046d2e226a2',
    'time' => '1485341513',
    'type' => 'text',
    'content' => '1',
    'redirection' => true,
    'source' => 'default',
    'original' => 'http://www.9kpu.com/app/index.php?i=35&c=home&',
  ),
  'module' => 'news',
  'rule' => '64',
  'priority' => '0',
  'keyword' => 
  array (
    'id' => '119',
    'rid' => '64',
    'uniacid' => '35',
    'module' => 'news',
    'content' => '1',
    'type' => '1',
    'displayorder' => '0',
    'status' => '1',
  ),
)

2017-01-25 18:51:53 response :
------------
Array:
FromUserName : gh_9046d2e226a2 ;
ToUserName : oKlYowR6TvGs5sI6ojr9KJ80vc1A ;
MsgType : news ;
ArticleCount : 1 ;
Articles : Array ;

2017-01-25 19:01:44 trace :
------------
String:
<xml><ToUserName><![CDATA[gh_9046d2e226a2]]></ToUserName>
<FromUserName><![CDATA[oKlYowYg_eYNigT4Db5EH583CR5A]]></FromUserName>
<CreateTime>1485342104</CreateTime>
<MsgType><![CDATA[event]]></MsgType>
<Event><![CDATA[VIEW]]></Event>
<EventKey><![CDATA[http://www.9kpu.com/app/index.php?i=35&c=entry&eid=2]]></EventKey>
<MenuId>412080054</MenuId>
</xml>

2017-01-25 19:01:44 params :
------------
String:
array (
  'message' => 
  array (
    'tousername' => 'gh_9046d2e226a2',
    'fromusername' => 'oKlYowYg_eYNigT4Db5EH583CR5A',
    'createtime' => '1485342104',
    'msgtype' => 'event',
    'event' => 'VIEW',
    'eventkey' => 'http://www.9kpu.com/app/index.php?i=35&c=entry&eid=2',
    'menuid' => '412080054',
    'from' => 'oKlYowYg_eYNigT4Db5EH583CR5A',
    'to' => 'gh_9046d2e226a2',
    'time' => '1485342104',
    'type' => 'text',
    'content' => '1',
    'redirection' => true,
    'source' => 'default',
    'original' => 'http://www.9kpu.com/app/index.php?i=35&c=entry&eid=2',
  ),
  'module' => 'news',
  'rule' => '64',
  'priority' => '0',
  'keyword' => 
  array (
    'id' => '119',
    'rid' => '64',
    'uniacid' => '35',
    'module' => 'news',
    'content' => '1',
    'type' => '1',
    'displayorder' => '0',
    'status' => '1',
  ),
)

2017-01-25 19:01:44 response :
------------
Array:
FromUserName : gh_9046d2e226a2 ;
ToUserName : oKlYowYg_eYNigT4Db5EH583CR5A ;
MsgType : news ;
ArticleCount : 1 ;
Articles : Array ;

2017-01-25 19:01:54 trace :
------------
String:
<xml><ToUserName><![CDATA[gh_9046d2e226a2]]></ToUserName>
<FromUserName><![CDATA[oKlYowYg_eYNigT4Db5EH583CR5A]]></FromUserName>
<CreateTime>1485342114</CreateTime>
<MsgType><![CDATA[event]]></MsgType>
<Event><![CDATA[VIEW]]></Event>
<EventKey><![CDATA[http://www.9kpu.com/app/index.php?i=35&c=entry&eid=1]]></EventKey>
<MenuId>412080054</MenuId>
</xml>

2017-01-25 19:01:54 params :
------------
String:
array (
  'message' => 
  array (
    'tousername' => 'gh_9046d2e226a2',
    'fromusername' => 'oKlYowYg_eYNigT4Db5EH583CR5A',
    'createtime' => '1485342114',
    'msgtype' => 'event',
    'event' => 'VIEW',
    'eventkey' => 'http://www.9kpu.com/app/index.php?i=35&c=entry&eid=1',
    'menuid' => '412080054',
    'from' => 'oKlYowYg_eYNigT4Db5EH583CR5A',
    'to' => 'gh_9046d2e226a2',
    'time' => '1485342114',
    'type' => 'text',
    'content' => '1',
    'redirection' => true,
    'source' => 'default',
    'original' => 'http://www.9kpu.com/app/index.php?i=35&c=entry&eid=1',
  ),
  'module' => 'news',
  'rule' => '64',
  'priority' => '0',
  'keyword' => 
  array (
    'id' => '119',
    'rid' => '64',
    'uniacid' => '35',
    'module' => 'news',
    'content' => '1',
    'type' => '1',
    'displayorder' => '0',
    'status' => '1',
  ),
)

2017-01-25 19:01:54 response :
------------
Array:
FromUserName : gh_9046d2e226a2 ;
ToUserName : oKlYowYg_eYNigT4Db5EH583CR5A ;
MsgType : news ;
ArticleCount : 1 ;
Articles : Array ;

2017-01-25 19:03:36 trace :
------------
String:
<xml><ToUserName><![CDATA[gh_9046d2e226a2]]></ToUserName>
<FromUserName><![CDATA[oKlYowYg_eYNigT4Db5EH583CR5A]]></FromUserName>
<CreateTime>1485342216</CreateTime>
<MsgType><![CDATA[event]]></MsgType>
<Event><![CDATA[VIEW]]></Event>
<EventKey><![CDATA[http://www.9kpu.com/app/index.php?i=35&c=entry&eid=2]]></EventKey>
<MenuId>412080054</MenuId>
</xml>

2017-01-25 19:03:36 params :
------------
String:
array (
  'message' => 
  array (
    'tousername' => 'gh_9046d2e226a2',
    'fromusername' => 'oKlYowYg_eYNigT4Db5EH583CR5A',
    'createtime' => '1485342216',
    'msgtype' => 'event',
    'event' => 'VIEW',
    'eventkey' => 'http://www.9kpu.com/app/index.php?i=35&c=entry&eid=2',
    'menuid' => '412080054',
    'from' => 'oKlYowYg_eYNigT4Db5EH583CR5A',
    'to' => 'gh_9046d2e226a2',
    'time' => '1485342216',
    'type' => 'text',
    'content' => '1',
    'redirection' => true,
    'source' => 'default',
    'original' => 'http://www.9kpu.com/app/index.php?i=35&c=entry&eid=2',
  ),
  'module' => 'news',
  'rule' => '64',
  'priority' => '0',
  'keyword' => 
  array (
    'id' => '119',
    'rid' => '64',
    'uniacid' => '35',
    'module' => 'news',
    'content' => '1',
    'type' => '1',
    'displayorder' => '0',
    'status' => '1',
  ),
)

2017-01-25 19:03:36 response :
------------
Array:
FromUserName : gh_9046d2e226a2 ;
ToUserName : oKlYowYg_eYNigT4Db5EH583CR5A ;
MsgType : news ;
ArticleCount : 1 ;
Articles : Array ;

2017-01-25 19:04:06 trace :
------------
String:
<xml><ToUserName><![CDATA[gh_9046d2e226a2]]></ToUserName>
<FromUserName><![CDATA[oKlYowYg_eYNigT4Db5EH583CR5A]]></FromUserName>
<CreateTime>1485342246</CreateTime>
<MsgType><![CDATA[event]]></MsgType>
<Event><![CDATA[VIEW]]></Event>
<EventKey><![CDATA[http://www.9kpu.com/app/index.php?i=35&c=entry&eid=1]]></EventKey>
<MenuId>412080054</MenuId>
</xml>

2017-01-25 19:04:06 params :
------------
String:
array (
  'message' => 
  array (
    'tousername' => 'gh_9046d2e226a2',
    'fromusername' => 'oKlYowYg_eYNigT4Db5EH583CR5A',
    'createtime' => '1485342246',
    'msgtype' => 'event',
    'event' => 'VIEW',
    'eventkey' => 'http://www.9kpu.com/app/index.php?i=35&c=entry&eid=1',
    'menuid' => '412080054',
    'from' => 'oKlYowYg_eYNigT4Db5EH583CR5A',
    'to' => 'gh_9046d2e226a2',
    'time' => '1485342246',
    'type' => 'text',
    'content' => '1',
    'redirection' => true,
    'source' => 'default',
    'original' => 'http://www.9kpu.com/app/index.php?i=35&c=entry&eid=1',
  ),
  'module' => 'news',
  'rule' => '64',
  'priority' => '0',
  'keyword' => 
  array (
    'id' => '119',
    'rid' => '64',
    'uniacid' => '35',
    'module' => 'news',
    'content' => '1',
    'type' => '1',
    'displayorder' => '0',
    'status' => '1',
  ),
)

2017-01-25 19:04:06 response :
------------
Array:
FromUserName : gh_9046d2e226a2 ;
ToUserName : oKlYowYg_eYNigT4Db5EH583CR5A ;
MsgType : news ;
ArticleCount : 1 ;
Articles : Array ;

2017-01-25 19:05:20 trace :
------------
String:
<xml><ToUserName><![CDATA[gh_9046d2e226a2]]></ToUserName>
<FromUserName><![CDATA[oKlYowYg_eYNigT4Db5EH583CR5A]]></FromUserName>
<CreateTime>1485342320</CreateTime>
<MsgType><![CDATA[event]]></MsgType>
<Event><![CDATA[VIEW]]></Event>
<EventKey><![CDATA[http://www.9kpu.com/app/index.php?i=35&c=entry&eid=1]]></EventKey>
<MenuId>412080054</MenuId>
</xml>

2017-01-25 19:05:20 params :
------------
String:
array (
  'message' => 
  array (
    'tousername' => 'gh_9046d2e226a2',
    'fromusername' => 'oKlYowYg_eYNigT4Db5EH583CR5A',
    'createtime' => '1485342320',
    'msgtype' => 'event',
    'event' => 'VIEW',
    'eventkey' => 'http://www.9kpu.com/app/index.php?i=35&c=entry&eid=1',
    'menuid' => '412080054',
    'from' => 'oKlYowYg_eYNigT4Db5EH583CR5A',
    'to' => 'gh_9046d2e226a2',
    'time' => '1485342320',
    'type' => 'text',
    'content' => '1',
    'redirection' => true,
    'source' => 'default',
    'original' => 'http://www.9kpu.com/app/index.php?i=35&c=entry&eid=1',
  ),
  'module' => 'news',
  'rule' => '64',
  'priority' => '0',
  'keyword' => 
  array (
    'id' => '119',
    'rid' => '64',
    'uniacid' => '35',
    'module' => 'news',
    'content' => '1',
    'type' => '1',
    'displayorder' => '0',
    'status' => '1',
  ),
)

2017-01-25 19:05:20 response :
------------
Array:
FromUserName : gh_9046d2e226a2 ;
ToUserName : oKlYowYg_eYNigT4Db5EH583CR5A ;
MsgType : news ;
ArticleCount : 1 ;
Articles : Array ;

2017-01-25 19:20:57 trace :
------------
String:
<xml><ToUserName><![CDATA[gh_b6b2adce2b0d]]></ToUserName>
<FromUserName><![CDATA[o-SliwAkO1jx9KdyyUSpmOFpisNI]]></FromUserName>
<CreateTime>1485343257</CreateTime>
<MsgType><![CDATA[event]]></MsgType>
<Event><![CDATA[VIEW]]></Event>
<EventKey><![CDATA[http://www.9kpu.com/app/index.php?i=39&c=entry&eid=1]]></EventKey>
<MenuId>408723140</MenuId>
</xml>

2017-01-25 19:20:57 params :
------------
String:
array (
  'message' => 
  array (
    'tousername' => 'gh_b6b2adce2b0d',
    'fromusername' => 'o-SliwAkO1jx9KdyyUSpmOFpisNI',
    'createtime' => '1485343257',
    'msgtype' => 'event',
    'event' => 'VIEW',
    'eventkey' => 'http://www.9kpu.com/app/index.php?i=39&c=entry&eid=1',
    'menuid' => '408723140',
    'from' => 'o-SliwAkO1jx9KdyyUSpmOFpisNI',
    'to' => 'gh_b6b2adce2b0d',
    'time' => '1485343257',
    'type' => 'text',
    'content' => '1',
    'redirection' => true,
    'source' => 'default',
    'original' => 'http://www.9kpu.com/app/index.php?i=39&c=entry&eid=1',
  ),
  'module' => 'news',
  'rule' => '73',
  'priority' => '0',
  'keyword' => 
  array (
    'id' => '156',
    'rid' => '73',
    'uniacid' => '39',
    'module' => 'news',
    'content' => '1',
    'type' => '1',
    'displayorder' => '0',
    'status' => '1',
  ),
)

2017-01-25 19:20:57 response :
------------
Array:
FromUserName : gh_b6b2adce2b0d ;
ToUserName : o-SliwAkO1jx9KdyyUSpmOFpisNI ;
MsgType : news ;
ArticleCount : 1 ;
Articles : Array ;

2017-01-25 19:47:52 trace :
------------
String:
<xml><ToUserName><![CDATA[gh_9046d2e226a2]]></ToUserName>
<FromUserName><![CDATA[oKlYowQKMBbGHe78EmWQqHDAz8bc]]></FromUserName>
<CreateTime>1485344872</CreateTime>
<MsgType><![CDATA[event]]></MsgType>
<Event><![CDATA[unsubscribe]]></Event>
<EventKey><![CDATA[]]></EventKey>
</xml>

2017-01-25 20:16:44 trace :
------------
String:
<xml><ToUserName><![CDATA[gh_9046d2e226a2]]></ToUserName>
<FromUserName><![CDATA[oKlYoweMbGkGEgXxJk5Ycc2J5c1k]]></FromUserName>
<CreateTime>1485346604</CreateTime>
<MsgType><![CDATA[event]]></MsgType>
<Event><![CDATA[VIEW]]></Event>
<EventKey><![CDATA[http://www.9kpu.com/app/index.php?i=35&c=entry&eid=1]]></EventKey>
<MenuId>412080054</MenuId>
</xml>

2017-01-25 20:16:44 params :
------------
String:
array (
  'message' => 
  array (
    'tousername' => 'gh_9046d2e226a2',
    'fromusername' => 'oKlYoweMbGkGEgXxJk5Ycc2J5c1k',
    'createtime' => '1485346604',
    'msgtype' => 'event',
    'event' => 'VIEW',
    'eventkey' => 'http://www.9kpu.com/app/index.php?i=35&c=entry&eid=1',
    'menuid' => '412080054',
    'from' => 'oKlYoweMbGkGEgXxJk5Ycc2J5c1k',
    'to' => 'gh_9046d2e226a2',
    'time' => '1485346604',
    'type' => 'text',
    'content' => '1',
    'redirection' => true,
    'source' => 'default',
    'original' => 'http://www.9kpu.com/app/index.php?i=35&c=entry&eid=1',
  ),
  'module' => 'news',
  'rule' => '64',
  'priority' => '0',
  'keyword' => 
  array (
    'id' => '119',
    'rid' => '64',
    'uniacid' => '35',
    'module' => 'news',
    'content' => '1',
    'type' => '1',
    'displayorder' => '0',
    'status' => '1',
  ),
)

2017-01-25 20:16:44 response :
------------
Array:
FromUserName : gh_9046d2e226a2 ;
ToUserName : oKlYoweMbGkGEgXxJk5Ycc2J5c1k ;
MsgType : news ;
ArticleCount : 1 ;
Articles : Array ;

2017-01-25 20:17:09 trace :
------------
String:
<xml><ToUserName><![CDATA[gh_9046d2e226a2]]></ToUserName>
<FromUserName><![CDATA[oKlYoweMbGkGEgXxJk5Ycc2J5c1k]]></FromUserName>
<CreateTime>1485346629</CreateTime>
<MsgType><![CDATA[event]]></MsgType>
<Event><![CDATA[VIEW]]></Event>
<EventKey><![CDATA[http://www.9kpu.com/app/index.php?i=35&c=entry&eid=1]]></EventKey>
<MenuId>412080054</MenuId>
</xml>

2017-01-25 20:17:09 params :
------------
String:
array (
  'message' => 
  array (
    'tousername' => 'gh_9046d2e226a2',
    'fromusername' => 'oKlYoweMbGkGEgXxJk5Ycc2J5c1k',
    'createtime' => '1485346629',
    'msgtype' => 'event',
    'event' => 'VIEW',
    'eventkey' => 'http://www.9kpu.com/app/index.php?i=35&c=entry&eid=1',
    'menuid' => '412080054',
    'from' => 'oKlYoweMbGkGEgXxJk5Ycc2J5c1k',
    'to' => 'gh_9046d2e226a2',
    'time' => '1485346629',
    'type' => 'text',
    'content' => '1',
    'redirection' => true,
    'source' => 'default',
    'original' => 'http://www.9kpu.com/app/index.php?i=35&c=entry&eid=1',
  ),
  'module' => 'news',
  'rule' => '64',
  'priority' => '0',
  'keyword' => 
  array (
    'id' => '119',
    'rid' => '64',
    'uniacid' => '35',
    'module' => 'news',
    'content' => '1',
    'type' => '1',
    'displayorder' => '0',
    'status' => '1',
  ),
)

2017-01-25 20:17:09 response :
------------
Array:
FromUserName : gh_9046d2e226a2 ;
ToUserName : oKlYoweMbGkGEgXxJk5Ycc2J5c1k ;
MsgType : news ;
ArticleCount : 1 ;
Articles : Array ;

2017-01-25 21:45:27 trace :
------------
String:
<xml><ToUserName><![CDATA[gh_9046d2e226a2]]></ToUserName>
<FromUserName><![CDATA[oKlYowTxeHWc1XUhLK7eJGNV6gLo]]></FromUserName>
<CreateTime>1485351926</CreateTime>
<MsgType><![CDATA[event]]></MsgType>
<Event><![CDATA[VIEW]]></Event>
<EventKey><![CDATA[http://www.9kpu.com/app/index.php?i=35&c=entry&eid=1]]></EventKey>
<MenuId>412080054</MenuId>
</xml>

2017-01-25 21:45:27 params :
------------
String:
array (
  'message' => 
  array (
    'tousername' => 'gh_9046d2e226a2',
    'fromusername' => 'oKlYowTxeHWc1XUhLK7eJGNV6gLo',
    'createtime' => '1485351926',
    'msgtype' => 'event',
    'event' => 'VIEW',
    'eventkey' => 'http://www.9kpu.com/app/index.php?i=35&c=entry&eid=1',
    'menuid' => '412080054',
    'from' => 'oKlYowTxeHWc1XUhLK7eJGNV6gLo',
    'to' => 'gh_9046d2e226a2',
    'time' => '1485351926',
    'type' => 'text',
    'content' => '1',
    'redirection' => true,
    'source' => 'default',
    'original' => 'http://www.9kpu.com/app/index.php?i=35&c=entry&eid=1',
  ),
  'module' => 'news',
  'rule' => '64',
  'priority' => '0',
  'keyword' => 
  array (
    'id' => '119',
    'rid' => '64',
    'uniacid' => '35',
    'module' => 'news',
    'content' => '1',
    'type' => '1',
    'displayorder' => '0',
    'status' => '1',
  ),
)

2017-01-25 21:45:27 response :
------------
Array:
FromUserName : gh_9046d2e226a2 ;
ToUserName : oKlYowTxeHWc1XUhLK7eJGNV6gLo ;
MsgType : news ;
ArticleCount : 1 ;
Articles : Array ;

2017-01-25 21:52:36 trace :
------------
String:
<xml><ToUserName><![CDATA[gh_0932d8cc3494]]></ToUserName>
<FromUserName><![CDATA[o-_cKwrNzm2JIWJvxTxgV_Ycp0ic]]></FromUserName>
<CreateTime>1485352356</CreateTime>
<MsgType><![CDATA[event]]></MsgType>
<Event><![CDATA[subscribe]]></Event>
<EventKey><![CDATA[]]></EventKey>
</xml>

2017-01-25 21:52:36 params :
------------
String:
array (
  'message' => 
  array (
    'tousername' => 'gh_0932d8cc3494',
    'fromusername' => 'o-_cKwrNzm2JIWJvxTxgV_Ycp0ic',
    'createtime' => '1485352356',
    'msgtype' => 'event',
    'event' => 'subscribe',
    'eventkey' => '',
    'from' => 'o-_cKwrNzm2JIWJvxTxgV_Ycp0ic',
    'to' => 'gh_0932d8cc3494',
    'time' => '1485352356',
    'type' => 'text',
    'redirection' => true,
    'source' => 'subscribe',
    'content' => '1',
  ),
  'module' => 'news',
  'rule' => '62',
  'priority' => '0',
  'keyword' => 
  array (
    'id' => '144',
    'rid' => '62',
    'uniacid' => '33',
    'module' => 'news',
    'content' => '1',
    'type' => '1',
    'displayorder' => '0',
    'status' => '1',
  ),
)

2017-01-25 21:52:36 response :
------------
Array:
FromUserName : gh_0932d8cc3494 ;
ToUserName : o-_cKwrNzm2JIWJvxTxgV_Ycp0ic ;
MsgType : news ;
ArticleCount : 1 ;
Articles : Array ;

2017-01-25 22:00:23 trace :
------------
String:
<xml><ToUserName><![CDATA[gh_0932d8cc3494]]></ToUserName>
<FromUserName><![CDATA[o-_cKwrNzm2JIWJvxTxgV_Ycp0ic]]></FromUserName>
<CreateTime>1485352823</CreateTime>
<MsgType><![CDATA[event]]></MsgType>
<Event><![CDATA[VIEW]]></Event>
<EventKey><![CDATA[http://www.9kpu.com/app/index.php?i=33&c=entry&eid=2]]></EventKey>
<MenuId>429294171</MenuId>
</xml>

2017-01-25 22:00:23 params :
------------
String:
array (
  'message' => 
  array (
    'tousername' => 'gh_0932d8cc3494',
    'fromusername' => 'o-_cKwrNzm2JIWJvxTxgV_Ycp0ic',
    'createtime' => '1485352823',
    'msgtype' => 'event',
    'event' => 'VIEW',
    'eventkey' => 'http://www.9kpu.com/app/index.php?i=33&c=entry&eid=2',
    'menuid' => '429294171',
    'from' => 'o-_cKwrNzm2JIWJvxTxgV_Ycp0ic',
    'to' => 'gh_0932d8cc3494',
    'time' => '1485352823',
    'type' => 'text',
    'content' => '1',
    'redirection' => true,
    'source' => 'default',
    'original' => 'http://www.9kpu.com/app/index.php?i=33&c=entry&eid=2',
  ),
  'module' => 'news',
  'rule' => '62',
  'priority' => '0',
  'keyword' => 
  array (
    'id' => '144',
    'rid' => '62',
    'uniacid' => '33',
    'module' => 'news',
    'content' => '1',
    'type' => '1',
    'displayorder' => '0',
    'status' => '1',
  ),
)

2017-01-25 22:00:23 response :
------------
Array:
FromUserName : gh_0932d8cc3494 ;
ToUserName : o-_cKwrNzm2JIWJvxTxgV_Ycp0ic ;
MsgType : news ;
ArticleCount : 1 ;
Articles : Array ;

2017-01-25 22:00:38 trace :
------------
String:
<xml><ToUserName><![CDATA[gh_0932d8cc3494]]></ToUserName>
<FromUserName><![CDATA[o-_cKwrNzm2JIWJvxTxgV_Ycp0ic]]></FromUserName>
<CreateTime>1485352837</CreateTime>
<MsgType><![CDATA[event]]></MsgType>
<Event><![CDATA[unsubscribe]]></Event>
<EventKey><![CDATA[]]></EventKey>
</xml>

2017-01-25 22:01:23 trace :
------------
String:
<xml><ToUserName><![CDATA[gh_b6b2adce2b0d]]></ToUserName>
<FromUserName><![CDATA[o-SliwDKAO0LD7tAdGE2UjDvpLBk]]></FromUserName>
<CreateTime>1485352883</CreateTime>
<MsgType><![CDATA[text]]></MsgType>
<Content><![CDATA[45658556955]]></Content>
<MsgId>6379542055914882428</MsgId>
</xml>

2017-01-25 22:01:23 params :
------------
String:
array (
  'message' => 
  array (
    'tousername' => 'gh_b6b2adce2b0d',
    'fromusername' => 'o-SliwDKAO0LD7tAdGE2UjDvpLBk',
    'createtime' => '1485352883',
    'msgtype' => 'text',
    'content' => '1',
    'msgid' => '6379542055914882428',
    'from' => 'o-SliwDKAO0LD7tAdGE2UjDvpLBk',
    'to' => 'gh_b6b2adce2b0d',
    'time' => '1485352883',
    'type' => 'text',
    'event' => NULL,
    'redirection' => true,
    'source' => 'default',
    'original' => '45658556955',
  ),
  'module' => 'news',
  'rule' => '73',
  'priority' => '0',
  'keyword' => 
  array (
    'id' => '156',
    'rid' => '73',
    'uniacid' => '39',
    'module' => 'news',
    'content' => '1',
    'type' => '1',
    'displayorder' => '0',
    'status' => '1',
  ),
)

2017-01-25 22:01:23 response :
------------
Array:
FromUserName : gh_b6b2adce2b0d ;
ToUserName : o-SliwDKAO0LD7tAdGE2UjDvpLBk ;
MsgType : news ;
ArticleCount : 1 ;
Articles : Array ;

2017-01-25 22:01:35 trace :
------------
String:
<xml><ToUserName><![CDATA[gh_b6b2adce2b0d]]></ToUserName>
<FromUserName><![CDATA[o-SliwDKAO0LD7tAdGE2UjDvpLBk]]></FromUserName>
<CreateTime>1485352895</CreateTime>
<MsgType><![CDATA[voice]]></MsgType>
<MediaId><![CDATA[YJN4e2xgw0p_AZgtOMNUp4s4quhzUMcZFYMDT1RP4JO7huvnwHUisOnzJXBgX-5s]]></MediaId>
<Format><![CDATA[amr]]></Format>
<MsgId>6379542107454489985</MsgId>
<Recognition><![CDATA[]]></Recognition>
</xml>

2017-01-25 22:01:35 params :
------------
String:
array (
  'message' => 
  array (
    'tousername' => 'gh_b6b2adce2b0d',
    'fromusername' => 'o-SliwDKAO0LD7tAdGE2UjDvpLBk',
    'createtime' => '1485352895',
    'msgtype' => 'voice',
    'mediaid' => 'YJN4e2xgw0p_AZgtOMNUp4s4quhzUMcZFYMDT1RP4JO7huvnwHUisOnzJXBgX-5s',
    'format' => 'amr',
    'msgid' => '6379542107454489985',
    'recognition' => '',
    'from' => 'o-SliwDKAO0LD7tAdGE2UjDvpLBk',
    'to' => 'gh_b6b2adce2b0d',
    'time' => '1485352895',
    'type' => 'text',
    'event' => NULL,
    'content' => '1',
    'redirection' => true,
    'source' => 'default',
    'original' => NULL,
  ),
  'module' => 'news',
  'rule' => '73',
  'priority' => '0',
  'keyword' => 
  array (
    'id' => '156',
    'rid' => '73',
    'uniacid' => '39',
    'module' => 'news',
    'content' => '1',
    'type' => '1',
    'displayorder' => '0',
    'status' => '1',
  ),
)

2017-01-25 22:01:35 response :
------------
Array:
FromUserName : gh_b6b2adce2b0d ;
ToUserName : o-SliwDKAO0LD7tAdGE2UjDvpLBk ;
MsgType : news ;
ArticleCount : 1 ;
Articles : Array ;

2017-01-25 23:11:59 trace :
------------
String:
<xml><ToUserName><![CDATA[gh_9046d2e226a2]]></ToUserName>
<FromUserName><![CDATA[oKlYowS7D2M3kMaLHjdwXZ2Civ1A]]></FromUserName>
<CreateTime>1485357119</CreateTime>
<MsgType><![CDATA[event]]></MsgType>
<Event><![CDATA[VIEW]]></Event>
<EventKey><![CDATA[http://www.9kpu.com/app/index.php?i=35&c=home&]]></EventKey>
<MenuId>412080054</MenuId>
</xml>

2017-01-25 23:11:59 params :
------------
String:
array (
  'message' => 
  array (
    'tousername' => 'gh_9046d2e226a2',
    'fromusername' => 'oKlYowS7D2M3kMaLHjdwXZ2Civ1A',
    'createtime' => '1485357119',
    'msgtype' => 'event',
    'event' => 'VIEW',
    'eventkey' => 'http://www.9kpu.com/app/index.php?i=35&c=home&',
    'menuid' => '412080054',
    'from' => 'oKlYowS7D2M3kMaLHjdwXZ2Civ1A',
    'to' => 'gh_9046d2e226a2',
    'time' => '1485357119',
    'type' => 'text',
    'content' => '1',
    'redirection' => true,
    'source' => 'default',
    'original' => 'http://www.9kpu.com/app/index.php?i=35&c=home&',
  ),
  'module' => 'news',
  'rule' => '64',
  'priority' => '0',
  'keyword' => 
  array (
    'id' => '119',
    'rid' => '64',
    'uniacid' => '35',
    'module' => 'news',
    'content' => '1',
    'type' => '1',
    'displayorder' => '0',
    'status' => '1',
  ),
)

2017-01-25 23:11:59 response :
------------
Array:
FromUserName : gh_9046d2e226a2 ;
ToUserName : oKlYowS7D2M3kMaLHjdwXZ2Civ1A ;
MsgType : news ;
ArticleCount : 1 ;
Articles : Array ;

2017-01-25 23:12:05 trace :
------------
String:
<xml><ToUserName><![CDATA[gh_9046d2e226a2]]></ToUserName>
<FromUserName><![CDATA[oKlYowS7D2M3kMaLHjdwXZ2Civ1A]]></FromUserName>
<CreateTime>1485357125</CreateTime>
<MsgType><![CDATA[event]]></MsgType>
<Event><![CDATA[VIEW]]></Event>
<EventKey><![CDATA[http://www.9kpu.com/app/index.php?i=35&c=entry&eid=1]]></EventKey>
<MenuId>412080054</MenuId>
</xml>

2017-01-25 23:12:05 params :
------------
String:
array (
  'message' => 
  array (
    'tousername' => 'gh_9046d2e226a2',
    'fromusername' => 'oKlYowS7D2M3kMaLHjdwXZ2Civ1A',
    'createtime' => '1485357125',
    'msgtype' => 'event',
    'event' => 'VIEW',
    'eventkey' => 'http://www.9kpu.com/app/index.php?i=35&c=entry&eid=1',
    'menuid' => '412080054',
    'from' => 'oKlYowS7D2M3kMaLHjdwXZ2Civ1A',
    'to' => 'gh_9046d2e226a2',
    'time' => '1485357125',
    'type' => 'text',
    'content' => '1',
    'redirection' => true,
    'source' => 'default',
    'original' => 'http://www.9kpu.com/app/index.php?i=35&c=entry&eid=1',
  ),
  'module' => 'news',
  'rule' => '64',
  'priority' => '0',
  'keyword' => 
  array (
    'id' => '119',
    'rid' => '64',
    'uniacid' => '35',
    'module' => 'news',
    'content' => '1',
    'type' => '1',
    'displayorder' => '0',
    'status' => '1',
  ),
)

2017-01-25 23:12:05 response :
------------
Array:
FromUserName : gh_9046d2e226a2 ;
ToUserName : oKlYowS7D2M3kMaLHjdwXZ2Civ1A ;
MsgType : news ;
ArticleCount : 1 ;
Articles : Array ;

2017-01-25 23:12:09 trace :
------------
String:
<xml><ToUserName><![CDATA[gh_9046d2e226a2]]></ToUserName>
<FromUserName><![CDATA[oKlYowS7D2M3kMaLHjdwXZ2Civ1A]]></FromUserName>
<CreateTime>1485357128</CreateTime>
<MsgType><![CDATA[event]]></MsgType>
<Event><![CDATA[VIEW]]></Event>
<EventKey><![CDATA[http://www.9kpu.com/app/index.php?i=35&c=home&]]></EventKey>
<MenuId>412080054</MenuId>
</xml>

2017-01-25 23:12:09 params :
------------
String:
array (
  'message' => 
  array (
    'tousername' => 'gh_9046d2e226a2',
    'fromusername' => 'oKlYowS7D2M3kMaLHjdwXZ2Civ1A',
    'createtime' => '1485357128',
    'msgtype' => 'event',
    'event' => 'VIEW',
    'eventkey' => 'http://www.9kpu.com/app/index.php?i=35&c=home&',
    'menuid' => '412080054',
    'from' => 'oKlYowS7D2M3kMaLHjdwXZ2Civ1A',
    'to' => 'gh_9046d2e226a2',
    'time' => '1485357128',
    'type' => 'text',
    'content' => '1',
    'redirection' => true,
    'source' => 'default',
    'original' => 'http://www.9kpu.com/app/index.php?i=35&c=home&',
  ),
  'module' => 'news',
  'rule' => '64',
  'priority' => '0',
  'keyword' => 
  array (
    'id' => '119',
    'rid' => '64',
    'uniacid' => '35',
    'module' => 'news',
    'content' => '1',
    'type' => '1',
    'displayorder' => '0',
    'status' => '1',
  ),
)

2017-01-25 23:12:09 response :
------------
Array:
FromUserName : gh_9046d2e226a2 ;
ToUserName : oKlYowS7D2M3kMaLHjdwXZ2Civ1A ;
MsgType : news ;
ArticleCount : 1 ;
Articles : Array ;

2017-01-25 23:13:02 trace :
------------
String:
<xml><ToUserName><![CDATA[gh_9046d2e226a2]]></ToUserName>
<FromUserName><![CDATA[oKlYowS7D2M3kMaLHjdwXZ2Civ1A]]></FromUserName>
<CreateTime>1485357182</CreateTime>
<MsgType><![CDATA[event]]></MsgType>
<Event><![CDATA[VIEW]]></Event>
<EventKey><![CDATA[http://www.9kpu.com/app/index.php?i=35&c=home&]]></EventKey>
<MenuId>412080054</MenuId>
</xml>

2017-01-25 23:13:02 params :
------------
String:
array (
  'message' => 
  array (
    'tousername' => 'gh_9046d2e226a2',
    'fromusername' => 'oKlYowS7D2M3kMaLHjdwXZ2Civ1A',
    'createtime' => '1485357182',
    'msgtype' => 'event',
    'event' => 'VIEW',
    'eventkey' => 'http://www.9kpu.com/app/index.php?i=35&c=home&',
    'menuid' => '412080054',
    'from' => 'oKlYowS7D2M3kMaLHjdwXZ2Civ1A',
    'to' => 'gh_9046d2e226a2',
    'time' => '1485357182',
    'type' => 'text',
    'content' => '1',
    'redirection' => true,
    'source' => 'default',
    'original' => 'http://www.9kpu.com/app/index.php?i=35&c=home&',
  ),
  'module' => 'news',
  'rule' => '64',
  'priority' => '0',
  'keyword' => 
  array (
    'id' => '119',
    'rid' => '64',
    'uniacid' => '35',
    'module' => 'news',
    'content' => '1',
    'type' => '1',
    'displayorder' => '0',
    'status' => '1',
  ),
)

2017-01-25 23:13:02 response :
------------
Array:
FromUserName : gh_9046d2e226a2 ;
ToUserName : oKlYowS7D2M3kMaLHjdwXZ2Civ1A ;
MsgType : news ;
ArticleCount : 1 ;
Articles : Array ;

2017-01-25 23:14:06 trace :
------------
String:
<xml><ToUserName><![CDATA[gh_9046d2e226a2]]></ToUserName>
<FromUserName><![CDATA[oKlYowS7D2M3kMaLHjdwXZ2Civ1A]]></FromUserName>
<CreateTime>1485357246</CreateTime>
<MsgType><![CDATA[event]]></MsgType>
<Event><![CDATA[VIEW]]></Event>
<EventKey><![CDATA[http://www.9kpu.com/app/index.php?i=35&c=home&]]></EventKey>
<MenuId>412080054</MenuId>
</xml>

2017-01-25 23:14:06 params :
------------
String:
array (
  'message' => 
  array (
    'tousername' => 'gh_9046d2e226a2',
    'fromusername' => 'oKlYowS7D2M3kMaLHjdwXZ2Civ1A',
    'createtime' => '1485357246',
    'msgtype' => 'event',
    'event' => 'VIEW',
    'eventkey' => 'http://www.9kpu.com/app/index.php?i=35&c=home&',
    'menuid' => '412080054',
    'from' => 'oKlYowS7D2M3kMaLHjdwXZ2Civ1A',
    'to' => 'gh_9046d2e226a2',
    'time' => '1485357246',
    'type' => 'text',
    'content' => '1',
    'redirection' => true,
    'source' => 'default',
    'original' => 'http://www.9kpu.com/app/index.php?i=35&c=home&',
  ),
  'module' => 'news',
  'rule' => '64',
  'priority' => '0',
  'keyword' => 
  array (
    'id' => '119',
    'rid' => '64',
    'uniacid' => '35',
    'module' => 'news',
    'content' => '1',
    'type' => '1',
    'displayorder' => '0',
    'status' => '1',
  ),
)

2017-01-25 23:14:06 response :
------------
Array:
FromUserName : gh_9046d2e226a2 ;
ToUserName : oKlYowS7D2M3kMaLHjdwXZ2Civ1A ;
MsgType : news ;
ArticleCount : 1 ;
Articles : Array ;

2017-01-25 23:14:41 trace :
------------
String:
<xml><ToUserName><![CDATA[gh_9046d2e226a2]]></ToUserName>
<FromUserName><![CDATA[oKlYowS7D2M3kMaLHjdwXZ2Civ1A]]></FromUserName>
<CreateTime>1485357281</CreateTime>
<MsgType><![CDATA[event]]></MsgType>
<Event><![CDATA[VIEW]]></Event>
<EventKey><![CDATA[http://www.9kpu.com/app/index.php?i=35&c=entry&eid=1]]></EventKey>
<MenuId>412080054</MenuId>
</xml>

2017-01-25 23:14:41 params :
------------
String:
array (
  'message' => 
  array (
    'tousername' => 'gh_9046d2e226a2',
    'fromusername' => 'oKlYowS7D2M3kMaLHjdwXZ2Civ1A',
    'createtime' => '1485357281',
    'msgtype' => 'event',
    'event' => 'VIEW',
    'eventkey' => 'http://www.9kpu.com/app/index.php?i=35&c=entry&eid=1',
    'menuid' => '412080054',
    'from' => 'oKlYowS7D2M3kMaLHjdwXZ2Civ1A',
    'to' => 'gh_9046d2e226a2',
    'time' => '1485357281',
    'type' => 'text',
    'content' => '1',
    'redirection' => true,
    'source' => 'default',
    'original' => 'http://www.9kpu.com/app/index.php?i=35&c=entry&eid=1',
  ),
  'module' => 'news',
  'rule' => '64',
  'priority' => '0',
  'keyword' => 
  array (
    'id' => '119',
    'rid' => '64',
    'uniacid' => '35',
    'module' => 'news',
    'content' => '1',
    'type' => '1',
    'displayorder' => '0',
    'status' => '1',
  ),
)

2017-01-25 23:14:41 response :
------------
Array:
FromUserName : gh_9046d2e226a2 ;
ToUserName : oKlYowS7D2M3kMaLHjdwXZ2Civ1A ;
MsgType : news ;
ArticleCount : 1 ;
Articles : Array ;

2017-01-25 23:14:58 trace :
------------
String:
<xml><ToUserName><![CDATA[gh_9046d2e226a2]]></ToUserName>
<FromUserName><![CDATA[oKlYowS7D2M3kMaLHjdwXZ2Civ1A]]></FromUserName>
<CreateTime>1485357298</CreateTime>
<MsgType><![CDATA[event]]></MsgType>
<Event><![CDATA[VIEW]]></Event>
<EventKey><![CDATA[http://www.9kpu.com/app/index.php?i=35&c=home&]]></EventKey>
<MenuId>412080054</MenuId>
</xml>

2017-01-25 23:14:58 params :
------------
String:
array (
  'message' => 
  array (
    'tousername' => 'gh_9046d2e226a2',
    'fromusername' => 'oKlYowS7D2M3kMaLHjdwXZ2Civ1A',
    'createtime' => '1485357298',
    'msgtype' => 'event',
    'event' => 'VIEW',
    'eventkey' => 'http://www.9kpu.com/app/index.php?i=35&c=home&',
    'menuid' => '412080054',
    'from' => 'oKlYowS7D2M3kMaLHjdwXZ2Civ1A',
    'to' => 'gh_9046d2e226a2',
    'time' => '1485357298',
    'type' => 'text',
    'content' => '1',
    'redirection' => true,
    'source' => 'default',
    'original' => 'http://www.9kpu.com/app/index.php?i=35&c=home&',
  ),
  'module' => 'news',
  'rule' => '64',
  'priority' => '0',
  'keyword' => 
  array (
    'id' => '119',
    'rid' => '64',
    'uniacid' => '35',
    'module' => 'news',
    'content' => '1',
    'type' => '1',
    'displayorder' => '0',
    'status' => '1',
  ),
)

2017-01-25 23:14:58 response :
------------
Array:
FromUserName : gh_9046d2e226a2 ;
ToUserName : oKlYowS7D2M3kMaLHjdwXZ2Civ1A ;
MsgType : news ;
ArticleCount : 1 ;
Articles : Array ;

2017-01-25 23:15:27 trace :
------------
String:
<xml><ToUserName><![CDATA[gh_9046d2e226a2]]></ToUserName>
<FromUserName><![CDATA[oKlYowS7D2M3kMaLHjdwXZ2Civ1A]]></FromUserName>
<CreateTime>1485357326</CreateTime>
<MsgType><![CDATA[event]]></MsgType>
<Event><![CDATA[VIEW]]></Event>
<EventKey><![CDATA[http://www.9kpu.com/app/index.php?i=35&c=home&]]></EventKey>
<MenuId>412080054</MenuId>
</xml>

2017-01-25 23:15:27 params :
------------
String:
array (
  'message' => 
  array (
    'tousername' => 'gh_9046d2e226a2',
    'fromusername' => 'oKlYowS7D2M3kMaLHjdwXZ2Civ1A',
    'createtime' => '1485357326',
    'msgtype' => 'event',
    'event' => 'VIEW',
    'eventkey' => 'http://www.9kpu.com/app/index.php?i=35&c=home&',
    'menuid' => '412080054',
    'from' => 'oKlYowS7D2M3kMaLHjdwXZ2Civ1A',
    'to' => 'gh_9046d2e226a2',
    'time' => '1485357326',
    'type' => 'text',
    'content' => '1',
    'redirection' => true,
    'source' => 'default',
    'original' => 'http://www.9kpu.com/app/index.php?i=35&c=home&',
  ),
  'module' => 'news',
  'rule' => '64',
  'priority' => '0',
  'keyword' => 
  array (
    'id' => '119',
    'rid' => '64',
    'uniacid' => '35',
    'module' => 'news',
    'content' => '1',
    'type' => '1',
    'displayorder' => '0',
    'status' => '1',
  ),
)

2017-01-25 23:15:27 response :
------------
Array:
FromUserName : gh_9046d2e226a2 ;
ToUserName : oKlYowS7D2M3kMaLHjdwXZ2Civ1A ;
MsgType : news ;
ArticleCount : 1 ;
Articles : Array ;

2017-01-25 23:15:40 trace :
------------
String:
<xml><ToUserName><![CDATA[gh_9046d2e226a2]]></ToUserName>
<FromUserName><![CDATA[oKlYowS7D2M3kMaLHjdwXZ2Civ1A]]></FromUserName>
<CreateTime>1485357340</CreateTime>
<MsgType><![CDATA[event]]></MsgType>
<Event><![CDATA[VIEW]]></Event>
<EventKey><![CDATA[http://www.9kpu.com/app/index.php?i=35&c=home&]]></EventKey>
<MenuId>412080054</MenuId>
</xml>

2017-01-25 23:15:40 params :
------------
String:
array (
  'message' => 
  array (
    'tousername' => 'gh_9046d2e226a2',
    'fromusername' => 'oKlYowS7D2M3kMaLHjdwXZ2Civ1A',
    'createtime' => '1485357340',
    'msgtype' => 'event',
    'event' => 'VIEW',
    'eventkey' => 'http://www.9kpu.com/app/index.php?i=35&c=home&',
    'menuid' => '412080054',
    'from' => 'oKlYowS7D2M3kMaLHjdwXZ2Civ1A',
    'to' => 'gh_9046d2e226a2',
    'time' => '1485357340',
    'type' => 'text',
    'content' => '1',
    'redirection' => true,
    'source' => 'default',
    'original' => 'http://www.9kpu.com/app/index.php?i=35&c=home&',
  ),
  'module' => 'news',
  'rule' => '64',
  'priority' => '0',
  'keyword' => 
  array (
    'id' => '119',
    'rid' => '64',
    'uniacid' => '35',
    'module' => 'news',
    'content' => '1',
    'type' => '1',
    'displayorder' => '0',
    'status' => '1',
  ),
)

2017-01-25 23:15:40 response :
------------
Array:
FromUserName : gh_9046d2e226a2 ;
ToUserName : oKlYowS7D2M3kMaLHjdwXZ2Civ1A ;
MsgType : news ;
ArticleCount : 1 ;
Articles : Array ;

