2017-02-05 05:32:43 trace :
------------
String:
<xml><ToUserName><![CDATA[gh_ad1abe4f841e]]></ToUserName>
<FromUserName><![CDATA[oF5iMvzZZZWcRA3E7JYDdU81HqCY]]></FromUserName>
<CreateTime>1486243962</CreateTime>
<MsgType><![CDATA[event]]></MsgType>
<Event><![CDATA[VIEW]]></Event>
<EventKey><![CDATA[http://www.9kpu.com/app/index.php?i=41&c=home&]]></EventKey>
<MenuId>409163649</MenuId>
</xml>

2017-02-05 05:32:43 params :
------------
String:
array (
  'message' => 
  array (
    'tousername' => 'gh_ad1abe4f841e',
    'fromusername' => 'oF5iMvzZZZWcRA3E7JYDdU81HqCY',
    'createtime' => '1486243962',
    'msgtype' => 'event',
    'event' => 'VIEW',
    'eventkey' => 'http://www.9kpu.com/app/index.php?i=41&c=home&',
    'menuid' => '409163649',
    'from' => 'oF5iMvzZZZWcRA3E7JYDdU81HqCY',
    'to' => 'gh_ad1abe4f841e',
    'time' => '1486243962',
    'type' => 'text',
    'content' => '1',
    'redirection' => true,
    'source' => 'default',
    'original' => 'http://www.9kpu.com/app/index.php?i=41&c=home&',
  ),
  'module' => 'news',
  'rule' => '93',
  'priority' => '0',
  'keyword' => 
  array (
    'id' => '197',
    'rid' => '93',
    'uniacid' => '41',
    'module' => 'news',
    'content' => '1',
    'type' => '1',
    'displayorder' => '0',
    'status' => '1',
  ),
)

2017-02-05 05:32:43 response :
------------
Array:
FromUserName : gh_ad1abe4f841e ;
ToUserName : oF5iMvzZZZWcRA3E7JYDdU81HqCY ;
MsgType : news ;
ArticleCount : 1 ;
Articles : Array ;

2017-02-05 05:34:58 trace :
------------
String:
<xml><ToUserName><![CDATA[gh_ad1abe4f841e]]></ToUserName>
<FromUserName><![CDATA[oF5iMvzZZZWcRA3E7JYDdU81HqCY]]></FromUserName>
<CreateTime>1486244098</CreateTime>
<MsgType><![CDATA[event]]></MsgType>
<Event><![CDATA[VIEW]]></Event>
<EventKey><![CDATA[http://www.9kpu.com/app/index.php?i=41&c=entry&eid=2]]></EventKey>
<MenuId>409163649</MenuId>
</xml>

2017-02-05 05:34:58 params :
------------
String:
array (
  'message' => 
  array (
    'tousername' => 'gh_ad1abe4f841e',
    'fromusername' => 'oF5iMvzZZZWcRA3E7JYDdU81HqCY',
    'createtime' => '1486244098',
    'msgtype' => 'event',
    'event' => 'VIEW',
    'eventkey' => 'http://www.9kpu.com/app/index.php?i=41&c=entry&eid=2',
    'menuid' => '409163649',
    'from' => 'oF5iMvzZZZWcRA3E7JYDdU81HqCY',
    'to' => 'gh_ad1abe4f841e',
    'time' => '1486244098',
    'type' => 'text',
    'content' => '1',
    'redirection' => true,
    'source' => 'default',
    'original' => 'http://www.9kpu.com/app/index.php?i=41&c=entry&eid=2',
  ),
  'module' => 'news',
  'rule' => '93',
  'priority' => '0',
  'keyword' => 
  array (
    'id' => '197',
    'rid' => '93',
    'uniacid' => '41',
    'module' => 'news',
    'content' => '1',
    'type' => '1',
    'displayorder' => '0',
    'status' => '1',
  ),
)

2017-02-05 05:34:58 response :
------------
Array:
FromUserName : gh_ad1abe4f841e ;
ToUserName : oF5iMvzZZZWcRA3E7JYDdU81HqCY ;
MsgType : news ;
ArticleCount : 1 ;
Articles : Array ;

2017-02-05 09:06:06 trace :
------------
String:
<xml><ToUserName><![CDATA[gh_a1ba95755af7]]></ToUserName>
<FromUserName><![CDATA[oniSBwDPHj-HDLIwS84pVoE3K7lk]]></FromUserName>
<CreateTime>1486256766</CreateTime>
<MsgType><![CDATA[event]]></MsgType>
<Event><![CDATA[VIEW]]></Event>
<EventKey><![CDATA[http://www.9kpu.com/app/index.php?i=46&c=home&]]></EventKey>
<MenuId>410439717</MenuId>
</xml>

2017-02-05 09:06:06 params :
------------
String:
array (
  'rule' => -2,
  'module' => '',
  'message' => 
  array (
    'tousername' => 'gh_a1ba95755af7',
    'fromusername' => 'oniSBwDPHj-HDLIwS84pVoE3K7lk',
    'createtime' => '1486256766',
    'msgtype' => 'event',
    'event' => 'VIEW',
    'eventkey' => 'http://www.9kpu.com/app/index.php?i=46&c=home&',
    'menuid' => '410439717',
    'from' => 'oniSBwDPHj-HDLIwS84pVoE3K7lk',
    'to' => 'gh_a1ba95755af7',
    'time' => '1486256766',
    'type' => 'text',
    'content' => 'http://www.9kpu.com/app/index.php?i=46&c=home&',
    'redirection' => true,
    'source' => 'VIEW',
  ),
)

2017-02-05 09:06:06 response :
------------

2017-02-05 09:48:26 trace :
------------
String:
<xml><ToUserName><![CDATA[gh_9046d2e226a2]]></ToUserName>
<FromUserName><![CDATA[oKlYowZZq3WQ_eZfg8f03lFfaOug]]></FromUserName>
<CreateTime>1486259306</CreateTime>
<MsgType><![CDATA[event]]></MsgType>
<Event><![CDATA[VIEW]]></Event>
<EventKey><![CDATA[http://www.9kpu.com/app/index.php?i=35&c=entry&eid=1]]></EventKey>
<MenuId>412080054</MenuId>
</xml>

2017-02-05 09:48:26 params :
------------
String:
array (
  'message' => 
  array (
    'tousername' => 'gh_9046d2e226a2',
    'fromusername' => 'oKlYowZZq3WQ_eZfg8f03lFfaOug',
    'createtime' => '1486259306',
    'msgtype' => 'event',
    'event' => 'VIEW',
    'eventkey' => 'http://www.9kpu.com/app/index.php?i=35&c=entry&eid=1',
    'menuid' => '412080054',
    'from' => 'oKlYowZZq3WQ_eZfg8f03lFfaOug',
    'to' => 'gh_9046d2e226a2',
    'time' => '1486259306',
    'type' => 'text',
    'content' => '1',
    'redirection' => true,
    'source' => 'default',
    'original' => 'http://www.9kpu.com/app/index.php?i=35&c=entry&eid=1',
  ),
  'module' => 'news',
  'rule' => '64',
  'priority' => '0',
  'keyword' => 
  array (
    'id' => '119',
    'rid' => '64',
    'uniacid' => '35',
    'module' => 'news',
    'content' => '1',
    'type' => '1',
    'displayorder' => '0',
    'status' => '1',
  ),
)

2017-02-05 09:48:26 response :
------------
Array:
FromUserName : gh_9046d2e226a2 ;
ToUserName : oKlYowZZq3WQ_eZfg8f03lFfaOug ;
MsgType : news ;
ArticleCount : 1 ;
Articles : Array ;

2017-02-05 11:36:20 trace :
------------
String:
<xml><ToUserName><![CDATA[gh_e7a0c8306261]]></ToUserName>
<FromUserName><![CDATA[oRj-Fs8Kq_u_aD_S-O60rimuOjLQ]]></FromUserName>
<CreateTime>1486265780</CreateTime>
<MsgType><![CDATA[event]]></MsgType>
<Event><![CDATA[VIEW]]></Event>
<EventKey><![CDATA[http://www.9kpu.com/app/index.php?i=25&c=entry&do=bangding&m=lianhu_school]]></EventKey>
<MenuId>411010749</MenuId>
</xml>

2017-02-05 11:36:20 params :
------------
String:
array (
  'message' => 
  array (
    'tousername' => 'gh_e7a0c8306261',
    'fromusername' => 'oRj-Fs8Kq_u_aD_S-O60rimuOjLQ',
    'createtime' => '1486265780',
    'msgtype' => 'event',
    'event' => 'VIEW',
    'eventkey' => 'http://www.9kpu.com/app/index.php?i=25&c=entry&do=bangding&m=lianhu_school',
    'menuid' => '411010749',
    'from' => 'oRj-Fs8Kq_u_aD_S-O60rimuOjLQ',
    'to' => 'gh_e7a0c8306261',
    'time' => '1486265780',
    'type' => 'text',
    'content' => '欢迎',
    'redirection' => true,
    'source' => 'default',
    'original' => 'http://www.9kpu.com/app/index.php?i=25&c=entry&do=bangding&m=lianhu_school',
  ),
  'module' => 'basic',
  'rule' => '22',
  'priority' => '0',
  'keyword' => 
  array (
    'id' => '28',
    'rid' => '22',
    'uniacid' => '13',
    'module' => 'basic',
    'content' => '欢迎',
    'type' => '1',
    'displayorder' => '0',
    'status' => '1',
  ),
)

2017-02-05 11:36:20 response :
------------
Array:
FromUserName : gh_e7a0c8306261 ;
ToUserName : oRj-Fs8Kq_u_aD_S-O60rimuOjLQ ;
MsgType : text ;
Content : 欢迎关注同城学堂，点击微官网查看本学校介绍信息，家长点击学生天地绑定自己小孩信息使用，老师点击教师信息绑定自己账号使用 ;

2017-02-05 11:36:39 trace :
------------
String:
<xml><ToUserName><![CDATA[gh_e7a0c8306261]]></ToUserName>
<FromUserName><![CDATA[oRj-Fs8Kq_u_aD_S-O60rimuOjLQ]]></FromUserName>
<CreateTime>1486265799</CreateTime>
<MsgType><![CDATA[event]]></MsgType>
<Event><![CDATA[VIEW]]></Event>
<EventKey><![CDATA[http://www.9kpu.com/app/index.php?i=13&c=entry&eid=1]]></EventKey>
<MenuId>411010749</MenuId>
</xml>

2017-02-05 11:36:39 params :
------------
String:
array (
  'message' => 
  array (
    'tousername' => 'gh_e7a0c8306261',
    'fromusername' => 'oRj-Fs8Kq_u_aD_S-O60rimuOjLQ',
    'createtime' => '1486265799',
    'msgtype' => 'event',
    'event' => 'VIEW',
    'eventkey' => 'http://www.9kpu.com/app/index.php?i=13&c=entry&eid=1',
    'menuid' => '411010749',
    'from' => 'oRj-Fs8Kq_u_aD_S-O60rimuOjLQ',
    'to' => 'gh_e7a0c8306261',
    'time' => '1486265799',
    'type' => 'text',
    'content' => '欢迎',
    'redirection' => true,
    'source' => 'default',
    'original' => 'http://www.9kpu.com/app/index.php?i=13&c=entry&eid=1',
  ),
  'module' => 'basic',
  'rule' => '22',
  'priority' => '0',
  'keyword' => 
  array (
    'id' => '28',
    'rid' => '22',
    'uniacid' => '13',
    'module' => 'basic',
    'content' => '欢迎',
    'type' => '1',
    'displayorder' => '0',
    'status' => '1',
  ),
)

2017-02-05 11:36:39 response :
------------
Array:
FromUserName : gh_e7a0c8306261 ;
ToUserName : oRj-Fs8Kq_u_aD_S-O60rimuOjLQ ;
MsgType : text ;
Content : 欢迎关注同城学堂，点击微官网查看本学校介绍信息，家长点击学生天地绑定自己小孩信息使用，老师点击教师信息绑定自己账号使用 ;

2017-02-05 11:36:53 trace :
------------
String:
<xml><ToUserName><![CDATA[gh_e7a0c8306261]]></ToUserName>
<FromUserName><![CDATA[oRj-Fs8Kq_u_aD_S-O60rimuOjLQ]]></FromUserName>
<CreateTime>1486265813</CreateTime>
<MsgType><![CDATA[event]]></MsgType>
<Event><![CDATA[VIEW]]></Event>
<EventKey><![CDATA[http://www.9kpu.com/app/index.php?i=25&c=entry&do=bangding&m=lianhu_school]]></EventKey>
<MenuId>411010749</MenuId>
</xml>

2017-02-05 11:36:53 params :
------------
String:
array (
  'message' => 
  array (
    'tousername' => 'gh_e7a0c8306261',
    'fromusername' => 'oRj-Fs8Kq_u_aD_S-O60rimuOjLQ',
    'createtime' => '1486265813',
    'msgtype' => 'event',
    'event' => 'VIEW',
    'eventkey' => 'http://www.9kpu.com/app/index.php?i=25&c=entry&do=bangding&m=lianhu_school',
    'menuid' => '411010749',
    'from' => 'oRj-Fs8Kq_u_aD_S-O60rimuOjLQ',
    'to' => 'gh_e7a0c8306261',
    'time' => '1486265813',
    'type' => 'text',
    'content' => '欢迎',
    'redirection' => true,
    'source' => 'default',
    'original' => 'http://www.9kpu.com/app/index.php?i=25&c=entry&do=bangding&m=lianhu_school',
  ),
  'module' => 'basic',
  'rule' => '22',
  'priority' => '0',
  'keyword' => 
  array (
    'id' => '28',
    'rid' => '22',
    'uniacid' => '13',
    'module' => 'basic',
    'content' => '欢迎',
    'type' => '1',
    'displayorder' => '0',
    'status' => '1',
  ),
)

2017-02-05 11:36:53 response :
------------
Array:
FromUserName : gh_e7a0c8306261 ;
ToUserName : oRj-Fs8Kq_u_aD_S-O60rimuOjLQ ;
MsgType : text ;
Content : 欢迎关注同城学堂，点击微官网查看本学校介绍信息，家长点击学生天地绑定自己小孩信息使用，老师点击教师信息绑定自己账号使用 ;

2017-02-05 11:37:11 trace :
------------
String:
<xml><ToUserName><![CDATA[gh_e7a0c8306261]]></ToUserName>
<FromUserName><![CDATA[oRj-Fs8Kq_u_aD_S-O60rimuOjLQ]]></FromUserName>
<CreateTime>1486265831</CreateTime>
<MsgType><![CDATA[event]]></MsgType>
<Event><![CDATA[VIEW]]></Event>
<EventKey><![CDATA[http://www.9kpu.com/app/index.php?i=13&c=entry&eid=2]]></EventKey>
<MenuId>411010749</MenuId>
</xml>

2017-02-05 11:37:11 params :
------------
String:
array (
  'message' => 
  array (
    'tousername' => 'gh_e7a0c8306261',
    'fromusername' => 'oRj-Fs8Kq_u_aD_S-O60rimuOjLQ',
    'createtime' => '1486265831',
    'msgtype' => 'event',
    'event' => 'VIEW',
    'eventkey' => 'http://www.9kpu.com/app/index.php?i=13&c=entry&eid=2',
    'menuid' => '411010749',
    'from' => 'oRj-Fs8Kq_u_aD_S-O60rimuOjLQ',
    'to' => 'gh_e7a0c8306261',
    'time' => '1486265831',
    'type' => 'text',
    'content' => '欢迎',
    'redirection' => true,
    'source' => 'default',
    'original' => 'http://www.9kpu.com/app/index.php?i=13&c=entry&eid=2',
  ),
  'module' => 'basic',
  'rule' => '22',
  'priority' => '0',
  'keyword' => 
  array (
    'id' => '28',
    'rid' => '22',
    'uniacid' => '13',
    'module' => 'basic',
    'content' => '欢迎',
    'type' => '1',
    'displayorder' => '0',
    'status' => '1',
  ),
)

2017-02-05 11:37:11 response :
------------
Array:
FromUserName : gh_e7a0c8306261 ;
ToUserName : oRj-Fs8Kq_u_aD_S-O60rimuOjLQ ;
MsgType : text ;
Content : 欢迎关注同城学堂，点击微官网查看本学校介绍信息，家长点击学生天地绑定自己小孩信息使用，老师点击教师信息绑定自己账号使用 ;

2017-02-05 12:20:19 trace :
------------
String:
<xml><ToUserName><![CDATA[gh_081ee8610e82]]></ToUserName>
<FromUserName><![CDATA[ohNDtvj3j7jFZnBqSk6vFuPBJaQU]]></FromUserName>
<CreateTime>1486268419</CreateTime>
<MsgType><![CDATA[event]]></MsgType>
<Event><![CDATA[subscribe]]></Event>
<EventKey><![CDATA[]]></EventKey>
</xml>

2017-02-05 12:20:19 params :
------------
String:
array (
  'message' => 
  array (
    'tousername' => 'gh_081ee8610e82',
    'fromusername' => 'ohNDtvj3j7jFZnBqSk6vFuPBJaQU',
    'createtime' => '1486268419',
    'msgtype' => 'event',
    'event' => 'subscribe',
    'eventkey' => '',
    'from' => 'ohNDtvj3j7jFZnBqSk6vFuPBJaQU',
    'to' => 'gh_081ee8610e82',
    'time' => '1486268419',
    'type' => 'text',
    'redirection' => true,
    'source' => 'subscribe',
    'content' => '欢迎',
  ),
  'module' => 'basic',
  'rule' => '13',
  'priority' => '0',
  'keyword' => 
  array (
    'id' => '18',
    'rid' => '13',
    'uniacid' => '4',
    'module' => 'basic',
    'content' => '欢迎',
    'type' => '1',
    'displayorder' => '0',
    'status' => '1',
  ),
)

2017-02-05 12:20:19 response :
------------
Array:
FromUserName : gh_081ee8610e82 ;
ToUserName : ohNDtvj3j7jFZnBqSk6vFuPBJaQU ;
MsgType : text ;
Content : 等你好久了，智慧微校欢迎您。如果您是来逛逛的，请点开微官网查看我们学校的介绍信息。如果您是家长，请点开学生中心，用您家孩子姓名与学号绑定，就可尽情使用微校功能。如果您是老师，请点开微办公，用系统分配的账号与密码完成绑定，使用微校完成家校互动。 ;

2017-02-05 12:22:54 trace :
------------
String:
<xml><ToUserName><![CDATA[gh_081ee8610e82]]></ToUserName>
<FromUserName><![CDATA[ohNDtvj3j7jFZnBqSk6vFuPBJaQU]]></FromUserName>
<CreateTime>1486268574</CreateTime>
<MsgType><![CDATA[event]]></MsgType>
<Event><![CDATA[VIEW]]></Event>
<EventKey><![CDATA[http://www.9kpu.com/app/index.php?i=4&c=entry&eid=1]]></EventKey>
<MenuId>415658100</MenuId>
</xml>

2017-02-05 12:22:54 params :
------------
String:
array (
  'message' => 
  array (
    'tousername' => 'gh_081ee8610e82',
    'fromusername' => 'ohNDtvj3j7jFZnBqSk6vFuPBJaQU',
    'createtime' => '1486268574',
    'msgtype' => 'event',
    'event' => 'VIEW',
    'eventkey' => 'http://www.9kpu.com/app/index.php?i=4&c=entry&eid=1',
    'menuid' => '415658100',
    'from' => 'ohNDtvj3j7jFZnBqSk6vFuPBJaQU',
    'to' => 'gh_081ee8610e82',
    'time' => '1486268574',
    'type' => 'text',
    'content' => '欢迎',
    'redirection' => true,
    'source' => 'default',
    'original' => 'http://www.9kpu.com/app/index.php?i=4&c=entry&eid=1',
  ),
  'module' => 'basic',
  'rule' => '13',
  'priority' => '0',
  'keyword' => 
  array (
    'id' => '18',
    'rid' => '13',
    'uniacid' => '4',
    'module' => 'basic',
    'content' => '欢迎',
    'type' => '1',
    'displayorder' => '0',
    'status' => '1',
  ),
)

2017-02-05 12:22:54 response :
------------
Array:
FromUserName : gh_081ee8610e82 ;
ToUserName : ohNDtvj3j7jFZnBqSk6vFuPBJaQU ;
MsgType : text ;
Content : 等你好久了，智慧微校欢迎您。如果您是来逛逛的，请点开微官网查看我们学校的介绍信息。如果您是家长，请点开学生中心，用您家孩子姓名与学号绑定，就可尽情使用微校功能。如果您是老师，请点开微办公，用系统分配的账号与密码完成绑定，使用微校完成家校互动。 ;

2017-02-05 12:42:10 trace :
------------
String:
<xml><ToUserName><![CDATA[gh_9046d2e226a2]]></ToUserName>
<FromUserName><![CDATA[oKlYowQC4K91fIvHso1mtlD5c5V8]]></FromUserName>
<CreateTime>1486269730</CreateTime>
<MsgType><![CDATA[event]]></MsgType>
<Event><![CDATA[subscribe]]></Event>
<EventKey><![CDATA[]]></EventKey>
</xml>

2017-02-05 12:42:10 params :
------------
String:
array (
  'message' => 
  array (
    'tousername' => 'gh_9046d2e226a2',
    'fromusername' => 'oKlYowQC4K91fIvHso1mtlD5c5V8',
    'createtime' => '1486269730',
    'msgtype' => 'event',
    'event' => 'subscribe',
    'eventkey' => '',
    'from' => 'oKlYowQC4K91fIvHso1mtlD5c5V8',
    'to' => 'gh_9046d2e226a2',
    'time' => '1486269730',
    'type' => 'text',
    'redirection' => true,
    'source' => 'subscribe',
    'content' => '1',
  ),
  'module' => 'news',
  'rule' => '64',
  'priority' => '0',
  'keyword' => 
  array (
    'id' => '119',
    'rid' => '64',
    'uniacid' => '35',
    'module' => 'news',
    'content' => '1',
    'type' => '1',
    'displayorder' => '0',
    'status' => '1',
  ),
)

2017-02-05 12:42:10 response :
------------
Array:
FromUserName : gh_9046d2e226a2 ;
ToUserName : oKlYowQC4K91fIvHso1mtlD5c5V8 ;
MsgType : news ;
ArticleCount : 1 ;
Articles : Array ;

2017-02-05 15:28:55 trace :
------------
String:
<xml><ToUserName><![CDATA[gh_9046d2e226a2]]></ToUserName>
<FromUserName><![CDATA[oKlYowaltcFvAMmC40K-g54y7cB4]]></FromUserName>
<CreateTime>1486279735</CreateTime>
<MsgType><![CDATA[event]]></MsgType>
<Event><![CDATA[VIEW]]></Event>
<EventKey><![CDATA[http://www.9kpu.com/app/index.php?i=35&c=entry&eid=1]]></EventKey>
<MenuId>412080054</MenuId>
</xml>

2017-02-05 15:28:55 params :
------------
String:
array (
  'message' => 
  array (
    'tousername' => 'gh_9046d2e226a2',
    'fromusername' => 'oKlYowaltcFvAMmC40K-g54y7cB4',
    'createtime' => '1486279735',
    'msgtype' => 'event',
    'event' => 'VIEW',
    'eventkey' => 'http://www.9kpu.com/app/index.php?i=35&c=entry&eid=1',
    'menuid' => '412080054',
    'from' => 'oKlYowaltcFvAMmC40K-g54y7cB4',
    'to' => 'gh_9046d2e226a2',
    'time' => '1486279735',
    'type' => 'text',
    'content' => '1',
    'redirection' => true,
    'source' => 'default',
    'original' => 'http://www.9kpu.com/app/index.php?i=35&c=entry&eid=1',
  ),
  'module' => 'news',
  'rule' => '64',
  'priority' => '0',
  'keyword' => 
  array (
    'id' => '119',
    'rid' => '64',
    'uniacid' => '35',
    'module' => 'news',
    'content' => '1',
    'type' => '1',
    'displayorder' => '0',
    'status' => '1',
  ),
)

2017-02-05 15:28:55 response :
------------
Array:
FromUserName : gh_9046d2e226a2 ;
ToUserName : oKlYowaltcFvAMmC40K-g54y7cB4 ;
MsgType : news ;
ArticleCount : 1 ;
Articles : Array ;

2017-02-05 15:28:59 trace :
------------
String:
<xml><ToUserName><![CDATA[gh_9046d2e226a2]]></ToUserName>
<FromUserName><![CDATA[oKlYowaltcFvAMmC40K-g54y7cB4]]></FromUserName>
<CreateTime>1486279739</CreateTime>
<MsgType><![CDATA[event]]></MsgType>
<Event><![CDATA[VIEW]]></Event>
<EventKey><![CDATA[http://www.9kpu.com/app/index.php?i=35&c=home&]]></EventKey>
<MenuId>412080054</MenuId>
</xml>

2017-02-05 15:28:59 params :
------------
String:
array (
  'message' => 
  array (
    'tousername' => 'gh_9046d2e226a2',
    'fromusername' => 'oKlYowaltcFvAMmC40K-g54y7cB4',
    'createtime' => '1486279739',
    'msgtype' => 'event',
    'event' => 'VIEW',
    'eventkey' => 'http://www.9kpu.com/app/index.php?i=35&c=home&',
    'menuid' => '412080054',
    'from' => 'oKlYowaltcFvAMmC40K-g54y7cB4',
    'to' => 'gh_9046d2e226a2',
    'time' => '1486279739',
    'type' => 'text',
    'content' => '1',
    'redirection' => true,
    'source' => 'default',
    'original' => 'http://www.9kpu.com/app/index.php?i=35&c=home&',
  ),
  'module' => 'news',
  'rule' => '64',
  'priority' => '0',
  'keyword' => 
  array (
    'id' => '119',
    'rid' => '64',
    'uniacid' => '35',
    'module' => 'news',
    'content' => '1',
    'type' => '1',
    'displayorder' => '0',
    'status' => '1',
  ),
)

2017-02-05 15:28:59 response :
------------
Array:
FromUserName : gh_9046d2e226a2 ;
ToUserName : oKlYowaltcFvAMmC40K-g54y7cB4 ;
MsgType : news ;
ArticleCount : 1 ;
Articles : Array ;

2017-02-05 15:29:07 trace :
------------
String:
<xml><ToUserName><![CDATA[gh_9046d2e226a2]]></ToUserName>
<FromUserName><![CDATA[oKlYowaltcFvAMmC40K-g54y7cB4]]></FromUserName>
<CreateTime>1486279747</CreateTime>
<MsgType><![CDATA[event]]></MsgType>
<Event><![CDATA[VIEW]]></Event>
<EventKey><![CDATA[http://www.9kpu.com/app/index.php?i=35&c=entry&eid=2]]></EventKey>
<MenuId>412080054</MenuId>
</xml>

2017-02-05 15:29:07 params :
------------
String:
array (
  'message' => 
  array (
    'tousername' => 'gh_9046d2e226a2',
    'fromusername' => 'oKlYowaltcFvAMmC40K-g54y7cB4',
    'createtime' => '1486279747',
    'msgtype' => 'event',
    'event' => 'VIEW',
    'eventkey' => 'http://www.9kpu.com/app/index.php?i=35&c=entry&eid=2',
    'menuid' => '412080054',
    'from' => 'oKlYowaltcFvAMmC40K-g54y7cB4',
    'to' => 'gh_9046d2e226a2',
    'time' => '1486279747',
    'type' => 'text',
    'content' => '1',
    'redirection' => true,
    'source' => 'default',
    'original' => 'http://www.9kpu.com/app/index.php?i=35&c=entry&eid=2',
  ),
  'module' => 'news',
  'rule' => '64',
  'priority' => '0',
  'keyword' => 
  array (
    'id' => '119',
    'rid' => '64',
    'uniacid' => '35',
    'module' => 'news',
    'content' => '1',
    'type' => '1',
    'displayorder' => '0',
    'status' => '1',
  ),
)

2017-02-05 15:29:07 response :
------------
Array:
FromUserName : gh_9046d2e226a2 ;
ToUserName : oKlYowaltcFvAMmC40K-g54y7cB4 ;
MsgType : news ;
ArticleCount : 1 ;
Articles : Array ;

2017-02-05 18:05:40 trace :
------------
String:
<xml><ToUserName><![CDATA[gh_e7a0c8306261]]></ToUserName>
<FromUserName><![CDATA[oRj-Fs9SiJ4pJ6n4YwVZtrox732s]]></FromUserName>
<CreateTime>1486289140</CreateTime>
<MsgType><![CDATA[event]]></MsgType>
<Event><![CDATA[VIEW]]></Event>
<EventKey><![CDATA[http://www.9kpu.com/app/index.php?i=13&c=entry&eid=1]]></EventKey>
<MenuId>411010749</MenuId>
</xml>

2017-02-05 18:05:41 params :
------------
String:
array (
  'message' => 
  array (
    'tousername' => 'gh_e7a0c8306261',
    'fromusername' => 'oRj-Fs9SiJ4pJ6n4YwVZtrox732s',
    'createtime' => '1486289140',
    'msgtype' => 'event',
    'event' => 'VIEW',
    'eventkey' => 'http://www.9kpu.com/app/index.php?i=13&c=entry&eid=1',
    'menuid' => '411010749',
    'from' => 'oRj-Fs9SiJ4pJ6n4YwVZtrox732s',
    'to' => 'gh_e7a0c8306261',
    'time' => '1486289140',
    'type' => 'text',
    'content' => '欢迎',
    'redirection' => true,
    'source' => 'default',
    'original' => 'http://www.9kpu.com/app/index.php?i=13&c=entry&eid=1',
  ),
  'module' => 'basic',
  'rule' => '22',
  'priority' => '0',
  'keyword' => 
  array (
    'id' => '28',
    'rid' => '22',
    'uniacid' => '13',
    'module' => 'basic',
    'content' => '欢迎',
    'type' => '1',
    'displayorder' => '0',
    'status' => '1',
  ),
)

2017-02-05 18:05:41 response :
------------
Array:
FromUserName : gh_e7a0c8306261 ;
ToUserName : oRj-Fs9SiJ4pJ6n4YwVZtrox732s ;
MsgType : text ;
Content : 欢迎关注同城学堂，点击微官网查看本学校介绍信息，家长点击学生天地绑定自己小孩信息使用，老师点击教师信息绑定自己账号使用 ;

2017-02-05 18:38:29 trace :
------------
String:
<xml><ToUserName><![CDATA[gh_9046d2e226a2]]></ToUserName>
<FromUserName><![CDATA[oKlYowW16_7U2Ok2QngHYGcveomw]]></FromUserName>
<CreateTime>1486291109</CreateTime>
<MsgType><![CDATA[event]]></MsgType>
<Event><![CDATA[VIEW]]></Event>
<EventKey><![CDATA[http://www.9kpu.com/app/index.php?i=35&c=home&]]></EventKey>
<MenuId>412080054</MenuId>
</xml>

2017-02-05 18:38:29 params :
------------
String:
array (
  'message' => 
  array (
    'tousername' => 'gh_9046d2e226a2',
    'fromusername' => 'oKlYowW16_7U2Ok2QngHYGcveomw',
    'createtime' => '1486291109',
    'msgtype' => 'event',
    'event' => 'VIEW',
    'eventkey' => 'http://www.9kpu.com/app/index.php?i=35&c=home&',
    'menuid' => '412080054',
    'from' => 'oKlYowW16_7U2Ok2QngHYGcveomw',
    'to' => 'gh_9046d2e226a2',
    'time' => '1486291109',
    'type' => 'text',
    'content' => '1',
    'redirection' => true,
    'source' => 'default',
    'original' => 'http://www.9kpu.com/app/index.php?i=35&c=home&',
  ),
  'module' => 'news',
  'rule' => '64',
  'priority' => '0',
  'keyword' => 
  array (
    'id' => '119',
    'rid' => '64',
    'uniacid' => '35',
    'module' => 'news',
    'content' => '1',
    'type' => '1',
    'displayorder' => '0',
    'status' => '1',
  ),
)

2017-02-05 18:38:29 response :
------------
Array:
FromUserName : gh_9046d2e226a2 ;
ToUserName : oKlYowW16_7U2Ok2QngHYGcveomw ;
MsgType : news ;
ArticleCount : 1 ;
Articles : Array ;

2017-02-05 18:39:46 trace :
------------
String:
<xml><ToUserName><![CDATA[gh_9046d2e226a2]]></ToUserName>
<FromUserName><![CDATA[oKlYowW16_7U2Ok2QngHYGcveomw]]></FromUserName>
<CreateTime>1486291186</CreateTime>
<MsgType><![CDATA[event]]></MsgType>
<Event><![CDATA[VIEW]]></Event>
<EventKey><![CDATA[http://www.9kpu.com/app/index.php?i=35&c=entry&eid=2]]></EventKey>
<MenuId>412080054</MenuId>
</xml>

2017-02-05 18:39:46 params :
------------
String:
array (
  'message' => 
  array (
    'tousername' => 'gh_9046d2e226a2',
    'fromusername' => 'oKlYowW16_7U2Ok2QngHYGcveomw',
    'createtime' => '1486291186',
    'msgtype' => 'event',
    'event' => 'VIEW',
    'eventkey' => 'http://www.9kpu.com/app/index.php?i=35&c=entry&eid=2',
    'menuid' => '412080054',
    'from' => 'oKlYowW16_7U2Ok2QngHYGcveomw',
    'to' => 'gh_9046d2e226a2',
    'time' => '1486291186',
    'type' => 'text',
    'content' => '1',
    'redirection' => true,
    'source' => 'default',
    'original' => 'http://www.9kpu.com/app/index.php?i=35&c=entry&eid=2',
  ),
  'module' => 'news',
  'rule' => '64',
  'priority' => '0',
  'keyword' => 
  array (
    'id' => '119',
    'rid' => '64',
    'uniacid' => '35',
    'module' => 'news',
    'content' => '1',
    'type' => '1',
    'displayorder' => '0',
    'status' => '1',
  ),
)

2017-02-05 18:39:46 response :
------------
Array:
FromUserName : gh_9046d2e226a2 ;
ToUserName : oKlYowW16_7U2Ok2QngHYGcveomw ;
MsgType : news ;
ArticleCount : 1 ;
Articles : Array ;

2017-02-05 19:23:04 trace :
------------
String:
<xml><ToUserName><![CDATA[gh_a1ba95755af7]]></ToUserName>
<FromUserName><![CDATA[oniSBwOf7pDk0b2goaEzb7d8zqhE]]></FromUserName>
<CreateTime>1486293784</CreateTime>
<MsgType><![CDATA[event]]></MsgType>
<Event><![CDATA[VIEW]]></Event>
<EventKey><![CDATA[http://www.9kpu.com/app/index.php?i=46&c=entry&eid=1]]></EventKey>
<MenuId>410439717</MenuId>
</xml>

2017-02-05 19:23:04 params :
------------
String:
array (
  'rule' => -2,
  'module' => '',
  'message' => 
  array (
    'tousername' => 'gh_a1ba95755af7',
    'fromusername' => 'oniSBwOf7pDk0b2goaEzb7d8zqhE',
    'createtime' => '1486293784',
    'msgtype' => 'event',
    'event' => 'VIEW',
    'eventkey' => 'http://www.9kpu.com/app/index.php?i=46&c=entry&eid=1',
    'menuid' => '410439717',
    'from' => 'oniSBwOf7pDk0b2goaEzb7d8zqhE',
    'to' => 'gh_a1ba95755af7',
    'time' => '1486293784',
    'type' => 'text',
    'content' => 'http://www.9kpu.com/app/index.php?i=46&c=entry&eid=1',
    'redirection' => true,
    'source' => 'VIEW',
  ),
)

2017-02-05 19:23:04 response :
------------

2017-02-05 19:52:57 trace :
------------
String:
<xml><ToUserName><![CDATA[gh_e7a0c8306261]]></ToUserName>
<FromUserName><![CDATA[oRj-Fs8Kq_u_aD_S-O60rimuOjLQ]]></FromUserName>
<CreateTime>1486295577</CreateTime>
<MsgType><![CDATA[event]]></MsgType>
<Event><![CDATA[VIEW]]></Event>
<EventKey><![CDATA[http://www.9kpu.com/app/index.php?i=25&c=entry&do=bangding&m=lianhu_school]]></EventKey>
<MenuId>411010749</MenuId>
</xml>

2017-02-05 19:52:57 params :
------------
String:
array (
  'message' => 
  array (
    'tousername' => 'gh_e7a0c8306261',
    'fromusername' => 'oRj-Fs8Kq_u_aD_S-O60rimuOjLQ',
    'createtime' => '1486295577',
    'msgtype' => 'event',
    'event' => 'VIEW',
    'eventkey' => 'http://www.9kpu.com/app/index.php?i=25&c=entry&do=bangding&m=lianhu_school',
    'menuid' => '411010749',
    'from' => 'oRj-Fs8Kq_u_aD_S-O60rimuOjLQ',
    'to' => 'gh_e7a0c8306261',
    'time' => '1486295577',
    'type' => 'text',
    'content' => '欢迎',
    'redirection' => true,
    'source' => 'default',
    'original' => 'http://www.9kpu.com/app/index.php?i=25&c=entry&do=bangding&m=lianhu_school',
  ),
  'module' => 'basic',
  'rule' => '22',
  'priority' => '0',
  'keyword' => 
  array (
    'id' => '28',
    'rid' => '22',
    'uniacid' => '13',
    'module' => 'basic',
    'content' => '欢迎',
    'type' => '1',
    'displayorder' => '0',
    'status' => '1',
  ),
)

2017-02-05 19:52:57 response :
------------
Array:
FromUserName : gh_e7a0c8306261 ;
ToUserName : oRj-Fs8Kq_u_aD_S-O60rimuOjLQ ;
MsgType : text ;
Content : 欢迎关注同城学堂，点击微官网查看本学校介绍信息，家长点击学生天地绑定自己小孩信息使用，老师点击教师信息绑定自己账号使用 ;

2017-02-05 19:53:18 trace :
------------
String:
<xml><ToUserName><![CDATA[gh_9046d2e226a2]]></ToUserName>
<FromUserName><![CDATA[oKlYowYg_eYNigT4Db5EH583CR5A]]></FromUserName>
<CreateTime>1486295598</CreateTime>
<MsgType><![CDATA[event]]></MsgType>
<Event><![CDATA[VIEW]]></Event>
<EventKey><![CDATA[http://www.9kpu.com/app/index.php?i=35&c=entry&eid=1]]></EventKey>
<MenuId>412080054</MenuId>
</xml>

2017-02-05 19:53:18 params :
------------
String:
array (
  'message' => 
  array (
    'tousername' => 'gh_9046d2e226a2',
    'fromusername' => 'oKlYowYg_eYNigT4Db5EH583CR5A',
    'createtime' => '1486295598',
    'msgtype' => 'event',
    'event' => 'VIEW',
    'eventkey' => 'http://www.9kpu.com/app/index.php?i=35&c=entry&eid=1',
    'menuid' => '412080054',
    'from' => 'oKlYowYg_eYNigT4Db5EH583CR5A',
    'to' => 'gh_9046d2e226a2',
    'time' => '1486295598',
    'type' => 'text',
    'content' => '1',
    'redirection' => true,
    'source' => 'default',
    'original' => 'http://www.9kpu.com/app/index.php?i=35&c=entry&eid=1',
  ),
  'module' => 'news',
  'rule' => '64',
  'priority' => '0',
  'keyword' => 
  array (
    'id' => '119',
    'rid' => '64',
    'uniacid' => '35',
    'module' => 'news',
    'content' => '1',
    'type' => '1',
    'displayorder' => '0',
    'status' => '1',
  ),
)

2017-02-05 19:53:18 response :
------------
Array:
FromUserName : gh_9046d2e226a2 ;
ToUserName : oKlYowYg_eYNigT4Db5EH583CR5A ;
MsgType : news ;
ArticleCount : 1 ;
Articles : Array ;

2017-02-05 19:59:46 trace :
------------
String:
<xml><ToUserName><![CDATA[gh_9046d2e226a2]]></ToUserName>
<FromUserName><![CDATA[oKlYowYg_eYNigT4Db5EH583CR5A]]></FromUserName>
<CreateTime>1486295986</CreateTime>
<MsgType><![CDATA[event]]></MsgType>
<Event><![CDATA[VIEW]]></Event>
<EventKey><![CDATA[http://www.9kpu.com/app/index.php?i=35&c=entry&eid=1]]></EventKey>
<MenuId>412080054</MenuId>
</xml>

2017-02-05 19:59:46 params :
------------
String:
array (
  'message' => 
  array (
    'tousername' => 'gh_9046d2e226a2',
    'fromusername' => 'oKlYowYg_eYNigT4Db5EH583CR5A',
    'createtime' => '1486295986',
    'msgtype' => 'event',
    'event' => 'VIEW',
    'eventkey' => 'http://www.9kpu.com/app/index.php?i=35&c=entry&eid=1',
    'menuid' => '412080054',
    'from' => 'oKlYowYg_eYNigT4Db5EH583CR5A',
    'to' => 'gh_9046d2e226a2',
    'time' => '1486295986',
    'type' => 'text',
    'content' => '1',
    'redirection' => true,
    'source' => 'default',
    'original' => 'http://www.9kpu.com/app/index.php?i=35&c=entry&eid=1',
  ),
  'module' => 'news',
  'rule' => '64',
  'priority' => '0',
  'keyword' => 
  array (
    'id' => '119',
    'rid' => '64',
    'uniacid' => '35',
    'module' => 'news',
    'content' => '1',
    'type' => '1',
    'displayorder' => '0',
    'status' => '1',
  ),
)

2017-02-05 19:59:46 response :
------------
Array:
FromUserName : gh_9046d2e226a2 ;
ToUserName : oKlYowYg_eYNigT4Db5EH583CR5A ;
MsgType : news ;
ArticleCount : 1 ;
Articles : Array ;

2017-02-05 20:04:08 trace :
------------
String:
<xml><ToUserName><![CDATA[gh_b6b2adce2b0d]]></ToUserName>
<FromUserName><![CDATA[o-SliwIrAOPzxFAGBFywgn_zAXlQ]]></FromUserName>
<CreateTime>1486296248</CreateTime>
<MsgType><![CDATA[event]]></MsgType>
<Event><![CDATA[VIEW]]></Event>
<EventKey><![CDATA[http://www.9kpu.com/app/index.php?i=39&c=entry&eid=2]]></EventKey>
<MenuId>408723140</MenuId>
</xml>

2017-02-05 20:04:08 params :
------------
String:
array (
  'message' => 
  array (
    'tousername' => 'gh_b6b2adce2b0d',
    'fromusername' => 'o-SliwIrAOPzxFAGBFywgn_zAXlQ',
    'createtime' => '1486296248',
    'msgtype' => 'event',
    'event' => 'VIEW',
    'eventkey' => 'http://www.9kpu.com/app/index.php?i=39&c=entry&eid=2',
    'menuid' => '408723140',
    'from' => 'o-SliwIrAOPzxFAGBFywgn_zAXlQ',
    'to' => 'gh_b6b2adce2b0d',
    'time' => '1486296248',
    'type' => 'text',
    'content' => '1',
    'redirection' => true,
    'source' => 'default',
    'original' => 'http://www.9kpu.com/app/index.php?i=39&c=entry&eid=2',
  ),
  'module' => 'news',
  'rule' => '73',
  'priority' => '0',
  'keyword' => 
  array (
    'id' => '156',
    'rid' => '73',
    'uniacid' => '39',
    'module' => 'news',
    'content' => '1',
    'type' => '1',
    'displayorder' => '0',
    'status' => '1',
  ),
)

2017-02-05 20:04:08 response :
------------
Array:
FromUserName : gh_b6b2adce2b0d ;
ToUserName : o-SliwIrAOPzxFAGBFywgn_zAXlQ ;
MsgType : news ;
ArticleCount : 1 ;
Articles : Array ;

2017-02-05 20:04:08 trace :
------------
String:
<xml><ToUserName><![CDATA[gh_b6b2adce2b0d]]></ToUserName>
<FromUserName><![CDATA[o-SliwIrAOPzxFAGBFywgn_zAXlQ]]></FromUserName>
<CreateTime>1486296248</CreateTime>
<MsgType><![CDATA[event]]></MsgType>
<Event><![CDATA[VIEW]]></Event>
<EventKey><![CDATA[http://www.9kpu.com/app/index.php?i=39&c=entry&eid=2]]></EventKey>
<MenuId>408723140</MenuId>
</xml>

2017-02-05 20:04:08 params :
------------
String:
array (
  'message' => 
  array (
    'tousername' => 'gh_b6b2adce2b0d',
    'fromusername' => 'o-SliwIrAOPzxFAGBFywgn_zAXlQ',
    'createtime' => '1486296248',
    'msgtype' => 'event',
    'event' => 'VIEW',
    'eventkey' => 'http://www.9kpu.com/app/index.php?i=39&c=entry&eid=2',
    'menuid' => '408723140',
    'from' => 'o-SliwIrAOPzxFAGBFywgn_zAXlQ',
    'to' => 'gh_b6b2adce2b0d',
    'time' => '1486296248',
    'type' => 'text',
    'content' => '1',
    'redirection' => true,
    'source' => 'default',
    'original' => 'http://www.9kpu.com/app/index.php?i=39&c=entry&eid=2',
  ),
  'module' => 'news',
  'rule' => '73',
  'priority' => '0',
  'keyword' => 
  array (
    'id' => '156',
    'rid' => '73',
    'uniacid' => '39',
    'module' => 'news',
    'content' => '1',
    'type' => '1',
    'displayorder' => '0',
    'status' => '1',
  ),
)

2017-02-05 20:04:08 response :
------------
Array:
FromUserName : gh_b6b2adce2b0d ;
ToUserName : o-SliwIrAOPzxFAGBFywgn_zAXlQ ;
MsgType : news ;
ArticleCount : 1 ;
Articles : Array ;

2017-02-05 20:04:08 trace :
------------
String:
<xml><ToUserName><![CDATA[gh_b6b2adce2b0d]]></ToUserName>
<FromUserName><![CDATA[o-SliwIrAOPzxFAGBFywgn_zAXlQ]]></FromUserName>
<CreateTime>1486296248</CreateTime>
<MsgType><![CDATA[event]]></MsgType>
<Event><![CDATA[VIEW]]></Event>
<EventKey><![CDATA[http://www.9kpu.com/app/index.php?i=39&c=entry&eid=2]]></EventKey>
<MenuId>408723140</MenuId>
</xml>

2017-02-05 20:04:08 params :
------------
String:
array (
  'message' => 
  array (
    'tousername' => 'gh_b6b2adce2b0d',
    'fromusername' => 'o-SliwIrAOPzxFAGBFywgn_zAXlQ',
    'createtime' => '1486296248',
    'msgtype' => 'event',
    'event' => 'VIEW',
    'eventkey' => 'http://www.9kpu.com/app/index.php?i=39&c=entry&eid=2',
    'menuid' => '408723140',
    'from' => 'o-SliwIrAOPzxFAGBFywgn_zAXlQ',
    'to' => 'gh_b6b2adce2b0d',
    'time' => '1486296248',
    'type' => 'text',
    'content' => '1',
    'redirection' => true,
    'source' => 'default',
    'original' => 'http://www.9kpu.com/app/index.php?i=39&c=entry&eid=2',
  ),
  'module' => 'news',
  'rule' => '73',
  'priority' => '0',
  'keyword' => 
  array (
    'id' => '156',
    'rid' => '73',
    'uniacid' => '39',
    'module' => 'news',
    'content' => '1',
    'type' => '1',
    'displayorder' => '0',
    'status' => '1',
  ),
)

2017-02-05 20:04:08 response :
------------
Array:
FromUserName : gh_b6b2adce2b0d ;
ToUserName : o-SliwIrAOPzxFAGBFywgn_zAXlQ ;
MsgType : news ;
ArticleCount : 1 ;
Articles : Array ;

2017-02-05 20:04:08 trace :
------------
String:
<xml><ToUserName><![CDATA[gh_b6b2adce2b0d]]></ToUserName>
<FromUserName><![CDATA[o-SliwIrAOPzxFAGBFywgn_zAXlQ]]></FromUserName>
<CreateTime>1486296248</CreateTime>
<MsgType><![CDATA[event]]></MsgType>
<Event><![CDATA[VIEW]]></Event>
<EventKey><![CDATA[http://www.9kpu.com/app/index.php?i=39&c=entry&eid=2]]></EventKey>
<MenuId>408723140</MenuId>
</xml>

2017-02-05 20:04:08 params :
------------
String:
array (
  'message' => 
  array (
    'tousername' => 'gh_b6b2adce2b0d',
    'fromusername' => 'o-SliwIrAOPzxFAGBFywgn_zAXlQ',
    'createtime' => '1486296248',
    'msgtype' => 'event',
    'event' => 'VIEW',
    'eventkey' => 'http://www.9kpu.com/app/index.php?i=39&c=entry&eid=2',
    'menuid' => '408723140',
    'from' => 'o-SliwIrAOPzxFAGBFywgn_zAXlQ',
    'to' => 'gh_b6b2adce2b0d',
    'time' => '1486296248',
    'type' => 'text',
    'content' => '1',
    'redirection' => true,
    'source' => 'default',
    'original' => 'http://www.9kpu.com/app/index.php?i=39&c=entry&eid=2',
  ),
  'module' => 'news',
  'rule' => '73',
  'priority' => '0',
  'keyword' => 
  array (
    'id' => '156',
    'rid' => '73',
    'uniacid' => '39',
    'module' => 'news',
    'content' => '1',
    'type' => '1',
    'displayorder' => '0',
    'status' => '1',
  ),
)

2017-02-05 20:04:08 response :
------------
Array:
FromUserName : gh_b6b2adce2b0d ;
ToUserName : o-SliwIrAOPzxFAGBFywgn_zAXlQ ;
MsgType : news ;
ArticleCount : 1 ;
Articles : Array ;

2017-02-05 20:21:23 trace :
------------
String:
<xml><ToUserName><![CDATA[gh_9046d2e226a2]]></ToUserName>
<FromUserName><![CDATA[oKlYowRtMafHSoc3nao9LbLiTXjg]]></FromUserName>
<CreateTime>1486297282</CreateTime>
<MsgType><![CDATA[event]]></MsgType>
<Event><![CDATA[VIEW]]></Event>
<EventKey><![CDATA[http://www.9kpu.com/app/index.php?i=35&c=entry&eid=2]]></EventKey>
<MenuId>412080054</MenuId>
</xml>

2017-02-05 20:21:23 params :
------------
String:
array (
  'message' => 
  array (
    'tousername' => 'gh_9046d2e226a2',
    'fromusername' => 'oKlYowRtMafHSoc3nao9LbLiTXjg',
    'createtime' => '1486297282',
    'msgtype' => 'event',
    'event' => 'VIEW',
    'eventkey' => 'http://www.9kpu.com/app/index.php?i=35&c=entry&eid=2',
    'menuid' => '412080054',
    'from' => 'oKlYowRtMafHSoc3nao9LbLiTXjg',
    'to' => 'gh_9046d2e226a2',
    'time' => '1486297282',
    'type' => 'text',
    'content' => '1',
    'redirection' => true,
    'source' => 'default',
    'original' => 'http://www.9kpu.com/app/index.php?i=35&c=entry&eid=2',
  ),
  'module' => 'news',
  'rule' => '64',
  'priority' => '0',
  'keyword' => 
  array (
    'id' => '119',
    'rid' => '64',
    'uniacid' => '35',
    'module' => 'news',
    'content' => '1',
    'type' => '1',
    'displayorder' => '0',
    'status' => '1',
  ),
)

2017-02-05 20:21:23 response :
------------
Array:
FromUserName : gh_9046d2e226a2 ;
ToUserName : oKlYowRtMafHSoc3nao9LbLiTXjg ;
MsgType : news ;
ArticleCount : 1 ;
Articles : Array ;

2017-02-05 20:21:25 trace :
------------
String:
<xml><ToUserName><![CDATA[gh_9046d2e226a2]]></ToUserName>
<FromUserName><![CDATA[oKlYowRtMafHSoc3nao9LbLiTXjg]]></FromUserName>
<CreateTime>1486297285</CreateTime>
<MsgType><![CDATA[event]]></MsgType>
<Event><![CDATA[VIEW]]></Event>
<EventKey><![CDATA[http://www.9kpu.com/app/index.php?i=35&c=entry&eid=2]]></EventKey>
<MenuId>412080054</MenuId>
</xml>

2017-02-05 20:21:25 params :
------------
String:
array (
  'message' => 
  array (
    'tousername' => 'gh_9046d2e226a2',
    'fromusername' => 'oKlYowRtMafHSoc3nao9LbLiTXjg',
    'createtime' => '1486297285',
    'msgtype' => 'event',
    'event' => 'VIEW',
    'eventkey' => 'http://www.9kpu.com/app/index.php?i=35&c=entry&eid=2',
    'menuid' => '412080054',
    'from' => 'oKlYowRtMafHSoc3nao9LbLiTXjg',
    'to' => 'gh_9046d2e226a2',
    'time' => '1486297285',
    'type' => 'text',
    'content' => '1',
    'redirection' => true,
    'source' => 'default',
    'original' => 'http://www.9kpu.com/app/index.php?i=35&c=entry&eid=2',
  ),
  'module' => 'news',
  'rule' => '64',
  'priority' => '0',
  'keyword' => 
  array (
    'id' => '119',
    'rid' => '64',
    'uniacid' => '35',
    'module' => 'news',
    'content' => '1',
    'type' => '1',
    'displayorder' => '0',
    'status' => '1',
  ),
)

2017-02-05 20:21:25 response :
------------
Array:
FromUserName : gh_9046d2e226a2 ;
ToUserName : oKlYowRtMafHSoc3nao9LbLiTXjg ;
MsgType : news ;
ArticleCount : 1 ;
Articles : Array ;

2017-02-05 20:21:45 trace :
------------
String:
<xml><ToUserName><![CDATA[gh_9046d2e226a2]]></ToUserName>
<FromUserName><![CDATA[oKlYowRtMafHSoc3nao9LbLiTXjg]]></FromUserName>
<CreateTime>1486297305</CreateTime>
<MsgType><![CDATA[event]]></MsgType>
<Event><![CDATA[VIEW]]></Event>
<EventKey><![CDATA[http://www.9kpu.com/app/index.php?i=35&c=home&]]></EventKey>
<MenuId>412080054</MenuId>
</xml>

2017-02-05 20:21:45 params :
------------
String:
array (
  'message' => 
  array (
    'tousername' => 'gh_9046d2e226a2',
    'fromusername' => 'oKlYowRtMafHSoc3nao9LbLiTXjg',
    'createtime' => '1486297305',
    'msgtype' => 'event',
    'event' => 'VIEW',
    'eventkey' => 'http://www.9kpu.com/app/index.php?i=35&c=home&',
    'menuid' => '412080054',
    'from' => 'oKlYowRtMafHSoc3nao9LbLiTXjg',
    'to' => 'gh_9046d2e226a2',
    'time' => '1486297305',
    'type' => 'text',
    'content' => '1',
    'redirection' => true,
    'source' => 'default',
    'original' => 'http://www.9kpu.com/app/index.php?i=35&c=home&',
  ),
  'module' => 'news',
  'rule' => '64',
  'priority' => '0',
  'keyword' => 
  array (
    'id' => '119',
    'rid' => '64',
    'uniacid' => '35',
    'module' => 'news',
    'content' => '1',
    'type' => '1',
    'displayorder' => '0',
    'status' => '1',
  ),
)

2017-02-05 20:21:45 response :
------------
Array:
FromUserName : gh_9046d2e226a2 ;
ToUserName : oKlYowRtMafHSoc3nao9LbLiTXjg ;
MsgType : news ;
ArticleCount : 1 ;
Articles : Array ;

2017-02-05 20:23:09 trace :
------------
String:
<xml><ToUserName><![CDATA[gh_9046d2e226a2]]></ToUserName>
<FromUserName><![CDATA[oKlYowRtMafHSoc3nao9LbLiTXjg]]></FromUserName>
<CreateTime>1486297389</CreateTime>
<MsgType><![CDATA[event]]></MsgType>
<Event><![CDATA[VIEW]]></Event>
<EventKey><![CDATA[http://www.9kpu.com/app/index.php?i=35&c=entry&eid=1]]></EventKey>
<MenuId>412080054</MenuId>
</xml>

2017-02-05 20:23:09 params :
------------
String:
array (
  'message' => 
  array (
    'tousername' => 'gh_9046d2e226a2',
    'fromusername' => 'oKlYowRtMafHSoc3nao9LbLiTXjg',
    'createtime' => '1486297389',
    'msgtype' => 'event',
    'event' => 'VIEW',
    'eventkey' => 'http://www.9kpu.com/app/index.php?i=35&c=entry&eid=1',
    'menuid' => '412080054',
    'from' => 'oKlYowRtMafHSoc3nao9LbLiTXjg',
    'to' => 'gh_9046d2e226a2',
    'time' => '1486297389',
    'type' => 'text',
    'content' => '1',
    'redirection' => true,
    'source' => 'default',
    'original' => 'http://www.9kpu.com/app/index.php?i=35&c=entry&eid=1',
  ),
  'module' => 'news',
  'rule' => '64',
  'priority' => '0',
  'keyword' => 
  array (
    'id' => '119',
    'rid' => '64',
    'uniacid' => '35',
    'module' => 'news',
    'content' => '1',
    'type' => '1',
    'displayorder' => '0',
    'status' => '1',
  ),
)

2017-02-05 20:23:09 response :
------------
Array:
FromUserName : gh_9046d2e226a2 ;
ToUserName : oKlYowRtMafHSoc3nao9LbLiTXjg ;
MsgType : news ;
ArticleCount : 1 ;
Articles : Array ;

2017-02-05 20:23:13 trace :
------------
String:
<xml><ToUserName><![CDATA[gh_9046d2e226a2]]></ToUserName>
<FromUserName><![CDATA[oKlYowRtMafHSoc3nao9LbLiTXjg]]></FromUserName>
<CreateTime>1486297393</CreateTime>
<MsgType><![CDATA[event]]></MsgType>
<Event><![CDATA[VIEW]]></Event>
<EventKey><![CDATA[http://www.9kpu.com/app/index.php?i=35&c=entry&eid=1]]></EventKey>
<MenuId>412080054</MenuId>
</xml>

2017-02-05 20:23:13 params :
------------
String:
array (
  'message' => 
  array (
    'tousername' => 'gh_9046d2e226a2',
    'fromusername' => 'oKlYowRtMafHSoc3nao9LbLiTXjg',
    'createtime' => '1486297393',
    'msgtype' => 'event',
    'event' => 'VIEW',
    'eventkey' => 'http://www.9kpu.com/app/index.php?i=35&c=entry&eid=1',
    'menuid' => '412080054',
    'from' => 'oKlYowRtMafHSoc3nao9LbLiTXjg',
    'to' => 'gh_9046d2e226a2',
    'time' => '1486297393',
    'type' => 'text',
    'content' => '1',
    'redirection' => true,
    'source' => 'default',
    'original' => 'http://www.9kpu.com/app/index.php?i=35&c=entry&eid=1',
  ),
  'module' => 'news',
  'rule' => '64',
  'priority' => '0',
  'keyword' => 
  array (
    'id' => '119',
    'rid' => '64',
    'uniacid' => '35',
    'module' => 'news',
    'content' => '1',
    'type' => '1',
    'displayorder' => '0',
    'status' => '1',
  ),
)

2017-02-05 20:23:13 response :
------------
Array:
FromUserName : gh_9046d2e226a2 ;
ToUserName : oKlYowRtMafHSoc3nao9LbLiTXjg ;
MsgType : news ;
ArticleCount : 1 ;
Articles : Array ;

2017-02-05 20:27:37 trace :
------------
String:
<xml><ToUserName><![CDATA[gh_b6b2adce2b0d]]></ToUserName>
<FromUserName><![CDATA[o-SliwJB1IQk_oihfBoi2KANfoMI]]></FromUserName>
<CreateTime>1486297657</CreateTime>
<MsgType><![CDATA[event]]></MsgType>
<Event><![CDATA[VIEW]]></Event>
<EventKey><![CDATA[http://www.9kpu.com/app/index.php?i=39&c=entry&eid=1]]></EventKey>
<MenuId>408723140</MenuId>
</xml>

2017-02-05 20:27:37 params :
------------
String:
array (
  'message' => 
  array (
    'tousername' => 'gh_b6b2adce2b0d',
    'fromusername' => 'o-SliwJB1IQk_oihfBoi2KANfoMI',
    'createtime' => '1486297657',
    'msgtype' => 'event',
    'event' => 'VIEW',
    'eventkey' => 'http://www.9kpu.com/app/index.php?i=39&c=entry&eid=1',
    'menuid' => '408723140',
    'from' => 'o-SliwJB1IQk_oihfBoi2KANfoMI',
    'to' => 'gh_b6b2adce2b0d',
    'time' => '1486297657',
    'type' => 'text',
    'content' => '1',
    'redirection' => true,
    'source' => 'default',
    'original' => 'http://www.9kpu.com/app/index.php?i=39&c=entry&eid=1',
  ),
  'module' => 'news',
  'rule' => '73',
  'priority' => '0',
  'keyword' => 
  array (
    'id' => '156',
    'rid' => '73',
    'uniacid' => '39',
    'module' => 'news',
    'content' => '1',
    'type' => '1',
    'displayorder' => '0',
    'status' => '1',
  ),
)

2017-02-05 20:27:37 response :
------------
Array:
FromUserName : gh_b6b2adce2b0d ;
ToUserName : o-SliwJB1IQk_oihfBoi2KANfoMI ;
MsgType : news ;
ArticleCount : 1 ;
Articles : Array ;

2017-02-05 22:08:58 trace :
------------
String:
<xml><ToUserName><![CDATA[gh_081ee8610e82]]></ToUserName>
<FromUserName><![CDATA[ohNDtvs4s5mYCtV4fJDtoZdF1SEY]]></FromUserName>
<CreateTime>1486303738</CreateTime>
<MsgType><![CDATA[event]]></MsgType>
<Event><![CDATA[subscribe]]></Event>
<EventKey><![CDATA[]]></EventKey>
</xml>

2017-02-05 22:08:58 params :
------------
String:
array (
  'message' => 
  array (
    'tousername' => 'gh_081ee8610e82',
    'fromusername' => 'ohNDtvs4s5mYCtV4fJDtoZdF1SEY',
    'createtime' => '1486303738',
    'msgtype' => 'event',
    'event' => 'subscribe',
    'eventkey' => '',
    'from' => 'ohNDtvs4s5mYCtV4fJDtoZdF1SEY',
    'to' => 'gh_081ee8610e82',
    'time' => '1486303738',
    'type' => 'text',
    'redirection' => true,
    'source' => 'subscribe',
    'content' => '欢迎',
  ),
  'module' => 'basic',
  'rule' => '13',
  'priority' => '0',
  'keyword' => 
  array (
    'id' => '18',
    'rid' => '13',
    'uniacid' => '4',
    'module' => 'basic',
    'content' => '欢迎',
    'type' => '1',
    'displayorder' => '0',
    'status' => '1',
  ),
)

2017-02-05 22:08:58 response :
------------
Array:
FromUserName : gh_081ee8610e82 ;
ToUserName : ohNDtvs4s5mYCtV4fJDtoZdF1SEY ;
MsgType : text ;
Content : 等你好久了，智慧微校欢迎您。如果您是来逛逛的，请点开微官网查看我们学校的介绍信息。如果您是家长，请点开学生中心，用您家孩子姓名与学号绑定，就可尽情使用微校功能。如果您是老师，请点开微办公，用系统分配的账号与密码完成绑定，使用微校完成家校互动。 ;

2017-02-05 22:09:41 trace :
------------
String:
<xml><ToUserName><![CDATA[gh_081ee8610e82]]></ToUserName>
<FromUserName><![CDATA[ohNDtvs4s5mYCtV4fJDtoZdF1SEY]]></FromUserName>
<CreateTime>1486303781</CreateTime>
<MsgType><![CDATA[event]]></MsgType>
<Event><![CDATA[VIEW]]></Event>
<EventKey><![CDATA[http://www.9kpu.com/app/index.php?i=4&c=entry&eid=1]]></EventKey>
<MenuId>415658100</MenuId>
</xml>

2017-02-05 22:09:41 params :
------------
String:
array (
  'message' => 
  array (
    'tousername' => 'gh_081ee8610e82',
    'fromusername' => 'ohNDtvs4s5mYCtV4fJDtoZdF1SEY',
    'createtime' => '1486303781',
    'msgtype' => 'event',
    'event' => 'VIEW',
    'eventkey' => 'http://www.9kpu.com/app/index.php?i=4&c=entry&eid=1',
    'menuid' => '415658100',
    'from' => 'ohNDtvs4s5mYCtV4fJDtoZdF1SEY',
    'to' => 'gh_081ee8610e82',
    'time' => '1486303781',
    'type' => 'text',
    'content' => '欢迎',
    'redirection' => true,
    'source' => 'default',
    'original' => 'http://www.9kpu.com/app/index.php?i=4&c=entry&eid=1',
  ),
  'module' => 'basic',
  'rule' => '13',
  'priority' => '0',
  'keyword' => 
  array (
    'id' => '18',
    'rid' => '13',
    'uniacid' => '4',
    'module' => 'basic',
    'content' => '欢迎',
    'type' => '1',
    'displayorder' => '0',
    'status' => '1',
  ),
)

2017-02-05 22:09:41 response :
------------
Array:
FromUserName : gh_081ee8610e82 ;
ToUserName : ohNDtvs4s5mYCtV4fJDtoZdF1SEY ;
MsgType : text ;
Content : 等你好久了，智慧微校欢迎您。如果您是来逛逛的，请点开微官网查看我们学校的介绍信息。如果您是家长，请点开学生中心，用您家孩子姓名与学号绑定，就可尽情使用微校功能。如果您是老师，请点开微办公，用系统分配的账号与密码完成绑定，使用微校完成家校互动。 ;

2017-02-05 22:22:27 trace :
------------
String:
<xml><ToUserName><![CDATA[gh_081ee8610e82]]></ToUserName>
<FromUserName><![CDATA[ohNDtvs4s5mYCtV4fJDtoZdF1SEY]]></FromUserName>
<CreateTime>1486304547</CreateTime>
<MsgType><![CDATA[event]]></MsgType>
<Event><![CDATA[VIEW]]></Event>
<EventKey><![CDATA[http://www.9kpu.com/app/index.php?i=4&c=entry&eid=1]]></EventKey>
<MenuId>415658100</MenuId>
</xml>

2017-02-05 22:22:27 params :
------------
String:
array (
  'message' => 
  array (
    'tousername' => 'gh_081ee8610e82',
    'fromusername' => 'ohNDtvs4s5mYCtV4fJDtoZdF1SEY',
    'createtime' => '1486304547',
    'msgtype' => 'event',
    'event' => 'VIEW',
    'eventkey' => 'http://www.9kpu.com/app/index.php?i=4&c=entry&eid=1',
    'menuid' => '415658100',
    'from' => 'ohNDtvs4s5mYCtV4fJDtoZdF1SEY',
    'to' => 'gh_081ee8610e82',
    'time' => '1486304547',
    'type' => 'text',
    'content' => '欢迎',
    'redirection' => true,
    'source' => 'default',
    'original' => 'http://www.9kpu.com/app/index.php?i=4&c=entry&eid=1',
  ),
  'module' => 'basic',
  'rule' => '13',
  'priority' => '0',
  'keyword' => 
  array (
    'id' => '18',
    'rid' => '13',
    'uniacid' => '4',
    'module' => 'basic',
    'content' => '欢迎',
    'type' => '1',
    'displayorder' => '0',
    'status' => '1',
  ),
)

2017-02-05 22:22:27 response :
------------
Array:
FromUserName : gh_081ee8610e82 ;
ToUserName : ohNDtvs4s5mYCtV4fJDtoZdF1SEY ;
MsgType : text ;
Content : 等你好久了，智慧微校欢迎您。如果您是来逛逛的，请点开微官网查看我们学校的介绍信息。如果您是家长，请点开学生中心，用您家孩子姓名与学号绑定，就可尽情使用微校功能。如果您是老师，请点开微办公，用系统分配的账号与密码完成绑定，使用微校完成家校互动。 ;

2017-02-05 22:24:25 trace :
------------
String:
<xml><ToUserName><![CDATA[gh_081ee8610e82]]></ToUserName>
<FromUserName><![CDATA[ohNDtvs4s5mYCtV4fJDtoZdF1SEY]]></FromUserName>
<CreateTime>1486304665</CreateTime>
<MsgType><![CDATA[event]]></MsgType>
<Event><![CDATA[unsubscribe]]></Event>
<EventKey><![CDATA[]]></EventKey>
</xml>

2017-02-05 23:08:38 trace :
------------
String:
<xml><ToUserName><![CDATA[gh_9046d2e226a2]]></ToUserName>
<FromUserName><![CDATA[oKlYowepulckSF6NnWgtWBOzbHTA]]></FromUserName>
<CreateTime>1486307318</CreateTime>
<MsgType><![CDATA[event]]></MsgType>
<Event><![CDATA[unsubscribe]]></Event>
<EventKey><![CDATA[]]></EventKey>
</xml>

