2017-01-30 06:47:04 trace :
------------
String:
<xml><ToUserName><![CDATA[gh_b6b2adce2b0d]]></ToUserName>
<FromUserName><![CDATA[o-SliwPaP_eINi_U9qxvSaX15pV0]]></FromUserName>
<CreateTime>1485730024</CreateTime>
<MsgType><![CDATA[event]]></MsgType>
<Event><![CDATA[VIEW]]></Event>
<EventKey><![CDATA[http://www.9kpu.com/app/index.php?i=39&c=home&]]></EventKey>
<MenuId>408723140</MenuId>
</xml>

2017-01-30 06:47:04 params :
------------
String:
array (
  'message' => 
  array (
    'tousername' => 'gh_b6b2adce2b0d',
    'fromusername' => 'o-SliwPaP_eINi_U9qxvSaX15pV0',
    'createtime' => '1485730024',
    'msgtype' => 'event',
    'event' => 'VIEW',
    'eventkey' => 'http://www.9kpu.com/app/index.php?i=39&c=home&',
    'menuid' => '408723140',
    'from' => 'o-SliwPaP_eINi_U9qxvSaX15pV0',
    'to' => 'gh_b6b2adce2b0d',
    'time' => '1485730024',
    'type' => 'text',
    'content' => '1',
    'redirection' => true,
    'source' => 'default',
    'original' => 'http://www.9kpu.com/app/index.php?i=39&c=home&',
  ),
  'module' => 'news',
  'rule' => '73',
  'priority' => '0',
  'keyword' => 
  array (
    'id' => '156',
    'rid' => '73',
    'uniacid' => '39',
    'module' => 'news',
    'content' => '1',
    'type' => '1',
    'displayorder' => '0',
    'status' => '1',
  ),
)

2017-01-30 06:47:04 response :
------------
Array:
FromUserName : gh_b6b2adce2b0d ;
ToUserName : o-SliwPaP_eINi_U9qxvSaX15pV0 ;
MsgType : news ;
ArticleCount : 1 ;
Articles : Array ;

2017-01-30 08:21:35 trace :
------------
String:
<xml><ToUserName><![CDATA[gh_b6b2adce2b0d]]></ToUserName>
<FromUserName><![CDATA[o-SliwBTY-QnlAFpqeZBSrvp8mj0]]></FromUserName>
<CreateTime>1485735695</CreateTime>
<MsgType><![CDATA[event]]></MsgType>
<Event><![CDATA[VIEW]]></Event>
<EventKey><![CDATA[http://www.9kpu.com/app/index.php?i=39&c=home&]]></EventKey>
<MenuId>408723140</MenuId>
</xml>

2017-01-30 08:21:35 params :
------------
String:
array (
  'message' => 
  array (
    'tousername' => 'gh_b6b2adce2b0d',
    'fromusername' => 'o-SliwBTY-QnlAFpqeZBSrvp8mj0',
    'createtime' => '1485735695',
    'msgtype' => 'event',
    'event' => 'VIEW',
    'eventkey' => 'http://www.9kpu.com/app/index.php?i=39&c=home&',
    'menuid' => '408723140',
    'from' => 'o-SliwBTY-QnlAFpqeZBSrvp8mj0',
    'to' => 'gh_b6b2adce2b0d',
    'time' => '1485735695',
    'type' => 'text',
    'content' => '1',
    'redirection' => true,
    'source' => 'default',
    'original' => 'http://www.9kpu.com/app/index.php?i=39&c=home&',
  ),
  'module' => 'news',
  'rule' => '73',
  'priority' => '0',
  'keyword' => 
  array (
    'id' => '156',
    'rid' => '73',
    'uniacid' => '39',
    'module' => 'news',
    'content' => '1',
    'type' => '1',
    'displayorder' => '0',
    'status' => '1',
  ),
)

2017-01-30 08:21:35 response :
------------
Array:
FromUserName : gh_b6b2adce2b0d ;
ToUserName : o-SliwBTY-QnlAFpqeZBSrvp8mj0 ;
MsgType : news ;
ArticleCount : 1 ;
Articles : Array ;

2017-01-30 08:21:47 trace :
------------
String:
<xml><ToUserName><![CDATA[gh_b6b2adce2b0d]]></ToUserName>
<FromUserName><![CDATA[o-SliwBTY-QnlAFpqeZBSrvp8mj0]]></FromUserName>
<CreateTime>1485735707</CreateTime>
<MsgType><![CDATA[event]]></MsgType>
<Event><![CDATA[VIEW]]></Event>
<EventKey><![CDATA[http://www.9kpu.com/app/index.php?i=39&c=home&]]></EventKey>
<MenuId>408723140</MenuId>
</xml>

2017-01-30 08:21:47 params :
------------
String:
array (
  'message' => 
  array (
    'tousername' => 'gh_b6b2adce2b0d',
    'fromusername' => 'o-SliwBTY-QnlAFpqeZBSrvp8mj0',
    'createtime' => '1485735707',
    'msgtype' => 'event',
    'event' => 'VIEW',
    'eventkey' => 'http://www.9kpu.com/app/index.php?i=39&c=home&',
    'menuid' => '408723140',
    'from' => 'o-SliwBTY-QnlAFpqeZBSrvp8mj0',
    'to' => 'gh_b6b2adce2b0d',
    'time' => '1485735707',
    'type' => 'text',
    'content' => '1',
    'redirection' => true,
    'source' => 'default',
    'original' => 'http://www.9kpu.com/app/index.php?i=39&c=home&',
  ),
  'module' => 'news',
  'rule' => '73',
  'priority' => '0',
  'keyword' => 
  array (
    'id' => '156',
    'rid' => '73',
    'uniacid' => '39',
    'module' => 'news',
    'content' => '1',
    'type' => '1',
    'displayorder' => '0',
    'status' => '1',
  ),
)

2017-01-30 08:21:47 response :
------------
Array:
FromUserName : gh_b6b2adce2b0d ;
ToUserName : o-SliwBTY-QnlAFpqeZBSrvp8mj0 ;
MsgType : news ;
ArticleCount : 1 ;
Articles : Array ;

2017-01-30 10:20:28 trace :
------------
String:
<xml><ToUserName><![CDATA[gh_4aa2a7f9b184]]></ToUserName>
<FromUserName><![CDATA[oNmJ1wUuyZh4D2L3_jQK9RDafVd4]]></FromUserName>
<CreateTime>1485742828</CreateTime>
<MsgType><![CDATA[event]]></MsgType>
<Event><![CDATA[VIEW]]></Event>
<EventKey><![CDATA[http://www.9kpu.com/app/index.php?i=44&c=home&]]></EventKey>
<MenuId>416162594</MenuId>
</xml>

2017-01-30 10:20:28 params :
------------
String:
array (
  'rule' => -2,
  'module' => '',
  'message' => 
  array (
    'tousername' => 'gh_4aa2a7f9b184',
    'fromusername' => 'oNmJ1wUuyZh4D2L3_jQK9RDafVd4',
    'createtime' => '1485742828',
    'msgtype' => 'event',
    'event' => 'VIEW',
    'eventkey' => 'http://www.9kpu.com/app/index.php?i=44&c=home&',
    'menuid' => '416162594',
    'from' => 'oNmJ1wUuyZh4D2L3_jQK9RDafVd4',
    'to' => 'gh_4aa2a7f9b184',
    'time' => '1485742828',
    'type' => 'text',
    'content' => 'http://www.9kpu.com/app/index.php?i=44&c=home&',
    'redirection' => true,
    'source' => 'VIEW',
  ),
)

2017-01-30 10:20:28 response :
------------

2017-01-30 10:20:41 trace :
------------
String:
<xml><ToUserName><![CDATA[gh_4aa2a7f9b184]]></ToUserName>
<FromUserName><![CDATA[oNmJ1wUuyZh4D2L3_jQK9RDafVd4]]></FromUserName>
<CreateTime>1485742841</CreateTime>
<MsgType><![CDATA[event]]></MsgType>
<Event><![CDATA[VIEW]]></Event>
<EventKey><![CDATA[http://www.9kpu.com/app/index.php?i=44&c=entry&eid=1]]></EventKey>
<MenuId>416162594</MenuId>
</xml>

2017-01-30 10:20:41 params :
------------
String:
array (
  'rule' => -2,
  'module' => '',
  'message' => 
  array (
    'tousername' => 'gh_4aa2a7f9b184',
    'fromusername' => 'oNmJ1wUuyZh4D2L3_jQK9RDafVd4',
    'createtime' => '1485742841',
    'msgtype' => 'event',
    'event' => 'VIEW',
    'eventkey' => 'http://www.9kpu.com/app/index.php?i=44&c=entry&eid=1',
    'menuid' => '416162594',
    'from' => 'oNmJ1wUuyZh4D2L3_jQK9RDafVd4',
    'to' => 'gh_4aa2a7f9b184',
    'time' => '1485742841',
    'type' => 'text',
    'content' => 'http://www.9kpu.com/app/index.php?i=44&c=entry&eid=1',
    'redirection' => true,
    'source' => 'VIEW',
  ),
)

2017-01-30 10:20:41 response :
------------

2017-01-30 10:39:22 trace :
------------
String:
<xml><ToUserName><![CDATA[gh_b6b2adce2b0d]]></ToUserName>
<FromUserName><![CDATA[o-SliwB6vVZy5W7Kh6MwoctkLwdQ]]></FromUserName>
<CreateTime>1485743962</CreateTime>
<MsgType><![CDATA[event]]></MsgType>
<Event><![CDATA[unsubscribe]]></Event>
<EventKey><![CDATA[]]></EventKey>
</xml>

2017-01-30 10:45:40 trace :
------------
String:
<xml><ToUserName><![CDATA[gh_b6b2adce2b0d]]></ToUserName>
<FromUserName><![CDATA[o-SliwLtjaOha5C60lMgeVtiSyE8]]></FromUserName>
<CreateTime>1485744340</CreateTime>
<MsgType><![CDATA[event]]></MsgType>
<Event><![CDATA[VIEW]]></Event>
<EventKey><![CDATA[http://www.9kpu.com/app/index.php?i=39&c=entry&eid=1]]></EventKey>
<MenuId>408723140</MenuId>
</xml>

2017-01-30 10:45:40 params :
------------
String:
array (
  'message' => 
  array (
    'tousername' => 'gh_b6b2adce2b0d',
    'fromusername' => 'o-SliwLtjaOha5C60lMgeVtiSyE8',
    'createtime' => '1485744340',
    'msgtype' => 'event',
    'event' => 'VIEW',
    'eventkey' => 'http://www.9kpu.com/app/index.php?i=39&c=entry&eid=1',
    'menuid' => '408723140',
    'from' => 'o-SliwLtjaOha5C60lMgeVtiSyE8',
    'to' => 'gh_b6b2adce2b0d',
    'time' => '1485744340',
    'type' => 'text',
    'content' => '1',
    'redirection' => true,
    'source' => 'default',
    'original' => 'http://www.9kpu.com/app/index.php?i=39&c=entry&eid=1',
  ),
  'module' => 'news',
  'rule' => '73',
  'priority' => '0',
  'keyword' => 
  array (
    'id' => '156',
    'rid' => '73',
    'uniacid' => '39',
    'module' => 'news',
    'content' => '1',
    'type' => '1',
    'displayorder' => '0',
    'status' => '1',
  ),
)

2017-01-30 10:45:40 response :
------------
Array:
FromUserName : gh_b6b2adce2b0d ;
ToUserName : o-SliwLtjaOha5C60lMgeVtiSyE8 ;
MsgType : news ;
ArticleCount : 1 ;
Articles : Array ;

2017-01-30 10:45:41 trace :
------------
String:
<xml><ToUserName><![CDATA[gh_b6b2adce2b0d]]></ToUserName>
<FromUserName><![CDATA[o-SliwLtjaOha5C60lMgeVtiSyE8]]></FromUserName>
<CreateTime>1485744341</CreateTime>
<MsgType><![CDATA[event]]></MsgType>
<Event><![CDATA[VIEW]]></Event>
<EventKey><![CDATA[http://www.9kpu.com/app/index.php?i=39&c=entry&eid=1]]></EventKey>
<MenuId>408723140</MenuId>
</xml>

2017-01-30 10:45:41 params :
------------
String:
array (
  'message' => 
  array (
    'tousername' => 'gh_b6b2adce2b0d',
    'fromusername' => 'o-SliwLtjaOha5C60lMgeVtiSyE8',
    'createtime' => '1485744341',
    'msgtype' => 'event',
    'event' => 'VIEW',
    'eventkey' => 'http://www.9kpu.com/app/index.php?i=39&c=entry&eid=1',
    'menuid' => '408723140',
    'from' => 'o-SliwLtjaOha5C60lMgeVtiSyE8',
    'to' => 'gh_b6b2adce2b0d',
    'time' => '1485744341',
    'type' => 'text',
    'content' => '1',
    'redirection' => true,
    'source' => 'default',
    'original' => 'http://www.9kpu.com/app/index.php?i=39&c=entry&eid=1',
  ),
  'module' => 'news',
  'rule' => '73',
  'priority' => '0',
  'keyword' => 
  array (
    'id' => '156',
    'rid' => '73',
    'uniacid' => '39',
    'module' => 'news',
    'content' => '1',
    'type' => '1',
    'displayorder' => '0',
    'status' => '1',
  ),
)

2017-01-30 10:45:41 response :
------------
Array:
FromUserName : gh_b6b2adce2b0d ;
ToUserName : o-SliwLtjaOha5C60lMgeVtiSyE8 ;
MsgType : news ;
ArticleCount : 1 ;
Articles : Array ;

2017-01-30 11:41:15 trace :
------------
String:
<xml><ToUserName><![CDATA[gh_9046d2e226a2]]></ToUserName>
<FromUserName><![CDATA[oKlYowZG4Nx2Z3Is9qR4vrO5XzLE]]></FromUserName>
<CreateTime>1485747675</CreateTime>
<MsgType><![CDATA[event]]></MsgType>
<Event><![CDATA[VIEW]]></Event>
<EventKey><![CDATA[http://www.9kpu.com/app/index.php?i=35&c=home&]]></EventKey>
<MenuId>412080054</MenuId>
</xml>

2017-01-30 11:41:15 params :
------------
String:
array (
  'message' => 
  array (
    'tousername' => 'gh_9046d2e226a2',
    'fromusername' => 'oKlYowZG4Nx2Z3Is9qR4vrO5XzLE',
    'createtime' => '1485747675',
    'msgtype' => 'event',
    'event' => 'VIEW',
    'eventkey' => 'http://www.9kpu.com/app/index.php?i=35&c=home&',
    'menuid' => '412080054',
    'from' => 'oKlYowZG4Nx2Z3Is9qR4vrO5XzLE',
    'to' => 'gh_9046d2e226a2',
    'time' => '1485747675',
    'type' => 'text',
    'content' => '1',
    'redirection' => true,
    'source' => 'default',
    'original' => 'http://www.9kpu.com/app/index.php?i=35&c=home&',
  ),
  'module' => 'news',
  'rule' => '64',
  'priority' => '0',
  'keyword' => 
  array (
    'id' => '119',
    'rid' => '64',
    'uniacid' => '35',
    'module' => 'news',
    'content' => '1',
    'type' => '1',
    'displayorder' => '0',
    'status' => '1',
  ),
)

2017-01-30 11:41:15 response :
------------
Array:
FromUserName : gh_9046d2e226a2 ;
ToUserName : oKlYowZG4Nx2Z3Is9qR4vrO5XzLE ;
MsgType : news ;
ArticleCount : 1 ;
Articles : Array ;

2017-01-30 12:39:15 trace :
------------
String:
<xml><ToUserName><![CDATA[gh_b6b2adce2b0d]]></ToUserName>
<FromUserName><![CDATA[o-SliwCBiQlLN2m1wDTtOxAavsQI]]></FromUserName>
<CreateTime>1485751154</CreateTime>
<MsgType><![CDATA[event]]></MsgType>
<Event><![CDATA[VIEW]]></Event>
<EventKey><![CDATA[http://www.9kpu.com/app/index.php?i=39&c=entry&eid=1]]></EventKey>
<MenuId>408723140</MenuId>
</xml>

2017-01-30 12:39:15 params :
------------
String:
array (
  'message' => 
  array (
    'tousername' => 'gh_b6b2adce2b0d',
    'fromusername' => 'o-SliwCBiQlLN2m1wDTtOxAavsQI',
    'createtime' => '1485751154',
    'msgtype' => 'event',
    'event' => 'VIEW',
    'eventkey' => 'http://www.9kpu.com/app/index.php?i=39&c=entry&eid=1',
    'menuid' => '408723140',
    'from' => 'o-SliwCBiQlLN2m1wDTtOxAavsQI',
    'to' => 'gh_b6b2adce2b0d',
    'time' => '1485751154',
    'type' => 'text',
    'content' => '1',
    'redirection' => true,
    'source' => 'default',
    'original' => 'http://www.9kpu.com/app/index.php?i=39&c=entry&eid=1',
  ),
  'module' => 'news',
  'rule' => '73',
  'priority' => '0',
  'keyword' => 
  array (
    'id' => '156',
    'rid' => '73',
    'uniacid' => '39',
    'module' => 'news',
    'content' => '1',
    'type' => '1',
    'displayorder' => '0',
    'status' => '1',
  ),
)

2017-01-30 12:39:15 response :
------------
Array:
FromUserName : gh_b6b2adce2b0d ;
ToUserName : o-SliwCBiQlLN2m1wDTtOxAavsQI ;
MsgType : news ;
ArticleCount : 1 ;
Articles : Array ;

2017-01-30 12:39:19 trace :
------------
String:
<xml><ToUserName><![CDATA[gh_b6b2adce2b0d]]></ToUserName>
<FromUserName><![CDATA[o-SliwCBiQlLN2m1wDTtOxAavsQI]]></FromUserName>
<CreateTime>1485751159</CreateTime>
<MsgType><![CDATA[event]]></MsgType>
<Event><![CDATA[VIEW]]></Event>
<EventKey><![CDATA[http://www.9kpu.com/app/index.php?i=39&c=entry&eid=2]]></EventKey>
<MenuId>408723140</MenuId>
</xml>

2017-01-30 12:39:19 params :
------------
String:
array (
  'message' => 
  array (
    'tousername' => 'gh_b6b2adce2b0d',
    'fromusername' => 'o-SliwCBiQlLN2m1wDTtOxAavsQI',
    'createtime' => '1485751159',
    'msgtype' => 'event',
    'event' => 'VIEW',
    'eventkey' => 'http://www.9kpu.com/app/index.php?i=39&c=entry&eid=2',
    'menuid' => '408723140',
    'from' => 'o-SliwCBiQlLN2m1wDTtOxAavsQI',
    'to' => 'gh_b6b2adce2b0d',
    'time' => '1485751159',
    'type' => 'text',
    'content' => '1',
    'redirection' => true,
    'source' => 'default',
    'original' => 'http://www.9kpu.com/app/index.php?i=39&c=entry&eid=2',
  ),
  'module' => 'news',
  'rule' => '73',
  'priority' => '0',
  'keyword' => 
  array (
    'id' => '156',
    'rid' => '73',
    'uniacid' => '39',
    'module' => 'news',
    'content' => '1',
    'type' => '1',
    'displayorder' => '0',
    'status' => '1',
  ),
)

2017-01-30 12:39:19 response :
------------
Array:
FromUserName : gh_b6b2adce2b0d ;
ToUserName : o-SliwCBiQlLN2m1wDTtOxAavsQI ;
MsgType : news ;
ArticleCount : 1 ;
Articles : Array ;

2017-01-30 12:39:21 trace :
------------
String:
<xml><ToUserName><![CDATA[gh_b6b2adce2b0d]]></ToUserName>
<FromUserName><![CDATA[o-SliwCBiQlLN2m1wDTtOxAavsQI]]></FromUserName>
<CreateTime>1485751161</CreateTime>
<MsgType><![CDATA[event]]></MsgType>
<Event><![CDATA[VIEW]]></Event>
<EventKey><![CDATA[http://www.9kpu.com/app/index.php?i=39&c=home&]]></EventKey>
<MenuId>408723140</MenuId>
</xml>

2017-01-30 12:39:21 params :
------------
String:
array (
  'message' => 
  array (
    'tousername' => 'gh_b6b2adce2b0d',
    'fromusername' => 'o-SliwCBiQlLN2m1wDTtOxAavsQI',
    'createtime' => '1485751161',
    'msgtype' => 'event',
    'event' => 'VIEW',
    'eventkey' => 'http://www.9kpu.com/app/index.php?i=39&c=home&',
    'menuid' => '408723140',
    'from' => 'o-SliwCBiQlLN2m1wDTtOxAavsQI',
    'to' => 'gh_b6b2adce2b0d',
    'time' => '1485751161',
    'type' => 'text',
    'content' => '1',
    'redirection' => true,
    'source' => 'default',
    'original' => 'http://www.9kpu.com/app/index.php?i=39&c=home&',
  ),
  'module' => 'news',
  'rule' => '73',
  'priority' => '0',
  'keyword' => 
  array (
    'id' => '156',
    'rid' => '73',
    'uniacid' => '39',
    'module' => 'news',
    'content' => '1',
    'type' => '1',
    'displayorder' => '0',
    'status' => '1',
  ),
)

2017-01-30 12:39:21 response :
------------
Array:
FromUserName : gh_b6b2adce2b0d ;
ToUserName : o-SliwCBiQlLN2m1wDTtOxAavsQI ;
MsgType : news ;
ArticleCount : 1 ;
Articles : Array ;

2017-01-30 12:39:27 trace :
------------
String:
<xml><ToUserName><![CDATA[gh_b6b2adce2b0d]]></ToUserName>
<FromUserName><![CDATA[o-SliwCBiQlLN2m1wDTtOxAavsQI]]></FromUserName>
<CreateTime>1485751167</CreateTime>
<MsgType><![CDATA[event]]></MsgType>
<Event><![CDATA[VIEW]]></Event>
<EventKey><![CDATA[http://www.9kpu.com/app/index.php?i=39&c=entry&eid=1]]></EventKey>
<MenuId>408723140</MenuId>
</xml>

2017-01-30 12:39:27 params :
------------
String:
array (
  'message' => 
  array (
    'tousername' => 'gh_b6b2adce2b0d',
    'fromusername' => 'o-SliwCBiQlLN2m1wDTtOxAavsQI',
    'createtime' => '1485751167',
    'msgtype' => 'event',
    'event' => 'VIEW',
    'eventkey' => 'http://www.9kpu.com/app/index.php?i=39&c=entry&eid=1',
    'menuid' => '408723140',
    'from' => 'o-SliwCBiQlLN2m1wDTtOxAavsQI',
    'to' => 'gh_b6b2adce2b0d',
    'time' => '1485751167',
    'type' => 'text',
    'content' => '1',
    'redirection' => true,
    'source' => 'default',
    'original' => 'http://www.9kpu.com/app/index.php?i=39&c=entry&eid=1',
  ),
  'module' => 'news',
  'rule' => '73',
  'priority' => '0',
  'keyword' => 
  array (
    'id' => '156',
    'rid' => '73',
    'uniacid' => '39',
    'module' => 'news',
    'content' => '1',
    'type' => '1',
    'displayorder' => '0',
    'status' => '1',
  ),
)

2017-01-30 12:39:27 response :
------------
Array:
FromUserName : gh_b6b2adce2b0d ;
ToUserName : o-SliwCBiQlLN2m1wDTtOxAavsQI ;
MsgType : news ;
ArticleCount : 1 ;
Articles : Array ;

2017-01-30 13:47:39 trace :
------------
String:
<xml><ToUserName><![CDATA[gh_081ee8610e82]]></ToUserName>
<FromUserName><![CDATA[ohNDtvv8PDFqifacH9rwLYMejnDw]]></FromUserName>
<CreateTime>1485755259</CreateTime>
<MsgType><![CDATA[event]]></MsgType>
<Event><![CDATA[VIEW]]></Event>
<EventKey><![CDATA[http://app.kuaileapp.com/]]></EventKey>
<MenuId>415658100</MenuId>
</xml>

2017-01-30 13:47:39 params :
------------
String:
array (
  'message' => 
  array (
    'tousername' => 'gh_081ee8610e82',
    'fromusername' => 'ohNDtvv8PDFqifacH9rwLYMejnDw',
    'createtime' => '1485755259',
    'msgtype' => 'event',
    'event' => 'VIEW',
    'eventkey' => 'http://app.kuaileapp.com/',
    'menuid' => '415658100',
    'from' => 'ohNDtvv8PDFqifacH9rwLYMejnDw',
    'to' => 'gh_081ee8610e82',
    'time' => '1485755259',
    'type' => 'text',
    'content' => '欢迎',
    'redirection' => true,
    'source' => 'default',
    'original' => 'http://app.kuaileapp.com/',
  ),
  'module' => 'basic',
  'rule' => '13',
  'priority' => '0',
  'keyword' => 
  array (
    'id' => '18',
    'rid' => '13',
    'uniacid' => '4',
    'module' => 'basic',
    'content' => '欢迎',
    'type' => '1',
    'displayorder' => '0',
    'status' => '1',
  ),
)

2017-01-30 13:47:39 response :
------------
Array:
FromUserName : gh_081ee8610e82 ;
ToUserName : ohNDtvv8PDFqifacH9rwLYMejnDw ;
MsgType : text ;
Content : 等你好久了，智慧微校欢迎您。如果您是来逛逛的，请点开微官网查看我们学校的介绍信息。如果您是家长，请点开学生中心，用您家孩子姓名与学号绑定，就可尽情使用微校功能。如果您是老师，请点开微办公，用系统分配的账号与密码完成绑定，使用微校完成家校互动。 ;

2017-01-30 13:47:46 trace :
------------
String:
<xml><ToUserName><![CDATA[gh_081ee8610e82]]></ToUserName>
<FromUserName><![CDATA[ohNDtvv8PDFqifacH9rwLYMejnDw]]></FromUserName>
<CreateTime>1485755266</CreateTime>
<MsgType><![CDATA[event]]></MsgType>
<Event><![CDATA[VIEW]]></Event>
<EventKey><![CDATA[http://www.9kpu.com/app/index.php?i=4&c=entry&eid=1]]></EventKey>
<MenuId>415658100</MenuId>
</xml>

2017-01-30 13:47:46 params :
------------
String:
array (
  'message' => 
  array (
    'tousername' => 'gh_081ee8610e82',
    'fromusername' => 'ohNDtvv8PDFqifacH9rwLYMejnDw',
    'createtime' => '1485755266',
    'msgtype' => 'event',
    'event' => 'VIEW',
    'eventkey' => 'http://www.9kpu.com/app/index.php?i=4&c=entry&eid=1',
    'menuid' => '415658100',
    'from' => 'ohNDtvv8PDFqifacH9rwLYMejnDw',
    'to' => 'gh_081ee8610e82',
    'time' => '1485755266',
    'type' => 'text',
    'content' => '欢迎',
    'redirection' => true,
    'source' => 'default',
    'original' => 'http://www.9kpu.com/app/index.php?i=4&c=entry&eid=1',
  ),
  'module' => 'basic',
  'rule' => '13',
  'priority' => '0',
  'keyword' => 
  array (
    'id' => '18',
    'rid' => '13',
    'uniacid' => '4',
    'module' => 'basic',
    'content' => '欢迎',
    'type' => '1',
    'displayorder' => '0',
    'status' => '1',
  ),
)

2017-01-30 13:47:46 response :
------------
Array:
FromUserName : gh_081ee8610e82 ;
ToUserName : ohNDtvv8PDFqifacH9rwLYMejnDw ;
MsgType : text ;
Content : 等你好久了，智慧微校欢迎您。如果您是来逛逛的，请点开微官网查看我们学校的介绍信息。如果您是家长，请点开学生中心，用您家孩子姓名与学号绑定，就可尽情使用微校功能。如果您是老师，请点开微办公，用系统分配的账号与密码完成绑定，使用微校完成家校互动。 ;

2017-01-30 13:54:48 trace :
------------
String:
<xml><ToUserName><![CDATA[gh_ad1abe4f841e]]></ToUserName>
<FromUserName><![CDATA[oF5iMv0Q2qE2lTYGXNGx-jlwCdXY]]></FromUserName>
<CreateTime>1485755688</CreateTime>
<MsgType><![CDATA[event]]></MsgType>
<Event><![CDATA[VIEW]]></Event>
<EventKey><![CDATA[http://www.9kpu.com/app/index.php?i=41&c=entry&eid=2]]></EventKey>
<MenuId>409163649</MenuId>
</xml>

2017-01-30 13:54:48 params :
------------
String:
array (
  'message' => 
  array (
    'tousername' => 'gh_ad1abe4f841e',
    'fromusername' => 'oF5iMv0Q2qE2lTYGXNGx-jlwCdXY',
    'createtime' => '1485755688',
    'msgtype' => 'event',
    'event' => 'VIEW',
    'eventkey' => 'http://www.9kpu.com/app/index.php?i=41&c=entry&eid=2',
    'menuid' => '409163649',
    'from' => 'oF5iMv0Q2qE2lTYGXNGx-jlwCdXY',
    'to' => 'gh_ad1abe4f841e',
    'time' => '1485755688',
    'type' => 'text',
    'content' => '1',
    'redirection' => true,
    'source' => 'default',
    'original' => 'http://www.9kpu.com/app/index.php?i=41&c=entry&eid=2',
  ),
  'module' => 'news',
  'rule' => '93',
  'priority' => '0',
  'keyword' => 
  array (
    'id' => '197',
    'rid' => '93',
    'uniacid' => '41',
    'module' => 'news',
    'content' => '1',
    'type' => '1',
    'displayorder' => '0',
    'status' => '1',
  ),
)

2017-01-30 13:54:48 response :
------------
Array:
FromUserName : gh_ad1abe4f841e ;
ToUserName : oF5iMv0Q2qE2lTYGXNGx-jlwCdXY ;
MsgType : news ;
ArticleCount : 1 ;
Articles : Array ;

2017-01-30 14:17:45 trace :
------------
String:
<xml><ToUserName><![CDATA[gh_9046d2e226a2]]></ToUserName>
<FromUserName><![CDATA[oKlYowWJRxxa1V7ZxD4GiNbdU2P8]]></FromUserName>
<CreateTime>1485757065</CreateTime>
<MsgType><![CDATA[event]]></MsgType>
<Event><![CDATA[VIEW]]></Event>
<EventKey><![CDATA[http://www.9kpu.com/app/index.php?i=35&c=home&]]></EventKey>
<MenuId>412080054</MenuId>
</xml>

2017-01-30 14:17:45 params :
------------
String:
array (
  'message' => 
  array (
    'tousername' => 'gh_9046d2e226a2',
    'fromusername' => 'oKlYowWJRxxa1V7ZxD4GiNbdU2P8',
    'createtime' => '1485757065',
    'msgtype' => 'event',
    'event' => 'VIEW',
    'eventkey' => 'http://www.9kpu.com/app/index.php?i=35&c=home&',
    'menuid' => '412080054',
    'from' => 'oKlYowWJRxxa1V7ZxD4GiNbdU2P8',
    'to' => 'gh_9046d2e226a2',
    'time' => '1485757065',
    'type' => 'text',
    'content' => '1',
    'redirection' => true,
    'source' => 'default',
    'original' => 'http://www.9kpu.com/app/index.php?i=35&c=home&',
  ),
  'module' => 'news',
  'rule' => '64',
  'priority' => '0',
  'keyword' => 
  array (
    'id' => '119',
    'rid' => '64',
    'uniacid' => '35',
    'module' => 'news',
    'content' => '1',
    'type' => '1',
    'displayorder' => '0',
    'status' => '1',
  ),
)

2017-01-30 14:17:45 response :
------------
Array:
FromUserName : gh_9046d2e226a2 ;
ToUserName : oKlYowWJRxxa1V7ZxD4GiNbdU2P8 ;
MsgType : news ;
ArticleCount : 1 ;
Articles : Array ;

2017-01-30 14:18:09 trace :
------------
String:
<xml><ToUserName><![CDATA[gh_0932d8cc3494]]></ToUserName>
<FromUserName><![CDATA[o-_cKwu4aTIlLzAnfi8Kn2puPrHw]]></FromUserName>
<CreateTime>1485757089</CreateTime>
<MsgType><![CDATA[event]]></MsgType>
<Event><![CDATA[VIEW]]></Event>
<EventKey><![CDATA[http://www.9kpu.com/app/index.php?i=33&c=home&]]></EventKey>
<MenuId>429294171</MenuId>
</xml>

2017-01-30 14:18:09 params :
------------
String:
array (
  'message' => 
  array (
    'tousername' => 'gh_0932d8cc3494',
    'fromusername' => 'o-_cKwu4aTIlLzAnfi8Kn2puPrHw',
    'createtime' => '1485757089',
    'msgtype' => 'event',
    'event' => 'VIEW',
    'eventkey' => 'http://www.9kpu.com/app/index.php?i=33&c=home&',
    'menuid' => '429294171',
    'from' => 'o-_cKwu4aTIlLzAnfi8Kn2puPrHw',
    'to' => 'gh_0932d8cc3494',
    'time' => '1485757089',
    'type' => 'text',
    'content' => '1',
    'redirection' => true,
    'source' => 'default',
    'original' => 'http://www.9kpu.com/app/index.php?i=33&c=home&',
  ),
  'module' => 'news',
  'rule' => '62',
  'priority' => '0',
  'keyword' => 
  array (
    'id' => '144',
    'rid' => '62',
    'uniacid' => '33',
    'module' => 'news',
    'content' => '1',
    'type' => '1',
    'displayorder' => '0',
    'status' => '1',
  ),
)

2017-01-30 14:18:09 response :
------------
Array:
FromUserName : gh_0932d8cc3494 ;
ToUserName : o-_cKwu4aTIlLzAnfi8Kn2puPrHw ;
MsgType : news ;
ArticleCount : 1 ;
Articles : Array ;

2017-01-30 16:43:46 trace :
------------
String:
<xml><ToUserName><![CDATA[gh_0eab716966d4]]></ToUserName>
<FromUserName><![CDATA[oSoVuwGj7XoX5huFGUg4MZq-RByw]]></FromUserName>
<CreateTime>1485765826</CreateTime>
<MsgType><![CDATA[event]]></MsgType>
<Event><![CDATA[VIEW]]></Event>
<EventKey><![CDATA[http://www.9kpu.com/app/index.php?i=28&c=home&]]></EventKey>
<MenuId>414492131</MenuId>
</xml>

2017-01-30 16:43:46 params :
------------
String:
array (
  'rule' => -2,
  'module' => '',
  'message' => 
  array (
    'tousername' => 'gh_0eab716966d4',
    'fromusername' => 'oSoVuwGj7XoX5huFGUg4MZq-RByw',
    'createtime' => '1485765826',
    'msgtype' => 'event',
    'event' => 'VIEW',
    'eventkey' => 'http://www.9kpu.com/app/index.php?i=28&c=home&',
    'menuid' => '414492131',
    'from' => 'oSoVuwGj7XoX5huFGUg4MZq-RByw',
    'to' => 'gh_0eab716966d4',
    'time' => '1485765826',
    'type' => 'text',
    'content' => 'http://www.9kpu.com/app/index.php?i=28&c=home&',
    'redirection' => true,
    'source' => 'VIEW',
  ),
)

2017-01-30 16:43:46 response :
------------

2017-01-30 18:28:14 trace :
------------
String:
<xml><ToUserName><![CDATA[gh_7d1762dac7c2]]></ToUserName>
<FromUserName><![CDATA[o8AZcwKxT6a_fr4Fm9NZAicqhpIk]]></FromUserName>
<CreateTime>1485772094</CreateTime>
<MsgType><![CDATA[event]]></MsgType>
<Event><![CDATA[VIEW]]></Event>
<EventKey><![CDATA[http://www.9kpu.com/app/index.php?i=6&c=entry&eid=1]]></EventKey>
<MenuId>406999612</MenuId>
</xml>

2017-01-30 18:28:14 params :
------------
String:
array (
  'rule' => -2,
  'module' => '',
  'message' => 
  array (
    'tousername' => 'gh_7d1762dac7c2',
    'fromusername' => 'o8AZcwKxT6a_fr4Fm9NZAicqhpIk',
    'createtime' => '1485772094',
    'msgtype' => 'event',
    'event' => 'VIEW',
    'eventkey' => 'http://www.9kpu.com/app/index.php?i=6&c=entry&eid=1',
    'menuid' => '406999612',
    'from' => 'o8AZcwKxT6a_fr4Fm9NZAicqhpIk',
    'to' => 'gh_7d1762dac7c2',
    'time' => '1485772094',
    'type' => 'text',
    'content' => 'http://www.9kpu.com/app/index.php?i=6&c=entry&eid=1',
    'redirection' => true,
    'source' => 'VIEW',
  ),
)

2017-01-30 18:28:14 response :
------------

2017-01-30 18:28:50 trace :
------------
String:
<xml><ToUserName><![CDATA[gh_7d1762dac7c2]]></ToUserName>
<FromUserName><![CDATA[o8AZcwKxT6a_fr4Fm9NZAicqhpIk]]></FromUserName>
<CreateTime>1485772130</CreateTime>
<MsgType><![CDATA[event]]></MsgType>
<Event><![CDATA[VIEW]]></Event>
<EventKey><![CDATA[http://www.9kpu.com/app/index.php?i=6&c=home&]]></EventKey>
<MenuId>406999612</MenuId>
</xml>

2017-01-30 18:28:50 params :
------------
String:
array (
  'rule' => -2,
  'module' => '',
  'message' => 
  array (
    'tousername' => 'gh_7d1762dac7c2',
    'fromusername' => 'o8AZcwKxT6a_fr4Fm9NZAicqhpIk',
    'createtime' => '1485772130',
    'msgtype' => 'event',
    'event' => 'VIEW',
    'eventkey' => 'http://www.9kpu.com/app/index.php?i=6&c=home&',
    'menuid' => '406999612',
    'from' => 'o8AZcwKxT6a_fr4Fm9NZAicqhpIk',
    'to' => 'gh_7d1762dac7c2',
    'time' => '1485772130',
    'type' => 'text',
    'content' => 'http://www.9kpu.com/app/index.php?i=6&c=home&',
    'redirection' => true,
    'source' => 'VIEW',
  ),
)

2017-01-30 18:28:50 response :
------------

2017-01-30 19:19:33 trace :
------------
String:
<xml><ToUserName><![CDATA[gh_b6b2adce2b0d]]></ToUserName>
<FromUserName><![CDATA[o-SliwPxwp48mNZU9Zv_sELF90VE]]></FromUserName>
<CreateTime>1485775173</CreateTime>
<MsgType><![CDATA[event]]></MsgType>
<Event><![CDATA[VIEW]]></Event>
<EventKey><![CDATA[http://www.9kpu.com/app/index.php?i=39&c=entry&eid=2]]></EventKey>
<MenuId>408723140</MenuId>
</xml>

2017-01-30 19:19:33 params :
------------
String:
array (
  'message' => 
  array (
    'tousername' => 'gh_b6b2adce2b0d',
    'fromusername' => 'o-SliwPxwp48mNZU9Zv_sELF90VE',
    'createtime' => '1485775173',
    'msgtype' => 'event',
    'event' => 'VIEW',
    'eventkey' => 'http://www.9kpu.com/app/index.php?i=39&c=entry&eid=2',
    'menuid' => '408723140',
    'from' => 'o-SliwPxwp48mNZU9Zv_sELF90VE',
    'to' => 'gh_b6b2adce2b0d',
    'time' => '1485775173',
    'type' => 'text',
    'content' => '1',
    'redirection' => true,
    'source' => 'default',
    'original' => 'http://www.9kpu.com/app/index.php?i=39&c=entry&eid=2',
  ),
  'module' => 'news',
  'rule' => '73',
  'priority' => '0',
  'keyword' => 
  array (
    'id' => '156',
    'rid' => '73',
    'uniacid' => '39',
    'module' => 'news',
    'content' => '1',
    'type' => '1',
    'displayorder' => '0',
    'status' => '1',
  ),
)

2017-01-30 19:19:33 response :
------------
Array:
FromUserName : gh_b6b2adce2b0d ;
ToUserName : o-SliwPxwp48mNZU9Zv_sELF90VE ;
MsgType : news ;
ArticleCount : 1 ;
Articles : Array ;

2017-01-30 19:19:40 trace :
------------
String:
<xml><ToUserName><![CDATA[gh_b6b2adce2b0d]]></ToUserName>
<FromUserName><![CDATA[o-SliwPxwp48mNZU9Zv_sELF90VE]]></FromUserName>
<CreateTime>1485775180</CreateTime>
<MsgType><![CDATA[event]]></MsgType>
<Event><![CDATA[VIEW]]></Event>
<EventKey><![CDATA[http://www.9kpu.com/app/index.php?i=39&c=home&]]></EventKey>
<MenuId>408723140</MenuId>
</xml>

2017-01-30 19:19:40 params :
------------
String:
array (
  'message' => 
  array (
    'tousername' => 'gh_b6b2adce2b0d',
    'fromusername' => 'o-SliwPxwp48mNZU9Zv_sELF90VE',
    'createtime' => '1485775180',
    'msgtype' => 'event',
    'event' => 'VIEW',
    'eventkey' => 'http://www.9kpu.com/app/index.php?i=39&c=home&',
    'menuid' => '408723140',
    'from' => 'o-SliwPxwp48mNZU9Zv_sELF90VE',
    'to' => 'gh_b6b2adce2b0d',
    'time' => '1485775180',
    'type' => 'text',
    'content' => '1',
    'redirection' => true,
    'source' => 'default',
    'original' => 'http://www.9kpu.com/app/index.php?i=39&c=home&',
  ),
  'module' => 'news',
  'rule' => '73',
  'priority' => '0',
  'keyword' => 
  array (
    'id' => '156',
    'rid' => '73',
    'uniacid' => '39',
    'module' => 'news',
    'content' => '1',
    'type' => '1',
    'displayorder' => '0',
    'status' => '1',
  ),
)

2017-01-30 19:19:40 response :
------------
Array:
FromUserName : gh_b6b2adce2b0d ;
ToUserName : o-SliwPxwp48mNZU9Zv_sELF90VE ;
MsgType : news ;
ArticleCount : 1 ;
Articles : Array ;

2017-01-30 19:20:29 trace :
------------
String:
<xml><ToUserName><![CDATA[gh_b6b2adce2b0d]]></ToUserName>
<FromUserName><![CDATA[o-SliwPxwp48mNZU9Zv_sELF90VE]]></FromUserName>
<CreateTime>1485775229</CreateTime>
<MsgType><![CDATA[event]]></MsgType>
<Event><![CDATA[VIEW]]></Event>
<EventKey><![CDATA[http://www.9kpu.com/app/index.php?i=39&c=entry&eid=1]]></EventKey>
<MenuId>408723140</MenuId>
</xml>

2017-01-30 19:20:29 params :
------------
String:
array (
  'message' => 
  array (
    'tousername' => 'gh_b6b2adce2b0d',
    'fromusername' => 'o-SliwPxwp48mNZU9Zv_sELF90VE',
    'createtime' => '1485775229',
    'msgtype' => 'event',
    'event' => 'VIEW',
    'eventkey' => 'http://www.9kpu.com/app/index.php?i=39&c=entry&eid=1',
    'menuid' => '408723140',
    'from' => 'o-SliwPxwp48mNZU9Zv_sELF90VE',
    'to' => 'gh_b6b2adce2b0d',
    'time' => '1485775229',
    'type' => 'text',
    'content' => '1',
    'redirection' => true,
    'source' => 'default',
    'original' => 'http://www.9kpu.com/app/index.php?i=39&c=entry&eid=1',
  ),
  'module' => 'news',
  'rule' => '73',
  'priority' => '0',
  'keyword' => 
  array (
    'id' => '156',
    'rid' => '73',
    'uniacid' => '39',
    'module' => 'news',
    'content' => '1',
    'type' => '1',
    'displayorder' => '0',
    'status' => '1',
  ),
)

2017-01-30 19:20:29 response :
------------
Array:
FromUserName : gh_b6b2adce2b0d ;
ToUserName : o-SliwPxwp48mNZU9Zv_sELF90VE ;
MsgType : news ;
ArticleCount : 1 ;
Articles : Array ;

2017-01-30 19:20:32 trace :
------------
String:
<xml><ToUserName><![CDATA[gh_b6b2adce2b0d]]></ToUserName>
<FromUserName><![CDATA[o-SliwPxwp48mNZU9Zv_sELF90VE]]></FromUserName>
<CreateTime>1485775232</CreateTime>
<MsgType><![CDATA[event]]></MsgType>
<Event><![CDATA[VIEW]]></Event>
<EventKey><![CDATA[http://www.9kpu.com/app/index.php?i=39&c=home&]]></EventKey>
<MenuId>408723140</MenuId>
</xml>

2017-01-30 19:20:32 params :
------------
String:
array (
  'message' => 
  array (
    'tousername' => 'gh_b6b2adce2b0d',
    'fromusername' => 'o-SliwPxwp48mNZU9Zv_sELF90VE',
    'createtime' => '1485775232',
    'msgtype' => 'event',
    'event' => 'VIEW',
    'eventkey' => 'http://www.9kpu.com/app/index.php?i=39&c=home&',
    'menuid' => '408723140',
    'from' => 'o-SliwPxwp48mNZU9Zv_sELF90VE',
    'to' => 'gh_b6b2adce2b0d',
    'time' => '1485775232',
    'type' => 'text',
    'content' => '1',
    'redirection' => true,
    'source' => 'default',
    'original' => 'http://www.9kpu.com/app/index.php?i=39&c=home&',
  ),
  'module' => 'news',
  'rule' => '73',
  'priority' => '0',
  'keyword' => 
  array (
    'id' => '156',
    'rid' => '73',
    'uniacid' => '39',
    'module' => 'news',
    'content' => '1',
    'type' => '1',
    'displayorder' => '0',
    'status' => '1',
  ),
)

2017-01-30 19:20:32 response :
------------
Array:
FromUserName : gh_b6b2adce2b0d ;
ToUserName : o-SliwPxwp48mNZU9Zv_sELF90VE ;
MsgType : news ;
ArticleCount : 1 ;
Articles : Array ;

2017-01-30 19:58:55 trace :
------------
String:
<xml><ToUserName><![CDATA[gh_9046d2e226a2]]></ToUserName>
<FromUserName><![CDATA[oKlYowX2ZhnyUYyHgN_XQh5zLV1c]]></FromUserName>
<CreateTime>1485777535</CreateTime>
<MsgType><![CDATA[event]]></MsgType>
<Event><![CDATA[VIEW]]></Event>
<EventKey><![CDATA[http://www.9kpu.com/app/index.php?i=35&c=entry&eid=1]]></EventKey>
<MenuId>412080054</MenuId>
</xml>

2017-01-30 19:58:55 params :
------------
String:
array (
  'message' => 
  array (
    'tousername' => 'gh_9046d2e226a2',
    'fromusername' => 'oKlYowX2ZhnyUYyHgN_XQh5zLV1c',
    'createtime' => '1485777535',
    'msgtype' => 'event',
    'event' => 'VIEW',
    'eventkey' => 'http://www.9kpu.com/app/index.php?i=35&c=entry&eid=1',
    'menuid' => '412080054',
    'from' => 'oKlYowX2ZhnyUYyHgN_XQh5zLV1c',
    'to' => 'gh_9046d2e226a2',
    'time' => '1485777535',
    'type' => 'text',
    'content' => '1',
    'redirection' => true,
    'source' => 'default',
    'original' => 'http://www.9kpu.com/app/index.php?i=35&c=entry&eid=1',
  ),
  'module' => 'news',
  'rule' => '64',
  'priority' => '0',
  'keyword' => 
  array (
    'id' => '119',
    'rid' => '64',
    'uniacid' => '35',
    'module' => 'news',
    'content' => '1',
    'type' => '1',
    'displayorder' => '0',
    'status' => '1',
  ),
)

2017-01-30 19:58:55 response :
------------
Array:
FromUserName : gh_9046d2e226a2 ;
ToUserName : oKlYowX2ZhnyUYyHgN_XQh5zLV1c ;
MsgType : news ;
ArticleCount : 1 ;
Articles : Array ;

2017-01-30 20:03:07 trace :
------------
String:
<xml><ToUserName><![CDATA[gh_9046d2e226a2]]></ToUserName>
<FromUserName><![CDATA[oKlYowcwTLrI89AQ3v9nlf5NmUOc]]></FromUserName>
<CreateTime>1485777787</CreateTime>
<MsgType><![CDATA[event]]></MsgType>
<Event><![CDATA[VIEW]]></Event>
<EventKey><![CDATA[http://www.9kpu.com/app/index.php?i=35&c=home&]]></EventKey>
<MenuId>412080054</MenuId>
</xml>

2017-01-30 20:03:07 params :
------------
String:
array (
  'message' => 
  array (
    'tousername' => 'gh_9046d2e226a2',
    'fromusername' => 'oKlYowcwTLrI89AQ3v9nlf5NmUOc',
    'createtime' => '1485777787',
    'msgtype' => 'event',
    'event' => 'VIEW',
    'eventkey' => 'http://www.9kpu.com/app/index.php?i=35&c=home&',
    'menuid' => '412080054',
    'from' => 'oKlYowcwTLrI89AQ3v9nlf5NmUOc',
    'to' => 'gh_9046d2e226a2',
    'time' => '1485777787',
    'type' => 'text',
    'content' => '1',
    'redirection' => true,
    'source' => 'default',
    'original' => 'http://www.9kpu.com/app/index.php?i=35&c=home&',
  ),
  'module' => 'news',
  'rule' => '64',
  'priority' => '0',
  'keyword' => 
  array (
    'id' => '119',
    'rid' => '64',
    'uniacid' => '35',
    'module' => 'news',
    'content' => '1',
    'type' => '1',
    'displayorder' => '0',
    'status' => '1',
  ),
)

2017-01-30 20:03:07 response :
------------
Array:
FromUserName : gh_9046d2e226a2 ;
ToUserName : oKlYowcwTLrI89AQ3v9nlf5NmUOc ;
MsgType : news ;
ArticleCount : 1 ;
Articles : Array ;

2017-01-30 20:03:33 trace :
------------
String:
<xml><ToUserName><![CDATA[gh_b6b2adce2b0d]]></ToUserName>
<FromUserName><![CDATA[o-SliwLUoFxHpSTtGC4SIk1XAV80]]></FromUserName>
<CreateTime>1485777813</CreateTime>
<MsgType><![CDATA[event]]></MsgType>
<Event><![CDATA[VIEW]]></Event>
<EventKey><![CDATA[http://www.9kpu.com/app/index.php?i=39&c=entry&eid=2]]></EventKey>
<MenuId>408723140</MenuId>
</xml>

2017-01-30 20:03:33 params :
------------
String:
array (
  'message' => 
  array (
    'tousername' => 'gh_b6b2adce2b0d',
    'fromusername' => 'o-SliwLUoFxHpSTtGC4SIk1XAV80',
    'createtime' => '1485777813',
    'msgtype' => 'event',
    'event' => 'VIEW',
    'eventkey' => 'http://www.9kpu.com/app/index.php?i=39&c=entry&eid=2',
    'menuid' => '408723140',
    'from' => 'o-SliwLUoFxHpSTtGC4SIk1XAV80',
    'to' => 'gh_b6b2adce2b0d',
    'time' => '1485777813',
    'type' => 'text',
    'content' => '1',
    'redirection' => true,
    'source' => 'default',
    'original' => 'http://www.9kpu.com/app/index.php?i=39&c=entry&eid=2',
  ),
  'module' => 'news',
  'rule' => '73',
  'priority' => '0',
  'keyword' => 
  array (
    'id' => '156',
    'rid' => '73',
    'uniacid' => '39',
    'module' => 'news',
    'content' => '1',
    'type' => '1',
    'displayorder' => '0',
    'status' => '1',
  ),
)

2017-01-30 20:03:33 response :
------------
Array:
FromUserName : gh_b6b2adce2b0d ;
ToUserName : o-SliwLUoFxHpSTtGC4SIk1XAV80 ;
MsgType : news ;
ArticleCount : 1 ;
Articles : Array ;

2017-01-30 20:11:45 trace :
------------
String:
<xml><ToUserName><![CDATA[gh_b6b2adce2b0d]]></ToUserName>
<FromUserName><![CDATA[o-SliwGsRwG0EPws4eACeHbK0y9M]]></FromUserName>
<CreateTime>1485778305</CreateTime>
<MsgType><![CDATA[event]]></MsgType>
<Event><![CDATA[VIEW]]></Event>
<EventKey><![CDATA[http://www.9kpu.com/app/index.php?i=39&c=home&]]></EventKey>
<MenuId>408723140</MenuId>
</xml>

2017-01-30 20:11:45 params :
------------
String:
array (
  'message' => 
  array (
    'tousername' => 'gh_b6b2adce2b0d',
    'fromusername' => 'o-SliwGsRwG0EPws4eACeHbK0y9M',
    'createtime' => '1485778305',
    'msgtype' => 'event',
    'event' => 'VIEW',
    'eventkey' => 'http://www.9kpu.com/app/index.php?i=39&c=home&',
    'menuid' => '408723140',
    'from' => 'o-SliwGsRwG0EPws4eACeHbK0y9M',
    'to' => 'gh_b6b2adce2b0d',
    'time' => '1485778305',
    'type' => 'text',
    'content' => '1',
    'redirection' => true,
    'source' => 'default',
    'original' => 'http://www.9kpu.com/app/index.php?i=39&c=home&',
  ),
  'module' => 'news',
  'rule' => '73',
  'priority' => '0',
  'keyword' => 
  array (
    'id' => '156',
    'rid' => '73',
    'uniacid' => '39',
    'module' => 'news',
    'content' => '1',
    'type' => '1',
    'displayorder' => '0',
    'status' => '1',
  ),
)

2017-01-30 20:11:45 response :
------------
Array:
FromUserName : gh_b6b2adce2b0d ;
ToUserName : o-SliwGsRwG0EPws4eACeHbK0y9M ;
MsgType : news ;
ArticleCount : 1 ;
Articles : Array ;

2017-01-30 20:11:47 trace :
------------
String:
<xml><ToUserName><![CDATA[gh_b6b2adce2b0d]]></ToUserName>
<FromUserName><![CDATA[o-SliwGsRwG0EPws4eACeHbK0y9M]]></FromUserName>
<CreateTime>1485778307</CreateTime>
<MsgType><![CDATA[event]]></MsgType>
<Event><![CDATA[VIEW]]></Event>
<EventKey><![CDATA[http://www.9kpu.com/app/index.php?i=39&c=entry&eid=1]]></EventKey>
<MenuId>408723140</MenuId>
</xml>

2017-01-30 20:11:47 params :
------------
String:
array (
  'message' => 
  array (
    'tousername' => 'gh_b6b2adce2b0d',
    'fromusername' => 'o-SliwGsRwG0EPws4eACeHbK0y9M',
    'createtime' => '1485778307',
    'msgtype' => 'event',
    'event' => 'VIEW',
    'eventkey' => 'http://www.9kpu.com/app/index.php?i=39&c=entry&eid=1',
    'menuid' => '408723140',
    'from' => 'o-SliwGsRwG0EPws4eACeHbK0y9M',
    'to' => 'gh_b6b2adce2b0d',
    'time' => '1485778307',
    'type' => 'text',
    'content' => '1',
    'redirection' => true,
    'source' => 'default',
    'original' => 'http://www.9kpu.com/app/index.php?i=39&c=entry&eid=1',
  ),
  'module' => 'news',
  'rule' => '73',
  'priority' => '0',
  'keyword' => 
  array (
    'id' => '156',
    'rid' => '73',
    'uniacid' => '39',
    'module' => 'news',
    'content' => '1',
    'type' => '1',
    'displayorder' => '0',
    'status' => '1',
  ),
)

2017-01-30 20:11:47 response :
------------
Array:
FromUserName : gh_b6b2adce2b0d ;
ToUserName : o-SliwGsRwG0EPws4eACeHbK0y9M ;
MsgType : news ;
ArticleCount : 1 ;
Articles : Array ;

2017-01-30 20:11:49 trace :
------------
String:
<xml><ToUserName><![CDATA[gh_b6b2adce2b0d]]></ToUserName>
<FromUserName><![CDATA[o-SliwGsRwG0EPws4eACeHbK0y9M]]></FromUserName>
<CreateTime>1485778309</CreateTime>
<MsgType><![CDATA[event]]></MsgType>
<Event><![CDATA[VIEW]]></Event>
<EventKey><![CDATA[http://www.9kpu.com/app/index.php?i=39&c=home&]]></EventKey>
<MenuId>408723140</MenuId>
</xml>

2017-01-30 20:11:49 params :
------------
String:
array (
  'message' => 
  array (
    'tousername' => 'gh_b6b2adce2b0d',
    'fromusername' => 'o-SliwGsRwG0EPws4eACeHbK0y9M',
    'createtime' => '1485778309',
    'msgtype' => 'event',
    'event' => 'VIEW',
    'eventkey' => 'http://www.9kpu.com/app/index.php?i=39&c=home&',
    'menuid' => '408723140',
    'from' => 'o-SliwGsRwG0EPws4eACeHbK0y9M',
    'to' => 'gh_b6b2adce2b0d',
    'time' => '1485778309',
    'type' => 'text',
    'content' => '1',
    'redirection' => true,
    'source' => 'default',
    'original' => 'http://www.9kpu.com/app/index.php?i=39&c=home&',
  ),
  'module' => 'news',
  'rule' => '73',
  'priority' => '0',
  'keyword' => 
  array (
    'id' => '156',
    'rid' => '73',
    'uniacid' => '39',
    'module' => 'news',
    'content' => '1',
    'type' => '1',
    'displayorder' => '0',
    'status' => '1',
  ),
)

2017-01-30 20:11:49 response :
------------
Array:
FromUserName : gh_b6b2adce2b0d ;
ToUserName : o-SliwGsRwG0EPws4eACeHbK0y9M ;
MsgType : news ;
ArticleCount : 1 ;
Articles : Array ;

2017-01-30 21:34:25 trace :
------------
String:
<xml><ToUserName><![CDATA[gh_9046d2e226a2]]></ToUserName>
<FromUserName><![CDATA[oKlYowe7oWD-oBld7b5uFCb6UM34]]></FromUserName>
<CreateTime>1485783265</CreateTime>
<MsgType><![CDATA[event]]></MsgType>
<Event><![CDATA[VIEW]]></Event>
<EventKey><![CDATA[http://www.9kpu.com/app/index.php?i=35&c=home&]]></EventKey>
<MenuId>412080054</MenuId>
</xml>

2017-01-30 21:34:25 params :
------------
String:
array (
  'message' => 
  array (
    'tousername' => 'gh_9046d2e226a2',
    'fromusername' => 'oKlYowe7oWD-oBld7b5uFCb6UM34',
    'createtime' => '1485783265',
    'msgtype' => 'event',
    'event' => 'VIEW',
    'eventkey' => 'http://www.9kpu.com/app/index.php?i=35&c=home&',
    'menuid' => '412080054',
    'from' => 'oKlYowe7oWD-oBld7b5uFCb6UM34',
    'to' => 'gh_9046d2e226a2',
    'time' => '1485783265',
    'type' => 'text',
    'content' => '1',
    'redirection' => true,
    'source' => 'default',
    'original' => 'http://www.9kpu.com/app/index.php?i=35&c=home&',
  ),
  'module' => 'news',
  'rule' => '64',
  'priority' => '0',
  'keyword' => 
  array (
    'id' => '119',
    'rid' => '64',
    'uniacid' => '35',
    'module' => 'news',
    'content' => '1',
    'type' => '1',
    'displayorder' => '0',
    'status' => '1',
  ),
)

2017-01-30 21:34:25 response :
------------
Array:
FromUserName : gh_9046d2e226a2 ;
ToUserName : oKlYowe7oWD-oBld7b5uFCb6UM34 ;
MsgType : news ;
ArticleCount : 1 ;
Articles : Array ;

2017-01-30 21:34:31 trace :
------------
String:
<xml><ToUserName><![CDATA[gh_9046d2e226a2]]></ToUserName>
<FromUserName><![CDATA[oKlYowe7oWD-oBld7b5uFCb6UM34]]></FromUserName>
<CreateTime>1485783271</CreateTime>
<MsgType><![CDATA[event]]></MsgType>
<Event><![CDATA[VIEW]]></Event>
<EventKey><![CDATA[http://www.9kpu.com/app/index.php?i=35&c=entry&eid=2]]></EventKey>
<MenuId>412080054</MenuId>
</xml>

2017-01-30 21:34:31 params :
------------
String:
array (
  'message' => 
  array (
    'tousername' => 'gh_9046d2e226a2',
    'fromusername' => 'oKlYowe7oWD-oBld7b5uFCb6UM34',
    'createtime' => '1485783271',
    'msgtype' => 'event',
    'event' => 'VIEW',
    'eventkey' => 'http://www.9kpu.com/app/index.php?i=35&c=entry&eid=2',
    'menuid' => '412080054',
    'from' => 'oKlYowe7oWD-oBld7b5uFCb6UM34',
    'to' => 'gh_9046d2e226a2',
    'time' => '1485783271',
    'type' => 'text',
    'content' => '1',
    'redirection' => true,
    'source' => 'default',
    'original' => 'http://www.9kpu.com/app/index.php?i=35&c=entry&eid=2',
  ),
  'module' => 'news',
  'rule' => '64',
  'priority' => '0',
  'keyword' => 
  array (
    'id' => '119',
    'rid' => '64',
    'uniacid' => '35',
    'module' => 'news',
    'content' => '1',
    'type' => '1',
    'displayorder' => '0',
    'status' => '1',
  ),
)

2017-01-30 21:34:31 response :
------------
Array:
FromUserName : gh_9046d2e226a2 ;
ToUserName : oKlYowe7oWD-oBld7b5uFCb6UM34 ;
MsgType : news ;
ArticleCount : 1 ;
Articles : Array ;

2017-01-30 21:38:48 trace :
------------
String:
<xml><ToUserName><![CDATA[gh_ad1abe4f841e]]></ToUserName>
<FromUserName><![CDATA[oF5iMv9uITotcETzW46KbgJMrxfw]]></FromUserName>
<CreateTime>1485783528</CreateTime>
<MsgType><![CDATA[event]]></MsgType>
<Event><![CDATA[VIEW]]></Event>
<EventKey><![CDATA[http://www.9kpu.com/app/index.php?i=41&c=entry&eid=1]]></EventKey>
<MenuId>409163649</MenuId>
</xml>

2017-01-30 21:38:48 params :
------------
String:
array (
  'message' => 
  array (
    'tousername' => 'gh_ad1abe4f841e',
    'fromusername' => 'oF5iMv9uITotcETzW46KbgJMrxfw',
    'createtime' => '1485783528',
    'msgtype' => 'event',
    'event' => 'VIEW',
    'eventkey' => 'http://www.9kpu.com/app/index.php?i=41&c=entry&eid=1',
    'menuid' => '409163649',
    'from' => 'oF5iMv9uITotcETzW46KbgJMrxfw',
    'to' => 'gh_ad1abe4f841e',
    'time' => '1485783528',
    'type' => 'text',
    'content' => '1',
    'redirection' => true,
    'source' => 'default',
    'original' => 'http://www.9kpu.com/app/index.php?i=41&c=entry&eid=1',
  ),
  'module' => 'news',
  'rule' => '93',
  'priority' => '0',
  'keyword' => 
  array (
    'id' => '197',
    'rid' => '93',
    'uniacid' => '41',
    'module' => 'news',
    'content' => '1',
    'type' => '1',
    'displayorder' => '0',
    'status' => '1',
  ),
)

2017-01-30 21:38:48 response :
------------
Array:
FromUserName : gh_ad1abe4f841e ;
ToUserName : oF5iMv9uITotcETzW46KbgJMrxfw ;
MsgType : news ;
ArticleCount : 1 ;
Articles : Array ;

2017-01-30 21:38:55 trace :
------------
String:
<xml><ToUserName><![CDATA[gh_ad1abe4f841e]]></ToUserName>
<FromUserName><![CDATA[oF5iMv9uITotcETzW46KbgJMrxfw]]></FromUserName>
<CreateTime>1485783535</CreateTime>
<MsgType><![CDATA[event]]></MsgType>
<Event><![CDATA[VIEW]]></Event>
<EventKey><![CDATA[http://www.9kpu.com/app/index.php?i=41&c=entry&eid=2]]></EventKey>
<MenuId>409163649</MenuId>
</xml>

2017-01-30 21:38:55 params :
------------
String:
array (
  'message' => 
  array (
    'tousername' => 'gh_ad1abe4f841e',
    'fromusername' => 'oF5iMv9uITotcETzW46KbgJMrxfw',
    'createtime' => '1485783535',
    'msgtype' => 'event',
    'event' => 'VIEW',
    'eventkey' => 'http://www.9kpu.com/app/index.php?i=41&c=entry&eid=2',
    'menuid' => '409163649',
    'from' => 'oF5iMv9uITotcETzW46KbgJMrxfw',
    'to' => 'gh_ad1abe4f841e',
    'time' => '1485783535',
    'type' => 'text',
    'content' => '1',
    'redirection' => true,
    'source' => 'default',
    'original' => 'http://www.9kpu.com/app/index.php?i=41&c=entry&eid=2',
  ),
  'module' => 'news',
  'rule' => '93',
  'priority' => '0',
  'keyword' => 
  array (
    'id' => '197',
    'rid' => '93',
    'uniacid' => '41',
    'module' => 'news',
    'content' => '1',
    'type' => '1',
    'displayorder' => '0',
    'status' => '1',
  ),
)

2017-01-30 21:38:55 response :
------------
Array:
FromUserName : gh_ad1abe4f841e ;
ToUserName : oF5iMv9uITotcETzW46KbgJMrxfw ;
MsgType : news ;
ArticleCount : 1 ;
Articles : Array ;

2017-01-30 21:39:03 trace :
------------
String:
<xml><ToUserName><![CDATA[gh_ad1abe4f841e]]></ToUserName>
<FromUserName><![CDATA[oF5iMv9uITotcETzW46KbgJMrxfw]]></FromUserName>
<CreateTime>1485783543</CreateTime>
<MsgType><![CDATA[event]]></MsgType>
<Event><![CDATA[VIEW]]></Event>
<EventKey><![CDATA[http://www.9kpu.com/app/index.php?i=41&c=home&]]></EventKey>
<MenuId>409163649</MenuId>
</xml>

2017-01-30 21:39:03 params :
------------
String:
array (
  'message' => 
  array (
    'tousername' => 'gh_ad1abe4f841e',
    'fromusername' => 'oF5iMv9uITotcETzW46KbgJMrxfw',
    'createtime' => '1485783543',
    'msgtype' => 'event',
    'event' => 'VIEW',
    'eventkey' => 'http://www.9kpu.com/app/index.php?i=41&c=home&',
    'menuid' => '409163649',
    'from' => 'oF5iMv9uITotcETzW46KbgJMrxfw',
    'to' => 'gh_ad1abe4f841e',
    'time' => '1485783543',
    'type' => 'text',
    'content' => '1',
    'redirection' => true,
    'source' => 'default',
    'original' => 'http://www.9kpu.com/app/index.php?i=41&c=home&',
  ),
  'module' => 'news',
  'rule' => '93',
  'priority' => '0',
  'keyword' => 
  array (
    'id' => '197',
    'rid' => '93',
    'uniacid' => '41',
    'module' => 'news',
    'content' => '1',
    'type' => '1',
    'displayorder' => '0',
    'status' => '1',
  ),
)

2017-01-30 21:39:03 response :
------------
Array:
FromUserName : gh_ad1abe4f841e ;
ToUserName : oF5iMv9uITotcETzW46KbgJMrxfw ;
MsgType : news ;
ArticleCount : 1 ;
Articles : Array ;

2017-01-30 21:46:15 trace :
------------
String:
<xml><ToUserName><![CDATA[gh_ad1abe4f841e]]></ToUserName>
<FromUserName><![CDATA[oF5iMvwsuZ04FWFxrIPor4ZM1lnM]]></FromUserName>
<CreateTime>1485783975</CreateTime>
<MsgType><![CDATA[event]]></MsgType>
<Event><![CDATA[VIEW]]></Event>
<EventKey><![CDATA[http://www.9kpu.com/app/index.php?i=41&c=entry&eid=1]]></EventKey>
<MenuId>409163649</MenuId>
</xml>

2017-01-30 21:46:15 params :
------------
String:
array (
  'message' => 
  array (
    'tousername' => 'gh_ad1abe4f841e',
    'fromusername' => 'oF5iMvwsuZ04FWFxrIPor4ZM1lnM',
    'createtime' => '1485783975',
    'msgtype' => 'event',
    'event' => 'VIEW',
    'eventkey' => 'http://www.9kpu.com/app/index.php?i=41&c=entry&eid=1',
    'menuid' => '409163649',
    'from' => 'oF5iMvwsuZ04FWFxrIPor4ZM1lnM',
    'to' => 'gh_ad1abe4f841e',
    'time' => '1485783975',
    'type' => 'text',
    'content' => '1',
    'redirection' => true,
    'source' => 'default',
    'original' => 'http://www.9kpu.com/app/index.php?i=41&c=entry&eid=1',
  ),
  'module' => 'news',
  'rule' => '93',
  'priority' => '0',
  'keyword' => 
  array (
    'id' => '197',
    'rid' => '93',
    'uniacid' => '41',
    'module' => 'news',
    'content' => '1',
    'type' => '1',
    'displayorder' => '0',
    'status' => '1',
  ),
)

2017-01-30 21:46:15 response :
------------
Array:
FromUserName : gh_ad1abe4f841e ;
ToUserName : oF5iMvwsuZ04FWFxrIPor4ZM1lnM ;
MsgType : news ;
ArticleCount : 1 ;
Articles : Array ;

2017-01-30 21:49:08 trace :
------------
String:
<xml><ToUserName><![CDATA[gh_ad1abe4f841e]]></ToUserName>
<FromUserName><![CDATA[oF5iMvwsuZ04FWFxrIPor4ZM1lnM]]></FromUserName>
<CreateTime>1485784148</CreateTime>
<MsgType><![CDATA[event]]></MsgType>
<Event><![CDATA[VIEW]]></Event>
<EventKey><![CDATA[http://www.9kpu.com/app/index.php?i=41&c=entry&eid=1]]></EventKey>
<MenuId>409163649</MenuId>
</xml>

2017-01-30 21:49:08 params :
------------
String:
array (
  'message' => 
  array (
    'tousername' => 'gh_ad1abe4f841e',
    'fromusername' => 'oF5iMvwsuZ04FWFxrIPor4ZM1lnM',
    'createtime' => '1485784148',
    'msgtype' => 'event',
    'event' => 'VIEW',
    'eventkey' => 'http://www.9kpu.com/app/index.php?i=41&c=entry&eid=1',
    'menuid' => '409163649',
    'from' => 'oF5iMvwsuZ04FWFxrIPor4ZM1lnM',
    'to' => 'gh_ad1abe4f841e',
    'time' => '1485784148',
    'type' => 'text',
    'content' => '1',
    'redirection' => true,
    'source' => 'default',
    'original' => 'http://www.9kpu.com/app/index.php?i=41&c=entry&eid=1',
  ),
  'module' => 'news',
  'rule' => '93',
  'priority' => '0',
  'keyword' => 
  array (
    'id' => '197',
    'rid' => '93',
    'uniacid' => '41',
    'module' => 'news',
    'content' => '1',
    'type' => '1',
    'displayorder' => '0',
    'status' => '1',
  ),
)

2017-01-30 21:49:08 response :
------------
Array:
FromUserName : gh_ad1abe4f841e ;
ToUserName : oF5iMvwsuZ04FWFxrIPor4ZM1lnM ;
MsgType : news ;
ArticleCount : 1 ;
Articles : Array ;

