2017-01-08 00:54:39 trace :
------------
String:
<xml><ToUserName><![CDATA[gh_9046d2e226a2]]></ToUserName>
<FromUserName><![CDATA[oKlYowQwkzn6tGztzsw8wE7bf04k]]></FromUserName>
<CreateTime>1483808079</CreateTime>
<MsgType><![CDATA[event]]></MsgType>
<Event><![CDATA[VIEW]]></Event>
<EventKey><![CDATA[http://www.9kpu.com/app/index.php?i=35&c=entry&eid=1]]></EventKey>
<MenuId>412080054</MenuId>
</xml>

2017-01-08 00:54:39 params :
------------
String:
array (
  'message' => 
  array (
    'tousername' => 'gh_9046d2e226a2',
    'fromusername' => 'oKlYowQwkzn6tGztzsw8wE7bf04k',
    'createtime' => '1483808079',
    'msgtype' => 'event',
    'event' => 'VIEW',
    'eventkey' => 'http://www.9kpu.com/app/index.php?i=35&c=entry&eid=1',
    'menuid' => '412080054',
    'from' => 'oKlYowQwkzn6tGztzsw8wE7bf04k',
    'to' => 'gh_9046d2e226a2',
    'time' => '1483808079',
    'type' => 'text',
    'content' => '1',
    'redirection' => true,
    'source' => 'default',
    'original' => 'http://www.9kpu.com/app/index.php?i=35&c=entry&eid=1',
  ),
  'module' => 'news',
  'rule' => '64',
  'priority' => '0',
  'keyword' => 
  array (
    'id' => '119',
    'rid' => '64',
    'uniacid' => '35',
    'module' => 'news',
    'content' => '1',
    'type' => '1',
    'displayorder' => '0',
    'status' => '1',
  ),
)

2017-01-08 00:54:39 response :
------------
Array:
FromUserName : gh_9046d2e226a2 ;
ToUserName : oKlYowQwkzn6tGztzsw8wE7bf04k ;
MsgType : news ;
ArticleCount : 1 ;
Articles : Array ;

2017-01-08 00:54:52 trace :
------------
String:
<xml><ToUserName><![CDATA[gh_9046d2e226a2]]></ToUserName>
<FromUserName><![CDATA[oKlYowQwkzn6tGztzsw8wE7bf04k]]></FromUserName>
<CreateTime>1483808092</CreateTime>
<MsgType><![CDATA[event]]></MsgType>
<Event><![CDATA[VIEW]]></Event>
<EventKey><![CDATA[http://www.9kpu.com/app/index.php?i=35&c=entry&eid=1]]></EventKey>
<MenuId>412080054</MenuId>
</xml>

2017-01-08 00:54:52 params :
------------
String:
array (
  'message' => 
  array (
    'tousername' => 'gh_9046d2e226a2',
    'fromusername' => 'oKlYowQwkzn6tGztzsw8wE7bf04k',
    'createtime' => '1483808092',
    'msgtype' => 'event',
    'event' => 'VIEW',
    'eventkey' => 'http://www.9kpu.com/app/index.php?i=35&c=entry&eid=1',
    'menuid' => '412080054',
    'from' => 'oKlYowQwkzn6tGztzsw8wE7bf04k',
    'to' => 'gh_9046d2e226a2',
    'time' => '1483808092',
    'type' => 'text',
    'content' => '1',
    'redirection' => true,
    'source' => 'default',
    'original' => 'http://www.9kpu.com/app/index.php?i=35&c=entry&eid=1',
  ),
  'module' => 'news',
  'rule' => '64',
  'priority' => '0',
  'keyword' => 
  array (
    'id' => '119',
    'rid' => '64',
    'uniacid' => '35',
    'module' => 'news',
    'content' => '1',
    'type' => '1',
    'displayorder' => '0',
    'status' => '1',
  ),
)

2017-01-08 00:54:52 response :
------------
Array:
FromUserName : gh_9046d2e226a2 ;
ToUserName : oKlYowQwkzn6tGztzsw8wE7bf04k ;
MsgType : news ;
ArticleCount : 1 ;
Articles : Array ;

2017-01-08 02:17:59 trace :
------------
String:
<xml><ToUserName><![CDATA[gh_b6b2adce2b0d]]></ToUserName>
<FromUserName><![CDATA[o-SliwOOHg52WfNUrU3agnIRpol4]]></FromUserName>
<CreateTime>1483813078</CreateTime>
<MsgType><![CDATA[event]]></MsgType>
<Event><![CDATA[VIEW]]></Event>
<EventKey><![CDATA[http://www.9kpu.com/app/index.php?i=39&c=entry&eid=2]]></EventKey>
<MenuId>408723140</MenuId>
</xml>

2017-01-08 02:17:59 params :
------------
String:
array (
  'message' => 
  array (
    'tousername' => 'gh_b6b2adce2b0d',
    'fromusername' => 'o-SliwOOHg52WfNUrU3agnIRpol4',
    'createtime' => '1483813078',
    'msgtype' => 'event',
    'event' => 'VIEW',
    'eventkey' => 'http://www.9kpu.com/app/index.php?i=39&c=entry&eid=2',
    'menuid' => '408723140',
    'from' => 'o-SliwOOHg52WfNUrU3agnIRpol4',
    'to' => 'gh_b6b2adce2b0d',
    'time' => '1483813078',
    'type' => 'text',
    'content' => '1',
    'redirection' => true,
    'source' => 'default',
    'original' => 'http://www.9kpu.com/app/index.php?i=39&c=entry&eid=2',
  ),
  'module' => 'news',
  'rule' => '73',
  'priority' => '0',
  'keyword' => 
  array (
    'id' => '156',
    'rid' => '73',
    'uniacid' => '39',
    'module' => 'news',
    'content' => '1',
    'type' => '1',
    'displayorder' => '0',
    'status' => '1',
  ),
)

2017-01-08 02:17:59 response :
------------
Array:
FromUserName : gh_b6b2adce2b0d ;
ToUserName : o-SliwOOHg52WfNUrU3agnIRpol4 ;
MsgType : news ;
ArticleCount : 1 ;
Articles : Array ;

2017-01-08 08:26:16 trace :
------------
String:
<xml><ToUserName><![CDATA[gh_9046d2e226a2]]></ToUserName>
<FromUserName><![CDATA[oKlYowWtpVajAyPUob-k2k_RDFZY]]></FromUserName>
<CreateTime>1483835176</CreateTime>
<MsgType><![CDATA[event]]></MsgType>
<Event><![CDATA[VIEW]]></Event>
<EventKey><![CDATA[http://www.9kpu.com/app/index.php?i=35&c=entry&eid=2]]></EventKey>
<MenuId>412080054</MenuId>
</xml>

2017-01-08 08:26:16 params :
------------
String:
array (
  'message' => 
  array (
    'tousername' => 'gh_9046d2e226a2',
    'fromusername' => 'oKlYowWtpVajAyPUob-k2k_RDFZY',
    'createtime' => '1483835176',
    'msgtype' => 'event',
    'event' => 'VIEW',
    'eventkey' => 'http://www.9kpu.com/app/index.php?i=35&c=entry&eid=2',
    'menuid' => '412080054',
    'from' => 'oKlYowWtpVajAyPUob-k2k_RDFZY',
    'to' => 'gh_9046d2e226a2',
    'time' => '1483835176',
    'type' => 'text',
    'content' => '1',
    'redirection' => true,
    'source' => 'default',
    'original' => 'http://www.9kpu.com/app/index.php?i=35&c=entry&eid=2',
  ),
  'module' => 'news',
  'rule' => '64',
  'priority' => '0',
  'keyword' => 
  array (
    'id' => '119',
    'rid' => '64',
    'uniacid' => '35',
    'module' => 'news',
    'content' => '1',
    'type' => '1',
    'displayorder' => '0',
    'status' => '1',
  ),
)

2017-01-08 08:26:16 response :
------------
Array:
FromUserName : gh_9046d2e226a2 ;
ToUserName : oKlYowWtpVajAyPUob-k2k_RDFZY ;
MsgType : news ;
ArticleCount : 1 ;
Articles : Array ;

2017-01-08 09:43:55 trace :
------------
String:
<xml><ToUserName><![CDATA[gh_b6b2adce2b0d]]></ToUserName>
<FromUserName><![CDATA[o-SliwIgfIh9oQPsBUM8v042akr4]]></FromUserName>
<CreateTime>1483839834</CreateTime>
<MsgType><![CDATA[event]]></MsgType>
<Event><![CDATA[VIEW]]></Event>
<EventKey><![CDATA[http://www.9kpu.com/app/index.php?i=39&c=entry&eid=2]]></EventKey>
<MenuId>408723140</MenuId>
</xml>

2017-01-08 09:43:55 params :
------------
String:
array (
  'message' => 
  array (
    'tousername' => 'gh_b6b2adce2b0d',
    'fromusername' => 'o-SliwIgfIh9oQPsBUM8v042akr4',
    'createtime' => '1483839834',
    'msgtype' => 'event',
    'event' => 'VIEW',
    'eventkey' => 'http://www.9kpu.com/app/index.php?i=39&c=entry&eid=2',
    'menuid' => '408723140',
    'from' => 'o-SliwIgfIh9oQPsBUM8v042akr4',
    'to' => 'gh_b6b2adce2b0d',
    'time' => '1483839834',
    'type' => 'text',
    'content' => '1',
    'redirection' => true,
    'source' => 'default',
    'original' => 'http://www.9kpu.com/app/index.php?i=39&c=entry&eid=2',
  ),
  'module' => 'news',
  'rule' => '73',
  'priority' => '0',
  'keyword' => 
  array (
    'id' => '156',
    'rid' => '73',
    'uniacid' => '39',
    'module' => 'news',
    'content' => '1',
    'type' => '1',
    'displayorder' => '0',
    'status' => '1',
  ),
)

2017-01-08 09:43:55 response :
------------
Array:
FromUserName : gh_b6b2adce2b0d ;
ToUserName : o-SliwIgfIh9oQPsBUM8v042akr4 ;
MsgType : news ;
ArticleCount : 1 ;
Articles : Array ;

2017-01-08 11:10:30 trace :
------------
String:
<xml><ToUserName><![CDATA[gh_07f748d04338]]></ToUserName>
<FromUserName><![CDATA[oL63zvg0f5rXAjno_3_NZn7FuJP0]]></FromUserName>
<CreateTime>1483845030</CreateTime>
<MsgType><![CDATA[event]]></MsgType>
<Event><![CDATA[VIEW]]></Event>
<EventKey><![CDATA[http://www.9kpu.com/app/index.php?i=36&c=home&t=58]]></EventKey>
<MenuId>410373841</MenuId>
</xml>

2017-01-08 11:10:30 params :
------------
String:
array (
  'message' => 
  array (
    'tousername' => 'gh_07f748d04338',
    'fromusername' => 'oL63zvg0f5rXAjno_3_NZn7FuJP0',
    'createtime' => '1483845030',
    'msgtype' => 'event',
    'event' => 'VIEW',
    'eventkey' => 'http://www.9kpu.com/app/index.php?i=36&c=home&t=58',
    'menuid' => '410373841',
    'from' => 'oL63zvg0f5rXAjno_3_NZn7FuJP0',
    'to' => 'gh_07f748d04338',
    'time' => '1483845030',
    'type' => 'text',
    'content' => '1',
    'redirection' => true,
    'source' => 'default',
    'original' => 'http://www.9kpu.com/app/index.php?i=36&c=home&t=58',
  ),
  'module' => 'news',
  'rule' => '65',
  'priority' => '0',
  'keyword' => 
  array (
    'id' => '143',
    'rid' => '65',
    'uniacid' => '36',
    'module' => 'news',
    'content' => '1',
    'type' => '1',
    'displayorder' => '0',
    'status' => '1',
  ),
)

2017-01-08 11:10:30 response :
------------
Array:
FromUserName : gh_07f748d04338 ;
ToUserName : oL63zvg0f5rXAjno_3_NZn7FuJP0 ;
MsgType : news ;
ArticleCount : 1 ;
Articles : Array ;

2017-01-08 11:10:55 trace :
------------
String:
<xml><ToUserName><![CDATA[gh_07f748d04338]]></ToUserName>
<FromUserName><![CDATA[oL63zvg0f5rXAjno_3_NZn7FuJP0]]></FromUserName>
<CreateTime>1483845055</CreateTime>
<MsgType><![CDATA[event]]></MsgType>
<Event><![CDATA[VIEW]]></Event>
<EventKey><![CDATA[http://www.9kpu.com/app/index.php?i=36&c=entry&eid=2]]></EventKey>
<MenuId>410373841</MenuId>
</xml>

2017-01-08 11:10:55 params :
------------
String:
array (
  'message' => 
  array (
    'tousername' => 'gh_07f748d04338',
    'fromusername' => 'oL63zvg0f5rXAjno_3_NZn7FuJP0',
    'createtime' => '1483845055',
    'msgtype' => 'event',
    'event' => 'VIEW',
    'eventkey' => 'http://www.9kpu.com/app/index.php?i=36&c=entry&eid=2',
    'menuid' => '410373841',
    'from' => 'oL63zvg0f5rXAjno_3_NZn7FuJP0',
    'to' => 'gh_07f748d04338',
    'time' => '1483845055',
    'type' => 'text',
    'content' => '1',
    'redirection' => true,
    'source' => 'default',
    'original' => 'http://www.9kpu.com/app/index.php?i=36&c=entry&eid=2',
  ),
  'module' => 'news',
  'rule' => '65',
  'priority' => '0',
  'keyword' => 
  array (
    'id' => '143',
    'rid' => '65',
    'uniacid' => '36',
    'module' => 'news',
    'content' => '1',
    'type' => '1',
    'displayorder' => '0',
    'status' => '1',
  ),
)

2017-01-08 11:10:55 response :
------------
Array:
FromUserName : gh_07f748d04338 ;
ToUserName : oL63zvg0f5rXAjno_3_NZn7FuJP0 ;
MsgType : news ;
ArticleCount : 1 ;
Articles : Array ;

2017-01-08 12:04:26 trace :
------------
String:
<xml><ToUserName><![CDATA[gh_0eab716966d4]]></ToUserName>
<FromUserName><![CDATA[oSoVuwPk3i7diYeomfBmKY5rif2s]]></FromUserName>
<CreateTime>1483848266</CreateTime>
<MsgType><![CDATA[event]]></MsgType>
<Event><![CDATA[VIEW]]></Event>
<EventKey><![CDATA[http://www.9kpu.com/app/index.php?i=28&c=home&]]></EventKey>
<MenuId>414492131</MenuId>
</xml>

2017-01-08 12:04:26 params :
------------
String:
array (
  'rule' => -2,
  'module' => '',
  'message' => 
  array (
    'tousername' => 'gh_0eab716966d4',
    'fromusername' => 'oSoVuwPk3i7diYeomfBmKY5rif2s',
    'createtime' => '1483848266',
    'msgtype' => 'event',
    'event' => 'VIEW',
    'eventkey' => 'http://www.9kpu.com/app/index.php?i=28&c=home&',
    'menuid' => '414492131',
    'from' => 'oSoVuwPk3i7diYeomfBmKY5rif2s',
    'to' => 'gh_0eab716966d4',
    'time' => '1483848266',
    'type' => 'text',
    'content' => 'http://www.9kpu.com/app/index.php?i=28&c=home&',
    'redirection' => true,
    'source' => 'VIEW',
  ),
)

2017-01-08 12:04:26 response :
------------

2017-01-08 12:04:36 trace :
------------
String:
<xml><ToUserName><![CDATA[gh_0eab716966d4]]></ToUserName>
<FromUserName><![CDATA[oSoVuwPk3i7diYeomfBmKY5rif2s]]></FromUserName>
<CreateTime>1483848275</CreateTime>
<MsgType><![CDATA[event]]></MsgType>
<Event><![CDATA[VIEW]]></Event>
<EventKey><![CDATA[http://www.9kpu.com/app/index.php?i=28&c=entry&eid=2]]></EventKey>
<MenuId>414492131</MenuId>
</xml>

2017-01-08 12:04:36 params :
------------
String:
array (
  'rule' => -2,
  'module' => '',
  'message' => 
  array (
    'tousername' => 'gh_0eab716966d4',
    'fromusername' => 'oSoVuwPk3i7diYeomfBmKY5rif2s',
    'createtime' => '1483848275',
    'msgtype' => 'event',
    'event' => 'VIEW',
    'eventkey' => 'http://www.9kpu.com/app/index.php?i=28&c=entry&eid=2',
    'menuid' => '414492131',
    'from' => 'oSoVuwPk3i7diYeomfBmKY5rif2s',
    'to' => 'gh_0eab716966d4',
    'time' => '1483848275',
    'type' => 'text',
    'content' => 'http://www.9kpu.com/app/index.php?i=28&c=entry&eid=2',
    'redirection' => true,
    'source' => 'VIEW',
  ),
)

2017-01-08 12:04:36 response :
------------

2017-01-08 12:04:39 trace :
------------
String:
<xml><ToUserName><![CDATA[gh_0eab716966d4]]></ToUserName>
<FromUserName><![CDATA[oSoVuwPk3i7diYeomfBmKY5rif2s]]></FromUserName>
<CreateTime>1483848279</CreateTime>
<MsgType><![CDATA[event]]></MsgType>
<Event><![CDATA[VIEW]]></Event>
<EventKey><![CDATA[http://www.9kpu.com/app/index.php?i=28&c=entry&eid=1]]></EventKey>
<MenuId>414492131</MenuId>
</xml>

2017-01-08 12:04:39 params :
------------
String:
array (
  'rule' => -2,
  'module' => '',
  'message' => 
  array (
    'tousername' => 'gh_0eab716966d4',
    'fromusername' => 'oSoVuwPk3i7diYeomfBmKY5rif2s',
    'createtime' => '1483848279',
    'msgtype' => 'event',
    'event' => 'VIEW',
    'eventkey' => 'http://www.9kpu.com/app/index.php?i=28&c=entry&eid=1',
    'menuid' => '414492131',
    'from' => 'oSoVuwPk3i7diYeomfBmKY5rif2s',
    'to' => 'gh_0eab716966d4',
    'time' => '1483848279',
    'type' => 'text',
    'content' => 'http://www.9kpu.com/app/index.php?i=28&c=entry&eid=1',
    'redirection' => true,
    'source' => 'VIEW',
  ),
)

2017-01-08 12:04:39 response :
------------

2017-01-08 12:20:53 trace :
------------
String:
<xml><ToUserName><![CDATA[gh_4aa2a7f9b184]]></ToUserName>
<FromUserName><![CDATA[oNmJ1wemZmBlx5P67YCBS3r7ZF_8]]></FromUserName>
<CreateTime>1483849253</CreateTime>
<MsgType><![CDATA[event]]></MsgType>
<Event><![CDATA[VIEW]]></Event>
<EventKey><![CDATA[http://www.9kpu.com/app/index.php?i=44&c=entry&eid=1]]></EventKey>
<MenuId>416162594</MenuId>
</xml>

2017-01-08 12:20:53 params :
------------
String:
array (
  'rule' => -2,
  'module' => '',
  'message' => 
  array (
    'tousername' => 'gh_4aa2a7f9b184',
    'fromusername' => 'oNmJ1wemZmBlx5P67YCBS3r7ZF_8',
    'createtime' => '1483849253',
    'msgtype' => 'event',
    'event' => 'VIEW',
    'eventkey' => 'http://www.9kpu.com/app/index.php?i=44&c=entry&eid=1',
    'menuid' => '416162594',
    'from' => 'oNmJ1wemZmBlx5P67YCBS3r7ZF_8',
    'to' => 'gh_4aa2a7f9b184',
    'time' => '1483849253',
    'type' => 'text',
    'content' => 'http://www.9kpu.com/app/index.php?i=44&c=entry&eid=1',
    'redirection' => true,
    'source' => 'VIEW',
  ),
)

2017-01-08 12:20:53 response :
------------

2017-01-08 13:16:51 trace :
------------
String:
<xml><ToUserName><![CDATA[gh_2a16c32dff4b]]></ToUserName>
<FromUserName><![CDATA[oZF73wOo6V58o4RuiQNHMkp9TZEU]]></FromUserName>
<CreateTime>1483852611</CreateTime>
<MsgType><![CDATA[event]]></MsgType>
<Event><![CDATA[subscribe]]></Event>
<EventKey><![CDATA[]]></EventKey>
</xml>

2017-01-08 13:16:51 params :
------------
String:
array (
  'message' => 
  array (
    'tousername' => 'gh_2a16c32dff4b',
    'fromusername' => 'oZF73wOo6V58o4RuiQNHMkp9TZEU',
    'createtime' => '1483852611',
    'msgtype' => 'event',
    'event' => 'subscribe',
    'eventkey' => '',
    'from' => 'oZF73wOo6V58o4RuiQNHMkp9TZEU',
    'to' => 'gh_2a16c32dff4b',
    'time' => '1483852611',
    'type' => 'text',
    'redirection' => true,
    'source' => 'default',
    'content' => '1',
    'original' => '欢迎关注',
  ),
  'module' => 'news',
  'rule' => '56',
  'priority' => '0',
  'keyword' => 
  array (
    'id' => '92',
    'rid' => '56',
    'uniacid' => '26',
    'module' => 'news',
    'content' => '1',
    'type' => '1',
    'displayorder' => '0',
    'status' => '1',
  ),
)

2017-01-08 13:16:51 response :
------------
Array:
FromUserName : gh_2a16c32dff4b ;
ToUserName : oZF73wOo6V58o4RuiQNHMkp9TZEU ;
MsgType : news ;
ArticleCount : 1 ;
Articles : Array ;

2017-01-08 13:19:14 trace :
------------
String:
<xml><ToUserName><![CDATA[gh_2a16c32dff4b]]></ToUserName>
<FromUserName><![CDATA[oZF73wOo6V58o4RuiQNHMkp9TZEU]]></FromUserName>
<CreateTime>1483852754</CreateTime>
<MsgType><![CDATA[event]]></MsgType>
<Event><![CDATA[VIEW]]></Event>
<EventKey><![CDATA[http://www.9kpu.com/app/index.php?i=26&c=entry&eid=1]]></EventKey>
<MenuId>445047905</MenuId>
</xml>

2017-01-08 13:19:14 params :
------------
String:
array (
  'message' => 
  array (
    'tousername' => 'gh_2a16c32dff4b',
    'fromusername' => 'oZF73wOo6V58o4RuiQNHMkp9TZEU',
    'createtime' => '1483852754',
    'msgtype' => 'event',
    'event' => 'VIEW',
    'eventkey' => 'http://www.9kpu.com/app/index.php?i=26&c=entry&eid=1',
    'menuid' => '445047905',
    'from' => 'oZF73wOo6V58o4RuiQNHMkp9TZEU',
    'to' => 'gh_2a16c32dff4b',
    'time' => '1483852754',
    'type' => 'text',
    'content' => '1',
    'redirection' => true,
    'source' => 'default',
    'original' => 'http://www.9kpu.com/app/index.php?i=26&c=entry&eid=1',
  ),
  'module' => 'news',
  'rule' => '56',
  'priority' => '0',
  'keyword' => 
  array (
    'id' => '92',
    'rid' => '56',
    'uniacid' => '26',
    'module' => 'news',
    'content' => '1',
    'type' => '1',
    'displayorder' => '0',
    'status' => '1',
  ),
)

2017-01-08 13:19:14 response :
------------
Array:
FromUserName : gh_2a16c32dff4b ;
ToUserName : oZF73wOo6V58o4RuiQNHMkp9TZEU ;
MsgType : news ;
ArticleCount : 1 ;
Articles : Array ;

2017-01-08 13:19:20 trace :
------------
String:
<xml><ToUserName><![CDATA[gh_2a16c32dff4b]]></ToUserName>
<FromUserName><![CDATA[oZF73wOo6V58o4RuiQNHMkp9TZEU]]></FromUserName>
<CreateTime>1483852760</CreateTime>
<MsgType><![CDATA[event]]></MsgType>
<Event><![CDATA[VIEW]]></Event>
<EventKey><![CDATA[http://www.9kpu.com/app/index.php?i=26&c=entry&eid=2]]></EventKey>
<MenuId>445047905</MenuId>
</xml>

2017-01-08 13:19:20 params :
------------
String:
array (
  'message' => 
  array (
    'tousername' => 'gh_2a16c32dff4b',
    'fromusername' => 'oZF73wOo6V58o4RuiQNHMkp9TZEU',
    'createtime' => '1483852760',
    'msgtype' => 'event',
    'event' => 'VIEW',
    'eventkey' => 'http://www.9kpu.com/app/index.php?i=26&c=entry&eid=2',
    'menuid' => '445047905',
    'from' => 'oZF73wOo6V58o4RuiQNHMkp9TZEU',
    'to' => 'gh_2a16c32dff4b',
    'time' => '1483852760',
    'type' => 'text',
    'content' => '1',
    'redirection' => true,
    'source' => 'default',
    'original' => 'http://www.9kpu.com/app/index.php?i=26&c=entry&eid=2',
  ),
  'module' => 'news',
  'rule' => '56',
  'priority' => '0',
  'keyword' => 
  array (
    'id' => '92',
    'rid' => '56',
    'uniacid' => '26',
    'module' => 'news',
    'content' => '1',
    'type' => '1',
    'displayorder' => '0',
    'status' => '1',
  ),
)

2017-01-08 13:19:20 response :
------------
Array:
FromUserName : gh_2a16c32dff4b ;
ToUserName : oZF73wOo6V58o4RuiQNHMkp9TZEU ;
MsgType : news ;
ArticleCount : 1 ;
Articles : Array ;

2017-01-08 13:20:29 trace :
------------
String:
<xml><ToUserName><![CDATA[gh_2a16c32dff4b]]></ToUserName>
<FromUserName><![CDATA[oZF73wOo6V58o4RuiQNHMkp9TZEU]]></FromUserName>
<CreateTime>1483852829</CreateTime>
<MsgType><![CDATA[event]]></MsgType>
<Event><![CDATA[unsubscribe]]></Event>
<EventKey><![CDATA[]]></EventKey>
</xml>

2017-01-08 13:30:22 trace :
------------
String:
<xml><ToUserName><![CDATA[gh_b6b2adce2b0d]]></ToUserName>
<FromUserName><![CDATA[o-SliwErkjap_idtAXy9qtAG_hfw]]></FromUserName>
<CreateTime>1483853422</CreateTime>
<MsgType><![CDATA[text]]></MsgType>
<Content><![CDATA[888755]]></Content>
<MsgId>6373101919957330357</MsgId>
</xml>

2017-01-08 13:30:22 params :
------------
String:
array (
  'message' => 
  array (
    'tousername' => 'gh_b6b2adce2b0d',
    'fromusername' => 'o-SliwErkjap_idtAXy9qtAG_hfw',
    'createtime' => '1483853422',
    'msgtype' => 'text',
    'content' => '1',
    'msgid' => '6373101919957330357',
    'from' => 'o-SliwErkjap_idtAXy9qtAG_hfw',
    'to' => 'gh_b6b2adce2b0d',
    'time' => '1483853422',
    'type' => 'text',
    'event' => NULL,
    'redirection' => true,
    'source' => 'default',
    'original' => '888755',
  ),
  'module' => 'news',
  'rule' => '73',
  'priority' => '0',
  'keyword' => 
  array (
    'id' => '156',
    'rid' => '73',
    'uniacid' => '39',
    'module' => 'news',
    'content' => '1',
    'type' => '1',
    'displayorder' => '0',
    'status' => '1',
  ),
)

2017-01-08 13:30:22 response :
------------
Array:
FromUserName : gh_b6b2adce2b0d ;
ToUserName : o-SliwErkjap_idtAXy9qtAG_hfw ;
MsgType : news ;
ArticleCount : 1 ;
Articles : Array ;

2017-01-08 14:23:14 trace :
------------
String:
<xml><ToUserName><![CDATA[gh_4aa2a7f9b184]]></ToUserName>
<FromUserName><![CDATA[oNmJ1wT4SL3ykjlJMvCl_jWNsId8]]></FromUserName>
<CreateTime>1483856594</CreateTime>
<MsgType><![CDATA[event]]></MsgType>
<Event><![CDATA[VIEW]]></Event>
<EventKey><![CDATA[http://www.9kpu.com/app/index.php?i=44&c=entry&eid=2]]></EventKey>
<MenuId>416162594</MenuId>
</xml>

2017-01-08 14:23:14 params :
------------
String:
array (
  'rule' => -2,
  'module' => '',
  'message' => 
  array (
    'tousername' => 'gh_4aa2a7f9b184',
    'fromusername' => 'oNmJ1wT4SL3ykjlJMvCl_jWNsId8',
    'createtime' => '1483856594',
    'msgtype' => 'event',
    'event' => 'VIEW',
    'eventkey' => 'http://www.9kpu.com/app/index.php?i=44&c=entry&eid=2',
    'menuid' => '416162594',
    'from' => 'oNmJ1wT4SL3ykjlJMvCl_jWNsId8',
    'to' => 'gh_4aa2a7f9b184',
    'time' => '1483856594',
    'type' => 'text',
    'content' => 'http://www.9kpu.com/app/index.php?i=44&c=entry&eid=2',
    'redirection' => true,
    'source' => 'VIEW',
  ),
)

2017-01-08 14:23:14 response :
------------

2017-01-08 14:33:44 trace :
------------
String:
<xml><ToUserName><![CDATA[gh_9046d2e226a2]]></ToUserName>
<FromUserName><![CDATA[oKlYowbNQPtRhPc5m2yDCrDHoOA4]]></FromUserName>
<CreateTime>1483857224</CreateTime>
<MsgType><![CDATA[event]]></MsgType>
<Event><![CDATA[VIEW]]></Event>
<EventKey><![CDATA[http://www.9kpu.com/app/index.php?i=35&c=home&]]></EventKey>
<MenuId>412080054</MenuId>
</xml>

2017-01-08 14:33:44 params :
------------
String:
array (
  'message' => 
  array (
    'tousername' => 'gh_9046d2e226a2',
    'fromusername' => 'oKlYowbNQPtRhPc5m2yDCrDHoOA4',
    'createtime' => '1483857224',
    'msgtype' => 'event',
    'event' => 'VIEW',
    'eventkey' => 'http://www.9kpu.com/app/index.php?i=35&c=home&',
    'menuid' => '412080054',
    'from' => 'oKlYowbNQPtRhPc5m2yDCrDHoOA4',
    'to' => 'gh_9046d2e226a2',
    'time' => '1483857224',
    'type' => 'text',
    'content' => '1',
    'redirection' => true,
    'source' => 'default',
    'original' => 'http://www.9kpu.com/app/index.php?i=35&c=home&',
  ),
  'module' => 'news',
  'rule' => '64',
  'priority' => '0',
  'keyword' => 
  array (
    'id' => '119',
    'rid' => '64',
    'uniacid' => '35',
    'module' => 'news',
    'content' => '1',
    'type' => '1',
    'displayorder' => '0',
    'status' => '1',
  ),
)

2017-01-08 14:33:44 response :
------------
Array:
FromUserName : gh_9046d2e226a2 ;
ToUserName : oKlYowbNQPtRhPc5m2yDCrDHoOA4 ;
MsgType : news ;
ArticleCount : 1 ;
Articles : Array ;

2017-01-08 14:35:58 trace :
------------
String:
<xml><ToUserName><![CDATA[gh_9046d2e226a2]]></ToUserName>
<FromUserName><![CDATA[oKlYowbNQPtRhPc5m2yDCrDHoOA4]]></FromUserName>
<CreateTime>1483857358</CreateTime>
<MsgType><![CDATA[event]]></MsgType>
<Event><![CDATA[VIEW]]></Event>
<EventKey><![CDATA[http://www.9kpu.com/app/index.php?i=35&c=entry&eid=1]]></EventKey>
<MenuId>412080054</MenuId>
</xml>

2017-01-08 14:35:58 params :
------------
String:
array (
  'message' => 
  array (
    'tousername' => 'gh_9046d2e226a2',
    'fromusername' => 'oKlYowbNQPtRhPc5m2yDCrDHoOA4',
    'createtime' => '1483857358',
    'msgtype' => 'event',
    'event' => 'VIEW',
    'eventkey' => 'http://www.9kpu.com/app/index.php?i=35&c=entry&eid=1',
    'menuid' => '412080054',
    'from' => 'oKlYowbNQPtRhPc5m2yDCrDHoOA4',
    'to' => 'gh_9046d2e226a2',
    'time' => '1483857358',
    'type' => 'text',
    'content' => '1',
    'redirection' => true,
    'source' => 'default',
    'original' => 'http://www.9kpu.com/app/index.php?i=35&c=entry&eid=1',
  ),
  'module' => 'news',
  'rule' => '64',
  'priority' => '0',
  'keyword' => 
  array (
    'id' => '119',
    'rid' => '64',
    'uniacid' => '35',
    'module' => 'news',
    'content' => '1',
    'type' => '1',
    'displayorder' => '0',
    'status' => '1',
  ),
)

2017-01-08 14:35:58 response :
------------
Array:
FromUserName : gh_9046d2e226a2 ;
ToUserName : oKlYowbNQPtRhPc5m2yDCrDHoOA4 ;
MsgType : news ;
ArticleCount : 1 ;
Articles : Array ;

2017-01-08 14:37:16 trace :
------------
String:
<xml><ToUserName><![CDATA[gh_9046d2e226a2]]></ToUserName>
<FromUserName><![CDATA[oKlYowbNQPtRhPc5m2yDCrDHoOA4]]></FromUserName>
<CreateTime>1483857436</CreateTime>
<MsgType><![CDATA[event]]></MsgType>
<Event><![CDATA[VIEW]]></Event>
<EventKey><![CDATA[http://www.9kpu.com/app/index.php?i=35&c=entry&eid=2]]></EventKey>
<MenuId>412080054</MenuId>
</xml>

2017-01-08 14:37:16 params :
------------
String:
array (
  'message' => 
  array (
    'tousername' => 'gh_9046d2e226a2',
    'fromusername' => 'oKlYowbNQPtRhPc5m2yDCrDHoOA4',
    'createtime' => '1483857436',
    'msgtype' => 'event',
    'event' => 'VIEW',
    'eventkey' => 'http://www.9kpu.com/app/index.php?i=35&c=entry&eid=2',
    'menuid' => '412080054',
    'from' => 'oKlYowbNQPtRhPc5m2yDCrDHoOA4',
    'to' => 'gh_9046d2e226a2',
    'time' => '1483857436',
    'type' => 'text',
    'content' => '1',
    'redirection' => true,
    'source' => 'default',
    'original' => 'http://www.9kpu.com/app/index.php?i=35&c=entry&eid=2',
  ),
  'module' => 'news',
  'rule' => '64',
  'priority' => '0',
  'keyword' => 
  array (
    'id' => '119',
    'rid' => '64',
    'uniacid' => '35',
    'module' => 'news',
    'content' => '1',
    'type' => '1',
    'displayorder' => '0',
    'status' => '1',
  ),
)

2017-01-08 14:37:16 response :
------------
Array:
FromUserName : gh_9046d2e226a2 ;
ToUserName : oKlYowbNQPtRhPc5m2yDCrDHoOA4 ;
MsgType : news ;
ArticleCount : 1 ;
Articles : Array ;

2017-01-08 14:44:16 trace :
------------
String:
<xml><ToUserName><![CDATA[gh_4aa2a7f9b184]]></ToUserName>
<FromUserName><![CDATA[oNmJ1wemZmBlx5P67YCBS3r7ZF_8]]></FromUserName>
<CreateTime>1483857856</CreateTime>
<MsgType><![CDATA[event]]></MsgType>
<Event><![CDATA[VIEW]]></Event>
<EventKey><![CDATA[http://www.9kpu.com/app/index.php?i=44&c=entry&eid=1]]></EventKey>
<MenuId>416162594</MenuId>
</xml>

2017-01-08 14:44:16 params :
------------
String:
array (
  'rule' => -2,
  'module' => '',
  'message' => 
  array (
    'tousername' => 'gh_4aa2a7f9b184',
    'fromusername' => 'oNmJ1wemZmBlx5P67YCBS3r7ZF_8',
    'createtime' => '1483857856',
    'msgtype' => 'event',
    'event' => 'VIEW',
    'eventkey' => 'http://www.9kpu.com/app/index.php?i=44&c=entry&eid=1',
    'menuid' => '416162594',
    'from' => 'oNmJ1wemZmBlx5P67YCBS3r7ZF_8',
    'to' => 'gh_4aa2a7f9b184',
    'time' => '1483857856',
    'type' => 'text',
    'content' => 'http://www.9kpu.com/app/index.php?i=44&c=entry&eid=1',
    'redirection' => true,
    'source' => 'VIEW',
  ),
)

2017-01-08 14:44:16 response :
------------

2017-01-08 14:46:45 trace :
------------
String:
<xml><ToUserName><![CDATA[gh_4aa2a7f9b184]]></ToUserName>
<FromUserName><![CDATA[oNmJ1wemZmBlx5P67YCBS3r7ZF_8]]></FromUserName>
<CreateTime>1483858005</CreateTime>
<MsgType><![CDATA[event]]></MsgType>
<Event><![CDATA[VIEW]]></Event>
<EventKey><![CDATA[http://www.9kpu.com/app/index.php?i=44&c=entry&eid=2]]></EventKey>
<MenuId>416162594</MenuId>
</xml>

2017-01-08 14:46:45 params :
------------
String:
array (
  'rule' => -2,
  'module' => '',
  'message' => 
  array (
    'tousername' => 'gh_4aa2a7f9b184',
    'fromusername' => 'oNmJ1wemZmBlx5P67YCBS3r7ZF_8',
    'createtime' => '1483858005',
    'msgtype' => 'event',
    'event' => 'VIEW',
    'eventkey' => 'http://www.9kpu.com/app/index.php?i=44&c=entry&eid=2',
    'menuid' => '416162594',
    'from' => 'oNmJ1wemZmBlx5P67YCBS3r7ZF_8',
    'to' => 'gh_4aa2a7f9b184',
    'time' => '1483858005',
    'type' => 'text',
    'content' => 'http://www.9kpu.com/app/index.php?i=44&c=entry&eid=2',
    'redirection' => true,
    'source' => 'VIEW',
  ),
)

2017-01-08 14:46:45 response :
------------

2017-01-08 14:49:59 trace :
------------
String:
<xml><ToUserName><![CDATA[gh_9046d2e226a2]]></ToUserName>
<FromUserName><![CDATA[oKlYowZ8fgQQSLPxk0BpR-8KBLbU]]></FromUserName>
<CreateTime>1483858199</CreateTime>
<MsgType><![CDATA[event]]></MsgType>
<Event><![CDATA[VIEW]]></Event>
<EventKey><![CDATA[http://www.9kpu.com/app/index.php?i=35&c=entry&eid=1]]></EventKey>
<MenuId>412080054</MenuId>
</xml>

2017-01-08 14:49:59 params :
------------
String:
array (
  'message' => 
  array (
    'tousername' => 'gh_9046d2e226a2',
    'fromusername' => 'oKlYowZ8fgQQSLPxk0BpR-8KBLbU',
    'createtime' => '1483858199',
    'msgtype' => 'event',
    'event' => 'VIEW',
    'eventkey' => 'http://www.9kpu.com/app/index.php?i=35&c=entry&eid=1',
    'menuid' => '412080054',
    'from' => 'oKlYowZ8fgQQSLPxk0BpR-8KBLbU',
    'to' => 'gh_9046d2e226a2',
    'time' => '1483858199',
    'type' => 'text',
    'content' => '1',
    'redirection' => true,
    'source' => 'default',
    'original' => 'http://www.9kpu.com/app/index.php?i=35&c=entry&eid=1',
  ),
  'module' => 'news',
  'rule' => '64',
  'priority' => '0',
  'keyword' => 
  array (
    'id' => '119',
    'rid' => '64',
    'uniacid' => '35',
    'module' => 'news',
    'content' => '1',
    'type' => '1',
    'displayorder' => '0',
    'status' => '1',
  ),
)

2017-01-08 14:49:59 response :
------------
Array:
FromUserName : gh_9046d2e226a2 ;
ToUserName : oKlYowZ8fgQQSLPxk0BpR-8KBLbU ;
MsgType : news ;
ArticleCount : 1 ;
Articles : Array ;

2017-01-08 15:06:39 trace :
------------
String:
<xml><ToUserName><![CDATA[gh_2a16c32dff4b]]></ToUserName>
<FromUserName><![CDATA[oZF73wJjqBlWcmHBI3kU22oisdwk]]></FromUserName>
<CreateTime>1483859199</CreateTime>
<MsgType><![CDATA[event]]></MsgType>
<Event><![CDATA[subscribe]]></Event>
<EventKey><![CDATA[]]></EventKey>
</xml>

2017-01-08 15:06:39 params :
------------
String:
array (
  'message' => 
  array (
    'tousername' => 'gh_2a16c32dff4b',
    'fromusername' => 'oZF73wJjqBlWcmHBI3kU22oisdwk',
    'createtime' => '1483859199',
    'msgtype' => 'event',
    'event' => 'subscribe',
    'eventkey' => '',
    'from' => 'oZF73wJjqBlWcmHBI3kU22oisdwk',
    'to' => 'gh_2a16c32dff4b',
    'time' => '1483859199',
    'type' => 'text',
    'redirection' => true,
    'source' => 'default',
    'content' => '1',
    'original' => '欢迎关注',
  ),
  'module' => 'news',
  'rule' => '56',
  'priority' => '0',
  'keyword' => 
  array (
    'id' => '92',
    'rid' => '56',
    'uniacid' => '26',
    'module' => 'news',
    'content' => '1',
    'type' => '1',
    'displayorder' => '0',
    'status' => '1',
  ),
)

2017-01-08 15:06:39 response :
------------
Array:
FromUserName : gh_2a16c32dff4b ;
ToUserName : oZF73wJjqBlWcmHBI3kU22oisdwk ;
MsgType : news ;
ArticleCount : 1 ;
Articles : Array ;

2017-01-08 15:06:55 trace :
------------
String:
<xml><ToUserName><![CDATA[gh_2a16c32dff4b]]></ToUserName>
<FromUserName><![CDATA[oZF73wJjqBlWcmHBI3kU22oisdwk]]></FromUserName>
<CreateTime>1483859215</CreateTime>
<MsgType><![CDATA[event]]></MsgType>
<Event><![CDATA[VIEW]]></Event>
<EventKey><![CDATA[http://www.9kpu.com/app/index.php?i=26&c=home&t=71]]></EventKey>
<MenuId>445047905</MenuId>
</xml>

2017-01-08 15:06:55 params :
------------
String:
array (
  'message' => 
  array (
    'tousername' => 'gh_2a16c32dff4b',
    'fromusername' => 'oZF73wJjqBlWcmHBI3kU22oisdwk',
    'createtime' => '1483859215',
    'msgtype' => 'event',
    'event' => 'VIEW',
    'eventkey' => 'http://www.9kpu.com/app/index.php?i=26&c=home&t=71',
    'menuid' => '445047905',
    'from' => 'oZF73wJjqBlWcmHBI3kU22oisdwk',
    'to' => 'gh_2a16c32dff4b',
    'time' => '1483859215',
    'type' => 'text',
    'content' => '1',
    'redirection' => true,
    'source' => 'default',
    'original' => 'http://www.9kpu.com/app/index.php?i=26&c=home&t=71',
  ),
  'module' => 'news',
  'rule' => '56',
  'priority' => '0',
  'keyword' => 
  array (
    'id' => '92',
    'rid' => '56',
    'uniacid' => '26',
    'module' => 'news',
    'content' => '1',
    'type' => '1',
    'displayorder' => '0',
    'status' => '1',
  ),
)

2017-01-08 15:06:55 response :
------------
Array:
FromUserName : gh_2a16c32dff4b ;
ToUserName : oZF73wJjqBlWcmHBI3kU22oisdwk ;
MsgType : news ;
ArticleCount : 1 ;
Articles : Array ;

2017-01-08 15:07:52 trace :
------------
String:
<xml><ToUserName><![CDATA[gh_2a16c32dff4b]]></ToUserName>
<FromUserName><![CDATA[oZF73wJjqBlWcmHBI3kU22oisdwk]]></FromUserName>
<CreateTime>1483859272</CreateTime>
<MsgType><![CDATA[event]]></MsgType>
<Event><![CDATA[VIEW]]></Event>
<EventKey><![CDATA[http://www.9kpu.com/app/index.php?i=26&c=entry&eid=1]]></EventKey>
<MenuId>445047905</MenuId>
</xml>

2017-01-08 15:07:52 params :
------------
String:
array (
  'message' => 
  array (
    'tousername' => 'gh_2a16c32dff4b',
    'fromusername' => 'oZF73wJjqBlWcmHBI3kU22oisdwk',
    'createtime' => '1483859272',
    'msgtype' => 'event',
    'event' => 'VIEW',
    'eventkey' => 'http://www.9kpu.com/app/index.php?i=26&c=entry&eid=1',
    'menuid' => '445047905',
    'from' => 'oZF73wJjqBlWcmHBI3kU22oisdwk',
    'to' => 'gh_2a16c32dff4b',
    'time' => '1483859272',
    'type' => 'text',
    'content' => '1',
    'redirection' => true,
    'source' => 'default',
    'original' => 'http://www.9kpu.com/app/index.php?i=26&c=entry&eid=1',
  ),
  'module' => 'news',
  'rule' => '56',
  'priority' => '0',
  'keyword' => 
  array (
    'id' => '92',
    'rid' => '56',
    'uniacid' => '26',
    'module' => 'news',
    'content' => '1',
    'type' => '1',
    'displayorder' => '0',
    'status' => '1',
  ),
)

2017-01-08 15:07:52 response :
------------
Array:
FromUserName : gh_2a16c32dff4b ;
ToUserName : oZF73wJjqBlWcmHBI3kU22oisdwk ;
MsgType : news ;
ArticleCount : 1 ;
Articles : Array ;

2017-01-08 15:09:22 trace :
------------
String:
<xml><ToUserName><![CDATA[gh_2a16c32dff4b]]></ToUserName>
<FromUserName><![CDATA[oZF73wJjqBlWcmHBI3kU22oisdwk]]></FromUserName>
<CreateTime>1483859362</CreateTime>
<MsgType><![CDATA[event]]></MsgType>
<Event><![CDATA[VIEW]]></Event>
<EventKey><![CDATA[http://www.9kpu.com/app/index.php?i=26&c=home&t=71]]></EventKey>
<MenuId>445047905</MenuId>
</xml>

2017-01-08 15:09:22 params :
------------
String:
array (
  'message' => 
  array (
    'tousername' => 'gh_2a16c32dff4b',
    'fromusername' => 'oZF73wJjqBlWcmHBI3kU22oisdwk',
    'createtime' => '1483859362',
    'msgtype' => 'event',
    'event' => 'VIEW',
    'eventkey' => 'http://www.9kpu.com/app/index.php?i=26&c=home&t=71',
    'menuid' => '445047905',
    'from' => 'oZF73wJjqBlWcmHBI3kU22oisdwk',
    'to' => 'gh_2a16c32dff4b',
    'time' => '1483859362',
    'type' => 'text',
    'content' => '1',
    'redirection' => true,
    'source' => 'default',
    'original' => 'http://www.9kpu.com/app/index.php?i=26&c=home&t=71',
  ),
  'module' => 'news',
  'rule' => '56',
  'priority' => '0',
  'keyword' => 
  array (
    'id' => '92',
    'rid' => '56',
    'uniacid' => '26',
    'module' => 'news',
    'content' => '1',
    'type' => '1',
    'displayorder' => '0',
    'status' => '1',
  ),
)

2017-01-08 15:09:22 response :
------------
Array:
FromUserName : gh_2a16c32dff4b ;
ToUserName : oZF73wJjqBlWcmHBI3kU22oisdwk ;
MsgType : news ;
ArticleCount : 1 ;
Articles : Array ;

2017-01-08 15:13:00 trace :
------------
String:
<xml><ToUserName><![CDATA[gh_2a16c32dff4b]]></ToUserName>
<FromUserName><![CDATA[oZF73wJjqBlWcmHBI3kU22oisdwk]]></FromUserName>
<CreateTime>1483859580</CreateTime>
<MsgType><![CDATA[event]]></MsgType>
<Event><![CDATA[VIEW]]></Event>
<EventKey><![CDATA[http://www.9kpu.com/app/index.php?i=26&c=home&t=71]]></EventKey>
<MenuId>445047905</MenuId>
</xml>

2017-01-08 15:13:00 params :
------------
String:
array (
  'message' => 
  array (
    'tousername' => 'gh_2a16c32dff4b',
    'fromusername' => 'oZF73wJjqBlWcmHBI3kU22oisdwk',
    'createtime' => '1483859580',
    'msgtype' => 'event',
    'event' => 'VIEW',
    'eventkey' => 'http://www.9kpu.com/app/index.php?i=26&c=home&t=71',
    'menuid' => '445047905',
    'from' => 'oZF73wJjqBlWcmHBI3kU22oisdwk',
    'to' => 'gh_2a16c32dff4b',
    'time' => '1483859580',
    'type' => 'text',
    'content' => '1',
    'redirection' => true,
    'source' => 'default',
    'original' => 'http://www.9kpu.com/app/index.php?i=26&c=home&t=71',
  ),
  'module' => 'news',
  'rule' => '56',
  'priority' => '0',
  'keyword' => 
  array (
    'id' => '92',
    'rid' => '56',
    'uniacid' => '26',
    'module' => 'news',
    'content' => '1',
    'type' => '1',
    'displayorder' => '0',
    'status' => '1',
  ),
)

2017-01-08 15:13:00 response :
------------
Array:
FromUserName : gh_2a16c32dff4b ;
ToUserName : oZF73wJjqBlWcmHBI3kU22oisdwk ;
MsgType : news ;
ArticleCount : 1 ;
Articles : Array ;

2017-01-08 15:14:11 trace :
------------
String:
<xml><ToUserName><![CDATA[gh_2a16c32dff4b]]></ToUserName>
<FromUserName><![CDATA[oZF73wJjqBlWcmHBI3kU22oisdwk]]></FromUserName>
<CreateTime>1483859651</CreateTime>
<MsgType><![CDATA[text]]></MsgType>
<Content><![CDATA[新五年规划调查问卷]]></Content>
<MsgId>6373128673344681224</MsgId>
</xml>

2017-01-08 15:14:11 params :
------------
String:
array (
  'message' => 
  array (
    'tousername' => 'gh_2a16c32dff4b',
    'fromusername' => 'oZF73wJjqBlWcmHBI3kU22oisdwk',
    'createtime' => '1483859651',
    'msgtype' => 'text',
    'content' => '1',
    'msgid' => '6373128673344681224',
    'from' => 'oZF73wJjqBlWcmHBI3kU22oisdwk',
    'to' => 'gh_2a16c32dff4b',
    'time' => '1483859651',
    'type' => 'text',
    'event' => NULL,
    'redirection' => true,
    'source' => 'default',
    'original' => '新五年规划调查问卷',
  ),
  'module' => 'news',
  'rule' => '56',
  'priority' => '0',
  'keyword' => 
  array (
    'id' => '92',
    'rid' => '56',
    'uniacid' => '26',
    'module' => 'news',
    'content' => '1',
    'type' => '1',
    'displayorder' => '0',
    'status' => '1',
  ),
)

2017-01-08 15:14:11 response :
------------
Array:
FromUserName : gh_2a16c32dff4b ;
ToUserName : oZF73wJjqBlWcmHBI3kU22oisdwk ;
MsgType : news ;
ArticleCount : 1 ;
Articles : Array ;

2017-01-08 15:14:40 trace :
------------
String:
<xml><ToUserName><![CDATA[gh_2a16c32dff4b]]></ToUserName>
<FromUserName><![CDATA[oZF73wJjqBlWcmHBI3kU22oisdwk]]></FromUserName>
<CreateTime>1483859680</CreateTime>
<MsgType><![CDATA[event]]></MsgType>
<Event><![CDATA[VIEW]]></Event>
<EventKey><![CDATA[http://www.9kpu.com/app/index.php?i=26&c=entry&eid=1]]></EventKey>
<MenuId>445047905</MenuId>
</xml>

2017-01-08 15:14:40 params :
------------
String:
array (
  'message' => 
  array (
    'tousername' => 'gh_2a16c32dff4b',
    'fromusername' => 'oZF73wJjqBlWcmHBI3kU22oisdwk',
    'createtime' => '1483859680',
    'msgtype' => 'event',
    'event' => 'VIEW',
    'eventkey' => 'http://www.9kpu.com/app/index.php?i=26&c=entry&eid=1',
    'menuid' => '445047905',
    'from' => 'oZF73wJjqBlWcmHBI3kU22oisdwk',
    'to' => 'gh_2a16c32dff4b',
    'time' => '1483859680',
    'type' => 'text',
    'content' => '1',
    'redirection' => true,
    'source' => 'default',
    'original' => 'http://www.9kpu.com/app/index.php?i=26&c=entry&eid=1',
  ),
  'module' => 'news',
  'rule' => '56',
  'priority' => '0',
  'keyword' => 
  array (
    'id' => '92',
    'rid' => '56',
    'uniacid' => '26',
    'module' => 'news',
    'content' => '1',
    'type' => '1',
    'displayorder' => '0',
    'status' => '1',
  ),
)

2017-01-08 15:14:40 response :
------------
Array:
FromUserName : gh_2a16c32dff4b ;
ToUserName : oZF73wJjqBlWcmHBI3kU22oisdwk ;
MsgType : news ;
ArticleCount : 1 ;
Articles : Array ;

2017-01-08 15:39:47 trace :
------------
String:
<xml><ToUserName><![CDATA[gh_9046d2e226a2]]></ToUserName>
<FromUserName><![CDATA[oKlYowYyiSZfvo0dC-a1_gQkGeIo]]></FromUserName>
<CreateTime>1483861187</CreateTime>
<MsgType><![CDATA[event]]></MsgType>
<Event><![CDATA[VIEW]]></Event>
<EventKey><![CDATA[http://www.9kpu.com/app/index.php?i=35&c=home&]]></EventKey>
<MenuId>412080054</MenuId>
</xml>

2017-01-08 15:39:47 params :
------------
String:
array (
  'message' => 
  array (
    'tousername' => 'gh_9046d2e226a2',
    'fromusername' => 'oKlYowYyiSZfvo0dC-a1_gQkGeIo',
    'createtime' => '1483861187',
    'msgtype' => 'event',
    'event' => 'VIEW',
    'eventkey' => 'http://www.9kpu.com/app/index.php?i=35&c=home&',
    'menuid' => '412080054',
    'from' => 'oKlYowYyiSZfvo0dC-a1_gQkGeIo',
    'to' => 'gh_9046d2e226a2',
    'time' => '1483861187',
    'type' => 'text',
    'content' => '1',
    'redirection' => true,
    'source' => 'default',
    'original' => 'http://www.9kpu.com/app/index.php?i=35&c=home&',
  ),
  'module' => 'news',
  'rule' => '64',
  'priority' => '0',
  'keyword' => 
  array (
    'id' => '119',
    'rid' => '64',
    'uniacid' => '35',
    'module' => 'news',
    'content' => '1',
    'type' => '1',
    'displayorder' => '0',
    'status' => '1',
  ),
)

2017-01-08 15:39:47 response :
------------
Array:
FromUserName : gh_9046d2e226a2 ;
ToUserName : oKlYowYyiSZfvo0dC-a1_gQkGeIo ;
MsgType : news ;
ArticleCount : 1 ;
Articles : Array ;

2017-01-08 15:50:31 trace :
------------
String:
<xml><ToUserName><![CDATA[gh_2a16c32dff4b]]></ToUserName>
<FromUserName><![CDATA[oZF73wIi3TeUIUiHYVest2d-wldc]]></FromUserName>
<CreateTime>1483861831</CreateTime>
<MsgType><![CDATA[event]]></MsgType>
<Event><![CDATA[subscribe]]></Event>
<EventKey><![CDATA[]]></EventKey>
</xml>

2017-01-08 15:50:31 params :
------------
String:
array (
  'message' => 
  array (
    'tousername' => 'gh_2a16c32dff4b',
    'fromusername' => 'oZF73wIi3TeUIUiHYVest2d-wldc',
    'createtime' => '1483861831',
    'msgtype' => 'event',
    'event' => 'subscribe',
    'eventkey' => '',
    'from' => 'oZF73wIi3TeUIUiHYVest2d-wldc',
    'to' => 'gh_2a16c32dff4b',
    'time' => '1483861831',
    'type' => 'text',
    'redirection' => true,
    'source' => 'default',
    'content' => '1',
    'original' => '欢迎关注',
  ),
  'module' => 'news',
  'rule' => '56',
  'priority' => '0',
  'keyword' => 
  array (
    'id' => '92',
    'rid' => '56',
    'uniacid' => '26',
    'module' => 'news',
    'content' => '1',
    'type' => '1',
    'displayorder' => '0',
    'status' => '1',
  ),
)

2017-01-08 15:50:31 response :
------------
Array:
FromUserName : gh_2a16c32dff4b ;
ToUserName : oZF73wIi3TeUIUiHYVest2d-wldc ;
MsgType : news ;
ArticleCount : 1 ;
Articles : Array ;

2017-01-08 15:50:36 trace :
------------
String:
<xml><ToUserName><![CDATA[gh_2a16c32dff4b]]></ToUserName>
<FromUserName><![CDATA[oZF73wIi3TeUIUiHYVest2d-wldc]]></FromUserName>
<CreateTime>1483861836</CreateTime>
<MsgType><![CDATA[event]]></MsgType>
<Event><![CDATA[VIEW]]></Event>
<EventKey><![CDATA[http://www.9kpu.com/app/index.php?i=26&c=entry&eid=1]]></EventKey>
<MenuId>445047905</MenuId>
</xml>

2017-01-08 15:50:36 params :
------------
String:
array (
  'message' => 
  array (
    'tousername' => 'gh_2a16c32dff4b',
    'fromusername' => 'oZF73wIi3TeUIUiHYVest2d-wldc',
    'createtime' => '1483861836',
    'msgtype' => 'event',
    'event' => 'VIEW',
    'eventkey' => 'http://www.9kpu.com/app/index.php?i=26&c=entry&eid=1',
    'menuid' => '445047905',
    'from' => 'oZF73wIi3TeUIUiHYVest2d-wldc',
    'to' => 'gh_2a16c32dff4b',
    'time' => '1483861836',
    'type' => 'text',
    'content' => '1',
    'redirection' => true,
    'source' => 'default',
    'original' => 'http://www.9kpu.com/app/index.php?i=26&c=entry&eid=1',
  ),
  'module' => 'news',
  'rule' => '56',
  'priority' => '0',
  'keyword' => 
  array (
    'id' => '92',
    'rid' => '56',
    'uniacid' => '26',
    'module' => 'news',
    'content' => '1',
    'type' => '1',
    'displayorder' => '0',
    'status' => '1',
  ),
)

2017-01-08 15:50:36 response :
------------
Array:
FromUserName : gh_2a16c32dff4b ;
ToUserName : oZF73wIi3TeUIUiHYVest2d-wldc ;
MsgType : news ;
ArticleCount : 1 ;
Articles : Array ;

2017-01-08 15:50:44 trace :
------------
String:
<xml><ToUserName><![CDATA[gh_2a16c32dff4b]]></ToUserName>
<FromUserName><![CDATA[oZF73wIi3TeUIUiHYVest2d-wldc]]></FromUserName>
<CreateTime>1483861844</CreateTime>
<MsgType><![CDATA[event]]></MsgType>
<Event><![CDATA[VIEW]]></Event>
<EventKey><![CDATA[http://www.9kpu.com/app/index.php?i=26&c=home&t=32]]></EventKey>
<MenuId>445047905</MenuId>
</xml>

2017-01-08 15:50:44 params :
------------
String:
array (
  'message' => 
  array (
    'tousername' => 'gh_2a16c32dff4b',
    'fromusername' => 'oZF73wIi3TeUIUiHYVest2d-wldc',
    'createtime' => '1483861844',
    'msgtype' => 'event',
    'event' => 'VIEW',
    'eventkey' => 'http://www.9kpu.com/app/index.php?i=26&c=home&t=32',
    'menuid' => '445047905',
    'from' => 'oZF73wIi3TeUIUiHYVest2d-wldc',
    'to' => 'gh_2a16c32dff4b',
    'time' => '1483861844',
    'type' => 'text',
    'content' => '1',
    'redirection' => true,
    'source' => 'default',
    'original' => 'http://www.9kpu.com/app/index.php?i=26&c=home&t=32',
  ),
  'module' => 'news',
  'rule' => '56',
  'priority' => '0',
  'keyword' => 
  array (
    'id' => '92',
    'rid' => '56',
    'uniacid' => '26',
    'module' => 'news',
    'content' => '1',
    'type' => '1',
    'displayorder' => '0',
    'status' => '1',
  ),
)

2017-01-08 15:50:44 response :
------------
Array:
FromUserName : gh_2a16c32dff4b ;
ToUserName : oZF73wIi3TeUIUiHYVest2d-wldc ;
MsgType : news ;
ArticleCount : 1 ;
Articles : Array ;

2017-01-08 16:15:22 trace :
------------
String:
<xml><ToUserName><![CDATA[gh_9046d2e226a2]]></ToUserName>
<FromUserName><![CDATA[oKlYowUzEGECk4y7enLzOUzACtZ8]]></FromUserName>
<CreateTime>1483863322</CreateTime>
<MsgType><![CDATA[event]]></MsgType>
<Event><![CDATA[VIEW]]></Event>
<EventKey><![CDATA[http://www.9kpu.com/app/index.php?i=35&c=entry&eid=1]]></EventKey>
<MenuId>412080054</MenuId>
</xml>

2017-01-08 16:15:22 params :
------------
String:
array (
  'message' => 
  array (
    'tousername' => 'gh_9046d2e226a2',
    'fromusername' => 'oKlYowUzEGECk4y7enLzOUzACtZ8',
    'createtime' => '1483863322',
    'msgtype' => 'event',
    'event' => 'VIEW',
    'eventkey' => 'http://www.9kpu.com/app/index.php?i=35&c=entry&eid=1',
    'menuid' => '412080054',
    'from' => 'oKlYowUzEGECk4y7enLzOUzACtZ8',
    'to' => 'gh_9046d2e226a2',
    'time' => '1483863322',
    'type' => 'text',
    'content' => '1',
    'redirection' => true,
    'source' => 'default',
    'original' => 'http://www.9kpu.com/app/index.php?i=35&c=entry&eid=1',
  ),
  'module' => 'news',
  'rule' => '64',
  'priority' => '0',
  'keyword' => 
  array (
    'id' => '119',
    'rid' => '64',
    'uniacid' => '35',
    'module' => 'news',
    'content' => '1',
    'type' => '1',
    'displayorder' => '0',
    'status' => '1',
  ),
)

2017-01-08 16:15:22 response :
------------
Array:
FromUserName : gh_9046d2e226a2 ;
ToUserName : oKlYowUzEGECk4y7enLzOUzACtZ8 ;
MsgType : news ;
ArticleCount : 1 ;
Articles : Array ;

2017-01-08 17:13:55 trace :
------------
String:
<xml><ToUserName><![CDATA[gh_b6b2adce2b0d]]></ToUserName>
<FromUserName><![CDATA[o-SliwDuJpO_v7FdaYYxEWJZtyC8]]></FromUserName>
<CreateTime>1483866835</CreateTime>
<MsgType><![CDATA[event]]></MsgType>
<Event><![CDATA[VIEW]]></Event>
<EventKey><![CDATA[http://www.9kpu.com/app/index.php?i=39&c=home&]]></EventKey>
<MenuId>408723140</MenuId>
</xml>

2017-01-08 17:13:55 params :
------------
String:
array (
  'message' => 
  array (
    'tousername' => 'gh_b6b2adce2b0d',
    'fromusername' => 'o-SliwDuJpO_v7FdaYYxEWJZtyC8',
    'createtime' => '1483866835',
    'msgtype' => 'event',
    'event' => 'VIEW',
    'eventkey' => 'http://www.9kpu.com/app/index.php?i=39&c=home&',
    'menuid' => '408723140',
    'from' => 'o-SliwDuJpO_v7FdaYYxEWJZtyC8',
    'to' => 'gh_b6b2adce2b0d',
    'time' => '1483866835',
    'type' => 'text',
    'content' => '1',
    'redirection' => true,
    'source' => 'default',
    'original' => 'http://www.9kpu.com/app/index.php?i=39&c=home&',
  ),
  'module' => 'news',
  'rule' => '73',
  'priority' => '0',
  'keyword' => 
  array (
    'id' => '156',
    'rid' => '73',
    'uniacid' => '39',
    'module' => 'news',
    'content' => '1',
    'type' => '1',
    'displayorder' => '0',
    'status' => '1',
  ),
)

2017-01-08 17:13:55 response :
------------
Array:
FromUserName : gh_b6b2adce2b0d ;
ToUserName : o-SliwDuJpO_v7FdaYYxEWJZtyC8 ;
MsgType : news ;
ArticleCount : 1 ;
Articles : Array ;

2017-01-08 17:13:59 trace :
------------
String:
<xml><ToUserName><![CDATA[gh_b6b2adce2b0d]]></ToUserName>
<FromUserName><![CDATA[o-SliwDuJpO_v7FdaYYxEWJZtyC8]]></FromUserName>
<CreateTime>1483866839</CreateTime>
<MsgType><![CDATA[event]]></MsgType>
<Event><![CDATA[VIEW]]></Event>
<EventKey><![CDATA[http://www.9kpu.com/app/index.php?i=39&c=entry&eid=1]]></EventKey>
<MenuId>408723140</MenuId>
</xml>

2017-01-08 17:13:59 params :
------------
String:
array (
  'message' => 
  array (
    'tousername' => 'gh_b6b2adce2b0d',
    'fromusername' => 'o-SliwDuJpO_v7FdaYYxEWJZtyC8',
    'createtime' => '1483866839',
    'msgtype' => 'event',
    'event' => 'VIEW',
    'eventkey' => 'http://www.9kpu.com/app/index.php?i=39&c=entry&eid=1',
    'menuid' => '408723140',
    'from' => 'o-SliwDuJpO_v7FdaYYxEWJZtyC8',
    'to' => 'gh_b6b2adce2b0d',
    'time' => '1483866839',
    'type' => 'text',
    'content' => '1',
    'redirection' => true,
    'source' => 'default',
    'original' => 'http://www.9kpu.com/app/index.php?i=39&c=entry&eid=1',
  ),
  'module' => 'news',
  'rule' => '73',
  'priority' => '0',
  'keyword' => 
  array (
    'id' => '156',
    'rid' => '73',
    'uniacid' => '39',
    'module' => 'news',
    'content' => '1',
    'type' => '1',
    'displayorder' => '0',
    'status' => '1',
  ),
)

2017-01-08 17:13:59 response :
------------
Array:
FromUserName : gh_b6b2adce2b0d ;
ToUserName : o-SliwDuJpO_v7FdaYYxEWJZtyC8 ;
MsgType : news ;
ArticleCount : 1 ;
Articles : Array ;

2017-01-08 17:14:05 trace :
------------
String:
<xml><ToUserName><![CDATA[gh_b6b2adce2b0d]]></ToUserName>
<FromUserName><![CDATA[o-SliwDuJpO_v7FdaYYxEWJZtyC8]]></FromUserName>
<CreateTime>1483866845</CreateTime>
<MsgType><![CDATA[event]]></MsgType>
<Event><![CDATA[VIEW]]></Event>
<EventKey><![CDATA[http://www.9kpu.com/app/index.php?i=39&c=home&]]></EventKey>
<MenuId>408723140</MenuId>
</xml>

2017-01-08 17:14:05 params :
------------
String:
array (
  'message' => 
  array (
    'tousername' => 'gh_b6b2adce2b0d',
    'fromusername' => 'o-SliwDuJpO_v7FdaYYxEWJZtyC8',
    'createtime' => '1483866845',
    'msgtype' => 'event',
    'event' => 'VIEW',
    'eventkey' => 'http://www.9kpu.com/app/index.php?i=39&c=home&',
    'menuid' => '408723140',
    'from' => 'o-SliwDuJpO_v7FdaYYxEWJZtyC8',
    'to' => 'gh_b6b2adce2b0d',
    'time' => '1483866845',
    'type' => 'text',
    'content' => '1',
    'redirection' => true,
    'source' => 'default',
    'original' => 'http://www.9kpu.com/app/index.php?i=39&c=home&',
  ),
  'module' => 'news',
  'rule' => '73',
  'priority' => '0',
  'keyword' => 
  array (
    'id' => '156',
    'rid' => '73',
    'uniacid' => '39',
    'module' => 'news',
    'content' => '1',
    'type' => '1',
    'displayorder' => '0',
    'status' => '1',
  ),
)

2017-01-08 17:14:05 response :
------------
Array:
FromUserName : gh_b6b2adce2b0d ;
ToUserName : o-SliwDuJpO_v7FdaYYxEWJZtyC8 ;
MsgType : news ;
ArticleCount : 1 ;
Articles : Array ;

2017-01-08 17:14:37 trace :
------------
String:
<xml><ToUserName><![CDATA[gh_b6b2adce2b0d]]></ToUserName>
<FromUserName><![CDATA[o-SliwDuJpO_v7FdaYYxEWJZtyC8]]></FromUserName>
<CreateTime>1483866877</CreateTime>
<MsgType><![CDATA[event]]></MsgType>
<Event><![CDATA[VIEW]]></Event>
<EventKey><![CDATA[http://www.9kpu.com/app/index.php?i=39&c=home&]]></EventKey>
<MenuId>408723140</MenuId>
</xml>

2017-01-08 17:14:37 params :
------------
String:
array (
  'message' => 
  array (
    'tousername' => 'gh_b6b2adce2b0d',
    'fromusername' => 'o-SliwDuJpO_v7FdaYYxEWJZtyC8',
    'createtime' => '1483866877',
    'msgtype' => 'event',
    'event' => 'VIEW',
    'eventkey' => 'http://www.9kpu.com/app/index.php?i=39&c=home&',
    'menuid' => '408723140',
    'from' => 'o-SliwDuJpO_v7FdaYYxEWJZtyC8',
    'to' => 'gh_b6b2adce2b0d',
    'time' => '1483866877',
    'type' => 'text',
    'content' => '1',
    'redirection' => true,
    'source' => 'default',
    'original' => 'http://www.9kpu.com/app/index.php?i=39&c=home&',
  ),
  'module' => 'news',
  'rule' => '73',
  'priority' => '0',
  'keyword' => 
  array (
    'id' => '156',
    'rid' => '73',
    'uniacid' => '39',
    'module' => 'news',
    'content' => '1',
    'type' => '1',
    'displayorder' => '0',
    'status' => '1',
  ),
)

2017-01-08 17:14:37 response :
------------
Array:
FromUserName : gh_b6b2adce2b0d ;
ToUserName : o-SliwDuJpO_v7FdaYYxEWJZtyC8 ;
MsgType : news ;
ArticleCount : 1 ;
Articles : Array ;

2017-01-08 17:29:12 trace :
------------
String:
<xml><ToUserName><![CDATA[gh_b6b2adce2b0d]]></ToUserName>
<FromUserName><![CDATA[o-SliwEn7bXDDjkL5fy6an_swRMA]]></FromUserName>
<CreateTime>1483867752</CreateTime>
<MsgType><![CDATA[event]]></MsgType>
<Event><![CDATA[VIEW]]></Event>
<EventKey><![CDATA[http://www.9kpu.com/app/index.php?i=39&c=entry&eid=1]]></EventKey>
<MenuId>408723140</MenuId>
</xml>

2017-01-08 17:29:12 params :
------------
String:
array (
  'message' => 
  array (
    'tousername' => 'gh_b6b2adce2b0d',
    'fromusername' => 'o-SliwEn7bXDDjkL5fy6an_swRMA',
    'createtime' => '1483867752',
    'msgtype' => 'event',
    'event' => 'VIEW',
    'eventkey' => 'http://www.9kpu.com/app/index.php?i=39&c=entry&eid=1',
    'menuid' => '408723140',
    'from' => 'o-SliwEn7bXDDjkL5fy6an_swRMA',
    'to' => 'gh_b6b2adce2b0d',
    'time' => '1483867752',
    'type' => 'text',
    'content' => '1',
    'redirection' => true,
    'source' => 'default',
    'original' => 'http://www.9kpu.com/app/index.php?i=39&c=entry&eid=1',
  ),
  'module' => 'news',
  'rule' => '73',
  'priority' => '0',
  'keyword' => 
  array (
    'id' => '156',
    'rid' => '73',
    'uniacid' => '39',
    'module' => 'news',
    'content' => '1',
    'type' => '1',
    'displayorder' => '0',
    'status' => '1',
  ),
)

2017-01-08 17:29:12 response :
------------
Array:
FromUserName : gh_b6b2adce2b0d ;
ToUserName : o-SliwEn7bXDDjkL5fy6an_swRMA ;
MsgType : news ;
ArticleCount : 1 ;
Articles : Array ;

2017-01-08 17:30:29 trace :
------------
String:
<xml><ToUserName><![CDATA[gh_b6b2adce2b0d]]></ToUserName>
<FromUserName><![CDATA[o-SliwEn7bXDDjkL5fy6an_swRMA]]></FromUserName>
<CreateTime>1483867829</CreateTime>
<MsgType><![CDATA[event]]></MsgType>
<Event><![CDATA[VIEW]]></Event>
<EventKey><![CDATA[http://www.9kpu.com/app/index.php?i=39&c=home&]]></EventKey>
<MenuId>408723140</MenuId>
</xml>

2017-01-08 17:30:29 params :
------------
String:
array (
  'message' => 
  array (
    'tousername' => 'gh_b6b2adce2b0d',
    'fromusername' => 'o-SliwEn7bXDDjkL5fy6an_swRMA',
    'createtime' => '1483867829',
    'msgtype' => 'event',
    'event' => 'VIEW',
    'eventkey' => 'http://www.9kpu.com/app/index.php?i=39&c=home&',
    'menuid' => '408723140',
    'from' => 'o-SliwEn7bXDDjkL5fy6an_swRMA',
    'to' => 'gh_b6b2adce2b0d',
    'time' => '1483867829',
    'type' => 'text',
    'content' => '1',
    'redirection' => true,
    'source' => 'default',
    'original' => 'http://www.9kpu.com/app/index.php?i=39&c=home&',
  ),
  'module' => 'news',
  'rule' => '73',
  'priority' => '0',
  'keyword' => 
  array (
    'id' => '156',
    'rid' => '73',
    'uniacid' => '39',
    'module' => 'news',
    'content' => '1',
    'type' => '1',
    'displayorder' => '0',
    'status' => '1',
  ),
)

2017-01-08 17:30:29 response :
------------
Array:
FromUserName : gh_b6b2adce2b0d ;
ToUserName : o-SliwEn7bXDDjkL5fy6an_swRMA ;
MsgType : news ;
ArticleCount : 1 ;
Articles : Array ;

2017-01-08 17:30:46 trace :
------------
String:
<xml><ToUserName><![CDATA[gh_b6b2adce2b0d]]></ToUserName>
<FromUserName><![CDATA[o-SliwEn7bXDDjkL5fy6an_swRMA]]></FromUserName>
<CreateTime>1483867846</CreateTime>
<MsgType><![CDATA[event]]></MsgType>
<Event><![CDATA[VIEW]]></Event>
<EventKey><![CDATA[http://www.9kpu.com/app/index.php?i=39&c=home&]]></EventKey>
<MenuId>408723140</MenuId>
</xml>

2017-01-08 17:30:46 params :
------------
String:
array (
  'message' => 
  array (
    'tousername' => 'gh_b6b2adce2b0d',
    'fromusername' => 'o-SliwEn7bXDDjkL5fy6an_swRMA',
    'createtime' => '1483867846',
    'msgtype' => 'event',
    'event' => 'VIEW',
    'eventkey' => 'http://www.9kpu.com/app/index.php?i=39&c=home&',
    'menuid' => '408723140',
    'from' => 'o-SliwEn7bXDDjkL5fy6an_swRMA',
    'to' => 'gh_b6b2adce2b0d',
    'time' => '1483867846',
    'type' => 'text',
    'content' => '1',
    'redirection' => true,
    'source' => 'default',
    'original' => 'http://www.9kpu.com/app/index.php?i=39&c=home&',
  ),
  'module' => 'news',
  'rule' => '73',
  'priority' => '0',
  'keyword' => 
  array (
    'id' => '156',
    'rid' => '73',
    'uniacid' => '39',
    'module' => 'news',
    'content' => '1',
    'type' => '1',
    'displayorder' => '0',
    'status' => '1',
  ),
)

2017-01-08 17:30:46 response :
------------
Array:
FromUserName : gh_b6b2adce2b0d ;
ToUserName : o-SliwEn7bXDDjkL5fy6an_swRMA ;
MsgType : news ;
ArticleCount : 1 ;
Articles : Array ;

2017-01-08 17:30:46 trace :
------------
String:
<xml><ToUserName><![CDATA[gh_b6b2adce2b0d]]></ToUserName>
<FromUserName><![CDATA[o-SliwEn7bXDDjkL5fy6an_swRMA]]></FromUserName>
<CreateTime>1483867846</CreateTime>
<MsgType><![CDATA[event]]></MsgType>
<Event><![CDATA[VIEW]]></Event>
<EventKey><![CDATA[http://www.9kpu.com/app/index.php?i=39&c=entry&eid=1]]></EventKey>
<MenuId>408723140</MenuId>
</xml>

2017-01-08 17:30:47 params :
------------
String:
array (
  'message' => 
  array (
    'tousername' => 'gh_b6b2adce2b0d',
    'fromusername' => 'o-SliwEn7bXDDjkL5fy6an_swRMA',
    'createtime' => '1483867846',
    'msgtype' => 'event',
    'event' => 'VIEW',
    'eventkey' => 'http://www.9kpu.com/app/index.php?i=39&c=entry&eid=1',
    'menuid' => '408723140',
    'from' => 'o-SliwEn7bXDDjkL5fy6an_swRMA',
    'to' => 'gh_b6b2adce2b0d',
    'time' => '1483867846',
    'type' => 'text',
    'content' => '1',
    'redirection' => true,
    'source' => 'default',
    'original' => 'http://www.9kpu.com/app/index.php?i=39&c=entry&eid=1',
  ),
  'module' => 'news',
  'rule' => '73',
  'priority' => '0',
  'keyword' => 
  array (
    'id' => '156',
    'rid' => '73',
    'uniacid' => '39',
    'module' => 'news',
    'content' => '1',
    'type' => '1',
    'displayorder' => '0',
    'status' => '1',
  ),
)

2017-01-08 17:30:47 response :
------------
Array:
FromUserName : gh_b6b2adce2b0d ;
ToUserName : o-SliwEn7bXDDjkL5fy6an_swRMA ;
MsgType : news ;
ArticleCount : 1 ;
Articles : Array ;

2017-01-08 17:31:21 trace :
------------
String:
<xml><ToUserName><![CDATA[gh_7d1762dac7c2]]></ToUserName>
<FromUserName><![CDATA[o8AZcwN7nQLA4J3EmCE2FDnIVU0E]]></FromUserName>
<CreateTime>1483867881</CreateTime>
<MsgType><![CDATA[event]]></MsgType>
<Event><![CDATA[VIEW]]></Event>
<EventKey><![CDATA[http://www.9kpu.com/app/index.php?i=6&c=home&]]></EventKey>
<MenuId>406999612</MenuId>
</xml>

2017-01-08 17:31:21 params :
------------
String:
array (
  'rule' => -2,
  'module' => '',
  'message' => 
  array (
    'tousername' => 'gh_7d1762dac7c2',
    'fromusername' => 'o8AZcwN7nQLA4J3EmCE2FDnIVU0E',
    'createtime' => '1483867881',
    'msgtype' => 'event',
    'event' => 'VIEW',
    'eventkey' => 'http://www.9kpu.com/app/index.php?i=6&c=home&',
    'menuid' => '406999612',
    'from' => 'o8AZcwN7nQLA4J3EmCE2FDnIVU0E',
    'to' => 'gh_7d1762dac7c2',
    'time' => '1483867881',
    'type' => 'text',
    'content' => 'http://www.9kpu.com/app/index.php?i=6&c=home&',
    'redirection' => true,
    'source' => 'VIEW',
  ),
)

2017-01-08 17:31:21 response :
------------

2017-01-08 17:31:31 trace :
------------
String:
<xml><ToUserName><![CDATA[gh_7d1762dac7c2]]></ToUserName>
<FromUserName><![CDATA[o8AZcwN7nQLA4J3EmCE2FDnIVU0E]]></FromUserName>
<CreateTime>1483867891</CreateTime>
<MsgType><![CDATA[event]]></MsgType>
<Event><![CDATA[VIEW]]></Event>
<EventKey><![CDATA[http://www.9kpu.com/app/index.php?i=6&c=entry&eid=1]]></EventKey>
<MenuId>406999612</MenuId>
</xml>

2017-01-08 17:31:31 params :
------------
String:
array (
  'rule' => -2,
  'module' => '',
  'message' => 
  array (
    'tousername' => 'gh_7d1762dac7c2',
    'fromusername' => 'o8AZcwN7nQLA4J3EmCE2FDnIVU0E',
    'createtime' => '1483867891',
    'msgtype' => 'event',
    'event' => 'VIEW',
    'eventkey' => 'http://www.9kpu.com/app/index.php?i=6&c=entry&eid=1',
    'menuid' => '406999612',
    'from' => 'o8AZcwN7nQLA4J3EmCE2FDnIVU0E',
    'to' => 'gh_7d1762dac7c2',
    'time' => '1483867891',
    'type' => 'text',
    'content' => 'http://www.9kpu.com/app/index.php?i=6&c=entry&eid=1',
    'redirection' => true,
    'source' => 'VIEW',
  ),
)

2017-01-08 17:31:31 response :
------------

2017-01-08 17:31:32 trace :
------------
String:
<xml><ToUserName><![CDATA[gh_7d1762dac7c2]]></ToUserName>
<FromUserName><![CDATA[o8AZcwN7nQLA4J3EmCE2FDnIVU0E]]></FromUserName>
<CreateTime>1483867892</CreateTime>
<MsgType><![CDATA[event]]></MsgType>
<Event><![CDATA[VIEW]]></Event>
<EventKey><![CDATA[http://www.9kpu.com/app/index.php?i=6&c=entry&eid=2]]></EventKey>
<MenuId>406999612</MenuId>
</xml>

2017-01-08 17:31:32 params :
------------
String:
array (
  'rule' => -2,
  'module' => '',
  'message' => 
  array (
    'tousername' => 'gh_7d1762dac7c2',
    'fromusername' => 'o8AZcwN7nQLA4J3EmCE2FDnIVU0E',
    'createtime' => '1483867892',
    'msgtype' => 'event',
    'event' => 'VIEW',
    'eventkey' => 'http://www.9kpu.com/app/index.php?i=6&c=entry&eid=2',
    'menuid' => '406999612',
    'from' => 'o8AZcwN7nQLA4J3EmCE2FDnIVU0E',
    'to' => 'gh_7d1762dac7c2',
    'time' => '1483867892',
    'type' => 'text',
    'content' => 'http://www.9kpu.com/app/index.php?i=6&c=entry&eid=2',
    'redirection' => true,
    'source' => 'VIEW',
  ),
)

2017-01-08 17:31:32 response :
------------

2017-01-08 17:31:40 trace :
------------
String:
<xml><ToUserName><![CDATA[gh_7d1762dac7c2]]></ToUserName>
<FromUserName><![CDATA[o8AZcwN7nQLA4J3EmCE2FDnIVU0E]]></FromUserName>
<CreateTime>1483867900</CreateTime>
<MsgType><![CDATA[event]]></MsgType>
<Event><![CDATA[VIEW]]></Event>
<EventKey><![CDATA[http://www.9kpu.com/app/index.php?i=6&c=home&]]></EventKey>
<MenuId>406999612</MenuId>
</xml>

2017-01-08 17:31:40 params :
------------
String:
array (
  'rule' => -2,
  'module' => '',
  'message' => 
  array (
    'tousername' => 'gh_7d1762dac7c2',
    'fromusername' => 'o8AZcwN7nQLA4J3EmCE2FDnIVU0E',
    'createtime' => '1483867900',
    'msgtype' => 'event',
    'event' => 'VIEW',
    'eventkey' => 'http://www.9kpu.com/app/index.php?i=6&c=home&',
    'menuid' => '406999612',
    'from' => 'o8AZcwN7nQLA4J3EmCE2FDnIVU0E',
    'to' => 'gh_7d1762dac7c2',
    'time' => '1483867900',
    'type' => 'text',
    'content' => 'http://www.9kpu.com/app/index.php?i=6&c=home&',
    'redirection' => true,
    'source' => 'VIEW',
  ),
)

2017-01-08 17:31:40 response :
------------

2017-01-08 17:33:31 trace :
------------
String:
<xml><ToUserName><![CDATA[gh_b6b2adce2b0d]]></ToUserName>
<FromUserName><![CDATA[o-SliwEn7bXDDjkL5fy6an_swRMA]]></FromUserName>
<CreateTime>1483868011</CreateTime>
<MsgType><![CDATA[event]]></MsgType>
<Event><![CDATA[VIEW]]></Event>
<EventKey><![CDATA[http://www.9kpu.com/app/index.php?i=39&c=home&]]></EventKey>
<MenuId>408723140</MenuId>
</xml>

2017-01-08 17:33:31 params :
------------
String:
array (
  'message' => 
  array (
    'tousername' => 'gh_b6b2adce2b0d',
    'fromusername' => 'o-SliwEn7bXDDjkL5fy6an_swRMA',
    'createtime' => '1483868011',
    'msgtype' => 'event',
    'event' => 'VIEW',
    'eventkey' => 'http://www.9kpu.com/app/index.php?i=39&c=home&',
    'menuid' => '408723140',
    'from' => 'o-SliwEn7bXDDjkL5fy6an_swRMA',
    'to' => 'gh_b6b2adce2b0d',
    'time' => '1483868011',
    'type' => 'text',
    'content' => '1',
    'redirection' => true,
    'source' => 'default',
    'original' => 'http://www.9kpu.com/app/index.php?i=39&c=home&',
  ),
  'module' => 'news',
  'rule' => '73',
  'priority' => '0',
  'keyword' => 
  array (
    'id' => '156',
    'rid' => '73',
    'uniacid' => '39',
    'module' => 'news',
    'content' => '1',
    'type' => '1',
    'displayorder' => '0',
    'status' => '1',
  ),
)

2017-01-08 17:33:31 response :
------------
Array:
FromUserName : gh_b6b2adce2b0d ;
ToUserName : o-SliwEn7bXDDjkL5fy6an_swRMA ;
MsgType : news ;
ArticleCount : 1 ;
Articles : Array ;

2017-01-08 17:33:49 trace :
------------
String:
<xml><ToUserName><![CDATA[gh_4e0c181b7380]]></ToUserName>
<FromUserName><![CDATA[oxtWnv5ZT8r1HFtI21mtgqpIrOR0]]></FromUserName>
<CreateTime>1483868029</CreateTime>
<MsgType><![CDATA[event]]></MsgType>
<Event><![CDATA[VIEW]]></Event>
<EventKey><![CDATA[http://www.9kpu.com/app/index.php?i=27&c=entry&eid=2]]></EventKey>
<MenuId>432687017</MenuId>
</xml>

2017-01-08 17:33:49 params :
------------
String:
array (
  'message' => 
  array (
    'tousername' => 'gh_4e0c181b7380',
    'fromusername' => 'oxtWnv5ZT8r1HFtI21mtgqpIrOR0',
    'createtime' => '1483868029',
    'msgtype' => 'event',
    'event' => 'VIEW',
    'eventkey' => 'http://www.9kpu.com/app/index.php?i=27&c=entry&eid=2',
    'menuid' => '432687017',
    'from' => 'oxtWnv5ZT8r1HFtI21mtgqpIrOR0',
    'to' => 'gh_4e0c181b7380',
    'time' => '1483868029',
    'type' => 'text',
    'content' => 'http://www.9kpu.com/app/index.php?i=27&c=entry&eid=2',
    'redirection' => true,
    'source' => 'VIEW',
  ),
  'module' => 'default',
  'rule' => '-1',
)

2017-01-08 17:33:49 response :
------------
Array:
params : Array ;

2017-01-08 17:57:24 trace :
------------
String:
<xml><ToUserName><![CDATA[gh_ad1abe4f841e]]></ToUserName>
<FromUserName><![CDATA[oF5iMv66rUEDljBWQTlg-LRkH-R4]]></FromUserName>
<CreateTime>1483869444</CreateTime>
<MsgType><![CDATA[event]]></MsgType>
<Event><![CDATA[VIEW]]></Event>
<EventKey><![CDATA[http://www.9kpu.com/app/index.php?i=41&c=home&t=77]]></EventKey>
<MenuId>409163649</MenuId>
</xml>

2017-01-08 17:57:24 params :
------------
String:
array (
  'message' => 
  array (
    'tousername' => 'gh_ad1abe4f841e',
    'fromusername' => 'oF5iMv66rUEDljBWQTlg-LRkH-R4',
    'createtime' => '1483869444',
    'msgtype' => 'event',
    'event' => 'VIEW',
    'eventkey' => 'http://www.9kpu.com/app/index.php?i=41&c=home&t=77',
    'menuid' => '409163649',
    'from' => 'oF5iMv66rUEDljBWQTlg-LRkH-R4',
    'to' => 'gh_ad1abe4f841e',
    'time' => '1483869444',
    'type' => 'text',
    'content' => '1',
    'redirection' => true,
    'source' => 'default',
    'original' => 'http://www.9kpu.com/app/index.php?i=41&c=home&t=77',
  ),
  'module' => 'news',
  'rule' => '93',
  'priority' => '0',
  'keyword' => 
  array (
    'id' => '197',
    'rid' => '93',
    'uniacid' => '41',
    'module' => 'news',
    'content' => '1',
    'type' => '1',
    'displayorder' => '0',
    'status' => '1',
  ),
)

2017-01-08 17:57:24 response :
------------
Array:
FromUserName : gh_ad1abe4f841e ;
ToUserName : oF5iMv66rUEDljBWQTlg-LRkH-R4 ;
MsgType : news ;
ArticleCount : 1 ;
Articles : Array ;

2017-01-08 18:12:17 trace :
------------
String:
<xml><ToUserName><![CDATA[gh_b6b2adce2b0d]]></ToUserName>
<FromUserName><![CDATA[o-SliwFN6OVyId4qCvzD-fIFgebY]]></FromUserName>
<CreateTime>1483870336</CreateTime>
<MsgType><![CDATA[event]]></MsgType>
<Event><![CDATA[VIEW]]></Event>
<EventKey><![CDATA[http://www.9kpu.com/app/index.php?i=39&c=home&]]></EventKey>
<MenuId>408723140</MenuId>
</xml>

2017-01-08 18:12:17 params :
------------
String:
array (
  'message' => 
  array (
    'tousername' => 'gh_b6b2adce2b0d',
    'fromusername' => 'o-SliwFN6OVyId4qCvzD-fIFgebY',
    'createtime' => '1483870336',
    'msgtype' => 'event',
    'event' => 'VIEW',
    'eventkey' => 'http://www.9kpu.com/app/index.php?i=39&c=home&',
    'menuid' => '408723140',
    'from' => 'o-SliwFN6OVyId4qCvzD-fIFgebY',
    'to' => 'gh_b6b2adce2b0d',
    'time' => '1483870336',
    'type' => 'text',
    'content' => '1',
    'redirection' => true,
    'source' => 'default',
    'original' => 'http://www.9kpu.com/app/index.php?i=39&c=home&',
  ),
  'module' => 'news',
  'rule' => '73',
  'priority' => '0',
  'keyword' => 
  array (
    'id' => '156',
    'rid' => '73',
    'uniacid' => '39',
    'module' => 'news',
    'content' => '1',
    'type' => '1',
    'displayorder' => '0',
    'status' => '1',
  ),
)

2017-01-08 18:12:17 response :
------------
Array:
FromUserName : gh_b6b2adce2b0d ;
ToUserName : o-SliwFN6OVyId4qCvzD-fIFgebY ;
MsgType : news ;
ArticleCount : 1 ;
Articles : Array ;

2017-01-08 18:13:07 trace :
------------
String:
<xml><ToUserName><![CDATA[gh_b6b2adce2b0d]]></ToUserName>
<FromUserName><![CDATA[o-SliwFN6OVyId4qCvzD-fIFgebY]]></FromUserName>
<CreateTime>1483870387</CreateTime>
<MsgType><![CDATA[event]]></MsgType>
<Event><![CDATA[VIEW]]></Event>
<EventKey><![CDATA[http://www.9kpu.com/app/index.php?i=39&c=home&]]></EventKey>
<MenuId>408723140</MenuId>
</xml>

2017-01-08 18:13:07 params :
------------
String:
array (
  'message' => 
  array (
    'tousername' => 'gh_b6b2adce2b0d',
    'fromusername' => 'o-SliwFN6OVyId4qCvzD-fIFgebY',
    'createtime' => '1483870387',
    'msgtype' => 'event',
    'event' => 'VIEW',
    'eventkey' => 'http://www.9kpu.com/app/index.php?i=39&c=home&',
    'menuid' => '408723140',
    'from' => 'o-SliwFN6OVyId4qCvzD-fIFgebY',
    'to' => 'gh_b6b2adce2b0d',
    'time' => '1483870387',
    'type' => 'text',
    'content' => '1',
    'redirection' => true,
    'source' => 'default',
    'original' => 'http://www.9kpu.com/app/index.php?i=39&c=home&',
  ),
  'module' => 'news',
  'rule' => '73',
  'priority' => '0',
  'keyword' => 
  array (
    'id' => '156',
    'rid' => '73',
    'uniacid' => '39',
    'module' => 'news',
    'content' => '1',
    'type' => '1',
    'displayorder' => '0',
    'status' => '1',
  ),
)

2017-01-08 18:13:07 response :
------------
Array:
FromUserName : gh_b6b2adce2b0d ;
ToUserName : o-SliwFN6OVyId4qCvzD-fIFgebY ;
MsgType : news ;
ArticleCount : 1 ;
Articles : Array ;

2017-01-08 18:13:11 trace :
------------
String:
<xml><ToUserName><![CDATA[gh_b6b2adce2b0d]]></ToUserName>
<FromUserName><![CDATA[o-SliwFN6OVyId4qCvzD-fIFgebY]]></FromUserName>
<CreateTime>1483870391</CreateTime>
<MsgType><![CDATA[event]]></MsgType>
<Event><![CDATA[VIEW]]></Event>
<EventKey><![CDATA[http://www.9kpu.com/app/index.php?i=39&c=home&]]></EventKey>
<MenuId>408723140</MenuId>
</xml>

2017-01-08 18:13:11 params :
------------
String:
array (
  'message' => 
  array (
    'tousername' => 'gh_b6b2adce2b0d',
    'fromusername' => 'o-SliwFN6OVyId4qCvzD-fIFgebY',
    'createtime' => '1483870391',
    'msgtype' => 'event',
    'event' => 'VIEW',
    'eventkey' => 'http://www.9kpu.com/app/index.php?i=39&c=home&',
    'menuid' => '408723140',
    'from' => 'o-SliwFN6OVyId4qCvzD-fIFgebY',
    'to' => 'gh_b6b2adce2b0d',
    'time' => '1483870391',
    'type' => 'text',
    'content' => '1',
    'redirection' => true,
    'source' => 'default',
    'original' => 'http://www.9kpu.com/app/index.php?i=39&c=home&',
  ),
  'module' => 'news',
  'rule' => '73',
  'priority' => '0',
  'keyword' => 
  array (
    'id' => '156',
    'rid' => '73',
    'uniacid' => '39',
    'module' => 'news',
    'content' => '1',
    'type' => '1',
    'displayorder' => '0',
    'status' => '1',
  ),
)

2017-01-08 18:13:11 response :
------------
Array:
FromUserName : gh_b6b2adce2b0d ;
ToUserName : o-SliwFN6OVyId4qCvzD-fIFgebY ;
MsgType : news ;
ArticleCount : 1 ;
Articles : Array ;

2017-01-08 18:13:26 trace :
------------
String:
<xml><ToUserName><![CDATA[gh_b6b2adce2b0d]]></ToUserName>
<FromUserName><![CDATA[o-SliwFN6OVyId4qCvzD-fIFgebY]]></FromUserName>
<CreateTime>1483870406</CreateTime>
<MsgType><![CDATA[event]]></MsgType>
<Event><![CDATA[VIEW]]></Event>
<EventKey><![CDATA[http://www.9kpu.com/app/index.php?i=39&c=home&]]></EventKey>
<MenuId>408723140</MenuId>
</xml>

2017-01-08 18:13:26 params :
------------
String:
array (
  'message' => 
  array (
    'tousername' => 'gh_b6b2adce2b0d',
    'fromusername' => 'o-SliwFN6OVyId4qCvzD-fIFgebY',
    'createtime' => '1483870406',
    'msgtype' => 'event',
    'event' => 'VIEW',
    'eventkey' => 'http://www.9kpu.com/app/index.php?i=39&c=home&',
    'menuid' => '408723140',
    'from' => 'o-SliwFN6OVyId4qCvzD-fIFgebY',
    'to' => 'gh_b6b2adce2b0d',
    'time' => '1483870406',
    'type' => 'text',
    'content' => '1',
    'redirection' => true,
    'source' => 'default',
    'original' => 'http://www.9kpu.com/app/index.php?i=39&c=home&',
  ),
  'module' => 'news',
  'rule' => '73',
  'priority' => '0',
  'keyword' => 
  array (
    'id' => '156',
    'rid' => '73',
    'uniacid' => '39',
    'module' => 'news',
    'content' => '1',
    'type' => '1',
    'displayorder' => '0',
    'status' => '1',
  ),
)

2017-01-08 18:13:26 response :
------------
Array:
FromUserName : gh_b6b2adce2b0d ;
ToUserName : o-SliwFN6OVyId4qCvzD-fIFgebY ;
MsgType : news ;
ArticleCount : 1 ;
Articles : Array ;

2017-01-08 18:23:06 trace :
------------
String:
<xml><ToUserName><![CDATA[gh_b6b2adce2b0d]]></ToUserName>
<FromUserName><![CDATA[o-SliwJ8uRCLz7uvcWiAVfepHoRE]]></FromUserName>
<CreateTime>1483870986</CreateTime>
<MsgType><![CDATA[event]]></MsgType>
<Event><![CDATA[VIEW]]></Event>
<EventKey><![CDATA[http://www.9kpu.com/app/index.php?i=39&c=home&]]></EventKey>
<MenuId>408723140</MenuId>
</xml>

2017-01-08 18:23:06 params :
------------
String:
array (
  'message' => 
  array (
    'tousername' => 'gh_b6b2adce2b0d',
    'fromusername' => 'o-SliwJ8uRCLz7uvcWiAVfepHoRE',
    'createtime' => '1483870986',
    'msgtype' => 'event',
    'event' => 'VIEW',
    'eventkey' => 'http://www.9kpu.com/app/index.php?i=39&c=home&',
    'menuid' => '408723140',
    'from' => 'o-SliwJ8uRCLz7uvcWiAVfepHoRE',
    'to' => 'gh_b6b2adce2b0d',
    'time' => '1483870986',
    'type' => 'text',
    'content' => '1',
    'redirection' => true,
    'source' => 'default',
    'original' => 'http://www.9kpu.com/app/index.php?i=39&c=home&',
  ),
  'module' => 'news',
  'rule' => '73',
  'priority' => '0',
  'keyword' => 
  array (
    'id' => '156',
    'rid' => '73',
    'uniacid' => '39',
    'module' => 'news',
    'content' => '1',
    'type' => '1',
    'displayorder' => '0',
    'status' => '1',
  ),
)

2017-01-08 18:23:06 response :
------------
Array:
FromUserName : gh_b6b2adce2b0d ;
ToUserName : o-SliwJ8uRCLz7uvcWiAVfepHoRE ;
MsgType : news ;
ArticleCount : 1 ;
Articles : Array ;

2017-01-08 18:23:32 trace :
------------
String:
<xml><ToUserName><![CDATA[gh_b6b2adce2b0d]]></ToUserName>
<FromUserName><![CDATA[o-SliwJ8uRCLz7uvcWiAVfepHoRE]]></FromUserName>
<CreateTime>1483871012</CreateTime>
<MsgType><![CDATA[event]]></MsgType>
<Event><![CDATA[VIEW]]></Event>
<EventKey><![CDATA[http://www.9kpu.com/app/index.php?i=39&c=home&]]></EventKey>
<MenuId>408723140</MenuId>
</xml>

2017-01-08 18:23:32 params :
------------
String:
array (
  'message' => 
  array (
    'tousername' => 'gh_b6b2adce2b0d',
    'fromusername' => 'o-SliwJ8uRCLz7uvcWiAVfepHoRE',
    'createtime' => '1483871012',
    'msgtype' => 'event',
    'event' => 'VIEW',
    'eventkey' => 'http://www.9kpu.com/app/index.php?i=39&c=home&',
    'menuid' => '408723140',
    'from' => 'o-SliwJ8uRCLz7uvcWiAVfepHoRE',
    'to' => 'gh_b6b2adce2b0d',
    'time' => '1483871012',
    'type' => 'text',
    'content' => '1',
    'redirection' => true,
    'source' => 'default',
    'original' => 'http://www.9kpu.com/app/index.php?i=39&c=home&',
  ),
  'module' => 'news',
  'rule' => '73',
  'priority' => '0',
  'keyword' => 
  array (
    'id' => '156',
    'rid' => '73',
    'uniacid' => '39',
    'module' => 'news',
    'content' => '1',
    'type' => '1',
    'displayorder' => '0',
    'status' => '1',
  ),
)

2017-01-08 18:23:32 response :
------------
Array:
FromUserName : gh_b6b2adce2b0d ;
ToUserName : o-SliwJ8uRCLz7uvcWiAVfepHoRE ;
MsgType : news ;
ArticleCount : 1 ;
Articles : Array ;

2017-01-08 18:24:04 trace :
------------
String:
<xml><ToUserName><![CDATA[gh_878d7a1ea543]]></ToUserName>
<FromUserName><![CDATA[oBmwJwVTKmz4hnebHN8MBQc2Nq4k]]></FromUserName>
<CreateTime>1483871044</CreateTime>
<MsgType><![CDATA[event]]></MsgType>
<Event><![CDATA[VIEW]]></Event>
<EventKey><![CDATA[http://www.9kpu.com/app/index.php?i=37&c=entry&eid=2]]></EventKey>
<MenuId>420222577</MenuId>
</xml>

2017-01-08 18:24:04 params :
------------
String:
array (
  'rule' => -2,
  'module' => '',
  'message' => 
  array (
    'tousername' => 'gh_878d7a1ea543',
    'fromusername' => 'oBmwJwVTKmz4hnebHN8MBQc2Nq4k',
    'createtime' => '1483871044',
    'msgtype' => 'event',
    'event' => 'VIEW',
    'eventkey' => 'http://www.9kpu.com/app/index.php?i=37&c=entry&eid=2',
    'menuid' => '420222577',
    'from' => 'oBmwJwVTKmz4hnebHN8MBQc2Nq4k',
    'to' => 'gh_878d7a1ea543',
    'time' => '1483871044',
    'type' => 'text',
    'content' => 'http://www.9kpu.com/app/index.php?i=37&c=entry&eid=2',
    'redirection' => true,
    'source' => 'VIEW',
  ),
)

2017-01-08 18:24:04 response :
------------

2017-01-08 18:25:02 trace :
------------
String:
<xml><ToUserName><![CDATA[gh_b6b2adce2b0d]]></ToUserName>
<FromUserName><![CDATA[o-SliwJ8uRCLz7uvcWiAVfepHoRE]]></FromUserName>
<CreateTime>1483871102</CreateTime>
<MsgType><![CDATA[event]]></MsgType>
<Event><![CDATA[VIEW]]></Event>
<EventKey><![CDATA[http://www.9kpu.com/app/index.php?i=39&c=entry&eid=2]]></EventKey>
<MenuId>408723140</MenuId>
</xml>

2017-01-08 18:25:02 params :
------------
String:
array (
  'message' => 
  array (
    'tousername' => 'gh_b6b2adce2b0d',
    'fromusername' => 'o-SliwJ8uRCLz7uvcWiAVfepHoRE',
    'createtime' => '1483871102',
    'msgtype' => 'event',
    'event' => 'VIEW',
    'eventkey' => 'http://www.9kpu.com/app/index.php?i=39&c=entry&eid=2',
    'menuid' => '408723140',
    'from' => 'o-SliwJ8uRCLz7uvcWiAVfepHoRE',
    'to' => 'gh_b6b2adce2b0d',
    'time' => '1483871102',
    'type' => 'text',
    'content' => '1',
    'redirection' => true,
    'source' => 'default',
    'original' => 'http://www.9kpu.com/app/index.php?i=39&c=entry&eid=2',
  ),
  'module' => 'news',
  'rule' => '73',
  'priority' => '0',
  'keyword' => 
  array (
    'id' => '156',
    'rid' => '73',
    'uniacid' => '39',
    'module' => 'news',
    'content' => '1',
    'type' => '1',
    'displayorder' => '0',
    'status' => '1',
  ),
)

2017-01-08 18:25:02 response :
------------
Array:
FromUserName : gh_b6b2adce2b0d ;
ToUserName : o-SliwJ8uRCLz7uvcWiAVfepHoRE ;
MsgType : news ;
ArticleCount : 1 ;
Articles : Array ;

2017-01-08 18:25:11 trace :
------------
String:
<xml><ToUserName><![CDATA[gh_b6b2adce2b0d]]></ToUserName>
<FromUserName><![CDATA[o-SliwJ8uRCLz7uvcWiAVfepHoRE]]></FromUserName>
<CreateTime>1483871111</CreateTime>
<MsgType><![CDATA[event]]></MsgType>
<Event><![CDATA[VIEW]]></Event>
<EventKey><![CDATA[http://www.9kpu.com/app/index.php?i=39&c=entry&eid=1]]></EventKey>
<MenuId>408723140</MenuId>
</xml>

2017-01-08 18:25:11 params :
------------
String:
array (
  'message' => 
  array (
    'tousername' => 'gh_b6b2adce2b0d',
    'fromusername' => 'o-SliwJ8uRCLz7uvcWiAVfepHoRE',
    'createtime' => '1483871111',
    'msgtype' => 'event',
    'event' => 'VIEW',
    'eventkey' => 'http://www.9kpu.com/app/index.php?i=39&c=entry&eid=1',
    'menuid' => '408723140',
    'from' => 'o-SliwJ8uRCLz7uvcWiAVfepHoRE',
    'to' => 'gh_b6b2adce2b0d',
    'time' => '1483871111',
    'type' => 'text',
    'content' => '1',
    'redirection' => true,
    'source' => 'default',
    'original' => 'http://www.9kpu.com/app/index.php?i=39&c=entry&eid=1',
  ),
  'module' => 'news',
  'rule' => '73',
  'priority' => '0',
  'keyword' => 
  array (
    'id' => '156',
    'rid' => '73',
    'uniacid' => '39',
    'module' => 'news',
    'content' => '1',
    'type' => '1',
    'displayorder' => '0',
    'status' => '1',
  ),
)

2017-01-08 18:25:11 response :
------------
Array:
FromUserName : gh_b6b2adce2b0d ;
ToUserName : o-SliwJ8uRCLz7uvcWiAVfepHoRE ;
MsgType : news ;
ArticleCount : 1 ;
Articles : Array ;

2017-01-08 19:18:48 trace :
------------
String:
<xml><ToUserName><![CDATA[gh_b6b2adce2b0d]]></ToUserName>
<FromUserName><![CDATA[o-SliwI4VmDm6kx7ff0SA0fyrrvQ]]></FromUserName>
<CreateTime>1483874328</CreateTime>
<MsgType><![CDATA[event]]></MsgType>
<Event><![CDATA[VIEW]]></Event>
<EventKey><![CDATA[http://www.9kpu.com/app/index.php?i=39&c=entry&eid=1]]></EventKey>
<MenuId>408723140</MenuId>
</xml>

2017-01-08 19:18:48 params :
------------
String:
array (
  'message' => 
  array (
    'tousername' => 'gh_b6b2adce2b0d',
    'fromusername' => 'o-SliwI4VmDm6kx7ff0SA0fyrrvQ',
    'createtime' => '1483874328',
    'msgtype' => 'event',
    'event' => 'VIEW',
    'eventkey' => 'http://www.9kpu.com/app/index.php?i=39&c=entry&eid=1',
    'menuid' => '408723140',
    'from' => 'o-SliwI4VmDm6kx7ff0SA0fyrrvQ',
    'to' => 'gh_b6b2adce2b0d',
    'time' => '1483874328',
    'type' => 'text',
    'content' => '1',
    'redirection' => true,
    'source' => 'default',
    'original' => 'http://www.9kpu.com/app/index.php?i=39&c=entry&eid=1',
  ),
  'module' => 'news',
  'rule' => '73',
  'priority' => '0',
  'keyword' => 
  array (
    'id' => '156',
    'rid' => '73',
    'uniacid' => '39',
    'module' => 'news',
    'content' => '1',
    'type' => '1',
    'displayorder' => '0',
    'status' => '1',
  ),
)

2017-01-08 19:18:48 response :
------------
Array:
FromUserName : gh_b6b2adce2b0d ;
ToUserName : o-SliwI4VmDm6kx7ff0SA0fyrrvQ ;
MsgType : news ;
ArticleCount : 1 ;
Articles : Array ;

2017-01-08 19:18:53 trace :
------------
String:
<xml><ToUserName><![CDATA[gh_b6b2adce2b0d]]></ToUserName>
<FromUserName><![CDATA[o-SliwI4VmDm6kx7ff0SA0fyrrvQ]]></FromUserName>
<CreateTime>1483874333</CreateTime>
<MsgType><![CDATA[event]]></MsgType>
<Event><![CDATA[VIEW]]></Event>
<EventKey><![CDATA[http://www.9kpu.com/app/index.php?i=39&c=home&]]></EventKey>
<MenuId>408723140</MenuId>
</xml>

2017-01-08 19:18:53 params :
------------
String:
array (
  'message' => 
  array (
    'tousername' => 'gh_b6b2adce2b0d',
    'fromusername' => 'o-SliwI4VmDm6kx7ff0SA0fyrrvQ',
    'createtime' => '1483874333',
    'msgtype' => 'event',
    'event' => 'VIEW',
    'eventkey' => 'http://www.9kpu.com/app/index.php?i=39&c=home&',
    'menuid' => '408723140',
    'from' => 'o-SliwI4VmDm6kx7ff0SA0fyrrvQ',
    'to' => 'gh_b6b2adce2b0d',
    'time' => '1483874333',
    'type' => 'text',
    'content' => '1',
    'redirection' => true,
    'source' => 'default',
    'original' => 'http://www.9kpu.com/app/index.php?i=39&c=home&',
  ),
  'module' => 'news',
  'rule' => '73',
  'priority' => '0',
  'keyword' => 
  array (
    'id' => '156',
    'rid' => '73',
    'uniacid' => '39',
    'module' => 'news',
    'content' => '1',
    'type' => '1',
    'displayorder' => '0',
    'status' => '1',
  ),
)

2017-01-08 19:18:53 response :
------------
Array:
FromUserName : gh_b6b2adce2b0d ;
ToUserName : o-SliwI4VmDm6kx7ff0SA0fyrrvQ ;
MsgType : news ;
ArticleCount : 1 ;
Articles : Array ;

2017-01-08 20:11:11 trace :
------------
String:
<xml><ToUserName><![CDATA[gh_4aa2a7f9b184]]></ToUserName>
<FromUserName><![CDATA[oNmJ1wc-9nkV_aGSdO-d36v9-yiw]]></FromUserName>
<CreateTime>1483877471</CreateTime>
<MsgType><![CDATA[event]]></MsgType>
<Event><![CDATA[VIEW]]></Event>
<EventKey><![CDATA[http://www.9kpu.com/app/index.php?i=44&c=entry&eid=2]]></EventKey>
<MenuId>416162594</MenuId>
</xml>

2017-01-08 20:11:11 params :
------------
String:
array (
  'rule' => -2,
  'module' => '',
  'message' => 
  array (
    'tousername' => 'gh_4aa2a7f9b184',
    'fromusername' => 'oNmJ1wc-9nkV_aGSdO-d36v9-yiw',
    'createtime' => '1483877471',
    'msgtype' => 'event',
    'event' => 'VIEW',
    'eventkey' => 'http://www.9kpu.com/app/index.php?i=44&c=entry&eid=2',
    'menuid' => '416162594',
    'from' => 'oNmJ1wc-9nkV_aGSdO-d36v9-yiw',
    'to' => 'gh_4aa2a7f9b184',
    'time' => '1483877471',
    'type' => 'text',
    'content' => 'http://www.9kpu.com/app/index.php?i=44&c=entry&eid=2',
    'redirection' => true,
    'source' => 'VIEW',
  ),
)

2017-01-08 20:11:11 response :
------------

2017-01-08 20:11:15 trace :
------------
String:
<xml><ToUserName><![CDATA[gh_4aa2a7f9b184]]></ToUserName>
<FromUserName><![CDATA[oNmJ1wc-9nkV_aGSdO-d36v9-yiw]]></FromUserName>
<CreateTime>1483877475</CreateTime>
<MsgType><![CDATA[event]]></MsgType>
<Event><![CDATA[VIEW]]></Event>
<EventKey><![CDATA[http://www.9kpu.com/app/index.php?i=44&c=home&]]></EventKey>
<MenuId>416162594</MenuId>
</xml>

2017-01-08 20:11:15 params :
------------
String:
array (
  'rule' => -2,
  'module' => '',
  'message' => 
  array (
    'tousername' => 'gh_4aa2a7f9b184',
    'fromusername' => 'oNmJ1wc-9nkV_aGSdO-d36v9-yiw',
    'createtime' => '1483877475',
    'msgtype' => 'event',
    'event' => 'VIEW',
    'eventkey' => 'http://www.9kpu.com/app/index.php?i=44&c=home&',
    'menuid' => '416162594',
    'from' => 'oNmJ1wc-9nkV_aGSdO-d36v9-yiw',
    'to' => 'gh_4aa2a7f9b184',
    'time' => '1483877475',
    'type' => 'text',
    'content' => 'http://www.9kpu.com/app/index.php?i=44&c=home&',
    'redirection' => true,
    'source' => 'VIEW',
  ),
)

2017-01-08 20:11:15 response :
------------

2017-01-08 20:11:27 trace :
------------
String:
<xml><ToUserName><![CDATA[gh_4aa2a7f9b184]]></ToUserName>
<FromUserName><![CDATA[oNmJ1wc-9nkV_aGSdO-d36v9-yiw]]></FromUserName>
<CreateTime>1483877487</CreateTime>
<MsgType><![CDATA[event]]></MsgType>
<Event><![CDATA[VIEW]]></Event>
<EventKey><![CDATA[http://www.9kpu.com/app/index.php?i=44&c=entry&eid=1]]></EventKey>
<MenuId>416162594</MenuId>
</xml>

2017-01-08 20:11:27 params :
------------
String:
array (
  'rule' => -2,
  'module' => '',
  'message' => 
  array (
    'tousername' => 'gh_4aa2a7f9b184',
    'fromusername' => 'oNmJ1wc-9nkV_aGSdO-d36v9-yiw',
    'createtime' => '1483877487',
    'msgtype' => 'event',
    'event' => 'VIEW',
    'eventkey' => 'http://www.9kpu.com/app/index.php?i=44&c=entry&eid=1',
    'menuid' => '416162594',
    'from' => 'oNmJ1wc-9nkV_aGSdO-d36v9-yiw',
    'to' => 'gh_4aa2a7f9b184',
    'time' => '1483877487',
    'type' => 'text',
    'content' => 'http://www.9kpu.com/app/index.php?i=44&c=entry&eid=1',
    'redirection' => true,
    'source' => 'VIEW',
  ),
)

2017-01-08 20:11:27 response :
------------

2017-01-08 20:11:52 trace :
------------
String:
<xml><ToUserName><![CDATA[gh_4aa2a7f9b184]]></ToUserName>
<FromUserName><![CDATA[oNmJ1wc-9nkV_aGSdO-d36v9-yiw]]></FromUserName>
<CreateTime>1483877512</CreateTime>
<MsgType><![CDATA[event]]></MsgType>
<Event><![CDATA[VIEW]]></Event>
<EventKey><![CDATA[http://www.9kpu.com/app/index.php?i=44&c=entry&eid=2]]></EventKey>
<MenuId>416162594</MenuId>
</xml>

2017-01-08 20:11:52 params :
------------
String:
array (
  'rule' => -2,
  'module' => '',
  'message' => 
  array (
    'tousername' => 'gh_4aa2a7f9b184',
    'fromusername' => 'oNmJ1wc-9nkV_aGSdO-d36v9-yiw',
    'createtime' => '1483877512',
    'msgtype' => 'event',
    'event' => 'VIEW',
    'eventkey' => 'http://www.9kpu.com/app/index.php?i=44&c=entry&eid=2',
    'menuid' => '416162594',
    'from' => 'oNmJ1wc-9nkV_aGSdO-d36v9-yiw',
    'to' => 'gh_4aa2a7f9b184',
    'time' => '1483877512',
    'type' => 'text',
    'content' => 'http://www.9kpu.com/app/index.php?i=44&c=entry&eid=2',
    'redirection' => true,
    'source' => 'VIEW',
  ),
)

2017-01-08 20:11:52 response :
------------

2017-01-08 20:11:55 trace :
------------
String:
<xml><ToUserName><![CDATA[gh_4aa2a7f9b184]]></ToUserName>
<FromUserName><![CDATA[oNmJ1wc-9nkV_aGSdO-d36v9-yiw]]></FromUserName>
<CreateTime>1483877515</CreateTime>
<MsgType><![CDATA[event]]></MsgType>
<Event><![CDATA[VIEW]]></Event>
<EventKey><![CDATA[http://www.9kpu.com/app/index.php?i=44&c=entry&eid=1]]></EventKey>
<MenuId>416162594</MenuId>
</xml>

2017-01-08 20:11:55 params :
------------
String:
array (
  'rule' => -2,
  'module' => '',
  'message' => 
  array (
    'tousername' => 'gh_4aa2a7f9b184',
    'fromusername' => 'oNmJ1wc-9nkV_aGSdO-d36v9-yiw',
    'createtime' => '1483877515',
    'msgtype' => 'event',
    'event' => 'VIEW',
    'eventkey' => 'http://www.9kpu.com/app/index.php?i=44&c=entry&eid=1',
    'menuid' => '416162594',
    'from' => 'oNmJ1wc-9nkV_aGSdO-d36v9-yiw',
    'to' => 'gh_4aa2a7f9b184',
    'time' => '1483877515',
    'type' => 'text',
    'content' => 'http://www.9kpu.com/app/index.php?i=44&c=entry&eid=1',
    'redirection' => true,
    'source' => 'VIEW',
  ),
)

2017-01-08 20:11:55 response :
------------

2017-01-08 20:54:59 trace :
------------
String:
<xml><ToUserName><![CDATA[gh_ad1abe4f841e]]></ToUserName>
<FromUserName><![CDATA[oF5iMv_0pJdqMMbIZOhmFiPdG3hQ]]></FromUserName>
<CreateTime>1483880099</CreateTime>
<MsgType><![CDATA[event]]></MsgType>
<Event><![CDATA[VIEW]]></Event>
<EventKey><![CDATA[http://www.9kpu.com/app/index.php?i=41&c=entry&eid=2]]></EventKey>
<MenuId>409163649</MenuId>
</xml>

2017-01-08 20:54:59 params :
------------
String:
array (
  'message' => 
  array (
    'tousername' => 'gh_ad1abe4f841e',
    'fromusername' => 'oF5iMv_0pJdqMMbIZOhmFiPdG3hQ',
    'createtime' => '1483880099',
    'msgtype' => 'event',
    'event' => 'VIEW',
    'eventkey' => 'http://www.9kpu.com/app/index.php?i=41&c=entry&eid=2',
    'menuid' => '409163649',
    'from' => 'oF5iMv_0pJdqMMbIZOhmFiPdG3hQ',
    'to' => 'gh_ad1abe4f841e',
    'time' => '1483880099',
    'type' => 'text',
    'content' => '1',
    'redirection' => true,
    'source' => 'default',
    'original' => 'http://www.9kpu.com/app/index.php?i=41&c=entry&eid=2',
  ),
  'module' => 'news',
  'rule' => '93',
  'priority' => '0',
  'keyword' => 
  array (
    'id' => '197',
    'rid' => '93',
    'uniacid' => '41',
    'module' => 'news',
    'content' => '1',
    'type' => '1',
    'displayorder' => '0',
    'status' => '1',
  ),
)

2017-01-08 20:54:59 response :
------------
Array:
FromUserName : gh_ad1abe4f841e ;
ToUserName : oF5iMv_0pJdqMMbIZOhmFiPdG3hQ ;
MsgType : news ;
ArticleCount : 1 ;
Articles : Array ;

2017-01-08 20:55:06 trace :
------------
String:
<xml><ToUserName><![CDATA[gh_ad1abe4f841e]]></ToUserName>
<FromUserName><![CDATA[oF5iMv_0pJdqMMbIZOhmFiPdG3hQ]]></FromUserName>
<CreateTime>1483880106</CreateTime>
<MsgType><![CDATA[event]]></MsgType>
<Event><![CDATA[VIEW]]></Event>
<EventKey><![CDATA[http://www.9kpu.com/app/index.php?i=41&c=home&]]></EventKey>
<MenuId>409163649</MenuId>
</xml>

2017-01-08 20:55:06 params :
------------
String:
array (
  'message' => 
  array (
    'tousername' => 'gh_ad1abe4f841e',
    'fromusername' => 'oF5iMv_0pJdqMMbIZOhmFiPdG3hQ',
    'createtime' => '1483880106',
    'msgtype' => 'event',
    'event' => 'VIEW',
    'eventkey' => 'http://www.9kpu.com/app/index.php?i=41&c=home&',
    'menuid' => '409163649',
    'from' => 'oF5iMv_0pJdqMMbIZOhmFiPdG3hQ',
    'to' => 'gh_ad1abe4f841e',
    'time' => '1483880106',
    'type' => 'text',
    'content' => '1',
    'redirection' => true,
    'source' => 'default',
    'original' => 'http://www.9kpu.com/app/index.php?i=41&c=home&',
  ),
  'module' => 'news',
  'rule' => '93',
  'priority' => '0',
  'keyword' => 
  array (
    'id' => '197',
    'rid' => '93',
    'uniacid' => '41',
    'module' => 'news',
    'content' => '1',
    'type' => '1',
    'displayorder' => '0',
    'status' => '1',
  ),
)

2017-01-08 20:55:06 response :
------------
Array:
FromUserName : gh_ad1abe4f841e ;
ToUserName : oF5iMv_0pJdqMMbIZOhmFiPdG3hQ ;
MsgType : news ;
ArticleCount : 1 ;
Articles : Array ;

2017-01-08 20:55:34 trace :
------------
String:
<xml><ToUserName><![CDATA[gh_ad1abe4f841e]]></ToUserName>
<FromUserName><![CDATA[oF5iMv_0pJdqMMbIZOhmFiPdG3hQ]]></FromUserName>
<CreateTime>1483880134</CreateTime>
<MsgType><![CDATA[event]]></MsgType>
<Event><![CDATA[VIEW]]></Event>
<EventKey><![CDATA[http://www.9kpu.com/app/index.php?i=41&c=home&]]></EventKey>
<MenuId>409163649</MenuId>
</xml>

2017-01-08 20:55:34 params :
------------
String:
array (
  'message' => 
  array (
    'tousername' => 'gh_ad1abe4f841e',
    'fromusername' => 'oF5iMv_0pJdqMMbIZOhmFiPdG3hQ',
    'createtime' => '1483880134',
    'msgtype' => 'event',
    'event' => 'VIEW',
    'eventkey' => 'http://www.9kpu.com/app/index.php?i=41&c=home&',
    'menuid' => '409163649',
    'from' => 'oF5iMv_0pJdqMMbIZOhmFiPdG3hQ',
    'to' => 'gh_ad1abe4f841e',
    'time' => '1483880134',
    'type' => 'text',
    'content' => '1',
    'redirection' => true,
    'source' => 'default',
    'original' => 'http://www.9kpu.com/app/index.php?i=41&c=home&',
  ),
  'module' => 'news',
  'rule' => '93',
  'priority' => '0',
  'keyword' => 
  array (
    'id' => '197',
    'rid' => '93',
    'uniacid' => '41',
    'module' => 'news',
    'content' => '1',
    'type' => '1',
    'displayorder' => '0',
    'status' => '1',
  ),
)

2017-01-08 20:55:34 response :
------------
Array:
FromUserName : gh_ad1abe4f841e ;
ToUserName : oF5iMv_0pJdqMMbIZOhmFiPdG3hQ ;
MsgType : news ;
ArticleCount : 1 ;
Articles : Array ;

2017-01-08 21:05:02 trace :
------------
String:
<xml><ToUserName><![CDATA[gh_9046d2e226a2]]></ToUserName>
<FromUserName><![CDATA[oKlYowWZw7FdfMrj2UOWWPYoFdqQ]]></FromUserName>
<CreateTime>1483880702</CreateTime>
<MsgType><![CDATA[event]]></MsgType>
<Event><![CDATA[VIEW]]></Event>
<EventKey><![CDATA[http://www.9kpu.com/app/index.php?i=35&c=entry&eid=1]]></EventKey>
<MenuId>412080054</MenuId>
</xml>

2017-01-08 21:05:02 params :
------------
String:
array (
  'message' => 
  array (
    'tousername' => 'gh_9046d2e226a2',
    'fromusername' => 'oKlYowWZw7FdfMrj2UOWWPYoFdqQ',
    'createtime' => '1483880702',
    'msgtype' => 'event',
    'event' => 'VIEW',
    'eventkey' => 'http://www.9kpu.com/app/index.php?i=35&c=entry&eid=1',
    'menuid' => '412080054',
    'from' => 'oKlYowWZw7FdfMrj2UOWWPYoFdqQ',
    'to' => 'gh_9046d2e226a2',
    'time' => '1483880702',
    'type' => 'text',
    'content' => '1',
    'redirection' => true,
    'source' => 'default',
    'original' => 'http://www.9kpu.com/app/index.php?i=35&c=entry&eid=1',
  ),
  'module' => 'news',
  'rule' => '64',
  'priority' => '0',
  'keyword' => 
  array (
    'id' => '119',
    'rid' => '64',
    'uniacid' => '35',
    'module' => 'news',
    'content' => '1',
    'type' => '1',
    'displayorder' => '0',
    'status' => '1',
  ),
)

2017-01-08 21:05:02 response :
------------
Array:
FromUserName : gh_9046d2e226a2 ;
ToUserName : oKlYowWZw7FdfMrj2UOWWPYoFdqQ ;
MsgType : news ;
ArticleCount : 1 ;
Articles : Array ;

2017-01-08 21:06:09 trace :
------------
String:
<xml><ToUserName><![CDATA[gh_b6b2adce2b0d]]></ToUserName>
<FromUserName><![CDATA[o-SliwBhOWWJmsKfCRdIxR2Sy3EA]]></FromUserName>
<CreateTime>1483880769</CreateTime>
<MsgType><![CDATA[event]]></MsgType>
<Event><![CDATA[VIEW]]></Event>
<EventKey><![CDATA[http://www.9kpu.com/app/index.php?i=39&c=entry&eid=2]]></EventKey>
<MenuId>408723140</MenuId>
</xml>

2017-01-08 21:06:09 params :
------------
String:
array (
  'message' => 
  array (
    'tousername' => 'gh_b6b2adce2b0d',
    'fromusername' => 'o-SliwBhOWWJmsKfCRdIxR2Sy3EA',
    'createtime' => '1483880769',
    'msgtype' => 'event',
    'event' => 'VIEW',
    'eventkey' => 'http://www.9kpu.com/app/index.php?i=39&c=entry&eid=2',
    'menuid' => '408723140',
    'from' => 'o-SliwBhOWWJmsKfCRdIxR2Sy3EA',
    'to' => 'gh_b6b2adce2b0d',
    'time' => '1483880769',
    'type' => 'text',
    'content' => '1',
    'redirection' => true,
    'source' => 'default',
    'original' => 'http://www.9kpu.com/app/index.php?i=39&c=entry&eid=2',
  ),
  'module' => 'news',
  'rule' => '73',
  'priority' => '0',
  'keyword' => 
  array (
    'id' => '156',
    'rid' => '73',
    'uniacid' => '39',
    'module' => 'news',
    'content' => '1',
    'type' => '1',
    'displayorder' => '0',
    'status' => '1',
  ),
)

2017-01-08 21:06:09 response :
------------
Array:
FromUserName : gh_b6b2adce2b0d ;
ToUserName : o-SliwBhOWWJmsKfCRdIxR2Sy3EA ;
MsgType : news ;
ArticleCount : 1 ;
Articles : Array ;

2017-01-08 21:06:44 trace :
------------
String:
<xml><ToUserName><![CDATA[gh_b6b2adce2b0d]]></ToUserName>
<FromUserName><![CDATA[o-SliwBhOWWJmsKfCRdIxR2Sy3EA]]></FromUserName>
<CreateTime>1483880804</CreateTime>
<MsgType><![CDATA[event]]></MsgType>
<Event><![CDATA[VIEW]]></Event>
<EventKey><![CDATA[http://www.9kpu.com/app/index.php?i=39&c=entry&eid=1]]></EventKey>
<MenuId>408723140</MenuId>
</xml>

2017-01-08 21:06:44 params :
------------
String:
array (
  'message' => 
  array (
    'tousername' => 'gh_b6b2adce2b0d',
    'fromusername' => 'o-SliwBhOWWJmsKfCRdIxR2Sy3EA',
    'createtime' => '1483880804',
    'msgtype' => 'event',
    'event' => 'VIEW',
    'eventkey' => 'http://www.9kpu.com/app/index.php?i=39&c=entry&eid=1',
    'menuid' => '408723140',
    'from' => 'o-SliwBhOWWJmsKfCRdIxR2Sy3EA',
    'to' => 'gh_b6b2adce2b0d',
    'time' => '1483880804',
    'type' => 'text',
    'content' => '1',
    'redirection' => true,
    'source' => 'default',
    'original' => 'http://www.9kpu.com/app/index.php?i=39&c=entry&eid=1',
  ),
  'module' => 'news',
  'rule' => '73',
  'priority' => '0',
  'keyword' => 
  array (
    'id' => '156',
    'rid' => '73',
    'uniacid' => '39',
    'module' => 'news',
    'content' => '1',
    'type' => '1',
    'displayorder' => '0',
    'status' => '1',
  ),
)

2017-01-08 21:06:44 response :
------------
Array:
FromUserName : gh_b6b2adce2b0d ;
ToUserName : o-SliwBhOWWJmsKfCRdIxR2Sy3EA ;
MsgType : news ;
ArticleCount : 1 ;
Articles : Array ;

2017-01-08 21:35:45 trace :
------------
String:
<xml><ToUserName><![CDATA[gh_e7a0c8306261]]></ToUserName>
<FromUserName><![CDATA[oRj-Fs6AxZlT4wPVJPs_cr5T0SBc]]></FromUserName>
<CreateTime>1483882545</CreateTime>
<MsgType><![CDATA[event]]></MsgType>
<Event><![CDATA[VIEW]]></Event>
<EventKey><![CDATA[http://www.9kpu.com/app/index.php?i=13&c=entry&eid=1]]></EventKey>
<MenuId>411010749</MenuId>
</xml>

2017-01-08 21:35:45 params :
------------
String:
array (
  'message' => 
  array (
    'tousername' => 'gh_e7a0c8306261',
    'fromusername' => 'oRj-Fs6AxZlT4wPVJPs_cr5T0SBc',
    'createtime' => '1483882545',
    'msgtype' => 'event',
    'event' => 'VIEW',
    'eventkey' => 'http://www.9kpu.com/app/index.php?i=13&c=entry&eid=1',
    'menuid' => '411010749',
    'from' => 'oRj-Fs6AxZlT4wPVJPs_cr5T0SBc',
    'to' => 'gh_e7a0c8306261',
    'time' => '1483882545',
    'type' => 'text',
    'content' => '欢迎',
    'redirection' => true,
    'source' => 'default',
    'original' => 'http://www.9kpu.com/app/index.php?i=13&c=entry&eid=1',
  ),
  'module' => 'basic',
  'rule' => '22',
  'priority' => '0',
  'keyword' => 
  array (
    'id' => '28',
    'rid' => '22',
    'uniacid' => '13',
    'module' => 'basic',
    'content' => '欢迎',
    'type' => '1',
    'displayorder' => '0',
    'status' => '1',
  ),
)

2017-01-08 21:35:45 response :
------------
Array:
FromUserName : gh_e7a0c8306261 ;
ToUserName : oRj-Fs6AxZlT4wPVJPs_cr5T0SBc ;
MsgType : text ;
Content : 欢迎关注同城学堂，点击微官网查看本学校介绍信息，家长点击学生天地绑定自己小孩信息使用，老师点击教师信息绑定自己账号使用 ;

